2024-11-14 08:17:55,523 - INFO - Loading and filtering dataset for peptide ELAGIGILTV
2024-11-14 08:17:56,272 - INFO - Processing dataset for peptide ELAGIGILTV with weight CDR2b
2024-11-14 08:17:56,275 - INFO - Processing rows 0 to 25 for swaps, peptide ELAGIGILTV, weight CDR2b
2024-11-14 08:18:03,564 - INFO - Processing rows 25 to 50 for swaps, peptide ELAGIGILTV, weight CDR2b
2024-11-14 08:18:08,448 - INFO - Processing rows 50 to 75 for swaps, peptide ELAGIGILTV, weight CDR2b
2024-11-14 08:18:12,590 - INFO - Processing rows 75 to 100 for swaps, peptide ELAGIGILTV, weight CDR2b
2024-11-14 08:18:16,955 - INFO - Processing rows 100 to 125 for swaps, peptide ELAGIGILTV, weight CDR2b
2024-11-14 08:18:21,329 - INFO - Processing rows 125 to 150 for swaps, peptide ELAGIGILTV, weight CDR2b
2024-11-14 08:18:25,271 - INFO - Processing rows 150 to 175 for swaps, peptide ELAGIGILTV, weight CDR2b
2024-11-14 08:18:29,297 - INFO - Processing rows 175 to 200 for swaps, peptide ELAGIGILTV, weight CDR2b
2024-11-14 08:18:33,097 - INFO - Processing rows 200 to 225 for swaps, peptide ELAGIGILTV, weight CDR2b
2024-11-14 08:18:36,992 - INFO - Processing rows 225 to 250 for swaps, peptide ELAGIGILTV, weight CDR2b
2024-11-14 08:18:40,745 - INFO - Processing rows 250 to 275 for swaps, peptide ELAGIGILTV, weight CDR2b
2024-11-14 08:18:44,388 - INFO - Processing rows 275 to 300 for swaps, peptide ELAGIGILTV, weight CDR2b
2024-11-14 08:18:48,298 - INFO - Processing rows 300 to 325 for swaps, peptide ELAGIGILTV, weight CDR2b
2024-11-14 08:18:51,958 - INFO - Processing rows 325 to 350 for swaps, peptide ELAGIGILTV, weight CDR2b
2024-11-14 08:18:55,540 - INFO - Processing rows 350 to 375 for swaps, peptide ELAGIGILTV, weight CDR2b
2024-11-14 08:18:59,247 - INFO - Processing rows 375 to 400 for swaps, peptide ELAGIGILTV, weight CDR2b
2024-11-14 08:19:02,886 - INFO - Processing rows 400 to 425 for swaps, peptide ELAGIGILTV, weight CDR2b
2024-11-14 08:19:06,468 - INFO - Processing rows 425 to 450 for swaps, peptide ELAGIGILTV, weight CDR2b
2024-11-14 08:19:10,094 - INFO - Processing rows 450 to 475 for swaps, peptide ELAGIGILTV, weight CDR2b
2024-11-14 08:19:13,744 - INFO - Processing rows 475 to 500 for swaps, peptide ELAGIGILTV, weight CDR2b
2024-11-14 08:19:17,133 - INFO - Processing rows 500 to 525 for swaps, peptide ELAGIGILTV, weight CDR2b
2024-11-14 08:19:20,636 - INFO - Processing rows 525 to 550 for swaps, peptide ELAGIGILTV, weight CDR2b
2024-11-14 08:19:24,129 - INFO - Processing rows 550 to 575 for swaps, peptide ELAGIGILTV, weight CDR2b
2024-11-14 08:19:27,492 - INFO - Processing rows 575 to 600 for swaps, peptide ELAGIGILTV, weight CDR2b
2024-11-14 08:19:31,005 - INFO - Processing rows 600 to 625 for swaps, peptide ELAGIGILTV, weight CDR2b
2024-11-14 08:19:34,452 - INFO - Processing rows 625 to 650 for swaps, peptide ELAGIGILTV, weight CDR2b
2024-11-14 08:19:37,858 - INFO - Processing rows 650 to 675 for swaps, peptide ELAGIGILTV, weight CDR2b
2024-11-14 08:19:41,280 - INFO - Processing rows 675 to 700 for swaps, peptide ELAGIGILTV, weight CDR2b
2024-11-14 08:19:45,242 - INFO - Processing rows 700 to 725 for swaps, peptide ELAGIGILTV, weight CDR2b
2024-11-14 08:19:51,747 - INFO - Processing rows 725 to 750 for swaps, peptide ELAGIGILTV, weight CDR2b
2024-11-14 08:19:58,249 - INFO - Processing rows 750 to 775 for swaps, peptide ELAGIGILTV, weight CDR2b
2024-11-14 08:20:04,121 - INFO - Processing rows 775 to 800 for swaps, peptide ELAGIGILTV, weight CDR2b
2024-11-14 08:20:10,710 - INFO - Processing rows 800 to 825 for swaps, peptide ELAGIGILTV, weight CDR2b
2024-11-14 08:20:17,135 - INFO - Processing rows 825 to 850 for swaps, peptide ELAGIGILTV, weight CDR2b
2024-11-14 08:20:23,624 - INFO - Processing rows 850 to 875 for swaps, peptide ELAGIGILTV, weight CDR2b
2024-11-14 08:20:30,084 - INFO - Processing rows 875 to 900 for swaps, peptide ELAGIGILTV, weight CDR2b
2024-11-14 08:20:36,464 - INFO - Processing rows 900 to 925 for swaps, peptide ELAGIGILTV, weight CDR2b
2024-11-14 08:20:42,741 - INFO - Processing rows 925 to 950 for swaps, peptide ELAGIGILTV, weight CDR2b
2024-11-14 08:20:48,936 - INFO - Processing rows 950 to 975 for swaps, peptide ELAGIGILTV, weight CDR2b
2024-11-14 08:20:55,144 - INFO - Processing rows 975 to 1000 for swaps, peptide ELAGIGILTV, weight CDR2b
2024-11-14 08:21:01,435 - INFO - Processing rows 1000 to 1025 for swaps, peptide ELAGIGILTV, weight CDR2b
2024-11-14 08:21:07,631 - INFO - Processing rows 1025 to 1050 for swaps, peptide ELAGIGILTV, weight CDR2b
2024-11-14 08:21:13,712 - INFO - Processing rows 1050 to 1075 for swaps, peptide ELAGIGILTV, weight CDR2b
2024-11-14 08:21:19,787 - INFO - Processing rows 1075 to 1100 for swaps, peptide ELAGIGILTV, weight CDR2b
2024-11-14 08:21:25,815 - INFO - Processing rows 1100 to 1125 for swaps, peptide ELAGIGILTV, weight CDR2b
2024-11-14 08:21:31,798 - INFO - Processing rows 1125 to 1150 for swaps, peptide ELAGIGILTV, weight CDR2b
2024-11-14 08:21:37,748 - INFO - Processing rows 1150 to 1175 for swaps, peptide ELAGIGILTV, weight CDR2b
2024-11-14 08:21:43,945 - INFO - Processing rows 1175 to 1200 for swaps, peptide ELAGIGILTV, weight CDR2b
2024-11-14 08:21:49,805 - INFO - Processing rows 1200 to 1225 for swaps, peptide ELAGIGILTV, weight CDR2b
2024-11-14 08:21:55,252 - INFO - Processing rows 1225 to 1250 for swaps, peptide ELAGIGILTV, weight CDR2b
2024-11-14 08:22:01,337 - INFO - Processing rows 1250 to 1275 for swaps, peptide ELAGIGILTV, weight CDR2b
2024-11-14 08:22:05,220 - INFO - Processing rows 1275 to 1300 for swaps, peptide ELAGIGILTV, weight CDR2b
2024-11-14 08:22:08,498 - INFO - Processing rows 1300 to 1325 for swaps, peptide ELAGIGILTV, weight CDR2b
2024-11-14 08:22:11,765 - INFO - Processing rows 1325 to 1350 for swaps, peptide ELAGIGILTV, weight CDR2b
2024-11-14 08:22:14,929 - INFO - Processing rows 1350 to 1375 for swaps, peptide ELAGIGILTV, weight CDR2b
2024-11-14 08:22:18,140 - INFO - Processing rows 1375 to 1400 for swaps, peptide ELAGIGILTV, weight CDR2b
2024-11-14 08:22:21,300 - INFO - Processing rows 1400 to 1425 for swaps, peptide ELAGIGILTV, weight CDR2b
2024-11-14 08:22:24,449 - INFO - Processing rows 1425 to 1450 for swaps, peptide ELAGIGILTV, weight CDR2b
2024-11-14 08:22:27,614 - INFO - Processing rows 1450 to 1475 for swaps, peptide ELAGIGILTV, weight CDR2b
2024-11-14 08:22:30,767 - INFO - Processing rows 1475 to 1500 for swaps, peptide ELAGIGILTV, weight CDR2b
2024-11-14 08:22:33,941 - INFO - Processing rows 1500 to 1525 for swaps, peptide ELAGIGILTV, weight CDR2b
2024-11-14 08:22:37,076 - INFO - Processing rows 1525 to 1550 for swaps, peptide ELAGIGILTV, weight CDR2b
2024-11-14 08:22:40,222 - INFO - Processing rows 1550 to 1575 for swaps, peptide ELAGIGILTV, weight CDR2b
2024-11-14 08:22:43,416 - INFO - Processing rows 1575 to 1600 for swaps, peptide ELAGIGILTV, weight CDR2b
2024-11-14 08:22:46,560 - INFO - Processing rows 1600 to 1625 for swaps, peptide ELAGIGILTV, weight CDR2b
2024-11-14 08:22:49,388 - INFO - Processing rows 1625 to 1650 for swaps, peptide ELAGIGILTV, weight CDR2b
2024-11-14 08:22:52,562 - INFO - Processing rows 1650 to 1675 for swaps, peptide ELAGIGILTV, weight CDR2b
2024-11-14 08:22:55,696 - INFO - Processing rows 1675 to 1700 for swaps, peptide ELAGIGILTV, weight CDR2b
2024-11-14 08:22:58,845 - INFO - Processing rows 1700 to 1725 for swaps, peptide ELAGIGILTV, weight CDR2b
2024-11-14 08:23:01,976 - INFO - Processing rows 1725 to 1750 for swaps, peptide ELAGIGILTV, weight CDR2b
2024-11-14 08:23:05,087 - INFO - Processing rows 1750 to 1775 for swaps, peptide ELAGIGILTV, weight CDR2b
2024-11-14 08:23:08,205 - INFO - Processing rows 1775 to 1800 for swaps, peptide ELAGIGILTV, weight CDR2b
2024-11-14 08:23:10,967 - INFO - Processing rows 1800 to 1825 for swaps, peptide ELAGIGILTV, weight CDR2b
2024-11-14 08:23:14,122 - INFO - Processing rows 1825 to 1850 for swaps, peptide ELAGIGILTV, weight CDR2b
2024-11-14 08:23:17,213 - INFO - Processing rows 1850 to 1875 for swaps, peptide ELAGIGILTV, weight CDR2b
2024-11-14 08:23:21,160 - INFO - Processing rows 1875 to 1900 for swaps, peptide ELAGIGILTV, weight CDR2b
2024-11-14 08:23:24,990 - INFO - Processing rows 1900 to 1925 for swaps, peptide ELAGIGILTV, weight CDR2b
2024-11-14 08:23:29,162 - INFO - Processing rows 1925 to 1950 for swaps, peptide ELAGIGILTV, weight CDR2b
2024-11-14 08:23:32,186 - INFO - Processing rows 1950 to 1975 for swaps, peptide ELAGIGILTV, weight CDR2b
2024-11-14 08:23:35,337 - INFO - Processing rows 1975 to 2000 for swaps, peptide ELAGIGILTV, weight CDR2b
2024-11-14 08:23:38,467 - INFO - Processing rows 2000 to 2025 for swaps, peptide ELAGIGILTV, weight CDR2b
2024-11-14 08:23:42,910 - INFO - Processing rows 2025 to 2050 for swaps, peptide ELAGIGILTV, weight CDR2b
2024-11-14 08:23:48,346 - INFO - Processing rows 2050 to 2075 for swaps, peptide ELAGIGILTV, weight CDR2b
2024-11-14 08:23:53,259 - INFO - Processing rows 2075 to 2100 for swaps, peptide ELAGIGILTV, weight CDR2b
2024-11-14 08:23:56,382 - INFO - Processing rows 2100 to 2125 for swaps, peptide ELAGIGILTV, weight CDR2b
2024-11-14 08:23:59,081 - INFO - Processing rows 2125 to 2150 for swaps, peptide ELAGIGILTV, weight CDR2b
2024-11-14 08:24:02,026 - INFO - Processing rows 2150 to 2175 for swaps, peptide ELAGIGILTV, weight CDR2b
2024-11-14 08:24:05,008 - INFO - Processing rows 2175 to 2200 for swaps, peptide ELAGIGILTV, weight CDR2b
2024-11-14 08:24:07,908 - INFO - Processing rows 2200 to 2225 for swaps, peptide ELAGIGILTV, weight CDR2b
2024-11-14 08:24:10,862 - INFO - Processing rows 2225 to 2250 for swaps, peptide ELAGIGILTV, weight CDR2b
2024-11-14 08:24:13,785 - INFO - Processing rows 2250 to 2275 for swaps, peptide ELAGIGILTV, weight CDR2b
2024-11-14 08:24:16,467 - INFO - Processing rows 2275 to 2300 for swaps, peptide ELAGIGILTV, weight CDR2b
2024-11-14 08:24:19,070 - INFO - Processing rows 2300 to 2325 for swaps, peptide ELAGIGILTV, weight CDR2b
2024-11-14 08:24:22,054 - INFO - Processing rows 2325 to 2350 for swaps, peptide ELAGIGILTV, weight CDR2b
2024-11-14 08:24:24,597 - INFO - Processing rows 2350 to 2375 for swaps, peptide ELAGIGILTV, weight CDR2b
2024-11-14 08:24:27,498 - INFO - Processing rows 2375 to 2400 for swaps, peptide ELAGIGILTV, weight CDR2b
2024-11-14 08:24:30,333 - INFO - Processing rows 2400 to 2425 for swaps, peptide ELAGIGILTV, weight CDR2b
2024-11-14 08:24:33,383 - INFO - Processing rows 2425 to 2450 for swaps, peptide ELAGIGILTV, weight CDR2b
2024-11-14 08:24:36,278 - INFO - Processing rows 2450 to 2475 for swaps, peptide ELAGIGILTV, weight CDR2b
2024-11-14 08:24:39,278 - INFO - Processing rows 2475 to 2500 for swaps, peptide ELAGIGILTV, weight CDR2b
2024-11-14 08:24:42,208 - INFO - Processing rows 2500 to 2525 for swaps, peptide ELAGIGILTV, weight CDR2b
2024-11-14 08:24:45,182 - INFO - Processing rows 2525 to 2550 for swaps, peptide ELAGIGILTV, weight CDR2b
2024-11-14 08:24:48,176 - INFO - Processing rows 2550 to 2575 for swaps, peptide ELAGIGILTV, weight CDR2b
2024-11-14 08:24:51,087 - INFO - Processing rows 2575 to 2600 for swaps, peptide ELAGIGILTV, weight CDR2b
2024-11-14 08:24:54,237 - INFO - Processing rows 2600 to 2625 for swaps, peptide ELAGIGILTV, weight CDR2b
2024-11-14 08:24:57,138 - INFO - Processing rows 2625 to 2650 for swaps, peptide ELAGIGILTV, weight CDR2b
2024-11-14 08:25:00,144 - INFO - Processing rows 2650 to 2675 for swaps, peptide ELAGIGILTV, weight CDR2b
2024-11-14 08:25:03,121 - INFO - Processing rows 2675 to 2700 for swaps, peptide ELAGIGILTV, weight CDR2b
2024-11-14 08:25:06,215 - INFO - Processing rows 2700 to 2725 for swaps, peptide ELAGIGILTV, weight CDR2b
2024-11-14 08:25:09,460 - INFO - Processing rows 2725 to 2742 for swaps, peptide ELAGIGILTV, weight CDR2b
2024-11-14 08:25:11,596 - INFO - ESM finished.. Saving file...
2024-11-14 08:30:48,780 - INFO - Saved to /net/mimer/mnt/tank/projects2/emison/language_model/27th_Oct_new_matrices/04.11_new_esm/12.11/sequence_summed_vectors_swaps_ELAGIGILTV_CDR2b.csv
