2024-11-13 19:17:19,168 - INFO - Loading and filtering dataset for peptide ELAGIGILTV
2024-11-13 19:17:19,791 - INFO - Processing dataset for peptide ELAGIGILTV with weight CDR2a
2024-11-13 19:17:19,794 - INFO - Processing rows 0 to 25 for swaps, peptide ELAGIGILTV, weight CDR2a
2024-11-13 19:17:25,237 - INFO - Processing rows 25 to 50 for swaps, peptide ELAGIGILTV, weight CDR2a
2024-11-13 19:17:30,966 - INFO - Processing rows 50 to 75 for swaps, peptide ELAGIGILTV, weight CDR2a
2024-11-13 19:17:36,669 - INFO - Processing rows 75 to 100 for swaps, peptide ELAGIGILTV, weight CDR2a
2024-11-13 19:17:42,381 - INFO - Processing rows 100 to 125 for swaps, peptide ELAGIGILTV, weight CDR2a
2024-11-13 19:17:48,114 - INFO - Processing rows 125 to 150 for swaps, peptide ELAGIGILTV, weight CDR2a
2024-11-13 19:17:53,736 - INFO - Processing rows 150 to 175 for swaps, peptide ELAGIGILTV, weight CDR2a
2024-11-13 19:17:59,237 - INFO - Processing rows 175 to 200 for swaps, peptide ELAGIGILTV, weight CDR2a
2024-11-13 19:18:04,761 - INFO - Processing rows 200 to 225 for swaps, peptide ELAGIGILTV, weight CDR2a
2024-11-13 19:18:10,261 - INFO - Processing rows 225 to 250 for swaps, peptide ELAGIGILTV, weight CDR2a
2024-11-13 19:18:15,785 - INFO - Processing rows 250 to 275 for swaps, peptide ELAGIGILTV, weight CDR2a
2024-11-13 19:18:21,286 - INFO - Processing rows 275 to 300 for swaps, peptide ELAGIGILTV, weight CDR2a
2024-11-13 19:18:26,865 - INFO - Processing rows 300 to 325 for swaps, peptide ELAGIGILTV, weight CDR2a
2024-11-13 19:18:32,618 - INFO - Processing rows 325 to 350 for swaps, peptide ELAGIGILTV, weight CDR2a
2024-11-13 19:18:38,334 - INFO - Processing rows 350 to 375 for swaps, peptide ELAGIGILTV, weight CDR2a
2024-11-13 19:18:43,934 - INFO - Processing rows 375 to 400 for swaps, peptide ELAGIGILTV, weight CDR2a
2024-11-13 19:18:49,652 - INFO - Processing rows 400 to 425 for swaps, peptide ELAGIGILTV, weight CDR2a
2024-11-13 19:18:55,289 - INFO - Processing rows 425 to 450 for swaps, peptide ELAGIGILTV, weight CDR2a
2024-11-13 19:19:00,952 - INFO - Processing rows 450 to 475 for swaps, peptide ELAGIGILTV, weight CDR2a
2024-11-13 19:19:06,557 - INFO - Processing rows 475 to 500 for swaps, peptide ELAGIGILTV, weight CDR2a
2024-11-13 19:19:12,322 - INFO - Processing rows 500 to 525 for swaps, peptide ELAGIGILTV, weight CDR2a
2024-11-13 19:19:17,921 - INFO - Processing rows 525 to 550 for swaps, peptide ELAGIGILTV, weight CDR2a
2024-11-13 19:19:23,547 - INFO - Processing rows 550 to 575 for swaps, peptide ELAGIGILTV, weight CDR2a
2024-11-13 19:19:29,167 - INFO - Processing rows 575 to 600 for swaps, peptide ELAGIGILTV, weight CDR2a
2024-11-13 19:19:34,867 - INFO - Processing rows 600 to 625 for swaps, peptide ELAGIGILTV, weight CDR2a
2024-11-13 19:19:40,466 - INFO - Processing rows 625 to 650 for swaps, peptide ELAGIGILTV, weight CDR2a
2024-11-13 19:19:46,082 - INFO - Processing rows 650 to 675 for swaps, peptide ELAGIGILTV, weight CDR2a
2024-11-13 19:19:51,589 - INFO - Processing rows 675 to 700 for swaps, peptide ELAGIGILTV, weight CDR2a
2024-11-13 19:19:57,120 - INFO - Processing rows 700 to 725 for swaps, peptide ELAGIGILTV, weight CDR2a
2024-11-13 19:20:02,623 - INFO - Processing rows 725 to 750 for swaps, peptide ELAGIGILTV, weight CDR2a
2024-11-13 19:20:08,142 - INFO - Processing rows 750 to 775 for swaps, peptide ELAGIGILTV, weight CDR2a
2024-11-13 19:20:13,651 - INFO - Processing rows 775 to 800 for swaps, peptide ELAGIGILTV, weight CDR2a
2024-11-13 19:20:19,179 - INFO - Processing rows 800 to 825 for swaps, peptide ELAGIGILTV, weight CDR2a
2024-11-13 19:20:24,677 - INFO - Processing rows 825 to 850 for swaps, peptide ELAGIGILTV, weight CDR2a
2024-11-13 19:20:30,139 - INFO - Processing rows 850 to 875 for swaps, peptide ELAGIGILTV, weight CDR2a
2024-11-13 19:20:35,581 - INFO - Processing rows 875 to 900 for swaps, peptide ELAGIGILTV, weight CDR2a
2024-11-13 19:20:41,098 - INFO - Processing rows 900 to 925 for swaps, peptide ELAGIGILTV, weight CDR2a
2024-11-13 19:20:46,640 - INFO - Processing rows 925 to 950 for swaps, peptide ELAGIGILTV, weight CDR2a
2024-11-13 19:20:52,182 - INFO - Processing rows 950 to 975 for swaps, peptide ELAGIGILTV, weight CDR2a
2024-11-13 19:20:57,671 - INFO - Processing rows 975 to 1000 for swaps, peptide ELAGIGILTV, weight CDR2a
2024-11-13 19:21:03,228 - INFO - Processing rows 1000 to 1025 for swaps, peptide ELAGIGILTV, weight CDR2a
2024-11-13 19:21:08,690 - INFO - Processing rows 1025 to 1050 for swaps, peptide ELAGIGILTV, weight CDR2a
2024-11-13 19:21:14,209 - INFO - Processing rows 1050 to 1075 for swaps, peptide ELAGIGILTV, weight CDR2a
2024-11-13 19:21:19,657 - INFO - Processing rows 1075 to 1100 for swaps, peptide ELAGIGILTV, weight CDR2a
2024-11-13 19:21:25,163 - INFO - Processing rows 1100 to 1125 for swaps, peptide ELAGIGILTV, weight CDR2a
2024-11-13 19:21:30,640 - INFO - Processing rows 1125 to 1150 for swaps, peptide ELAGIGILTV, weight CDR2a
2024-11-13 19:21:36,010 - INFO - Processing rows 1150 to 1175 for swaps, peptide ELAGIGILTV, weight CDR2a
2024-11-13 19:21:41,378 - INFO - Processing rows 1175 to 1200 for swaps, peptide ELAGIGILTV, weight CDR2a
2024-11-13 19:21:46,817 - INFO - Processing rows 1200 to 1225 for swaps, peptide ELAGIGILTV, weight CDR2a
2024-11-13 19:21:52,219 - INFO - Processing rows 1225 to 1250 for swaps, peptide ELAGIGILTV, weight CDR2a
2024-11-13 19:21:57,721 - INFO - Processing rows 1250 to 1275 for swaps, peptide ELAGIGILTV, weight CDR2a
2024-11-13 19:22:03,132 - INFO - Processing rows 1275 to 1300 for swaps, peptide ELAGIGILTV, weight CDR2a
2024-11-13 19:22:08,567 - INFO - Processing rows 1300 to 1325 for swaps, peptide ELAGIGILTV, weight CDR2a
2024-11-13 19:22:13,994 - INFO - Processing rows 1325 to 1350 for swaps, peptide ELAGIGILTV, weight CDR2a
2024-11-13 19:22:19,412 - INFO - Processing rows 1350 to 1375 for swaps, peptide ELAGIGILTV, weight CDR2a
2024-11-13 19:22:24,822 - INFO - Processing rows 1375 to 1400 for swaps, peptide ELAGIGILTV, weight CDR2a
2024-11-13 19:22:30,257 - INFO - Processing rows 1400 to 1425 for swaps, peptide ELAGIGILTV, weight CDR2a
2024-11-13 19:22:35,597 - INFO - Processing rows 1425 to 1450 for swaps, peptide ELAGIGILTV, weight CDR2a
2024-11-13 19:22:40,927 - INFO - Processing rows 1450 to 1475 for swaps, peptide ELAGIGILTV, weight CDR2a
2024-11-13 19:22:46,237 - INFO - Processing rows 1475 to 1500 for swaps, peptide ELAGIGILTV, weight CDR2a
2024-11-13 19:22:51,567 - INFO - Processing rows 1500 to 1525 for swaps, peptide ELAGIGILTV, weight CDR2a
2024-11-13 19:22:56,865 - INFO - Processing rows 1525 to 1550 for swaps, peptide ELAGIGILTV, weight CDR2a
2024-11-13 19:23:02,182 - INFO - Processing rows 1550 to 1575 for swaps, peptide ELAGIGILTV, weight CDR2a
2024-11-13 19:23:07,609 - INFO - Processing rows 1575 to 1600 for swaps, peptide ELAGIGILTV, weight CDR2a
2024-11-13 19:23:13,112 - INFO - Processing rows 1600 to 1625 for swaps, peptide ELAGIGILTV, weight CDR2a
2024-11-13 19:23:18,538 - INFO - Processing rows 1625 to 1650 for swaps, peptide ELAGIGILTV, weight CDR2a
2024-11-13 19:23:24,302 - INFO - Processing rows 1650 to 1675 for swaps, peptide ELAGIGILTV, weight CDR2a
2024-11-13 19:23:30,017 - INFO - Processing rows 1675 to 1700 for swaps, peptide ELAGIGILTV, weight CDR2a
2024-11-13 19:23:35,777 - INFO - Processing rows 1700 to 1725 for swaps, peptide ELAGIGILTV, weight CDR2a
2024-11-13 19:23:41,475 - INFO - Processing rows 1725 to 1750 for swaps, peptide ELAGIGILTV, weight CDR2a
2024-11-13 19:23:47,308 - INFO - Processing rows 1750 to 1775 for swaps, peptide ELAGIGILTV, weight CDR2a
2024-11-13 19:23:53,101 - INFO - Processing rows 1775 to 1800 for swaps, peptide ELAGIGILTV, weight CDR2a
2024-11-13 19:23:58,848 - INFO - Processing rows 1800 to 1825 for swaps, peptide ELAGIGILTV, weight CDR2a
2024-11-13 19:24:04,572 - INFO - Processing rows 1825 to 1850 for swaps, peptide ELAGIGILTV, weight CDR2a
2024-11-13 19:24:10,294 - INFO - Processing rows 1850 to 1875 for swaps, peptide ELAGIGILTV, weight CDR2a
2024-11-13 19:24:16,094 - INFO - Processing rows 1875 to 1900 for swaps, peptide ELAGIGILTV, weight CDR2a
2024-11-13 19:24:22,051 - INFO - Processing rows 1900 to 1925 for swaps, peptide ELAGIGILTV, weight CDR2a
2024-11-13 19:24:27,896 - INFO - Processing rows 1925 to 1950 for swaps, peptide ELAGIGILTV, weight CDR2a
2024-11-13 19:24:33,795 - INFO - Processing rows 1950 to 1975 for swaps, peptide ELAGIGILTV, weight CDR2a
2024-11-13 19:24:39,700 - INFO - Processing rows 1975 to 2000 for swaps, peptide ELAGIGILTV, weight CDR2a
2024-11-13 19:24:45,556 - INFO - Processing rows 2000 to 2025 for swaps, peptide ELAGIGILTV, weight CDR2a
2024-11-13 19:24:51,381 - INFO - Processing rows 2025 to 2050 for swaps, peptide ELAGIGILTV, weight CDR2a
2024-11-13 19:24:57,149 - INFO - Processing rows 2050 to 2075 for swaps, peptide ELAGIGILTV, weight CDR2a
2024-11-13 19:25:02,987 - INFO - Processing rows 2075 to 2100 for swaps, peptide ELAGIGILTV, weight CDR2a
2024-11-13 19:25:08,898 - INFO - Processing rows 2100 to 2125 for swaps, peptide ELAGIGILTV, weight CDR2a
2024-11-13 19:25:14,616 - INFO - Processing rows 2125 to 2150 for swaps, peptide ELAGIGILTV, weight CDR2a
2024-11-13 19:25:20,529 - INFO - Processing rows 2150 to 2175 for swaps, peptide ELAGIGILTV, weight CDR2a
2024-11-13 19:25:26,422 - INFO - Processing rows 2175 to 2200 for swaps, peptide ELAGIGILTV, weight CDR2a
2024-11-13 19:25:32,323 - INFO - Processing rows 2200 to 2225 for swaps, peptide ELAGIGILTV, weight CDR2a
2024-11-13 19:25:38,026 - INFO - Processing rows 2225 to 2250 for swaps, peptide ELAGIGILTV, weight CDR2a
2024-11-13 19:25:43,796 - INFO - Processing rows 2250 to 2275 for swaps, peptide ELAGIGILTV, weight CDR2a
2024-11-13 19:25:49,565 - INFO - Processing rows 2275 to 2300 for swaps, peptide ELAGIGILTV, weight CDR2a
2024-11-13 19:25:55,412 - INFO - Processing rows 2300 to 2325 for swaps, peptide ELAGIGILTV, weight CDR2a
2024-11-13 19:26:01,331 - INFO - Processing rows 2325 to 2350 for swaps, peptide ELAGIGILTV, weight CDR2a
2024-11-13 19:26:07,161 - INFO - Processing rows 2350 to 2375 for swaps, peptide ELAGIGILTV, weight CDR2a
2024-11-13 19:26:12,919 - INFO - Processing rows 2375 to 2400 for swaps, peptide ELAGIGILTV, weight CDR2a
2024-11-13 19:26:18,647 - INFO - Processing rows 2400 to 2425 for swaps, peptide ELAGIGILTV, weight CDR2a
2024-11-13 19:26:24,372 - INFO - Processing rows 2425 to 2450 for swaps, peptide ELAGIGILTV, weight CDR2a
2024-11-13 19:26:30,122 - INFO - Processing rows 2450 to 2475 for swaps, peptide ELAGIGILTV, weight CDR2a
2024-11-13 19:26:35,903 - INFO - Processing rows 2475 to 2500 for swaps, peptide ELAGIGILTV, weight CDR2a
2024-11-13 19:26:41,511 - INFO - Processing rows 2500 to 2525 for swaps, peptide ELAGIGILTV, weight CDR2a
2024-11-13 19:26:47,232 - INFO - Processing rows 2525 to 2550 for swaps, peptide ELAGIGILTV, weight CDR2a
2024-11-13 19:26:53,005 - INFO - Processing rows 2550 to 2575 for swaps, peptide ELAGIGILTV, weight CDR2a
2024-11-13 19:26:58,660 - INFO - Processing rows 2575 to 2600 for swaps, peptide ELAGIGILTV, weight CDR2a
2024-11-13 19:27:04,312 - INFO - Processing rows 2600 to 2625 for swaps, peptide ELAGIGILTV, weight CDR2a
2024-11-13 19:27:10,117 - INFO - Processing rows 2625 to 2650 for swaps, peptide ELAGIGILTV, weight CDR2a
2024-11-13 19:27:16,049 - INFO - Processing rows 2650 to 2675 for swaps, peptide ELAGIGILTV, weight CDR2a
2024-11-13 19:27:21,885 - INFO - Processing rows 2675 to 2700 for swaps, peptide ELAGIGILTV, weight CDR2a
2024-11-13 19:27:27,677 - INFO - Processing rows 2700 to 2725 for swaps, peptide ELAGIGILTV, weight CDR2a
2024-11-13 19:27:33,466 - INFO - Processing rows 2725 to 2742 for swaps, peptide ELAGIGILTV, weight CDR2a
Traceback (most recent call last):
  File "/net/mimer/mnt/tank/projects2/emison/language_model/27th_Oct_new_matrices/04.11_new_esm/12.11/run_esm_swaps.py", line 90, in <module>
    process_sequences(df_filtered, peptide, weight, "swaps")
  File "/net/mimer/mnt/tank/projects2/emison/language_model/27th_Oct_new_matrices/04.11_new_esm/12.11/run_esm_swaps.py", line 82, in process_sequences
    output_df.insert(0, "raw_index", raw_indexes)
  File "/home/projects2/emison/language_model/miniconda3/envs/esm2_emison/lib/python3.12/site-packages/pandas/core/frame.py", line 5171, in insert
    value, refs = self._sanitize_column(value)
                  ^^^^^^^^^^^^^^^^^^^^^^^^^^^^
  File "/home/projects2/emison/language_model/miniconda3/envs/esm2_emison/lib/python3.12/site-packages/pandas/core/frame.py", line 5266, in _sanitize_column
    com.require_length_match(value, self.index)
  File "/home/projects2/emison/language_model/miniconda3/envs/esm2_emison/lib/python3.12/site-packages/pandas/core/common.py", line 573, in require_length_match
    raise ValueError(
ValueError: Length of values (2742) does not match length of index (17)
