2024-11-14 08:00:10,428 - INFO - Loading and filtering dataset for peptide ELAGIGILTV
2024-11-14 08:00:10,788 - INFO - Processing dataset for peptide ELAGIGILTV with weight CDR2a
2024-11-14 08:00:10,789 - INFO - Processing rows 0 to 25 for swaps, peptide ELAGIGILTV, weight CDR2a
2024-11-14 08:00:13,326 - INFO - Processing rows 25 to 50 for swaps, peptide ELAGIGILTV, weight CDR2a
2024-11-14 08:00:15,864 - INFO - Processing rows 50 to 75 for swaps, peptide ELAGIGILTV, weight CDR2a
2024-11-14 08:00:18,424 - INFO - Processing rows 75 to 100 for swaps, peptide ELAGIGILTV, weight CDR2a
2024-11-14 08:00:20,629 - INFO - Processing rows 100 to 125 for swaps, peptide ELAGIGILTV, weight CDR2a
2024-11-14 08:00:22,656 - INFO - Processing rows 125 to 150 for swaps, peptide ELAGIGILTV, weight CDR2a
2024-11-14 08:00:24,679 - INFO - Processing rows 150 to 175 for swaps, peptide ELAGIGILTV, weight CDR2a
2024-11-14 08:00:26,669 - INFO - Processing rows 175 to 200 for swaps, peptide ELAGIGILTV, weight CDR2a
2024-11-14 08:00:28,640 - INFO - Processing rows 200 to 225 for swaps, peptide ELAGIGILTV, weight CDR2a
2024-11-14 08:00:30,647 - INFO - Processing rows 225 to 250 for swaps, peptide ELAGIGILTV, weight CDR2a
2024-11-14 08:00:32,664 - INFO - Processing rows 250 to 275 for swaps, peptide ELAGIGILTV, weight CDR2a
2024-11-14 08:00:34,706 - INFO - Processing rows 275 to 300 for swaps, peptide ELAGIGILTV, weight CDR2a
2024-11-14 08:00:36,751 - INFO - Processing rows 300 to 325 for swaps, peptide ELAGIGILTV, weight CDR2a
2024-11-14 08:00:38,770 - INFO - Processing rows 325 to 350 for swaps, peptide ELAGIGILTV, weight CDR2a
2024-11-14 08:00:40,786 - INFO - Processing rows 350 to 375 for swaps, peptide ELAGIGILTV, weight CDR2a
2024-11-14 08:00:42,850 - INFO - Processing rows 375 to 400 for swaps, peptide ELAGIGILTV, weight CDR2a
2024-11-14 08:00:44,929 - INFO - Processing rows 400 to 425 for swaps, peptide ELAGIGILTV, weight CDR2a
2024-11-14 08:00:46,959 - INFO - Processing rows 425 to 450 for swaps, peptide ELAGIGILTV, weight CDR2a
2024-11-14 08:00:48,983 - INFO - Processing rows 450 to 475 for swaps, peptide ELAGIGILTV, weight CDR2a
2024-11-14 08:00:50,995 - INFO - Processing rows 475 to 500 for swaps, peptide ELAGIGILTV, weight CDR2a
2024-11-14 08:00:53,054 - INFO - Processing rows 500 to 525 for swaps, peptide ELAGIGILTV, weight CDR2a
2024-11-14 08:00:55,081 - INFO - Processing rows 525 to 550 for swaps, peptide ELAGIGILTV, weight CDR2a
2024-11-14 08:00:57,116 - INFO - Processing rows 550 to 575 for swaps, peptide ELAGIGILTV, weight CDR2a
2024-11-14 08:00:59,169 - INFO - Processing rows 575 to 600 for swaps, peptide ELAGIGILTV, weight CDR2a
2024-11-14 08:01:01,169 - INFO - Processing rows 600 to 625 for swaps, peptide ELAGIGILTV, weight CDR2a
2024-11-14 08:01:03,190 - INFO - Processing rows 625 to 650 for swaps, peptide ELAGIGILTV, weight CDR2a
2024-11-14 08:01:05,191 - INFO - Processing rows 650 to 675 for swaps, peptide ELAGIGILTV, weight CDR2a
2024-11-14 08:01:07,205 - INFO - Processing rows 675 to 700 for swaps, peptide ELAGIGILTV, weight CDR2a
2024-11-14 08:01:09,269 - INFO - Processing rows 700 to 725 for swaps, peptide ELAGIGILTV, weight CDR2a
2024-11-14 08:01:11,288 - INFO - Processing rows 725 to 750 for swaps, peptide ELAGIGILTV, weight CDR2a
2024-11-14 08:01:13,343 - INFO - Processing rows 750 to 775 for swaps, peptide ELAGIGILTV, weight CDR2a
2024-11-14 08:01:15,408 - INFO - Processing rows 775 to 800 for swaps, peptide ELAGIGILTV, weight CDR2a
2024-11-14 08:01:17,477 - INFO - Processing rows 800 to 825 for swaps, peptide ELAGIGILTV, weight CDR2a
2024-11-14 08:01:19,579 - INFO - Processing rows 825 to 850 for swaps, peptide ELAGIGILTV, weight CDR2a
2024-11-14 08:01:21,633 - INFO - Processing rows 850 to 875 for swaps, peptide ELAGIGILTV, weight CDR2a
2024-11-14 08:01:23,702 - INFO - Processing rows 875 to 900 for swaps, peptide ELAGIGILTV, weight CDR2a
2024-11-14 08:01:25,775 - INFO - Processing rows 900 to 925 for swaps, peptide ELAGIGILTV, weight CDR2a
2024-11-14 08:01:27,832 - INFO - Processing rows 925 to 950 for swaps, peptide ELAGIGILTV, weight CDR2a
2024-11-14 08:01:29,886 - INFO - Processing rows 950 to 975 for swaps, peptide ELAGIGILTV, weight CDR2a
2024-11-14 08:01:31,940 - INFO - Processing rows 975 to 1000 for swaps, peptide ELAGIGILTV, weight CDR2a
2024-11-14 08:01:33,951 - INFO - Processing rows 1000 to 1025 for swaps, peptide ELAGIGILTV, weight CDR2a
2024-11-14 08:01:36,021 - INFO - Processing rows 1025 to 1050 for swaps, peptide ELAGIGILTV, weight CDR2a
2024-11-14 08:01:38,080 - INFO - Processing rows 1050 to 1075 for swaps, peptide ELAGIGILTV, weight CDR2a
2024-11-14 08:01:40,289 - INFO - Processing rows 1075 to 1100 for swaps, peptide ELAGIGILTV, weight CDR2a
2024-11-14 08:01:42,503 - INFO - Processing rows 1100 to 1125 for swaps, peptide ELAGIGILTV, weight CDR2a
2024-11-14 08:01:44,532 - INFO - Processing rows 1125 to 1150 for swaps, peptide ELAGIGILTV, weight CDR2a
2024-11-14 08:01:46,639 - INFO - Processing rows 1150 to 1175 for swaps, peptide ELAGIGILTV, weight CDR2a
2024-11-14 08:01:48,639 - INFO - Processing rows 1175 to 1200 for swaps, peptide ELAGIGILTV, weight CDR2a
2024-11-14 08:01:50,717 - INFO - Processing rows 1200 to 1225 for swaps, peptide ELAGIGILTV, weight CDR2a
2024-11-14 08:01:52,713 - INFO - Processing rows 1225 to 1250 for swaps, peptide ELAGIGILTV, weight CDR2a
2024-11-14 08:01:54,777 - INFO - Processing rows 1250 to 1275 for swaps, peptide ELAGIGILTV, weight CDR2a
2024-11-14 08:01:56,806 - INFO - Processing rows 1275 to 1300 for swaps, peptide ELAGIGILTV, weight CDR2a
2024-11-14 08:01:58,869 - INFO - Processing rows 1300 to 1325 for swaps, peptide ELAGIGILTV, weight CDR2a
2024-11-14 08:02:00,899 - INFO - Processing rows 1325 to 1350 for swaps, peptide ELAGIGILTV, weight CDR2a
2024-11-14 08:02:03,008 - INFO - Processing rows 1350 to 1375 for swaps, peptide ELAGIGILTV, weight CDR2a
2024-11-14 08:02:05,049 - INFO - Processing rows 1375 to 1400 for swaps, peptide ELAGIGILTV, weight CDR2a
2024-11-14 08:02:07,150 - INFO - Processing rows 1400 to 1425 for swaps, peptide ELAGIGILTV, weight CDR2a
2024-11-14 08:02:09,227 - INFO - Processing rows 1425 to 1450 for swaps, peptide ELAGIGILTV, weight CDR2a
2024-11-14 08:02:11,338 - INFO - Processing rows 1450 to 1475 for swaps, peptide ELAGIGILTV, weight CDR2a
2024-11-14 08:02:13,430 - INFO - Processing rows 1475 to 1500 for swaps, peptide ELAGIGILTV, weight CDR2a
2024-11-14 08:02:15,504 - INFO - Processing rows 1500 to 1525 for swaps, peptide ELAGIGILTV, weight CDR2a
2024-11-14 08:02:17,557 - INFO - Processing rows 1525 to 1550 for swaps, peptide ELAGIGILTV, weight CDR2a
2024-11-14 08:02:19,630 - INFO - Processing rows 1550 to 1575 for swaps, peptide ELAGIGILTV, weight CDR2a
2024-11-14 08:02:21,712 - INFO - Processing rows 1575 to 1600 for swaps, peptide ELAGIGILTV, weight CDR2a
2024-11-14 08:02:23,772 - INFO - Processing rows 1600 to 1625 for swaps, peptide ELAGIGILTV, weight CDR2a
2024-11-14 08:02:25,825 - INFO - Processing rows 1625 to 1650 for swaps, peptide ELAGIGILTV, weight CDR2a
2024-11-14 08:02:27,886 - INFO - Processing rows 1650 to 1675 for swaps, peptide ELAGIGILTV, weight CDR2a
2024-11-14 08:02:29,937 - INFO - Processing rows 1675 to 1700 for swaps, peptide ELAGIGILTV, weight CDR2a
2024-11-14 08:02:31,983 - INFO - Processing rows 1700 to 1725 for swaps, peptide ELAGIGILTV, weight CDR2a
2024-11-14 08:02:34,034 - INFO - Processing rows 1725 to 1750 for swaps, peptide ELAGIGILTV, weight CDR2a
2024-11-14 08:02:36,046 - INFO - Processing rows 1750 to 1775 for swaps, peptide ELAGIGILTV, weight CDR2a
2024-11-14 08:02:38,123 - INFO - Processing rows 1775 to 1800 for swaps, peptide ELAGIGILTV, weight CDR2a
2024-11-14 08:02:40,165 - INFO - Processing rows 1800 to 1825 for swaps, peptide ELAGIGILTV, weight CDR2a
2024-11-14 08:02:42,168 - INFO - Processing rows 1825 to 1850 for swaps, peptide ELAGIGILTV, weight CDR2a
2024-11-14 08:02:44,235 - INFO - Processing rows 1850 to 1875 for swaps, peptide ELAGIGILTV, weight CDR2a
2024-11-14 08:02:46,282 - INFO - Processing rows 1875 to 1900 for swaps, peptide ELAGIGILTV, weight CDR2a
2024-11-14 08:02:48,331 - INFO - Processing rows 1900 to 1925 for swaps, peptide ELAGIGILTV, weight CDR2a
2024-11-14 08:02:50,373 - INFO - Processing rows 1925 to 1950 for swaps, peptide ELAGIGILTV, weight CDR2a
2024-11-14 08:02:52,441 - INFO - Processing rows 1950 to 1975 for swaps, peptide ELAGIGILTV, weight CDR2a
2024-11-14 08:02:54,485 - INFO - Processing rows 1975 to 2000 for swaps, peptide ELAGIGILTV, weight CDR2a
2024-11-14 08:02:56,561 - INFO - Processing rows 2000 to 2025 for swaps, peptide ELAGIGILTV, weight CDR2a
2024-11-14 08:02:58,599 - INFO - Processing rows 2025 to 2050 for swaps, peptide ELAGIGILTV, weight CDR2a
2024-11-14 08:03:00,664 - INFO - Processing rows 2050 to 2075 for swaps, peptide ELAGIGILTV, weight CDR2a
2024-11-14 08:03:02,742 - INFO - Processing rows 2075 to 2100 for swaps, peptide ELAGIGILTV, weight CDR2a
2024-11-14 08:03:04,833 - INFO - Processing rows 2100 to 2125 for swaps, peptide ELAGIGILTV, weight CDR2a
2024-11-14 08:03:06,874 - INFO - Processing rows 2125 to 2150 for swaps, peptide ELAGIGILTV, weight CDR2a
2024-11-14 08:03:08,886 - INFO - Processing rows 2150 to 2175 for swaps, peptide ELAGIGILTV, weight CDR2a
2024-11-14 08:03:10,921 - INFO - Processing rows 2175 to 2200 for swaps, peptide ELAGIGILTV, weight CDR2a
2024-11-14 08:03:12,987 - INFO - Processing rows 2200 to 2225 for swaps, peptide ELAGIGILTV, weight CDR2a
2024-11-14 08:03:15,034 - INFO - Processing rows 2225 to 2250 for swaps, peptide ELAGIGILTV, weight CDR2a
2024-11-14 08:03:17,072 - INFO - Processing rows 2250 to 2275 for swaps, peptide ELAGIGILTV, weight CDR2a
2024-11-14 08:03:19,097 - INFO - Processing rows 2275 to 2300 for swaps, peptide ELAGIGILTV, weight CDR2a
2024-11-14 08:03:21,152 - INFO - Processing rows 2300 to 2325 for swaps, peptide ELAGIGILTV, weight CDR2a
2024-11-14 08:03:23,206 - INFO - Processing rows 2325 to 2350 for swaps, peptide ELAGIGILTV, weight CDR2a
2024-11-14 08:03:25,265 - INFO - Processing rows 2350 to 2375 for swaps, peptide ELAGIGILTV, weight CDR2a
2024-11-14 08:03:27,286 - INFO - Processing rows 2375 to 2400 for swaps, peptide ELAGIGILTV, weight CDR2a
2024-11-14 08:03:29,328 - INFO - Processing rows 2400 to 2425 for swaps, peptide ELAGIGILTV, weight CDR2a
2024-11-14 08:03:31,338 - INFO - Processing rows 2425 to 2450 for swaps, peptide ELAGIGILTV, weight CDR2a
2024-11-14 08:03:33,371 - INFO - Processing rows 2450 to 2475 for swaps, peptide ELAGIGILTV, weight CDR2a
2024-11-14 08:03:35,404 - INFO - Processing rows 2475 to 2500 for swaps, peptide ELAGIGILTV, weight CDR2a
2024-11-14 08:03:37,425 - INFO - Processing rows 2500 to 2525 for swaps, peptide ELAGIGILTV, weight CDR2a
2024-11-14 08:03:39,473 - INFO - Processing rows 2525 to 2550 for swaps, peptide ELAGIGILTV, weight CDR2a
2024-11-14 08:03:41,516 - INFO - Processing rows 2550 to 2575 for swaps, peptide ELAGIGILTV, weight CDR2a
2024-11-14 08:03:43,583 - INFO - Processing rows 2575 to 2600 for swaps, peptide ELAGIGILTV, weight CDR2a
2024-11-14 08:03:45,600 - INFO - Processing rows 2600 to 2625 for swaps, peptide ELAGIGILTV, weight CDR2a
2024-11-14 08:03:47,632 - INFO - Processing rows 2625 to 2650 for swaps, peptide ELAGIGILTV, weight CDR2a
2024-11-14 08:03:49,632 - INFO - Processing rows 2650 to 2675 for swaps, peptide ELAGIGILTV, weight CDR2a
2024-11-14 08:03:51,602 - INFO - Processing rows 2675 to 2700 for swaps, peptide ELAGIGILTV, weight CDR2a
2024-11-14 08:03:53,664 - INFO - Processing rows 2700 to 2725 for swaps, peptide ELAGIGILTV, weight CDR2a
2024-11-14 08:03:55,651 - INFO - Processing rows 2725 to 2742 for swaps, peptide ELAGIGILTV, weight CDR2a
Traceback (most recent call last):
  File "/net/mimer/mnt/tank/projects2/emison/language_model/27th_Oct_new_matrices/04.11_new_esm/12.11/run_esm_swaps.py", line 90, in <module>
    process_sequences(df_filtered, peptide, weight, "swaps")
  File "/net/mimer/mnt/tank/projects2/emison/language_model/27th_Oct_new_matrices/04.11_new_esm/12.11/run_esm_swaps.py", line 82, in process_sequences
    output_df.insert(0, "raw_index", raw_indexes)
  File "/home/projects2/emison/language_model/miniconda3/envs/esm2_emison/lib/python3.12/site-packages/pandas/core/frame.py", line 5171, in insert
    value, refs = self._sanitize_column(value)
                  ^^^^^^^^^^^^^^^^^^^^^^^^^^^^
  File "/home/projects2/emison/language_model/miniconda3/envs/esm2_emison/lib/python3.12/site-packages/pandas/core/frame.py", line 5266, in _sanitize_column
    com.require_length_match(value, self.index)
  File "/home/projects2/emison/language_model/miniconda3/envs/esm2_emison/lib/python3.12/site-packages/pandas/core/common.py", line 573, in require_length_match
    raise ValueError(
ValueError: Length of values (2742) does not match length of index (17)
