2024-11-14 08:17:55,440 - INFO - Loading and filtering dataset for peptide ELAGIGILTV
2024-11-14 08:17:56,029 - INFO - Processing dataset for peptide ELAGIGILTV with weight CDR2a
2024-11-14 08:17:56,031 - INFO - Processing rows 0 to 25 for swaps, peptide ELAGIGILTV, weight CDR2a
2024-11-14 08:18:04,391 - INFO - Processing rows 25 to 50 for swaps, peptide ELAGIGILTV, weight CDR2a
2024-11-14 08:18:12,707 - INFO - Processing rows 50 to 75 for swaps, peptide ELAGIGILTV, weight CDR2a
2024-11-14 08:18:20,922 - INFO - Processing rows 75 to 100 for swaps, peptide ELAGIGILTV, weight CDR2a
2024-11-14 08:18:29,276 - INFO - Processing rows 100 to 125 for swaps, peptide ELAGIGILTV, weight CDR2a
2024-11-14 08:18:37,612 - INFO - Processing rows 125 to 150 for swaps, peptide ELAGIGILTV, weight CDR2a
2024-11-14 08:18:45,845 - INFO - Processing rows 150 to 175 for swaps, peptide ELAGIGILTV, weight CDR2a
2024-11-14 08:18:53,883 - INFO - Processing rows 175 to 200 for swaps, peptide ELAGIGILTV, weight CDR2a
2024-11-14 08:19:02,065 - INFO - Processing rows 200 to 225 for swaps, peptide ELAGIGILTV, weight CDR2a
2024-11-14 08:19:10,557 - INFO - Processing rows 225 to 250 for swaps, peptide ELAGIGILTV, weight CDR2a
2024-11-14 08:19:18,988 - INFO - Processing rows 250 to 275 for swaps, peptide ELAGIGILTV, weight CDR2a
2024-11-14 08:19:27,373 - INFO - Processing rows 275 to 300 for swaps, peptide ELAGIGILTV, weight CDR2a
2024-11-14 08:19:35,583 - INFO - Processing rows 300 to 325 for swaps, peptide ELAGIGILTV, weight CDR2a
2024-11-14 08:19:43,753 - INFO - Processing rows 325 to 350 for swaps, peptide ELAGIGILTV, weight CDR2a
2024-11-14 08:19:52,011 - INFO - Processing rows 350 to 375 for swaps, peptide ELAGIGILTV, weight CDR2a
2024-11-14 08:19:59,834 - INFO - Processing rows 375 to 400 for swaps, peptide ELAGIGILTV, weight CDR2a
2024-11-14 08:20:07,144 - INFO - Processing rows 400 to 425 for swaps, peptide ELAGIGILTV, weight CDR2a
2024-11-14 08:20:14,498 - INFO - Processing rows 425 to 450 for swaps, peptide ELAGIGILTV, weight CDR2a
2024-11-14 08:20:21,851 - INFO - Processing rows 450 to 475 for swaps, peptide ELAGIGILTV, weight CDR2a
2024-11-14 08:20:29,179 - INFO - Processing rows 475 to 500 for swaps, peptide ELAGIGILTV, weight CDR2a
2024-11-14 08:20:36,308 - INFO - Processing rows 500 to 525 for swaps, peptide ELAGIGILTV, weight CDR2a
2024-11-14 08:20:43,592 - INFO - Processing rows 525 to 550 for swaps, peptide ELAGIGILTV, weight CDR2a
2024-11-14 08:20:51,085 - INFO - Processing rows 550 to 575 for swaps, peptide ELAGIGILTV, weight CDR2a
2024-11-14 08:20:58,734 - INFO - Processing rows 575 to 600 for swaps, peptide ELAGIGILTV, weight CDR2a
2024-11-14 08:21:06,754 - INFO - Processing rows 600 to 625 for swaps, peptide ELAGIGILTV, weight CDR2a
2024-11-14 08:21:14,630 - INFO - Processing rows 625 to 650 for swaps, peptide ELAGIGILTV, weight CDR2a
2024-11-14 08:21:22,482 - INFO - Processing rows 650 to 675 for swaps, peptide ELAGIGILTV, weight CDR2a
2024-11-14 08:21:30,525 - INFO - Processing rows 675 to 700 for swaps, peptide ELAGIGILTV, weight CDR2a
2024-11-14 08:21:38,343 - INFO - Processing rows 700 to 725 for swaps, peptide ELAGIGILTV, weight CDR2a
2024-11-14 08:21:45,933 - INFO - Processing rows 725 to 750 for swaps, peptide ELAGIGILTV, weight CDR2a
2024-11-14 08:21:53,658 - INFO - Processing rows 750 to 775 for swaps, peptide ELAGIGILTV, weight CDR2a
2024-11-14 08:22:01,334 - INFO - Processing rows 775 to 800 for swaps, peptide ELAGIGILTV, weight CDR2a
2024-11-14 08:22:09,130 - INFO - Processing rows 800 to 825 for swaps, peptide ELAGIGILTV, weight CDR2a
2024-11-14 08:22:16,869 - INFO - Processing rows 825 to 850 for swaps, peptide ELAGIGILTV, weight CDR2a
2024-11-14 08:22:24,674 - INFO - Processing rows 850 to 875 for swaps, peptide ELAGIGILTV, weight CDR2a
2024-11-14 08:22:32,682 - INFO - Processing rows 875 to 900 for swaps, peptide ELAGIGILTV, weight CDR2a
2024-11-14 08:22:40,789 - INFO - Processing rows 900 to 925 for swaps, peptide ELAGIGILTV, weight CDR2a
2024-11-14 08:22:48,728 - INFO - Processing rows 925 to 950 for swaps, peptide ELAGIGILTV, weight CDR2a
2024-11-14 08:22:56,957 - INFO - Processing rows 950 to 975 for swaps, peptide ELAGIGILTV, weight CDR2a
2024-11-14 08:23:05,050 - INFO - Processing rows 975 to 1000 for swaps, peptide ELAGIGILTV, weight CDR2a
2024-11-14 08:23:13,044 - INFO - Processing rows 1000 to 1025 for swaps, peptide ELAGIGILTV, weight CDR2a
2024-11-14 08:23:20,977 - INFO - Processing rows 1025 to 1050 for swaps, peptide ELAGIGILTV, weight CDR2a
2024-11-14 08:23:28,884 - INFO - Processing rows 1050 to 1075 for swaps, peptide ELAGIGILTV, weight CDR2a
2024-11-14 08:23:36,786 - INFO - Processing rows 1075 to 1100 for swaps, peptide ELAGIGILTV, weight CDR2a
2024-11-14 08:23:44,874 - INFO - Processing rows 1100 to 1125 for swaps, peptide ELAGIGILTV, weight CDR2a
2024-11-14 08:23:52,915 - INFO - Processing rows 1125 to 1150 for swaps, peptide ELAGIGILTV, weight CDR2a
2024-11-14 08:24:00,984 - INFO - Processing rows 1150 to 1175 for swaps, peptide ELAGIGILTV, weight CDR2a
2024-11-14 08:24:09,272 - INFO - Processing rows 1175 to 1200 for swaps, peptide ELAGIGILTV, weight CDR2a
2024-11-14 08:24:17,503 - INFO - Processing rows 1200 to 1225 for swaps, peptide ELAGIGILTV, weight CDR2a
2024-11-14 08:24:25,757 - INFO - Processing rows 1225 to 1250 for swaps, peptide ELAGIGILTV, weight CDR2a
2024-11-14 08:24:34,149 - INFO - Processing rows 1250 to 1275 for swaps, peptide ELAGIGILTV, weight CDR2a
2024-11-14 08:24:42,244 - INFO - Processing rows 1275 to 1300 for swaps, peptide ELAGIGILTV, weight CDR2a
2024-11-14 08:24:50,265 - INFO - Processing rows 1300 to 1325 for swaps, peptide ELAGIGILTV, weight CDR2a
2024-11-14 08:24:58,220 - INFO - Processing rows 1325 to 1350 for swaps, peptide ELAGIGILTV, weight CDR2a
2024-11-14 08:25:05,590 - INFO - Processing rows 1350 to 1375 for swaps, peptide ELAGIGILTV, weight CDR2a
2024-11-14 08:25:13,197 - INFO - Processing rows 1375 to 1400 for swaps, peptide ELAGIGILTV, weight CDR2a
2024-11-14 08:25:21,173 - INFO - Processing rows 1400 to 1425 for swaps, peptide ELAGIGILTV, weight CDR2a
2024-11-14 08:25:28,608 - INFO - Processing rows 1425 to 1450 for swaps, peptide ELAGIGILTV, weight CDR2a
2024-11-14 08:25:36,221 - INFO - Processing rows 1450 to 1475 for swaps, peptide ELAGIGILTV, weight CDR2a
2024-11-14 08:25:43,528 - INFO - Processing rows 1475 to 1500 for swaps, peptide ELAGIGILTV, weight CDR2a
2024-11-14 08:25:50,627 - INFO - Processing rows 1500 to 1525 for swaps, peptide ELAGIGILTV, weight CDR2a
2024-11-14 08:25:57,574 - INFO - Processing rows 1525 to 1550 for swaps, peptide ELAGIGILTV, weight CDR2a
2024-11-14 08:26:04,230 - INFO - Processing rows 1550 to 1575 for swaps, peptide ELAGIGILTV, weight CDR2a
2024-11-14 08:26:11,064 - INFO - Processing rows 1575 to 1600 for swaps, peptide ELAGIGILTV, weight CDR2a
2024-11-14 08:26:18,093 - INFO - Processing rows 1600 to 1625 for swaps, peptide ELAGIGILTV, weight CDR2a
2024-11-14 08:26:25,926 - INFO - Processing rows 1625 to 1650 for swaps, peptide ELAGIGILTV, weight CDR2a
2024-11-14 08:26:33,918 - INFO - Processing rows 1650 to 1675 for swaps, peptide ELAGIGILTV, weight CDR2a
2024-11-14 08:26:41,915 - INFO - Processing rows 1675 to 1700 for swaps, peptide ELAGIGILTV, weight CDR2a
2024-11-14 08:26:50,134 - INFO - Processing rows 1700 to 1725 for swaps, peptide ELAGIGILTV, weight CDR2a
2024-11-14 08:26:58,369 - INFO - Processing rows 1725 to 1750 for swaps, peptide ELAGIGILTV, weight CDR2a
2024-11-14 08:27:06,478 - INFO - Processing rows 1750 to 1775 for swaps, peptide ELAGIGILTV, weight CDR2a
2024-11-14 08:27:14,524 - INFO - Processing rows 1775 to 1800 for swaps, peptide ELAGIGILTV, weight CDR2a
2024-11-14 08:27:22,651 - INFO - Processing rows 1800 to 1825 for swaps, peptide ELAGIGILTV, weight CDR2a
2024-11-14 08:27:31,062 - INFO - Processing rows 1825 to 1850 for swaps, peptide ELAGIGILTV, weight CDR2a
2024-11-14 08:27:39,386 - INFO - Processing rows 1850 to 1875 for swaps, peptide ELAGIGILTV, weight CDR2a
2024-11-14 08:27:47,737 - INFO - Processing rows 1875 to 1900 for swaps, peptide ELAGIGILTV, weight CDR2a
2024-11-14 08:27:56,173 - INFO - Processing rows 1900 to 1925 for swaps, peptide ELAGIGILTV, weight CDR2a
2024-11-14 08:28:04,433 - INFO - Processing rows 1925 to 1950 for swaps, peptide ELAGIGILTV, weight CDR2a
2024-11-14 08:28:12,811 - INFO - Processing rows 1950 to 1975 for swaps, peptide ELAGIGILTV, weight CDR2a
2024-11-14 08:28:21,250 - INFO - Processing rows 1975 to 2000 for swaps, peptide ELAGIGILTV, weight CDR2a
2024-11-14 08:28:29,636 - INFO - Processing rows 2000 to 2025 for swaps, peptide ELAGIGILTV, weight CDR2a
2024-11-14 08:28:37,896 - INFO - Processing rows 2025 to 2050 for swaps, peptide ELAGIGILTV, weight CDR2a
2024-11-14 08:28:46,274 - INFO - Processing rows 2050 to 2075 for swaps, peptide ELAGIGILTV, weight CDR2a
2024-11-14 08:28:54,746 - INFO - Processing rows 2075 to 2100 for swaps, peptide ELAGIGILTV, weight CDR2a
2024-11-14 08:29:03,298 - INFO - Processing rows 2100 to 2125 for swaps, peptide ELAGIGILTV, weight CDR2a
2024-11-14 08:29:11,684 - INFO - Processing rows 2125 to 2150 for swaps, peptide ELAGIGILTV, weight CDR2a
2024-11-14 08:29:20,061 - INFO - Processing rows 2150 to 2175 for swaps, peptide ELAGIGILTV, weight CDR2a
2024-11-14 08:29:28,431 - INFO - Processing rows 2175 to 2200 for swaps, peptide ELAGIGILTV, weight CDR2a
2024-11-14 08:29:36,510 - INFO - Processing rows 2200 to 2225 for swaps, peptide ELAGIGILTV, weight CDR2a
2024-11-14 08:29:44,303 - INFO - Processing rows 2225 to 2250 for swaps, peptide ELAGIGILTV, weight CDR2a
2024-11-14 08:29:52,657 - INFO - Processing rows 2250 to 2275 for swaps, peptide ELAGIGILTV, weight CDR2a
2024-11-14 08:30:01,135 - INFO - Processing rows 2275 to 2300 for swaps, peptide ELAGIGILTV, weight CDR2a
2024-11-14 08:30:09,719 - INFO - Processing rows 2300 to 2325 for swaps, peptide ELAGIGILTV, weight CDR2a
2024-11-14 08:30:18,299 - INFO - Processing rows 2325 to 2350 for swaps, peptide ELAGIGILTV, weight CDR2a
2024-11-14 08:30:26,672 - INFO - Processing rows 2350 to 2375 for swaps, peptide ELAGIGILTV, weight CDR2a
2024-11-14 08:30:35,125 - INFO - Processing rows 2375 to 2400 for swaps, peptide ELAGIGILTV, weight CDR2a
2024-11-14 08:30:43,612 - INFO - Processing rows 2400 to 2425 for swaps, peptide ELAGIGILTV, weight CDR2a
2024-11-14 08:30:52,284 - INFO - Processing rows 2425 to 2450 for swaps, peptide ELAGIGILTV, weight CDR2a
2024-11-14 08:31:01,073 - INFO - Processing rows 2450 to 2475 for swaps, peptide ELAGIGILTV, weight CDR2a
2024-11-14 08:31:09,845 - INFO - Processing rows 2475 to 2500 for swaps, peptide ELAGIGILTV, weight CDR2a
2024-11-14 08:31:18,624 - INFO - Processing rows 2500 to 2525 for swaps, peptide ELAGIGILTV, weight CDR2a
2024-11-14 08:31:27,309 - INFO - Processing rows 2525 to 2550 for swaps, peptide ELAGIGILTV, weight CDR2a
2024-11-14 08:31:36,072 - INFO - Processing rows 2550 to 2575 for swaps, peptide ELAGIGILTV, weight CDR2a
2024-11-14 08:31:44,540 - INFO - Processing rows 2575 to 2600 for swaps, peptide ELAGIGILTV, weight CDR2a
2024-11-14 08:31:53,062 - INFO - Processing rows 2600 to 2625 for swaps, peptide ELAGIGILTV, weight CDR2a
2024-11-14 08:32:01,662 - INFO - Processing rows 2625 to 2650 for swaps, peptide ELAGIGILTV, weight CDR2a
2024-11-14 08:32:10,290 - INFO - Processing rows 2650 to 2675 for swaps, peptide ELAGIGILTV, weight CDR2a
2024-11-14 08:32:19,224 - INFO - Processing rows 2675 to 2700 for swaps, peptide ELAGIGILTV, weight CDR2a
2024-11-14 08:32:27,939 - INFO - Processing rows 2700 to 2725 for swaps, peptide ELAGIGILTV, weight CDR2a
2024-11-14 08:32:36,749 - INFO - Processing rows 2725 to 2742 for swaps, peptide ELAGIGILTV, weight CDR2a
2024-11-14 08:32:42,840 - INFO - ESM finished.. Saving file...
2024-11-14 08:50:10,424 - INFO - Saved to /net/mimer/mnt/tank/projects2/emison/language_model/27th_Oct_new_matrices/04.11_new_esm/12.11/sequence_summed_vectors_swaps_ELAGIGILTV_CDR2a.csv
