2024-11-13 19:10:24,220 - INFO - Loading and filtering dataset for peptide ELAGIGILTV
2024-11-13 19:10:24,310 - INFO - Processing dataset for peptide ELAGIGILTV with weight CDR3b
2024-11-13 19:10:24,313 - INFO - Processing rows 0 to 25 for binders, peptide ELAGIGILTV, weight CDR3b
2024-11-13 19:10:58,875 - INFO - Processing rows 25 to 50 for binders, peptide ELAGIGILTV, weight CDR3b
2024-11-13 19:11:32,425 - INFO - Processing rows 50 to 75 for binders, peptide ELAGIGILTV, weight CDR3b
2024-11-13 19:12:07,107 - INFO - Processing rows 75 to 100 for binders, peptide ELAGIGILTV, weight CDR3b
2024-11-13 19:12:39,967 - INFO - Processing rows 100 to 125 for binders, peptide ELAGIGILTV, weight CDR3b
2024-11-13 19:13:14,563 - INFO - Processing rows 125 to 150 for binders, peptide ELAGIGILTV, weight CDR3b
2024-11-13 19:13:50,967 - INFO - Processing rows 150 to 175 for binders, peptide ELAGIGILTV, weight CDR3b
2024-11-13 19:14:25,715 - INFO - Processing rows 175 to 200 for binders, peptide ELAGIGILTV, weight CDR3b
2024-11-13 19:15:00,296 - INFO - Processing rows 200 to 225 for binders, peptide ELAGIGILTV, weight CDR3b
2024-11-13 19:15:36,691 - INFO - Processing rows 225 to 250 for binders, peptide ELAGIGILTV, weight CDR3b
2024-11-13 19:16:09,266 - INFO - Processing rows 250 to 275 for binders, peptide ELAGIGILTV, weight CDR3b
2024-11-13 19:16:43,553 - INFO - Processing rows 275 to 300 for binders, peptide ELAGIGILTV, weight CDR3b
2024-11-13 19:17:19,958 - INFO - Processing rows 300 to 325 for binders, peptide ELAGIGILTV, weight CDR3b
2024-11-13 19:17:50,327 - INFO - Processing rows 325 to 350 for binders, peptide ELAGIGILTV, weight CDR3b
2024-11-13 19:18:24,366 - INFO - Processing rows 350 to 375 for binders, peptide ELAGIGILTV, weight CDR3b
2024-11-13 19:18:58,332 - INFO - Processing rows 375 to 400 for binders, peptide ELAGIGILTV, weight CDR3b
2024-11-13 19:19:30,771 - INFO - Processing rows 400 to 425 for binders, peptide ELAGIGILTV, weight CDR3b
2024-11-13 19:20:08,838 - INFO - Processing rows 425 to 450 for binders, peptide ELAGIGILTV, weight CDR3b
2024-11-13 19:20:43,078 - INFO - Processing rows 450 to 457 for binders, peptide ELAGIGILTV, weight CDR3b
Traceback (most recent call last):
  File "/net/mimer/mnt/tank/projects2/emison/language_model/27th_Oct_new_matrices/04.11_new_esm/12.11/run_esm_binders.py", line 90, in <module>
    process_sequences(df_filtered, peptide, weight, "binders")
  File "/net/mimer/mnt/tank/projects2/emison/language_model/27th_Oct_new_matrices/04.11_new_esm/12.11/run_esm_binders.py", line 82, in process_sequences
    output_df.insert(0, "raw_index", raw_indexes)
  File "/home/projects2/emison/language_model/miniconda3/envs/esm2_emison/lib/python3.12/site-packages/pandas/core/frame.py", line 5171, in insert
    value, refs = self._sanitize_column(value)
                  ^^^^^^^^^^^^^^^^^^^^^^^^^^^^
  File "/home/projects2/emison/language_model/miniconda3/envs/esm2_emison/lib/python3.12/site-packages/pandas/core/frame.py", line 5266, in _sanitize_column
    com.require_length_match(value, self.index)
  File "/home/projects2/emison/language_model/miniconda3/envs/esm2_emison/lib/python3.12/site-packages/pandas/core/common.py", line 573, in require_length_match
    raise ValueError(
ValueError: Length of values (457) does not match length of index (7)
