2024-11-13 19:10:24,253 - INFO - Loading and filtering dataset for peptide ELAGIGILTV
2024-11-13 19:10:24,344 - INFO - Processing dataset for peptide ELAGIGILTV with weight CDR2b
2024-11-13 19:10:24,347 - INFO - Processing rows 0 to 25 for binders, peptide ELAGIGILTV, weight CDR2b
2024-11-13 19:10:42,197 - INFO - Processing rows 25 to 50 for binders, peptide ELAGIGILTV, weight CDR2b
2024-11-13 19:11:00,178 - INFO - Processing rows 50 to 75 for binders, peptide ELAGIGILTV, weight CDR2b
2024-11-13 19:11:18,482 - INFO - Processing rows 75 to 100 for binders, peptide ELAGIGILTV, weight CDR2b
2024-11-13 19:11:36,549 - INFO - Processing rows 100 to 125 for binders, peptide ELAGIGILTV, weight CDR2b
2024-11-13 19:11:54,392 - INFO - Processing rows 125 to 150 for binders, peptide ELAGIGILTV, weight CDR2b
2024-11-13 19:12:12,201 - INFO - Processing rows 150 to 175 for binders, peptide ELAGIGILTV, weight CDR2b
2024-11-13 19:12:30,049 - INFO - Processing rows 175 to 200 for binders, peptide ELAGIGILTV, weight CDR2b
2024-11-13 19:12:47,810 - INFO - Processing rows 200 to 225 for binders, peptide ELAGIGILTV, weight CDR2b
2024-11-13 19:13:05,590 - INFO - Processing rows 225 to 250 for binders, peptide ELAGIGILTV, weight CDR2b
2024-11-13 19:13:21,430 - INFO - Processing rows 250 to 275 for binders, peptide ELAGIGILTV, weight CDR2b
2024-11-13 19:13:39,194 - INFO - Processing rows 275 to 300 for binders, peptide ELAGIGILTV, weight CDR2b
2024-11-13 19:13:56,959 - INFO - Processing rows 300 to 325 for binders, peptide ELAGIGILTV, weight CDR2b
2024-11-13 19:14:14,780 - INFO - Processing rows 325 to 350 for binders, peptide ELAGIGILTV, weight CDR2b
2024-11-13 19:14:32,468 - INFO - Processing rows 350 to 375 for binders, peptide ELAGIGILTV, weight CDR2b
2024-11-13 19:14:48,008 - INFO - Processing rows 375 to 400 for binders, peptide ELAGIGILTV, weight CDR2b
2024-11-13 19:15:05,603 - INFO - Processing rows 400 to 425 for binders, peptide ELAGIGILTV, weight CDR2b
2024-11-13 19:15:23,276 - INFO - Processing rows 425 to 450 for binders, peptide ELAGIGILTV, weight CDR2b
2024-11-13 19:15:41,004 - INFO - Processing rows 450 to 457 for binders, peptide ELAGIGILTV, weight CDR2b
Traceback (most recent call last):
  File "/net/mimer/mnt/tank/projects2/emison/language_model/27th_Oct_new_matrices/04.11_new_esm/12.11/run_esm_binders.py", line 90, in <module>
    process_sequences(df_filtered, peptide, weight, "binders")
  File "/net/mimer/mnt/tank/projects2/emison/language_model/27th_Oct_new_matrices/04.11_new_esm/12.11/run_esm_binders.py", line 82, in process_sequences
    output_df.insert(0, "raw_index", raw_indexes)
  File "/home/projects2/emison/language_model/miniconda3/envs/esm2_emison/lib/python3.12/site-packages/pandas/core/frame.py", line 5171, in insert
    value, refs = self._sanitize_column(value)
                  ^^^^^^^^^^^^^^^^^^^^^^^^^^^^
  File "/home/projects2/emison/language_model/miniconda3/envs/esm2_emison/lib/python3.12/site-packages/pandas/core/frame.py", line 5266, in _sanitize_column
    com.require_length_match(value, self.index)
  File "/home/projects2/emison/language_model/miniconda3/envs/esm2_emison/lib/python3.12/site-packages/pandas/core/common.py", line 573, in require_length_match
    raise ValueError(
ValueError: Length of values (457) does not match length of index (7)
