2024-11-13 19:13:14,736 - INFO - Loading and filtering dataset for peptide ELAGIGILTV
2024-11-13 19:13:14,791 - INFO - Processing dataset for peptide ELAGIGILTV with weight TCRb
2024-11-13 19:13:14,793 - INFO - Processing rows 0 to 25 for binders, peptide ELAGIGILTV, weight TCRb
2024-11-13 19:17:14,316 - INFO - Processing rows 25 to 50 for binders, peptide ELAGIGILTV, weight TCRb
2024-11-13 19:21:39,711 - INFO - Processing rows 50 to 75 for binders, peptide ELAGIGILTV, weight TCRb
2024-11-13 19:26:02,717 - INFO - Processing rows 75 to 100 for binders, peptide ELAGIGILTV, weight TCRb
2024-11-13 19:30:26,431 - INFO - Processing rows 100 to 125 for binders, peptide ELAGIGILTV, weight TCRb
2024-11-13 19:34:32,733 - INFO - Processing rows 125 to 150 for binders, peptide ELAGIGILTV, weight TCRb
2024-11-13 19:38:41,550 - INFO - Processing rows 150 to 175 for binders, peptide ELAGIGILTV, weight TCRb
2024-11-13 19:43:00,938 - INFO - Processing rows 175 to 200 for binders, peptide ELAGIGILTV, weight TCRb
2024-11-13 19:47:17,907 - INFO - Processing rows 200 to 225 for binders, peptide ELAGIGILTV, weight TCRb
2024-11-13 19:51:29,546 - INFO - Processing rows 225 to 250 for binders, peptide ELAGIGILTV, weight TCRb
2024-11-13 19:55:31,888 - INFO - Processing rows 250 to 275 for binders, peptide ELAGIGILTV, weight TCRb
2024-11-13 19:59:38,328 - INFO - Processing rows 275 to 300 for binders, peptide ELAGIGILTV, weight TCRb
2024-11-13 20:03:47,637 - INFO - Processing rows 300 to 325 for binders, peptide ELAGIGILTV, weight TCRb
2024-11-13 20:07:56,102 - INFO - Processing rows 325 to 350 for binders, peptide ELAGIGILTV, weight TCRb
2024-11-13 20:11:59,066 - INFO - Processing rows 350 to 375 for binders, peptide ELAGIGILTV, weight TCRb
2024-11-13 20:16:07,396 - INFO - Processing rows 375 to 400 for binders, peptide ELAGIGILTV, weight TCRb
2024-11-13 20:20:19,450 - INFO - Processing rows 400 to 425 for binders, peptide ELAGIGILTV, weight TCRb
2024-11-13 20:24:30,313 - INFO - Processing rows 425 to 450 for binders, peptide ELAGIGILTV, weight TCRb
2024-11-13 20:28:38,245 - INFO - Processing rows 450 to 457 for binders, peptide ELAGIGILTV, weight TCRb
Traceback (most recent call last):
  File "/net/mimer/mnt/tank/projects2/emison/language_model/27th_Oct_new_matrices/04.11_new_esm/12.11/run_esm_binders.py", line 90, in <module>
    process_sequences(df_filtered, peptide, weight, "binders")
  File "/net/mimer/mnt/tank/projects2/emison/language_model/27th_Oct_new_matrices/04.11_new_esm/12.11/run_esm_binders.py", line 82, in process_sequences
    output_df.insert(0, "raw_index", raw_indexes)
  File "/home/projects2/emison/language_model/miniconda3/envs/esm2_emison/lib/python3.12/site-packages/pandas/core/frame.py", line 5171, in insert
    value, refs = self._sanitize_column(value)
                  ^^^^^^^^^^^^^^^^^^^^^^^^^^^^
  File "/home/projects2/emison/language_model/miniconda3/envs/esm2_emison/lib/python3.12/site-packages/pandas/core/frame.py", line 5266, in _sanitize_column
    com.require_length_match(value, self.index)
  File "/home/projects2/emison/language_model/miniconda3/envs/esm2_emison/lib/python3.12/site-packages/pandas/core/common.py", line 573, in require_length_match
    raise ValueError(
ValueError: Length of values (457) does not match length of index (7)
