2024-11-14 08:18:13,340 - INFO - Loading and filtering dataset for peptide ELAGIGILTV
2024-11-14 08:18:13,589 - INFO - Processing dataset for peptide ELAGIGILTV with weight TCRb
2024-11-14 08:18:13,590 - INFO - Processing rows 0 to 25 for swaps, peptide ELAGIGILTV, weight TCRb
2024-11-14 08:20:12,479 - INFO - Processing rows 25 to 50 for swaps, peptide ELAGIGILTV, weight TCRb
2024-11-14 08:22:08,967 - INFO - Processing rows 50 to 75 for swaps, peptide ELAGIGILTV, weight TCRb
2024-11-14 08:24:01,332 - INFO - Processing rows 75 to 100 for swaps, peptide ELAGIGILTV, weight TCRb
2024-11-14 08:25:55,612 - INFO - Processing rows 100 to 125 for swaps, peptide ELAGIGILTV, weight TCRb
2024-11-14 08:27:44,632 - INFO - Processing rows 125 to 150 for swaps, peptide ELAGIGILTV, weight TCRb
2024-11-14 08:29:35,437 - INFO - Processing rows 150 to 175 for swaps, peptide ELAGIGILTV, weight TCRb
2024-11-14 08:31:25,458 - INFO - Processing rows 175 to 200 for swaps, peptide ELAGIGILTV, weight TCRb
2024-11-14 08:33:16,034 - INFO - Processing rows 200 to 225 for swaps, peptide ELAGIGILTV, weight TCRb
2024-11-14 08:35:04,880 - INFO - Processing rows 225 to 250 for swaps, peptide ELAGIGILTV, weight TCRb
2024-11-14 08:36:48,496 - INFO - Processing rows 250 to 275 for swaps, peptide ELAGIGILTV, weight TCRb
2024-11-14 08:38:41,085 - INFO - Processing rows 275 to 300 for swaps, peptide ELAGIGILTV, weight TCRb
2024-11-14 08:40:27,933 - INFO - Processing rows 300 to 325 for swaps, peptide ELAGIGILTV, weight TCRb
2024-11-14 08:42:15,011 - INFO - Processing rows 325 to 350 for swaps, peptide ELAGIGILTV, weight TCRb
2024-11-14 08:44:00,693 - INFO - Processing rows 350 to 375 for swaps, peptide ELAGIGILTV, weight TCRb
2024-11-14 08:45:52,988 - INFO - Processing rows 375 to 400 for swaps, peptide ELAGIGILTV, weight TCRb
2024-11-14 08:47:40,289 - INFO - Processing rows 400 to 425 for swaps, peptide ELAGIGILTV, weight TCRb
2024-11-14 08:49:36,222 - INFO - Processing rows 425 to 450 for swaps, peptide ELAGIGILTV, weight TCRb
2024-11-14 08:51:26,196 - INFO - Processing rows 450 to 475 for swaps, peptide ELAGIGILTV, weight TCRb
2024-11-14 08:53:17,593 - INFO - Processing rows 475 to 500 for swaps, peptide ELAGIGILTV, weight TCRb
2024-11-14 08:55:07,546 - INFO - Processing rows 500 to 525 for swaps, peptide ELAGIGILTV, weight TCRb
2024-11-14 08:57:07,822 - INFO - Processing rows 525 to 550 for swaps, peptide ELAGIGILTV, weight TCRb
2024-11-14 08:58:57,938 - INFO - Processing rows 550 to 575 for swaps, peptide ELAGIGILTV, weight TCRb
2024-11-14 09:00:44,796 - INFO - Processing rows 575 to 600 for swaps, peptide ELAGIGILTV, weight TCRb
2024-11-14 09:02:37,380 - INFO - Processing rows 600 to 625 for swaps, peptide ELAGIGILTV, weight TCRb
2024-11-14 09:04:34,834 - INFO - Processing rows 625 to 650 for swaps, peptide ELAGIGILTV, weight TCRb
2024-11-14 09:06:25,822 - INFO - Processing rows 650 to 675 for swaps, peptide ELAGIGILTV, weight TCRb
2024-11-14 09:08:24,274 - INFO - Processing rows 675 to 700 for swaps, peptide ELAGIGILTV, weight TCRb
2024-11-14 09:10:09,563 - INFO - Processing rows 700 to 725 for swaps, peptide ELAGIGILTV, weight TCRb
2024-11-14 09:11:59,105 - INFO - Processing rows 725 to 750 for swaps, peptide ELAGIGILTV, weight TCRb
2024-11-14 09:13:47,697 - INFO - Processing rows 750 to 775 for swaps, peptide ELAGIGILTV, weight TCRb
2024-11-14 09:15:31,467 - INFO - Processing rows 775 to 800 for swaps, peptide ELAGIGILTV, weight TCRb
2024-11-14 09:17:17,179 - INFO - Processing rows 800 to 825 for swaps, peptide ELAGIGILTV, weight TCRb
2024-11-14 09:19:04,849 - INFO - Processing rows 825 to 850 for swaps, peptide ELAGIGILTV, weight TCRb
2024-11-14 09:20:51,878 - INFO - Processing rows 850 to 875 for swaps, peptide ELAGIGILTV, weight TCRb
2024-11-14 09:22:50,558 - INFO - Processing rows 875 to 900 for swaps, peptide ELAGIGILTV, weight TCRb
2024-11-14 09:24:38,351 - INFO - Processing rows 900 to 925 for swaps, peptide ELAGIGILTV, weight TCRb
2024-11-14 09:26:21,987 - INFO - Processing rows 925 to 950 for swaps, peptide ELAGIGILTV, weight TCRb
2024-11-14 09:28:18,241 - INFO - Processing rows 950 to 975 for swaps, peptide ELAGIGILTV, weight TCRb
2024-11-14 09:30:05,523 - INFO - Processing rows 975 to 1000 for swaps, peptide ELAGIGILTV, weight TCRb
2024-11-14 09:31:51,507 - INFO - Processing rows 1000 to 1025 for swaps, peptide ELAGIGILTV, weight TCRb
2024-11-14 09:33:38,270 - INFO - Processing rows 1025 to 1050 for swaps, peptide ELAGIGILTV, weight TCRb
2024-11-14 09:35:33,681 - INFO - Processing rows 1050 to 1075 for swaps, peptide ELAGIGILTV, weight TCRb
2024-11-14 09:37:24,013 - INFO - Processing rows 1075 to 1100 for swaps, peptide ELAGIGILTV, weight TCRb
2024-11-14 09:39:10,571 - INFO - Processing rows 1100 to 1125 for swaps, peptide ELAGIGILTV, weight TCRb
2024-11-14 09:41:00,142 - INFO - Processing rows 1125 to 1150 for swaps, peptide ELAGIGILTV, weight TCRb
2024-11-14 09:42:49,649 - INFO - Processing rows 1150 to 1175 for swaps, peptide ELAGIGILTV, weight TCRb
2024-11-14 09:44:36,976 - INFO - Processing rows 1175 to 1200 for swaps, peptide ELAGIGILTV, weight TCRb
2024-11-14 09:46:26,506 - INFO - Processing rows 1200 to 1225 for swaps, peptide ELAGIGILTV, weight TCRb
2024-11-14 09:48:10,181 - INFO - Processing rows 1225 to 1250 for swaps, peptide ELAGIGILTV, weight TCRb
2024-11-14 09:50:10,057 - INFO - Processing rows 1250 to 1275 for swaps, peptide ELAGIGILTV, weight TCRb
2024-11-14 09:52:01,575 - INFO - Processing rows 1275 to 1300 for swaps, peptide ELAGIGILTV, weight TCRb
2024-11-14 09:53:49,778 - INFO - Processing rows 1300 to 1325 for swaps, peptide ELAGIGILTV, weight TCRb
2024-11-14 09:55:48,399 - INFO - Processing rows 1325 to 1350 for swaps, peptide ELAGIGILTV, weight TCRb
2024-11-14 09:57:37,719 - INFO - Processing rows 1350 to 1375 for swaps, peptide ELAGIGILTV, weight TCRb
2024-11-14 09:59:21,104 - INFO - Processing rows 1375 to 1400 for swaps, peptide ELAGIGILTV, weight TCRb
2024-11-14 10:01:03,962 - INFO - Processing rows 1400 to 1425 for swaps, peptide ELAGIGILTV, weight TCRb
2024-11-14 10:02:53,197 - INFO - Processing rows 1425 to 1450 for swaps, peptide ELAGIGILTV, weight TCRb
2024-11-14 10:04:39,683 - INFO - Processing rows 1450 to 1475 for swaps, peptide ELAGIGILTV, weight TCRb
2024-11-14 10:06:36,585 - INFO - Processing rows 1475 to 1500 for swaps, peptide ELAGIGILTV, weight TCRb
2024-11-14 10:08:24,849 - INFO - Processing rows 1500 to 1525 for swaps, peptide ELAGIGILTV, weight TCRb
2024-11-14 10:10:11,573 - INFO - Processing rows 1525 to 1550 for swaps, peptide ELAGIGILTV, weight TCRb
2024-11-14 10:11:58,695 - INFO - Processing rows 1550 to 1575 for swaps, peptide ELAGIGILTV, weight TCRb
2024-11-14 10:13:42,580 - INFO - Processing rows 1575 to 1600 for swaps, peptide ELAGIGILTV, weight TCRb
2024-11-14 10:15:28,952 - INFO - Processing rows 1600 to 1625 for swaps, peptide ELAGIGILTV, weight TCRb
2024-11-14 10:17:13,247 - INFO - Processing rows 1625 to 1650 for swaps, peptide ELAGIGILTV, weight TCRb
2024-11-14 10:19:01,847 - INFO - Processing rows 1650 to 1675 for swaps, peptide ELAGIGILTV, weight TCRb
2024-11-14 10:20:49,205 - INFO - Processing rows 1675 to 1700 for swaps, peptide ELAGIGILTV, weight TCRb
2024-11-14 10:22:35,210 - INFO - Processing rows 1700 to 1725 for swaps, peptide ELAGIGILTV, weight TCRb
2024-11-14 10:24:22,111 - INFO - Processing rows 1725 to 1750 for swaps, peptide ELAGIGILTV, weight TCRb
2024-11-14 10:26:08,789 - INFO - Processing rows 1750 to 1775 for swaps, peptide ELAGIGILTV, weight TCRb
2024-11-14 10:28:06,647 - INFO - Processing rows 1775 to 1800 for swaps, peptide ELAGIGILTV, weight TCRb
2024-11-14 10:29:52,262 - INFO - Processing rows 1800 to 1825 for swaps, peptide ELAGIGILTV, weight TCRb
2024-11-14 10:31:42,880 - INFO - Processing rows 1825 to 1850 for swaps, peptide ELAGIGILTV, weight TCRb
2024-11-14 10:33:27,836 - INFO - Processing rows 1850 to 1875 for swaps, peptide ELAGIGILTV, weight TCRb
2024-11-14 10:35:12,759 - INFO - Processing rows 1875 to 1900 for swaps, peptide ELAGIGILTV, weight TCRb
2024-11-14 10:37:10,706 - INFO - Processing rows 1900 to 1925 for swaps, peptide ELAGIGILTV, weight TCRb
2024-11-14 10:38:54,176 - INFO - Processing rows 1925 to 1950 for swaps, peptide ELAGIGILTV, weight TCRb
2024-11-14 10:40:42,598 - INFO - Processing rows 1950 to 1975 for swaps, peptide ELAGIGILTV, weight TCRb
2024-11-14 10:42:29,762 - INFO - Processing rows 1975 to 2000 for swaps, peptide ELAGIGILTV, weight TCRb
2024-11-14 10:44:18,366 - INFO - Processing rows 2000 to 2025 for swaps, peptide ELAGIGILTV, weight TCRb
2024-11-14 10:46:04,438 - INFO - Processing rows 2025 to 2050 for swaps, peptide ELAGIGILTV, weight TCRb
2024-11-14 10:47:51,086 - INFO - Processing rows 2050 to 2075 for swaps, peptide ELAGIGILTV, weight TCRb
2024-11-14 10:49:34,336 - INFO - Processing rows 2075 to 2100 for swaps, peptide ELAGIGILTV, weight TCRb
2024-11-14 10:51:18,519 - INFO - Processing rows 2100 to 2125 for swaps, peptide ELAGIGILTV, weight TCRb
2024-11-14 10:53:02,975 - INFO - Processing rows 2125 to 2150 for swaps, peptide ELAGIGILTV, weight TCRb
2024-11-14 10:54:45,380 - INFO - Processing rows 2150 to 2175 for swaps, peptide ELAGIGILTV, weight TCRb
2024-11-14 10:56:30,027 - INFO - Processing rows 2175 to 2200 for swaps, peptide ELAGIGILTV, weight TCRb
2024-11-14 10:58:26,050 - INFO - Processing rows 2200 to 2225 for swaps, peptide ELAGIGILTV, weight TCRb
2024-11-14 11:00:11,491 - INFO - Processing rows 2225 to 2250 for swaps, peptide ELAGIGILTV, weight TCRb
2024-11-14 11:02:00,340 - INFO - Processing rows 2250 to 2275 for swaps, peptide ELAGIGILTV, weight TCRb
2024-11-14 11:03:45,123 - INFO - Processing rows 2275 to 2300 for swaps, peptide ELAGIGILTV, weight TCRb
2024-11-14 11:05:32,776 - INFO - Processing rows 2300 to 2325 for swaps, peptide ELAGIGILTV, weight TCRb
2024-11-14 11:07:19,416 - INFO - Processing rows 2325 to 2350 for swaps, peptide ELAGIGILTV, weight TCRb
2024-11-14 11:09:04,234 - INFO - Processing rows 2350 to 2375 for swaps, peptide ELAGIGILTV, weight TCRb
2024-11-14 11:10:49,810 - INFO - Processing rows 2375 to 2400 for swaps, peptide ELAGIGILTV, weight TCRb
2024-11-14 11:12:38,407 - INFO - Processing rows 2400 to 2425 for swaps, peptide ELAGIGILTV, weight TCRb
2024-11-14 11:14:27,670 - INFO - Processing rows 2425 to 2450 for swaps, peptide ELAGIGILTV, weight TCRb
2024-11-14 11:16:25,364 - INFO - Processing rows 2450 to 2475 for swaps, peptide ELAGIGILTV, weight TCRb
2024-11-14 11:18:12,729 - INFO - Processing rows 2475 to 2500 for swaps, peptide ELAGIGILTV, weight TCRb
2024-11-14 11:20:01,718 - INFO - Processing rows 2500 to 2525 for swaps, peptide ELAGIGILTV, weight TCRb
2024-11-14 11:21:51,503 - INFO - Processing rows 2525 to 2550 for swaps, peptide ELAGIGILTV, weight TCRb
2024-11-14 11:23:44,027 - INFO - Processing rows 2550 to 2575 for swaps, peptide ELAGIGILTV, weight TCRb
2024-11-14 11:25:31,255 - INFO - Processing rows 2575 to 2600 for swaps, peptide ELAGIGILTV, weight TCRb
2024-11-14 11:27:31,056 - INFO - Processing rows 2600 to 2625 for swaps, peptide ELAGIGILTV, weight TCRb
2024-11-14 11:29:18,010 - INFO - Processing rows 2625 to 2650 for swaps, peptide ELAGIGILTV, weight TCRb
2024-11-14 11:31:17,811 - INFO - Processing rows 2650 to 2675 for swaps, peptide ELAGIGILTV, weight TCRb
2024-11-14 11:33:04,579 - INFO - Processing rows 2675 to 2700 for swaps, peptide ELAGIGILTV, weight TCRb
2024-11-14 11:34:51,233 - INFO - Processing rows 2700 to 2725 for swaps, peptide ELAGIGILTV, weight TCRb
2024-11-14 11:36:37,347 - INFO - Processing rows 2725 to 2742 for swaps, peptide ELAGIGILTV, weight TCRb
2024-11-14 11:37:49,544 - INFO - ESM finished.. Saving file...
2024-11-14 11:40:44,330 - INFO - Saved to /net/mimer/mnt/tank/projects2/emison/language_model/27th_Oct_new_matrices/04.11_new_esm/12.11/sequence_summed_vectors_swaps_ELAGIGILTV_TCRb.csv
