2024-11-14 08:00:38,094 - INFO - Loading and filtering dataset for peptide ELAGIGILTV
2024-11-14 08:00:38,283 - INFO - Processing dataset for peptide ELAGIGILTV with weight CDR3b
2024-11-14 08:00:38,284 - INFO - Processing rows 0 to 25 for swaps, peptide ELAGIGILTV, weight CDR3b
2024-11-14 08:00:41,954 - INFO - Processing rows 25 to 50 for swaps, peptide ELAGIGILTV, weight CDR3b
2024-11-14 08:00:45,767 - INFO - Processing rows 50 to 75 for swaps, peptide ELAGIGILTV, weight CDR3b
2024-11-14 08:00:49,655 - INFO - Processing rows 75 to 100 for swaps, peptide ELAGIGILTV, weight CDR3b
2024-11-14 08:00:53,072 - INFO - Processing rows 100 to 125 for swaps, peptide ELAGIGILTV, weight CDR3b
2024-11-14 08:00:56,442 - INFO - Processing rows 125 to 150 for swaps, peptide ELAGIGILTV, weight CDR3b
2024-11-14 08:01:00,511 - INFO - Processing rows 150 to 175 for swaps, peptide ELAGIGILTV, weight CDR3b
2024-11-14 08:01:05,978 - INFO - Processing rows 175 to 200 for swaps, peptide ELAGIGILTV, weight CDR3b
2024-11-14 08:01:09,532 - INFO - Processing rows 200 to 225 for swaps, peptide ELAGIGILTV, weight CDR3b
2024-11-14 08:01:12,941 - INFO - Processing rows 225 to 250 for swaps, peptide ELAGIGILTV, weight CDR3b
2024-11-14 08:01:16,530 - INFO - Processing rows 250 to 275 for swaps, peptide ELAGIGILTV, weight CDR3b
2024-11-14 08:01:20,533 - INFO - Processing rows 275 to 300 for swaps, peptide ELAGIGILTV, weight CDR3b
2024-11-14 08:01:24,258 - INFO - Processing rows 300 to 325 for swaps, peptide ELAGIGILTV, weight CDR3b
2024-11-14 08:01:28,274 - INFO - Processing rows 325 to 350 for swaps, peptide ELAGIGILTV, weight CDR3b
2024-11-14 08:01:31,804 - INFO - Processing rows 350 to 375 for swaps, peptide ELAGIGILTV, weight CDR3b
2024-11-14 08:01:35,776 - INFO - Processing rows 375 to 400 for swaps, peptide ELAGIGILTV, weight CDR3b
2024-11-14 08:01:38,826 - INFO - Processing rows 400 to 425 for swaps, peptide ELAGIGILTV, weight CDR3b
2024-11-14 08:01:42,216 - INFO - Processing rows 425 to 450 for swaps, peptide ELAGIGILTV, weight CDR3b
2024-11-14 08:01:45,797 - INFO - Processing rows 450 to 475 for swaps, peptide ELAGIGILTV, weight CDR3b
2024-11-14 08:01:49,184 - INFO - Processing rows 475 to 500 for swaps, peptide ELAGIGILTV, weight CDR3b
2024-11-14 08:01:52,731 - INFO - Processing rows 500 to 525 for swaps, peptide ELAGIGILTV, weight CDR3b
2024-11-14 08:01:56,640 - INFO - Processing rows 525 to 550 for swaps, peptide ELAGIGILTV, weight CDR3b
2024-11-14 08:02:00,521 - INFO - Processing rows 550 to 575 for swaps, peptide ELAGIGILTV, weight CDR3b
2024-11-14 08:02:04,129 - INFO - Processing rows 575 to 600 for swaps, peptide ELAGIGILTV, weight CDR3b
2024-11-14 08:02:07,728 - INFO - Processing rows 600 to 625 for swaps, peptide ELAGIGILTV, weight CDR3b
2024-11-14 08:02:11,544 - INFO - Processing rows 625 to 650 for swaps, peptide ELAGIGILTV, weight CDR3b
2024-11-14 08:02:15,334 - INFO - Processing rows 650 to 675 for swaps, peptide ELAGIGILTV, weight CDR3b
2024-11-14 08:02:18,555 - INFO - Processing rows 675 to 700 for swaps, peptide ELAGIGILTV, weight CDR3b
2024-11-14 08:02:22,380 - INFO - Processing rows 700 to 725 for swaps, peptide ELAGIGILTV, weight CDR3b
2024-11-14 08:02:26,169 - INFO - Processing rows 725 to 750 for swaps, peptide ELAGIGILTV, weight CDR3b
2024-11-14 08:02:29,771 - INFO - Processing rows 750 to 775 for swaps, peptide ELAGIGILTV, weight CDR3b
2024-11-14 08:02:33,170 - INFO - Processing rows 775 to 800 for swaps, peptide ELAGIGILTV, weight CDR3b
2024-11-14 08:02:37,050 - INFO - Processing rows 800 to 825 for swaps, peptide ELAGIGILTV, weight CDR3b
2024-11-14 08:02:40,814 - INFO - Processing rows 825 to 850 for swaps, peptide ELAGIGILTV, weight CDR3b
2024-11-14 08:02:44,362 - INFO - Processing rows 850 to 875 for swaps, peptide ELAGIGILTV, weight CDR3b
2024-11-14 08:02:47,739 - INFO - Processing rows 875 to 900 for swaps, peptide ELAGIGILTV, weight CDR3b
2024-11-14 08:02:51,509 - INFO - Processing rows 900 to 925 for swaps, peptide ELAGIGILTV, weight CDR3b
2024-11-14 08:02:54,912 - INFO - Processing rows 925 to 950 for swaps, peptide ELAGIGILTV, weight CDR3b
2024-11-14 08:02:58,482 - INFO - Processing rows 950 to 975 for swaps, peptide ELAGIGILTV, weight CDR3b
2024-11-14 08:03:01,897 - INFO - Processing rows 975 to 1000 for swaps, peptide ELAGIGILTV, weight CDR3b
2024-11-14 08:03:05,708 - INFO - Processing rows 1000 to 1025 for swaps, peptide ELAGIGILTV, weight CDR3b
2024-11-14 08:03:09,414 - INFO - Processing rows 1025 to 1050 for swaps, peptide ELAGIGILTV, weight CDR3b
2024-11-14 08:03:12,806 - INFO - Processing rows 1050 to 1075 for swaps, peptide ELAGIGILTV, weight CDR3b
2024-11-14 08:03:16,608 - INFO - Processing rows 1075 to 1100 for swaps, peptide ELAGIGILTV, weight CDR3b
2024-11-14 08:03:20,101 - INFO - Processing rows 1100 to 1125 for swaps, peptide ELAGIGILTV, weight CDR3b
2024-11-14 08:03:23,928 - INFO - Processing rows 1125 to 1150 for swaps, peptide ELAGIGILTV, weight CDR3b
2024-11-14 08:03:27,676 - INFO - Processing rows 1150 to 1175 for swaps, peptide ELAGIGILTV, weight CDR3b
2024-11-14 08:03:31,229 - INFO - Processing rows 1175 to 1200 for swaps, peptide ELAGIGILTV, weight CDR3b
2024-11-14 08:03:34,950 - INFO - Processing rows 1200 to 1225 for swaps, peptide ELAGIGILTV, weight CDR3b
2024-11-14 08:03:38,327 - INFO - Processing rows 1225 to 1250 for swaps, peptide ELAGIGILTV, weight CDR3b
2024-11-14 08:03:41,905 - INFO - Processing rows 1250 to 1275 for swaps, peptide ELAGIGILTV, weight CDR3b
2024-11-14 08:03:45,608 - INFO - Processing rows 1275 to 1300 for swaps, peptide ELAGIGILTV, weight CDR3b
2024-11-14 08:03:49,100 - INFO - Processing rows 1300 to 1325 for swaps, peptide ELAGIGILTV, weight CDR3b
2024-11-14 08:03:52,582 - INFO - Processing rows 1325 to 1350 for swaps, peptide ELAGIGILTV, weight CDR3b
2024-11-14 08:03:56,048 - INFO - Processing rows 1350 to 1375 for swaps, peptide ELAGIGILTV, weight CDR3b
2024-11-14 08:03:59,604 - INFO - Processing rows 1375 to 1400 for swaps, peptide ELAGIGILTV, weight CDR3b
2024-11-14 08:04:03,009 - INFO - Processing rows 1400 to 1425 for swaps, peptide ELAGIGILTV, weight CDR3b
2024-11-14 08:04:06,576 - INFO - Processing rows 1425 to 1450 for swaps, peptide ELAGIGILTV, weight CDR3b
2024-11-14 08:04:10,132 - INFO - Processing rows 1450 to 1475 for swaps, peptide ELAGIGILTV, weight CDR3b
2024-11-14 08:04:13,629 - INFO - Processing rows 1475 to 1500 for swaps, peptide ELAGIGILTV, weight CDR3b
2024-11-14 08:04:17,218 - INFO - Processing rows 1500 to 1525 for swaps, peptide ELAGIGILTV, weight CDR3b
2024-11-14 08:04:21,040 - INFO - Processing rows 1525 to 1550 for swaps, peptide ELAGIGILTV, weight CDR3b
2024-11-14 08:04:24,825 - INFO - Processing rows 1550 to 1575 for swaps, peptide ELAGIGILTV, weight CDR3b
2024-11-14 08:04:28,688 - INFO - Processing rows 1575 to 1600 for swaps, peptide ELAGIGILTV, weight CDR3b
2024-11-14 08:04:33,046 - INFO - Processing rows 1600 to 1625 for swaps, peptide ELAGIGILTV, weight CDR3b
2024-11-14 08:04:36,876 - INFO - Processing rows 1625 to 1650 for swaps, peptide ELAGIGILTV, weight CDR3b
2024-11-14 08:04:40,834 - INFO - Processing rows 1650 to 1675 for swaps, peptide ELAGIGILTV, weight CDR3b
2024-11-14 08:04:44,642 - INFO - Processing rows 1675 to 1700 for swaps, peptide ELAGIGILTV, weight CDR3b
2024-11-14 08:04:48,258 - INFO - Processing rows 1700 to 1725 for swaps, peptide ELAGIGILTV, weight CDR3b
2024-11-14 08:04:51,823 - INFO - Processing rows 1725 to 1750 for swaps, peptide ELAGIGILTV, weight CDR3b
2024-11-14 08:04:55,100 - INFO - Processing rows 1750 to 1775 for swaps, peptide ELAGIGILTV, weight CDR3b
2024-11-14 08:04:58,551 - INFO - Processing rows 1775 to 1800 for swaps, peptide ELAGIGILTV, weight CDR3b
2024-11-14 08:05:02,366 - INFO - Processing rows 1800 to 1825 for swaps, peptide ELAGIGILTV, weight CDR3b
2024-11-14 08:05:06,154 - INFO - Processing rows 1825 to 1850 for swaps, peptide ELAGIGILTV, weight CDR3b
2024-11-14 08:05:09,553 - INFO - Processing rows 1850 to 1875 for swaps, peptide ELAGIGILTV, weight CDR3b
2024-11-14 08:05:13,135 - INFO - Processing rows 1875 to 1900 for swaps, peptide ELAGIGILTV, weight CDR3b
2024-11-14 08:05:16,376 - INFO - Processing rows 1900 to 1925 for swaps, peptide ELAGIGILTV, weight CDR3b
2024-11-14 08:05:19,909 - INFO - Processing rows 1925 to 1950 for swaps, peptide ELAGIGILTV, weight CDR3b
2024-11-14 08:05:23,312 - INFO - Processing rows 1950 to 1975 for swaps, peptide ELAGIGILTV, weight CDR3b
2024-11-14 08:05:26,882 - INFO - Processing rows 1975 to 2000 for swaps, peptide ELAGIGILTV, weight CDR3b
2024-11-14 08:05:30,280 - INFO - Processing rows 2000 to 2025 for swaps, peptide ELAGIGILTV, weight CDR3b
2024-11-14 08:05:33,867 - INFO - Processing rows 2025 to 2050 for swaps, peptide ELAGIGILTV, weight CDR3b
2024-11-14 08:05:37,632 - INFO - Processing rows 2050 to 2075 for swaps, peptide ELAGIGILTV, weight CDR3b
2024-11-14 08:05:41,247 - INFO - Processing rows 2075 to 2100 for swaps, peptide ELAGIGILTV, weight CDR3b
2024-11-14 08:05:45,208 - INFO - Processing rows 2100 to 2125 for swaps, peptide ELAGIGILTV, weight CDR3b
2024-11-14 08:05:48,772 - INFO - Processing rows 2125 to 2150 for swaps, peptide ELAGIGILTV, weight CDR3b
2024-11-14 08:05:52,567 - INFO - Processing rows 2150 to 2175 for swaps, peptide ELAGIGILTV, weight CDR3b
2024-11-14 08:05:56,301 - INFO - Processing rows 2175 to 2200 for swaps, peptide ELAGIGILTV, weight CDR3b
2024-11-14 08:06:00,061 - INFO - Processing rows 2200 to 2225 for swaps, peptide ELAGIGILTV, weight CDR3b
2024-11-14 08:06:03,594 - INFO - Processing rows 2225 to 2250 for swaps, peptide ELAGIGILTV, weight CDR3b
2024-11-14 08:06:07,001 - INFO - Processing rows 2250 to 2275 for swaps, peptide ELAGIGILTV, weight CDR3b
2024-11-14 08:06:10,348 - INFO - Processing rows 2275 to 2300 for swaps, peptide ELAGIGILTV, weight CDR3b
2024-11-14 08:06:13,907 - INFO - Processing rows 2300 to 2325 for swaps, peptide ELAGIGILTV, weight CDR3b
2024-11-14 08:06:17,627 - INFO - Processing rows 2325 to 2350 for swaps, peptide ELAGIGILTV, weight CDR3b
2024-11-14 08:06:21,176 - INFO - Processing rows 2350 to 2375 for swaps, peptide ELAGIGILTV, weight CDR3b
2024-11-14 08:06:25,318 - INFO - Processing rows 2375 to 2400 for swaps, peptide ELAGIGILTV, weight CDR3b
2024-11-14 08:06:28,881 - INFO - Processing rows 2400 to 2425 for swaps, peptide ELAGIGILTV, weight CDR3b
2024-11-14 08:06:33,030 - INFO - Processing rows 2425 to 2450 for swaps, peptide ELAGIGILTV, weight CDR3b
2024-11-14 08:06:36,961 - INFO - Processing rows 2450 to 2475 for swaps, peptide ELAGIGILTV, weight CDR3b
2024-11-14 08:06:40,720 - INFO - Processing rows 2475 to 2500 for swaps, peptide ELAGIGILTV, weight CDR3b
2024-11-14 08:06:44,441 - INFO - Processing rows 2500 to 2525 for swaps, peptide ELAGIGILTV, weight CDR3b
2024-11-14 08:06:47,673 - INFO - Processing rows 2525 to 2550 for swaps, peptide ELAGIGILTV, weight CDR3b
2024-11-14 08:06:51,565 - INFO - Processing rows 2550 to 2575 for swaps, peptide ELAGIGILTV, weight CDR3b
2024-11-14 08:06:55,339 - INFO - Processing rows 2575 to 2600 for swaps, peptide ELAGIGILTV, weight CDR3b
2024-11-14 08:06:58,559 - INFO - Processing rows 2600 to 2625 for swaps, peptide ELAGIGILTV, weight CDR3b
2024-11-14 08:07:02,322 - INFO - Processing rows 2625 to 2650 for swaps, peptide ELAGIGILTV, weight CDR3b
2024-11-14 08:07:05,744 - INFO - Processing rows 2650 to 2675 for swaps, peptide ELAGIGILTV, weight CDR3b
2024-11-14 08:07:09,302 - INFO - Processing rows 2675 to 2700 for swaps, peptide ELAGIGILTV, weight CDR3b
2024-11-14 08:07:12,678 - INFO - Processing rows 2700 to 2725 for swaps, peptide ELAGIGILTV, weight CDR3b
2024-11-14 08:07:16,449 - INFO - Processing rows 2725 to 2742 for swaps, peptide ELAGIGILTV, weight CDR3b
Traceback (most recent call last):
  File "/net/mimer/mnt/tank/projects2/emison/language_model/27th_Oct_new_matrices/04.11_new_esm/12.11/run_esm_swaps.py", line 90, in <module>
    process_sequences(df_filtered, peptide, weight, "swaps")
  File "/net/mimer/mnt/tank/projects2/emison/language_model/27th_Oct_new_matrices/04.11_new_esm/12.11/run_esm_swaps.py", line 82, in process_sequences
    output_df.insert(0, "raw_index", raw_indexes)
  File "/home/projects2/emison/language_model/miniconda3/envs/esm2_emison/lib/python3.12/site-packages/pandas/core/frame.py", line 5171, in insert
    value, refs = self._sanitize_column(value)
                  ^^^^^^^^^^^^^^^^^^^^^^^^^^^^
  File "/home/projects2/emison/language_model/miniconda3/envs/esm2_emison/lib/python3.12/site-packages/pandas/core/frame.py", line 5266, in _sanitize_column
    com.require_length_match(value, self.index)
  File "/home/projects2/emison/language_model/miniconda3/envs/esm2_emison/lib/python3.12/site-packages/pandas/core/common.py", line 573, in require_length_match
    raise ValueError(
ValueError: Length of values (2742) does not match length of index (17)
