2024-11-13 19:16:47,087 - INFO - Loading and filtering dataset for peptide ELAGIGILTV
2024-11-13 19:16:47,688 - INFO - Processing dataset for peptide ELAGIGILTV with weight CDR1b
2024-11-13 19:16:47,690 - INFO - Processing rows 0 to 25 for swaps, peptide ELAGIGILTV, weight CDR1b
2024-11-13 19:16:51,805 - INFO - Processing rows 25 to 50 for swaps, peptide ELAGIGILTV, weight CDR1b
2024-11-13 19:16:55,848 - INFO - Processing rows 50 to 75 for swaps, peptide ELAGIGILTV, weight CDR1b
2024-11-13 19:17:00,196 - INFO - Processing rows 75 to 100 for swaps, peptide ELAGIGILTV, weight CDR1b
2024-11-13 19:17:04,543 - INFO - Processing rows 100 to 125 for swaps, peptide ELAGIGILTV, weight CDR1b
2024-11-13 19:17:08,417 - INFO - Processing rows 125 to 150 for swaps, peptide ELAGIGILTV, weight CDR1b
2024-11-13 19:17:12,799 - INFO - Processing rows 150 to 175 for swaps, peptide ELAGIGILTV, weight CDR1b
2024-11-13 19:17:17,043 - INFO - Processing rows 175 to 200 for swaps, peptide ELAGIGILTV, weight CDR1b
2024-11-13 19:17:21,405 - INFO - Processing rows 200 to 225 for swaps, peptide ELAGIGILTV, weight CDR1b
2024-11-13 19:17:25,538 - INFO - Processing rows 225 to 250 for swaps, peptide ELAGIGILTV, weight CDR1b
2024-11-13 19:17:30,030 - INFO - Processing rows 250 to 275 for swaps, peptide ELAGIGILTV, weight CDR1b
2024-11-13 19:17:34,247 - INFO - Processing rows 275 to 300 for swaps, peptide ELAGIGILTV, weight CDR1b
2024-11-13 19:17:38,702 - INFO - Processing rows 300 to 325 for swaps, peptide ELAGIGILTV, weight CDR1b
2024-11-13 19:17:43,161 - INFO - Processing rows 325 to 350 for swaps, peptide ELAGIGILTV, weight CDR1b
2024-11-13 19:17:47,404 - INFO - Processing rows 350 to 375 for swaps, peptide ELAGIGILTV, weight CDR1b
2024-11-13 19:17:51,758 - INFO - Processing rows 375 to 400 for swaps, peptide ELAGIGILTV, weight CDR1b
2024-11-13 19:17:56,158 - INFO - Processing rows 400 to 425 for swaps, peptide ELAGIGILTV, weight CDR1b
2024-11-13 19:18:00,573 - INFO - Processing rows 425 to 450 for swaps, peptide ELAGIGILTV, weight CDR1b
2024-11-13 19:18:04,688 - INFO - Processing rows 450 to 475 for swaps, peptide ELAGIGILTV, weight CDR1b
2024-11-13 19:18:09,085 - INFO - Processing rows 475 to 500 for swaps, peptide ELAGIGILTV, weight CDR1b
2024-11-13 19:18:13,358 - INFO - Processing rows 500 to 525 for swaps, peptide ELAGIGILTV, weight CDR1b
2024-11-13 19:18:17,462 - INFO - Processing rows 525 to 550 for swaps, peptide ELAGIGILTV, weight CDR1b
2024-11-13 19:18:21,569 - INFO - Processing rows 550 to 575 for swaps, peptide ELAGIGILTV, weight CDR1b
2024-11-13 19:18:25,711 - INFO - Processing rows 575 to 600 for swaps, peptide ELAGIGILTV, weight CDR1b
2024-11-13 19:18:29,801 - INFO - Processing rows 600 to 625 for swaps, peptide ELAGIGILTV, weight CDR1b
2024-11-13 19:18:33,980 - INFO - Processing rows 625 to 650 for swaps, peptide ELAGIGILTV, weight CDR1b
2024-11-13 19:18:38,147 - INFO - Processing rows 650 to 675 for swaps, peptide ELAGIGILTV, weight CDR1b
2024-11-13 19:18:41,872 - INFO - Processing rows 675 to 700 for swaps, peptide ELAGIGILTV, weight CDR1b
2024-11-13 19:18:46,056 - INFO - Processing rows 700 to 725 for swaps, peptide ELAGIGILTV, weight CDR1b
2024-11-13 19:18:50,238 - INFO - Processing rows 725 to 750 for swaps, peptide ELAGIGILTV, weight CDR1b
2024-11-13 19:18:54,341 - INFO - Processing rows 750 to 775 for swaps, peptide ELAGIGILTV, weight CDR1b
2024-11-13 19:18:58,510 - INFO - Processing rows 775 to 800 for swaps, peptide ELAGIGILTV, weight CDR1b
2024-11-13 19:19:02,676 - INFO - Processing rows 800 to 825 for swaps, peptide ELAGIGILTV, weight CDR1b
2024-11-13 19:19:06,858 - INFO - Processing rows 825 to 850 for swaps, peptide ELAGIGILTV, weight CDR1b
2024-11-13 19:19:10,946 - INFO - Processing rows 850 to 875 for swaps, peptide ELAGIGILTV, weight CDR1b
2024-11-13 19:19:15,128 - INFO - Processing rows 875 to 900 for swaps, peptide ELAGIGILTV, weight CDR1b
2024-11-13 19:19:19,295 - INFO - Processing rows 900 to 925 for swaps, peptide ELAGIGILTV, weight CDR1b
2024-11-13 19:19:23,011 - INFO - Processing rows 925 to 950 for swaps, peptide ELAGIGILTV, weight CDR1b
2024-11-13 19:19:27,137 - INFO - Processing rows 950 to 975 for swaps, peptide ELAGIGILTV, weight CDR1b
2024-11-13 19:19:31,281 - INFO - Processing rows 975 to 1000 for swaps, peptide ELAGIGILTV, weight CDR1b
2024-11-13 19:19:35,369 - INFO - Processing rows 1000 to 1025 for swaps, peptide ELAGIGILTV, weight CDR1b
2024-11-13 19:19:39,465 - INFO - Processing rows 1025 to 1050 for swaps, peptide ELAGIGILTV, weight CDR1b
2024-11-13 19:19:43,634 - INFO - Processing rows 1050 to 1075 for swaps, peptide ELAGIGILTV, weight CDR1b
2024-11-13 19:19:47,730 - INFO - Processing rows 1075 to 1100 for swaps, peptide ELAGIGILTV, weight CDR1b
2024-11-13 19:19:51,896 - INFO - Processing rows 1100 to 1125 for swaps, peptide ELAGIGILTV, weight CDR1b
2024-11-13 19:19:56,075 - INFO - Processing rows 1125 to 1150 for swaps, peptide ELAGIGILTV, weight CDR1b
2024-11-13 19:20:00,177 - INFO - Processing rows 1150 to 1175 for swaps, peptide ELAGIGILTV, weight CDR1b
2024-11-13 19:20:04,341 - INFO - Processing rows 1175 to 1200 for swaps, peptide ELAGIGILTV, weight CDR1b
2024-11-13 19:20:08,508 - INFO - Processing rows 1200 to 1225 for swaps, peptide ELAGIGILTV, weight CDR1b
2024-11-13 19:20:12,302 - INFO - Processing rows 1225 to 1250 for swaps, peptide ELAGIGILTV, weight CDR1b
2024-11-13 19:20:16,406 - INFO - Processing rows 1250 to 1275 for swaps, peptide ELAGIGILTV, weight CDR1b
2024-11-13 19:20:20,584 - INFO - Processing rows 1275 to 1300 for swaps, peptide ELAGIGILTV, weight CDR1b
2024-11-13 19:20:24,750 - INFO - Processing rows 1300 to 1325 for swaps, peptide ELAGIGILTV, weight CDR1b
2024-11-13 19:20:28,849 - INFO - Processing rows 1325 to 1350 for swaps, peptide ELAGIGILTV, weight CDR1b
2024-11-13 19:20:33,022 - INFO - Processing rows 1350 to 1375 for swaps, peptide ELAGIGILTV, weight CDR1b
2024-11-13 19:20:36,765 - INFO - Processing rows 1375 to 1400 for swaps, peptide ELAGIGILTV, weight CDR1b
2024-11-13 19:20:40,492 - INFO - Processing rows 1400 to 1425 for swaps, peptide ELAGIGILTV, weight CDR1b
2024-11-13 19:20:44,604 - INFO - Processing rows 1425 to 1450 for swaps, peptide ELAGIGILTV, weight CDR1b
2024-11-13 19:20:48,711 - INFO - Processing rows 1450 to 1475 for swaps, peptide ELAGIGILTV, weight CDR1b
2024-11-13 19:20:52,809 - INFO - Processing rows 1475 to 1500 for swaps, peptide ELAGIGILTV, weight CDR1b
2024-11-13 19:20:56,933 - INFO - Processing rows 1500 to 1525 for swaps, peptide ELAGIGILTV, weight CDR1b
2024-11-13 19:21:01,018 - INFO - Processing rows 1525 to 1550 for swaps, peptide ELAGIGILTV, weight CDR1b
2024-11-13 19:21:05,158 - INFO - Processing rows 1550 to 1575 for swaps, peptide ELAGIGILTV, weight CDR1b
2024-11-13 19:21:09,261 - INFO - Processing rows 1575 to 1600 for swaps, peptide ELAGIGILTV, weight CDR1b
2024-11-13 19:21:13,331 - INFO - Processing rows 1600 to 1625 for swaps, peptide ELAGIGILTV, weight CDR1b
2024-11-13 19:21:17,024 - INFO - Processing rows 1625 to 1650 for swaps, peptide ELAGIGILTV, weight CDR1b
2024-11-13 19:21:21,093 - INFO - Processing rows 1650 to 1675 for swaps, peptide ELAGIGILTV, weight CDR1b
2024-11-13 19:21:25,159 - INFO - Processing rows 1675 to 1700 for swaps, peptide ELAGIGILTV, weight CDR1b
2024-11-13 19:21:29,209 - INFO - Processing rows 1700 to 1725 for swaps, peptide ELAGIGILTV, weight CDR1b
2024-11-13 19:21:33,276 - INFO - Processing rows 1725 to 1750 for swaps, peptide ELAGIGILTV, weight CDR1b
2024-11-13 19:21:37,355 - INFO - Processing rows 1750 to 1775 for swaps, peptide ELAGIGILTV, weight CDR1b
2024-11-13 19:21:41,480 - INFO - Processing rows 1775 to 1800 for swaps, peptide ELAGIGILTV, weight CDR1b
2024-11-13 19:21:45,280 - INFO - Processing rows 1800 to 1825 for swaps, peptide ELAGIGILTV, weight CDR1b
2024-11-13 19:21:49,471 - INFO - Processing rows 1825 to 1850 for swaps, peptide ELAGIGILTV, weight CDR1b
2024-11-13 19:21:53,570 - INFO - Processing rows 1850 to 1875 for swaps, peptide ELAGIGILTV, weight CDR1b
2024-11-13 19:21:57,749 - INFO - Processing rows 1875 to 1900 for swaps, peptide ELAGIGILTV, weight CDR1b
2024-11-13 19:22:01,930 - INFO - Processing rows 1900 to 1925 for swaps, peptide ELAGIGILTV, weight CDR1b
2024-11-13 19:22:06,096 - INFO - Processing rows 1925 to 1950 for swaps, peptide ELAGIGILTV, weight CDR1b
2024-11-13 19:22:10,205 - INFO - Processing rows 1950 to 1975 for swaps, peptide ELAGIGILTV, weight CDR1b
2024-11-13 19:22:14,363 - INFO - Processing rows 1975 to 2000 for swaps, peptide ELAGIGILTV, weight CDR1b
2024-11-13 19:22:18,546 - INFO - Processing rows 2000 to 2025 for swaps, peptide ELAGIGILTV, weight CDR1b
2024-11-13 19:22:22,708 - INFO - Processing rows 2025 to 2050 for swaps, peptide ELAGIGILTV, weight CDR1b
2024-11-13 19:22:26,841 - INFO - Processing rows 2050 to 2075 for swaps, peptide ELAGIGILTV, weight CDR1b
2024-11-13 19:22:30,615 - INFO - Processing rows 2075 to 2100 for swaps, peptide ELAGIGILTV, weight CDR1b
2024-11-13 19:22:34,354 - INFO - Processing rows 2100 to 2125 for swaps, peptide ELAGIGILTV, weight CDR1b
2024-11-13 19:22:38,062 - INFO - Processing rows 2125 to 2150 for swaps, peptide ELAGIGILTV, weight CDR1b
2024-11-13 19:22:42,211 - INFO - Processing rows 2150 to 2175 for swaps, peptide ELAGIGILTV, weight CDR1b
2024-11-13 19:22:46,309 - INFO - Processing rows 2175 to 2200 for swaps, peptide ELAGIGILTV, weight CDR1b
2024-11-13 19:22:50,478 - INFO - Processing rows 2200 to 2225 for swaps, peptide ELAGIGILTV, weight CDR1b
2024-11-13 19:22:54,661 - INFO - Processing rows 2225 to 2250 for swaps, peptide ELAGIGILTV, weight CDR1b
2024-11-13 19:22:58,749 - INFO - Processing rows 2250 to 2275 for swaps, peptide ELAGIGILTV, weight CDR1b
2024-11-13 19:23:02,928 - INFO - Processing rows 2275 to 2300 for swaps, peptide ELAGIGILTV, weight CDR1b
2024-11-13 19:23:07,095 - INFO - Processing rows 2300 to 2325 for swaps, peptide ELAGIGILTV, weight CDR1b
2024-11-13 19:23:11,276 - INFO - Processing rows 2325 to 2350 for swaps, peptide ELAGIGILTV, weight CDR1b
2024-11-13 19:23:14,998 - INFO - Processing rows 2350 to 2375 for swaps, peptide ELAGIGILTV, weight CDR1b
2024-11-13 19:23:19,183 - INFO - Processing rows 2375 to 2400 for swaps, peptide ELAGIGILTV, weight CDR1b
2024-11-13 19:23:23,365 - INFO - Processing rows 2400 to 2425 for swaps, peptide ELAGIGILTV, weight CDR1b
2024-11-13 19:23:27,533 - INFO - Processing rows 2425 to 2450 for swaps, peptide ELAGIGILTV, weight CDR1b
2024-11-13 19:23:31,632 - INFO - Processing rows 2450 to 2475 for swaps, peptide ELAGIGILTV, weight CDR1b
2024-11-13 19:23:35,804 - INFO - Processing rows 2475 to 2500 for swaps, peptide ELAGIGILTV, weight CDR1b
2024-11-13 19:23:39,929 - INFO - Processing rows 2500 to 2525 for swaps, peptide ELAGIGILTV, weight CDR1b
2024-11-13 19:23:44,012 - INFO - Processing rows 2525 to 2550 for swaps, peptide ELAGIGILTV, weight CDR1b
2024-11-13 19:23:48,110 - INFO - Processing rows 2550 to 2575 for swaps, peptide ELAGIGILTV, weight CDR1b
2024-11-13 19:23:52,191 - INFO - Processing rows 2575 to 2600 for swaps, peptide ELAGIGILTV, weight CDR1b
2024-11-13 19:23:56,291 - INFO - Processing rows 2600 to 2625 for swaps, peptide ELAGIGILTV, weight CDR1b
2024-11-13 19:24:00,373 - INFO - Processing rows 2625 to 2650 for swaps, peptide ELAGIGILTV, weight CDR1b
2024-11-13 19:24:04,471 - INFO - Processing rows 2650 to 2675 for swaps, peptide ELAGIGILTV, weight CDR1b
2024-11-13 19:24:08,553 - INFO - Processing rows 2675 to 2700 for swaps, peptide ELAGIGILTV, weight CDR1b
2024-11-13 19:24:12,651 - INFO - Processing rows 2700 to 2725 for swaps, peptide ELAGIGILTV, weight CDR1b
2024-11-13 19:24:16,734 - INFO - Processing rows 2725 to 2742 for swaps, peptide ELAGIGILTV, weight CDR1b
Traceback (most recent call last):
  File "/net/mimer/mnt/tank/projects2/emison/language_model/27th_Oct_new_matrices/04.11_new_esm/12.11/run_esm_swaps.py", line 90, in <module>
    process_sequences(df_filtered, peptide, weight, "swaps")
  File "/net/mimer/mnt/tank/projects2/emison/language_model/27th_Oct_new_matrices/04.11_new_esm/12.11/run_esm_swaps.py", line 82, in process_sequences
    output_df.insert(0, "raw_index", raw_indexes)
  File "/home/projects2/emison/language_model/miniconda3/envs/esm2_emison/lib/python3.12/site-packages/pandas/core/frame.py", line 5171, in insert
    value, refs = self._sanitize_column(value)
                  ^^^^^^^^^^^^^^^^^^^^^^^^^^^^
  File "/home/projects2/emison/language_model/miniconda3/envs/esm2_emison/lib/python3.12/site-packages/pandas/core/frame.py", line 5266, in _sanitize_column
    com.require_length_match(value, self.index)
  File "/home/projects2/emison/language_model/miniconda3/envs/esm2_emison/lib/python3.12/site-packages/pandas/core/common.py", line 573, in require_length_match
    raise ValueError(
ValueError: Length of values (2742) does not match length of index (17)
