2024-11-14 08:17:22,329 - INFO - Loading and filtering dataset for peptide ELAGIGILTV
2024-11-14 08:17:22,671 - INFO - Processing dataset for peptide ELAGIGILTV with weight CDR1b
2024-11-14 08:17:22,673 - INFO - Processing rows 0 to 25 for swaps, peptide ELAGIGILTV, weight CDR1b
2024-11-14 08:17:25,521 - INFO - Processing rows 25 to 50 for swaps, peptide ELAGIGILTV, weight CDR1b
2024-11-14 08:17:28,367 - INFO - Processing rows 50 to 75 for swaps, peptide ELAGIGILTV, weight CDR1b
2024-11-14 08:17:31,590 - INFO - Processing rows 75 to 100 for swaps, peptide ELAGIGILTV, weight CDR1b
2024-11-14 08:17:34,993 - INFO - Processing rows 100 to 125 for swaps, peptide ELAGIGILTV, weight CDR1b
2024-11-14 08:17:37,680 - INFO - Processing rows 125 to 150 for swaps, peptide ELAGIGILTV, weight CDR1b
2024-11-14 08:17:40,617 - INFO - Processing rows 150 to 175 for swaps, peptide ELAGIGILTV, weight CDR1b
2024-11-14 08:17:43,535 - INFO - Processing rows 175 to 200 for swaps, peptide ELAGIGILTV, weight CDR1b
2024-11-14 08:17:46,478 - INFO - Processing rows 200 to 225 for swaps, peptide ELAGIGILTV, weight CDR1b
2024-11-14 08:17:49,118 - INFO - Processing rows 225 to 250 for swaps, peptide ELAGIGILTV, weight CDR1b
2024-11-14 08:17:52,022 - INFO - Processing rows 250 to 275 for swaps, peptide ELAGIGILTV, weight CDR1b
2024-11-14 08:17:55,097 - INFO - Processing rows 275 to 300 for swaps, peptide ELAGIGILTV, weight CDR1b
2024-11-14 08:17:58,229 - INFO - Processing rows 300 to 325 for swaps, peptide ELAGIGILTV, weight CDR1b
2024-11-14 08:18:01,355 - INFO - Processing rows 325 to 350 for swaps, peptide ELAGIGILTV, weight CDR1b
2024-11-14 08:18:04,466 - INFO - Processing rows 350 to 375 for swaps, peptide ELAGIGILTV, weight CDR1b
2024-11-14 08:18:07,579 - INFO - Processing rows 375 to 400 for swaps, peptide ELAGIGILTV, weight CDR1b
2024-11-14 08:18:10,717 - INFO - Processing rows 400 to 425 for swaps, peptide ELAGIGILTV, weight CDR1b
2024-11-14 08:18:13,842 - INFO - Processing rows 425 to 450 for swaps, peptide ELAGIGILTV, weight CDR1b
2024-11-14 08:18:16,854 - INFO - Processing rows 450 to 475 for swaps, peptide ELAGIGILTV, weight CDR1b
2024-11-14 08:18:19,970 - INFO - Processing rows 475 to 500 for swaps, peptide ELAGIGILTV, weight CDR1b
2024-11-14 08:18:23,177 - INFO - Processing rows 500 to 525 for swaps, peptide ELAGIGILTV, weight CDR1b
2024-11-14 08:18:26,458 - INFO - Processing rows 525 to 550 for swaps, peptide ELAGIGILTV, weight CDR1b
2024-11-14 08:18:29,767 - INFO - Processing rows 550 to 575 for swaps, peptide ELAGIGILTV, weight CDR1b
2024-11-14 08:18:33,159 - INFO - Processing rows 575 to 600 for swaps, peptide ELAGIGILTV, weight CDR1b
2024-11-14 08:18:36,415 - INFO - Processing rows 600 to 625 for swaps, peptide ELAGIGILTV, weight CDR1b
2024-11-14 08:18:39,984 - INFO - Processing rows 625 to 650 for swaps, peptide ELAGIGILTV, weight CDR1b
2024-11-14 08:18:43,227 - INFO - Processing rows 650 to 675 for swaps, peptide ELAGIGILTV, weight CDR1b
2024-11-14 08:18:46,192 - INFO - Processing rows 675 to 700 for swaps, peptide ELAGIGILTV, weight CDR1b
2024-11-14 08:18:49,473 - INFO - Processing rows 700 to 725 for swaps, peptide ELAGIGILTV, weight CDR1b
2024-11-14 08:18:52,698 - INFO - Processing rows 725 to 750 for swaps, peptide ELAGIGILTV, weight CDR1b
2024-11-14 08:18:55,966 - INFO - Processing rows 750 to 775 for swaps, peptide ELAGIGILTV, weight CDR1b
2024-11-14 08:18:59,200 - INFO - Processing rows 775 to 800 for swaps, peptide ELAGIGILTV, weight CDR1b
2024-11-14 08:19:02,366 - INFO - Processing rows 800 to 825 for swaps, peptide ELAGIGILTV, weight CDR1b
2024-11-14 08:19:06,153 - INFO - Processing rows 825 to 850 for swaps, peptide ELAGIGILTV, weight CDR1b
2024-11-14 08:19:09,287 - INFO - Processing rows 850 to 875 for swaps, peptide ELAGIGILTV, weight CDR1b
2024-11-14 08:19:12,464 - INFO - Processing rows 875 to 900 for swaps, peptide ELAGIGILTV, weight CDR1b
2024-11-14 08:19:15,509 - INFO - Processing rows 900 to 925 for swaps, peptide ELAGIGILTV, weight CDR1b
2024-11-14 08:19:18,263 - INFO - Processing rows 925 to 950 for swaps, peptide ELAGIGILTV, weight CDR1b
2024-11-14 08:19:21,374 - INFO - Processing rows 950 to 975 for swaps, peptide ELAGIGILTV, weight CDR1b
2024-11-14 08:19:24,442 - INFO - Processing rows 975 to 1000 for swaps, peptide ELAGIGILTV, weight CDR1b
2024-11-14 08:19:27,446 - INFO - Processing rows 1000 to 1025 for swaps, peptide ELAGIGILTV, weight CDR1b
2024-11-14 08:19:30,582 - INFO - Processing rows 1025 to 1050 for swaps, peptide ELAGIGILTV, weight CDR1b
2024-11-14 08:19:33,641 - INFO - Processing rows 1050 to 1075 for swaps, peptide ELAGIGILTV, weight CDR1b
2024-11-14 08:19:36,742 - INFO - Processing rows 1075 to 1100 for swaps, peptide ELAGIGILTV, weight CDR1b
2024-11-14 08:19:39,788 - INFO - Processing rows 1100 to 1125 for swaps, peptide ELAGIGILTV, weight CDR1b
2024-11-14 08:19:42,899 - INFO - Processing rows 1125 to 1150 for swaps, peptide ELAGIGILTV, weight CDR1b
2024-11-14 08:19:45,964 - INFO - Processing rows 1150 to 1175 for swaps, peptide ELAGIGILTV, weight CDR1b
2024-11-14 08:19:49,156 - INFO - Processing rows 1175 to 1200 for swaps, peptide ELAGIGILTV, weight CDR1b
2024-11-14 08:19:52,331 - INFO - Processing rows 1200 to 1225 for swaps, peptide ELAGIGILTV, weight CDR1b
2024-11-14 08:19:55,206 - INFO - Processing rows 1225 to 1250 for swaps, peptide ELAGIGILTV, weight CDR1b
2024-11-14 08:19:58,365 - INFO - Processing rows 1250 to 1275 for swaps, peptide ELAGIGILTV, weight CDR1b
2024-11-14 08:20:01,618 - INFO - Processing rows 1275 to 1300 for swaps, peptide ELAGIGILTV, weight CDR1b
2024-11-14 08:20:05,185 - INFO - Processing rows 1300 to 1325 for swaps, peptide ELAGIGILTV, weight CDR1b
2024-11-14 08:20:08,355 - INFO - Processing rows 1325 to 1350 for swaps, peptide ELAGIGILTV, weight CDR1b
2024-11-14 08:20:11,553 - INFO - Processing rows 1350 to 1375 for swaps, peptide ELAGIGILTV, weight CDR1b
2024-11-14 08:20:14,333 - INFO - Processing rows 1375 to 1400 for swaps, peptide ELAGIGILTV, weight CDR1b
2024-11-14 08:20:17,181 - INFO - Processing rows 1400 to 1425 for swaps, peptide ELAGIGILTV, weight CDR1b
2024-11-14 08:20:20,304 - INFO - Processing rows 1425 to 1450 for swaps, peptide ELAGIGILTV, weight CDR1b
2024-11-14 08:20:23,478 - INFO - Processing rows 1450 to 1475 for swaps, peptide ELAGIGILTV, weight CDR1b
2024-11-14 08:20:26,659 - INFO - Processing rows 1475 to 1500 for swaps, peptide ELAGIGILTV, weight CDR1b
2024-11-14 08:20:29,717 - INFO - Processing rows 1500 to 1525 for swaps, peptide ELAGIGILTV, weight CDR1b
2024-11-14 08:20:32,824 - INFO - Processing rows 1525 to 1550 for swaps, peptide ELAGIGILTV, weight CDR1b
2024-11-14 08:20:35,887 - INFO - Processing rows 1550 to 1575 for swaps, peptide ELAGIGILTV, weight CDR1b
2024-11-14 08:20:39,089 - INFO - Processing rows 1575 to 1600 for swaps, peptide ELAGIGILTV, weight CDR1b
2024-11-14 08:20:42,110 - INFO - Processing rows 1600 to 1625 for swaps, peptide ELAGIGILTV, weight CDR1b
2024-11-14 08:20:44,788 - INFO - Processing rows 1625 to 1650 for swaps, peptide ELAGIGILTV, weight CDR1b
2024-11-14 08:20:47,730 - INFO - Processing rows 1650 to 1675 for swaps, peptide ELAGIGILTV, weight CDR1b
2024-11-14 08:20:50,893 - INFO - Processing rows 1675 to 1700 for swaps, peptide ELAGIGILTV, weight CDR1b
2024-11-14 08:20:54,174 - INFO - Processing rows 1700 to 1725 for swaps, peptide ELAGIGILTV, weight CDR1b
2024-11-14 08:20:57,169 - INFO - Processing rows 1725 to 1750 for swaps, peptide ELAGIGILTV, weight CDR1b
2024-11-14 08:21:00,230 - INFO - Processing rows 1750 to 1775 for swaps, peptide ELAGIGILTV, weight CDR1b
2024-11-14 08:21:03,247 - INFO - Processing rows 1775 to 1800 for swaps, peptide ELAGIGILTV, weight CDR1b
2024-11-14 08:21:06,001 - INFO - Processing rows 1800 to 1825 for swaps, peptide ELAGIGILTV, weight CDR1b
2024-11-14 08:21:08,879 - INFO - Processing rows 1825 to 1850 for swaps, peptide ELAGIGILTV, weight CDR1b
2024-11-14 08:21:12,097 - INFO - Processing rows 1850 to 1875 for swaps, peptide ELAGIGILTV, weight CDR1b
2024-11-14 08:21:14,950 - INFO - Processing rows 1875 to 1900 for swaps, peptide ELAGIGILTV, weight CDR1b
2024-11-14 08:21:17,947 - INFO - Processing rows 1900 to 1925 for swaps, peptide ELAGIGILTV, weight CDR1b
2024-11-14 08:21:20,915 - INFO - Processing rows 1925 to 1950 for swaps, peptide ELAGIGILTV, weight CDR1b
2024-11-14 08:21:23,831 - INFO - Processing rows 1950 to 1975 for swaps, peptide ELAGIGILTV, weight CDR1b
2024-11-14 08:21:26,693 - INFO - Processing rows 1975 to 2000 for swaps, peptide ELAGIGILTV, weight CDR1b
2024-11-14 08:21:29,546 - INFO - Processing rows 2000 to 2025 for swaps, peptide ELAGIGILTV, weight CDR1b
2024-11-14 08:21:32,454 - INFO - Processing rows 2025 to 2050 for swaps, peptide ELAGIGILTV, weight CDR1b
2024-11-14 08:21:35,278 - INFO - Processing rows 2050 to 2075 for swaps, peptide ELAGIGILTV, weight CDR1b
2024-11-14 08:21:37,908 - INFO - Processing rows 2075 to 2100 for swaps, peptide ELAGIGILTV, weight CDR1b
2024-11-14 08:21:40,481 - INFO - Processing rows 2100 to 2125 for swaps, peptide ELAGIGILTV, weight CDR1b
2024-11-14 08:21:43,029 - INFO - Processing rows 2125 to 2150 for swaps, peptide ELAGIGILTV, weight CDR1b
2024-11-14 08:21:45,815 - INFO - Processing rows 2150 to 2175 for swaps, peptide ELAGIGILTV, weight CDR1b
2024-11-14 08:21:48,614 - INFO - Processing rows 2175 to 2200 for swaps, peptide ELAGIGILTV, weight CDR1b
2024-11-14 08:21:51,510 - INFO - Processing rows 2200 to 2225 for swaps, peptide ELAGIGILTV, weight CDR1b
2024-11-14 08:21:54,410 - INFO - Processing rows 2225 to 2250 for swaps, peptide ELAGIGILTV, weight CDR1b
2024-11-14 08:21:57,292 - INFO - Processing rows 2250 to 2275 for swaps, peptide ELAGIGILTV, weight CDR1b
2024-11-14 08:22:00,204 - INFO - Processing rows 2275 to 2300 for swaps, peptide ELAGIGILTV, weight CDR1b
2024-11-14 08:22:03,146 - INFO - Processing rows 2300 to 2325 for swaps, peptide ELAGIGILTV, weight CDR1b
2024-11-14 08:22:06,314 - INFO - Processing rows 2325 to 2350 for swaps, peptide ELAGIGILTV, weight CDR1b
2024-11-14 08:22:09,175 - INFO - Processing rows 2350 to 2375 for swaps, peptide ELAGIGILTV, weight CDR1b
2024-11-14 08:22:12,521 - INFO - Processing rows 2375 to 2400 for swaps, peptide ELAGIGILTV, weight CDR1b
2024-11-14 08:22:15,385 - INFO - Processing rows 2400 to 2425 for swaps, peptide ELAGIGILTV, weight CDR1b
2024-11-14 08:22:18,275 - INFO - Processing rows 2425 to 2450 for swaps, peptide ELAGIGILTV, weight CDR1b
2024-11-14 08:22:21,093 - INFO - Processing rows 2450 to 2475 for swaps, peptide ELAGIGILTV, weight CDR1b
2024-11-14 08:22:23,918 - INFO - Processing rows 2475 to 2500 for swaps, peptide ELAGIGILTV, weight CDR1b
2024-11-14 08:22:26,787 - INFO - Processing rows 2500 to 2525 for swaps, peptide ELAGIGILTV, weight CDR1b
2024-11-14 08:22:29,622 - INFO - Processing rows 2525 to 2550 for swaps, peptide ELAGIGILTV, weight CDR1b
2024-11-14 08:22:32,496 - INFO - Processing rows 2550 to 2575 for swaps, peptide ELAGIGILTV, weight CDR1b
2024-11-14 08:22:35,340 - INFO - Processing rows 2575 to 2600 for swaps, peptide ELAGIGILTV, weight CDR1b
2024-11-14 08:22:38,168 - INFO - Processing rows 2600 to 2625 for swaps, peptide ELAGIGILTV, weight CDR1b
2024-11-14 08:22:41,036 - INFO - Processing rows 2625 to 2650 for swaps, peptide ELAGIGILTV, weight CDR1b
2024-11-14 08:22:43,896 - INFO - Processing rows 2650 to 2675 for swaps, peptide ELAGIGILTV, weight CDR1b
2024-11-14 08:22:46,781 - INFO - Processing rows 2675 to 2700 for swaps, peptide ELAGIGILTV, weight CDR1b
2024-11-14 08:22:49,632 - INFO - Processing rows 2700 to 2725 for swaps, peptide ELAGIGILTV, weight CDR1b
2024-11-14 08:22:52,527 - INFO - Processing rows 2725 to 2742 for swaps, peptide ELAGIGILTV, weight CDR1b
2024-11-14 08:22:54,546 - INFO - ESM finished.. Saving file...
2024-11-14 08:28:28,214 - INFO - Saved to /net/mimer/mnt/tank/projects2/emison/language_model/27th_Oct_new_matrices/04.11_new_esm/12.11/sequence_summed_vectors_swaps_ELAGIGILTV_CDR1b.csv
