2024-11-13 19:18:02,131 - INFO - Loading and filtering dataset for peptide ELAGIGILTV
2024-11-13 19:18:02,492 - INFO - Processing dataset for peptide ELAGIGILTV with weight TCRa
2024-11-13 19:18:02,494 - INFO - Processing rows 0 to 25 for swaps, peptide ELAGIGILTV, weight TCRa
2024-11-13 19:20:34,547 - INFO - Processing rows 25 to 50 for swaps, peptide ELAGIGILTV, weight TCRa
2024-11-13 19:23:02,774 - INFO - Processing rows 50 to 75 for swaps, peptide ELAGIGILTV, weight TCRa
2024-11-13 19:25:10,297 - INFO - Processing rows 75 to 100 for swaps, peptide ELAGIGILTV, weight TCRa
2024-11-13 19:26:56,676 - INFO - Processing rows 100 to 125 for swaps, peptide ELAGIGILTV, weight TCRa
2024-11-13 19:28:46,432 - INFO - Processing rows 125 to 150 for swaps, peptide ELAGIGILTV, weight TCRa
2024-11-13 19:30:37,453 - INFO - Processing rows 150 to 175 for swaps, peptide ELAGIGILTV, weight TCRa
2024-11-13 19:32:31,210 - INFO - Processing rows 175 to 200 for swaps, peptide ELAGIGILTV, weight TCRa
2024-11-13 19:34:20,800 - INFO - Processing rows 200 to 225 for swaps, peptide ELAGIGILTV, weight TCRa
2024-11-13 19:36:09,280 - INFO - Processing rows 225 to 250 for swaps, peptide ELAGIGILTV, weight TCRa
2024-11-13 19:37:54,318 - INFO - Processing rows 250 to 275 for swaps, peptide ELAGIGILTV, weight TCRa
2024-11-13 19:39:43,054 - INFO - Processing rows 275 to 300 for swaps, peptide ELAGIGILTV, weight TCRa
2024-11-13 19:41:33,192 - INFO - Processing rows 300 to 325 for swaps, peptide ELAGIGILTV, weight TCRa
2024-11-13 19:43:23,105 - INFO - Processing rows 325 to 350 for swaps, peptide ELAGIGILTV, weight TCRa
2024-11-13 19:45:04,446 - INFO - Processing rows 350 to 375 for swaps, peptide ELAGIGILTV, weight TCRa
2024-11-13 19:46:51,120 - INFO - Processing rows 375 to 400 for swaps, peptide ELAGIGILTV, weight TCRa
2024-11-13 19:48:36,063 - INFO - Processing rows 400 to 425 for swaps, peptide ELAGIGILTV, weight TCRa
2024-11-13 19:50:18,803 - INFO - Processing rows 425 to 450 for swaps, peptide ELAGIGILTV, weight TCRa
2024-11-13 19:52:02,472 - INFO - Processing rows 450 to 475 for swaps, peptide ELAGIGILTV, weight TCRa
2024-11-13 19:53:47,858 - INFO - Processing rows 475 to 500 for swaps, peptide ELAGIGILTV, weight TCRa
2024-11-13 19:55:33,701 - INFO - Processing rows 500 to 525 for swaps, peptide ELAGIGILTV, weight TCRa
2024-11-13 19:57:17,950 - INFO - Processing rows 525 to 550 for swaps, peptide ELAGIGILTV, weight TCRa
2024-11-13 19:59:02,428 - INFO - Processing rows 550 to 575 for swaps, peptide ELAGIGILTV, weight TCRa
2024-11-13 20:00:49,112 - INFO - Processing rows 575 to 600 for swaps, peptide ELAGIGILTV, weight TCRa
2024-11-13 20:02:33,161 - INFO - Processing rows 600 to 625 for swaps, peptide ELAGIGILTV, weight TCRa
2024-11-13 20:04:18,224 - INFO - Processing rows 625 to 650 for swaps, peptide ELAGIGILTV, weight TCRa
2024-11-13 20:06:02,300 - INFO - Processing rows 650 to 675 for swaps, peptide ELAGIGILTV, weight TCRa
2024-11-13 20:07:47,315 - INFO - Processing rows 675 to 700 for swaps, peptide ELAGIGILTV, weight TCRa
2024-11-13 20:09:33,525 - INFO - Processing rows 700 to 725 for swaps, peptide ELAGIGILTV, weight TCRa
2024-11-13 20:11:26,522 - INFO - Processing rows 725 to 750 for swaps, peptide ELAGIGILTV, weight TCRa
2024-11-13 20:13:20,325 - INFO - Processing rows 750 to 775 for swaps, peptide ELAGIGILTV, weight TCRa
2024-11-13 20:15:09,093 - INFO - Processing rows 775 to 800 for swaps, peptide ELAGIGILTV, weight TCRa
2024-11-13 20:16:51,110 - INFO - Processing rows 800 to 825 for swaps, peptide ELAGIGILTV, weight TCRa
2024-11-13 20:18:35,197 - INFO - Processing rows 825 to 850 for swaps, peptide ELAGIGILTV, weight TCRa
2024-11-13 20:20:19,058 - INFO - Processing rows 850 to 875 for swaps, peptide ELAGIGILTV, weight TCRa
2024-11-13 20:21:58,803 - INFO - Processing rows 875 to 900 for swaps, peptide ELAGIGILTV, weight TCRa
2024-11-13 20:23:39,849 - INFO - Processing rows 900 to 925 for swaps, peptide ELAGIGILTV, weight TCRa
2024-11-13 20:25:18,423 - INFO - Processing rows 925 to 950 for swaps, peptide ELAGIGILTV, weight TCRa
2024-11-13 20:27:00,895 - INFO - Processing rows 950 to 975 for swaps, peptide ELAGIGILTV, weight TCRa
2024-11-13 20:28:40,032 - INFO - Processing rows 975 to 1000 for swaps, peptide ELAGIGILTV, weight TCRa
2024-11-13 20:30:17,974 - INFO - Processing rows 1000 to 1025 for swaps, peptide ELAGIGILTV, weight TCRa
2024-11-13 20:32:02,605 - INFO - Processing rows 1025 to 1050 for swaps, peptide ELAGIGILTV, weight TCRa
2024-11-13 20:33:46,552 - INFO - Processing rows 1050 to 1075 for swaps, peptide ELAGIGILTV, weight TCRa
2024-11-13 20:35:28,647 - INFO - Processing rows 1075 to 1100 for swaps, peptide ELAGIGILTV, weight TCRa
2024-11-13 20:37:09,145 - INFO - Processing rows 1100 to 1125 for swaps, peptide ELAGIGILTV, weight TCRa
2024-11-13 20:38:48,206 - INFO - Processing rows 1125 to 1150 for swaps, peptide ELAGIGILTV, weight TCRa
2024-11-13 20:40:25,172 - INFO - Processing rows 1150 to 1175 for swaps, peptide ELAGIGILTV, weight TCRa
2024-11-13 20:42:04,105 - INFO - Processing rows 1175 to 1200 for swaps, peptide ELAGIGILTV, weight TCRa
2024-11-13 20:43:46,494 - INFO - Processing rows 1200 to 1225 for swaps, peptide ELAGIGILTV, weight TCRa
2024-11-13 20:45:32,940 - INFO - Processing rows 1225 to 1250 for swaps, peptide ELAGIGILTV, weight TCRa
2024-11-13 20:47:20,694 - INFO - Processing rows 1250 to 1275 for swaps, peptide ELAGIGILTV, weight TCRa
2024-11-13 20:49:31,947 - INFO - Processing rows 1275 to 1300 for swaps, peptide ELAGIGILTV, weight TCRa
2024-11-13 20:51:16,561 - INFO - Processing rows 1300 to 1325 for swaps, peptide ELAGIGILTV, weight TCRa
2024-11-13 20:53:00,009 - INFO - Processing rows 1325 to 1350 for swaps, peptide ELAGIGILTV, weight TCRa
2024-11-13 20:54:44,557 - INFO - Processing rows 1350 to 1375 for swaps, peptide ELAGIGILTV, weight TCRa
2024-11-13 20:56:29,253 - INFO - Processing rows 1375 to 1400 for swaps, peptide ELAGIGILTV, weight TCRa
2024-11-13 20:58:08,815 - INFO - Processing rows 1400 to 1425 for swaps, peptide ELAGIGILTV, weight TCRa
2024-11-13 20:59:47,643 - INFO - Processing rows 1425 to 1450 for swaps, peptide ELAGIGILTV, weight TCRa
2024-11-13 21:01:32,167 - INFO - Processing rows 1450 to 1475 for swaps, peptide ELAGIGILTV, weight TCRa
2024-11-13 21:03:14,409 - INFO - Processing rows 1475 to 1500 for swaps, peptide ELAGIGILTV, weight TCRa
2024-11-13 21:04:56,293 - INFO - Processing rows 1500 to 1525 for swaps, peptide ELAGIGILTV, weight TCRa
2024-11-13 21:06:38,717 - INFO - Processing rows 1525 to 1550 for swaps, peptide ELAGIGILTV, weight TCRa
2024-11-13 21:08:14,844 - INFO - Processing rows 1550 to 1575 for swaps, peptide ELAGIGILTV, weight TCRa
2024-11-13 21:09:49,966 - INFO - Processing rows 1575 to 1600 for swaps, peptide ELAGIGILTV, weight TCRa
2024-11-13 21:11:24,545 - INFO - Processing rows 1600 to 1625 for swaps, peptide ELAGIGILTV, weight TCRa
2024-11-13 21:13:02,359 - INFO - Processing rows 1625 to 1650 for swaps, peptide ELAGIGILTV, weight TCRa
2024-11-13 21:14:40,951 - INFO - Processing rows 1650 to 1675 for swaps, peptide ELAGIGILTV, weight TCRa
2024-11-13 21:16:18,449 - INFO - Processing rows 1675 to 1700 for swaps, peptide ELAGIGILTV, weight TCRa
2024-11-13 21:17:54,182 - INFO - Processing rows 1700 to 1725 for swaps, peptide ELAGIGILTV, weight TCRa
2024-11-13 21:19:25,035 - INFO - Processing rows 1725 to 1750 for swaps, peptide ELAGIGILTV, weight TCRa
2024-11-13 21:20:51,623 - INFO - Processing rows 1750 to 1775 for swaps, peptide ELAGIGILTV, weight TCRa
2024-11-13 21:22:17,598 - INFO - Processing rows 1775 to 1800 for swaps, peptide ELAGIGILTV, weight TCRa
2024-11-13 21:23:44,292 - INFO - Processing rows 1800 to 1825 for swaps, peptide ELAGIGILTV, weight TCRa
2024-11-13 21:25:13,343 - INFO - Processing rows 1825 to 1850 for swaps, peptide ELAGIGILTV, weight TCRa
2024-11-13 21:26:38,301 - INFO - Processing rows 1850 to 1875 for swaps, peptide ELAGIGILTV, weight TCRa
2024-11-13 21:28:05,921 - INFO - Processing rows 1875 to 1900 for swaps, peptide ELAGIGILTV, weight TCRa
2024-11-13 21:29:28,695 - INFO - Processing rows 1900 to 1925 for swaps, peptide ELAGIGILTV, weight TCRa
2024-11-13 21:30:53,933 - INFO - Processing rows 1925 to 1950 for swaps, peptide ELAGIGILTV, weight TCRa
2024-11-13 21:32:17,718 - INFO - Processing rows 1950 to 1975 for swaps, peptide ELAGIGILTV, weight TCRa
2024-11-13 21:33:42,823 - INFO - Processing rows 1975 to 2000 for swaps, peptide ELAGIGILTV, weight TCRa
2024-11-13 21:35:09,892 - INFO - Processing rows 2000 to 2025 for swaps, peptide ELAGIGILTV, weight TCRa
2024-11-13 21:36:34,678 - INFO - Processing rows 2025 to 2050 for swaps, peptide ELAGIGILTV, weight TCRa
2024-11-13 21:37:59,548 - INFO - Processing rows 2050 to 2075 for swaps, peptide ELAGIGILTV, weight TCRa
2024-11-13 21:39:24,950 - INFO - Processing rows 2075 to 2100 for swaps, peptide ELAGIGILTV, weight TCRa
2024-11-13 21:40:48,516 - INFO - Processing rows 2100 to 2125 for swaps, peptide ELAGIGILTV, weight TCRa
2024-11-13 21:42:15,067 - INFO - Processing rows 2125 to 2150 for swaps, peptide ELAGIGILTV, weight TCRa
2024-11-13 21:43:40,793 - INFO - Processing rows 2150 to 2175 for swaps, peptide ELAGIGILTV, weight TCRa
2024-11-13 21:45:07,155 - INFO - Processing rows 2175 to 2200 for swaps, peptide ELAGIGILTV, weight TCRa
2024-11-13 21:46:31,466 - INFO - Processing rows 2200 to 2225 for swaps, peptide ELAGIGILTV, weight TCRa
2024-11-13 21:47:57,685 - INFO - Processing rows 2225 to 2250 for swaps, peptide ELAGIGILTV, weight TCRa
2024-11-13 21:49:22,674 - INFO - Processing rows 2250 to 2275 for swaps, peptide ELAGIGILTV, weight TCRa
2024-11-13 21:50:49,910 - INFO - Processing rows 2275 to 2300 for swaps, peptide ELAGIGILTV, weight TCRa
2024-11-13 21:52:16,425 - INFO - Processing rows 2300 to 2325 for swaps, peptide ELAGIGILTV, weight TCRa
2024-11-13 21:53:43,789 - INFO - Processing rows 2325 to 2350 for swaps, peptide ELAGIGILTV, weight TCRa
2024-11-13 21:55:10,274 - INFO - Processing rows 2350 to 2375 for swaps, peptide ELAGIGILTV, weight TCRa
2024-11-13 21:56:36,795 - INFO - Processing rows 2375 to 2400 for swaps, peptide ELAGIGILTV, weight TCRa
2024-11-13 21:58:04,716 - INFO - Processing rows 2400 to 2425 for swaps, peptide ELAGIGILTV, weight TCRa
2024-11-13 21:59:32,823 - INFO - Processing rows 2425 to 2450 for swaps, peptide ELAGIGILTV, weight TCRa
2024-11-13 22:01:00,089 - INFO - Processing rows 2450 to 2475 for swaps, peptide ELAGIGILTV, weight TCRa
2024-11-13 22:02:27,974 - INFO - Processing rows 2475 to 2500 for swaps, peptide ELAGIGILTV, weight TCRa
2024-11-13 22:03:56,920 - INFO - Processing rows 2500 to 2525 for swaps, peptide ELAGIGILTV, weight TCRa
2024-11-13 22:05:24,123 - INFO - Processing rows 2525 to 2550 for swaps, peptide ELAGIGILTV, weight TCRa
2024-11-13 22:06:50,945 - INFO - Processing rows 2550 to 2575 for swaps, peptide ELAGIGILTV, weight TCRa
2024-11-13 22:08:18,574 - INFO - Processing rows 2575 to 2600 for swaps, peptide ELAGIGILTV, weight TCRa
2024-11-13 22:09:45,920 - INFO - Processing rows 2600 to 2625 for swaps, peptide ELAGIGILTV, weight TCRa
2024-11-13 22:11:09,984 - INFO - Processing rows 2625 to 2650 for swaps, peptide ELAGIGILTV, weight TCRa
2024-11-13 22:12:38,411 - INFO - Processing rows 2650 to 2675 for swaps, peptide ELAGIGILTV, weight TCRa
2024-11-13 22:14:05,291 - INFO - Processing rows 2675 to 2700 for swaps, peptide ELAGIGILTV, weight TCRa
2024-11-13 22:15:39,858 - INFO - Processing rows 2700 to 2725 for swaps, peptide ELAGIGILTV, weight TCRa
2024-11-13 22:17:05,075 - INFO - Processing rows 2725 to 2742 for swaps, peptide ELAGIGILTV, weight TCRa
Traceback (most recent call last):
  File "/net/mimer/mnt/tank/projects2/emison/language_model/27th_Oct_new_matrices/04.11_new_esm/12.11/run_esm_swaps.py", line 90, in <module>
    process_sequences(df_filtered, peptide, weight, "swaps")
  File "/net/mimer/mnt/tank/projects2/emison/language_model/27th_Oct_new_matrices/04.11_new_esm/12.11/run_esm_swaps.py", line 82, in process_sequences
    output_df.insert(0, "raw_index", raw_indexes)
  File "/home/projects2/emison/language_model/miniconda3/envs/esm2_emison/lib/python3.12/site-packages/pandas/core/frame.py", line 5171, in insert
    value, refs = self._sanitize_column(value)
                  ^^^^^^^^^^^^^^^^^^^^^^^^^^^^
  File "/home/projects2/emison/language_model/miniconda3/envs/esm2_emison/lib/python3.12/site-packages/pandas/core/frame.py", line 5266, in _sanitize_column
    com.require_length_match(value, self.index)
  File "/home/projects2/emison/language_model/miniconda3/envs/esm2_emison/lib/python3.12/site-packages/pandas/core/common.py", line 573, in require_length_match
    raise ValueError(
ValueError: Length of values (2742) does not match length of index (17)
