2024-11-14 08:00:18,719 - INFO - Loading and filtering dataset for peptide ELAGIGILTV
2024-11-14 08:00:19,194 - INFO - Processing dataset for peptide ELAGIGILTV with weight CDR1b
2024-11-14 08:00:19,196 - INFO - Processing rows 0 to 25 for swaps, peptide ELAGIGILTV, weight CDR1b
2024-11-14 08:00:23,966 - INFO - Processing rows 25 to 50 for swaps, peptide ELAGIGILTV, weight CDR1b
2024-11-14 08:00:28,671 - INFO - Processing rows 50 to 75 for swaps, peptide ELAGIGILTV, weight CDR1b
2024-11-14 08:00:33,477 - INFO - Processing rows 75 to 100 for swaps, peptide ELAGIGILTV, weight CDR1b
2024-11-14 08:00:38,315 - INFO - Processing rows 100 to 125 for swaps, peptide ELAGIGILTV, weight CDR1b
2024-11-14 08:00:42,603 - INFO - Processing rows 125 to 150 for swaps, peptide ELAGIGILTV, weight CDR1b
2024-11-14 08:00:47,444 - INFO - Processing rows 150 to 175 for swaps, peptide ELAGIGILTV, weight CDR1b
2024-11-14 08:00:52,279 - INFO - Processing rows 175 to 200 for swaps, peptide ELAGIGILTV, weight CDR1b
2024-11-14 08:00:57,077 - INFO - Processing rows 200 to 225 for swaps, peptide ELAGIGILTV, weight CDR1b
2024-11-14 08:01:01,217 - INFO - Processing rows 225 to 250 for swaps, peptide ELAGIGILTV, weight CDR1b
2024-11-14 08:01:05,974 - INFO - Processing rows 250 to 275 for swaps, peptide ELAGIGILTV, weight CDR1b
2024-11-14 08:01:10,505 - INFO - Processing rows 275 to 300 for swaps, peptide ELAGIGILTV, weight CDR1b
2024-11-14 08:01:15,207 - INFO - Processing rows 300 to 325 for swaps, peptide ELAGIGILTV, weight CDR1b
2024-11-14 08:01:19,705 - INFO - Processing rows 325 to 350 for swaps, peptide ELAGIGILTV, weight CDR1b
2024-11-14 08:01:24,476 - INFO - Processing rows 350 to 375 for swaps, peptide ELAGIGILTV, weight CDR1b
2024-11-14 08:01:29,071 - INFO - Processing rows 375 to 400 for swaps, peptide ELAGIGILTV, weight CDR1b
2024-11-14 08:01:33,611 - INFO - Processing rows 400 to 425 for swaps, peptide ELAGIGILTV, weight CDR1b
2024-11-14 08:01:38,020 - INFO - Processing rows 425 to 450 for swaps, peptide ELAGIGILTV, weight CDR1b
2024-11-14 08:01:42,484 - INFO - Processing rows 450 to 475 for swaps, peptide ELAGIGILTV, weight CDR1b
2024-11-14 08:01:47,170 - INFO - Processing rows 475 to 500 for swaps, peptide ELAGIGILTV, weight CDR1b
2024-11-14 08:01:51,705 - INFO - Processing rows 500 to 525 for swaps, peptide ELAGIGILTV, weight CDR1b
2024-11-14 08:01:56,414 - INFO - Processing rows 525 to 550 for swaps, peptide ELAGIGILTV, weight CDR1b
2024-11-14 08:02:00,820 - INFO - Processing rows 550 to 575 for swaps, peptide ELAGIGILTV, weight CDR1b
2024-11-14 08:02:05,563 - INFO - Processing rows 575 to 600 for swaps, peptide ELAGIGILTV, weight CDR1b
2024-11-14 08:02:10,058 - INFO - Processing rows 600 to 625 for swaps, peptide ELAGIGILTV, weight CDR1b
2024-11-14 08:02:14,437 - INFO - Processing rows 625 to 650 for swaps, peptide ELAGIGILTV, weight CDR1b
2024-11-14 08:02:18,767 - INFO - Processing rows 650 to 675 for swaps, peptide ELAGIGILTV, weight CDR1b
2024-11-14 08:02:22,588 - INFO - Processing rows 675 to 700 for swaps, peptide ELAGIGILTV, weight CDR1b
2024-11-14 08:02:26,807 - INFO - Processing rows 700 to 725 for swaps, peptide ELAGIGILTV, weight CDR1b
2024-11-14 08:02:31,163 - INFO - Processing rows 725 to 750 for swaps, peptide ELAGIGILTV, weight CDR1b
2024-11-14 08:02:35,368 - INFO - Processing rows 750 to 775 for swaps, peptide ELAGIGILTV, weight CDR1b
2024-11-14 08:02:39,607 - INFO - Processing rows 775 to 800 for swaps, peptide ELAGIGILTV, weight CDR1b
2024-11-14 08:02:43,917 - INFO - Processing rows 800 to 825 for swaps, peptide ELAGIGILTV, weight CDR1b
2024-11-14 08:02:48,227 - INFO - Processing rows 825 to 850 for swaps, peptide ELAGIGILTV, weight CDR1b
2024-11-14 08:02:52,355 - INFO - Processing rows 850 to 875 for swaps, peptide ELAGIGILTV, weight CDR1b
2024-11-14 08:02:56,704 - INFO - Processing rows 875 to 900 for swaps, peptide ELAGIGILTV, weight CDR1b
2024-11-14 08:03:01,082 - INFO - Processing rows 900 to 925 for swaps, peptide ELAGIGILTV, weight CDR1b
2024-11-14 08:03:04,758 - INFO - Processing rows 925 to 950 for swaps, peptide ELAGIGILTV, weight CDR1b
2024-11-14 08:03:09,065 - INFO - Processing rows 950 to 975 for swaps, peptide ELAGIGILTV, weight CDR1b
2024-11-14 08:03:13,356 - INFO - Processing rows 975 to 1000 for swaps, peptide ELAGIGILTV, weight CDR1b
2024-11-14 08:03:17,781 - INFO - Processing rows 1000 to 1025 for swaps, peptide ELAGIGILTV, weight CDR1b
2024-11-14 08:03:21,980 - INFO - Processing rows 1025 to 1050 for swaps, peptide ELAGIGILTV, weight CDR1b
2024-11-14 08:03:26,158 - INFO - Processing rows 1050 to 1075 for swaps, peptide ELAGIGILTV, weight CDR1b
2024-11-14 08:03:30,276 - INFO - Processing rows 1075 to 1100 for swaps, peptide ELAGIGILTV, weight CDR1b
2024-11-14 08:03:34,379 - INFO - Processing rows 1100 to 1125 for swaps, peptide ELAGIGILTV, weight CDR1b
2024-11-14 08:03:38,508 - INFO - Processing rows 1125 to 1150 for swaps, peptide ELAGIGILTV, weight CDR1b
2024-11-14 08:03:42,604 - INFO - Processing rows 1150 to 1175 for swaps, peptide ELAGIGILTV, weight CDR1b
2024-11-14 08:03:46,620 - INFO - Processing rows 1175 to 1200 for swaps, peptide ELAGIGILTV, weight CDR1b
2024-11-14 08:03:50,720 - INFO - Processing rows 1200 to 1225 for swaps, peptide ELAGIGILTV, weight CDR1b
2024-11-14 08:03:54,515 - INFO - Processing rows 1225 to 1250 for swaps, peptide ELAGIGILTV, weight CDR1b
2024-11-14 08:03:58,750 - INFO - Processing rows 1250 to 1275 for swaps, peptide ELAGIGILTV, weight CDR1b
2024-11-14 08:04:03,023 - INFO - Processing rows 1275 to 1300 for swaps, peptide ELAGIGILTV, weight CDR1b
2024-11-14 08:04:15,955 - INFO - Processing rows 1300 to 1325 for swaps, peptide ELAGIGILTV, weight CDR1b
2024-11-14 08:04:18,663 - INFO - Processing rows 1325 to 1350 for swaps, peptide ELAGIGILTV, weight CDR1b
2024-11-14 08:04:21,109 - INFO - Processing rows 1350 to 1375 for swaps, peptide ELAGIGILTV, weight CDR1b
2024-11-14 08:04:23,354 - INFO - Processing rows 1375 to 1400 for swaps, peptide ELAGIGILTV, weight CDR1b
2024-11-14 08:04:25,533 - INFO - Processing rows 1400 to 1425 for swaps, peptide ELAGIGILTV, weight CDR1b
2024-11-14 08:04:27,966 - INFO - Processing rows 1425 to 1450 for swaps, peptide ELAGIGILTV, weight CDR1b
2024-11-14 08:04:30,383 - INFO - Processing rows 1450 to 1475 for swaps, peptide ELAGIGILTV, weight CDR1b
2024-11-14 08:04:32,720 - INFO - Processing rows 1475 to 1500 for swaps, peptide ELAGIGILTV, weight CDR1b
2024-11-14 08:04:35,076 - INFO - Processing rows 1500 to 1525 for swaps, peptide ELAGIGILTV, weight CDR1b
2024-11-14 08:04:37,467 - INFO - Processing rows 1525 to 1550 for swaps, peptide ELAGIGILTV, weight CDR1b
2024-11-14 08:04:39,835 - INFO - Processing rows 1550 to 1575 for swaps, peptide ELAGIGILTV, weight CDR1b
2024-11-14 08:04:42,304 - INFO - Processing rows 1575 to 1600 for swaps, peptide ELAGIGILTV, weight CDR1b
2024-11-14 08:04:44,756 - INFO - Processing rows 1600 to 1625 for swaps, peptide ELAGIGILTV, weight CDR1b
2024-11-14 08:04:46,928 - INFO - Processing rows 1625 to 1650 for swaps, peptide ELAGIGILTV, weight CDR1b
2024-11-14 08:04:49,297 - INFO - Processing rows 1650 to 1675 for swaps, peptide ELAGIGILTV, weight CDR1b
2024-11-14 08:04:51,743 - INFO - Processing rows 1675 to 1700 for swaps, peptide ELAGIGILTV, weight CDR1b
2024-11-14 08:04:54,088 - INFO - Processing rows 1700 to 1725 for swaps, peptide ELAGIGILTV, weight CDR1b
2024-11-14 08:04:56,304 - INFO - Processing rows 1725 to 1750 for swaps, peptide ELAGIGILTV, weight CDR1b
2024-11-14 08:04:58,603 - INFO - Processing rows 1750 to 1775 for swaps, peptide ELAGIGILTV, weight CDR1b
2024-11-14 08:05:00,804 - INFO - Processing rows 1775 to 1800 for swaps, peptide ELAGIGILTV, weight CDR1b
2024-11-14 08:05:02,851 - INFO - Processing rows 1800 to 1825 for swaps, peptide ELAGIGILTV, weight CDR1b
2024-11-14 08:05:05,117 - INFO - Processing rows 1825 to 1850 for swaps, peptide ELAGIGILTV, weight CDR1b
2024-11-14 08:05:07,365 - INFO - Processing rows 1850 to 1875 for swaps, peptide ELAGIGILTV, weight CDR1b
2024-11-14 08:05:09,697 - INFO - Processing rows 1875 to 1900 for swaps, peptide ELAGIGILTV, weight CDR1b
2024-11-14 08:05:12,000 - INFO - Processing rows 1900 to 1925 for swaps, peptide ELAGIGILTV, weight CDR1b
2024-11-14 08:05:14,335 - INFO - Processing rows 1925 to 1950 for swaps, peptide ELAGIGILTV, weight CDR1b
2024-11-14 08:05:16,652 - INFO - Processing rows 1950 to 1975 for swaps, peptide ELAGIGILTV, weight CDR1b
2024-11-14 08:05:18,840 - INFO - Processing rows 1975 to 2000 for swaps, peptide ELAGIGILTV, weight CDR1b
2024-11-14 08:05:21,101 - INFO - Processing rows 2000 to 2025 for swaps, peptide ELAGIGILTV, weight CDR1b
2024-11-14 08:05:23,296 - INFO - Processing rows 2025 to 2050 for swaps, peptide ELAGIGILTV, weight CDR1b
2024-11-14 08:05:25,492 - INFO - Processing rows 2050 to 2075 for swaps, peptide ELAGIGILTV, weight CDR1b
2024-11-14 08:05:27,536 - INFO - Processing rows 2075 to 2100 for swaps, peptide ELAGIGILTV, weight CDR1b
2024-11-14 08:05:29,515 - INFO - Processing rows 2100 to 2125 for swaps, peptide ELAGIGILTV, weight CDR1b
2024-11-14 08:05:31,501 - INFO - Processing rows 2125 to 2150 for swaps, peptide ELAGIGILTV, weight CDR1b
2024-11-14 08:05:33,761 - INFO - Processing rows 2150 to 2175 for swaps, peptide ELAGIGILTV, weight CDR1b
2024-11-14 08:05:36,007 - INFO - Processing rows 2175 to 2200 for swaps, peptide ELAGIGILTV, weight CDR1b
2024-11-14 08:05:38,335 - INFO - Processing rows 2200 to 2225 for swaps, peptide ELAGIGILTV, weight CDR1b
2024-11-14 08:05:40,614 - INFO - Processing rows 2225 to 2250 for swaps, peptide ELAGIGILTV, weight CDR1b
2024-11-14 08:05:42,907 - INFO - Processing rows 2250 to 2275 for swaps, peptide ELAGIGILTV, weight CDR1b
2024-11-14 08:05:45,270 - INFO - Processing rows 2275 to 2300 for swaps, peptide ELAGIGILTV, weight CDR1b
2024-11-14 08:05:47,479 - INFO - Processing rows 2300 to 2325 for swaps, peptide ELAGIGILTV, weight CDR1b
2024-11-14 08:05:49,694 - INFO - Processing rows 2325 to 2350 for swaps, peptide ELAGIGILTV, weight CDR1b
2024-11-14 08:05:51,659 - INFO - Processing rows 2350 to 2375 for swaps, peptide ELAGIGILTV, weight CDR1b
2024-11-14 08:05:53,849 - INFO - Processing rows 2375 to 2400 for swaps, peptide ELAGIGILTV, weight CDR1b
2024-11-14 08:05:56,020 - INFO - Processing rows 2400 to 2425 for swaps, peptide ELAGIGILTV, weight CDR1b
2024-11-14 08:05:58,221 - INFO - Processing rows 2425 to 2450 for swaps, peptide ELAGIGILTV, weight CDR1b
2024-11-14 08:06:00,520 - INFO - Processing rows 2450 to 2475 for swaps, peptide ELAGIGILTV, weight CDR1b
2024-11-14 08:06:02,691 - INFO - Processing rows 2475 to 2500 for swaps, peptide ELAGIGILTV, weight CDR1b
2024-11-14 08:06:04,911 - INFO - Processing rows 2500 to 2525 for swaps, peptide ELAGIGILTV, weight CDR1b
2024-11-14 08:06:07,087 - INFO - Processing rows 2525 to 2550 for swaps, peptide ELAGIGILTV, weight CDR1b
2024-11-14 08:06:09,349 - INFO - Processing rows 2550 to 2575 for swaps, peptide ELAGIGILTV, weight CDR1b
2024-11-14 08:06:11,677 - INFO - Processing rows 2575 to 2600 for swaps, peptide ELAGIGILTV, weight CDR1b
2024-11-14 08:06:13,951 - INFO - Processing rows 2600 to 2625 for swaps, peptide ELAGIGILTV, weight CDR1b
2024-11-14 08:06:16,311 - INFO - Processing rows 2625 to 2650 for swaps, peptide ELAGIGILTV, weight CDR1b
2024-11-14 08:06:18,675 - INFO - Processing rows 2650 to 2675 for swaps, peptide ELAGIGILTV, weight CDR1b
2024-11-14 08:06:20,981 - INFO - Processing rows 2675 to 2700 for swaps, peptide ELAGIGILTV, weight CDR1b
2024-11-14 08:06:23,303 - INFO - Processing rows 2700 to 2725 for swaps, peptide ELAGIGILTV, weight CDR1b
2024-11-14 08:06:25,606 - INFO - Processing rows 2725 to 2742 for swaps, peptide ELAGIGILTV, weight CDR1b
Traceback (most recent call last):
  File "/net/mimer/mnt/tank/projects2/emison/language_model/27th_Oct_new_matrices/04.11_new_esm/12.11/run_esm_swaps.py", line 90, in <module>
    process_sequences(df_filtered, peptide, weight, "swaps")
  File "/net/mimer/mnt/tank/projects2/emison/language_model/27th_Oct_new_matrices/04.11_new_esm/12.11/run_esm_swaps.py", line 82, in process_sequences
    output_df.insert(0, "raw_index", raw_indexes)
  File "/home/projects2/emison/language_model/miniconda3/envs/esm2_emison/lib/python3.12/site-packages/pandas/core/frame.py", line 5171, in insert
    value, refs = self._sanitize_column(value)
                  ^^^^^^^^^^^^^^^^^^^^^^^^^^^^
  File "/home/projects2/emison/language_model/miniconda3/envs/esm2_emison/lib/python3.12/site-packages/pandas/core/frame.py", line 5266, in _sanitize_column
    com.require_length_match(value, self.index)
  File "/home/projects2/emison/language_model/miniconda3/envs/esm2_emison/lib/python3.12/site-packages/pandas/core/common.py", line 573, in require_length_match
    raise ValueError(
ValueError: Length of values (2742) does not match length of index (17)
