2024-11-13 19:17:19,800 - INFO - Loading and filtering dataset for peptide ELAGIGILTV
2024-11-13 19:17:20,226 - INFO - Processing dataset for peptide ELAGIGILTV with weight CDR3b
2024-11-13 19:17:20,228 - INFO - Processing rows 0 to 25 for swaps, peptide ELAGIGILTV, weight CDR3b
2024-11-13 19:17:49,935 - INFO - Processing rows 25 to 50 for swaps, peptide ELAGIGILTV, weight CDR3b
2024-11-13 19:18:20,903 - INFO - Processing rows 50 to 75 for swaps, peptide ELAGIGILTV, weight CDR3b
2024-11-13 19:18:53,209 - INFO - Processing rows 75 to 100 for swaps, peptide ELAGIGILTV, weight CDR3b
2024-11-13 19:19:20,861 - INFO - Processing rows 100 to 125 for swaps, peptide ELAGIGILTV, weight CDR3b
2024-11-13 19:19:47,555 - INFO - Processing rows 125 to 150 for swaps, peptide ELAGIGILTV, weight CDR3b
2024-11-13 19:20:21,053 - INFO - Processing rows 150 to 175 for swaps, peptide ELAGIGILTV, weight CDR3b
2024-11-13 19:21:02,238 - INFO - Processing rows 175 to 200 for swaps, peptide ELAGIGILTV, weight CDR3b
2024-11-13 19:21:31,084 - INFO - Processing rows 200 to 225 for swaps, peptide ELAGIGILTV, weight CDR3b
2024-11-13 19:21:58,433 - INFO - Processing rows 225 to 250 for swaps, peptide ELAGIGILTV, weight CDR3b
2024-11-13 19:22:27,243 - INFO - Processing rows 250 to 275 for swaps, peptide ELAGIGILTV, weight CDR3b
2024-11-13 19:22:59,200 - INFO - Processing rows 275 to 300 for swaps, peptide ELAGIGILTV, weight CDR3b
2024-11-13 19:23:29,610 - INFO - Processing rows 300 to 325 for swaps, peptide ELAGIGILTV, weight CDR3b
2024-11-13 19:24:01,552 - INFO - Processing rows 325 to 350 for swaps, peptide ELAGIGILTV, weight CDR3b
2024-11-13 19:24:30,345 - INFO - Processing rows 350 to 375 for swaps, peptide ELAGIGILTV, weight CDR3b
2024-11-13 19:25:02,215 - INFO - Processing rows 375 to 400 for swaps, peptide ELAGIGILTV, weight CDR3b
2024-11-13 19:25:26,456 - INFO - Processing rows 400 to 425 for swaps, peptide ELAGIGILTV, weight CDR3b
2024-11-13 19:25:53,722 - INFO - Processing rows 425 to 450 for swaps, peptide ELAGIGILTV, weight CDR3b
2024-11-13 19:26:22,501 - INFO - Processing rows 450 to 475 for swaps, peptide ELAGIGILTV, weight CDR3b
2024-11-13 19:26:49,788 - INFO - Processing rows 475 to 500 for swaps, peptide ELAGIGILTV, weight CDR3b
2024-11-13 19:27:18,638 - INFO - Processing rows 500 to 525 for swaps, peptide ELAGIGILTV, weight CDR3b
2024-11-13 19:27:50,526 - INFO - Processing rows 525 to 550 for swaps, peptide ELAGIGILTV, weight CDR3b
2024-11-13 19:28:22,424 - INFO - Processing rows 550 to 575 for swaps, peptide ELAGIGILTV, weight CDR3b
2024-11-13 19:28:51,030 - INFO - Processing rows 575 to 600 for swaps, peptide ELAGIGILTV, weight CDR3b
2024-11-13 19:29:19,473 - INFO - Processing rows 600 to 625 for swaps, peptide ELAGIGILTV, weight CDR3b
2024-11-13 19:29:49,899 - INFO - Processing rows 625 to 650 for swaps, peptide ELAGIGILTV, weight CDR3b
2024-11-13 19:30:20,284 - INFO - Processing rows 650 to 675 for swaps, peptide ELAGIGILTV, weight CDR3b
2024-11-13 19:30:45,815 - INFO - Processing rows 675 to 700 for swaps, peptide ELAGIGILTV, weight CDR3b
2024-11-13 19:31:16,254 - INFO - Processing rows 700 to 725 for swaps, peptide ELAGIGILTV, weight CDR3b
2024-11-13 19:31:46,605 - INFO - Processing rows 725 to 750 for swaps, peptide ELAGIGILTV, weight CDR3b
2024-11-13 19:32:15,362 - INFO - Processing rows 750 to 775 for swaps, peptide ELAGIGILTV, weight CDR3b
2024-11-13 19:32:42,654 - INFO - Processing rows 775 to 800 for swaps, peptide ELAGIGILTV, weight CDR3b
2024-11-13 19:33:13,047 - INFO - Processing rows 800 to 825 for swaps, peptide ELAGIGILTV, weight CDR3b
2024-11-13 19:33:43,383 - INFO - Processing rows 825 to 850 for swaps, peptide ELAGIGILTV, weight CDR3b
2024-11-13 19:34:12,186 - INFO - Processing rows 850 to 875 for swaps, peptide ELAGIGILTV, weight CDR3b
2024-11-13 19:34:39,613 - INFO - Processing rows 875 to 900 for swaps, peptide ELAGIGILTV, weight CDR3b
2024-11-13 19:35:10,000 - INFO - Processing rows 900 to 925 for swaps, peptide ELAGIGILTV, weight CDR3b
2024-11-13 19:35:37,379 - INFO - Processing rows 925 to 950 for swaps, peptide ELAGIGILTV, weight CDR3b
2024-11-13 19:36:06,121 - INFO - Processing rows 950 to 975 for swaps, peptide ELAGIGILTV, weight CDR3b
2024-11-13 19:36:33,450 - INFO - Processing rows 975 to 1000 for swaps, peptide ELAGIGILTV, weight CDR3b
2024-11-13 19:37:03,854 - INFO - Processing rows 1000 to 1025 for swaps, peptide ELAGIGILTV, weight CDR3b
2024-11-13 19:37:34,253 - INFO - Processing rows 1025 to 1050 for swaps, peptide ELAGIGILTV, weight CDR3b
2024-11-13 19:38:01,354 - INFO - Processing rows 1050 to 1075 for swaps, peptide ELAGIGILTV, weight CDR3b
2024-11-13 19:38:31,681 - INFO - Processing rows 1075 to 1100 for swaps, peptide ELAGIGILTV, weight CDR3b
2024-11-13 19:39:00,439 - INFO - Processing rows 1100 to 1125 for swaps, peptide ELAGIGILTV, weight CDR3b
2024-11-13 19:39:30,669 - INFO - Processing rows 1125 to 1150 for swaps, peptide ELAGIGILTV, weight CDR3b
2024-11-13 19:40:00,666 - INFO - Processing rows 1150 to 1175 for swaps, peptide ELAGIGILTV, weight CDR3b
2024-11-13 19:40:29,530 - INFO - Processing rows 1175 to 1200 for swaps, peptide ELAGIGILTV, weight CDR3b
2024-11-13 19:40:59,839 - INFO - Processing rows 1200 to 1225 for swaps, peptide ELAGIGILTV, weight CDR3b
2024-11-13 19:41:27,288 - INFO - Processing rows 1225 to 1250 for swaps, peptide ELAGIGILTV, weight CDR3b
2024-11-13 19:41:56,060 - INFO - Processing rows 1250 to 1275 for swaps, peptide ELAGIGILTV, weight CDR3b
2024-11-13 19:42:26,410 - INFO - Processing rows 1275 to 1300 for swaps, peptide ELAGIGILTV, weight CDR3b
2024-11-13 19:42:55,115 - INFO - Processing rows 1300 to 1325 for swaps, peptide ELAGIGILTV, weight CDR3b
2024-11-13 19:43:23,909 - INFO - Processing rows 1325 to 1350 for swaps, peptide ELAGIGILTV, weight CDR3b
2024-11-13 19:43:52,728 - INFO - Processing rows 1350 to 1375 for swaps, peptide ELAGIGILTV, weight CDR3b
2024-11-13 19:44:20,058 - INFO - Processing rows 1375 to 1400 for swaps, peptide ELAGIGILTV, weight CDR3b
2024-11-13 19:44:45,821 - INFO - Processing rows 1400 to 1425 for swaps, peptide ELAGIGILTV, weight CDR3b
2024-11-13 19:45:13,046 - INFO - Processing rows 1425 to 1450 for swaps, peptide ELAGIGILTV, weight CDR3b
2024-11-13 19:45:40,255 - INFO - Processing rows 1450 to 1475 for swaps, peptide ELAGIGILTV, weight CDR3b
2024-11-13 19:46:07,280 - INFO - Processing rows 1475 to 1500 for swaps, peptide ELAGIGILTV, weight CDR3b
2024-11-13 19:46:34,592 - INFO - Processing rows 1500 to 1525 for swaps, peptide ELAGIGILTV, weight CDR3b
2024-11-13 19:47:03,580 - INFO - Processing rows 1525 to 1550 for swaps, peptide ELAGIGILTV, weight CDR3b
2024-11-13 19:47:32,436 - INFO - Processing rows 1550 to 1575 for swaps, peptide ELAGIGILTV, weight CDR3b
2024-11-13 19:48:01,193 - INFO - Processing rows 1575 to 1600 for swaps, peptide ELAGIGILTV, weight CDR3b
2024-11-13 19:48:34,814 - INFO - Processing rows 1600 to 1625 for swaps, peptide ELAGIGILTV, weight CDR3b
2024-11-13 19:49:03,637 - INFO - Processing rows 1625 to 1650 for swaps, peptide ELAGIGILTV, weight CDR3b
2024-11-13 19:49:34,171 - INFO - Processing rows 1650 to 1675 for swaps, peptide ELAGIGILTV, weight CDR3b
2024-11-13 19:50:03,240 - INFO - Processing rows 1675 to 1700 for swaps, peptide ELAGIGILTV, weight CDR3b
2024-11-13 19:50:30,600 - INFO - Processing rows 1700 to 1725 for swaps, peptide ELAGIGILTV, weight CDR3b
2024-11-13 19:50:57,812 - INFO - Processing rows 1725 to 1750 for swaps, peptide ELAGIGILTV, weight CDR3b
2024-11-13 19:51:22,136 - INFO - Processing rows 1750 to 1775 for swaps, peptide ELAGIGILTV, weight CDR3b
2024-11-13 19:51:47,951 - INFO - Processing rows 1775 to 1800 for swaps, peptide ELAGIGILTV, weight CDR3b
2024-11-13 19:52:16,667 - INFO - Processing rows 1800 to 1825 for swaps, peptide ELAGIGILTV, weight CDR3b
2024-11-13 19:52:45,223 - INFO - Processing rows 1825 to 1850 for swaps, peptide ELAGIGILTV, weight CDR3b
2024-11-13 19:53:10,822 - INFO - Processing rows 1850 to 1875 for swaps, peptide ELAGIGILTV, weight CDR3b
2024-11-13 19:53:37,817 - INFO - Processing rows 1875 to 1900 for swaps, peptide ELAGIGILTV, weight CDR3b
2024-11-13 19:54:01,929 - INFO - Processing rows 1900 to 1925 for swaps, peptide ELAGIGILTV, weight CDR3b
2024-11-13 19:54:29,149 - INFO - Processing rows 1925 to 1950 for swaps, peptide ELAGIGILTV, weight CDR3b
2024-11-13 19:54:55,037 - INFO - Processing rows 1950 to 1975 for swaps, peptide ELAGIGILTV, weight CDR3b
2024-11-13 19:55:22,542 - INFO - Processing rows 1975 to 2000 for swaps, peptide ELAGIGILTV, weight CDR3b
2024-11-13 19:55:48,648 - INFO - Processing rows 2000 to 2025 for swaps, peptide ELAGIGILTV, weight CDR3b
2024-11-13 19:56:15,987 - INFO - Processing rows 2025 to 2050 for swaps, peptide ELAGIGILTV, weight CDR3b
2024-11-13 19:56:44,672 - INFO - Processing rows 2050 to 2075 for swaps, peptide ELAGIGILTV, weight CDR3b
2024-11-13 19:57:12,101 - INFO - Processing rows 2075 to 2100 for swaps, peptide ELAGIGILTV, weight CDR3b
2024-11-13 19:57:42,241 - INFO - Processing rows 2100 to 2125 for swaps, peptide ELAGIGILTV, weight CDR3b
2024-11-13 19:58:09,608 - INFO - Processing rows 2125 to 2150 for swaps, peptide ELAGIGILTV, weight CDR3b
2024-11-13 19:58:38,341 - INFO - Processing rows 2150 to 2175 for swaps, peptide ELAGIGILTV, weight CDR3b
2024-11-13 19:59:07,270 - INFO - Processing rows 2175 to 2200 for swaps, peptide ELAGIGILTV, weight CDR3b
2024-11-13 19:59:35,963 - INFO - Processing rows 2200 to 2225 for swaps, peptide ELAGIGILTV, weight CDR3b
2024-11-13 20:00:03,560 - INFO - Processing rows 2225 to 2250 for swaps, peptide ELAGIGILTV, weight CDR3b
2024-11-13 20:00:29,720 - INFO - Processing rows 2250 to 2275 for swaps, peptide ELAGIGILTV, weight CDR3b
2024-11-13 20:00:55,539 - INFO - Processing rows 2275 to 2300 for swaps, peptide ELAGIGILTV, weight CDR3b
2024-11-13 20:01:22,595 - INFO - Processing rows 2300 to 2325 for swaps, peptide ELAGIGILTV, weight CDR3b
2024-11-13 20:01:51,262 - INFO - Processing rows 2325 to 2350 for swaps, peptide ELAGIGILTV, weight CDR3b
2024-11-13 20:02:18,558 - INFO - Processing rows 2350 to 2375 for swaps, peptide ELAGIGILTV, weight CDR3b
2024-11-13 20:02:50,626 - INFO - Processing rows 2375 to 2400 for swaps, peptide ELAGIGILTV, weight CDR3b
2024-11-13 20:03:17,928 - INFO - Processing rows 2400 to 2425 for swaps, peptide ELAGIGILTV, weight CDR3b
2024-11-13 20:03:50,036 - INFO - Processing rows 2425 to 2450 for swaps, peptide ELAGIGILTV, weight CDR3b
2024-11-13 20:04:20,360 - INFO - Processing rows 2450 to 2475 for swaps, peptide ELAGIGILTV, weight CDR3b
2024-11-13 20:04:49,505 - INFO - Processing rows 2475 to 2500 for swaps, peptide ELAGIGILTV, weight CDR3b
2024-11-13 20:05:18,222 - INFO - Processing rows 2500 to 2525 for swaps, peptide ELAGIGILTV, weight CDR3b
2024-11-13 20:05:42,436 - INFO - Processing rows 2525 to 2550 for swaps, peptide ELAGIGILTV, weight CDR3b
2024-11-13 20:06:12,339 - INFO - Processing rows 2550 to 2575 for swaps, peptide ELAGIGILTV, weight CDR3b
2024-11-13 20:06:40,903 - INFO - Processing rows 2575 to 2600 for swaps, peptide ELAGIGILTV, weight CDR3b
2024-11-13 20:07:05,077 - INFO - Processing rows 2600 to 2625 for swaps, peptide ELAGIGILTV, weight CDR3b
2024-11-13 20:07:33,785 - INFO - Processing rows 2625 to 2650 for swaps, peptide ELAGIGILTV, weight CDR3b
2024-11-13 20:07:59,753 - INFO - Processing rows 2650 to 2675 for swaps, peptide ELAGIGILTV, weight CDR3b
2024-11-13 20:08:26,976 - INFO - Processing rows 2675 to 2700 for swaps, peptide ELAGIGILTV, weight CDR3b
2024-11-13 20:08:52,860 - INFO - Processing rows 2700 to 2725 for swaps, peptide ELAGIGILTV, weight CDR3b
2024-11-13 20:09:21,420 - INFO - Processing rows 2725 to 2742 for swaps, peptide ELAGIGILTV, weight CDR3b
Traceback (most recent call last):
  File "/net/mimer/mnt/tank/projects2/emison/language_model/27th_Oct_new_matrices/04.11_new_esm/12.11/run_esm_swaps.py", line 90, in <module>
    process_sequences(df_filtered, peptide, weight, "swaps")
  File "/net/mimer/mnt/tank/projects2/emison/language_model/27th_Oct_new_matrices/04.11_new_esm/12.11/run_esm_swaps.py", line 82, in process_sequences
    output_df.insert(0, "raw_index", raw_indexes)
  File "/home/projects2/emison/language_model/miniconda3/envs/esm2_emison/lib/python3.12/site-packages/pandas/core/frame.py", line 5171, in insert
    value, refs = self._sanitize_column(value)
                  ^^^^^^^^^^^^^^^^^^^^^^^^^^^^
  File "/home/projects2/emison/language_model/miniconda3/envs/esm2_emison/lib/python3.12/site-packages/pandas/core/frame.py", line 5266, in _sanitize_column
    com.require_length_match(value, self.index)
  File "/home/projects2/emison/language_model/miniconda3/envs/esm2_emison/lib/python3.12/site-packages/pandas/core/common.py", line 573, in require_length_match
    raise ValueError(
ValueError: Length of values (2742) does not match length of index (17)
