2024-11-14 08:18:24,887 - INFO - Loading and filtering dataset for peptide ELAGIGILTV
2024-11-14 08:18:25,328 - INFO - Processing dataset for peptide ELAGIGILTV with weight CDR3b
2024-11-14 08:18:25,329 - INFO - Processing rows 0 to 25 for swaps, peptide ELAGIGILTV, weight CDR3b
2024-11-14 08:18:33,816 - INFO - Processing rows 25 to 50 for swaps, peptide ELAGIGILTV, weight CDR3b
2024-11-14 08:18:44,013 - INFO - Processing rows 50 to 75 for swaps, peptide ELAGIGILTV, weight CDR3b
2024-11-14 08:18:56,645 - INFO - Processing rows 75 to 100 for swaps, peptide ELAGIGILTV, weight CDR3b
2024-11-14 08:19:06,682 - INFO - Processing rows 100 to 125 for swaps, peptide ELAGIGILTV, weight CDR3b
2024-11-14 08:19:14,895 - INFO - Processing rows 125 to 150 for swaps, peptide ELAGIGILTV, weight CDR3b
2024-11-14 08:19:24,186 - INFO - Processing rows 150 to 175 for swaps, peptide ELAGIGILTV, weight CDR3b
2024-11-14 08:19:37,650 - INFO - Processing rows 175 to 200 for swaps, peptide ELAGIGILTV, weight CDR3b
2024-11-14 08:19:52,395 - INFO - Processing rows 200 to 225 for swaps, peptide ELAGIGILTV, weight CDR3b
2024-11-14 08:20:05,438 - INFO - Processing rows 225 to 250 for swaps, peptide ELAGIGILTV, weight CDR3b
2024-11-14 08:20:18,723 - INFO - Processing rows 250 to 275 for swaps, peptide ELAGIGILTV, weight CDR3b
2024-11-14 08:20:33,068 - INFO - Processing rows 275 to 300 for swaps, peptide ELAGIGILTV, weight CDR3b
2024-11-14 08:20:46,819 - INFO - Processing rows 300 to 325 for swaps, peptide ELAGIGILTV, weight CDR3b
2024-11-14 08:21:01,637 - INFO - Processing rows 325 to 350 for swaps, peptide ELAGIGILTV, weight CDR3b
2024-11-14 08:21:14,576 - INFO - Processing rows 350 to 375 for swaps, peptide ELAGIGILTV, weight CDR3b
2024-11-14 08:21:22,628 - INFO - Processing rows 375 to 400 for swaps, peptide ELAGIGILTV, weight CDR3b
2024-11-14 08:21:29,422 - INFO - Processing rows 400 to 425 for swaps, peptide ELAGIGILTV, weight CDR3b
2024-11-14 08:21:37,470 - INFO - Processing rows 425 to 450 for swaps, peptide ELAGIGILTV, weight CDR3b
2024-11-14 08:21:47,102 - INFO - Processing rows 450 to 475 for swaps, peptide ELAGIGILTV, weight CDR3b
2024-11-14 08:21:53,894 - INFO - Processing rows 475 to 500 for swaps, peptide ELAGIGILTV, weight CDR3b
2024-11-14 08:22:01,137 - INFO - Processing rows 500 to 525 for swaps, peptide ELAGIGILTV, weight CDR3b
2024-11-14 08:22:11,481 - INFO - Processing rows 525 to 550 for swaps, peptide ELAGIGILTV, weight CDR3b
2024-11-14 08:22:20,414 - INFO - Processing rows 550 to 575 for swaps, peptide ELAGIGILTV, weight CDR3b
2024-11-14 08:22:31,814 - INFO - Processing rows 575 to 600 for swaps, peptide ELAGIGILTV, weight CDR3b
2024-11-14 08:22:43,367 - INFO - Processing rows 600 to 625 for swaps, peptide ELAGIGILTV, weight CDR3b
2024-11-14 08:22:55,788 - INFO - Processing rows 625 to 650 for swaps, peptide ELAGIGILTV, weight CDR3b
2024-11-14 08:23:08,359 - INFO - Processing rows 650 to 675 for swaps, peptide ELAGIGILTV, weight CDR3b
2024-11-14 08:23:19,092 - INFO - Processing rows 675 to 700 for swaps, peptide ELAGIGILTV, weight CDR3b
2024-11-14 08:23:31,422 - INFO - Processing rows 700 to 725 for swaps, peptide ELAGIGILTV, weight CDR3b
2024-11-14 08:23:44,071 - INFO - Processing rows 725 to 750 for swaps, peptide ELAGIGILTV, weight CDR3b
2024-11-14 08:23:55,987 - INFO - Processing rows 750 to 775 for swaps, peptide ELAGIGILTV, weight CDR3b
2024-11-14 08:24:07,439 - INFO - Processing rows 775 to 800 for swaps, peptide ELAGIGILTV, weight CDR3b
2024-11-14 08:24:20,096 - INFO - Processing rows 800 to 825 for swaps, peptide ELAGIGILTV, weight CDR3b
2024-11-14 08:24:32,797 - INFO - Processing rows 825 to 850 for swaps, peptide ELAGIGILTV, weight CDR3b
2024-11-14 08:24:44,723 - INFO - Processing rows 850 to 875 for swaps, peptide ELAGIGILTV, weight CDR3b
2024-11-14 08:24:55,787 - INFO - Processing rows 875 to 900 for swaps, peptide ELAGIGILTV, weight CDR3b
2024-11-14 08:25:07,224 - INFO - Processing rows 900 to 925 for swaps, peptide ELAGIGILTV, weight CDR3b
2024-11-14 08:25:15,995 - INFO - Processing rows 925 to 950 for swaps, peptide ELAGIGILTV, weight CDR3b
2024-11-14 08:25:23,214 - INFO - Processing rows 950 to 975 for swaps, peptide ELAGIGILTV, weight CDR3b
2024-11-14 08:25:29,976 - INFO - Processing rows 975 to 1000 for swaps, peptide ELAGIGILTV, weight CDR3b
2024-11-14 08:25:37,557 - INFO - Processing rows 1000 to 1025 for swaps, peptide ELAGIGILTV, weight CDR3b
2024-11-14 08:25:46,504 - INFO - Processing rows 1025 to 1050 for swaps, peptide ELAGIGILTV, weight CDR3b
2024-11-14 08:25:57,840 - INFO - Processing rows 1050 to 1075 for swaps, peptide ELAGIGILTV, weight CDR3b
2024-11-14 08:26:08,861 - INFO - Processing rows 1075 to 1100 for swaps, peptide ELAGIGILTV, weight CDR3b
2024-11-14 08:26:15,283 - INFO - Processing rows 1100 to 1125 for swaps, peptide ELAGIGILTV, weight CDR3b
2024-11-14 08:26:24,034 - INFO - Processing rows 1125 to 1150 for swaps, peptide ELAGIGILTV, weight CDR3b
2024-11-14 08:26:35,341 - INFO - Processing rows 1150 to 1175 for swaps, peptide ELAGIGILTV, weight CDR3b
2024-11-14 08:26:48,502 - INFO - Processing rows 1175 to 1200 for swaps, peptide ELAGIGILTV, weight CDR3b
2024-11-14 08:27:02,416 - INFO - Processing rows 1200 to 1225 for swaps, peptide ELAGIGILTV, weight CDR3b
2024-11-14 08:27:14,964 - INFO - Processing rows 1225 to 1250 for swaps, peptide ELAGIGILTV, weight CDR3b
2024-11-14 08:27:27,923 - INFO - Processing rows 1250 to 1275 for swaps, peptide ELAGIGILTV, weight CDR3b
2024-11-14 08:27:41,656 - INFO - Processing rows 1275 to 1300 for swaps, peptide ELAGIGILTV, weight CDR3b
2024-11-14 08:27:54,516 - INFO - Processing rows 1300 to 1325 for swaps, peptide ELAGIGILTV, weight CDR3b
2024-11-14 08:28:07,344 - INFO - Processing rows 1325 to 1350 for swaps, peptide ELAGIGILTV, weight CDR3b
2024-11-14 08:28:20,318 - INFO - Processing rows 1350 to 1375 for swaps, peptide ELAGIGILTV, weight CDR3b
2024-11-14 08:28:33,091 - INFO - Processing rows 1375 to 1400 for swaps, peptide ELAGIGILTV, weight CDR3b
2024-11-14 08:28:45,310 - INFO - Processing rows 1400 to 1425 for swaps, peptide ELAGIGILTV, weight CDR3b
2024-11-14 08:28:58,349 - INFO - Processing rows 1425 to 1450 for swaps, peptide ELAGIGILTV, weight CDR3b
2024-11-14 08:29:11,616 - INFO - Processing rows 1450 to 1475 for swaps, peptide ELAGIGILTV, weight CDR3b
2024-11-14 08:29:24,749 - INFO - Processing rows 1475 to 1500 for swaps, peptide ELAGIGILTV, weight CDR3b
2024-11-14 08:29:37,506 - INFO - Processing rows 1500 to 1525 for swaps, peptide ELAGIGILTV, weight CDR3b
2024-11-14 08:29:51,074 - INFO - Processing rows 1525 to 1550 for swaps, peptide ELAGIGILTV, weight CDR3b
2024-11-14 08:30:05,456 - INFO - Processing rows 1550 to 1575 for swaps, peptide ELAGIGILTV, weight CDR3b
2024-11-14 08:30:19,913 - INFO - Processing rows 1575 to 1600 for swaps, peptide ELAGIGILTV, weight CDR3b
2024-11-14 08:30:35,916 - INFO - Processing rows 1600 to 1625 for swaps, peptide ELAGIGILTV, weight CDR3b
2024-11-14 08:30:49,980 - INFO - Processing rows 1625 to 1650 for swaps, peptide ELAGIGILTV, weight CDR3b
2024-11-14 08:31:04,868 - INFO - Processing rows 1650 to 1675 for swaps, peptide ELAGIGILTV, weight CDR3b
2024-11-14 08:31:19,142 - INFO - Processing rows 1675 to 1700 for swaps, peptide ELAGIGILTV, weight CDR3b
2024-11-14 08:31:32,451 - INFO - Processing rows 1700 to 1725 for swaps, peptide ELAGIGILTV, weight CDR3b
2024-11-14 08:31:45,455 - INFO - Processing rows 1725 to 1750 for swaps, peptide ELAGIGILTV, weight CDR3b
2024-11-14 08:31:57,168 - INFO - Processing rows 1750 to 1775 for swaps, peptide ELAGIGILTV, weight CDR3b
2024-11-14 08:32:10,023 - INFO - Processing rows 1775 to 1800 for swaps, peptide ELAGIGILTV, weight CDR3b
2024-11-14 08:32:24,504 - INFO - Processing rows 1800 to 1825 for swaps, peptide ELAGIGILTV, weight CDR3b
2024-11-14 08:32:38,866 - INFO - Processing rows 1825 to 1850 for swaps, peptide ELAGIGILTV, weight CDR3b
2024-11-14 08:32:51,924 - INFO - Processing rows 1850 to 1875 for swaps, peptide ELAGIGILTV, weight CDR3b
2024-11-14 08:33:05,447 - INFO - Processing rows 1875 to 1900 for swaps, peptide ELAGIGILTV, weight CDR3b
2024-11-14 08:33:17,503 - INFO - Processing rows 1900 to 1925 for swaps, peptide ELAGIGILTV, weight CDR3b
2024-11-14 08:33:30,834 - INFO - Processing rows 1925 to 1950 for swaps, peptide ELAGIGILTV, weight CDR3b
2024-11-14 08:33:43,564 - INFO - Processing rows 1950 to 1975 for swaps, peptide ELAGIGILTV, weight CDR3b
2024-11-14 08:33:56,311 - INFO - Processing rows 1975 to 2000 for swaps, peptide ELAGIGILTV, weight CDR3b
2024-11-14 08:34:08,470 - INFO - Processing rows 2000 to 2025 for swaps, peptide ELAGIGILTV, weight CDR3b
2024-11-14 08:34:21,461 - INFO - Processing rows 2025 to 2050 for swaps, peptide ELAGIGILTV, weight CDR3b
2024-11-14 08:34:35,138 - INFO - Processing rows 2050 to 2075 for swaps, peptide ELAGIGILTV, weight CDR3b
2024-11-14 08:34:45,982 - INFO - Processing rows 2075 to 2100 for swaps, peptide ELAGIGILTV, weight CDR3b
2024-11-14 08:34:54,090 - INFO - Processing rows 2100 to 2125 for swaps, peptide ELAGIGILTV, weight CDR3b
2024-11-14 08:35:02,678 - INFO - Processing rows 2125 to 2150 for swaps, peptide ELAGIGILTV, weight CDR3b
2024-11-14 08:35:11,146 - INFO - Processing rows 2150 to 2175 for swaps, peptide ELAGIGILTV, weight CDR3b
2024-11-14 08:35:19,094 - INFO - Processing rows 2175 to 2200 for swaps, peptide ELAGIGILTV, weight CDR3b
2024-11-14 08:35:27,009 - INFO - Processing rows 2200 to 2225 for swaps, peptide ELAGIGILTV, weight CDR3b
2024-11-14 08:35:34,931 - INFO - Processing rows 2225 to 2250 for swaps, peptide ELAGIGILTV, weight CDR3b
2024-11-14 08:35:43,239 - INFO - Processing rows 2250 to 2275 for swaps, peptide ELAGIGILTV, weight CDR3b
2024-11-14 08:35:51,739 - INFO - Processing rows 2275 to 2300 for swaps, peptide ELAGIGILTV, weight CDR3b
2024-11-14 08:35:59,829 - INFO - Processing rows 2300 to 2325 for swaps, peptide ELAGIGILTV, weight CDR3b
2024-11-14 08:36:07,054 - INFO - Processing rows 2325 to 2350 for swaps, peptide ELAGIGILTV, weight CDR3b
2024-11-14 08:36:14,018 - INFO - Processing rows 2350 to 2375 for swaps, peptide ELAGIGILTV, weight CDR3b
2024-11-14 08:36:22,447 - INFO - Processing rows 2375 to 2400 for swaps, peptide ELAGIGILTV, weight CDR3b
2024-11-14 08:36:29,499 - INFO - Processing rows 2400 to 2425 for swaps, peptide ELAGIGILTV, weight CDR3b
2024-11-14 08:36:37,206 - INFO - Processing rows 2425 to 2450 for swaps, peptide ELAGIGILTV, weight CDR3b
2024-11-14 08:36:44,335 - INFO - Processing rows 2450 to 2475 for swaps, peptide ELAGIGILTV, weight CDR3b
2024-11-14 08:36:51,324 - INFO - Processing rows 2475 to 2500 for swaps, peptide ELAGIGILTV, weight CDR3b
2024-11-14 08:36:58,594 - INFO - Processing rows 2500 to 2525 for swaps, peptide ELAGIGILTV, weight CDR3b
2024-11-14 08:37:04,468 - INFO - Processing rows 2525 to 2550 for swaps, peptide ELAGIGILTV, weight CDR3b
2024-11-14 08:37:11,412 - INFO - Processing rows 2550 to 2575 for swaps, peptide ELAGIGILTV, weight CDR3b
2024-11-14 08:37:18,100 - INFO - Processing rows 2575 to 2600 for swaps, peptide ELAGIGILTV, weight CDR3b
2024-11-14 08:37:23,706 - INFO - Processing rows 2600 to 2625 for swaps, peptide ELAGIGILTV, weight CDR3b
2024-11-14 08:37:30,334 - INFO - Processing rows 2625 to 2650 for swaps, peptide ELAGIGILTV, weight CDR3b
2024-11-14 08:37:36,234 - INFO - Processing rows 2650 to 2675 for swaps, peptide ELAGIGILTV, weight CDR3b
2024-11-14 08:37:42,454 - INFO - Processing rows 2675 to 2700 for swaps, peptide ELAGIGILTV, weight CDR3b
2024-11-14 08:37:48,474 - INFO - Processing rows 2700 to 2725 for swaps, peptide ELAGIGILTV, weight CDR3b
2024-11-14 08:37:55,506 - INFO - Processing rows 2725 to 2742 for swaps, peptide ELAGIGILTV, weight CDR3b
2024-11-14 08:37:59,596 - INFO - ESM finished.. Saving file...
2024-11-14 08:47:08,025 - INFO - Saved to /net/mimer/mnt/tank/projects2/emison/language_model/27th_Oct_new_matrices/04.11_new_esm/12.11/sequence_summed_vectors_swaps_ELAGIGILTV_CDR3b.csv
