2024-11-13 19:17:16,611 - INFO - Loading and filtering dataset for peptide ELAGIGILTV
2024-11-13 19:17:16,906 - INFO - Processing dataset for peptide ELAGIGILTV with weight CDR2b
2024-11-13 19:17:16,908 - INFO - Processing rows 0 to 25 for swaps, peptide ELAGIGILTV, weight CDR2b
2024-11-13 19:17:21,234 - INFO - Processing rows 25 to 50 for swaps, peptide ELAGIGILTV, weight CDR2b
2024-11-13 19:17:25,780 - INFO - Processing rows 50 to 75 for swaps, peptide ELAGIGILTV, weight CDR2b
2024-11-13 19:17:30,427 - INFO - Processing rows 75 to 100 for swaps, peptide ELAGIGILTV, weight CDR2b
2024-11-13 19:17:35,092 - INFO - Processing rows 100 to 125 for swaps, peptide ELAGIGILTV, weight CDR2b
2024-11-13 19:17:39,739 - INFO - Processing rows 125 to 150 for swaps, peptide ELAGIGILTV, weight CDR2b
2024-11-13 19:17:44,517 - INFO - Processing rows 150 to 175 for swaps, peptide ELAGIGILTV, weight CDR2b
2024-11-13 19:17:49,334 - INFO - Processing rows 175 to 200 for swaps, peptide ELAGIGILTV, weight CDR2b
2024-11-13 19:17:54,145 - INFO - Processing rows 200 to 225 for swaps, peptide ELAGIGILTV, weight CDR2b
2024-11-13 19:17:58,924 - INFO - Processing rows 225 to 250 for swaps, peptide ELAGIGILTV, weight CDR2b
2024-11-13 19:18:03,709 - INFO - Processing rows 250 to 275 for swaps, peptide ELAGIGILTV, weight CDR2b
2024-11-13 19:18:08,333 - INFO - Processing rows 275 to 300 for swaps, peptide ELAGIGILTV, weight CDR2b
2024-11-13 19:18:12,895 - INFO - Processing rows 300 to 325 for swaps, peptide ELAGIGILTV, weight CDR2b
2024-11-13 19:18:17,383 - INFO - Processing rows 325 to 350 for swaps, peptide ELAGIGILTV, weight CDR2b
2024-11-13 19:18:21,961 - INFO - Processing rows 350 to 375 for swaps, peptide ELAGIGILTV, weight CDR2b
2024-11-13 19:18:26,522 - INFO - Processing rows 375 to 400 for swaps, peptide ELAGIGILTV, weight CDR2b
2024-11-13 19:18:31,100 - INFO - Processing rows 400 to 425 for swaps, peptide ELAGIGILTV, weight CDR2b
2024-11-13 19:18:35,660 - INFO - Processing rows 425 to 450 for swaps, peptide ELAGIGILTV, weight CDR2b
2024-11-13 19:18:40,202 - INFO - Processing rows 450 to 475 for swaps, peptide ELAGIGILTV, weight CDR2b
2024-11-13 19:18:44,709 - INFO - Processing rows 475 to 500 for swaps, peptide ELAGIGILTV, weight CDR2b
2024-11-13 19:18:49,283 - INFO - Processing rows 500 to 525 for swaps, peptide ELAGIGILTV, weight CDR2b
2024-11-13 19:18:53,843 - INFO - Processing rows 525 to 550 for swaps, peptide ELAGIGILTV, weight CDR2b
2024-11-13 19:18:58,421 - INFO - Processing rows 550 to 575 for swaps, peptide ELAGIGILTV, weight CDR2b
2024-11-13 19:19:02,976 - INFO - Processing rows 575 to 600 for swaps, peptide ELAGIGILTV, weight CDR2b
2024-11-13 19:19:07,469 - INFO - Processing rows 600 to 625 for swaps, peptide ELAGIGILTV, weight CDR2b
2024-11-13 19:19:11,967 - INFO - Processing rows 625 to 650 for swaps, peptide ELAGIGILTV, weight CDR2b
2024-11-13 19:19:16,457 - INFO - Processing rows 650 to 675 for swaps, peptide ELAGIGILTV, weight CDR2b
2024-11-13 19:19:20,927 - INFO - Processing rows 675 to 700 for swaps, peptide ELAGIGILTV, weight CDR2b
2024-11-13 19:19:25,415 - INFO - Processing rows 700 to 725 for swaps, peptide ELAGIGILTV, weight CDR2b
2024-11-13 19:19:29,890 - INFO - Processing rows 725 to 750 for swaps, peptide ELAGIGILTV, weight CDR2b
2024-11-13 19:19:34,382 - INFO - Processing rows 750 to 775 for swaps, peptide ELAGIGILTV, weight CDR2b
2024-11-13 19:19:38,362 - INFO - Processing rows 775 to 800 for swaps, peptide ELAGIGILTV, weight CDR2b
2024-11-13 19:19:42,859 - INFO - Processing rows 800 to 825 for swaps, peptide ELAGIGILTV, weight CDR2b
2024-11-13 19:19:47,344 - INFO - Processing rows 825 to 850 for swaps, peptide ELAGIGILTV, weight CDR2b
2024-11-13 19:19:51,879 - INFO - Processing rows 850 to 875 for swaps, peptide ELAGIGILTV, weight CDR2b
2024-11-13 19:19:56,442 - INFO - Processing rows 875 to 900 for swaps, peptide ELAGIGILTV, weight CDR2b
2024-11-13 19:20:01,020 - INFO - Processing rows 900 to 925 for swaps, peptide ELAGIGILTV, weight CDR2b
2024-11-13 19:20:05,581 - INFO - Processing rows 925 to 950 for swaps, peptide ELAGIGILTV, weight CDR2b
2024-11-13 19:20:10,073 - INFO - Processing rows 950 to 975 for swaps, peptide ELAGIGILTV, weight CDR2b
2024-11-13 19:20:14,632 - INFO - Processing rows 975 to 1000 for swaps, peptide ELAGIGILTV, weight CDR2b
2024-11-13 19:20:19,210 - INFO - Processing rows 1000 to 1025 for swaps, peptide ELAGIGILTV, weight CDR2b
2024-11-13 19:20:23,762 - INFO - Processing rows 1025 to 1050 for swaps, peptide ELAGIGILTV, weight CDR2b
2024-11-13 19:20:28,341 - INFO - Processing rows 1050 to 1075 for swaps, peptide ELAGIGILTV, weight CDR2b
2024-11-13 19:20:32,893 - INFO - Processing rows 1075 to 1100 for swaps, peptide ELAGIGILTV, weight CDR2b
2024-11-13 19:20:37,401 - INFO - Processing rows 1100 to 1125 for swaps, peptide ELAGIGILTV, weight CDR2b
2024-11-13 19:20:41,976 - INFO - Processing rows 1125 to 1150 for swaps, peptide ELAGIGILTV, weight CDR2b
2024-11-13 19:20:46,511 - INFO - Processing rows 1150 to 1175 for swaps, peptide ELAGIGILTV, weight CDR2b
2024-11-13 19:20:50,984 - INFO - Processing rows 1175 to 1200 for swaps, peptide ELAGIGILTV, weight CDR2b
2024-11-13 19:20:55,488 - INFO - Processing rows 1200 to 1225 for swaps, peptide ELAGIGILTV, weight CDR2b
2024-11-13 19:20:59,481 - INFO - Processing rows 1225 to 1250 for swaps, peptide ELAGIGILTV, weight CDR2b
2024-11-13 19:21:04,004 - INFO - Processing rows 1250 to 1275 for swaps, peptide ELAGIGILTV, weight CDR2b
2024-11-13 19:21:08,523 - INFO - Processing rows 1275 to 1300 for swaps, peptide ELAGIGILTV, weight CDR2b
2024-11-13 19:21:12,966 - INFO - Processing rows 1300 to 1325 for swaps, peptide ELAGIGILTV, weight CDR2b
2024-11-13 19:21:17,426 - INFO - Processing rows 1325 to 1350 for swaps, peptide ELAGIGILTV, weight CDR2b
2024-11-13 19:21:21,864 - INFO - Processing rows 1350 to 1375 for swaps, peptide ELAGIGILTV, weight CDR2b
2024-11-13 19:21:26,318 - INFO - Processing rows 1375 to 1400 for swaps, peptide ELAGIGILTV, weight CDR2b
2024-11-13 19:21:30,758 - INFO - Processing rows 1400 to 1425 for swaps, peptide ELAGIGILTV, weight CDR2b
2024-11-13 19:21:35,216 - INFO - Processing rows 1425 to 1450 for swaps, peptide ELAGIGILTV, weight CDR2b
2024-11-13 19:21:39,678 - INFO - Processing rows 1450 to 1475 for swaps, peptide ELAGIGILTV, weight CDR2b
2024-11-13 19:21:44,168 - INFO - Processing rows 1475 to 1500 for swaps, peptide ELAGIGILTV, weight CDR2b
2024-11-13 19:21:48,689 - INFO - Processing rows 1500 to 1525 for swaps, peptide ELAGIGILTV, weight CDR2b
2024-11-13 19:21:53,182 - INFO - Processing rows 1525 to 1550 for swaps, peptide ELAGIGILTV, weight CDR2b
2024-11-13 19:21:57,744 - INFO - Processing rows 1550 to 1575 for swaps, peptide ELAGIGILTV, weight CDR2b
2024-11-13 19:22:02,325 - INFO - Processing rows 1575 to 1600 for swaps, peptide ELAGIGILTV, weight CDR2b
2024-11-13 19:22:06,887 - INFO - Processing rows 1600 to 1625 for swaps, peptide ELAGIGILTV, weight CDR2b
2024-11-13 19:22:10,866 - INFO - Processing rows 1625 to 1650 for swaps, peptide ELAGIGILTV, weight CDR2b
2024-11-13 19:22:15,448 - INFO - Processing rows 1650 to 1675 for swaps, peptide ELAGIGILTV, weight CDR2b
2024-11-13 19:22:20,023 - INFO - Processing rows 1675 to 1700 for swaps, peptide ELAGIGILTV, weight CDR2b
2024-11-13 19:22:24,583 - INFO - Processing rows 1700 to 1725 for swaps, peptide ELAGIGILTV, weight CDR2b
2024-11-13 19:22:29,157 - INFO - Processing rows 1725 to 1750 for swaps, peptide ELAGIGILTV, weight CDR2b
2024-11-13 19:22:33,680 - INFO - Processing rows 1750 to 1775 for swaps, peptide ELAGIGILTV, weight CDR2b
2024-11-13 19:22:38,209 - INFO - Processing rows 1775 to 1800 for swaps, peptide ELAGIGILTV, weight CDR2b
2024-11-13 19:22:42,274 - INFO - Processing rows 1800 to 1825 for swaps, peptide ELAGIGILTV, weight CDR2b
2024-11-13 19:22:46,793 - INFO - Processing rows 1825 to 1850 for swaps, peptide ELAGIGILTV, weight CDR2b
2024-11-13 19:22:51,335 - INFO - Processing rows 1850 to 1875 for swaps, peptide ELAGIGILTV, weight CDR2b
2024-11-13 19:22:55,892 - INFO - Processing rows 1875 to 1900 for swaps, peptide ELAGIGILTV, weight CDR2b
2024-11-13 19:23:00,398 - INFO - Processing rows 1900 to 1925 for swaps, peptide ELAGIGILTV, weight CDR2b
2024-11-13 19:23:04,959 - INFO - Processing rows 1925 to 1950 for swaps, peptide ELAGIGILTV, weight CDR2b
2024-11-13 19:23:09,535 - INFO - Processing rows 1950 to 1975 for swaps, peptide ELAGIGILTV, weight CDR2b
2024-11-13 19:23:14,096 - INFO - Processing rows 1975 to 2000 for swaps, peptide ELAGIGILTV, weight CDR2b
2024-11-13 19:23:18,674 - INFO - Processing rows 2000 to 2025 for swaps, peptide ELAGIGILTV, weight CDR2b
2024-11-13 19:23:23,152 - INFO - Processing rows 2025 to 2050 for swaps, peptide ELAGIGILTV, weight CDR2b
2024-11-13 19:23:27,728 - INFO - Processing rows 2050 to 2075 for swaps, peptide ELAGIGILTV, weight CDR2b
2024-11-13 19:23:31,790 - INFO - Processing rows 2075 to 2100 for swaps, peptide ELAGIGILTV, weight CDR2b
2024-11-13 19:23:35,846 - INFO - Processing rows 2100 to 2125 for swaps, peptide ELAGIGILTV, weight CDR2b
2024-11-13 19:23:39,903 - INFO - Processing rows 2125 to 2150 for swaps, peptide ELAGIGILTV, weight CDR2b
2024-11-13 19:23:44,403 - INFO - Processing rows 2150 to 2175 for swaps, peptide ELAGIGILTV, weight CDR2b
2024-11-13 19:23:48,919 - INFO - Processing rows 2175 to 2200 for swaps, peptide ELAGIGILTV, weight CDR2b
2024-11-13 19:23:53,398 - INFO - Processing rows 2200 to 2225 for swaps, peptide ELAGIGILTV, weight CDR2b
2024-11-13 19:23:57,880 - INFO - Processing rows 2225 to 2250 for swaps, peptide ELAGIGILTV, weight CDR2b
2024-11-13 19:24:02,353 - INFO - Processing rows 2250 to 2275 for swaps, peptide ELAGIGILTV, weight CDR2b
2024-11-13 19:24:06,336 - INFO - Processing rows 2275 to 2300 for swaps, peptide ELAGIGILTV, weight CDR2b
2024-11-13 19:24:10,308 - INFO - Processing rows 2300 to 2325 for swaps, peptide ELAGIGILTV, weight CDR2b
2024-11-13 19:24:14,804 - INFO - Processing rows 2325 to 2350 for swaps, peptide ELAGIGILTV, weight CDR2b
2024-11-13 19:24:18,785 - INFO - Processing rows 2350 to 2375 for swaps, peptide ELAGIGILTV, weight CDR2b
2024-11-13 19:24:23,256 - INFO - Processing rows 2375 to 2400 for swaps, peptide ELAGIGILTV, weight CDR2b
2024-11-13 19:24:27,702 - INFO - Processing rows 2400 to 2425 for swaps, peptide ELAGIGILTV, weight CDR2b
2024-11-13 19:24:32,136 - INFO - Processing rows 2425 to 2450 for swaps, peptide ELAGIGILTV, weight CDR2b
2024-11-13 19:24:36,612 - INFO - Processing rows 2450 to 2475 for swaps, peptide ELAGIGILTV, weight CDR2b
2024-11-13 19:24:41,087 - INFO - Processing rows 2475 to 2500 for swaps, peptide ELAGIGILTV, weight CDR2b
2024-11-13 19:24:45,549 - INFO - Processing rows 2500 to 2525 for swaps, peptide ELAGIGILTV, weight CDR2b
2024-11-13 19:24:50,027 - INFO - Processing rows 2525 to 2550 for swaps, peptide ELAGIGILTV, weight CDR2b
2024-11-13 19:24:54,519 - INFO - Processing rows 2550 to 2575 for swaps, peptide ELAGIGILTV, weight CDR2b
2024-11-13 19:24:59,052 - INFO - Processing rows 2575 to 2600 for swaps, peptide ELAGIGILTV, weight CDR2b
2024-11-13 19:25:03,656 - INFO - Processing rows 2600 to 2625 for swaps, peptide ELAGIGILTV, weight CDR2b
2024-11-13 19:25:08,237 - INFO - Processing rows 2625 to 2650 for swaps, peptide ELAGIGILTV, weight CDR2b
2024-11-13 19:25:12,776 - INFO - Processing rows 2650 to 2675 for swaps, peptide ELAGIGILTV, weight CDR2b
2024-11-13 19:25:17,319 - INFO - Processing rows 2675 to 2700 for swaps, peptide ELAGIGILTV, weight CDR2b
2024-11-13 19:25:21,910 - INFO - Processing rows 2700 to 2725 for swaps, peptide ELAGIGILTV, weight CDR2b
2024-11-13 19:25:26,505 - INFO - Processing rows 2725 to 2742 for swaps, peptide ELAGIGILTV, weight CDR2b
Traceback (most recent call last):
  File "/net/mimer/mnt/tank/projects2/emison/language_model/27th_Oct_new_matrices/04.11_new_esm/12.11/run_esm_swaps.py", line 90, in <module>
    process_sequences(df_filtered, peptide, weight, "swaps")
  File "/net/mimer/mnt/tank/projects2/emison/language_model/27th_Oct_new_matrices/04.11_new_esm/12.11/run_esm_swaps.py", line 82, in process_sequences
    output_df.insert(0, "raw_index", raw_indexes)
  File "/home/projects2/emison/language_model/miniconda3/envs/esm2_emison/lib/python3.12/site-packages/pandas/core/frame.py", line 5171, in insert
    value, refs = self._sanitize_column(value)
                  ^^^^^^^^^^^^^^^^^^^^^^^^^^^^
  File "/home/projects2/emison/language_model/miniconda3/envs/esm2_emison/lib/python3.12/site-packages/pandas/core/frame.py", line 5266, in _sanitize_column
    com.require_length_match(value, self.index)
  File "/home/projects2/emison/language_model/miniconda3/envs/esm2_emison/lib/python3.12/site-packages/pandas/core/common.py", line 573, in require_length_match
    raise ValueError(
ValueError: Length of values (2742) does not match length of index (17)
