2024-11-13 19:16:49,898 - INFO - Loading and filtering dataset for peptide ELAGIGILTV
2024-11-13 19:16:50,470 - INFO - Processing dataset for peptide ELAGIGILTV with weight CDR1a
2024-11-13 19:16:50,473 - INFO - Processing rows 0 to 25 for swaps, peptide ELAGIGILTV, weight CDR1a
2024-11-13 19:17:04,421 - INFO - Processing rows 25 to 50 for swaps, peptide ELAGIGILTV, weight CDR1a
2024-11-13 19:17:18,736 - INFO - Processing rows 50 to 75 for swaps, peptide ELAGIGILTV, weight CDR1a
2024-11-13 19:17:33,179 - INFO - Processing rows 75 to 100 for swaps, peptide ELAGIGILTV, weight CDR1a
2024-11-13 19:17:47,888 - INFO - Processing rows 100 to 125 for swaps, peptide ELAGIGILTV, weight CDR1a
2024-11-13 19:18:03,019 - INFO - Processing rows 125 to 150 for swaps, peptide ELAGIGILTV, weight CDR1a
2024-11-13 19:18:18,016 - INFO - Processing rows 150 to 175 for swaps, peptide ELAGIGILTV, weight CDR1a
2024-11-13 19:18:32,997 - INFO - Processing rows 175 to 200 for swaps, peptide ELAGIGILTV, weight CDR1a
2024-11-13 19:18:48,034 - INFO - Processing rows 200 to 225 for swaps, peptide ELAGIGILTV, weight CDR1a
2024-11-13 19:19:03,065 - INFO - Processing rows 225 to 250 for swaps, peptide ELAGIGILTV, weight CDR1a
2024-11-13 19:19:18,064 - INFO - Processing rows 250 to 275 for swaps, peptide ELAGIGILTV, weight CDR1a
2024-11-13 19:19:32,542 - INFO - Processing rows 275 to 300 for swaps, peptide ELAGIGILTV, weight CDR1a
2024-11-13 19:19:47,144 - INFO - Processing rows 300 to 325 for swaps, peptide ELAGIGILTV, weight CDR1a
2024-11-13 19:20:02,070 - INFO - Processing rows 325 to 350 for swaps, peptide ELAGIGILTV, weight CDR1a
2024-11-13 19:20:16,952 - INFO - Processing rows 350 to 375 for swaps, peptide ELAGIGILTV, weight CDR1a
2024-11-13 19:20:31,787 - INFO - Processing rows 375 to 400 for swaps, peptide ELAGIGILTV, weight CDR1a
2024-11-13 19:20:46,621 - INFO - Processing rows 400 to 425 for swaps, peptide ELAGIGILTV, weight CDR1a
2024-11-13 19:21:01,436 - INFO - Processing rows 425 to 450 for swaps, peptide ELAGIGILTV, weight CDR1a
2024-11-13 19:21:16,317 - INFO - Processing rows 450 to 475 for swaps, peptide ELAGIGILTV, weight CDR1a
2024-11-13 19:21:31,165 - INFO - Processing rows 475 to 500 for swaps, peptide ELAGIGILTV, weight CDR1a
2024-11-13 19:21:46,049 - INFO - Processing rows 500 to 525 for swaps, peptide ELAGIGILTV, weight CDR1a
2024-11-13 19:22:00,919 - INFO - Processing rows 525 to 550 for swaps, peptide ELAGIGILTV, weight CDR1a
2024-11-13 19:22:15,804 - INFO - Processing rows 550 to 575 for swaps, peptide ELAGIGILTV, weight CDR1a
2024-11-13 19:22:30,688 - INFO - Processing rows 575 to 600 for swaps, peptide ELAGIGILTV, weight CDR1a
2024-11-13 19:22:45,556 - INFO - Processing rows 600 to 625 for swaps, peptide ELAGIGILTV, weight CDR1a
2024-11-13 19:23:00,443 - INFO - Processing rows 625 to 650 for swaps, peptide ELAGIGILTV, weight CDR1a
2024-11-13 19:23:15,312 - INFO - Processing rows 650 to 675 for swaps, peptide ELAGIGILTV, weight CDR1a
2024-11-13 19:23:30,286 - INFO - Processing rows 675 to 700 for swaps, peptide ELAGIGILTV, weight CDR1a
2024-11-13 19:23:45,169 - INFO - Processing rows 700 to 725 for swaps, peptide ELAGIGILTV, weight CDR1a
2024-11-13 19:24:00,034 - INFO - Processing rows 725 to 750 for swaps, peptide ELAGIGILTV, weight CDR1a
2024-11-13 19:24:14,888 - INFO - Processing rows 750 to 775 for swaps, peptide ELAGIGILTV, weight CDR1a
2024-11-13 19:24:29,755 - INFO - Processing rows 775 to 800 for swaps, peptide ELAGIGILTV, weight CDR1a
2024-11-13 19:24:44,650 - INFO - Processing rows 800 to 825 for swaps, peptide ELAGIGILTV, weight CDR1a
2024-11-13 19:24:59,504 - INFO - Processing rows 825 to 850 for swaps, peptide ELAGIGILTV, weight CDR1a
2024-11-13 19:25:14,311 - INFO - Processing rows 850 to 875 for swaps, peptide ELAGIGILTV, weight CDR1a
2024-11-13 19:25:29,130 - INFO - Processing rows 875 to 900 for swaps, peptide ELAGIGILTV, weight CDR1a
2024-11-13 19:25:44,009 - INFO - Processing rows 900 to 925 for swaps, peptide ELAGIGILTV, weight CDR1a
2024-11-13 19:25:58,840 - INFO - Processing rows 925 to 950 for swaps, peptide ELAGIGILTV, weight CDR1a
2024-11-13 19:26:13,668 - INFO - Processing rows 950 to 975 for swaps, peptide ELAGIGILTV, weight CDR1a
2024-11-13 19:26:28,498 - INFO - Processing rows 975 to 1000 for swaps, peptide ELAGIGILTV, weight CDR1a
2024-11-13 19:26:43,358 - INFO - Processing rows 1000 to 1025 for swaps, peptide ELAGIGILTV, weight CDR1a
2024-11-13 19:26:58,210 - INFO - Processing rows 1025 to 1050 for swaps, peptide ELAGIGILTV, weight CDR1a
2024-11-13 19:27:13,047 - INFO - Processing rows 1050 to 1075 for swaps, peptide ELAGIGILTV, weight CDR1a
2024-11-13 19:27:27,879 - INFO - Processing rows 1075 to 1100 for swaps, peptide ELAGIGILTV, weight CDR1a
2024-11-13 19:27:42,734 - INFO - Processing rows 1100 to 1125 for swaps, peptide ELAGIGILTV, weight CDR1a
2024-11-13 19:27:57,636 - INFO - Processing rows 1125 to 1150 for swaps, peptide ELAGIGILTV, weight CDR1a
2024-11-13 19:28:12,380 - INFO - Processing rows 1150 to 1175 for swaps, peptide ELAGIGILTV, weight CDR1a
2024-11-13 19:28:27,536 - INFO - Processing rows 1175 to 1200 for swaps, peptide ELAGIGILTV, weight CDR1a
2024-11-13 19:28:42,126 - INFO - Processing rows 1200 to 1225 for swaps, peptide ELAGIGILTV, weight CDR1a
2024-11-13 19:28:56,899 - INFO - Processing rows 1225 to 1250 for swaps, peptide ELAGIGILTV, weight CDR1a
2024-11-13 19:29:11,496 - INFO - Processing rows 1250 to 1275 for swaps, peptide ELAGIGILTV, weight CDR1a
2024-11-13 19:29:26,175 - INFO - Processing rows 1275 to 1300 for swaps, peptide ELAGIGILTV, weight CDR1a
2024-11-13 19:29:40,897 - INFO - Processing rows 1300 to 1325 for swaps, peptide ELAGIGILTV, weight CDR1a
2024-11-13 19:29:55,588 - INFO - Processing rows 1325 to 1350 for swaps, peptide ELAGIGILTV, weight CDR1a
2024-11-13 19:30:10,287 - INFO - Processing rows 1350 to 1375 for swaps, peptide ELAGIGILTV, weight CDR1a
2024-11-13 19:30:25,079 - INFO - Processing rows 1375 to 1400 for swaps, peptide ELAGIGILTV, weight CDR1a
2024-11-13 19:30:39,946 - INFO - Processing rows 1400 to 1425 for swaps, peptide ELAGIGILTV, weight CDR1a
2024-11-13 19:30:54,820 - INFO - Processing rows 1425 to 1450 for swaps, peptide ELAGIGILTV, weight CDR1a
2024-11-13 19:31:09,658 - INFO - Processing rows 1450 to 1475 for swaps, peptide ELAGIGILTV, weight CDR1a
2024-11-13 19:31:24,498 - INFO - Processing rows 1475 to 1500 for swaps, peptide ELAGIGILTV, weight CDR1a
2024-11-13 19:31:39,398 - INFO - Processing rows 1500 to 1525 for swaps, peptide ELAGIGILTV, weight CDR1a
2024-11-13 19:31:54,237 - INFO - Processing rows 1525 to 1550 for swaps, peptide ELAGIGILTV, weight CDR1a
2024-11-13 19:32:09,065 - INFO - Processing rows 1550 to 1575 for swaps, peptide ELAGIGILTV, weight CDR1a
2024-11-13 19:32:23,936 - INFO - Processing rows 1575 to 1600 for swaps, peptide ELAGIGILTV, weight CDR1a
2024-11-13 19:32:38,832 - INFO - Processing rows 1600 to 1625 for swaps, peptide ELAGIGILTV, weight CDR1a
2024-11-13 19:32:53,698 - INFO - Processing rows 1625 to 1650 for swaps, peptide ELAGIGILTV, weight CDR1a
2024-11-13 19:33:08,565 - INFO - Processing rows 1650 to 1675 for swaps, peptide ELAGIGILTV, weight CDR1a
2024-11-13 19:33:23,408 - INFO - Processing rows 1675 to 1700 for swaps, peptide ELAGIGILTV, weight CDR1a
2024-11-13 19:33:38,251 - INFO - Processing rows 1700 to 1725 for swaps, peptide ELAGIGILTV, weight CDR1a
2024-11-13 19:33:53,156 - INFO - Processing rows 1725 to 1750 for swaps, peptide ELAGIGILTV, weight CDR1a
2024-11-13 19:34:08,056 - INFO - Processing rows 1750 to 1775 for swaps, peptide ELAGIGILTV, weight CDR1a
2024-11-13 19:34:22,941 - INFO - Processing rows 1775 to 1800 for swaps, peptide ELAGIGILTV, weight CDR1a
2024-11-13 19:34:37,835 - INFO - Processing rows 1800 to 1825 for swaps, peptide ELAGIGILTV, weight CDR1a
2024-11-13 19:34:52,623 - INFO - Processing rows 1825 to 1850 for swaps, peptide ELAGIGILTV, weight CDR1a
2024-11-13 19:35:07,303 - INFO - Processing rows 1850 to 1875 for swaps, peptide ELAGIGILTV, weight CDR1a
2024-11-13 19:35:21,974 - INFO - Processing rows 1875 to 1900 for swaps, peptide ELAGIGILTV, weight CDR1a
2024-11-13 19:35:36,720 - INFO - Processing rows 1900 to 1925 for swaps, peptide ELAGIGILTV, weight CDR1a
2024-11-13 19:35:51,388 - INFO - Processing rows 1925 to 1950 for swaps, peptide ELAGIGILTV, weight CDR1a
2024-11-13 19:36:06,070 - INFO - Processing rows 1950 to 1975 for swaps, peptide ELAGIGILTV, weight CDR1a
2024-11-13 19:36:20,930 - INFO - Processing rows 1975 to 2000 for swaps, peptide ELAGIGILTV, weight CDR1a
2024-11-13 19:36:35,798 - INFO - Processing rows 2000 to 2025 for swaps, peptide ELAGIGILTV, weight CDR1a
2024-11-13 19:36:50,671 - INFO - Processing rows 2025 to 2050 for swaps, peptide ELAGIGILTV, weight CDR1a
2024-11-13 19:37:05,585 - INFO - Processing rows 2050 to 2075 for swaps, peptide ELAGIGILTV, weight CDR1a
2024-11-13 19:37:20,439 - INFO - Processing rows 2075 to 2100 for swaps, peptide ELAGIGILTV, weight CDR1a
2024-11-13 19:37:35,353 - INFO - Processing rows 2100 to 2125 for swaps, peptide ELAGIGILTV, weight CDR1a
2024-11-13 19:37:50,399 - INFO - Processing rows 2125 to 2150 for swaps, peptide ELAGIGILTV, weight CDR1a
2024-11-13 19:38:05,023 - INFO - Processing rows 2150 to 2175 for swaps, peptide ELAGIGILTV, weight CDR1a
2024-11-13 19:38:19,915 - INFO - Processing rows 2175 to 2200 for swaps, peptide ELAGIGILTV, weight CDR1a
2024-11-13 19:38:34,623 - INFO - Processing rows 2200 to 2225 for swaps, peptide ELAGIGILTV, weight CDR1a
2024-11-13 19:38:49,438 - INFO - Processing rows 2225 to 2250 for swaps, peptide ELAGIGILTV, weight CDR1a
2024-11-13 19:39:04,106 - INFO - Processing rows 2250 to 2275 for swaps, peptide ELAGIGILTV, weight CDR1a
2024-11-13 19:39:18,948 - INFO - Processing rows 2275 to 2300 for swaps, peptide ELAGIGILTV, weight CDR1a
2024-11-13 19:39:33,276 - INFO - Processing rows 2300 to 2325 for swaps, peptide ELAGIGILTV, weight CDR1a
2024-11-13 19:39:47,773 - INFO - Processing rows 2325 to 2350 for swaps, peptide ELAGIGILTV, weight CDR1a
2024-11-13 19:40:02,452 - INFO - Processing rows 2350 to 2375 for swaps, peptide ELAGIGILTV, weight CDR1a
2024-11-13 19:40:17,250 - INFO - Processing rows 2375 to 2400 for swaps, peptide ELAGIGILTV, weight CDR1a
2024-11-13 19:40:32,100 - INFO - Processing rows 2400 to 2425 for swaps, peptide ELAGIGILTV, weight CDR1a
2024-11-13 19:40:46,952 - INFO - Processing rows 2425 to 2450 for swaps, peptide ELAGIGILTV, weight CDR1a
2024-11-13 19:41:01,813 - INFO - Processing rows 2450 to 2475 for swaps, peptide ELAGIGILTV, weight CDR1a
2024-11-13 19:41:16,744 - INFO - Processing rows 2475 to 2500 for swaps, peptide ELAGIGILTV, weight CDR1a
2024-11-13 19:41:31,621 - INFO - Processing rows 2500 to 2525 for swaps, peptide ELAGIGILTV, weight CDR1a
2024-11-13 19:41:46,460 - INFO - Processing rows 2525 to 2550 for swaps, peptide ELAGIGILTV, weight CDR1a
2024-11-13 19:42:01,282 - INFO - Processing rows 2550 to 2575 for swaps, peptide ELAGIGILTV, weight CDR1a
2024-11-13 19:42:16,105 - INFO - Processing rows 2575 to 2600 for swaps, peptide ELAGIGILTV, weight CDR1a
2024-11-13 19:42:30,858 - INFO - Processing rows 2600 to 2625 for swaps, peptide ELAGIGILTV, weight CDR1a
2024-11-13 19:42:45,543 - INFO - Processing rows 2625 to 2650 for swaps, peptide ELAGIGILTV, weight CDR1a
2024-11-13 19:43:00,194 - INFO - Processing rows 2650 to 2675 for swaps, peptide ELAGIGILTV, weight CDR1a
2024-11-13 19:43:14,863 - INFO - Processing rows 2675 to 2700 for swaps, peptide ELAGIGILTV, weight CDR1a
2024-11-13 19:43:29,479 - INFO - Processing rows 2700 to 2725 for swaps, peptide ELAGIGILTV, weight CDR1a
2024-11-13 19:43:44,176 - INFO - Processing rows 2725 to 2742 for swaps, peptide ELAGIGILTV, weight CDR1a
Traceback (most recent call last):
  File "/net/mimer/mnt/tank/projects2/emison/language_model/27th_Oct_new_matrices/04.11_new_esm/12.11/run_esm_swaps.py", line 90, in <module>
    process_sequences(df_filtered, peptide, weight, "swaps")
  File "/net/mimer/mnt/tank/projects2/emison/language_model/27th_Oct_new_matrices/04.11_new_esm/12.11/run_esm_swaps.py", line 82, in process_sequences
    output_df.insert(0, "raw_index", raw_indexes)
  File "/home/projects2/emison/language_model/miniconda3/envs/esm2_emison/lib/python3.12/site-packages/pandas/core/frame.py", line 5171, in insert
    value, refs = self._sanitize_column(value)
                  ^^^^^^^^^^^^^^^^^^^^^^^^^^^^
  File "/home/projects2/emison/language_model/miniconda3/envs/esm2_emison/lib/python3.12/site-packages/pandas/core/frame.py", line 5266, in _sanitize_column
    com.require_length_match(value, self.index)
  File "/home/projects2/emison/language_model/miniconda3/envs/esm2_emison/lib/python3.12/site-packages/pandas/core/common.py", line 573, in require_length_match
    raise ValueError(
ValueError: Length of values (2742) does not match length of index (17)
