2024-11-14 08:18:13,325 - INFO - Loading and filtering dataset for peptide ELAGIGILTV
2024-11-14 08:18:13,573 - INFO - Processing dataset for peptide ELAGIGILTV with weight TCRa
2024-11-14 08:18:13,574 - INFO - Processing rows 0 to 25 for swaps, peptide ELAGIGILTV, weight TCRa
2024-11-14 08:19:51,564 - INFO - Processing rows 25 to 50 for swaps, peptide ELAGIGILTV, weight TCRa
2024-11-14 08:21:26,418 - INFO - Processing rows 50 to 75 for swaps, peptide ELAGIGILTV, weight TCRa
2024-11-14 08:23:02,512 - INFO - Processing rows 75 to 100 for swaps, peptide ELAGIGILTV, weight TCRa
2024-11-14 08:24:35,347 - INFO - Processing rows 100 to 125 for swaps, peptide ELAGIGILTV, weight TCRa
2024-11-14 08:26:10,680 - INFO - Processing rows 125 to 150 for swaps, peptide ELAGIGILTV, weight TCRa
2024-11-14 08:27:44,070 - INFO - Processing rows 150 to 175 for swaps, peptide ELAGIGILTV, weight TCRa
2024-11-14 08:29:16,054 - INFO - Processing rows 175 to 200 for swaps, peptide ELAGIGILTV, weight TCRa
2024-11-14 08:30:46,579 - INFO - Processing rows 200 to 225 for swaps, peptide ELAGIGILTV, weight TCRa
2024-11-14 08:32:20,430 - INFO - Processing rows 225 to 250 for swaps, peptide ELAGIGILTV, weight TCRa
2024-11-14 08:33:52,290 - INFO - Processing rows 250 to 275 for swaps, peptide ELAGIGILTV, weight TCRa
2024-11-14 08:35:23,352 - INFO - Processing rows 275 to 300 for swaps, peptide ELAGIGILTV, weight TCRa
2024-11-14 08:36:54,271 - INFO - Processing rows 300 to 325 for swaps, peptide ELAGIGILTV, weight TCRa
2024-11-14 08:38:27,486 - INFO - Processing rows 325 to 350 for swaps, peptide ELAGIGILTV, weight TCRa
2024-11-14 08:39:55,826 - INFO - Processing rows 350 to 375 for swaps, peptide ELAGIGILTV, weight TCRa
2024-11-14 08:41:26,479 - INFO - Processing rows 375 to 400 for swaps, peptide ELAGIGILTV, weight TCRa
2024-11-14 08:42:57,841 - INFO - Processing rows 400 to 425 for swaps, peptide ELAGIGILTV, weight TCRa
2024-11-14 08:44:28,043 - INFO - Processing rows 425 to 450 for swaps, peptide ELAGIGILTV, weight TCRa
2024-11-14 08:45:59,081 - INFO - Processing rows 450 to 475 for swaps, peptide ELAGIGILTV, weight TCRa
2024-11-14 08:47:29,308 - INFO - Processing rows 475 to 500 for swaps, peptide ELAGIGILTV, weight TCRa
2024-11-14 08:49:00,734 - INFO - Processing rows 500 to 525 for swaps, peptide ELAGIGILTV, weight TCRa
2024-11-14 08:50:30,332 - INFO - Processing rows 525 to 550 for swaps, peptide ELAGIGILTV, weight TCRa
2024-11-14 08:51:59,537 - INFO - Processing rows 550 to 575 for swaps, peptide ELAGIGILTV, weight TCRa
2024-11-14 08:53:29,998 - INFO - Processing rows 575 to 600 for swaps, peptide ELAGIGILTV, weight TCRa
2024-11-14 08:55:00,814 - INFO - Processing rows 600 to 625 for swaps, peptide ELAGIGILTV, weight TCRa
2024-11-14 08:56:31,860 - INFO - Processing rows 625 to 650 for swaps, peptide ELAGIGILTV, weight TCRa
2024-11-14 08:58:01,279 - INFO - Processing rows 650 to 675 for swaps, peptide ELAGIGILTV, weight TCRa
2024-11-14 08:59:31,281 - INFO - Processing rows 675 to 700 for swaps, peptide ELAGIGILTV, weight TCRa
2024-11-14 09:01:01,137 - INFO - Processing rows 700 to 725 for swaps, peptide ELAGIGILTV, weight TCRa
2024-11-14 09:02:32,034 - INFO - Processing rows 725 to 750 for swaps, peptide ELAGIGILTV, weight TCRa
2024-11-14 09:03:59,560 - INFO - Processing rows 750 to 775 for swaps, peptide ELAGIGILTV, weight TCRa
2024-11-14 09:05:29,365 - INFO - Processing rows 775 to 800 for swaps, peptide ELAGIGILTV, weight TCRa
2024-11-14 09:06:58,270 - INFO - Processing rows 800 to 825 for swaps, peptide ELAGIGILTV, weight TCRa
2024-11-14 09:08:27,081 - INFO - Processing rows 825 to 850 for swaps, peptide ELAGIGILTV, weight TCRa
2024-11-14 09:09:56,658 - INFO - Processing rows 850 to 875 for swaps, peptide ELAGIGILTV, weight TCRa
2024-11-14 09:11:24,700 - INFO - Processing rows 875 to 900 for swaps, peptide ELAGIGILTV, weight TCRa
2024-11-14 09:12:54,147 - INFO - Processing rows 900 to 925 for swaps, peptide ELAGIGILTV, weight TCRa
2024-11-14 09:14:20,941 - INFO - Processing rows 925 to 950 for swaps, peptide ELAGIGILTV, weight TCRa
2024-11-14 09:15:50,586 - INFO - Processing rows 950 to 975 for swaps, peptide ELAGIGILTV, weight TCRa
2024-11-14 09:17:19,886 - INFO - Processing rows 975 to 1000 for swaps, peptide ELAGIGILTV, weight TCRa
2024-11-14 09:18:47,669 - INFO - Processing rows 1000 to 1025 for swaps, peptide ELAGIGILTV, weight TCRa
2024-11-14 09:20:17,677 - INFO - Processing rows 1025 to 1050 for swaps, peptide ELAGIGILTV, weight TCRa
2024-11-14 09:21:48,487 - INFO - Processing rows 1050 to 1075 for swaps, peptide ELAGIGILTV, weight TCRa
2024-11-14 09:23:18,581 - INFO - Processing rows 1075 to 1100 for swaps, peptide ELAGIGILTV, weight TCRa
2024-11-14 09:24:48,624 - INFO - Processing rows 1100 to 1125 for swaps, peptide ELAGIGILTV, weight TCRa
2024-11-14 09:26:16,882 - INFO - Processing rows 1125 to 1150 for swaps, peptide ELAGIGILTV, weight TCRa
2024-11-14 09:27:46,019 - INFO - Processing rows 1150 to 1175 for swaps, peptide ELAGIGILTV, weight TCRa
2024-11-14 09:29:14,421 - INFO - Processing rows 1175 to 1200 for swaps, peptide ELAGIGILTV, weight TCRa
2024-11-14 09:30:42,995 - INFO - Processing rows 1200 to 1225 for swaps, peptide ELAGIGILTV, weight TCRa
2024-11-14 09:32:11,908 - INFO - Processing rows 1225 to 1250 for swaps, peptide ELAGIGILTV, weight TCRa
2024-11-14 09:33:38,872 - INFO - Processing rows 1250 to 1275 for swaps, peptide ELAGIGILTV, weight TCRa
2024-11-14 09:35:06,842 - INFO - Processing rows 1275 to 1300 for swaps, peptide ELAGIGILTV, weight TCRa
2024-11-14 09:36:37,054 - INFO - Processing rows 1300 to 1325 for swaps, peptide ELAGIGILTV, weight TCRa
2024-11-14 09:38:03,536 - INFO - Processing rows 1325 to 1350 for swaps, peptide ELAGIGILTV, weight TCRa
2024-11-14 09:39:30,881 - INFO - Processing rows 1350 to 1375 for swaps, peptide ELAGIGILTV, weight TCRa
2024-11-14 09:40:59,283 - INFO - Processing rows 1375 to 1400 for swaps, peptide ELAGIGILTV, weight TCRa
2024-11-14 09:42:24,639 - INFO - Processing rows 1400 to 1425 for swaps, peptide ELAGIGILTV, weight TCRa
2024-11-14 09:43:49,479 - INFO - Processing rows 1425 to 1450 for swaps, peptide ELAGIGILTV, weight TCRa
2024-11-14 09:45:17,807 - INFO - Processing rows 1450 to 1475 for swaps, peptide ELAGIGILTV, weight TCRa
2024-11-14 09:46:44,067 - INFO - Processing rows 1475 to 1500 for swaps, peptide ELAGIGILTV, weight TCRa
2024-11-14 09:48:09,643 - INFO - Processing rows 1500 to 1525 for swaps, peptide ELAGIGILTV, weight TCRa
2024-11-14 09:49:38,972 - INFO - Processing rows 1525 to 1550 for swaps, peptide ELAGIGILTV, weight TCRa
2024-11-14 09:51:04,723 - INFO - Processing rows 1550 to 1575 for swaps, peptide ELAGIGILTV, weight TCRa
2024-11-14 09:52:32,356 - INFO - Processing rows 1575 to 1600 for swaps, peptide ELAGIGILTV, weight TCRa
2024-11-14 09:54:00,021 - INFO - Processing rows 1600 to 1625 for swaps, peptide ELAGIGILTV, weight TCRa
2024-11-14 09:55:27,100 - INFO - Processing rows 1625 to 1650 for swaps, peptide ELAGIGILTV, weight TCRa
2024-11-14 09:56:55,174 - INFO - Processing rows 1650 to 1675 for swaps, peptide ELAGIGILTV, weight TCRa
2024-11-14 09:58:22,323 - INFO - Processing rows 1675 to 1700 for swaps, peptide ELAGIGILTV, weight TCRa
2024-11-14 09:59:50,396 - INFO - Processing rows 1700 to 1725 for swaps, peptide ELAGIGILTV, weight TCRa
2024-11-14 10:01:18,050 - INFO - Processing rows 1725 to 1750 for swaps, peptide ELAGIGILTV, weight TCRa
2024-11-14 10:02:44,137 - INFO - Processing rows 1750 to 1775 for swaps, peptide ELAGIGILTV, weight TCRa
2024-11-14 10:04:09,694 - INFO - Processing rows 1775 to 1800 for swaps, peptide ELAGIGILTV, weight TCRa
2024-11-14 10:05:37,053 - INFO - Processing rows 1800 to 1825 for swaps, peptide ELAGIGILTV, weight TCRa
2024-11-14 10:07:05,002 - INFO - Processing rows 1825 to 1850 for swaps, peptide ELAGIGILTV, weight TCRa
2024-11-14 10:08:29,428 - INFO - Processing rows 1850 to 1875 for swaps, peptide ELAGIGILTV, weight TCRa
2024-11-14 10:09:56,501 - INFO - Processing rows 1875 to 1900 for swaps, peptide ELAGIGILTV, weight TCRa
2024-11-14 10:11:20,668 - INFO - Processing rows 1900 to 1925 for swaps, peptide ELAGIGILTV, weight TCRa
2024-11-14 10:12:46,812 - INFO - Processing rows 1925 to 1950 for swaps, peptide ELAGIGILTV, weight TCRa
2024-11-14 10:14:10,200 - INFO - Processing rows 1950 to 1975 for swaps, peptide ELAGIGILTV, weight TCRa
2024-11-14 10:15:36,696 - INFO - Processing rows 1975 to 2000 for swaps, peptide ELAGIGILTV, weight TCRa
2024-11-14 10:17:02,777 - INFO - Processing rows 2000 to 2025 for swaps, peptide ELAGIGILTV, weight TCRa
2024-11-14 10:18:29,545 - INFO - Processing rows 2025 to 2050 for swaps, peptide ELAGIGILTV, weight TCRa
2024-11-14 10:19:54,781 - INFO - Processing rows 2050 to 2075 for swaps, peptide ELAGIGILTV, weight TCRa
2024-11-14 10:21:21,299 - INFO - Processing rows 2075 to 2100 for swaps, peptide ELAGIGILTV, weight TCRa
2024-11-14 10:22:46,114 - INFO - Processing rows 2100 to 2125 for swaps, peptide ELAGIGILTV, weight TCRa
2024-11-14 10:24:12,619 - INFO - Processing rows 2125 to 2150 for swaps, peptide ELAGIGILTV, weight TCRa
2024-11-14 10:25:39,355 - INFO - Processing rows 2150 to 2175 for swaps, peptide ELAGIGILTV, weight TCRa
2024-11-14 10:27:06,491 - INFO - Processing rows 2175 to 2200 for swaps, peptide ELAGIGILTV, weight TCRa
2024-11-14 10:28:32,108 - INFO - Processing rows 2200 to 2225 for swaps, peptide ELAGIGILTV, weight TCRa
2024-11-14 10:29:58,717 - INFO - Processing rows 2225 to 2250 for swaps, peptide ELAGIGILTV, weight TCRa
2024-11-14 10:31:23,698 - INFO - Processing rows 2250 to 2275 for swaps, peptide ELAGIGILTV, weight TCRa
2024-11-14 10:32:50,889 - INFO - Processing rows 2275 to 2300 for swaps, peptide ELAGIGILTV, weight TCRa
2024-11-14 10:34:18,353 - INFO - Processing rows 2300 to 2325 for swaps, peptide ELAGIGILTV, weight TCRa
2024-11-14 10:35:45,757 - INFO - Processing rows 2325 to 2350 for swaps, peptide ELAGIGILTV, weight TCRa
2024-11-14 10:37:11,049 - INFO - Processing rows 2350 to 2375 for swaps, peptide ELAGIGILTV, weight TCRa
2024-11-14 10:38:36,944 - INFO - Processing rows 2375 to 2400 for swaps, peptide ELAGIGILTV, weight TCRa
2024-11-14 10:40:05,886 - INFO - Processing rows 2400 to 2425 for swaps, peptide ELAGIGILTV, weight TCRa
2024-11-14 10:41:34,504 - INFO - Processing rows 2425 to 2450 for swaps, peptide ELAGIGILTV, weight TCRa
2024-11-14 10:43:02,610 - INFO - Processing rows 2450 to 2475 for swaps, peptide ELAGIGILTV, weight TCRa
2024-11-14 10:44:28,847 - INFO - Processing rows 2475 to 2500 for swaps, peptide ELAGIGILTV, weight TCRa
2024-11-14 10:45:56,577 - INFO - Processing rows 2500 to 2525 for swaps, peptide ELAGIGILTV, weight TCRa
2024-11-14 10:47:25,072 - INFO - Processing rows 2525 to 2550 for swaps, peptide ELAGIGILTV, weight TCRa
2024-11-14 10:48:53,744 - INFO - Processing rows 2550 to 2575 for swaps, peptide ELAGIGILTV, weight TCRa
2024-11-14 10:50:22,837 - INFO - Processing rows 2575 to 2600 for swaps, peptide ELAGIGILTV, weight TCRa
2024-11-14 10:51:51,894 - INFO - Processing rows 2600 to 2625 for swaps, peptide ELAGIGILTV, weight TCRa
2024-11-14 10:53:16,262 - INFO - Processing rows 2625 to 2650 for swaps, peptide ELAGIGILTV, weight TCRa
2024-11-14 10:54:42,782 - INFO - Processing rows 2650 to 2675 for swaps, peptide ELAGIGILTV, weight TCRa
2024-11-14 10:56:09,336 - INFO - Processing rows 2675 to 2700 for swaps, peptide ELAGIGILTV, weight TCRa
2024-11-14 10:57:43,827 - INFO - Processing rows 2700 to 2725 for swaps, peptide ELAGIGILTV, weight TCRa
2024-11-14 10:59:08,305 - INFO - Processing rows 2725 to 2742 for swaps, peptide ELAGIGILTV, weight TCRa
2024-11-14 11:00:03,804 - INFO - ESM finished.. Saving file...
2024-11-14 11:02:49,039 - INFO - Saved to /net/mimer/mnt/tank/projects2/emison/language_model/27th_Oct_new_matrices/04.11_new_esm/12.11/sequence_summed_vectors_swaps_ELAGIGILTV_TCRa.csv
