2024-11-14 08:17:23,192 - INFO - Loading and filtering dataset for peptide ELAGIGILTV
2024-11-14 08:17:23,654 - INFO - Processing dataset for peptide ELAGIGILTV with weight CDR1a
2024-11-14 08:17:23,656 - INFO - Processing rows 0 to 25 for swaps, peptide ELAGIGILTV, weight CDR1a
2024-11-14 08:17:28,557 - INFO - Processing rows 25 to 50 for swaps, peptide ELAGIGILTV, weight CDR1a
2024-11-14 08:17:33,571 - INFO - Processing rows 50 to 75 for swaps, peptide ELAGIGILTV, weight CDR1a
2024-11-14 08:17:38,567 - INFO - Processing rows 75 to 100 for swaps, peptide ELAGIGILTV, weight CDR1a
2024-11-14 08:17:42,863 - INFO - Processing rows 100 to 125 for swaps, peptide ELAGIGILTV, weight CDR1a
2024-11-14 08:17:49,140 - INFO - Processing rows 125 to 150 for swaps, peptide ELAGIGILTV, weight CDR1a
2024-11-14 08:17:55,616 - INFO - Processing rows 150 to 175 for swaps, peptide ELAGIGILTV, weight CDR1a
2024-11-14 08:18:02,310 - INFO - Processing rows 175 to 200 for swaps, peptide ELAGIGILTV, weight CDR1a
2024-11-14 08:18:08,874 - INFO - Processing rows 200 to 225 for swaps, peptide ELAGIGILTV, weight CDR1a
2024-11-14 08:18:15,408 - INFO - Processing rows 225 to 250 for swaps, peptide ELAGIGILTV, weight CDR1a
2024-11-14 08:18:22,161 - INFO - Processing rows 250 to 275 for swaps, peptide ELAGIGILTV, weight CDR1a
2024-11-14 08:18:29,132 - INFO - Processing rows 275 to 300 for swaps, peptide ELAGIGILTV, weight CDR1a
2024-11-14 08:18:36,215 - INFO - Processing rows 300 to 325 for swaps, peptide ELAGIGILTV, weight CDR1a
2024-11-14 08:18:43,125 - INFO - Processing rows 325 to 350 for swaps, peptide ELAGIGILTV, weight CDR1a
2024-11-14 08:18:49,967 - INFO - Processing rows 350 to 375 for swaps, peptide ELAGIGILTV, weight CDR1a
2024-11-14 08:18:56,811 - INFO - Processing rows 375 to 400 for swaps, peptide ELAGIGILTV, weight CDR1a
2024-11-14 08:19:03,659 - INFO - Processing rows 400 to 425 for swaps, peptide ELAGIGILTV, weight CDR1a
2024-11-14 08:19:10,561 - INFO - Processing rows 425 to 450 for swaps, peptide ELAGIGILTV, weight CDR1a
2024-11-14 08:19:17,252 - INFO - Processing rows 450 to 475 for swaps, peptide ELAGIGILTV, weight CDR1a
2024-11-14 08:19:23,770 - INFO - Processing rows 475 to 500 for swaps, peptide ELAGIGILTV, weight CDR1a
2024-11-14 08:19:30,257 - INFO - Processing rows 500 to 525 for swaps, peptide ELAGIGILTV, weight CDR1a
2024-11-14 08:19:36,777 - INFO - Processing rows 525 to 550 for swaps, peptide ELAGIGILTV, weight CDR1a
2024-11-14 08:19:43,423 - INFO - Processing rows 550 to 575 for swaps, peptide ELAGIGILTV, weight CDR1a
2024-11-14 08:19:50,128 - INFO - Processing rows 575 to 600 for swaps, peptide ELAGIGILTV, weight CDR1a
2024-11-14 08:19:56,861 - INFO - Processing rows 600 to 625 for swaps, peptide ELAGIGILTV, weight CDR1a
2024-11-14 08:20:03,626 - INFO - Processing rows 625 to 650 for swaps, peptide ELAGIGILTV, weight CDR1a
2024-11-14 08:20:08,535 - INFO - Processing rows 650 to 675 for swaps, peptide ELAGIGILTV, weight CDR1a
2024-11-14 08:20:12,079 - INFO - Processing rows 675 to 700 for swaps, peptide ELAGIGILTV, weight CDR1a
2024-11-14 08:20:15,558 - INFO - Processing rows 700 to 725 for swaps, peptide ELAGIGILTV, weight CDR1a
2024-11-14 08:20:19,062 - INFO - Processing rows 725 to 750 for swaps, peptide ELAGIGILTV, weight CDR1a
2024-11-14 08:20:22,539 - INFO - Processing rows 750 to 775 for swaps, peptide ELAGIGILTV, weight CDR1a
2024-11-14 08:20:26,106 - INFO - Processing rows 775 to 800 for swaps, peptide ELAGIGILTV, weight CDR1a
2024-11-14 08:20:29,602 - INFO - Processing rows 800 to 825 for swaps, peptide ELAGIGILTV, weight CDR1a
2024-11-14 08:20:33,020 - INFO - Processing rows 825 to 850 for swaps, peptide ELAGIGILTV, weight CDR1a
2024-11-14 08:20:36,474 - INFO - Processing rows 850 to 875 for swaps, peptide ELAGIGILTV, weight CDR1a
2024-11-14 08:20:39,839 - INFO - Processing rows 875 to 900 for swaps, peptide ELAGIGILTV, weight CDR1a
2024-11-14 08:20:43,215 - INFO - Processing rows 900 to 925 for swaps, peptide ELAGIGILTV, weight CDR1a
2024-11-14 08:20:46,605 - INFO - Processing rows 925 to 950 for swaps, peptide ELAGIGILTV, weight CDR1a
2024-11-14 08:20:49,933 - INFO - Processing rows 950 to 975 for swaps, peptide ELAGIGILTV, weight CDR1a
2024-11-14 08:20:53,362 - INFO - Processing rows 975 to 1000 for swaps, peptide ELAGIGILTV, weight CDR1a
2024-11-14 08:20:56,700 - INFO - Processing rows 1000 to 1025 for swaps, peptide ELAGIGILTV, weight CDR1a
2024-11-14 08:21:00,059 - INFO - Processing rows 1025 to 1050 for swaps, peptide ELAGIGILTV, weight CDR1a
2024-11-14 08:21:03,421 - INFO - Processing rows 1050 to 1075 for swaps, peptide ELAGIGILTV, weight CDR1a
2024-11-14 08:21:06,703 - INFO - Processing rows 1075 to 1100 for swaps, peptide ELAGIGILTV, weight CDR1a
2024-11-14 08:21:12,517 - INFO - Processing rows 1100 to 1125 for swaps, peptide ELAGIGILTV, weight CDR1a
2024-11-14 08:21:18,464 - INFO - Processing rows 1125 to 1150 for swaps, peptide ELAGIGILTV, weight CDR1a
2024-11-14 08:21:24,366 - INFO - Processing rows 1150 to 1175 for swaps, peptide ELAGIGILTV, weight CDR1a
2024-11-14 08:21:30,151 - INFO - Processing rows 1175 to 1200 for swaps, peptide ELAGIGILTV, weight CDR1a
2024-11-14 08:21:35,912 - INFO - Processing rows 1200 to 1225 for swaps, peptide ELAGIGILTV, weight CDR1a
2024-11-14 08:21:41,678 - INFO - Processing rows 1225 to 1250 for swaps, peptide ELAGIGILTV, weight CDR1a
2024-11-14 08:21:47,530 - INFO - Processing rows 1250 to 1275 for swaps, peptide ELAGIGILTV, weight CDR1a
2024-11-14 08:21:53,627 - INFO - Processing rows 1275 to 1300 for swaps, peptide ELAGIGILTV, weight CDR1a
2024-11-14 08:21:59,781 - INFO - Processing rows 1300 to 1325 for swaps, peptide ELAGIGILTV, weight CDR1a
2024-11-14 08:22:05,990 - INFO - Processing rows 1325 to 1350 for swaps, peptide ELAGIGILTV, weight CDR1a
2024-11-14 08:22:12,116 - INFO - Processing rows 1350 to 1375 for swaps, peptide ELAGIGILTV, weight CDR1a
2024-11-14 08:22:18,090 - INFO - Processing rows 1375 to 1400 for swaps, peptide ELAGIGILTV, weight CDR1a
2024-11-14 08:22:24,001 - INFO - Processing rows 1400 to 1425 for swaps, peptide ELAGIGILTV, weight CDR1a
2024-11-14 08:22:29,944 - INFO - Processing rows 1425 to 1450 for swaps, peptide ELAGIGILTV, weight CDR1a
2024-11-14 08:22:35,860 - INFO - Processing rows 1450 to 1475 for swaps, peptide ELAGIGILTV, weight CDR1a
2024-11-14 08:22:41,778 - INFO - Processing rows 1475 to 1500 for swaps, peptide ELAGIGILTV, weight CDR1a
2024-11-14 08:22:47,733 - INFO - Processing rows 1500 to 1525 for swaps, peptide ELAGIGILTV, weight CDR1a
2024-11-14 08:22:53,762 - INFO - Processing rows 1525 to 1550 for swaps, peptide ELAGIGILTV, weight CDR1a
2024-11-14 08:22:59,748 - INFO - Processing rows 1550 to 1575 for swaps, peptide ELAGIGILTV, weight CDR1a
2024-11-14 08:23:05,711 - INFO - Processing rows 1575 to 1600 for swaps, peptide ELAGIGILTV, weight CDR1a
2024-11-14 08:23:11,610 - INFO - Processing rows 1600 to 1625 for swaps, peptide ELAGIGILTV, weight CDR1a
2024-11-14 08:23:17,466 - INFO - Processing rows 1625 to 1650 for swaps, peptide ELAGIGILTV, weight CDR1a
2024-11-14 08:23:23,154 - INFO - Processing rows 1650 to 1675 for swaps, peptide ELAGIGILTV, weight CDR1a
2024-11-14 08:23:28,787 - INFO - Processing rows 1675 to 1700 for swaps, peptide ELAGIGILTV, weight CDR1a
2024-11-14 08:23:34,495 - INFO - Processing rows 1700 to 1725 for swaps, peptide ELAGIGILTV, weight CDR1a
2024-11-14 08:23:40,404 - INFO - Processing rows 1725 to 1750 for swaps, peptide ELAGIGILTV, weight CDR1a
2024-11-14 08:23:46,097 - INFO - Processing rows 1750 to 1775 for swaps, peptide ELAGIGILTV, weight CDR1a
2024-11-14 08:23:51,759 - INFO - Processing rows 1775 to 1800 for swaps, peptide ELAGIGILTV, weight CDR1a
2024-11-14 08:23:57,328 - INFO - Processing rows 1800 to 1825 for swaps, peptide ELAGIGILTV, weight CDR1a
2024-11-14 08:24:02,815 - INFO - Processing rows 1825 to 1850 for swaps, peptide ELAGIGILTV, weight CDR1a
2024-11-14 08:24:08,235 - INFO - Processing rows 1850 to 1875 for swaps, peptide ELAGIGILTV, weight CDR1a
2024-11-14 08:24:13,657 - INFO - Processing rows 1875 to 1900 for swaps, peptide ELAGIGILTV, weight CDR1a
2024-11-14 08:24:19,083 - INFO - Processing rows 1900 to 1925 for swaps, peptide ELAGIGILTV, weight CDR1a
2024-11-14 08:24:24,438 - INFO - Processing rows 1925 to 1950 for swaps, peptide ELAGIGILTV, weight CDR1a
2024-11-14 08:24:29,598 - INFO - Processing rows 1950 to 1975 for swaps, peptide ELAGIGILTV, weight CDR1a
2024-11-14 08:24:34,829 - INFO - Processing rows 1975 to 2000 for swaps, peptide ELAGIGILTV, weight CDR1a
2024-11-14 08:24:40,228 - INFO - Processing rows 2000 to 2025 for swaps, peptide ELAGIGILTV, weight CDR1a
2024-11-14 08:24:45,721 - INFO - Processing rows 2025 to 2050 for swaps, peptide ELAGIGILTV, weight CDR1a
2024-11-14 08:24:51,218 - INFO - Processing rows 2050 to 2075 for swaps, peptide ELAGIGILTV, weight CDR1a
2024-11-14 08:24:56,707 - INFO - Processing rows 2075 to 2100 for swaps, peptide ELAGIGILTV, weight CDR1a
2024-11-14 08:25:02,289 - INFO - Processing rows 2100 to 2125 for swaps, peptide ELAGIGILTV, weight CDR1a
2024-11-14 08:25:07,823 - INFO - Processing rows 2125 to 2150 for swaps, peptide ELAGIGILTV, weight CDR1a
2024-11-14 08:25:13,548 - INFO - Processing rows 2150 to 2175 for swaps, peptide ELAGIGILTV, weight CDR1a
2024-11-14 08:25:19,379 - INFO - Processing rows 2175 to 2200 for swaps, peptide ELAGIGILTV, weight CDR1a
2024-11-14 08:25:25,188 - INFO - Processing rows 2200 to 2225 for swaps, peptide ELAGIGILTV, weight CDR1a
2024-11-14 08:25:30,867 - INFO - Processing rows 2225 to 2250 for swaps, peptide ELAGIGILTV, weight CDR1a
2024-11-14 08:25:36,462 - INFO - Processing rows 2250 to 2275 for swaps, peptide ELAGIGILTV, weight CDR1a
2024-11-14 08:25:41,955 - INFO - Processing rows 2275 to 2300 for swaps, peptide ELAGIGILTV, weight CDR1a
2024-11-14 08:25:47,502 - INFO - Processing rows 2300 to 2325 for swaps, peptide ELAGIGILTV, weight CDR1a
2024-11-14 08:25:53,085 - INFO - Processing rows 2325 to 2350 for swaps, peptide ELAGIGILTV, weight CDR1a
2024-11-14 08:25:58,574 - INFO - Processing rows 2350 to 2375 for swaps, peptide ELAGIGILTV, weight CDR1a
2024-11-14 08:26:03,995 - INFO - Processing rows 2375 to 2400 for swaps, peptide ELAGIGILTV, weight CDR1a
2024-11-14 08:26:09,411 - INFO - Processing rows 2400 to 2425 for swaps, peptide ELAGIGILTV, weight CDR1a
2024-11-14 08:26:14,789 - INFO - Processing rows 2425 to 2450 for swaps, peptide ELAGIGILTV, weight CDR1a
2024-11-14 08:26:20,268 - INFO - Processing rows 2450 to 2475 for swaps, peptide ELAGIGILTV, weight CDR1a
2024-11-14 08:26:25,722 - INFO - Processing rows 2475 to 2500 for swaps, peptide ELAGIGILTV, weight CDR1a
2024-11-14 08:26:31,150 - INFO - Processing rows 2500 to 2525 for swaps, peptide ELAGIGILTV, weight CDR1a
2024-11-14 08:26:36,588 - INFO - Processing rows 2525 to 2550 for swaps, peptide ELAGIGILTV, weight CDR1a
2024-11-14 08:26:41,999 - INFO - Processing rows 2550 to 2575 for swaps, peptide ELAGIGILTV, weight CDR1a
2024-11-14 08:26:47,321 - INFO - Processing rows 2575 to 2600 for swaps, peptide ELAGIGILTV, weight CDR1a
2024-11-14 08:26:52,690 - INFO - Processing rows 2600 to 2625 for swaps, peptide ELAGIGILTV, weight CDR1a
2024-11-14 08:26:57,935 - INFO - Processing rows 2625 to 2650 for swaps, peptide ELAGIGILTV, weight CDR1a
2024-11-14 08:27:03,063 - INFO - Processing rows 2650 to 2675 for swaps, peptide ELAGIGILTV, weight CDR1a
2024-11-14 08:27:08,037 - INFO - Processing rows 2675 to 2700 for swaps, peptide ELAGIGILTV, weight CDR1a
2024-11-14 08:27:13,022 - INFO - Processing rows 2700 to 2725 for swaps, peptide ELAGIGILTV, weight CDR1a
2024-11-14 08:27:17,982 - INFO - Processing rows 2725 to 2742 for swaps, peptide ELAGIGILTV, weight CDR1a
2024-11-14 08:27:21,127 - INFO - ESM finished.. Saving file...
2024-11-14 08:35:44,403 - INFO - Saved to /net/mimer/mnt/tank/projects2/emison/language_model/27th_Oct_new_matrices/04.11_new_esm/12.11/sequence_summed_vectors_swaps_ELAGIGILTV_CDR1a.csv
