2024-11-14 07:56:38,157 - INFO - Loading and filtering dataset for peptide ELAGIGILTV
2024-11-14 07:56:38,210 - INFO - Processing dataset for peptide ELAGIGILTV with weight CDR3a
2024-11-14 07:56:38,211 - INFO - Processing rows 0 to 25 for binders, peptide ELAGIGILTV, weight CDR3a
2024-11-14 07:56:41,627 - INFO - Processing rows 25 to 50 for binders, peptide ELAGIGILTV, weight CDR3a
2024-11-14 07:56:45,420 - INFO - Processing rows 50 to 75 for binders, peptide ELAGIGILTV, weight CDR3a
2024-11-14 07:56:49,018 - INFO - Processing rows 75 to 100 for binders, peptide ELAGIGILTV, weight CDR3a
2024-11-14 07:56:52,262 - INFO - Processing rows 100 to 125 for binders, peptide ELAGIGILTV, weight CDR3a
2024-11-14 07:56:56,220 - INFO - Processing rows 125 to 150 for binders, peptide ELAGIGILTV, weight CDR3a
2024-11-14 07:56:59,835 - INFO - Processing rows 150 to 175 for binders, peptide ELAGIGILTV, weight CDR3a
2024-11-14 07:57:03,062 - INFO - Processing rows 175 to 200 for binders, peptide ELAGIGILTV, weight CDR3a
2024-11-14 07:57:06,984 - INFO - Processing rows 200 to 225 for binders, peptide ELAGIGILTV, weight CDR3a
2024-11-14 07:57:11,171 - INFO - Processing rows 225 to 250 for binders, peptide ELAGIGILTV, weight CDR3a
2024-11-14 07:57:15,489 - INFO - Processing rows 250 to 275 for binders, peptide ELAGIGILTV, weight CDR3a
2024-11-14 07:57:18,675 - INFO - Processing rows 275 to 300 for binders, peptide ELAGIGILTV, weight CDR3a
2024-11-14 07:57:22,688 - INFO - Processing rows 300 to 325 for binders, peptide ELAGIGILTV, weight CDR3a
2024-11-14 07:57:26,521 - INFO - Processing rows 325 to 350 for binders, peptide ELAGIGILTV, weight CDR3a
2024-11-14 07:57:29,867 - INFO - Processing rows 350 to 375 for binders, peptide ELAGIGILTV, weight CDR3a
2024-11-14 07:57:33,733 - INFO - Processing rows 375 to 400 for binders, peptide ELAGIGILTV, weight CDR3a
2024-11-14 07:57:37,471 - INFO - Processing rows 400 to 425 for binders, peptide ELAGIGILTV, weight CDR3a
2024-11-14 07:57:40,830 - INFO - Processing rows 425 to 450 for binders, peptide ELAGIGILTV, weight CDR3a
2024-11-14 07:57:44,840 - INFO - Processing rows 450 to 457 for binders, peptide ELAGIGILTV, weight CDR3a
Traceback (most recent call last):
  File "/net/mimer/mnt/tank/projects2/emison/language_model/27th_Oct_new_matrices/04.11_new_esm/12.11/run_esm_binders.py", line 90, in <module>
    process_sequences(df_filtered, peptide, weight, "binders")
  File "/net/mimer/mnt/tank/projects2/emison/language_model/27th_Oct_new_matrices/04.11_new_esm/12.11/run_esm_binders.py", line 82, in process_sequences
    output_df.insert(0, "raw_index", raw_indexes)
  File "/home/projects2/emison/language_model/miniconda3/envs/esm2_emison/lib/python3.12/site-packages/pandas/core/frame.py", line 5171, in insert
    value, refs = self._sanitize_column(value)
                  ^^^^^^^^^^^^^^^^^^^^^^^^^^^^
  File "/home/projects2/emison/language_model/miniconda3/envs/esm2_emison/lib/python3.12/site-packages/pandas/core/frame.py", line 5266, in _sanitize_column
    com.require_length_match(value, self.index)
  File "/home/projects2/emison/language_model/miniconda3/envs/esm2_emison/lib/python3.12/site-packages/pandas/core/common.py", line 573, in require_length_match
    raise ValueError(
ValueError: Length of values (457) does not match length of index (7)
