2024-11-14 08:17:51,169 - INFO - Loading and filtering dataset for peptide ELAGIGILTV
2024-11-14 08:17:51,654 - INFO - Processing dataset for peptide ELAGIGILTV with weight CDR3a
2024-11-14 08:17:51,656 - INFO - Processing rows 0 to 25 for swaps, peptide ELAGIGILTV, weight CDR3a
2024-11-14 08:17:59,545 - INFO - Processing rows 25 to 50 for swaps, peptide ELAGIGILTV, weight CDR3a
2024-11-14 08:18:07,189 - INFO - Processing rows 50 to 75 for swaps, peptide ELAGIGILTV, weight CDR3a
2024-11-14 08:18:14,288 - INFO - Processing rows 75 to 100 for swaps, peptide ELAGIGILTV, weight CDR3a
2024-11-14 08:18:21,975 - INFO - Processing rows 100 to 125 for swaps, peptide ELAGIGILTV, weight CDR3a
2024-11-14 08:18:29,752 - INFO - Processing rows 125 to 150 for swaps, peptide ELAGIGILTV, weight CDR3a
2024-11-14 08:18:37,624 - INFO - Processing rows 150 to 175 for swaps, peptide ELAGIGILTV, weight CDR3a
2024-11-14 08:18:45,812 - INFO - Processing rows 175 to 200 for swaps, peptide ELAGIGILTV, weight CDR3a
2024-11-14 08:18:54,262 - INFO - Processing rows 200 to 225 for swaps, peptide ELAGIGILTV, weight CDR3a
2024-11-14 08:19:01,394 - INFO - Processing rows 225 to 250 for swaps, peptide ELAGIGILTV, weight CDR3a
2024-11-14 08:19:09,032 - INFO - Processing rows 250 to 275 for swaps, peptide ELAGIGILTV, weight CDR3a
2024-11-14 08:19:16,818 - INFO - Processing rows 275 to 300 for swaps, peptide ELAGIGILTV, weight CDR3a
2024-11-14 08:19:25,376 - INFO - Processing rows 300 to 325 for swaps, peptide ELAGIGILTV, weight CDR3a
2024-11-14 08:19:31,963 - INFO - Processing rows 325 to 350 for swaps, peptide ELAGIGILTV, weight CDR3a
2024-11-14 08:19:39,190 - INFO - Processing rows 350 to 375 for swaps, peptide ELAGIGILTV, weight CDR3a
2024-11-14 08:19:45,683 - INFO - Processing rows 375 to 400 for swaps, peptide ELAGIGILTV, weight CDR3a
2024-11-14 08:19:53,636 - INFO - Processing rows 400 to 425 for swaps, peptide ELAGIGILTV, weight CDR3a
2024-11-14 08:20:00,846 - INFO - Processing rows 425 to 450 for swaps, peptide ELAGIGILTV, weight CDR3a
2024-11-14 08:20:08,159 - INFO - Processing rows 450 to 475 for swaps, peptide ELAGIGILTV, weight CDR3a
2024-11-14 08:20:15,227 - INFO - Processing rows 475 to 500 for swaps, peptide ELAGIGILTV, weight CDR3a
2024-11-14 08:20:22,254 - INFO - Processing rows 500 to 525 for swaps, peptide ELAGIGILTV, weight CDR3a
2024-11-14 08:20:30,288 - INFO - Processing rows 525 to 550 for swaps, peptide ELAGIGILTV, weight CDR3a
2024-11-14 08:20:36,836 - INFO - Processing rows 550 to 575 for swaps, peptide ELAGIGILTV, weight CDR3a
2024-11-14 08:20:43,908 - INFO - Processing rows 575 to 600 for swaps, peptide ELAGIGILTV, weight CDR3a
2024-11-14 08:20:51,324 - INFO - Processing rows 600 to 625 for swaps, peptide ELAGIGILTV, weight CDR3a
2024-11-14 08:20:58,875 - INFO - Processing rows 625 to 650 for swaps, peptide ELAGIGILTV, weight CDR3a
2024-11-14 08:21:05,256 - INFO - Processing rows 650 to 675 for swaps, peptide ELAGIGILTV, weight CDR3a
2024-11-14 08:21:11,721 - INFO - Processing rows 675 to 700 for swaps, peptide ELAGIGILTV, weight CDR3a
2024-11-14 08:21:18,823 - INFO - Processing rows 700 to 725 for swaps, peptide ELAGIGILTV, weight CDR3a
2024-11-14 08:21:26,862 - INFO - Processing rows 725 to 750 for swaps, peptide ELAGIGILTV, weight CDR3a
2024-11-14 08:21:33,515 - INFO - Processing rows 750 to 775 for swaps, peptide ELAGIGILTV, weight CDR3a
2024-11-14 08:21:39,813 - INFO - Processing rows 775 to 800 for swaps, peptide ELAGIGILTV, weight CDR3a
2024-11-14 08:21:46,194 - INFO - Processing rows 800 to 825 for swaps, peptide ELAGIGILTV, weight CDR3a
2024-11-14 08:21:53,951 - INFO - Processing rows 825 to 850 for swaps, peptide ELAGIGILTV, weight CDR3a
2024-11-14 08:22:01,420 - INFO - Processing rows 850 to 875 for swaps, peptide ELAGIGILTV, weight CDR3a
2024-11-14 08:22:09,602 - INFO - Processing rows 875 to 900 for swaps, peptide ELAGIGILTV, weight CDR3a
2024-11-14 08:22:18,502 - INFO - Processing rows 900 to 925 for swaps, peptide ELAGIGILTV, weight CDR3a
2024-11-14 08:22:25,072 - INFO - Processing rows 925 to 950 for swaps, peptide ELAGIGILTV, weight CDR3a
2024-11-14 08:22:31,414 - INFO - Processing rows 950 to 975 for swaps, peptide ELAGIGILTV, weight CDR3a
2024-11-14 08:22:38,069 - INFO - Processing rows 975 to 1000 for swaps, peptide ELAGIGILTV, weight CDR3a
2024-11-14 08:22:44,653 - INFO - Processing rows 1000 to 1025 for swaps, peptide ELAGIGILTV, weight CDR3a
2024-11-14 08:22:51,174 - INFO - Processing rows 1025 to 1050 for swaps, peptide ELAGIGILTV, weight CDR3a
2024-11-14 08:22:57,872 - INFO - Processing rows 1050 to 1075 for swaps, peptide ELAGIGILTV, weight CDR3a
2024-11-14 08:23:04,322 - INFO - Processing rows 1075 to 1100 for swaps, peptide ELAGIGILTV, weight CDR3a
2024-11-14 08:23:10,889 - INFO - Processing rows 1100 to 1125 for swaps, peptide ELAGIGILTV, weight CDR3a
2024-11-14 08:23:18,072 - INFO - Processing rows 1125 to 1150 for swaps, peptide ELAGIGILTV, weight CDR3a
2024-11-14 08:23:23,817 - INFO - Processing rows 1150 to 1175 for swaps, peptide ELAGIGILTV, weight CDR3a
2024-11-14 08:23:30,514 - INFO - Processing rows 1175 to 1200 for swaps, peptide ELAGIGILTV, weight CDR3a
2024-11-14 08:23:39,188 - INFO - Processing rows 1200 to 1225 for swaps, peptide ELAGIGILTV, weight CDR3a
2024-11-14 08:23:46,414 - INFO - Processing rows 1225 to 1250 for swaps, peptide ELAGIGILTV, weight CDR3a
2024-11-14 08:23:52,659 - INFO - Processing rows 1250 to 1275 for swaps, peptide ELAGIGILTV, weight CDR3a
2024-11-14 08:23:59,767 - INFO - Processing rows 1275 to 1300 for swaps, peptide ELAGIGILTV, weight CDR3a
2024-11-14 08:24:05,833 - INFO - Processing rows 1300 to 1325 for swaps, peptide ELAGIGILTV, weight CDR3a
2024-11-14 08:24:11,918 - INFO - Processing rows 1325 to 1350 for swaps, peptide ELAGIGILTV, weight CDR3a
2024-11-14 08:24:18,583 - INFO - Processing rows 1350 to 1375 for swaps, peptide ELAGIGILTV, weight CDR3a
2024-11-14 08:24:26,269 - INFO - Processing rows 1375 to 1400 for swaps, peptide ELAGIGILTV, weight CDR3a
2024-11-14 08:24:31,563 - INFO - Processing rows 1400 to 1425 for swaps, peptide ELAGIGILTV, weight CDR3a
2024-11-14 08:24:37,510 - INFO - Processing rows 1425 to 1450 for swaps, peptide ELAGIGILTV, weight CDR3a
2024-11-14 08:24:43,540 - INFO - Processing rows 1450 to 1475 for swaps, peptide ELAGIGILTV, weight CDR3a
2024-11-14 08:24:48,976 - INFO - Processing rows 1475 to 1500 for swaps, peptide ELAGIGILTV, weight CDR3a
2024-11-14 08:24:53,957 - INFO - Processing rows 1500 to 1525 for swaps, peptide ELAGIGILTV, weight CDR3a
2024-11-14 08:25:00,311 - INFO - Processing rows 1525 to 1550 for swaps, peptide ELAGIGILTV, weight CDR3a
2024-11-14 08:25:06,652 - INFO - Processing rows 1550 to 1575 for swaps, peptide ELAGIGILTV, weight CDR3a
2024-11-14 08:25:12,783 - INFO - Processing rows 1575 to 1600 for swaps, peptide ELAGIGILTV, weight CDR3a
2024-11-14 08:25:19,590 - INFO - Processing rows 1600 to 1625 for swaps, peptide ELAGIGILTV, weight CDR3a
2024-11-14 08:25:25,720 - INFO - Processing rows 1625 to 1650 for swaps, peptide ELAGIGILTV, weight CDR3a
2024-11-14 08:25:32,898 - INFO - Processing rows 1650 to 1675 for swaps, peptide ELAGIGILTV, weight CDR3a
2024-11-14 08:25:38,468 - INFO - Processing rows 1675 to 1700 for swaps, peptide ELAGIGILTV, weight CDR3a
2024-11-14 08:25:45,429 - INFO - Processing rows 1700 to 1725 for swaps, peptide ELAGIGILTV, weight CDR3a
2024-11-14 08:25:51,339 - INFO - Processing rows 1725 to 1750 for swaps, peptide ELAGIGILTV, weight CDR3a
2024-11-14 08:25:57,428 - INFO - Processing rows 1750 to 1775 for swaps, peptide ELAGIGILTV, weight CDR3a
2024-11-14 08:26:03,873 - INFO - Processing rows 1775 to 1800 for swaps, peptide ELAGIGILTV, weight CDR3a
2024-11-14 08:26:10,201 - INFO - Processing rows 1800 to 1825 for swaps, peptide ELAGIGILTV, weight CDR3a
2024-11-14 08:26:15,947 - INFO - Processing rows 1825 to 1850 for swaps, peptide ELAGIGILTV, weight CDR3a
2024-11-14 08:26:21,628 - INFO - Processing rows 1850 to 1875 for swaps, peptide ELAGIGILTV, weight CDR3a
2024-11-14 08:26:28,177 - INFO - Processing rows 1875 to 1900 for swaps, peptide ELAGIGILTV, weight CDR3a
2024-11-14 08:26:33,891 - INFO - Processing rows 1900 to 1925 for swaps, peptide ELAGIGILTV, weight CDR3a
2024-11-14 08:26:40,444 - INFO - Processing rows 1925 to 1950 for swaps, peptide ELAGIGILTV, weight CDR3a
2024-11-14 08:26:45,847 - INFO - Processing rows 1950 to 1975 for swaps, peptide ELAGIGILTV, weight CDR3a
2024-11-14 08:26:52,155 - INFO - Processing rows 1975 to 2000 for swaps, peptide ELAGIGILTV, weight CDR3a
2024-11-14 08:26:59,111 - INFO - Processing rows 2000 to 2025 for swaps, peptide ELAGIGILTV, weight CDR3a
2024-11-14 08:27:05,536 - INFO - Processing rows 2025 to 2050 for swaps, peptide ELAGIGILTV, weight CDR3a
2024-11-14 08:27:11,673 - INFO - Processing rows 2050 to 2075 for swaps, peptide ELAGIGILTV, weight CDR3a
2024-11-14 08:27:17,396 - INFO - Processing rows 2075 to 2100 for swaps, peptide ELAGIGILTV, weight CDR3a
2024-11-14 08:27:22,882 - INFO - Processing rows 2100 to 2125 for swaps, peptide ELAGIGILTV, weight CDR3a
2024-11-14 08:27:28,262 - INFO - Processing rows 2125 to 2150 for swaps, peptide ELAGIGILTV, weight CDR3a
2024-11-14 08:27:34,496 - INFO - Processing rows 2150 to 2175 for swaps, peptide ELAGIGILTV, weight CDR3a
2024-11-14 08:27:41,130 - INFO - Processing rows 2175 to 2200 for swaps, peptide ELAGIGILTV, weight CDR3a
2024-11-14 08:27:47,116 - INFO - Processing rows 2200 to 2225 for swaps, peptide ELAGIGILTV, weight CDR3a
2024-11-14 08:27:52,826 - INFO - Processing rows 2225 to 2250 for swaps, peptide ELAGIGILTV, weight CDR3a
2024-11-14 08:27:58,610 - INFO - Processing rows 2250 to 2275 for swaps, peptide ELAGIGILTV, weight CDR3a
2024-11-14 08:28:05,786 - INFO - Processing rows 2275 to 2300 for swaps, peptide ELAGIGILTV, weight CDR3a
2024-11-14 08:28:12,247 - INFO - Processing rows 2300 to 2325 for swaps, peptide ELAGIGILTV, weight CDR3a
2024-11-14 08:28:19,678 - INFO - Processing rows 2325 to 2350 for swaps, peptide ELAGIGILTV, weight CDR3a
2024-11-14 08:28:25,228 - INFO - Processing rows 2350 to 2375 for swaps, peptide ELAGIGILTV, weight CDR3a
2024-11-14 08:28:32,401 - INFO - Processing rows 2375 to 2400 for swaps, peptide ELAGIGILTV, weight CDR3a
2024-11-14 08:28:39,004 - INFO - Processing rows 2400 to 2425 for swaps, peptide ELAGIGILTV, weight CDR3a
2024-11-14 08:28:46,287 - INFO - Processing rows 2425 to 2450 for swaps, peptide ELAGIGILTV, weight CDR3a
2024-11-14 08:28:53,167 - INFO - Processing rows 2450 to 2475 for swaps, peptide ELAGIGILTV, weight CDR3a
2024-11-14 08:28:58,742 - INFO - Processing rows 2475 to 2500 for swaps, peptide ELAGIGILTV, weight CDR3a
2024-11-14 08:29:03,883 - INFO - Processing rows 2500 to 2525 for swaps, peptide ELAGIGILTV, weight CDR3a
2024-11-14 08:29:09,713 - INFO - Processing rows 2525 to 2550 for swaps, peptide ELAGIGILTV, weight CDR3a
2024-11-14 08:29:19,791 - INFO - Processing rows 2550 to 2575 for swaps, peptide ELAGIGILTV, weight CDR3a
2024-11-14 08:29:28,824 - INFO - Processing rows 2575 to 2600 for swaps, peptide ELAGIGILTV, weight CDR3a
2024-11-14 08:29:34,757 - INFO - Processing rows 2600 to 2625 for swaps, peptide ELAGIGILTV, weight CDR3a
2024-11-14 08:29:40,345 - INFO - Processing rows 2625 to 2650 for swaps, peptide ELAGIGILTV, weight CDR3a
2024-11-14 08:29:46,221 - INFO - Processing rows 2650 to 2675 for swaps, peptide ELAGIGILTV, weight CDR3a
2024-11-14 08:29:52,743 - INFO - Processing rows 2675 to 2700 for swaps, peptide ELAGIGILTV, weight CDR3a
2024-11-14 08:30:00,724 - INFO - Processing rows 2700 to 2725 for swaps, peptide ELAGIGILTV, weight CDR3a
2024-11-14 08:30:06,762 - INFO - Processing rows 2725 to 2742 for swaps, peptide ELAGIGILTV, weight CDR3a
2024-11-14 08:30:10,375 - INFO - ESM finished.. Saving file...
2024-11-14 08:35:15,916 - INFO - Saved to /net/mimer/mnt/tank/projects2/emison/language_model/27th_Oct_new_matrices/04.11_new_esm/12.11/sequence_summed_vectors_swaps_ELAGIGILTV_CDR3a.csv
