2024-11-13 19:19:36,617 - INFO - Loading and filtering dataset for peptide GILGFVFTL
2024-11-13 19:19:36,946 - INFO - Processing dataset for peptide GILGFVFTL with weight CDR2a
2024-11-13 19:19:36,947 - INFO - Processing rows 0 to 25 for swaps, peptide GILGFVFTL, weight CDR2a
2024-11-13 19:19:39,227 - INFO - Processing rows 25 to 50 for swaps, peptide GILGFVFTL, weight CDR2a
2024-11-13 19:19:41,613 - INFO - Processing rows 50 to 75 for swaps, peptide GILGFVFTL, weight CDR2a
2024-11-13 19:19:43,932 - INFO - Processing rows 75 to 100 for swaps, peptide GILGFVFTL, weight CDR2a
2024-11-13 19:19:46,241 - INFO - Processing rows 100 to 125 for swaps, peptide GILGFVFTL, weight CDR2a
2024-11-13 19:19:48,564 - INFO - Processing rows 125 to 150 for swaps, peptide GILGFVFTL, weight CDR2a
2024-11-13 19:19:50,873 - INFO - Processing rows 150 to 175 for swaps, peptide GILGFVFTL, weight CDR2a
2024-11-13 19:19:53,174 - INFO - Processing rows 175 to 200 for swaps, peptide GILGFVFTL, weight CDR2a
2024-11-13 19:19:55,466 - INFO - Processing rows 200 to 225 for swaps, peptide GILGFVFTL, weight CDR2a
2024-11-13 19:19:57,722 - INFO - Processing rows 225 to 250 for swaps, peptide GILGFVFTL, weight CDR2a
2024-11-13 19:20:00,026 - INFO - Processing rows 250 to 275 for swaps, peptide GILGFVFTL, weight CDR2a
2024-11-13 19:20:02,315 - INFO - Processing rows 275 to 300 for swaps, peptide GILGFVFTL, weight CDR2a
2024-11-13 19:20:04,566 - INFO - Processing rows 300 to 325 for swaps, peptide GILGFVFTL, weight CDR2a
2024-11-13 19:20:06,865 - INFO - Processing rows 325 to 350 for swaps, peptide GILGFVFTL, weight CDR2a
2024-11-13 19:20:09,156 - INFO - Processing rows 350 to 375 for swaps, peptide GILGFVFTL, weight CDR2a
2024-11-13 19:20:11,398 - INFO - Processing rows 375 to 400 for swaps, peptide GILGFVFTL, weight CDR2a
2024-11-13 19:20:13,691 - INFO - Processing rows 400 to 425 for swaps, peptide GILGFVFTL, weight CDR2a
2024-11-13 19:20:15,929 - INFO - Processing rows 425 to 450 for swaps, peptide GILGFVFTL, weight CDR2a
2024-11-13 19:20:18,219 - INFO - Processing rows 450 to 475 for swaps, peptide GILGFVFTL, weight CDR2a
2024-11-13 19:20:20,547 - INFO - Processing rows 475 to 500 for swaps, peptide GILGFVFTL, weight CDR2a
2024-11-13 19:20:23,271 - INFO - Processing rows 500 to 525 for swaps, peptide GILGFVFTL, weight CDR2a
2024-11-13 19:20:25,591 - INFO - Processing rows 525 to 550 for swaps, peptide GILGFVFTL, weight CDR2a
2024-11-13 19:20:27,902 - INFO - Processing rows 550 to 575 for swaps, peptide GILGFVFTL, weight CDR2a
2024-11-13 19:20:30,161 - INFO - Processing rows 575 to 600 for swaps, peptide GILGFVFTL, weight CDR2a
2024-11-13 19:20:32,445 - INFO - Processing rows 600 to 625 for swaps, peptide GILGFVFTL, weight CDR2a
2024-11-13 19:20:34,705 - INFO - Processing rows 625 to 650 for swaps, peptide GILGFVFTL, weight CDR2a
2024-11-13 19:20:37,030 - INFO - Processing rows 650 to 675 for swaps, peptide GILGFVFTL, weight CDR2a
2024-11-13 19:20:39,296 - INFO - Processing rows 675 to 700 for swaps, peptide GILGFVFTL, weight CDR2a
2024-11-13 19:20:41,621 - INFO - Processing rows 700 to 725 for swaps, peptide GILGFVFTL, weight CDR2a
2024-11-13 19:20:43,910 - INFO - Processing rows 725 to 750 for swaps, peptide GILGFVFTL, weight CDR2a
2024-11-13 19:20:46,172 - INFO - Processing rows 750 to 775 for swaps, peptide GILGFVFTL, weight CDR2a
2024-11-13 19:20:48,465 - INFO - Processing rows 775 to 800 for swaps, peptide GILGFVFTL, weight CDR2a
2024-11-13 19:20:50,730 - INFO - Processing rows 800 to 825 for swaps, peptide GILGFVFTL, weight CDR2a
2024-11-13 19:20:53,023 - INFO - Processing rows 825 to 850 for swaps, peptide GILGFVFTL, weight CDR2a
2024-11-13 19:20:55,302 - INFO - Processing rows 850 to 875 for swaps, peptide GILGFVFTL, weight CDR2a
2024-11-13 19:20:57,531 - INFO - Processing rows 875 to 900 for swaps, peptide GILGFVFTL, weight CDR2a
2024-11-13 19:20:59,814 - INFO - Processing rows 900 to 925 for swaps, peptide GILGFVFTL, weight CDR2a
2024-11-13 19:21:02,068 - INFO - Processing rows 925 to 950 for swaps, peptide GILGFVFTL, weight CDR2a
2024-11-13 19:21:04,310 - INFO - Processing rows 950 to 975 for swaps, peptide GILGFVFTL, weight CDR2a
2024-11-13 19:21:06,593 - INFO - Processing rows 975 to 1000 for swaps, peptide GILGFVFTL, weight CDR2a
2024-11-13 19:21:09,066 - INFO - Processing rows 1000 to 1025 for swaps, peptide GILGFVFTL, weight CDR2a
2024-11-13 19:21:13,110 - INFO - Processing rows 1025 to 1050 for swaps, peptide GILGFVFTL, weight CDR2a
2024-11-13 19:21:15,393 - INFO - Processing rows 1050 to 1075 for swaps, peptide GILGFVFTL, weight CDR2a
2024-11-13 19:21:17,704 - INFO - Processing rows 1075 to 1100 for swaps, peptide GILGFVFTL, weight CDR2a
2024-11-13 19:21:19,949 - INFO - Processing rows 1100 to 1125 for swaps, peptide GILGFVFTL, weight CDR2a
2024-11-13 19:21:22,265 - INFO - Processing rows 1125 to 1150 for swaps, peptide GILGFVFTL, weight CDR2a
2024-11-13 19:21:24,534 - INFO - Processing rows 1150 to 1175 for swaps, peptide GILGFVFTL, weight CDR2a
2024-11-13 19:21:26,809 - INFO - Processing rows 1175 to 1200 for swaps, peptide GILGFVFTL, weight CDR2a
2024-11-13 19:21:29,122 - INFO - Processing rows 1200 to 1225 for swaps, peptide GILGFVFTL, weight CDR2a
2024-11-13 19:21:31,383 - INFO - Processing rows 1225 to 1250 for swaps, peptide GILGFVFTL, weight CDR2a
2024-11-13 19:21:33,688 - INFO - Processing rows 1250 to 1275 for swaps, peptide GILGFVFTL, weight CDR2a
2024-11-13 19:21:35,956 - INFO - Processing rows 1275 to 1300 for swaps, peptide GILGFVFTL, weight CDR2a
2024-11-13 19:21:38,220 - INFO - Processing rows 1300 to 1325 for swaps, peptide GILGFVFTL, weight CDR2a
2024-11-13 19:21:40,481 - INFO - Processing rows 1325 to 1350 for swaps, peptide GILGFVFTL, weight CDR2a
2024-11-13 19:21:42,726 - INFO - Processing rows 1350 to 1375 for swaps, peptide GILGFVFTL, weight CDR2a
2024-11-13 19:21:44,965 - INFO - Processing rows 1375 to 1400 for swaps, peptide GILGFVFTL, weight CDR2a
2024-11-13 19:21:47,217 - INFO - Processing rows 1400 to 1425 for swaps, peptide GILGFVFTL, weight CDR2a
2024-11-13 19:21:49,460 - INFO - Processing rows 1425 to 1450 for swaps, peptide GILGFVFTL, weight CDR2a
2024-11-13 19:21:51,706 - INFO - Processing rows 1450 to 1475 for swaps, peptide GILGFVFTL, weight CDR2a
2024-11-13 19:21:53,967 - INFO - Processing rows 1475 to 1500 for swaps, peptide GILGFVFTL, weight CDR2a
2024-11-13 19:21:56,231 - INFO - Processing rows 1500 to 1525 for swaps, peptide GILGFVFTL, weight CDR2a
2024-11-13 19:21:58,481 - INFO - Processing rows 1525 to 1550 for swaps, peptide GILGFVFTL, weight CDR2a
2024-11-13 19:22:00,718 - INFO - Processing rows 1550 to 1575 for swaps, peptide GILGFVFTL, weight CDR2a
2024-11-13 19:22:02,948 - INFO - Processing rows 1575 to 1600 for swaps, peptide GILGFVFTL, weight CDR2a
2024-11-13 19:22:05,183 - INFO - Processing rows 1600 to 1625 for swaps, peptide GILGFVFTL, weight CDR2a
2024-11-13 19:22:07,418 - INFO - Processing rows 1625 to 1650 for swaps, peptide GILGFVFTL, weight CDR2a
2024-11-13 19:22:09,648 - INFO - Processing rows 1650 to 1675 for swaps, peptide GILGFVFTL, weight CDR2a
2024-11-13 19:22:11,875 - INFO - Processing rows 1675 to 1700 for swaps, peptide GILGFVFTL, weight CDR2a
2024-11-13 19:22:14,095 - INFO - Processing rows 1700 to 1725 for swaps, peptide GILGFVFTL, weight CDR2a
2024-11-13 19:22:16,306 - INFO - Processing rows 1725 to 1750 for swaps, peptide GILGFVFTL, weight CDR2a
2024-11-13 19:22:18,530 - INFO - Processing rows 1750 to 1775 for swaps, peptide GILGFVFTL, weight CDR2a
2024-11-13 19:22:20,748 - INFO - Processing rows 1775 to 1800 for swaps, peptide GILGFVFTL, weight CDR2a
2024-11-13 19:22:22,962 - INFO - Processing rows 1800 to 1825 for swaps, peptide GILGFVFTL, weight CDR2a
2024-11-13 19:22:25,178 - INFO - Processing rows 1825 to 1850 for swaps, peptide GILGFVFTL, weight CDR2a
2024-11-13 19:22:27,397 - INFO - Processing rows 1850 to 1875 for swaps, peptide GILGFVFTL, weight CDR2a
2024-11-13 19:22:29,630 - INFO - Processing rows 1875 to 1900 for swaps, peptide GILGFVFTL, weight CDR2a
2024-11-13 19:22:31,880 - INFO - Processing rows 1900 to 1925 for swaps, peptide GILGFVFTL, weight CDR2a
2024-11-13 19:22:34,084 - INFO - Processing rows 1925 to 1950 for swaps, peptide GILGFVFTL, weight CDR2a
2024-11-13 19:22:36,292 - INFO - Processing rows 1950 to 1975 for swaps, peptide GILGFVFTL, weight CDR2a
2024-11-13 19:22:38,557 - INFO - Processing rows 1975 to 2000 for swaps, peptide GILGFVFTL, weight CDR2a
2024-11-13 19:22:40,770 - INFO - Processing rows 2000 to 2025 for swaps, peptide GILGFVFTL, weight CDR2a
2024-11-13 19:22:43,015 - INFO - Processing rows 2025 to 2050 for swaps, peptide GILGFVFTL, weight CDR2a
2024-11-13 19:22:45,209 - INFO - Processing rows 2050 to 2075 for swaps, peptide GILGFVFTL, weight CDR2a
2024-11-13 19:22:47,401 - INFO - Processing rows 2075 to 2100 for swaps, peptide GILGFVFTL, weight CDR2a
2024-11-13 19:22:49,656 - INFO - Processing rows 2100 to 2125 for swaps, peptide GILGFVFTL, weight CDR2a
2024-11-13 19:22:51,852 - INFO - Processing rows 2125 to 2150 for swaps, peptide GILGFVFTL, weight CDR2a
2024-11-13 19:22:54,058 - INFO - Processing rows 2150 to 2175 for swaps, peptide GILGFVFTL, weight CDR2a
2024-11-13 19:22:56,298 - INFO - Processing rows 2175 to 2200 for swaps, peptide GILGFVFTL, weight CDR2a
2024-11-13 19:22:58,500 - INFO - Processing rows 2200 to 2225 for swaps, peptide GILGFVFTL, weight CDR2a
2024-11-13 19:23:00,745 - INFO - Processing rows 2225 to 2250 for swaps, peptide GILGFVFTL, weight CDR2a
2024-11-13 19:23:02,961 - INFO - Processing rows 2250 to 2275 for swaps, peptide GILGFVFTL, weight CDR2a
2024-11-13 19:23:05,183 - INFO - Processing rows 2275 to 2300 for swaps, peptide GILGFVFTL, weight CDR2a
2024-11-13 19:23:07,451 - INFO - Processing rows 2300 to 2325 for swaps, peptide GILGFVFTL, weight CDR2a
2024-11-13 19:23:09,686 - INFO - Processing rows 2325 to 2350 for swaps, peptide GILGFVFTL, weight CDR2a
2024-11-13 19:23:11,991 - INFO - Processing rows 2350 to 2375 for swaps, peptide GILGFVFTL, weight CDR2a
2024-11-13 19:23:14,254 - INFO - Processing rows 2375 to 2400 for swaps, peptide GILGFVFTL, weight CDR2a
2024-11-13 19:23:16,520 - INFO - Processing rows 2400 to 2425 for swaps, peptide GILGFVFTL, weight CDR2a
2024-11-13 19:23:18,845 - INFO - Processing rows 2425 to 2450 for swaps, peptide GILGFVFTL, weight CDR2a
2024-11-13 19:23:21,129 - INFO - Processing rows 2450 to 2475 for swaps, peptide GILGFVFTL, weight CDR2a
2024-11-13 19:23:23,452 - INFO - Processing rows 2475 to 2500 for swaps, peptide GILGFVFTL, weight CDR2a
2024-11-13 19:23:25,735 - INFO - Processing rows 2500 to 2525 for swaps, peptide GILGFVFTL, weight CDR2a
2024-11-13 19:23:28,023 - INFO - Processing rows 2525 to 2550 for swaps, peptide GILGFVFTL, weight CDR2a
2024-11-13 19:23:30,325 - INFO - Processing rows 2550 to 2575 for swaps, peptide GILGFVFTL, weight CDR2a
2024-11-13 19:23:32,598 - INFO - Processing rows 2575 to 2600 for swaps, peptide GILGFVFTL, weight CDR2a
2024-11-13 19:23:34,894 - INFO - Processing rows 2600 to 2625 for swaps, peptide GILGFVFTL, weight CDR2a
2024-11-13 19:23:37,183 - INFO - Processing rows 2625 to 2650 for swaps, peptide GILGFVFTL, weight CDR2a
2024-11-13 19:23:39,489 - INFO - Processing rows 2650 to 2675 for swaps, peptide GILGFVFTL, weight CDR2a
2024-11-13 19:23:41,762 - INFO - Processing rows 2675 to 2700 for swaps, peptide GILGFVFTL, weight CDR2a
2024-11-13 19:23:44,063 - INFO - Processing rows 2700 to 2725 for swaps, peptide GILGFVFTL, weight CDR2a
2024-11-13 19:23:46,306 - INFO - Processing rows 2725 to 2750 for swaps, peptide GILGFVFTL, weight CDR2a
2024-11-13 19:23:48,547 - INFO - Processing rows 2750 to 2775 for swaps, peptide GILGFVFTL, weight CDR2a
2024-11-13 19:23:50,828 - INFO - Processing rows 2775 to 2800 for swaps, peptide GILGFVFTL, weight CDR2a
2024-11-13 19:23:53,060 - INFO - Processing rows 2800 to 2825 for swaps, peptide GILGFVFTL, weight CDR2a
2024-11-13 19:23:55,350 - INFO - Processing rows 2825 to 2850 for swaps, peptide GILGFVFTL, weight CDR2a
2024-11-13 19:23:57,592 - INFO - Processing rows 2850 to 2875 for swaps, peptide GILGFVFTL, weight CDR2a
2024-11-13 19:23:59,819 - INFO - Processing rows 2875 to 2900 for swaps, peptide GILGFVFTL, weight CDR2a
2024-11-13 19:24:02,127 - INFO - Processing rows 2900 to 2925 for swaps, peptide GILGFVFTL, weight CDR2a
2024-11-13 19:24:04,371 - INFO - Processing rows 2925 to 2950 for swaps, peptide GILGFVFTL, weight CDR2a
2024-11-13 19:24:06,678 - INFO - Processing rows 2950 to 2975 for swaps, peptide GILGFVFTL, weight CDR2a
2024-11-13 19:24:08,953 - INFO - Processing rows 2975 to 3000 for swaps, peptide GILGFVFTL, weight CDR2a
2024-11-13 19:24:11,226 - INFO - Processing rows 3000 to 3025 for swaps, peptide GILGFVFTL, weight CDR2a
2024-11-13 19:24:13,543 - INFO - Processing rows 3025 to 3050 for swaps, peptide GILGFVFTL, weight CDR2a
2024-11-13 19:24:15,818 - INFO - Processing rows 3050 to 3075 for swaps, peptide GILGFVFTL, weight CDR2a
2024-11-13 19:24:18,132 - INFO - Processing rows 3075 to 3100 for swaps, peptide GILGFVFTL, weight CDR2a
2024-11-13 19:24:20,397 - INFO - Processing rows 3100 to 3125 for swaps, peptide GILGFVFTL, weight CDR2a
2024-11-13 19:24:22,669 - INFO - Processing rows 3125 to 3150 for swaps, peptide GILGFVFTL, weight CDR2a
2024-11-13 19:24:25,004 - INFO - Processing rows 3150 to 3175 for swaps, peptide GILGFVFTL, weight CDR2a
2024-11-13 19:24:27,283 - INFO - Processing rows 3175 to 3200 for swaps, peptide GILGFVFTL, weight CDR2a
2024-11-13 19:24:29,612 - INFO - Processing rows 3200 to 3225 for swaps, peptide GILGFVFTL, weight CDR2a
2024-11-13 19:24:31,885 - INFO - Processing rows 3225 to 3250 for swaps, peptide GILGFVFTL, weight CDR2a
2024-11-13 19:24:34,159 - INFO - Processing rows 3250 to 3275 for swaps, peptide GILGFVFTL, weight CDR2a
2024-11-13 19:24:36,444 - INFO - Processing rows 3275 to 3300 for swaps, peptide GILGFVFTL, weight CDR2a
2024-11-13 19:24:38,717 - INFO - Processing rows 3300 to 3325 for swaps, peptide GILGFVFTL, weight CDR2a
2024-11-13 19:24:40,992 - INFO - Processing rows 3325 to 3350 for swaps, peptide GILGFVFTL, weight CDR2a
2024-11-13 19:24:43,279 - INFO - Processing rows 3350 to 3375 for swaps, peptide GILGFVFTL, weight CDR2a
2024-11-13 19:24:45,536 - INFO - Processing rows 3375 to 3400 for swaps, peptide GILGFVFTL, weight CDR2a
2024-11-13 19:24:47,794 - INFO - Processing rows 3400 to 3425 for swaps, peptide GILGFVFTL, weight CDR2a
2024-11-13 19:24:50,046 - INFO - Processing rows 3425 to 3450 for swaps, peptide GILGFVFTL, weight CDR2a
2024-11-13 19:24:52,301 - INFO - Processing rows 3450 to 3475 for swaps, peptide GILGFVFTL, weight CDR2a
2024-11-13 19:24:54,537 - INFO - Processing rows 3475 to 3500 for swaps, peptide GILGFVFTL, weight CDR2a
2024-11-13 19:24:56,774 - INFO - Processing rows 3500 to 3525 for swaps, peptide GILGFVFTL, weight CDR2a
2024-11-13 19:24:59,019 - INFO - Processing rows 3525 to 3550 for swaps, peptide GILGFVFTL, weight CDR2a
2024-11-13 19:25:01,681 - INFO - Processing rows 3550 to 3575 for swaps, peptide GILGFVFTL, weight CDR2a
2024-11-13 19:25:04,069 - INFO - Processing rows 3575 to 3600 for swaps, peptide GILGFVFTL, weight CDR2a
2024-11-13 19:25:06,307 - INFO - Processing rows 3600 to 3625 for swaps, peptide GILGFVFTL, weight CDR2a
2024-11-13 19:25:08,550 - INFO - Processing rows 3625 to 3650 for swaps, peptide GILGFVFTL, weight CDR2a
2024-11-13 19:25:10,809 - INFO - Processing rows 3650 to 3675 for swaps, peptide GILGFVFTL, weight CDR2a
2024-11-13 19:25:13,096 - INFO - Processing rows 3675 to 3700 for swaps, peptide GILGFVFTL, weight CDR2a
2024-11-13 19:25:15,360 - INFO - Processing rows 3700 to 3725 for swaps, peptide GILGFVFTL, weight CDR2a
2024-11-13 19:25:17,621 - INFO - Processing rows 3725 to 3750 for swaps, peptide GILGFVFTL, weight CDR2a
2024-11-13 19:25:19,894 - INFO - Processing rows 3750 to 3775 for swaps, peptide GILGFVFTL, weight CDR2a
2024-11-13 19:25:22,159 - INFO - Processing rows 3775 to 3800 for swaps, peptide GILGFVFTL, weight CDR2a
2024-11-13 19:25:24,428 - INFO - Processing rows 3800 to 3825 for swaps, peptide GILGFVFTL, weight CDR2a
2024-11-13 19:25:26,696 - INFO - Processing rows 3825 to 3850 for swaps, peptide GILGFVFTL, weight CDR2a
2024-11-13 19:25:28,954 - INFO - Processing rows 3850 to 3875 for swaps, peptide GILGFVFTL, weight CDR2a
2024-11-13 19:25:31,222 - INFO - Processing rows 3875 to 3900 for swaps, peptide GILGFVFTL, weight CDR2a
2024-11-13 19:25:33,485 - INFO - Processing rows 3900 to 3925 for swaps, peptide GILGFVFTL, weight CDR2a
2024-11-13 19:25:35,738 - INFO - Processing rows 3925 to 3950 for swaps, peptide GILGFVFTL, weight CDR2a
2024-11-13 19:25:38,020 - INFO - Processing rows 3950 to 3975 for swaps, peptide GILGFVFTL, weight CDR2a
2024-11-13 19:25:40,285 - INFO - Processing rows 3975 to 4000 for swaps, peptide GILGFVFTL, weight CDR2a
2024-11-13 19:25:42,547 - INFO - Processing rows 4000 to 4025 for swaps, peptide GILGFVFTL, weight CDR2a
2024-11-13 19:25:44,792 - INFO - Processing rows 4025 to 4050 for swaps, peptide GILGFVFTL, weight CDR2a
2024-11-13 19:25:47,066 - INFO - Processing rows 4050 to 4075 for swaps, peptide GILGFVFTL, weight CDR2a
2024-11-13 19:25:49,316 - INFO - Processing rows 4075 to 4100 for swaps, peptide GILGFVFTL, weight CDR2a
2024-11-13 19:25:51,571 - INFO - Processing rows 4100 to 4125 for swaps, peptide GILGFVFTL, weight CDR2a
2024-11-13 19:25:53,816 - INFO - Processing rows 4125 to 4150 for swaps, peptide GILGFVFTL, weight CDR2a
2024-11-13 19:25:56,077 - INFO - Processing rows 4150 to 4175 for swaps, peptide GILGFVFTL, weight CDR2a
2024-11-13 19:25:58,350 - INFO - Processing rows 4175 to 4200 for swaps, peptide GILGFVFTL, weight CDR2a
2024-11-13 19:26:00,620 - INFO - Processing rows 4200 to 4225 for swaps, peptide GILGFVFTL, weight CDR2a
2024-11-13 19:26:02,878 - INFO - Processing rows 4225 to 4250 for swaps, peptide GILGFVFTL, weight CDR2a
2024-11-13 19:26:05,145 - INFO - Processing rows 4250 to 4275 for swaps, peptide GILGFVFTL, weight CDR2a
2024-11-13 19:26:07,418 - INFO - Processing rows 4275 to 4300 for swaps, peptide GILGFVFTL, weight CDR2a
2024-11-13 19:26:09,694 - INFO - Processing rows 4300 to 4325 for swaps, peptide GILGFVFTL, weight CDR2a
2024-11-13 19:26:11,972 - INFO - Processing rows 4325 to 4350 for swaps, peptide GILGFVFTL, weight CDR2a
2024-11-13 19:26:14,256 - INFO - Processing rows 4350 to 4375 for swaps, peptide GILGFVFTL, weight CDR2a
2024-11-13 19:26:16,548 - INFO - Processing rows 4375 to 4400 for swaps, peptide GILGFVFTL, weight CDR2a
2024-11-13 19:26:18,843 - INFO - Processing rows 4400 to 4425 for swaps, peptide GILGFVFTL, weight CDR2a
2024-11-13 19:26:21,145 - INFO - Processing rows 4425 to 4450 for swaps, peptide GILGFVFTL, weight CDR2a
2024-11-13 19:26:23,483 - INFO - Processing rows 4450 to 4475 for swaps, peptide GILGFVFTL, weight CDR2a
2024-11-13 19:26:25,786 - INFO - Processing rows 4475 to 4500 for swaps, peptide GILGFVFTL, weight CDR2a
2024-11-13 19:26:28,147 - INFO - Processing rows 4500 to 4525 for swaps, peptide GILGFVFTL, weight CDR2a
2024-11-13 19:26:30,470 - INFO - Processing rows 4525 to 4550 for swaps, peptide GILGFVFTL, weight CDR2a
2024-11-13 19:26:32,804 - INFO - Processing rows 4550 to 4575 for swaps, peptide GILGFVFTL, weight CDR2a
2024-11-13 19:26:35,156 - INFO - Processing rows 4575 to 4600 for swaps, peptide GILGFVFTL, weight CDR2a
2024-11-13 19:26:37,446 - INFO - Processing rows 4600 to 4625 for swaps, peptide GILGFVFTL, weight CDR2a
2024-11-13 19:26:39,748 - INFO - Processing rows 4625 to 4650 for swaps, peptide GILGFVFTL, weight CDR2a
2024-11-13 19:26:42,001 - INFO - Processing rows 4650 to 4675 for swaps, peptide GILGFVFTL, weight CDR2a
2024-11-13 19:26:44,257 - INFO - Processing rows 4675 to 4700 for swaps, peptide GILGFVFTL, weight CDR2a
2024-11-13 19:26:46,565 - INFO - Processing rows 4700 to 4725 for swaps, peptide GILGFVFTL, weight CDR2a
2024-11-13 19:26:48,814 - INFO - Processing rows 4725 to 4750 for swaps, peptide GILGFVFTL, weight CDR2a
2024-11-13 19:26:51,114 - INFO - Processing rows 4750 to 4775 for swaps, peptide GILGFVFTL, weight CDR2a
2024-11-13 19:26:53,367 - INFO - Processing rows 4775 to 4800 for swaps, peptide GILGFVFTL, weight CDR2a
2024-11-13 19:26:55,625 - INFO - Processing rows 4800 to 4825 for swaps, peptide GILGFVFTL, weight CDR2a
2024-11-13 19:26:57,959 - INFO - Processing rows 4825 to 4850 for swaps, peptide GILGFVFTL, weight CDR2a
2024-11-13 19:27:00,280 - INFO - Processing rows 4850 to 4875 for swaps, peptide GILGFVFTL, weight CDR2a
2024-11-13 19:27:02,637 - INFO - Processing rows 4875 to 4900 for swaps, peptide GILGFVFTL, weight CDR2a
2024-11-13 19:27:04,971 - INFO - Processing rows 4900 to 4925 for swaps, peptide GILGFVFTL, weight CDR2a
2024-11-13 19:27:07,333 - INFO - Processing rows 4925 to 4950 for swaps, peptide GILGFVFTL, weight CDR2a
2024-11-13 19:27:09,700 - INFO - Processing rows 4950 to 4975 for swaps, peptide GILGFVFTL, weight CDR2a
2024-11-13 19:27:12,001 - INFO - Processing rows 4975 to 5000 for swaps, peptide GILGFVFTL, weight CDR2a
2024-11-13 19:27:14,354 - INFO - Processing rows 5000 to 5025 for swaps, peptide GILGFVFTL, weight CDR2a
2024-11-13 19:27:16,655 - INFO - Processing rows 5025 to 5050 for swaps, peptide GILGFVFTL, weight CDR2a
2024-11-13 19:27:18,960 - INFO - Processing rows 5050 to 5075 for swaps, peptide GILGFVFTL, weight CDR2a
2024-11-13 19:27:21,279 - INFO - Processing rows 5075 to 5100 for swaps, peptide GILGFVFTL, weight CDR2a
2024-11-13 19:27:23,587 - INFO - Processing rows 5100 to 5125 for swaps, peptide GILGFVFTL, weight CDR2a
2024-11-13 19:27:25,879 - INFO - Processing rows 5125 to 5150 for swaps, peptide GILGFVFTL, weight CDR2a
2024-11-13 19:27:28,208 - INFO - Processing rows 5150 to 5175 for swaps, peptide GILGFVFTL, weight CDR2a
2024-11-13 19:27:30,511 - INFO - Processing rows 5175 to 5200 for swaps, peptide GILGFVFTL, weight CDR2a
2024-11-13 19:27:32,825 - INFO - Processing rows 5200 to 5225 for swaps, peptide GILGFVFTL, weight CDR2a
2024-11-13 19:27:35,204 - INFO - Processing rows 5225 to 5250 for swaps, peptide GILGFVFTL, weight CDR2a
2024-11-13 19:27:37,538 - INFO - Processing rows 5250 to 5275 for swaps, peptide GILGFVFTL, weight CDR2a
2024-11-13 19:27:39,909 - INFO - Processing rows 5275 to 5300 for swaps, peptide GILGFVFTL, weight CDR2a
2024-11-13 19:27:42,242 - INFO - Processing rows 5300 to 5325 for swaps, peptide GILGFVFTL, weight CDR2a
2024-11-13 19:27:44,584 - INFO - Processing rows 5325 to 5350 for swaps, peptide GILGFVFTL, weight CDR2a
2024-11-13 19:27:46,981 - INFO - Processing rows 5350 to 5375 for swaps, peptide GILGFVFTL, weight CDR2a
2024-11-13 19:27:49,318 - INFO - Processing rows 5375 to 5400 for swaps, peptide GILGFVFTL, weight CDR2a
2024-11-13 19:27:51,710 - INFO - Processing rows 5400 to 5425 for swaps, peptide GILGFVFTL, weight CDR2a
2024-11-13 19:27:54,069 - INFO - Processing rows 5425 to 5450 for swaps, peptide GILGFVFTL, weight CDR2a
2024-11-13 19:27:56,393 - INFO - Processing rows 5450 to 5475 for swaps, peptide GILGFVFTL, weight CDR2a
2024-11-13 19:27:58,754 - INFO - Processing rows 5475 to 5500 for swaps, peptide GILGFVFTL, weight CDR2a
2024-11-13 19:28:01,052 - INFO - Processing rows 5500 to 5525 for swaps, peptide GILGFVFTL, weight CDR2a
2024-11-13 19:28:03,396 - INFO - Processing rows 5525 to 5550 for swaps, peptide GILGFVFTL, weight CDR2a
2024-11-13 19:28:05,697 - INFO - Processing rows 5550 to 5575 for swaps, peptide GILGFVFTL, weight CDR2a
2024-11-13 19:28:07,995 - INFO - Processing rows 5575 to 5600 for swaps, peptide GILGFVFTL, weight CDR2a
2024-11-13 19:28:10,365 - INFO - Processing rows 5600 to 5625 for swaps, peptide GILGFVFTL, weight CDR2a
2024-11-13 19:28:12,685 - INFO - Processing rows 5625 to 5650 for swaps, peptide GILGFVFTL, weight CDR2a
2024-11-13 19:28:15,059 - INFO - Processing rows 5650 to 5675 for swaps, peptide GILGFVFTL, weight CDR2a
2024-11-13 19:28:17,390 - INFO - Processing rows 5675 to 5700 for swaps, peptide GILGFVFTL, weight CDR2a
2024-11-13 19:28:19,736 - INFO - Processing rows 5700 to 5725 for swaps, peptide GILGFVFTL, weight CDR2a
2024-11-13 19:28:22,114 - INFO - Processing rows 5725 to 5750 for swaps, peptide GILGFVFTL, weight CDR2a
2024-11-13 19:28:24,452 - INFO - Processing rows 5750 to 5775 for swaps, peptide GILGFVFTL, weight CDR2a
2024-11-13 19:28:26,817 - INFO - Processing rows 5775 to 5800 for swaps, peptide GILGFVFTL, weight CDR2a
2024-11-13 19:28:29,170 - INFO - Processing rows 5800 to 5825 for swaps, peptide GILGFVFTL, weight CDR2a
2024-11-13 19:28:31,523 - INFO - Processing rows 5825 to 5850 for swaps, peptide GILGFVFTL, weight CDR2a
2024-11-13 19:28:33,877 - INFO - Processing rows 5850 to 5875 for swaps, peptide GILGFVFTL, weight CDR2a
2024-11-13 19:28:36,200 - INFO - Processing rows 5875 to 5900 for swaps, peptide GILGFVFTL, weight CDR2a
2024-11-13 19:28:38,519 - INFO - Processing rows 5900 to 5925 for swaps, peptide GILGFVFTL, weight CDR2a
2024-11-13 19:28:40,835 - INFO - Processing rows 5925 to 5950 for swaps, peptide GILGFVFTL, weight CDR2a
2024-11-13 19:28:43,155 - INFO - Processing rows 5950 to 5975 for swaps, peptide GILGFVFTL, weight CDR2a
2024-11-13 19:28:45,474 - INFO - Processing rows 5975 to 6000 for swaps, peptide GILGFVFTL, weight CDR2a
2024-11-13 19:28:47,799 - INFO - Processing rows 6000 to 6025 for swaps, peptide GILGFVFTL, weight CDR2a
2024-11-13 19:28:50,136 - INFO - Processing rows 6025 to 6050 for swaps, peptide GILGFVFTL, weight CDR2a
2024-11-13 19:28:52,473 - INFO - Processing rows 6050 to 6075 for swaps, peptide GILGFVFTL, weight CDR2a
2024-11-13 19:28:54,797 - INFO - Processing rows 6075 to 6100 for swaps, peptide GILGFVFTL, weight CDR2a
2024-11-13 19:28:57,139 - INFO - Processing rows 6100 to 6125 for swaps, peptide GILGFVFTL, weight CDR2a
2024-11-13 19:28:59,479 - INFO - Processing rows 6125 to 6150 for swaps, peptide GILGFVFTL, weight CDR2a
2024-11-13 19:29:01,827 - INFO - Processing rows 6150 to 6175 for swaps, peptide GILGFVFTL, weight CDR2a
2024-11-13 19:29:04,170 - INFO - Processing rows 6175 to 6200 for swaps, peptide GILGFVFTL, weight CDR2a
2024-11-13 19:29:06,521 - INFO - Processing rows 6200 to 6225 for swaps, peptide GILGFVFTL, weight CDR2a
2024-11-13 19:29:08,871 - INFO - Processing rows 6225 to 6250 for swaps, peptide GILGFVFTL, weight CDR2a
2024-11-13 19:29:11,213 - INFO - Processing rows 6250 to 6275 for swaps, peptide GILGFVFTL, weight CDR2a
2024-11-13 19:29:13,557 - INFO - Processing rows 6275 to 6300 for swaps, peptide GILGFVFTL, weight CDR2a
2024-11-13 19:29:15,898 - INFO - Processing rows 6300 to 6325 for swaps, peptide GILGFVFTL, weight CDR2a
2024-11-13 19:29:18,240 - INFO - Processing rows 6325 to 6350 for swaps, peptide GILGFVFTL, weight CDR2a
2024-11-13 19:29:20,570 - INFO - Processing rows 6350 to 6375 for swaps, peptide GILGFVFTL, weight CDR2a
2024-11-13 19:29:22,893 - INFO - Processing rows 6375 to 6400 for swaps, peptide GILGFVFTL, weight CDR2a
2024-11-13 19:29:25,251 - INFO - Processing rows 6400 to 6425 for swaps, peptide GILGFVFTL, weight CDR2a
2024-11-13 19:29:27,574 - INFO - Processing rows 6425 to 6450 for swaps, peptide GILGFVFTL, weight CDR2a
2024-11-13 19:29:29,958 - INFO - Processing rows 6450 to 6475 for swaps, peptide GILGFVFTL, weight CDR2a
2024-11-13 19:29:32,278 - INFO - Processing rows 6475 to 6500 for swaps, peptide GILGFVFTL, weight CDR2a
2024-11-13 19:29:34,611 - INFO - Processing rows 6500 to 6525 for swaps, peptide GILGFVFTL, weight CDR2a
2024-11-13 19:29:36,987 - INFO - Processing rows 6525 to 6550 for swaps, peptide GILGFVFTL, weight CDR2a
2024-11-13 19:29:39,312 - INFO - Processing rows 6550 to 6575 for swaps, peptide GILGFVFTL, weight CDR2a
2024-11-13 19:29:41,681 - INFO - Processing rows 6575 to 6600 for swaps, peptide GILGFVFTL, weight CDR2a
2024-11-13 19:29:44,005 - INFO - Processing rows 6600 to 6625 for swaps, peptide GILGFVFTL, weight CDR2a
2024-11-13 19:29:46,390 - INFO - Processing rows 6625 to 6650 for swaps, peptide GILGFVFTL, weight CDR2a
2024-11-13 19:29:48,822 - INFO - Processing rows 6650 to 6675 for swaps, peptide GILGFVFTL, weight CDR2a
2024-11-13 19:29:51,187 - INFO - Processing rows 6675 to 6700 for swaps, peptide GILGFVFTL, weight CDR2a
2024-11-13 19:29:53,576 - INFO - Processing rows 6700 to 6725 for swaps, peptide GILGFVFTL, weight CDR2a
2024-11-13 19:29:55,902 - INFO - Processing rows 6725 to 6750 for swaps, peptide GILGFVFTL, weight CDR2a
2024-11-13 19:29:58,282 - INFO - Processing rows 6750 to 6775 for swaps, peptide GILGFVFTL, weight CDR2a
2024-11-13 19:30:00,607 - INFO - Processing rows 6775 to 6800 for swaps, peptide GILGFVFTL, weight CDR2a
2024-11-13 19:30:03,519 - INFO - Processing rows 6800 to 6825 for swaps, peptide GILGFVFTL, weight CDR2a
2024-11-13 19:30:06,880 - INFO - Processing rows 6825 to 6850 for swaps, peptide GILGFVFTL, weight CDR2a
2024-11-13 19:30:10,077 - INFO - Processing rows 6850 to 6875 for swaps, peptide GILGFVFTL, weight CDR2a
2024-11-13 19:30:13,392 - INFO - Processing rows 6875 to 6900 for swaps, peptide GILGFVFTL, weight CDR2a
2024-11-13 19:30:16,956 - INFO - Processing rows 6900 to 6925 for swaps, peptide GILGFVFTL, weight CDR2a
2024-11-13 19:30:20,081 - INFO - Processing rows 6925 to 6950 for swaps, peptide GILGFVFTL, weight CDR2a
2024-11-13 19:30:23,335 - INFO - Processing rows 6950 to 6975 for swaps, peptide GILGFVFTL, weight CDR2a
2024-11-13 19:30:26,613 - INFO - Processing rows 6975 to 6990 for swaps, peptide GILGFVFTL, weight CDR2a
Traceback (most recent call last):
  File "/net/mimer/mnt/tank/projects2/emison/language_model/27th_Oct_new_matrices/04.11_new_esm/12.11/run_esm_swaps.py", line 90, in <module>
    process_sequences(df_filtered, peptide, weight, "swaps")
  File "/net/mimer/mnt/tank/projects2/emison/language_model/27th_Oct_new_matrices/04.11_new_esm/12.11/run_esm_swaps.py", line 82, in process_sequences
    output_df.insert(0, "raw_index", raw_indexes)
  File "/home/projects2/emison/language_model/miniconda3/envs/esm2_emison/lib/python3.12/site-packages/pandas/core/frame.py", line 5171, in insert
    value, refs = self._sanitize_column(value)
                  ^^^^^^^^^^^^^^^^^^^^^^^^^^^^
  File "/home/projects2/emison/language_model/miniconda3/envs/esm2_emison/lib/python3.12/site-packages/pandas/core/frame.py", line 5266, in _sanitize_column
    com.require_length_match(value, self.index)
  File "/home/projects2/emison/language_model/miniconda3/envs/esm2_emison/lib/python3.12/site-packages/pandas/core/common.py", line 573, in require_length_match
    raise ValueError(
ValueError: Length of values (6990) does not match length of index (15)
