2024-11-13 19:15:08,267 - INFO - Loading and filtering dataset for peptide GILGFVFTL
2024-11-13 19:15:14,073 - INFO - Processing dataset for peptide GILGFVFTL with weight TCRa
2024-11-13 19:15:14,250 - INFO - Processing rows 0 to 25 for binders, peptide GILGFVFTL, weight TCRa
2024-11-13 19:22:35,582 - INFO - Processing rows 25 to 50 for binders, peptide GILGFVFTL, weight TCRa
2024-11-13 19:28:45,914 - INFO - Processing rows 50 to 75 for binders, peptide GILGFVFTL, weight TCRa
2024-11-13 19:35:00,576 - INFO - Processing rows 75 to 100 for binders, peptide GILGFVFTL, weight TCRa
2024-11-13 19:41:15,128 - INFO - Processing rows 100 to 125 for binders, peptide GILGFVFTL, weight TCRa
2024-11-13 19:47:34,882 - INFO - Processing rows 125 to 150 for binders, peptide GILGFVFTL, weight TCRa
2024-11-13 19:53:49,408 - INFO - Processing rows 150 to 175 for binders, peptide GILGFVFTL, weight TCRa
2024-11-13 19:59:58,899 - INFO - Processing rows 175 to 200 for binders, peptide GILGFVFTL, weight TCRa
2024-11-13 20:06:10,877 - INFO - Processing rows 200 to 225 for binders, peptide GILGFVFTL, weight TCRa
2024-11-13 20:12:40,100 - INFO - Processing rows 225 to 250 for binders, peptide GILGFVFTL, weight TCRa
2024-11-13 20:18:51,704 - INFO - Processing rows 250 to 275 for binders, peptide GILGFVFTL, weight TCRa
2024-11-13 20:24:46,880 - INFO - Processing rows 275 to 300 for binders, peptide GILGFVFTL, weight TCRa
2024-11-13 20:30:37,131 - INFO - Processing rows 300 to 325 for binders, peptide GILGFVFTL, weight TCRa
2024-11-13 20:36:23,611 - INFO - Processing rows 325 to 350 for binders, peptide GILGFVFTL, weight TCRa
2024-11-13 20:42:13,358 - INFO - Processing rows 350 to 375 for binders, peptide GILGFVFTL, weight TCRa
2024-11-13 20:48:16,706 - INFO - Processing rows 375 to 400 for binders, peptide GILGFVFTL, weight TCRa
2024-11-13 20:54:02,461 - INFO - Processing rows 400 to 425 for binders, peptide GILGFVFTL, weight TCRa
2024-11-13 20:59:48,263 - INFO - Processing rows 425 to 450 for binders, peptide GILGFVFTL, weight TCRa
2024-11-13 21:05:34,081 - INFO - Processing rows 450 to 475 for binders, peptide GILGFVFTL, weight TCRa
2024-11-13 21:11:19,987 - INFO - Processing rows 475 to 500 for binders, peptide GILGFVFTL, weight TCRa
2024-11-13 21:17:08,789 - INFO - Processing rows 500 to 525 for binders, peptide GILGFVFTL, weight TCRa
2024-11-13 21:22:54,790 - INFO - Processing rows 525 to 550 for binders, peptide GILGFVFTL, weight TCRa
2024-11-13 21:28:41,112 - INFO - Processing rows 550 to 575 for binders, peptide GILGFVFTL, weight TCRa
2024-11-13 21:34:29,941 - INFO - Processing rows 575 to 600 for binders, peptide GILGFVFTL, weight TCRa
2024-11-13 21:40:15,184 - INFO - Processing rows 600 to 625 for binders, peptide GILGFVFTL, weight TCRa
2024-11-13 21:46:04,518 - INFO - Processing rows 625 to 650 for binders, peptide GILGFVFTL, weight TCRa
2024-11-13 21:51:50,316 - INFO - Processing rows 650 to 675 for binders, peptide GILGFVFTL, weight TCRa
2024-11-13 21:57:36,041 - INFO - Processing rows 675 to 700 for binders, peptide GILGFVFTL, weight TCRa
2024-11-13 22:03:18,107 - INFO - Processing rows 700 to 725 for binders, peptide GILGFVFTL, weight TCRa
2024-11-13 22:08:58,053 - INFO - Processing rows 725 to 750 for binders, peptide GILGFVFTL, weight TCRa
2024-11-13 22:14:45,681 - INFO - Processing rows 750 to 775 for binders, peptide GILGFVFTL, weight TCRa
2024-11-13 22:20:29,783 - INFO - Processing rows 775 to 800 for binders, peptide GILGFVFTL, weight TCRa
2024-11-13 22:26:16,095 - INFO - Processing rows 800 to 825 for binders, peptide GILGFVFTL, weight TCRa
2024-11-13 22:32:08,827 - INFO - Processing rows 825 to 850 for binders, peptide GILGFVFTL, weight TCRa
2024-11-13 22:37:54,509 - INFO - Processing rows 850 to 875 for binders, peptide GILGFVFTL, weight TCRa
2024-11-13 22:43:39,893 - INFO - Processing rows 875 to 900 for binders, peptide GILGFVFTL, weight TCRa
2024-11-13 22:49:29,185 - INFO - Processing rows 900 to 925 for binders, peptide GILGFVFTL, weight TCRa
2024-11-13 22:55:17,835 - INFO - Processing rows 925 to 950 for binders, peptide GILGFVFTL, weight TCRa
2024-11-13 23:01:03,010 - INFO - Processing rows 950 to 975 for binders, peptide GILGFVFTL, weight TCRa
2024-11-13 23:06:48,121 - INFO - Processing rows 975 to 1000 for binders, peptide GILGFVFTL, weight TCRa
2024-11-13 23:12:33,817 - INFO - Processing rows 1000 to 1025 for binders, peptide GILGFVFTL, weight TCRa
2024-11-13 23:18:19,214 - INFO - Processing rows 1025 to 1050 for binders, peptide GILGFVFTL, weight TCRa
2024-11-13 23:24:06,113 - INFO - Processing rows 1050 to 1075 for binders, peptide GILGFVFTL, weight TCRa
2024-11-13 23:29:51,212 - INFO - Processing rows 1075 to 1100 for binders, peptide GILGFVFTL, weight TCRa
2024-11-13 23:35:36,738 - INFO - Processing rows 1100 to 1125 for binders, peptide GILGFVFTL, weight TCRa
2024-11-13 23:41:22,199 - INFO - Processing rows 1125 to 1150 for binders, peptide GILGFVFTL, weight TCRa
2024-11-13 23:47:09,272 - INFO - Processing rows 1150 to 1165 for binders, peptide GILGFVFTL, weight TCRa
Traceback (most recent call last):
  File "/net/mimer/mnt/tank/projects2/emison/language_model/27th_Oct_new_matrices/04.11_new_esm/12.11/run_esm_binders.py", line 90, in <module>
    process_sequences(df_filtered, peptide, weight, "binders")
  File "/net/mimer/mnt/tank/projects2/emison/language_model/27th_Oct_new_matrices/04.11_new_esm/12.11/run_esm_binders.py", line 82, in process_sequences
    output_df.insert(0, "raw_index", raw_indexes)
  File "/home/projects2/emison/language_model/miniconda3/envs/esm2_emison/lib/python3.12/site-packages/pandas/core/frame.py", line 5171, in insert
    value, refs = self._sanitize_column(value)
                  ^^^^^^^^^^^^^^^^^^^^^^^^^^^^
  File "/home/projects2/emison/language_model/miniconda3/envs/esm2_emison/lib/python3.12/site-packages/pandas/core/frame.py", line 5266, in _sanitize_column
    com.require_length_match(value, self.index)
  File "/home/projects2/emison/language_model/miniconda3/envs/esm2_emison/lib/python3.12/site-packages/pandas/core/common.py", line 573, in require_length_match
    raise ValueError(
ValueError: Length of values (1165) does not match length of index (15)
