2024-11-14 08:19:43,800 - INFO - Loading and filtering dataset for peptide GILGFVFTL
2024-11-14 08:19:44,082 - INFO - Processing dataset for peptide GILGFVFTL with weight TCRa
2024-11-14 08:19:44,083 - INFO - Processing rows 0 to 25 for swaps, peptide GILGFVFTL, weight TCRa
2024-11-14 08:21:23,242 - INFO - Processing rows 25 to 50 for swaps, peptide GILGFVFTL, weight TCRa
2024-11-14 08:22:57,641 - INFO - Processing rows 50 to 75 for swaps, peptide GILGFVFTL, weight TCRa
2024-11-14 08:24:33,743 - INFO - Processing rows 75 to 100 for swaps, peptide GILGFVFTL, weight TCRa
2024-11-14 08:26:07,086 - INFO - Processing rows 100 to 125 for swaps, peptide GILGFVFTL, weight TCRa
2024-11-14 08:27:39,944 - INFO - Processing rows 125 to 150 for swaps, peptide GILGFVFTL, weight TCRa
2024-11-14 08:29:10,948 - INFO - Processing rows 150 to 175 for swaps, peptide GILGFVFTL, weight TCRa
2024-11-14 08:30:45,386 - INFO - Processing rows 175 to 200 for swaps, peptide GILGFVFTL, weight TCRa
2024-11-14 08:32:17,985 - INFO - Processing rows 200 to 225 for swaps, peptide GILGFVFTL, weight TCRa
2024-11-14 08:33:49,131 - INFO - Processing rows 225 to 250 for swaps, peptide GILGFVFTL, weight TCRa
2024-11-14 08:35:22,622 - INFO - Processing rows 250 to 275 for swaps, peptide GILGFVFTL, weight TCRa
2024-11-14 08:36:53,836 - INFO - Processing rows 275 to 300 for swaps, peptide GILGFVFTL, weight TCRa
2024-11-14 08:38:25,077 - INFO - Processing rows 300 to 325 for swaps, peptide GILGFVFTL, weight TCRa
2024-11-14 08:39:56,118 - INFO - Processing rows 325 to 350 for swaps, peptide GILGFVFTL, weight TCRa
2024-11-14 08:41:27,345 - INFO - Processing rows 350 to 375 for swaps, peptide GILGFVFTL, weight TCRa
2024-11-14 08:42:57,703 - INFO - Processing rows 375 to 400 for swaps, peptide GILGFVFTL, weight TCRa
2024-11-14 08:44:28,750 - INFO - Processing rows 400 to 425 for swaps, peptide GILGFVFTL, weight TCRa
2024-11-14 08:46:00,403 - INFO - Processing rows 425 to 450 for swaps, peptide GILGFVFTL, weight TCRa
2024-11-14 08:47:32,157 - INFO - Processing rows 450 to 475 for swaps, peptide GILGFVFTL, weight TCRa
2024-11-14 08:49:03,567 - INFO - Processing rows 475 to 500 for swaps, peptide GILGFVFTL, weight TCRa
2024-11-14 08:50:29,902 - INFO - Processing rows 500 to 525 for swaps, peptide GILGFVFTL, weight TCRa
2024-11-14 08:51:59,226 - INFO - Processing rows 525 to 550 for swaps, peptide GILGFVFTL, weight TCRa
2024-11-14 08:53:29,533 - INFO - Processing rows 550 to 575 for swaps, peptide GILGFVFTL, weight TCRa
2024-11-14 08:55:01,950 - INFO - Processing rows 575 to 600 for swaps, peptide GILGFVFTL, weight TCRa
2024-11-14 08:56:33,109 - INFO - Processing rows 600 to 625 for swaps, peptide GILGFVFTL, weight TCRa
2024-11-14 08:58:01,182 - INFO - Processing rows 625 to 650 for swaps, peptide GILGFVFTL, weight TCRa
2024-11-14 08:59:29,725 - INFO - Processing rows 650 to 675 for swaps, peptide GILGFVFTL, weight TCRa
2024-11-14 09:01:00,190 - INFO - Processing rows 675 to 700 for swaps, peptide GILGFVFTL, weight TCRa
2024-11-14 09:02:29,973 - INFO - Processing rows 700 to 725 for swaps, peptide GILGFVFTL, weight TCRa
2024-11-14 09:03:59,414 - INFO - Processing rows 725 to 750 for swaps, peptide GILGFVFTL, weight TCRa
2024-11-14 09:05:30,193 - INFO - Processing rows 750 to 775 for swaps, peptide GILGFVFTL, weight TCRa
2024-11-14 09:06:57,556 - INFO - Processing rows 775 to 800 for swaps, peptide GILGFVFTL, weight TCRa
2024-11-14 09:08:24,516 - INFO - Processing rows 800 to 825 for swaps, peptide GILGFVFTL, weight TCRa
2024-11-14 09:09:53,053 - INFO - Processing rows 825 to 850 for swaps, peptide GILGFVFTL, weight TCRa
2024-11-14 09:11:21,368 - INFO - Processing rows 850 to 875 for swaps, peptide GILGFVFTL, weight TCRa
2024-11-14 09:12:49,847 - INFO - Processing rows 875 to 900 for swaps, peptide GILGFVFTL, weight TCRa
2024-11-14 09:14:18,654 - INFO - Processing rows 900 to 925 for swaps, peptide GILGFVFTL, weight TCRa
2024-11-14 09:15:49,985 - INFO - Processing rows 925 to 950 for swaps, peptide GILGFVFTL, weight TCRa
2024-11-14 09:17:20,670 - INFO - Processing rows 950 to 975 for swaps, peptide GILGFVFTL, weight TCRa
2024-11-14 09:18:48,155 - INFO - Processing rows 975 to 1000 for swaps, peptide GILGFVFTL, weight TCRa
2024-11-14 09:20:17,077 - INFO - Processing rows 1000 to 1025 for swaps, peptide GILGFVFTL, weight TCRa
2024-11-14 09:21:46,562 - INFO - Processing rows 1025 to 1050 for swaps, peptide GILGFVFTL, weight TCRa
2024-11-14 09:23:15,187 - INFO - Processing rows 1050 to 1075 for swaps, peptide GILGFVFTL, weight TCRa
2024-11-14 09:24:43,775 - INFO - Processing rows 1075 to 1100 for swaps, peptide GILGFVFTL, weight TCRa
2024-11-14 09:26:11,407 - INFO - Processing rows 1100 to 1125 for swaps, peptide GILGFVFTL, weight TCRa
2024-11-14 09:27:41,944 - INFO - Processing rows 1125 to 1150 for swaps, peptide GILGFVFTL, weight TCRa
2024-11-14 09:29:11,741 - INFO - Processing rows 1150 to 1175 for swaps, peptide GILGFVFTL, weight TCRa
2024-11-14 09:30:39,909 - INFO - Processing rows 1175 to 1200 for swaps, peptide GILGFVFTL, weight TCRa
2024-11-14 09:32:06,838 - INFO - Processing rows 1200 to 1225 for swaps, peptide GILGFVFTL, weight TCRa
2024-11-14 09:33:33,442 - INFO - Processing rows 1225 to 1250 for swaps, peptide GILGFVFTL, weight TCRa
2024-11-14 09:34:59,114 - INFO - Processing rows 1250 to 1275 for swaps, peptide GILGFVFTL, weight TCRa
2024-11-14 09:36:27,940 - INFO - Processing rows 1275 to 1300 for swaps, peptide GILGFVFTL, weight TCRa
2024-11-14 09:37:56,423 - INFO - Processing rows 1300 to 1325 for swaps, peptide GILGFVFTL, weight TCRa
2024-11-14 09:39:24,857 - INFO - Processing rows 1325 to 1350 for swaps, peptide GILGFVFTL, weight TCRa
2024-11-14 09:40:59,819 - INFO - Processing rows 1350 to 1375 for swaps, peptide GILGFVFTL, weight TCRa
2024-11-14 09:42:29,218 - INFO - Processing rows 1375 to 1400 for swaps, peptide GILGFVFTL, weight TCRa
2024-11-14 09:43:56,855 - INFO - Processing rows 1400 to 1425 for swaps, peptide GILGFVFTL, weight TCRa
2024-11-14 09:45:25,385 - INFO - Processing rows 1425 to 1450 for swaps, peptide GILGFVFTL, weight TCRa
2024-11-14 09:46:53,662 - INFO - Processing rows 1450 to 1475 for swaps, peptide GILGFVFTL, weight TCRa
2024-11-14 09:48:18,734 - INFO - Processing rows 1475 to 1500 for swaps, peptide GILGFVFTL, weight TCRa
2024-11-14 09:49:45,702 - INFO - Processing rows 1500 to 1525 for swaps, peptide GILGFVFTL, weight TCRa
2024-11-14 09:51:14,899 - INFO - Processing rows 1525 to 1550 for swaps, peptide GILGFVFTL, weight TCRa
2024-11-14 09:52:44,556 - INFO - Processing rows 1550 to 1575 for swaps, peptide GILGFVFTL, weight TCRa
2024-11-14 09:54:10,315 - INFO - Processing rows 1575 to 1600 for swaps, peptide GILGFVFTL, weight TCRa
2024-11-14 09:55:38,400 - INFO - Processing rows 1600 to 1625 for swaps, peptide GILGFVFTL, weight TCRa
2024-11-14 09:57:07,352 - INFO - Processing rows 1625 to 1650 for swaps, peptide GILGFVFTL, weight TCRa
2024-11-14 09:58:36,226 - INFO - Processing rows 1650 to 1675 for swaps, peptide GILGFVFTL, weight TCRa
2024-11-14 10:00:05,240 - INFO - Processing rows 1675 to 1700 for swaps, peptide GILGFVFTL, weight TCRa
2024-11-14 10:01:35,913 - INFO - Processing rows 1700 to 1725 for swaps, peptide GILGFVFTL, weight TCRa
2024-11-14 10:03:05,021 - INFO - Processing rows 1725 to 1750 for swaps, peptide GILGFVFTL, weight TCRa
2024-11-14 10:04:32,746 - INFO - Processing rows 1750 to 1775 for swaps, peptide GILGFVFTL, weight TCRa
2024-11-14 10:05:59,086 - INFO - Processing rows 1775 to 1800 for swaps, peptide GILGFVFTL, weight TCRa
2024-11-14 10:07:25,908 - INFO - Processing rows 1800 to 1825 for swaps, peptide GILGFVFTL, weight TCRa
2024-11-14 10:08:55,268 - INFO - Processing rows 1825 to 1850 for swaps, peptide GILGFVFTL, weight TCRa
2024-11-14 10:10:22,100 - INFO - Processing rows 1850 to 1875 for swaps, peptide GILGFVFTL, weight TCRa
2024-11-14 10:11:52,631 - INFO - Processing rows 1875 to 1900 for swaps, peptide GILGFVFTL, weight TCRa
2024-11-14 10:13:23,441 - INFO - Processing rows 1900 to 1925 for swaps, peptide GILGFVFTL, weight TCRa
2024-11-14 10:14:49,800 - INFO - Processing rows 1925 to 1950 for swaps, peptide GILGFVFTL, weight TCRa
2024-11-14 10:16:15,143 - INFO - Processing rows 1950 to 1975 for swaps, peptide GILGFVFTL, weight TCRa
2024-11-14 10:17:42,497 - INFO - Processing rows 1975 to 2000 for swaps, peptide GILGFVFTL, weight TCRa
2024-11-14 10:19:09,656 - INFO - Processing rows 2000 to 2025 for swaps, peptide GILGFVFTL, weight TCRa
2024-11-14 10:20:34,793 - INFO - Processing rows 2025 to 2050 for swaps, peptide GILGFVFTL, weight TCRa
2024-11-14 10:22:00,250 - INFO - Processing rows 2050 to 2075 for swaps, peptide GILGFVFTL, weight TCRa
2024-11-14 10:23:27,338 - INFO - Processing rows 2075 to 2100 for swaps, peptide GILGFVFTL, weight TCRa
2024-11-14 10:24:53,653 - INFO - Processing rows 2100 to 2125 for swaps, peptide GILGFVFTL, weight TCRa
2024-11-14 10:26:21,666 - INFO - Processing rows 2125 to 2150 for swaps, peptide GILGFVFTL, weight TCRa
2024-11-14 10:27:51,708 - INFO - Processing rows 2150 to 2175 for swaps, peptide GILGFVFTL, weight TCRa
2024-11-14 10:29:19,936 - INFO - Processing rows 2175 to 2200 for swaps, peptide GILGFVFTL, weight TCRa
2024-11-14 10:30:47,388 - INFO - Processing rows 2200 to 2225 for swaps, peptide GILGFVFTL, weight TCRa
2024-11-14 10:32:13,027 - INFO - Processing rows 2225 to 2250 for swaps, peptide GILGFVFTL, weight TCRa
2024-11-14 10:33:40,485 - INFO - Processing rows 2250 to 2275 for swaps, peptide GILGFVFTL, weight TCRa
2024-11-14 10:35:06,983 - INFO - Processing rows 2275 to 2300 for swaps, peptide GILGFVFTL, weight TCRa
2024-11-14 10:36:34,552 - INFO - Processing rows 2300 to 2325 for swaps, peptide GILGFVFTL, weight TCRa
2024-11-14 10:38:00,626 - INFO - Processing rows 2325 to 2350 for swaps, peptide GILGFVFTL, weight TCRa
2024-11-14 10:39:36,341 - INFO - Processing rows 2350 to 2375 for swaps, peptide GILGFVFTL, weight TCRa
2024-11-14 10:41:04,601 - INFO - Processing rows 2375 to 2400 for swaps, peptide GILGFVFTL, weight TCRa
2024-11-14 10:42:31,191 - INFO - Processing rows 2400 to 2425 for swaps, peptide GILGFVFTL, weight TCRa
2024-11-14 10:44:00,851 - INFO - Processing rows 2425 to 2450 for swaps, peptide GILGFVFTL, weight TCRa
2024-11-14 10:45:27,929 - INFO - Processing rows 2450 to 2475 for swaps, peptide GILGFVFTL, weight TCRa
2024-11-14 10:46:55,582 - INFO - Processing rows 2475 to 2500 for swaps, peptide GILGFVFTL, weight TCRa
2024-11-14 10:48:22,870 - INFO - Processing rows 2500 to 2525 for swaps, peptide GILGFVFTL, weight TCRa
2024-11-14 10:49:51,612 - INFO - Processing rows 2525 to 2550 for swaps, peptide GILGFVFTL, weight TCRa
2024-11-14 10:51:18,258 - INFO - Processing rows 2550 to 2575 for swaps, peptide GILGFVFTL, weight TCRa
2024-11-14 10:52:45,622 - INFO - Processing rows 2575 to 2600 for swaps, peptide GILGFVFTL, weight TCRa
2024-11-14 10:54:14,012 - INFO - Processing rows 2600 to 2625 for swaps, peptide GILGFVFTL, weight TCRa
2024-11-14 10:55:42,910 - INFO - Processing rows 2625 to 2650 for swaps, peptide GILGFVFTL, weight TCRa
2024-11-14 10:57:10,158 - INFO - Processing rows 2650 to 2675 for swaps, peptide GILGFVFTL, weight TCRa
2024-11-14 10:58:37,831 - INFO - Processing rows 2675 to 2700 for swaps, peptide GILGFVFTL, weight TCRa
2024-11-14 11:00:06,598 - INFO - Processing rows 2700 to 2725 for swaps, peptide GILGFVFTL, weight TCRa
2024-11-14 11:01:33,891 - INFO - Processing rows 2725 to 2750 for swaps, peptide GILGFVFTL, weight TCRa
2024-11-14 11:03:03,730 - INFO - Processing rows 2750 to 2775 for swaps, peptide GILGFVFTL, weight TCRa
2024-11-14 11:04:31,570 - INFO - Processing rows 2775 to 2800 for swaps, peptide GILGFVFTL, weight TCRa
2024-11-14 11:05:59,103 - INFO - Processing rows 2800 to 2825 for swaps, peptide GILGFVFTL, weight TCRa
2024-11-14 11:07:28,934 - INFO - Processing rows 2825 to 2850 for swaps, peptide GILGFVFTL, weight TCRa
2024-11-14 11:08:55,901 - INFO - Processing rows 2850 to 2875 for swaps, peptide GILGFVFTL, weight TCRa
2024-11-14 11:10:24,947 - INFO - Processing rows 2875 to 2900 for swaps, peptide GILGFVFTL, weight TCRa
2024-11-14 11:11:53,042 - INFO - Processing rows 2900 to 2925 for swaps, peptide GILGFVFTL, weight TCRa
2024-11-14 11:13:20,886 - INFO - Processing rows 2925 to 2950 for swaps, peptide GILGFVFTL, weight TCRa
2024-11-14 11:14:48,963 - INFO - Processing rows 2950 to 2975 for swaps, peptide GILGFVFTL, weight TCRa
2024-11-14 11:16:16,503 - INFO - Processing rows 2975 to 3000 for swaps, peptide GILGFVFTL, weight TCRa
2024-11-14 11:17:44,993 - INFO - Processing rows 3000 to 3025 for swaps, peptide GILGFVFTL, weight TCRa
2024-11-14 11:19:12,881 - INFO - Processing rows 3025 to 3050 for swaps, peptide GILGFVFTL, weight TCRa
2024-11-14 11:20:38,418 - INFO - Processing rows 3050 to 3075 for swaps, peptide GILGFVFTL, weight TCRa
2024-11-14 11:22:05,176 - INFO - Processing rows 3075 to 3100 for swaps, peptide GILGFVFTL, weight TCRa
2024-11-14 11:23:30,575 - INFO - Processing rows 3100 to 3125 for swaps, peptide GILGFVFTL, weight TCRa
2024-11-14 11:24:57,533 - INFO - Processing rows 3125 to 3150 for swaps, peptide GILGFVFTL, weight TCRa
2024-11-14 11:26:26,910 - INFO - Processing rows 3150 to 3175 for swaps, peptide GILGFVFTL, weight TCRa
2024-11-14 11:27:54,145 - INFO - Processing rows 3175 to 3200 for swaps, peptide GILGFVFTL, weight TCRa
2024-11-14 11:29:20,384 - INFO - Processing rows 3200 to 3225 for swaps, peptide GILGFVFTL, weight TCRa
2024-11-14 11:30:49,916 - INFO - Processing rows 3225 to 3250 for swaps, peptide GILGFVFTL, weight TCRa
2024-11-14 11:32:16,576 - INFO - Processing rows 3250 to 3275 for swaps, peptide GILGFVFTL, weight TCRa
2024-11-14 11:33:43,971 - INFO - Processing rows 3275 to 3300 for swaps, peptide GILGFVFTL, weight TCRa
2024-11-14 11:35:13,563 - INFO - Processing rows 3300 to 3325 for swaps, peptide GILGFVFTL, weight TCRa
2024-11-14 11:36:40,920 - INFO - Processing rows 3325 to 3350 for swaps, peptide GILGFVFTL, weight TCRa
2024-11-14 11:38:13,421 - INFO - Processing rows 3350 to 3375 for swaps, peptide GILGFVFTL, weight TCRa
2024-11-14 11:39:47,116 - INFO - Processing rows 3375 to 3400 for swaps, peptide GILGFVFTL, weight TCRa
2024-11-14 11:41:21,810 - INFO - Processing rows 3400 to 3425 for swaps, peptide GILGFVFTL, weight TCRa
2024-11-14 11:42:55,586 - INFO - Processing rows 3425 to 3450 for swaps, peptide GILGFVFTL, weight TCRa
2024-11-14 11:44:30,816 - INFO - Processing rows 3450 to 3475 for swaps, peptide GILGFVFTL, weight TCRa
2024-11-14 11:46:05,034 - INFO - Processing rows 3475 to 3500 for swaps, peptide GILGFVFTL, weight TCRa
2024-11-14 11:47:39,060 - INFO - Processing rows 3500 to 3525 for swaps, peptide GILGFVFTL, weight TCRa
2024-11-14 11:49:14,095 - INFO - Processing rows 3525 to 3550 for swaps, peptide GILGFVFTL, weight TCRa
2024-11-14 11:50:49,079 - INFO - Processing rows 3550 to 3575 for swaps, peptide GILGFVFTL, weight TCRa
2024-11-14 11:52:27,312 - INFO - Processing rows 3575 to 3600 for swaps, peptide GILGFVFTL, weight TCRa
2024-11-14 11:54:02,230 - INFO - Processing rows 3600 to 3625 for swaps, peptide GILGFVFTL, weight TCRa
2024-11-14 11:55:36,119 - INFO - Processing rows 3625 to 3650 for swaps, peptide GILGFVFTL, weight TCRa
2024-11-14 11:57:11,255 - INFO - Processing rows 3650 to 3675 for swaps, peptide GILGFVFTL, weight TCRa
2024-11-14 11:58:43,730 - INFO - Processing rows 3675 to 3700 for swaps, peptide GILGFVFTL, weight TCRa
2024-11-14 12:00:16,676 - INFO - Processing rows 3700 to 3725 for swaps, peptide GILGFVFTL, weight TCRa
2024-11-14 12:01:51,889 - INFO - Processing rows 3725 to 3750 for swaps, peptide GILGFVFTL, weight TCRa
2024-11-14 12:03:24,199 - INFO - Processing rows 3750 to 3775 for swaps, peptide GILGFVFTL, weight TCRa
2024-11-14 12:04:59,239 - INFO - Processing rows 3775 to 3800 for swaps, peptide GILGFVFTL, weight TCRa
2024-11-14 12:06:31,911 - INFO - Processing rows 3800 to 3825 for swaps, peptide GILGFVFTL, weight TCRa
2024-11-14 12:08:06,811 - INFO - Processing rows 3825 to 3850 for swaps, peptide GILGFVFTL, weight TCRa
2024-11-14 12:09:37,911 - INFO - Processing rows 3850 to 3875 for swaps, peptide GILGFVFTL, weight TCRa
2024-11-14 12:11:11,057 - INFO - Processing rows 3875 to 3900 for swaps, peptide GILGFVFTL, weight TCRa
2024-11-14 12:12:44,660 - INFO - Processing rows 3900 to 3925 for swaps, peptide GILGFVFTL, weight TCRa
2024-11-14 12:14:18,031 - INFO - Processing rows 3925 to 3950 for swaps, peptide GILGFVFTL, weight TCRa
2024-11-14 12:15:48,754 - INFO - Processing rows 3950 to 3975 for swaps, peptide GILGFVFTL, weight TCRa
2024-11-14 12:17:21,751 - INFO - Processing rows 3975 to 4000 for swaps, peptide GILGFVFTL, weight TCRa
2024-11-14 12:18:52,868 - INFO - Processing rows 4000 to 4025 for swaps, peptide GILGFVFTL, weight TCRa
2024-11-14 12:20:26,358 - INFO - Processing rows 4025 to 4050 for swaps, peptide GILGFVFTL, weight TCRa
2024-11-14 12:21:55,214 - INFO - Processing rows 4050 to 4075 for swaps, peptide GILGFVFTL, weight TCRa
2024-11-14 12:23:29,006 - INFO - Processing rows 4075 to 4100 for swaps, peptide GILGFVFTL, weight TCRa
2024-11-14 12:25:02,277 - INFO - Processing rows 4100 to 4125 for swaps, peptide GILGFVFTL, weight TCRa
2024-11-14 12:26:37,189 - INFO - Processing rows 4125 to 4150 for swaps, peptide GILGFVFTL, weight TCRa
2024-11-14 12:28:12,641 - INFO - Processing rows 4150 to 4175 for swaps, peptide GILGFVFTL, weight TCRa
2024-11-14 12:29:43,242 - INFO - Processing rows 4175 to 4200 for swaps, peptide GILGFVFTL, weight TCRa
2024-11-14 12:31:10,478 - INFO - Processing rows 4200 to 4225 for swaps, peptide GILGFVFTL, weight TCRa
2024-11-14 12:32:40,388 - INFO - Processing rows 4225 to 4250 for swaps, peptide GILGFVFTL, weight TCRa
2024-11-14 12:34:08,329 - INFO - Processing rows 4250 to 4275 for swaps, peptide GILGFVFTL, weight TCRa
2024-11-14 12:35:39,318 - INFO - Processing rows 4275 to 4300 for swaps, peptide GILGFVFTL, weight TCRa
2024-11-14 12:37:08,973 - INFO - Processing rows 4300 to 4325 for swaps, peptide GILGFVFTL, weight TCRa
2024-11-14 12:38:39,871 - INFO - Processing rows 4325 to 4350 for swaps, peptide GILGFVFTL, weight TCRa
2024-11-14 12:40:09,148 - INFO - Processing rows 4350 to 4375 for swaps, peptide GILGFVFTL, weight TCRa
2024-11-14 12:41:40,791 - INFO - Processing rows 4375 to 4400 for swaps, peptide GILGFVFTL, weight TCRa
2024-11-14 12:43:14,654 - INFO - Processing rows 4400 to 4425 for swaps, peptide GILGFVFTL, weight TCRa
2024-11-14 12:44:45,207 - INFO - Processing rows 4425 to 4450 for swaps, peptide GILGFVFTL, weight TCRa
2024-11-14 12:46:16,405 - INFO - Processing rows 4450 to 4475 for swaps, peptide GILGFVFTL, weight TCRa
2024-11-14 12:47:45,933 - INFO - Processing rows 4475 to 4500 for swaps, peptide GILGFVFTL, weight TCRa
2024-11-14 12:49:15,539 - INFO - Processing rows 4500 to 4525 for swaps, peptide GILGFVFTL, weight TCRa
2024-11-14 12:50:46,144 - INFO - Processing rows 4525 to 4550 for swaps, peptide GILGFVFTL, weight TCRa
2024-11-14 12:52:15,458 - INFO - Processing rows 4550 to 4575 for swaps, peptide GILGFVFTL, weight TCRa
2024-11-14 12:53:46,293 - INFO - Processing rows 4575 to 4600 for swaps, peptide GILGFVFTL, weight TCRa
2024-11-14 12:55:16,352 - INFO - Processing rows 4600 to 4625 for swaps, peptide GILGFVFTL, weight TCRa
2024-11-14 12:56:45,880 - INFO - Processing rows 4625 to 4650 for swaps, peptide GILGFVFTL, weight TCRa
2024-11-14 12:58:17,480 - INFO - Processing rows 4650 to 4675 for swaps, peptide GILGFVFTL, weight TCRa
2024-11-14 12:59:47,775 - INFO - Processing rows 4675 to 4700 for swaps, peptide GILGFVFTL, weight TCRa
2024-11-14 13:01:19,929 - INFO - Processing rows 4700 to 4725 for swaps, peptide GILGFVFTL, weight TCRa
2024-11-14 13:02:52,100 - INFO - Processing rows 4725 to 4750 for swaps, peptide GILGFVFTL, weight TCRa
2024-11-14 13:04:23,278 - INFO - Processing rows 4750 to 4775 for swaps, peptide GILGFVFTL, weight TCRa
2024-11-14 13:05:56,362 - INFO - Processing rows 4775 to 4800 for swaps, peptide GILGFVFTL, weight TCRa
2024-11-14 13:07:29,485 - INFO - Processing rows 4800 to 4825 for swaps, peptide GILGFVFTL, weight TCRa
2024-11-14 13:09:03,224 - INFO - Processing rows 4825 to 4850 for swaps, peptide GILGFVFTL, weight TCRa
2024-11-14 13:10:32,789 - INFO - Processing rows 4850 to 4875 for swaps, peptide GILGFVFTL, weight TCRa
2024-11-14 13:12:03,418 - INFO - Processing rows 4875 to 4900 for swaps, peptide GILGFVFTL, weight TCRa
2024-11-14 13:13:31,910 - INFO - Processing rows 4900 to 4925 for swaps, peptide GILGFVFTL, weight TCRa
2024-11-14 13:15:07,598 - INFO - Processing rows 4925 to 4950 for swaps, peptide GILGFVFTL, weight TCRa
2024-11-14 13:16:41,096 - INFO - Processing rows 4950 to 4975 for swaps, peptide GILGFVFTL, weight TCRa
2024-11-14 13:18:13,776 - INFO - Processing rows 4975 to 5000 for swaps, peptide GILGFVFTL, weight TCRa
2024-11-14 13:19:47,013 - INFO - Processing rows 5000 to 5025 for swaps, peptide GILGFVFTL, weight TCRa
2024-11-14 13:21:18,478 - INFO - Processing rows 5025 to 5050 for swaps, peptide GILGFVFTL, weight TCRa
2024-11-14 13:22:52,007 - INFO - Processing rows 5050 to 5075 for swaps, peptide GILGFVFTL, weight TCRa
2024-11-14 13:24:25,406 - INFO - Processing rows 5075 to 5100 for swaps, peptide GILGFVFTL, weight TCRa
2024-11-14 13:25:56,606 - INFO - Processing rows 5100 to 5125 for swaps, peptide GILGFVFTL, weight TCRa
2024-11-14 13:27:29,926 - INFO - Processing rows 5125 to 5150 for swaps, peptide GILGFVFTL, weight TCRa
2024-11-14 13:29:02,702 - INFO - Processing rows 5150 to 5175 for swaps, peptide GILGFVFTL, weight TCRa
2024-11-14 13:30:37,158 - INFO - Processing rows 5175 to 5200 for swaps, peptide GILGFVFTL, weight TCRa
2024-11-14 13:32:12,861 - INFO - Processing rows 5200 to 5225 for swaps, peptide GILGFVFTL, weight TCRa
2024-11-14 13:33:47,719 - INFO - Processing rows 5225 to 5250 for swaps, peptide GILGFVFTL, weight TCRa
2024-11-14 13:35:22,251 - INFO - Processing rows 5250 to 5275 for swaps, peptide GILGFVFTL, weight TCRa
2024-11-14 13:36:56,266 - INFO - Processing rows 5275 to 5300 for swaps, peptide GILGFVFTL, weight TCRa
2024-11-14 13:38:30,818 - INFO - Processing rows 5300 to 5325 for swaps, peptide GILGFVFTL, weight TCRa
2024-11-14 13:40:05,794 - INFO - Processing rows 5325 to 5350 for swaps, peptide GILGFVFTL, weight TCRa
2024-11-14 13:41:40,137 - INFO - Processing rows 5350 to 5375 for swaps, peptide GILGFVFTL, weight TCRa
2024-11-14 13:43:15,548 - INFO - Processing rows 5375 to 5400 for swaps, peptide GILGFVFTL, weight TCRa
2024-11-14 13:44:51,791 - INFO - Processing rows 5400 to 5425 for swaps, peptide GILGFVFTL, weight TCRa
2024-11-14 13:46:27,638 - INFO - Processing rows 5425 to 5450 for swaps, peptide GILGFVFTL, weight TCRa
2024-11-14 13:48:00,033 - INFO - Processing rows 5450 to 5475 for swaps, peptide GILGFVFTL, weight TCRa
2024-11-14 13:49:34,999 - INFO - Processing rows 5475 to 5500 for swaps, peptide GILGFVFTL, weight TCRa
2024-11-14 13:51:09,629 - INFO - Processing rows 5500 to 5525 for swaps, peptide GILGFVFTL, weight TCRa
2024-11-14 13:52:42,363 - INFO - Processing rows 5525 to 5550 for swaps, peptide GILGFVFTL, weight TCRa
2024-11-14 13:54:13,510 - INFO - Processing rows 5550 to 5575 for swaps, peptide GILGFVFTL, weight TCRa
2024-11-14 13:55:47,618 - INFO - Processing rows 5575 to 5600 for swaps, peptide GILGFVFTL, weight TCRa
2024-11-14 13:57:24,557 - INFO - Processing rows 5600 to 5625 for swaps, peptide GILGFVFTL, weight TCRa
2024-11-14 13:59:02,022 - INFO - Processing rows 5625 to 5650 for swaps, peptide GILGFVFTL, weight TCRa
2024-11-14 14:00:39,664 - INFO - Processing rows 5650 to 5675 for swaps, peptide GILGFVFTL, weight TCRa
2024-11-14 14:02:14,600 - INFO - Processing rows 5675 to 5700 for swaps, peptide GILGFVFTL, weight TCRa
2024-11-14 14:03:47,809 - INFO - Processing rows 5700 to 5725 for swaps, peptide GILGFVFTL, weight TCRa
2024-11-14 14:05:23,558 - INFO - Processing rows 5725 to 5750 for swaps, peptide GILGFVFTL, weight TCRa
2024-11-14 14:06:56,446 - INFO - Processing rows 5750 to 5775 for swaps, peptide GILGFVFTL, weight TCRa
2024-11-14 14:08:32,020 - INFO - Processing rows 5775 to 5800 for swaps, peptide GILGFVFTL, weight TCRa
2024-11-14 14:10:07,119 - INFO - Processing rows 5800 to 5825 for swaps, peptide GILGFVFTL, weight TCRa
2024-11-14 14:11:40,297 - INFO - Processing rows 5825 to 5850 for swaps, peptide GILGFVFTL, weight TCRa
2024-11-14 14:13:12,185 - INFO - Processing rows 5850 to 5875 for swaps, peptide GILGFVFTL, weight TCRa
2024-11-14 14:14:44,448 - INFO - Processing rows 5875 to 5900 for swaps, peptide GILGFVFTL, weight TCRa
2024-11-14 14:16:14,636 - INFO - Processing rows 5900 to 5925 for swaps, peptide GILGFVFTL, weight TCRa
2024-11-14 14:17:45,211 - INFO - Processing rows 5925 to 5950 for swaps, peptide GILGFVFTL, weight TCRa
2024-11-14 14:19:15,663 - INFO - Processing rows 5950 to 5975 for swaps, peptide GILGFVFTL, weight TCRa
2024-11-14 14:20:47,966 - INFO - Processing rows 5975 to 6000 for swaps, peptide GILGFVFTL, weight TCRa
2024-11-14 14:22:19,834 - INFO - Processing rows 6000 to 6025 for swaps, peptide GILGFVFTL, weight TCRa
2024-11-14 14:23:49,908 - INFO - Processing rows 6025 to 6050 for swaps, peptide GILGFVFTL, weight TCRa
2024-11-14 14:25:23,513 - INFO - Processing rows 6050 to 6075 for swaps, peptide GILGFVFTL, weight TCRa
2024-11-14 14:26:56,119 - INFO - Processing rows 6075 to 6100 for swaps, peptide GILGFVFTL, weight TCRa
2024-11-14 14:28:28,267 - INFO - Processing rows 6100 to 6125 for swaps, peptide GILGFVFTL, weight TCRa
2024-11-14 14:30:01,411 - INFO - Processing rows 6125 to 6150 for swaps, peptide GILGFVFTL, weight TCRa
2024-11-14 14:31:36,344 - INFO - Processing rows 6150 to 6175 for swaps, peptide GILGFVFTL, weight TCRa
2024-11-14 14:33:06,893 - INFO - Processing rows 6175 to 6200 for swaps, peptide GILGFVFTL, weight TCRa
2024-11-14 14:34:35,393 - INFO - Processing rows 6200 to 6225 for swaps, peptide GILGFVFTL, weight TCRa
2024-11-14 14:36:11,233 - INFO - Processing rows 6225 to 6250 for swaps, peptide GILGFVFTL, weight TCRa
2024-11-14 14:37:47,649 - INFO - Processing rows 6250 to 6275 for swaps, peptide GILGFVFTL, weight TCRa
2024-11-14 14:39:24,132 - INFO - Processing rows 6275 to 6300 for swaps, peptide GILGFVFTL, weight TCRa
2024-11-14 14:41:00,649 - INFO - Processing rows 6300 to 6325 for swaps, peptide GILGFVFTL, weight TCRa
2024-11-14 14:42:35,114 - INFO - Processing rows 6325 to 6350 for swaps, peptide GILGFVFTL, weight TCRa
2024-11-14 14:44:12,200 - INFO - Processing rows 6350 to 6375 for swaps, peptide GILGFVFTL, weight TCRa
2024-11-14 14:45:51,311 - INFO - Processing rows 6375 to 6400 for swaps, peptide GILGFVFTL, weight TCRa
2024-11-14 14:47:25,631 - INFO - Processing rows 6400 to 6425 for swaps, peptide GILGFVFTL, weight TCRa
2024-11-14 14:49:03,498 - INFO - Processing rows 6425 to 6450 for swaps, peptide GILGFVFTL, weight TCRa
2024-11-14 14:50:40,284 - INFO - Processing rows 6450 to 6475 for swaps, peptide GILGFVFTL, weight TCRa
2024-11-14 14:52:17,264 - INFO - Processing rows 6475 to 6500 for swaps, peptide GILGFVFTL, weight TCRa
2024-11-14 14:53:54,040 - INFO - Processing rows 6500 to 6525 for swaps, peptide GILGFVFTL, weight TCRa
2024-11-14 14:55:31,328 - INFO - Processing rows 6525 to 6550 for swaps, peptide GILGFVFTL, weight TCRa
2024-11-14 14:57:09,682 - INFO - Processing rows 6550 to 6575 for swaps, peptide GILGFVFTL, weight TCRa
2024-11-14 14:58:48,737 - INFO - Processing rows 6575 to 6600 for swaps, peptide GILGFVFTL, weight TCRa
2024-11-14 15:00:27,427 - INFO - Processing rows 6600 to 6625 for swaps, peptide GILGFVFTL, weight TCRa
2024-11-14 15:02:04,933 - INFO - Processing rows 6625 to 6650 for swaps, peptide GILGFVFTL, weight TCRa
2024-11-14 15:03:40,413 - INFO - Processing rows 6650 to 6675 for swaps, peptide GILGFVFTL, weight TCRa
2024-11-14 15:05:14,245 - INFO - Processing rows 6675 to 6700 for swaps, peptide GILGFVFTL, weight TCRa
2024-11-14 15:06:46,699 - INFO - Processing rows 6700 to 6725 for swaps, peptide GILGFVFTL, weight TCRa
2024-11-14 15:08:21,901 - INFO - Processing rows 6725 to 6750 for swaps, peptide GILGFVFTL, weight TCRa
2024-11-14 15:09:57,031 - INFO - Processing rows 6750 to 6775 for swaps, peptide GILGFVFTL, weight TCRa
2024-11-14 15:11:31,128 - INFO - Processing rows 6775 to 6800 for swaps, peptide GILGFVFTL, weight TCRa
2024-11-14 15:13:06,673 - INFO - Processing rows 6800 to 6825 for swaps, peptide GILGFVFTL, weight TCRa
2024-11-14 15:14:41,503 - INFO - Processing rows 6825 to 6850 for swaps, peptide GILGFVFTL, weight TCRa
2024-11-14 15:16:16,557 - INFO - Processing rows 6850 to 6875 for swaps, peptide GILGFVFTL, weight TCRa
2024-11-14 15:17:50,553 - INFO - Processing rows 6875 to 6900 for swaps, peptide GILGFVFTL, weight TCRa
2024-11-14 15:19:25,561 - INFO - Processing rows 6900 to 6925 for swaps, peptide GILGFVFTL, weight TCRa
2024-11-14 15:20:56,765 - INFO - Processing rows 6925 to 6950 for swaps, peptide GILGFVFTL, weight TCRa
2024-11-14 15:22:25,907 - INFO - Processing rows 6950 to 6975 for swaps, peptide GILGFVFTL, weight TCRa
2024-11-14 15:23:54,663 - INFO - Processing rows 6975 to 6990 for swaps, peptide GILGFVFTL, weight TCRa
2024-11-14 15:24:46,475 - INFO - ESM finished.. Saving file...
2024-11-14 15:31:53,564 - INFO - Saved to /net/mimer/mnt/tank/projects2/emison/language_model/27th_Oct_new_matrices/04.11_new_esm/12.11/sequence_summed_vectors_swaps_GILGFVFTL_TCRa.csv
