2024-11-14 08:18:57,090 - INFO - Loading and filtering dataset for peptide GILGFVFTL
2024-11-14 08:18:57,693 - INFO - Processing dataset for peptide GILGFVFTL with weight CDR2a
2024-11-14 08:18:57,696 - INFO - Processing rows 0 to 25 for swaps, peptide GILGFVFTL, weight CDR2a
2024-11-14 08:19:05,631 - INFO - Processing rows 25 to 50 for swaps, peptide GILGFVFTL, weight CDR2a
2024-11-14 08:19:14,137 - INFO - Processing rows 50 to 75 for swaps, peptide GILGFVFTL, weight CDR2a
2024-11-14 08:19:22,422 - INFO - Processing rows 75 to 100 for swaps, peptide GILGFVFTL, weight CDR2a
2024-11-14 08:19:30,532 - INFO - Processing rows 100 to 125 for swaps, peptide GILGFVFTL, weight CDR2a
2024-11-14 08:19:38,534 - INFO - Processing rows 125 to 150 for swaps, peptide GILGFVFTL, weight CDR2a
2024-11-14 08:19:46,579 - INFO - Processing rows 150 to 175 for swaps, peptide GILGFVFTL, weight CDR2a
2024-11-14 08:19:53,525 - INFO - Processing rows 175 to 200 for swaps, peptide GILGFVFTL, weight CDR2a
2024-11-14 08:19:57,811 - INFO - Processing rows 200 to 225 for swaps, peptide GILGFVFTL, weight CDR2a
2024-11-14 08:20:01,970 - INFO - Processing rows 225 to 250 for swaps, peptide GILGFVFTL, weight CDR2a
2024-11-14 08:20:06,007 - INFO - Processing rows 250 to 275 for swaps, peptide GILGFVFTL, weight CDR2a
2024-11-14 08:20:10,027 - INFO - Processing rows 275 to 300 for swaps, peptide GILGFVFTL, weight CDR2a
2024-11-14 08:20:14,147 - INFO - Processing rows 300 to 325 for swaps, peptide GILGFVFTL, weight CDR2a
2024-11-14 08:20:18,195 - INFO - Processing rows 325 to 350 for swaps, peptide GILGFVFTL, weight CDR2a
2024-11-14 08:20:22,240 - INFO - Processing rows 350 to 375 for swaps, peptide GILGFVFTL, weight CDR2a
2024-11-14 08:20:26,314 - INFO - Processing rows 375 to 400 for swaps, peptide GILGFVFTL, weight CDR2a
2024-11-14 08:20:32,534 - INFO - Processing rows 400 to 425 for swaps, peptide GILGFVFTL, weight CDR2a
2024-11-14 08:20:39,748 - INFO - Processing rows 425 to 450 for swaps, peptide GILGFVFTL, weight CDR2a
2024-11-14 08:20:47,325 - INFO - Processing rows 450 to 475 for swaps, peptide GILGFVFTL, weight CDR2a
2024-11-14 08:20:54,643 - INFO - Processing rows 475 to 500 for swaps, peptide GILGFVFTL, weight CDR2a
2024-11-14 08:21:02,290 - INFO - Processing rows 500 to 525 for swaps, peptide GILGFVFTL, weight CDR2a
2024-11-14 08:21:10,195 - INFO - Processing rows 525 to 550 for swaps, peptide GILGFVFTL, weight CDR2a
2024-11-14 08:21:17,855 - INFO - Processing rows 550 to 575 for swaps, peptide GILGFVFTL, weight CDR2a
2024-11-14 08:21:25,457 - INFO - Processing rows 575 to 600 for swaps, peptide GILGFVFTL, weight CDR2a
2024-11-14 08:21:33,239 - INFO - Processing rows 600 to 625 for swaps, peptide GILGFVFTL, weight CDR2a
2024-11-14 08:21:40,657 - INFO - Processing rows 625 to 650 for swaps, peptide GILGFVFTL, weight CDR2a
2024-11-14 08:21:48,282 - INFO - Processing rows 650 to 675 for swaps, peptide GILGFVFTL, weight CDR2a
2024-11-14 08:21:55,742 - INFO - Processing rows 675 to 700 for swaps, peptide GILGFVFTL, weight CDR2a
2024-11-14 08:22:03,435 - INFO - Processing rows 700 to 725 for swaps, peptide GILGFVFTL, weight CDR2a
2024-11-14 08:22:11,166 - INFO - Processing rows 725 to 750 for swaps, peptide GILGFVFTL, weight CDR2a
2024-11-14 08:22:18,912 - INFO - Processing rows 750 to 775 for swaps, peptide GILGFVFTL, weight CDR2a
2024-11-14 08:22:26,760 - INFO - Processing rows 775 to 800 for swaps, peptide GILGFVFTL, weight CDR2a
2024-11-14 08:22:34,765 - INFO - Processing rows 800 to 825 for swaps, peptide GILGFVFTL, weight CDR2a
2024-11-14 08:22:42,740 - INFO - Processing rows 825 to 850 for swaps, peptide GILGFVFTL, weight CDR2a
2024-11-14 08:22:50,740 - INFO - Processing rows 850 to 875 for swaps, peptide GILGFVFTL, weight CDR2a
2024-11-14 08:22:58,908 - INFO - Processing rows 875 to 900 for swaps, peptide GILGFVFTL, weight CDR2a
2024-11-14 08:23:06,958 - INFO - Processing rows 900 to 925 for swaps, peptide GILGFVFTL, weight CDR2a
2024-11-14 08:23:15,056 - INFO - Processing rows 925 to 950 for swaps, peptide GILGFVFTL, weight CDR2a
2024-11-14 08:23:23,133 - INFO - Processing rows 950 to 975 for swaps, peptide GILGFVFTL, weight CDR2a
2024-11-14 08:23:31,121 - INFO - Processing rows 975 to 1000 for swaps, peptide GILGFVFTL, weight CDR2a
2024-11-14 08:23:39,189 - INFO - Processing rows 1000 to 1025 for swaps, peptide GILGFVFTL, weight CDR2a
2024-11-14 08:23:47,434 - INFO - Processing rows 1025 to 1050 for swaps, peptide GILGFVFTL, weight CDR2a
2024-11-14 08:23:55,581 - INFO - Processing rows 1050 to 1075 for swaps, peptide GILGFVFTL, weight CDR2a
2024-11-14 08:24:03,690 - INFO - Processing rows 1075 to 1100 for swaps, peptide GILGFVFTL, weight CDR2a
2024-11-14 08:24:11,784 - INFO - Processing rows 1100 to 1125 for swaps, peptide GILGFVFTL, weight CDR2a
2024-11-14 08:24:20,009 - INFO - Processing rows 1125 to 1150 for swaps, peptide GILGFVFTL, weight CDR2a
2024-11-14 08:24:28,342 - INFO - Processing rows 1150 to 1175 for swaps, peptide GILGFVFTL, weight CDR2a
2024-11-14 08:24:36,527 - INFO - Processing rows 1175 to 1200 for swaps, peptide GILGFVFTL, weight CDR2a
2024-11-14 08:24:44,487 - INFO - Processing rows 1200 to 1225 for swaps, peptide GILGFVFTL, weight CDR2a
2024-11-14 08:24:52,574 - INFO - Processing rows 1225 to 1250 for swaps, peptide GILGFVFTL, weight CDR2a
2024-11-14 08:25:00,430 - INFO - Processing rows 1250 to 1275 for swaps, peptide GILGFVFTL, weight CDR2a
2024-11-14 08:25:07,547 - INFO - Processing rows 1275 to 1300 for swaps, peptide GILGFVFTL, weight CDR2a
2024-11-14 08:25:15,217 - INFO - Processing rows 1300 to 1325 for swaps, peptide GILGFVFTL, weight CDR2a
2024-11-14 08:25:22,923 - INFO - Processing rows 1325 to 1350 for swaps, peptide GILGFVFTL, weight CDR2a
2024-11-14 08:25:30,411 - INFO - Processing rows 1350 to 1375 for swaps, peptide GILGFVFTL, weight CDR2a
2024-11-14 08:25:38,037 - INFO - Processing rows 1375 to 1400 for swaps, peptide GILGFVFTL, weight CDR2a
2024-11-14 08:25:45,164 - INFO - Processing rows 1400 to 1425 for swaps, peptide GILGFVFTL, weight CDR2a
2024-11-14 08:25:52,181 - INFO - Processing rows 1425 to 1450 for swaps, peptide GILGFVFTL, weight CDR2a
2024-11-14 08:25:59,057 - INFO - Processing rows 1450 to 1475 for swaps, peptide GILGFVFTL, weight CDR2a
2024-11-14 08:26:05,643 - INFO - Processing rows 1475 to 1500 for swaps, peptide GILGFVFTL, weight CDR2a
2024-11-14 08:26:12,577 - INFO - Processing rows 1500 to 1525 for swaps, peptide GILGFVFTL, weight CDR2a
2024-11-14 08:26:19,909 - INFO - Processing rows 1525 to 1550 for swaps, peptide GILGFVFTL, weight CDR2a
2024-11-14 08:26:27,766 - INFO - Processing rows 1550 to 1575 for swaps, peptide GILGFVFTL, weight CDR2a
2024-11-14 08:26:35,636 - INFO - Processing rows 1575 to 1600 for swaps, peptide GILGFVFTL, weight CDR2a
2024-11-14 08:26:43,738 - INFO - Processing rows 1600 to 1625 for swaps, peptide GILGFVFTL, weight CDR2a
2024-11-14 08:26:51,925 - INFO - Processing rows 1625 to 1650 for swaps, peptide GILGFVFTL, weight CDR2a
2024-11-14 08:27:00,066 - INFO - Processing rows 1650 to 1675 for swaps, peptide GILGFVFTL, weight CDR2a
2024-11-14 08:27:08,149 - INFO - Processing rows 1675 to 1700 for swaps, peptide GILGFVFTL, weight CDR2a
2024-11-14 08:27:16,154 - INFO - Processing rows 1700 to 1725 for swaps, peptide GILGFVFTL, weight CDR2a
2024-11-14 08:27:24,152 - INFO - Processing rows 1725 to 1750 for swaps, peptide GILGFVFTL, weight CDR2a
2024-11-14 08:27:32,255 - INFO - Processing rows 1750 to 1775 for swaps, peptide GILGFVFTL, weight CDR2a
2024-11-14 08:27:40,384 - INFO - Processing rows 1775 to 1800 for swaps, peptide GILGFVFTL, weight CDR2a
2024-11-14 08:27:48,664 - INFO - Processing rows 1800 to 1825 for swaps, peptide GILGFVFTL, weight CDR2a
2024-11-14 08:27:56,948 - INFO - Processing rows 1825 to 1850 for swaps, peptide GILGFVFTL, weight CDR2a
2024-11-14 08:28:05,188 - INFO - Processing rows 1850 to 1875 for swaps, peptide GILGFVFTL, weight CDR2a
2024-11-14 08:28:13,620 - INFO - Processing rows 1875 to 1900 for swaps, peptide GILGFVFTL, weight CDR2a
2024-11-14 08:28:22,001 - INFO - Processing rows 1900 to 1925 for swaps, peptide GILGFVFTL, weight CDR2a
2024-11-14 08:28:30,279 - INFO - Processing rows 1925 to 1950 for swaps, peptide GILGFVFTL, weight CDR2a
2024-11-14 08:28:38,563 - INFO - Processing rows 1950 to 1975 for swaps, peptide GILGFVFTL, weight CDR2a
2024-11-14 08:28:46,941 - INFO - Processing rows 1975 to 2000 for swaps, peptide GILGFVFTL, weight CDR2a
2024-11-14 08:28:55,293 - INFO - Processing rows 2000 to 2025 for swaps, peptide GILGFVFTL, weight CDR2a
2024-11-14 08:29:03,692 - INFO - Processing rows 2025 to 2050 for swaps, peptide GILGFVFTL, weight CDR2a
2024-11-14 08:29:12,089 - INFO - Processing rows 2050 to 2075 for swaps, peptide GILGFVFTL, weight CDR2a
2024-11-14 08:29:20,517 - INFO - Processing rows 2075 to 2100 for swaps, peptide GILGFVFTL, weight CDR2a
2024-11-14 08:29:28,856 - INFO - Processing rows 2100 to 2125 for swaps, peptide GILGFVFTL, weight CDR2a
2024-11-14 08:29:36,977 - INFO - Processing rows 2125 to 2150 for swaps, peptide GILGFVFTL, weight CDR2a
2024-11-14 08:29:45,052 - INFO - Processing rows 2150 to 2175 for swaps, peptide GILGFVFTL, weight CDR2a
2024-11-14 08:29:53,592 - INFO - Processing rows 2175 to 2200 for swaps, peptide GILGFVFTL, weight CDR2a
2024-11-14 08:30:02,168 - INFO - Processing rows 2200 to 2225 for swaps, peptide GILGFVFTL, weight CDR2a
2024-11-14 08:30:10,716 - INFO - Processing rows 2225 to 2250 for swaps, peptide GILGFVFTL, weight CDR2a
2024-11-14 08:30:19,244 - INFO - Processing rows 2250 to 2275 for swaps, peptide GILGFVFTL, weight CDR2a
2024-11-14 08:30:27,576 - INFO - Processing rows 2275 to 2300 for swaps, peptide GILGFVFTL, weight CDR2a
2024-11-14 08:30:35,934 - INFO - Processing rows 2300 to 2325 for swaps, peptide GILGFVFTL, weight CDR2a
2024-11-14 08:30:44,190 - INFO - Processing rows 2325 to 2350 for swaps, peptide GILGFVFTL, weight CDR2a
2024-11-14 08:30:52,667 - INFO - Processing rows 2350 to 2375 for swaps, peptide GILGFVFTL, weight CDR2a
2024-11-14 08:31:01,212 - INFO - Processing rows 2375 to 2400 for swaps, peptide GILGFVFTL, weight CDR2a
2024-11-14 08:31:09,817 - INFO - Processing rows 2400 to 2425 for swaps, peptide GILGFVFTL, weight CDR2a
2024-11-14 08:31:18,386 - INFO - Processing rows 2425 to 2450 for swaps, peptide GILGFVFTL, weight CDR2a
2024-11-14 08:31:26,891 - INFO - Processing rows 2450 to 2475 for swaps, peptide GILGFVFTL, weight CDR2a
2024-11-14 08:31:35,472 - INFO - Processing rows 2475 to 2500 for swaps, peptide GILGFVFTL, weight CDR2a
2024-11-14 08:31:43,911 - INFO - Processing rows 2500 to 2525 for swaps, peptide GILGFVFTL, weight CDR2a
2024-11-14 08:31:52,453 - INFO - Processing rows 2525 to 2550 for swaps, peptide GILGFVFTL, weight CDR2a
2024-11-14 08:32:00,989 - INFO - Processing rows 2550 to 2575 for swaps, peptide GILGFVFTL, weight CDR2a
2024-11-14 08:32:09,520 - INFO - Processing rows 2575 to 2600 for swaps, peptide GILGFVFTL, weight CDR2a
2024-11-14 08:32:18,412 - INFO - Processing rows 2600 to 2625 for swaps, peptide GILGFVFTL, weight CDR2a
2024-11-14 08:32:27,146 - INFO - Processing rows 2625 to 2650 for swaps, peptide GILGFVFTL, weight CDR2a
2024-11-14 08:32:35,845 - INFO - Processing rows 2650 to 2675 for swaps, peptide GILGFVFTL, weight CDR2a
2024-11-14 08:32:44,513 - INFO - Processing rows 2675 to 2700 for swaps, peptide GILGFVFTL, weight CDR2a
2024-11-14 08:32:53,170 - INFO - Processing rows 2700 to 2725 for swaps, peptide GILGFVFTL, weight CDR2a
2024-11-14 08:33:01,772 - INFO - Processing rows 2725 to 2750 for swaps, peptide GILGFVFTL, weight CDR2a
2024-11-14 08:33:10,351 - INFO - Processing rows 2750 to 2775 for swaps, peptide GILGFVFTL, weight CDR2a
2024-11-14 08:33:18,766 - INFO - Processing rows 2775 to 2800 for swaps, peptide GILGFVFTL, weight CDR2a
2024-11-14 08:33:27,229 - INFO - Processing rows 2800 to 2825 for swaps, peptide GILGFVFTL, weight CDR2a
2024-11-14 08:33:35,679 - INFO - Processing rows 2825 to 2850 for swaps, peptide GILGFVFTL, weight CDR2a
2024-11-14 08:33:44,137 - INFO - Processing rows 2850 to 2875 for swaps, peptide GILGFVFTL, weight CDR2a
2024-11-14 08:33:52,167 - INFO - Processing rows 2875 to 2900 for swaps, peptide GILGFVFTL, weight CDR2a
2024-11-14 08:33:59,942 - INFO - Processing rows 2900 to 2925 for swaps, peptide GILGFVFTL, weight CDR2a
2024-11-14 08:34:08,033 - INFO - Processing rows 2925 to 2950 for swaps, peptide GILGFVFTL, weight CDR2a
2024-11-14 08:34:16,028 - INFO - Processing rows 2950 to 2975 for swaps, peptide GILGFVFTL, weight CDR2a
2024-11-14 08:34:24,149 - INFO - Processing rows 2975 to 3000 for swaps, peptide GILGFVFTL, weight CDR2a
2024-11-14 08:34:32,259 - INFO - Processing rows 3000 to 3025 for swaps, peptide GILGFVFTL, weight CDR2a
2024-11-14 08:34:40,267 - INFO - Processing rows 3025 to 3050 for swaps, peptide GILGFVFTL, weight CDR2a
2024-11-14 08:34:47,814 - INFO - Processing rows 3050 to 3075 for swaps, peptide GILGFVFTL, weight CDR2a
2024-11-14 08:34:55,556 - INFO - Processing rows 3075 to 3100 for swaps, peptide GILGFVFTL, weight CDR2a
2024-11-14 08:35:03,804 - INFO - Processing rows 3100 to 3125 for swaps, peptide GILGFVFTL, weight CDR2a
2024-11-14 08:35:11,943 - INFO - Processing rows 3125 to 3150 for swaps, peptide GILGFVFTL, weight CDR2a
2024-11-14 08:35:19,760 - INFO - Processing rows 3150 to 3175 for swaps, peptide GILGFVFTL, weight CDR2a
2024-11-14 08:35:27,884 - INFO - Processing rows 3175 to 3200 for swaps, peptide GILGFVFTL, weight CDR2a
2024-11-14 08:35:36,216 - INFO - Processing rows 3200 to 3225 for swaps, peptide GILGFVFTL, weight CDR2a
2024-11-14 08:35:44,308 - INFO - Processing rows 3225 to 3250 for swaps, peptide GILGFVFTL, weight CDR2a
2024-11-14 08:35:52,050 - INFO - Processing rows 3250 to 3275 for swaps, peptide GILGFVFTL, weight CDR2a
2024-11-14 08:35:59,357 - INFO - Processing rows 3275 to 3300 for swaps, peptide GILGFVFTL, weight CDR2a
2024-11-14 08:36:06,756 - INFO - Processing rows 3300 to 3325 for swaps, peptide GILGFVFTL, weight CDR2a
2024-11-14 08:36:14,349 - INFO - Processing rows 3325 to 3350 for swaps, peptide GILGFVFTL, weight CDR2a
2024-11-14 08:36:22,236 - INFO - Processing rows 3350 to 3375 for swaps, peptide GILGFVFTL, weight CDR2a
2024-11-14 08:36:29,837 - INFO - Processing rows 3375 to 3400 for swaps, peptide GILGFVFTL, weight CDR2a
2024-11-14 08:36:37,140 - INFO - Processing rows 3400 to 3425 for swaps, peptide GILGFVFTL, weight CDR2a
2024-11-14 08:36:44,211 - INFO - Processing rows 3425 to 3450 for swaps, peptide GILGFVFTL, weight CDR2a
2024-11-14 08:36:51,390 - INFO - Processing rows 3450 to 3475 for swaps, peptide GILGFVFTL, weight CDR2a
2024-11-14 08:36:58,822 - INFO - Processing rows 3475 to 3500 for swaps, peptide GILGFVFTL, weight CDR2a
2024-11-14 08:37:05,713 - INFO - Processing rows 3500 to 3525 for swaps, peptide GILGFVFTL, weight CDR2a
2024-11-14 08:37:12,504 - INFO - Processing rows 3525 to 3550 for swaps, peptide GILGFVFTL, weight CDR2a
2024-11-14 08:37:19,226 - INFO - Processing rows 3550 to 3575 for swaps, peptide GILGFVFTL, weight CDR2a
2024-11-14 08:37:25,847 - INFO - Processing rows 3575 to 3600 for swaps, peptide GILGFVFTL, weight CDR2a
2024-11-14 08:37:32,500 - INFO - Processing rows 3600 to 3625 for swaps, peptide GILGFVFTL, weight CDR2a
2024-11-14 08:37:39,072 - INFO - Processing rows 3625 to 3650 for swaps, peptide GILGFVFTL, weight CDR2a
2024-11-14 08:37:45,692 - INFO - Processing rows 3650 to 3675 for swaps, peptide GILGFVFTL, weight CDR2a
2024-11-14 08:37:52,775 - INFO - Processing rows 3675 to 3700 for swaps, peptide GILGFVFTL, weight CDR2a
2024-11-14 08:37:59,516 - INFO - Processing rows 3700 to 3725 for swaps, peptide GILGFVFTL, weight CDR2a
2024-11-14 08:38:06,056 - INFO - Processing rows 3725 to 3750 for swaps, peptide GILGFVFTL, weight CDR2a
2024-11-14 08:38:12,601 - INFO - Processing rows 3750 to 3775 for swaps, peptide GILGFVFTL, weight CDR2a
2024-11-14 08:38:19,082 - INFO - Processing rows 3775 to 3800 for swaps, peptide GILGFVFTL, weight CDR2a
2024-11-14 08:38:25,564 - INFO - Processing rows 3800 to 3825 for swaps, peptide GILGFVFTL, weight CDR2a
2024-11-14 08:38:32,153 - INFO - Processing rows 3825 to 3850 for swaps, peptide GILGFVFTL, weight CDR2a
2024-11-14 08:38:38,872 - INFO - Processing rows 3850 to 3875 for swaps, peptide GILGFVFTL, weight CDR2a
2024-11-14 08:38:45,621 - INFO - Processing rows 3875 to 3900 for swaps, peptide GILGFVFTL, weight CDR2a
2024-11-14 08:38:53,129 - INFO - Processing rows 3900 to 3925 for swaps, peptide GILGFVFTL, weight CDR2a
2024-11-14 08:39:00,717 - INFO - Processing rows 3925 to 3950 for swaps, peptide GILGFVFTL, weight CDR2a
2024-11-14 08:39:08,263 - INFO - Processing rows 3950 to 3975 for swaps, peptide GILGFVFTL, weight CDR2a
2024-11-14 08:39:15,648 - INFO - Processing rows 3975 to 4000 for swaps, peptide GILGFVFTL, weight CDR2a
2024-11-14 08:39:22,820 - INFO - Processing rows 4000 to 4025 for swaps, peptide GILGFVFTL, weight CDR2a
2024-11-14 08:39:30,054 - INFO - Processing rows 4025 to 4050 for swaps, peptide GILGFVFTL, weight CDR2a
2024-11-14 08:39:37,212 - INFO - Processing rows 4050 to 4075 for swaps, peptide GILGFVFTL, weight CDR2a
2024-11-14 08:39:44,909 - INFO - Processing rows 4075 to 4100 for swaps, peptide GILGFVFTL, weight CDR2a
2024-11-14 08:39:52,723 - INFO - Processing rows 4100 to 4125 for swaps, peptide GILGFVFTL, weight CDR2a
2024-11-14 08:40:00,501 - INFO - Processing rows 4125 to 4150 for swaps, peptide GILGFVFTL, weight CDR2a
2024-11-14 08:40:08,367 - INFO - Processing rows 4150 to 4175 for swaps, peptide GILGFVFTL, weight CDR2a
2024-11-14 08:40:16,106 - INFO - Processing rows 4175 to 4200 for swaps, peptide GILGFVFTL, weight CDR2a
2024-11-14 08:40:23,853 - INFO - Processing rows 4200 to 4225 for swaps, peptide GILGFVFTL, weight CDR2a
2024-11-14 08:40:31,740 - INFO - Processing rows 4225 to 4250 for swaps, peptide GILGFVFTL, weight CDR2a
2024-11-14 08:40:39,377 - INFO - Processing rows 4250 to 4275 for swaps, peptide GILGFVFTL, weight CDR2a
2024-11-14 08:40:47,228 - INFO - Processing rows 4275 to 4300 for swaps, peptide GILGFVFTL, weight CDR2a
2024-11-14 08:40:54,813 - INFO - Processing rows 4300 to 4325 for swaps, peptide GILGFVFTL, weight CDR2a
2024-11-14 08:41:02,633 - INFO - Processing rows 4325 to 4350 for swaps, peptide GILGFVFTL, weight CDR2a
2024-11-14 08:41:10,409 - INFO - Processing rows 4350 to 4375 for swaps, peptide GILGFVFTL, weight CDR2a
2024-11-14 08:41:18,151 - INFO - Processing rows 4375 to 4400 for swaps, peptide GILGFVFTL, weight CDR2a
2024-11-14 08:41:26,054 - INFO - Processing rows 4400 to 4425 for swaps, peptide GILGFVFTL, weight CDR2a
2024-11-14 08:41:34,335 - INFO - Processing rows 4425 to 4450 for swaps, peptide GILGFVFTL, weight CDR2a
2024-11-14 08:41:42,383 - INFO - Processing rows 4450 to 4475 for swaps, peptide GILGFVFTL, weight CDR2a
2024-11-14 08:41:50,797 - INFO - Processing rows 4475 to 4500 for swaps, peptide GILGFVFTL, weight CDR2a
2024-11-14 08:41:59,067 - INFO - Processing rows 4500 to 4525 for swaps, peptide GILGFVFTL, weight CDR2a
2024-11-14 08:42:07,210 - INFO - Processing rows 4525 to 4550 for swaps, peptide GILGFVFTL, weight CDR2a
2024-11-14 08:42:15,132 - INFO - Processing rows 4550 to 4575 for swaps, peptide GILGFVFTL, weight CDR2a
2024-11-14 08:42:23,184 - INFO - Processing rows 4575 to 4600 for swaps, peptide GILGFVFTL, weight CDR2a
2024-11-14 08:42:31,157 - INFO - Processing rows 4600 to 4625 for swaps, peptide GILGFVFTL, weight CDR2a
2024-11-14 08:42:39,048 - INFO - Processing rows 4625 to 4650 for swaps, peptide GILGFVFTL, weight CDR2a
2024-11-14 08:42:46,893 - INFO - Processing rows 4650 to 4675 for swaps, peptide GILGFVFTL, weight CDR2a
2024-11-14 08:42:54,764 - INFO - Processing rows 4675 to 4700 for swaps, peptide GILGFVFTL, weight CDR2a
2024-11-14 08:43:02,872 - INFO - Processing rows 4700 to 4725 for swaps, peptide GILGFVFTL, weight CDR2a
2024-11-14 08:43:11,236 - INFO - Processing rows 4725 to 4750 for swaps, peptide GILGFVFTL, weight CDR2a
2024-11-14 08:43:19,419 - INFO - Processing rows 4750 to 4775 for swaps, peptide GILGFVFTL, weight CDR2a
2024-11-14 08:43:26,929 - INFO - Processing rows 4775 to 4800 for swaps, peptide GILGFVFTL, weight CDR2a
2024-11-14 08:43:34,814 - INFO - Processing rows 4800 to 4825 for swaps, peptide GILGFVFTL, weight CDR2a
2024-11-14 08:43:42,905 - INFO - Processing rows 4825 to 4850 for swaps, peptide GILGFVFTL, weight CDR2a
2024-11-14 08:43:51,016 - INFO - Processing rows 4850 to 4875 for swaps, peptide GILGFVFTL, weight CDR2a
2024-11-14 08:43:58,748 - INFO - Processing rows 4875 to 4900 for swaps, peptide GILGFVFTL, weight CDR2a
2024-11-14 08:44:06,703 - INFO - Processing rows 4900 to 4925 for swaps, peptide GILGFVFTL, weight CDR2a
2024-11-14 08:44:14,513 - INFO - Processing rows 4925 to 4950 for swaps, peptide GILGFVFTL, weight CDR2a
2024-11-14 08:44:22,437 - INFO - Processing rows 4950 to 4975 for swaps, peptide GILGFVFTL, weight CDR2a
2024-11-14 08:44:30,401 - INFO - Processing rows 4975 to 5000 for swaps, peptide GILGFVFTL, weight CDR2a
2024-11-14 08:44:38,507 - INFO - Processing rows 5000 to 5025 for swaps, peptide GILGFVFTL, weight CDR2a
2024-11-14 08:44:46,576 - INFO - Processing rows 5025 to 5050 for swaps, peptide GILGFVFTL, weight CDR2a
2024-11-14 08:44:54,783 - INFO - Processing rows 5050 to 5075 for swaps, peptide GILGFVFTL, weight CDR2a
2024-11-14 08:45:03,209 - INFO - Processing rows 5075 to 5100 for swaps, peptide GILGFVFTL, weight CDR2a
2024-11-14 08:45:11,658 - INFO - Processing rows 5100 to 5125 for swaps, peptide GILGFVFTL, weight CDR2a
2024-11-14 08:45:20,047 - INFO - Processing rows 5125 to 5150 for swaps, peptide GILGFVFTL, weight CDR2a
2024-11-14 08:45:28,440 - INFO - Processing rows 5150 to 5175 for swaps, peptide GILGFVFTL, weight CDR2a
2024-11-14 08:45:36,849 - INFO - Processing rows 5175 to 5200 for swaps, peptide GILGFVFTL, weight CDR2a
2024-11-14 08:45:45,278 - INFO - Processing rows 5200 to 5225 for swaps, peptide GILGFVFTL, weight CDR2a
2024-11-14 08:45:53,687 - INFO - Processing rows 5225 to 5250 for swaps, peptide GILGFVFTL, weight CDR2a
2024-11-14 08:46:02,056 - INFO - Processing rows 5250 to 5275 for swaps, peptide GILGFVFTL, weight CDR2a
2024-11-14 08:46:10,419 - INFO - Processing rows 5275 to 5300 for swaps, peptide GILGFVFTL, weight CDR2a
2024-11-14 08:46:18,636 - INFO - Processing rows 5300 to 5325 for swaps, peptide GILGFVFTL, weight CDR2a
2024-11-14 08:46:26,798 - INFO - Processing rows 5325 to 5350 for swaps, peptide GILGFVFTL, weight CDR2a
2024-11-14 08:46:34,968 - INFO - Processing rows 5350 to 5375 for swaps, peptide GILGFVFTL, weight CDR2a
2024-11-14 08:46:43,210 - INFO - Processing rows 5375 to 5400 for swaps, peptide GILGFVFTL, weight CDR2a
2024-11-14 08:46:51,502 - INFO - Processing rows 5400 to 5425 for swaps, peptide GILGFVFTL, weight CDR2a
2024-11-14 08:46:59,758 - INFO - Processing rows 5425 to 5450 for swaps, peptide GILGFVFTL, weight CDR2a
2024-11-14 08:47:08,110 - INFO - Processing rows 5450 to 5475 for swaps, peptide GILGFVFTL, weight CDR2a
2024-11-14 08:47:16,347 - INFO - Processing rows 5475 to 5500 for swaps, peptide GILGFVFTL, weight CDR2a
2024-11-14 08:47:24,448 - INFO - Processing rows 5500 to 5525 for swaps, peptide GILGFVFTL, weight CDR2a
2024-11-14 08:47:32,557 - INFO - Processing rows 5525 to 5550 for swaps, peptide GILGFVFTL, weight CDR2a
2024-11-14 08:47:40,841 - INFO - Processing rows 5550 to 5575 for swaps, peptide GILGFVFTL, weight CDR2a
2024-11-14 08:47:49,128 - INFO - Processing rows 5575 to 5600 for swaps, peptide GILGFVFTL, weight CDR2a
2024-11-14 08:47:56,734 - INFO - Processing rows 5600 to 5625 for swaps, peptide GILGFVFTL, weight CDR2a
2024-11-14 08:48:05,280 - INFO - Processing rows 5625 to 5650 for swaps, peptide GILGFVFTL, weight CDR2a
2024-11-14 08:48:13,799 - INFO - Processing rows 5650 to 5675 for swaps, peptide GILGFVFTL, weight CDR2a
2024-11-14 08:48:21,699 - INFO - Processing rows 5675 to 5700 for swaps, peptide GILGFVFTL, weight CDR2a
2024-11-14 08:48:29,567 - INFO - Processing rows 5700 to 5725 for swaps, peptide GILGFVFTL, weight CDR2a
2024-11-14 08:48:37,252 - INFO - Processing rows 5725 to 5750 for swaps, peptide GILGFVFTL, weight CDR2a
2024-11-14 08:48:45,255 - INFO - Processing rows 5750 to 5775 for swaps, peptide GILGFVFTL, weight CDR2a
2024-11-14 08:48:53,226 - INFO - Processing rows 5775 to 5800 for swaps, peptide GILGFVFTL, weight CDR2a
2024-11-14 08:49:01,247 - INFO - Processing rows 5800 to 5825 for swaps, peptide GILGFVFTL, weight CDR2a
2024-11-14 08:49:09,278 - INFO - Processing rows 5825 to 5850 for swaps, peptide GILGFVFTL, weight CDR2a
2024-11-14 08:49:17,125 - INFO - Processing rows 5850 to 5875 for swaps, peptide GILGFVFTL, weight CDR2a
2024-11-14 08:49:24,781 - INFO - Processing rows 5875 to 5900 for swaps, peptide GILGFVFTL, weight CDR2a
2024-11-14 08:49:32,096 - INFO - Processing rows 5900 to 5925 for swaps, peptide GILGFVFTL, weight CDR2a
2024-11-14 08:49:39,684 - INFO - Processing rows 5925 to 5950 for swaps, peptide GILGFVFTL, weight CDR2a
2024-11-14 08:49:47,553 - INFO - Processing rows 5950 to 5975 for swaps, peptide GILGFVFTL, weight CDR2a
2024-11-14 08:49:55,445 - INFO - Processing rows 5975 to 6000 for swaps, peptide GILGFVFTL, weight CDR2a
2024-11-14 08:50:03,349 - INFO - Processing rows 6000 to 6025 for swaps, peptide GILGFVFTL, weight CDR2a
2024-11-14 08:50:10,936 - INFO - Processing rows 6025 to 6050 for swaps, peptide GILGFVFTL, weight CDR2a
2024-11-14 08:50:18,609 - INFO - Processing rows 6050 to 6075 for swaps, peptide GILGFVFTL, weight CDR2a
2024-11-14 08:50:26,337 - INFO - Processing rows 6075 to 6100 for swaps, peptide GILGFVFTL, weight CDR2a
2024-11-14 08:50:34,121 - INFO - Processing rows 6100 to 6125 for swaps, peptide GILGFVFTL, weight CDR2a
2024-11-14 08:50:41,856 - INFO - Processing rows 6125 to 6150 for swaps, peptide GILGFVFTL, weight CDR2a
2024-11-14 08:50:49,667 - INFO - Processing rows 6150 to 6175 for swaps, peptide GILGFVFTL, weight CDR2a
2024-11-14 08:50:57,548 - INFO - Processing rows 6175 to 6200 for swaps, peptide GILGFVFTL, weight CDR2a
2024-11-14 08:51:05,418 - INFO - Processing rows 6200 to 6225 for swaps, peptide GILGFVFTL, weight CDR2a
2024-11-14 08:51:13,506 - INFO - Processing rows 6225 to 6250 for swaps, peptide GILGFVFTL, weight CDR2a
2024-11-14 08:51:21,448 - INFO - Processing rows 6250 to 6275 for swaps, peptide GILGFVFTL, weight CDR2a
2024-11-14 08:51:29,430 - INFO - Processing rows 6275 to 6300 for swaps, peptide GILGFVFTL, weight CDR2a
2024-11-14 08:51:37,392 - INFO - Processing rows 6300 to 6325 for swaps, peptide GILGFVFTL, weight CDR2a
2024-11-14 08:51:44,710 - INFO - Processing rows 6325 to 6350 for swaps, peptide GILGFVFTL, weight CDR2a
2024-11-14 08:51:52,339 - INFO - Processing rows 6350 to 6375 for swaps, peptide GILGFVFTL, weight CDR2a
2024-11-14 08:52:00,125 - INFO - Processing rows 6375 to 6400 for swaps, peptide GILGFVFTL, weight CDR2a
2024-11-14 08:52:08,205 - INFO - Processing rows 6400 to 6425 for swaps, peptide GILGFVFTL, weight CDR2a
2024-11-14 08:52:16,198 - INFO - Processing rows 6425 to 6450 for swaps, peptide GILGFVFTL, weight CDR2a
2024-11-14 08:52:24,241 - INFO - Processing rows 6450 to 6475 for swaps, peptide GILGFVFTL, weight CDR2a
2024-11-14 08:52:32,534 - INFO - Processing rows 6475 to 6500 for swaps, peptide GILGFVFTL, weight CDR2a
2024-11-14 08:52:40,565 - INFO - Processing rows 6500 to 6525 for swaps, peptide GILGFVFTL, weight CDR2a
2024-11-14 08:52:48,496 - INFO - Processing rows 6525 to 6550 for swaps, peptide GILGFVFTL, weight CDR2a
2024-11-14 08:52:56,537 - INFO - Processing rows 6550 to 6575 for swaps, peptide GILGFVFTL, weight CDR2a
2024-11-14 08:53:04,576 - INFO - Processing rows 6575 to 6600 for swaps, peptide GILGFVFTL, weight CDR2a
2024-11-14 08:53:12,747 - INFO - Processing rows 6600 to 6625 for swaps, peptide GILGFVFTL, weight CDR2a
2024-11-14 08:53:20,714 - INFO - Processing rows 6625 to 6650 for swaps, peptide GILGFVFTL, weight CDR2a
2024-11-14 08:53:28,629 - INFO - Processing rows 6650 to 6675 for swaps, peptide GILGFVFTL, weight CDR2a
2024-11-14 08:53:36,506 - INFO - Processing rows 6675 to 6700 for swaps, peptide GILGFVFTL, weight CDR2a
2024-11-14 08:53:44,429 - INFO - Processing rows 6700 to 6725 for swaps, peptide GILGFVFTL, weight CDR2a
2024-11-14 08:53:52,146 - INFO - Processing rows 6725 to 6750 for swaps, peptide GILGFVFTL, weight CDR2a
2024-11-14 08:53:59,872 - INFO - Processing rows 6750 to 6775 for swaps, peptide GILGFVFTL, weight CDR2a
2024-11-14 08:54:07,602 - INFO - Processing rows 6775 to 6800 for swaps, peptide GILGFVFTL, weight CDR2a
2024-11-14 08:54:15,350 - INFO - Processing rows 6800 to 6825 for swaps, peptide GILGFVFTL, weight CDR2a
2024-11-14 08:54:23,121 - INFO - Processing rows 6825 to 6850 for swaps, peptide GILGFVFTL, weight CDR2a
2024-11-14 08:54:30,963 - INFO - Processing rows 6850 to 6875 for swaps, peptide GILGFVFTL, weight CDR2a
2024-11-14 08:54:38,954 - INFO - Processing rows 6875 to 6900 for swaps, peptide GILGFVFTL, weight CDR2a
2024-11-14 08:54:46,870 - INFO - Processing rows 6900 to 6925 for swaps, peptide GILGFVFTL, weight CDR2a
2024-11-14 08:54:54,742 - INFO - Processing rows 6925 to 6950 for swaps, peptide GILGFVFTL, weight CDR2a
2024-11-14 08:55:02,553 - INFO - Processing rows 6950 to 6975 for swaps, peptide GILGFVFTL, weight CDR2a
2024-11-14 08:55:10,253 - INFO - Processing rows 6975 to 6990 for swaps, peptide GILGFVFTL, weight CDR2a
2024-11-14 08:55:15,181 - INFO - ESM finished.. Saving file...
2024-11-14 09:23:31,603 - INFO - Saved to /net/mimer/mnt/tank/projects2/emison/language_model/27th_Oct_new_matrices/04.11_new_esm/12.11/sequence_summed_vectors_swaps_GILGFVFTL_CDR2a.csv
