2024-11-13 19:14:54,511 - INFO - Loading and filtering dataset for peptide GILGFVFTL
2024-11-13 19:15:00,493 - INFO - Processing dataset for peptide GILGFVFTL with weight CDR2b
2024-11-13 19:15:00,563 - INFO - Processing rows 0 to 25 for binders, peptide GILGFVFTL, weight CDR2b
2024-11-13 19:15:10,065 - INFO - Processing rows 25 to 50 for binders, peptide GILGFVFTL, weight CDR2b
2024-11-13 19:15:18,029 - INFO - Processing rows 50 to 75 for binders, peptide GILGFVFTL, weight CDR2b
2024-11-13 19:15:25,698 - INFO - Processing rows 75 to 100 for binders, peptide GILGFVFTL, weight CDR2b
2024-11-13 19:15:34,396 - INFO - Processing rows 100 to 125 for binders, peptide GILGFVFTL, weight CDR2b
2024-11-13 19:15:42,104 - INFO - Processing rows 125 to 150 for binders, peptide GILGFVFTL, weight CDR2b
2024-11-13 19:15:49,784 - INFO - Processing rows 150 to 175 for binders, peptide GILGFVFTL, weight CDR2b
2024-11-13 19:15:58,478 - INFO - Processing rows 175 to 200 for binders, peptide GILGFVFTL, weight CDR2b
2024-11-13 19:16:07,174 - INFO - Processing rows 200 to 225 for binders, peptide GILGFVFTL, weight CDR2b
2024-11-13 19:16:15,841 - INFO - Processing rows 225 to 250 for binders, peptide GILGFVFTL, weight CDR2b
2024-11-13 19:16:23,510 - INFO - Processing rows 250 to 275 for binders, peptide GILGFVFTL, weight CDR2b
2024-11-13 19:16:32,179 - INFO - Processing rows 275 to 300 for binders, peptide GILGFVFTL, weight CDR2b
2024-11-13 19:16:40,949 - INFO - Processing rows 300 to 325 for binders, peptide GILGFVFTL, weight CDR2b
2024-11-13 19:16:50,029 - INFO - Processing rows 325 to 350 for binders, peptide GILGFVFTL, weight CDR2b
2024-11-13 19:16:59,083 - INFO - Processing rows 350 to 375 for binders, peptide GILGFVFTL, weight CDR2b
2024-11-13 19:17:08,234 - INFO - Processing rows 375 to 400 for binders, peptide GILGFVFTL, weight CDR2b
2024-11-13 19:17:17,199 - INFO - Processing rows 400 to 425 for binders, peptide GILGFVFTL, weight CDR2b
2024-11-13 19:17:26,035 - INFO - Processing rows 425 to 450 for binders, peptide GILGFVFTL, weight CDR2b
2024-11-13 19:17:34,857 - INFO - Processing rows 450 to 475 for binders, peptide GILGFVFTL, weight CDR2b
2024-11-13 19:17:43,632 - INFO - Processing rows 475 to 500 for binders, peptide GILGFVFTL, weight CDR2b
2024-11-13 19:17:51,466 - INFO - Processing rows 500 to 525 for binders, peptide GILGFVFTL, weight CDR2b
2024-11-13 19:17:59,300 - INFO - Processing rows 525 to 550 for binders, peptide GILGFVFTL, weight CDR2b
2024-11-13 19:18:07,065 - INFO - Processing rows 550 to 575 for binders, peptide GILGFVFTL, weight CDR2b
2024-11-13 19:18:15,870 - INFO - Processing rows 575 to 600 for binders, peptide GILGFVFTL, weight CDR2b
2024-11-13 19:18:24,661 - INFO - Processing rows 600 to 625 for binders, peptide GILGFVFTL, weight CDR2b
2024-11-13 19:18:33,471 - INFO - Processing rows 625 to 650 for binders, peptide GILGFVFTL, weight CDR2b
2024-11-13 19:18:42,281 - INFO - Processing rows 650 to 675 for binders, peptide GILGFVFTL, weight CDR2b
2024-11-13 19:18:51,079 - INFO - Processing rows 675 to 700 for binders, peptide GILGFVFTL, weight CDR2b
2024-11-13 19:18:59,882 - INFO - Processing rows 700 to 725 for binders, peptide GILGFVFTL, weight CDR2b
2024-11-13 19:19:07,693 - INFO - Processing rows 725 to 750 for binders, peptide GILGFVFTL, weight CDR2b
2024-11-13 19:19:16,448 - INFO - Processing rows 750 to 775 for binders, peptide GILGFVFTL, weight CDR2b
2024-11-13 19:19:25,184 - INFO - Processing rows 775 to 800 for binders, peptide GILGFVFTL, weight CDR2b
2024-11-13 19:19:34,004 - INFO - Processing rows 800 to 825 for binders, peptide GILGFVFTL, weight CDR2b
2024-11-13 19:19:41,726 - INFO - Processing rows 825 to 850 for binders, peptide GILGFVFTL, weight CDR2b
2024-11-13 19:19:49,454 - INFO - Processing rows 850 to 875 for binders, peptide GILGFVFTL, weight CDR2b
2024-11-13 19:19:57,153 - INFO - Processing rows 875 to 900 for binders, peptide GILGFVFTL, weight CDR2b
2024-11-13 19:20:05,909 - INFO - Processing rows 900 to 925 for binders, peptide GILGFVFTL, weight CDR2b
2024-11-13 19:20:14,723 - INFO - Processing rows 925 to 950 for binders, peptide GILGFVFTL, weight CDR2b
2024-11-13 19:20:23,471 - INFO - Processing rows 950 to 975 for binders, peptide GILGFVFTL, weight CDR2b
2024-11-13 19:20:32,209 - INFO - Processing rows 975 to 1000 for binders, peptide GILGFVFTL, weight CDR2b
2024-11-13 19:20:41,044 - INFO - Processing rows 1000 to 1025 for binders, peptide GILGFVFTL, weight CDR2b
2024-11-13 19:20:49,394 - INFO - Processing rows 1025 to 1050 for binders, peptide GILGFVFTL, weight CDR2b
2024-11-13 19:21:03,511 - INFO - Processing rows 1050 to 1075 for binders, peptide GILGFVFTL, weight CDR2b
2024-11-13 19:21:11,286 - INFO - Processing rows 1075 to 1100 for binders, peptide GILGFVFTL, weight CDR2b
2024-11-13 19:21:19,789 - INFO - Processing rows 1100 to 1125 for binders, peptide GILGFVFTL, weight CDR2b
2024-11-13 19:21:27,268 - INFO - Processing rows 1125 to 1150 for binders, peptide GILGFVFTL, weight CDR2b
2024-11-13 19:21:43,027 - INFO - Processing rows 1150 to 1165 for binders, peptide GILGFVFTL, weight CDR2b
Traceback (most recent call last):
  File "/net/mimer/mnt/tank/projects2/emison/language_model/27th_Oct_new_matrices/04.11_new_esm/12.11/run_esm_binders.py", line 90, in <module>
    process_sequences(df_filtered, peptide, weight, "binders")
  File "/net/mimer/mnt/tank/projects2/emison/language_model/27th_Oct_new_matrices/04.11_new_esm/12.11/run_esm_binders.py", line 82, in process_sequences
    output_df.insert(0, "raw_index", raw_indexes)
  File "/home/projects2/emison/language_model/miniconda3/envs/esm2_emison/lib/python3.12/site-packages/pandas/core/frame.py", line 5171, in insert
    value, refs = self._sanitize_column(value)
                  ^^^^^^^^^^^^^^^^^^^^^^^^^^^^
  File "/home/projects2/emison/language_model/miniconda3/envs/esm2_emison/lib/python3.12/site-packages/pandas/core/frame.py", line 5266, in _sanitize_column
    com.require_length_match(value, self.index)
  File "/home/projects2/emison/language_model/miniconda3/envs/esm2_emison/lib/python3.12/site-packages/pandas/core/common.py", line 573, in require_length_match
    raise ValueError(
ValueError: Length of values (1165) does not match length of index (15)
