2024-11-14 08:18:43,600 - INFO - Loading and filtering dataset for peptide GILGFVFTL
2024-11-14 08:18:43,879 - INFO - Processing dataset for peptide GILGFVFTL with weight CDR1b
2024-11-14 08:18:43,880 - INFO - Processing rows 0 to 25 for swaps, peptide GILGFVFTL, weight CDR1b
2024-11-14 08:18:46,073 - INFO - Processing rows 25 to 50 for swaps, peptide GILGFVFTL, weight CDR1b
2024-11-14 08:18:48,212 - INFO - Processing rows 50 to 75 for swaps, peptide GILGFVFTL, weight CDR1b
2024-11-14 08:18:50,190 - INFO - Processing rows 75 to 100 for swaps, peptide GILGFVFTL, weight CDR1b
2024-11-14 08:18:51,950 - INFO - Processing rows 100 to 125 for swaps, peptide GILGFVFTL, weight CDR1b
2024-11-14 08:18:53,681 - INFO - Processing rows 125 to 150 for swaps, peptide GILGFVFTL, weight CDR1b
2024-11-14 08:18:55,484 - INFO - Processing rows 150 to 175 for swaps, peptide GILGFVFTL, weight CDR1b
2024-11-14 08:18:57,214 - INFO - Processing rows 175 to 200 for swaps, peptide GILGFVFTL, weight CDR1b
2024-11-14 08:18:59,062 - INFO - Processing rows 200 to 225 for swaps, peptide GILGFVFTL, weight CDR1b
2024-11-14 08:19:00,611 - INFO - Processing rows 225 to 250 for swaps, peptide GILGFVFTL, weight CDR1b
2024-11-14 08:19:02,307 - INFO - Processing rows 250 to 275 for swaps, peptide GILGFVFTL, weight CDR1b
2024-11-14 08:19:04,196 - INFO - Processing rows 275 to 300 for swaps, peptide GILGFVFTL, weight CDR1b
2024-11-14 08:19:05,904 - INFO - Processing rows 300 to 325 for swaps, peptide GILGFVFTL, weight CDR1b
2024-11-14 08:19:07,579 - INFO - Processing rows 325 to 350 for swaps, peptide GILGFVFTL, weight CDR1b
2024-11-14 08:19:09,098 - INFO - Processing rows 350 to 375 for swaps, peptide GILGFVFTL, weight CDR1b
2024-11-14 08:19:10,791 - INFO - Processing rows 375 to 400 for swaps, peptide GILGFVFTL, weight CDR1b
2024-11-14 08:19:12,617 - INFO - Processing rows 400 to 425 for swaps, peptide GILGFVFTL, weight CDR1b
2024-11-14 08:19:14,289 - INFO - Processing rows 425 to 450 for swaps, peptide GILGFVFTL, weight CDR1b
2024-11-14 08:19:15,921 - INFO - Processing rows 450 to 475 for swaps, peptide GILGFVFTL, weight CDR1b
2024-11-14 08:19:17,456 - INFO - Processing rows 475 to 500 for swaps, peptide GILGFVFTL, weight CDR1b
2024-11-14 08:19:19,154 - INFO - Processing rows 500 to 525 for swaps, peptide GILGFVFTL, weight CDR1b
2024-11-14 08:19:20,819 - INFO - Processing rows 525 to 550 for swaps, peptide GILGFVFTL, weight CDR1b
2024-11-14 08:19:22,321 - INFO - Processing rows 550 to 575 for swaps, peptide GILGFVFTL, weight CDR1b
2024-11-14 08:19:23,995 - INFO - Processing rows 575 to 600 for swaps, peptide GILGFVFTL, weight CDR1b
2024-11-14 08:19:25,811 - INFO - Processing rows 600 to 625 for swaps, peptide GILGFVFTL, weight CDR1b
2024-11-14 08:19:27,457 - INFO - Processing rows 625 to 650 for swaps, peptide GILGFVFTL, weight CDR1b
2024-11-14 08:19:29,238 - INFO - Processing rows 650 to 675 for swaps, peptide GILGFVFTL, weight CDR1b
2024-11-14 08:19:30,858 - INFO - Processing rows 675 to 700 for swaps, peptide GILGFVFTL, weight CDR1b
2024-11-14 08:19:32,492 - INFO - Processing rows 700 to 725 for swaps, peptide GILGFVFTL, weight CDR1b
2024-11-14 08:19:34,105 - INFO - Processing rows 725 to 750 for swaps, peptide GILGFVFTL, weight CDR1b
2024-11-14 08:19:35,767 - INFO - Processing rows 750 to 775 for swaps, peptide GILGFVFTL, weight CDR1b
2024-11-14 08:19:37,458 - INFO - Processing rows 775 to 800 for swaps, peptide GILGFVFTL, weight CDR1b
2024-11-14 08:19:39,113 - INFO - Processing rows 800 to 825 for swaps, peptide GILGFVFTL, weight CDR1b
2024-11-14 08:19:40,785 - INFO - Processing rows 825 to 850 for swaps, peptide GILGFVFTL, weight CDR1b
2024-11-14 08:19:42,430 - INFO - Processing rows 850 to 875 for swaps, peptide GILGFVFTL, weight CDR1b
2024-11-14 08:19:44,103 - INFO - Processing rows 875 to 900 for swaps, peptide GILGFVFTL, weight CDR1b
2024-11-14 08:19:45,749 - INFO - Processing rows 900 to 925 for swaps, peptide GILGFVFTL, weight CDR1b
2024-11-14 08:19:47,406 - INFO - Processing rows 925 to 950 for swaps, peptide GILGFVFTL, weight CDR1b
2024-11-14 08:19:49,096 - INFO - Processing rows 950 to 975 for swaps, peptide GILGFVFTL, weight CDR1b
2024-11-14 08:19:50,741 - INFO - Processing rows 975 to 1000 for swaps, peptide GILGFVFTL, weight CDR1b
2024-11-14 08:19:52,391 - INFO - Processing rows 1000 to 1025 for swaps, peptide GILGFVFTL, weight CDR1b
2024-11-14 08:19:54,085 - INFO - Processing rows 1025 to 1050 for swaps, peptide GILGFVFTL, weight CDR1b
2024-11-14 08:19:55,740 - INFO - Processing rows 1050 to 1075 for swaps, peptide GILGFVFTL, weight CDR1b
2024-11-14 08:19:57,449 - INFO - Processing rows 1075 to 1100 for swaps, peptide GILGFVFTL, weight CDR1b
2024-11-14 08:19:59,018 - INFO - Processing rows 1100 to 1125 for swaps, peptide GILGFVFTL, weight CDR1b
2024-11-14 08:20:00,758 - INFO - Processing rows 1125 to 1150 for swaps, peptide GILGFVFTL, weight CDR1b
2024-11-14 08:20:02,457 - INFO - Processing rows 1150 to 1175 for swaps, peptide GILGFVFTL, weight CDR1b
2024-11-14 08:20:03,997 - INFO - Processing rows 1175 to 1200 for swaps, peptide GILGFVFTL, weight CDR1b
2024-11-14 08:20:05,723 - INFO - Processing rows 1200 to 1225 for swaps, peptide GILGFVFTL, weight CDR1b
2024-11-14 08:20:07,267 - INFO - Processing rows 1225 to 1250 for swaps, peptide GILGFVFTL, weight CDR1b
2024-11-14 08:20:08,997 - INFO - Processing rows 1250 to 1275 for swaps, peptide GILGFVFTL, weight CDR1b
2024-11-14 08:20:10,783 - INFO - Processing rows 1275 to 1300 for swaps, peptide GILGFVFTL, weight CDR1b
2024-11-14 08:20:12,459 - INFO - Processing rows 1300 to 1325 for swaps, peptide GILGFVFTL, weight CDR1b
2024-11-14 08:20:14,133 - INFO - Processing rows 1325 to 1350 for swaps, peptide GILGFVFTL, weight CDR1b
2024-11-14 08:20:15,852 - INFO - Processing rows 1350 to 1375 for swaps, peptide GILGFVFTL, weight CDR1b
2024-11-14 08:20:17,530 - INFO - Processing rows 1375 to 1400 for swaps, peptide GILGFVFTL, weight CDR1b
2024-11-14 08:20:19,044 - INFO - Processing rows 1400 to 1425 for swaps, peptide GILGFVFTL, weight CDR1b
2024-11-14 08:20:20,774 - INFO - Processing rows 1425 to 1450 for swaps, peptide GILGFVFTL, weight CDR1b
2024-11-14 08:20:22,446 - INFO - Processing rows 1450 to 1475 for swaps, peptide GILGFVFTL, weight CDR1b
2024-11-14 08:20:24,130 - INFO - Processing rows 1475 to 1500 for swaps, peptide GILGFVFTL, weight CDR1b
2024-11-14 08:20:25,857 - INFO - Processing rows 1500 to 1525 for swaps, peptide GILGFVFTL, weight CDR1b
2024-11-14 08:20:27,532 - INFO - Processing rows 1525 to 1550 for swaps, peptide GILGFVFTL, weight CDR1b
2024-11-14 08:20:29,201 - INFO - Processing rows 1550 to 1575 for swaps, peptide GILGFVFTL, weight CDR1b
2024-11-14 08:20:30,899 - INFO - Processing rows 1575 to 1600 for swaps, peptide GILGFVFTL, weight CDR1b
2024-11-14 08:20:32,401 - INFO - Processing rows 1600 to 1625 for swaps, peptide GILGFVFTL, weight CDR1b
2024-11-14 08:20:34,070 - INFO - Processing rows 1625 to 1650 for swaps, peptide GILGFVFTL, weight CDR1b
2024-11-14 08:20:35,757 - INFO - Processing rows 1650 to 1675 for swaps, peptide GILGFVFTL, weight CDR1b
2024-11-14 08:20:37,427 - INFO - Processing rows 1675 to 1700 for swaps, peptide GILGFVFTL, weight CDR1b
2024-11-14 08:20:38,935 - INFO - Processing rows 1700 to 1725 for swaps, peptide GILGFVFTL, weight CDR1b
2024-11-14 08:20:40,449 - INFO - Processing rows 1725 to 1750 for swaps, peptide GILGFVFTL, weight CDR1b
2024-11-14 08:20:42,118 - INFO - Processing rows 1750 to 1775 for swaps, peptide GILGFVFTL, weight CDR1b
2024-11-14 08:20:43,796 - INFO - Processing rows 1775 to 1800 for swaps, peptide GILGFVFTL, weight CDR1b
2024-11-14 08:20:45,490 - INFO - Processing rows 1800 to 1825 for swaps, peptide GILGFVFTL, weight CDR1b
2024-11-14 08:20:47,167 - INFO - Processing rows 1825 to 1850 for swaps, peptide GILGFVFTL, weight CDR1b
2024-11-14 08:20:48,854 - INFO - Processing rows 1850 to 1875 for swaps, peptide GILGFVFTL, weight CDR1b
2024-11-14 08:20:50,528 - INFO - Processing rows 1875 to 1900 for swaps, peptide GILGFVFTL, weight CDR1b
2024-11-14 08:20:52,206 - INFO - Processing rows 1900 to 1925 for swaps, peptide GILGFVFTL, weight CDR1b
2024-11-14 08:20:53,884 - INFO - Processing rows 1925 to 1950 for swaps, peptide GILGFVFTL, weight CDR1b
2024-11-14 08:20:55,585 - INFO - Processing rows 1950 to 1975 for swaps, peptide GILGFVFTL, weight CDR1b
2024-11-14 08:20:57,276 - INFO - Processing rows 1975 to 2000 for swaps, peptide GILGFVFTL, weight CDR1b
2024-11-14 08:20:58,980 - INFO - Processing rows 2000 to 2025 for swaps, peptide GILGFVFTL, weight CDR1b
2024-11-14 08:21:00,690 - INFO - Processing rows 2025 to 2050 for swaps, peptide GILGFVFTL, weight CDR1b
2024-11-14 08:21:02,406 - INFO - Processing rows 2050 to 2075 for swaps, peptide GILGFVFTL, weight CDR1b
2024-11-14 08:21:04,105 - INFO - Processing rows 2075 to 2100 for swaps, peptide GILGFVFTL, weight CDR1b
2024-11-14 08:21:05,803 - INFO - Processing rows 2100 to 2125 for swaps, peptide GILGFVFTL, weight CDR1b
2024-11-14 08:21:07,501 - INFO - Processing rows 2125 to 2150 for swaps, peptide GILGFVFTL, weight CDR1b
2024-11-14 08:21:09,035 - INFO - Processing rows 2150 to 2175 for swaps, peptide GILGFVFTL, weight CDR1b
2024-11-14 08:21:10,718 - INFO - Processing rows 2175 to 2200 for swaps, peptide GILGFVFTL, weight CDR1b
2024-11-14 08:21:12,404 - INFO - Processing rows 2200 to 2225 for swaps, peptide GILGFVFTL, weight CDR1b
2024-11-14 08:21:14,082 - INFO - Processing rows 2225 to 2250 for swaps, peptide GILGFVFTL, weight CDR1b
2024-11-14 08:21:15,750 - INFO - Processing rows 2250 to 2275 for swaps, peptide GILGFVFTL, weight CDR1b
2024-11-14 08:21:17,419 - INFO - Processing rows 2275 to 2300 for swaps, peptide GILGFVFTL, weight CDR1b
2024-11-14 08:21:19,105 - INFO - Processing rows 2300 to 2325 for swaps, peptide GILGFVFTL, weight CDR1b
2024-11-14 08:21:20,783 - INFO - Processing rows 2325 to 2350 for swaps, peptide GILGFVFTL, weight CDR1b
2024-11-14 08:21:22,462 - INFO - Processing rows 2350 to 2375 for swaps, peptide GILGFVFTL, weight CDR1b
2024-11-14 08:21:24,152 - INFO - Processing rows 2375 to 2400 for swaps, peptide GILGFVFTL, weight CDR1b
2024-11-14 08:21:25,653 - INFO - Processing rows 2400 to 2425 for swaps, peptide GILGFVFTL, weight CDR1b
2024-11-14 08:21:27,330 - INFO - Processing rows 2425 to 2450 for swaps, peptide GILGFVFTL, weight CDR1b
2024-11-14 08:21:29,010 - INFO - Processing rows 2450 to 2475 for swaps, peptide GILGFVFTL, weight CDR1b
2024-11-14 08:21:30,671 - INFO - Processing rows 2475 to 2500 for swaps, peptide GILGFVFTL, weight CDR1b
2024-11-14 08:21:32,331 - INFO - Processing rows 2500 to 2525 for swaps, peptide GILGFVFTL, weight CDR1b
2024-11-14 08:21:33,978 - INFO - Processing rows 2525 to 2550 for swaps, peptide GILGFVFTL, weight CDR1b
2024-11-14 08:21:35,641 - INFO - Processing rows 2550 to 2575 for swaps, peptide GILGFVFTL, weight CDR1b
2024-11-14 08:21:37,294 - INFO - Processing rows 2575 to 2600 for swaps, peptide GILGFVFTL, weight CDR1b
2024-11-14 08:21:38,954 - INFO - Processing rows 2600 to 2625 for swaps, peptide GILGFVFTL, weight CDR1b
2024-11-14 08:21:40,625 - INFO - Processing rows 2625 to 2650 for swaps, peptide GILGFVFTL, weight CDR1b
2024-11-14 08:21:42,261 - INFO - Processing rows 2650 to 2675 for swaps, peptide GILGFVFTL, weight CDR1b
2024-11-14 08:21:43,888 - INFO - Processing rows 2675 to 2700 for swaps, peptide GILGFVFTL, weight CDR1b
2024-11-14 08:21:45,520 - INFO - Processing rows 2700 to 2725 for swaps, peptide GILGFVFTL, weight CDR1b
2024-11-14 08:21:47,174 - INFO - Processing rows 2725 to 2750 for swaps, peptide GILGFVFTL, weight CDR1b
2024-11-14 08:21:48,817 - INFO - Processing rows 2750 to 2775 for swaps, peptide GILGFVFTL, weight CDR1b
2024-11-14 08:21:50,491 - INFO - Processing rows 2775 to 2800 for swaps, peptide GILGFVFTL, weight CDR1b
2024-11-14 08:21:52,157 - INFO - Processing rows 2800 to 2825 for swaps, peptide GILGFVFTL, weight CDR1b
2024-11-14 08:21:53,795 - INFO - Processing rows 2825 to 2850 for swaps, peptide GILGFVFTL, weight CDR1b
2024-11-14 08:21:55,490 - INFO - Processing rows 2850 to 2875 for swaps, peptide GILGFVFTL, weight CDR1b
2024-11-14 08:21:57,152 - INFO - Processing rows 2875 to 2900 for swaps, peptide GILGFVFTL, weight CDR1b
2024-11-14 08:21:58,815 - INFO - Processing rows 2900 to 2925 for swaps, peptide GILGFVFTL, weight CDR1b
2024-11-14 08:22:00,509 - INFO - Processing rows 2925 to 2950 for swaps, peptide GILGFVFTL, weight CDR1b
2024-11-14 08:22:02,141 - INFO - Processing rows 2950 to 2975 for swaps, peptide GILGFVFTL, weight CDR1b
2024-11-14 08:22:03,772 - INFO - Processing rows 2975 to 3000 for swaps, peptide GILGFVFTL, weight CDR1b
2024-11-14 08:22:05,456 - INFO - Processing rows 3000 to 3025 for swaps, peptide GILGFVFTL, weight CDR1b
2024-11-14 08:22:06,941 - INFO - Processing rows 3025 to 3050 for swaps, peptide GILGFVFTL, weight CDR1b
2024-11-14 08:22:08,595 - INFO - Processing rows 3050 to 3075 for swaps, peptide GILGFVFTL, weight CDR1b
2024-11-14 08:22:10,268 - INFO - Processing rows 3075 to 3100 for swaps, peptide GILGFVFTL, weight CDR1b
2024-11-14 08:22:11,973 - INFO - Processing rows 3100 to 3125 for swaps, peptide GILGFVFTL, weight CDR1b
2024-11-14 08:22:13,628 - INFO - Processing rows 3125 to 3150 for swaps, peptide GILGFVFTL, weight CDR1b
2024-11-14 08:22:15,298 - INFO - Processing rows 3150 to 3175 for swaps, peptide GILGFVFTL, weight CDR1b
2024-11-14 08:22:17,008 - INFO - Processing rows 3175 to 3200 for swaps, peptide GILGFVFTL, weight CDR1b
2024-11-14 08:22:18,641 - INFO - Processing rows 3200 to 3225 for swaps, peptide GILGFVFTL, weight CDR1b
2024-11-14 08:22:20,275 - INFO - Processing rows 3225 to 3250 for swaps, peptide GILGFVFTL, weight CDR1b
2024-11-14 08:22:21,778 - INFO - Processing rows 3250 to 3275 for swaps, peptide GILGFVFTL, weight CDR1b
2024-11-14 08:22:23,409 - INFO - Processing rows 3275 to 3300 for swaps, peptide GILGFVFTL, weight CDR1b
2024-11-14 08:22:24,888 - INFO - Processing rows 3300 to 3325 for swaps, peptide GILGFVFTL, weight CDR1b
2024-11-14 08:22:26,548 - INFO - Processing rows 3325 to 3350 for swaps, peptide GILGFVFTL, weight CDR1b
2024-11-14 08:22:28,177 - INFO - Processing rows 3350 to 3375 for swaps, peptide GILGFVFTL, weight CDR1b
2024-11-14 08:22:29,821 - INFO - Processing rows 3375 to 3400 for swaps, peptide GILGFVFTL, weight CDR1b
2024-11-14 08:22:31,359 - INFO - Processing rows 3400 to 3425 for swaps, peptide GILGFVFTL, weight CDR1b
2024-11-14 08:22:32,992 - INFO - Processing rows 3425 to 3450 for swaps, peptide GILGFVFTL, weight CDR1b
2024-11-14 08:22:34,649 - INFO - Processing rows 3450 to 3475 for swaps, peptide GILGFVFTL, weight CDR1b
2024-11-14 08:22:36,173 - INFO - Processing rows 3475 to 3500 for swaps, peptide GILGFVFTL, weight CDR1b
2024-11-14 08:22:37,879 - INFO - Processing rows 3500 to 3525 for swaps, peptide GILGFVFTL, weight CDR1b
2024-11-14 08:22:39,537 - INFO - Processing rows 3525 to 3550 for swaps, peptide GILGFVFTL, weight CDR1b
2024-11-14 08:22:41,210 - INFO - Processing rows 3550 to 3575 for swaps, peptide GILGFVFTL, weight CDR1b
2024-11-14 08:22:42,876 - INFO - Processing rows 3575 to 3600 for swaps, peptide GILGFVFTL, weight CDR1b
2024-11-14 08:22:44,536 - INFO - Processing rows 3600 to 3625 for swaps, peptide GILGFVFTL, weight CDR1b
2024-11-14 08:22:46,223 - INFO - Processing rows 3625 to 3650 for swaps, peptide GILGFVFTL, weight CDR1b
2024-11-14 08:22:47,885 - INFO - Processing rows 3650 to 3675 for swaps, peptide GILGFVFTL, weight CDR1b
2024-11-14 08:22:49,528 - INFO - Processing rows 3675 to 3700 for swaps, peptide GILGFVFTL, weight CDR1b
2024-11-14 08:22:51,196 - INFO - Processing rows 3700 to 3725 for swaps, peptide GILGFVFTL, weight CDR1b
2024-11-14 08:22:52,818 - INFO - Processing rows 3725 to 3750 for swaps, peptide GILGFVFTL, weight CDR1b
2024-11-14 08:22:54,279 - INFO - Processing rows 3750 to 3775 for swaps, peptide GILGFVFTL, weight CDR1b
2024-11-14 08:22:55,951 - INFO - Processing rows 3775 to 3800 for swaps, peptide GILGFVFTL, weight CDR1b
2024-11-14 08:22:57,572 - INFO - Processing rows 3800 to 3825 for swaps, peptide GILGFVFTL, weight CDR1b
2024-11-14 08:22:59,216 - INFO - Processing rows 3825 to 3850 for swaps, peptide GILGFVFTL, weight CDR1b
2024-11-14 08:23:00,894 - INFO - Processing rows 3850 to 3875 for swaps, peptide GILGFVFTL, weight CDR1b
2024-11-14 08:23:02,508 - INFO - Processing rows 3875 to 3900 for swaps, peptide GILGFVFTL, weight CDR1b
2024-11-14 08:23:04,161 - INFO - Processing rows 3900 to 3925 for swaps, peptide GILGFVFTL, weight CDR1b
2024-11-14 08:23:05,799 - INFO - Processing rows 3925 to 3950 for swaps, peptide GILGFVFTL, weight CDR1b
2024-11-14 08:23:07,306 - INFO - Processing rows 3950 to 3975 for swaps, peptide GILGFVFTL, weight CDR1b
2024-11-14 08:23:08,937 - INFO - Processing rows 3975 to 4000 for swaps, peptide GILGFVFTL, weight CDR1b
2024-11-14 08:23:10,570 - INFO - Processing rows 4000 to 4025 for swaps, peptide GILGFVFTL, weight CDR1b
2024-11-14 08:23:12,241 - INFO - Processing rows 4025 to 4050 for swaps, peptide GILGFVFTL, weight CDR1b
2024-11-14 08:23:13,870 - INFO - Processing rows 4050 to 4075 for swaps, peptide GILGFVFTL, weight CDR1b
2024-11-14 08:23:15,503 - INFO - Processing rows 4075 to 4100 for swaps, peptide GILGFVFTL, weight CDR1b
2024-11-14 08:23:17,019 - INFO - Processing rows 4100 to 4125 for swaps, peptide GILGFVFTL, weight CDR1b
2024-11-14 08:23:18,645 - INFO - Processing rows 4125 to 4150 for swaps, peptide GILGFVFTL, weight CDR1b
2024-11-14 08:23:20,278 - INFO - Processing rows 4150 to 4175 for swaps, peptide GILGFVFTL, weight CDR1b
2024-11-14 08:23:21,970 - INFO - Processing rows 4175 to 4200 for swaps, peptide GILGFVFTL, weight CDR1b
2024-11-14 08:23:23,603 - INFO - Processing rows 4200 to 4225 for swaps, peptide GILGFVFTL, weight CDR1b
2024-11-14 08:23:25,215 - INFO - Processing rows 4225 to 4250 for swaps, peptide GILGFVFTL, weight CDR1b
2024-11-14 08:23:26,879 - INFO - Processing rows 4250 to 4275 for swaps, peptide GILGFVFTL, weight CDR1b
2024-11-14 08:23:28,514 - INFO - Processing rows 4275 to 4300 for swaps, peptide GILGFVFTL, weight CDR1b
2024-11-14 08:23:30,131 - INFO - Processing rows 4300 to 4325 for swaps, peptide GILGFVFTL, weight CDR1b
2024-11-14 08:23:31,748 - INFO - Processing rows 4325 to 4350 for swaps, peptide GILGFVFTL, weight CDR1b
2024-11-14 08:23:33,415 - INFO - Processing rows 4350 to 4375 for swaps, peptide GILGFVFTL, weight CDR1b
2024-11-14 08:23:35,040 - INFO - Processing rows 4375 to 4400 for swaps, peptide GILGFVFTL, weight CDR1b
2024-11-14 08:23:36,512 - INFO - Processing rows 4400 to 4425 for swaps, peptide GILGFVFTL, weight CDR1b
2024-11-14 08:23:38,153 - INFO - Processing rows 4425 to 4450 for swaps, peptide GILGFVFTL, weight CDR1b
2024-11-14 08:23:39,785 - INFO - Processing rows 4450 to 4475 for swaps, peptide GILGFVFTL, weight CDR1b
2024-11-14 08:23:41,400 - INFO - Processing rows 4475 to 4500 for swaps, peptide GILGFVFTL, weight CDR1b
2024-11-14 08:23:43,025 - INFO - Processing rows 4500 to 4525 for swaps, peptide GILGFVFTL, weight CDR1b
2024-11-14 08:23:44,646 - INFO - Processing rows 4525 to 4550 for swaps, peptide GILGFVFTL, weight CDR1b
2024-11-14 08:23:46,262 - INFO - Processing rows 4550 to 4575 for swaps, peptide GILGFVFTL, weight CDR1b
2024-11-14 08:23:47,874 - INFO - Processing rows 4575 to 4600 for swaps, peptide GILGFVFTL, weight CDR1b
2024-11-14 08:23:49,340 - INFO - Processing rows 4600 to 4625 for swaps, peptide GILGFVFTL, weight CDR1b
2024-11-14 08:23:50,956 - INFO - Processing rows 4625 to 4650 for swaps, peptide GILGFVFTL, weight CDR1b
2024-11-14 08:23:52,602 - INFO - Processing rows 4650 to 4675 for swaps, peptide GILGFVFTL, weight CDR1b
2024-11-14 08:23:54,210 - INFO - Processing rows 4675 to 4700 for swaps, peptide GILGFVFTL, weight CDR1b
2024-11-14 08:23:55,829 - INFO - Processing rows 4700 to 4725 for swaps, peptide GILGFVFTL, weight CDR1b
2024-11-14 08:23:57,456 - INFO - Processing rows 4725 to 4750 for swaps, peptide GILGFVFTL, weight CDR1b
2024-11-14 08:23:59,066 - INFO - Processing rows 4750 to 4775 for swaps, peptide GILGFVFTL, weight CDR1b
2024-11-14 08:24:00,671 - INFO - Processing rows 4775 to 4800 for swaps, peptide GILGFVFTL, weight CDR1b
2024-11-14 08:24:02,306 - INFO - Processing rows 4800 to 4825 for swaps, peptide GILGFVFTL, weight CDR1b
2024-11-14 08:24:03,927 - INFO - Processing rows 4825 to 4850 for swaps, peptide GILGFVFTL, weight CDR1b
2024-11-14 08:24:05,529 - INFO - Processing rows 4850 to 4875 for swaps, peptide GILGFVFTL, weight CDR1b
2024-11-14 08:24:07,115 - INFO - Processing rows 4875 to 4900 for swaps, peptide GILGFVFTL, weight CDR1b
2024-11-14 08:24:08,761 - INFO - Processing rows 4900 to 4925 for swaps, peptide GILGFVFTL, weight CDR1b
2024-11-14 08:24:10,382 - INFO - Processing rows 4925 to 4950 for swaps, peptide GILGFVFTL, weight CDR1b
2024-11-14 08:24:12,009 - INFO - Processing rows 4950 to 4975 for swaps, peptide GILGFVFTL, weight CDR1b
2024-11-14 08:24:13,619 - INFO - Processing rows 4975 to 5000 for swaps, peptide GILGFVFTL, weight CDR1b
2024-11-14 08:24:15,258 - INFO - Processing rows 5000 to 5025 for swaps, peptide GILGFVFTL, weight CDR1b
2024-11-14 08:24:16,873 - INFO - Processing rows 5025 to 5050 for swaps, peptide GILGFVFTL, weight CDR1b
2024-11-14 08:24:18,479 - INFO - Processing rows 5050 to 5075 for swaps, peptide GILGFVFTL, weight CDR1b
2024-11-14 08:24:20,084 - INFO - Processing rows 5075 to 5100 for swaps, peptide GILGFVFTL, weight CDR1b
2024-11-14 08:24:21,695 - INFO - Processing rows 5100 to 5125 for swaps, peptide GILGFVFTL, weight CDR1b
2024-11-14 08:24:23,307 - INFO - Processing rows 5125 to 5150 for swaps, peptide GILGFVFTL, weight CDR1b
2024-11-14 08:24:24,914 - INFO - Processing rows 5150 to 5175 for swaps, peptide GILGFVFTL, weight CDR1b
2024-11-14 08:24:26,506 - INFO - Processing rows 5175 to 5200 for swaps, peptide GILGFVFTL, weight CDR1b
2024-11-14 08:24:27,971 - INFO - Processing rows 5200 to 5225 for swaps, peptide GILGFVFTL, weight CDR1b
2024-11-14 08:24:29,605 - INFO - Processing rows 5225 to 5250 for swaps, peptide GILGFVFTL, weight CDR1b
2024-11-14 08:24:31,264 - INFO - Processing rows 5250 to 5275 for swaps, peptide GILGFVFTL, weight CDR1b
2024-11-14 08:24:32,907 - INFO - Processing rows 5275 to 5300 for swaps, peptide GILGFVFTL, weight CDR1b
2024-11-14 08:24:34,379 - INFO - Processing rows 5300 to 5325 for swaps, peptide GILGFVFTL, weight CDR1b
2024-11-14 08:24:36,060 - INFO - Processing rows 5325 to 5350 for swaps, peptide GILGFVFTL, weight CDR1b
2024-11-14 08:24:37,713 - INFO - Processing rows 5350 to 5375 for swaps, peptide GILGFVFTL, weight CDR1b
2024-11-14 08:24:39,339 - INFO - Processing rows 5375 to 5400 for swaps, peptide GILGFVFTL, weight CDR1b
2024-11-14 08:24:40,976 - INFO - Processing rows 5400 to 5425 for swaps, peptide GILGFVFTL, weight CDR1b
2024-11-14 08:24:42,640 - INFO - Processing rows 5425 to 5450 for swaps, peptide GILGFVFTL, weight CDR1b
2024-11-14 08:24:44,263 - INFO - Processing rows 5450 to 5475 for swaps, peptide GILGFVFTL, weight CDR1b
2024-11-14 08:24:45,890 - INFO - Processing rows 5475 to 5500 for swaps, peptide GILGFVFTL, weight CDR1b
2024-11-14 08:24:47,414 - INFO - Processing rows 5500 to 5525 for swaps, peptide GILGFVFTL, weight CDR1b
2024-11-14 08:24:48,889 - INFO - Processing rows 5525 to 5550 for swaps, peptide GILGFVFTL, weight CDR1b
2024-11-14 08:24:50,522 - INFO - Processing rows 5550 to 5575 for swaps, peptide GILGFVFTL, weight CDR1b
2024-11-14 08:24:52,226 - INFO - Processing rows 5575 to 5600 for swaps, peptide GILGFVFTL, weight CDR1b
2024-11-14 08:24:53,867 - INFO - Processing rows 5600 to 5625 for swaps, peptide GILGFVFTL, weight CDR1b
2024-11-14 08:24:55,515 - INFO - Processing rows 5625 to 5650 for swaps, peptide GILGFVFTL, weight CDR1b
2024-11-14 08:24:57,216 - INFO - Processing rows 5650 to 5675 for swaps, peptide GILGFVFTL, weight CDR1b
2024-11-14 08:24:58,868 - INFO - Processing rows 5675 to 5700 for swaps, peptide GILGFVFTL, weight CDR1b
2024-11-14 08:25:00,519 - INFO - Processing rows 5700 to 5725 for swaps, peptide GILGFVFTL, weight CDR1b
2024-11-14 08:25:02,205 - INFO - Processing rows 5725 to 5750 for swaps, peptide GILGFVFTL, weight CDR1b
2024-11-14 08:25:03,855 - INFO - Processing rows 5750 to 5775 for swaps, peptide GILGFVFTL, weight CDR1b
2024-11-14 08:25:05,502 - INFO - Processing rows 5775 to 5800 for swaps, peptide GILGFVFTL, weight CDR1b
2024-11-14 08:25:07,165 - INFO - Processing rows 5800 to 5825 for swaps, peptide GILGFVFTL, weight CDR1b
2024-11-14 08:25:08,858 - INFO - Processing rows 5825 to 5850 for swaps, peptide GILGFVFTL, weight CDR1b
2024-11-14 08:25:10,500 - INFO - Processing rows 5850 to 5875 for swaps, peptide GILGFVFTL, weight CDR1b
2024-11-14 08:25:12,145 - INFO - Processing rows 5875 to 5900 for swaps, peptide GILGFVFTL, weight CDR1b
2024-11-14 08:25:13,830 - INFO - Processing rows 5900 to 5925 for swaps, peptide GILGFVFTL, weight CDR1b
2024-11-14 08:25:15,470 - INFO - Processing rows 5925 to 5950 for swaps, peptide GILGFVFTL, weight CDR1b
2024-11-14 08:25:17,113 - INFO - Processing rows 5950 to 5975 for swaps, peptide GILGFVFTL, weight CDR1b
2024-11-14 08:25:18,618 - INFO - Processing rows 5975 to 6000 for swaps, peptide GILGFVFTL, weight CDR1b
2024-11-14 08:25:20,244 - INFO - Processing rows 6000 to 6025 for swaps, peptide GILGFVFTL, weight CDR1b
2024-11-14 08:25:21,863 - INFO - Processing rows 6025 to 6050 for swaps, peptide GILGFVFTL, weight CDR1b
2024-11-14 08:25:23,509 - INFO - Processing rows 6050 to 6075 for swaps, peptide GILGFVFTL, weight CDR1b
2024-11-14 08:25:25,132 - INFO - Processing rows 6075 to 6100 for swaps, peptide GILGFVFTL, weight CDR1b
2024-11-14 08:25:26,769 - INFO - Processing rows 6100 to 6125 for swaps, peptide GILGFVFTL, weight CDR1b
2024-11-14 08:25:28,410 - INFO - Processing rows 6125 to 6150 for swaps, peptide GILGFVFTL, weight CDR1b
2024-11-14 08:25:30,037 - INFO - Processing rows 6150 to 6175 for swaps, peptide GILGFVFTL, weight CDR1b
2024-11-14 08:25:31,697 - INFO - Processing rows 6175 to 6200 for swaps, peptide GILGFVFTL, weight CDR1b
2024-11-14 08:25:33,328 - INFO - Processing rows 6200 to 6225 for swaps, peptide GILGFVFTL, weight CDR1b
2024-11-14 08:25:35,005 - INFO - Processing rows 6225 to 6250 for swaps, peptide GILGFVFTL, weight CDR1b
2024-11-14 08:25:36,678 - INFO - Processing rows 6250 to 6275 for swaps, peptide GILGFVFTL, weight CDR1b
2024-11-14 08:25:38,345 - INFO - Processing rows 6275 to 6300 for swaps, peptide GILGFVFTL, weight CDR1b
2024-11-14 08:25:39,815 - INFO - Processing rows 6300 to 6325 for swaps, peptide GILGFVFTL, weight CDR1b
2024-11-14 08:25:41,435 - INFO - Processing rows 6325 to 6350 for swaps, peptide GILGFVFTL, weight CDR1b
2024-11-14 08:25:43,121 - INFO - Processing rows 6350 to 6375 for swaps, peptide GILGFVFTL, weight CDR1b
2024-11-14 08:25:44,755 - INFO - Processing rows 6375 to 6400 for swaps, peptide GILGFVFTL, weight CDR1b
2024-11-14 08:25:46,392 - INFO - Processing rows 6400 to 6425 for swaps, peptide GILGFVFTL, weight CDR1b
2024-11-14 08:25:48,071 - INFO - Processing rows 6425 to 6450 for swaps, peptide GILGFVFTL, weight CDR1b
2024-11-14 08:25:49,711 - INFO - Processing rows 6450 to 6475 for swaps, peptide GILGFVFTL, weight CDR1b
2024-11-14 08:25:51,349 - INFO - Processing rows 6475 to 6500 for swaps, peptide GILGFVFTL, weight CDR1b
2024-11-14 08:25:53,028 - INFO - Processing rows 6500 to 6525 for swaps, peptide GILGFVFTL, weight CDR1b
2024-11-14 08:25:54,658 - INFO - Processing rows 6525 to 6550 for swaps, peptide GILGFVFTL, weight CDR1b
2024-11-14 08:25:56,305 - INFO - Processing rows 6550 to 6575 for swaps, peptide GILGFVFTL, weight CDR1b
2024-11-14 08:25:57,976 - INFO - Processing rows 6575 to 6600 for swaps, peptide GILGFVFTL, weight CDR1b
2024-11-14 08:25:59,595 - INFO - Processing rows 6600 to 6625 for swaps, peptide GILGFVFTL, weight CDR1b
2024-11-14 08:26:01,219 - INFO - Processing rows 6625 to 6650 for swaps, peptide GILGFVFTL, weight CDR1b
2024-11-14 08:26:02,848 - INFO - Processing rows 6650 to 6675 for swaps, peptide GILGFVFTL, weight CDR1b
2024-11-14 08:26:04,509 - INFO - Processing rows 6675 to 6700 for swaps, peptide GILGFVFTL, weight CDR1b
2024-11-14 08:26:06,143 - INFO - Processing rows 6700 to 6725 for swaps, peptide GILGFVFTL, weight CDR1b
2024-11-14 08:26:07,614 - INFO - Processing rows 6725 to 6750 for swaps, peptide GILGFVFTL, weight CDR1b
2024-11-14 08:26:09,133 - INFO - Processing rows 6750 to 6775 for swaps, peptide GILGFVFTL, weight CDR1b
2024-11-14 08:26:10,601 - INFO - Processing rows 6775 to 6800 for swaps, peptide GILGFVFTL, weight CDR1b
2024-11-14 08:26:12,258 - INFO - Processing rows 6800 to 6825 for swaps, peptide GILGFVFTL, weight CDR1b
2024-11-14 08:26:13,921 - INFO - Processing rows 6825 to 6850 for swaps, peptide GILGFVFTL, weight CDR1b
2024-11-14 08:26:15,547 - INFO - Processing rows 6850 to 6875 for swaps, peptide GILGFVFTL, weight CDR1b
2024-11-14 08:26:17,166 - INFO - Processing rows 6875 to 6900 for swaps, peptide GILGFVFTL, weight CDR1b
2024-11-14 08:26:18,667 - INFO - Processing rows 6900 to 6925 for swaps, peptide GILGFVFTL, weight CDR1b
2024-11-14 08:26:20,310 - INFO - Processing rows 6925 to 6950 for swaps, peptide GILGFVFTL, weight CDR1b
2024-11-14 08:26:21,924 - INFO - Processing rows 6950 to 6975 for swaps, peptide GILGFVFTL, weight CDR1b
2024-11-14 08:26:23,541 - INFO - Processing rows 6975 to 6990 for swaps, peptide GILGFVFTL, weight CDR1b
2024-11-14 08:26:24,623 - INFO - ESM finished.. Saving file...
2024-11-14 08:34:19,027 - INFO - Saved to /net/mimer/mnt/tank/projects2/emison/language_model/27th_Oct_new_matrices/04.11_new_esm/12.11/sequence_summed_vectors_swaps_GILGFVFTL_CDR1b.csv
