2024-11-14 07:56:02,785 - INFO - Loading and filtering dataset for peptide GILGFVFTL
2024-11-14 07:56:02,865 - INFO - Processing dataset for peptide GILGFVFTL with weight CDR1b
2024-11-14 07:56:02,867 - INFO - Processing rows 0 to 25 for binders, peptide GILGFVFTL, weight CDR1b
2024-11-14 07:56:07,527 - INFO - Processing rows 25 to 50 for binders, peptide GILGFVFTL, weight CDR1b
2024-11-14 07:56:09,956 - INFO - Processing rows 50 to 75 for binders, peptide GILGFVFTL, weight CDR1b
2024-11-14 07:56:12,355 - INFO - Processing rows 75 to 100 for binders, peptide GILGFVFTL, weight CDR1b
2024-11-14 07:56:15,073 - INFO - Processing rows 100 to 125 for binders, peptide GILGFVFTL, weight CDR1b
2024-11-14 07:56:17,554 - INFO - Processing rows 125 to 150 for binders, peptide GILGFVFTL, weight CDR1b
2024-11-14 07:56:19,986 - INFO - Processing rows 150 to 175 for binders, peptide GILGFVFTL, weight CDR1b
2024-11-14 07:56:22,599 - INFO - Processing rows 175 to 200 for binders, peptide GILGFVFTL, weight CDR1b
2024-11-14 07:56:25,289 - INFO - Processing rows 200 to 225 for binders, peptide GILGFVFTL, weight CDR1b
2024-11-14 07:56:27,888 - INFO - Processing rows 225 to 250 for binders, peptide GILGFVFTL, weight CDR1b
2024-11-14 07:56:30,342 - INFO - Processing rows 250 to 275 for binders, peptide GILGFVFTL, weight CDR1b
2024-11-14 07:56:33,263 - INFO - Processing rows 275 to 300 for binders, peptide GILGFVFTL, weight CDR1b
2024-11-14 07:56:35,961 - INFO - Processing rows 300 to 325 for binders, peptide GILGFVFTL, weight CDR1b
2024-11-14 07:56:38,343 - INFO - Processing rows 325 to 350 for binders, peptide GILGFVFTL, weight CDR1b
2024-11-14 07:56:41,087 - INFO - Processing rows 350 to 375 for binders, peptide GILGFVFTL, weight CDR1b
2024-11-14 07:56:43,738 - INFO - Processing rows 375 to 400 for binders, peptide GILGFVFTL, weight CDR1b
2024-11-14 07:56:46,504 - INFO - Processing rows 400 to 425 for binders, peptide GILGFVFTL, weight CDR1b
2024-11-14 07:56:49,326 - INFO - Processing rows 425 to 450 for binders, peptide GILGFVFTL, weight CDR1b
2024-11-14 07:56:52,194 - INFO - Processing rows 450 to 475 for binders, peptide GILGFVFTL, weight CDR1b
2024-11-14 07:56:54,962 - INFO - Processing rows 475 to 500 for binders, peptide GILGFVFTL, weight CDR1b
2024-11-14 07:56:57,546 - INFO - Processing rows 500 to 525 for binders, peptide GILGFVFTL, weight CDR1b
2024-11-14 07:57:00,050 - INFO - Processing rows 525 to 550 for binders, peptide GILGFVFTL, weight CDR1b
2024-11-14 07:57:02,572 - INFO - Processing rows 550 to 575 for binders, peptide GILGFVFTL, weight CDR1b
2024-11-14 07:57:05,288 - INFO - Processing rows 575 to 600 for binders, peptide GILGFVFTL, weight CDR1b
2024-11-14 07:57:07,996 - INFO - Processing rows 600 to 625 for binders, peptide GILGFVFTL, weight CDR1b
2024-11-14 07:57:10,732 - INFO - Processing rows 625 to 650 for binders, peptide GILGFVFTL, weight CDR1b
2024-11-14 07:57:13,397 - INFO - Processing rows 650 to 675 for binders, peptide GILGFVFTL, weight CDR1b
2024-11-14 07:57:16,105 - INFO - Processing rows 675 to 700 for binders, peptide GILGFVFTL, weight CDR1b
2024-11-14 07:57:18,762 - INFO - Processing rows 700 to 725 for binders, peptide GILGFVFTL, weight CDR1b
2024-11-14 07:57:21,405 - INFO - Processing rows 725 to 750 for binders, peptide GILGFVFTL, weight CDR1b
2024-11-14 07:57:24,092 - INFO - Processing rows 750 to 775 for binders, peptide GILGFVFTL, weight CDR1b
2024-11-14 07:57:26,781 - INFO - Processing rows 775 to 800 for binders, peptide GILGFVFTL, weight CDR1b
2024-11-14 07:57:29,527 - INFO - Processing rows 800 to 825 for binders, peptide GILGFVFTL, weight CDR1b
2024-11-14 07:57:31,909 - INFO - Processing rows 825 to 850 for binders, peptide GILGFVFTL, weight CDR1b
2024-11-14 07:57:34,464 - INFO - Processing rows 850 to 875 for binders, peptide GILGFVFTL, weight CDR1b
2024-11-14 07:57:36,910 - INFO - Processing rows 875 to 900 for binders, peptide GILGFVFTL, weight CDR1b
2024-11-14 07:57:39,720 - INFO - Processing rows 900 to 925 for binders, peptide GILGFVFTL, weight CDR1b
2024-11-14 07:57:42,473 - INFO - Processing rows 925 to 950 for binders, peptide GILGFVFTL, weight CDR1b
2024-11-14 07:57:45,045 - INFO - Processing rows 950 to 975 for binders, peptide GILGFVFTL, weight CDR1b
2024-11-14 07:57:47,435 - INFO - Processing rows 975 to 1000 for binders, peptide GILGFVFTL, weight CDR1b
2024-11-14 07:57:50,069 - INFO - Processing rows 1000 to 1025 for binders, peptide GILGFVFTL, weight CDR1b
2024-11-14 07:57:52,540 - INFO - Processing rows 1025 to 1050 for binders, peptide GILGFVFTL, weight CDR1b
2024-11-14 07:57:55,129 - INFO - Processing rows 1050 to 1075 for binders, peptide GILGFVFTL, weight CDR1b
2024-11-14 07:57:57,519 - INFO - Processing rows 1075 to 1100 for binders, peptide GILGFVFTL, weight CDR1b
2024-11-14 07:58:00,256 - INFO - Processing rows 1100 to 1125 for binders, peptide GILGFVFTL, weight CDR1b
2024-11-14 07:58:02,698 - INFO - Processing rows 1125 to 1150 for binders, peptide GILGFVFTL, weight CDR1b
2024-11-14 07:58:05,247 - INFO - Processing rows 1150 to 1165 for binders, peptide GILGFVFTL, weight CDR1b
Traceback (most recent call last):
  File "/net/mimer/mnt/tank/projects2/emison/language_model/27th_Oct_new_matrices/04.11_new_esm/12.11/run_esm_binders.py", line 90, in <module>
    process_sequences(df_filtered, peptide, weight, "binders")
  File "/net/mimer/mnt/tank/projects2/emison/language_model/27th_Oct_new_matrices/04.11_new_esm/12.11/run_esm_binders.py", line 82, in process_sequences
    output_df.insert(0, "raw_index", raw_indexes)
  File "/home/projects2/emison/language_model/miniconda3/envs/esm2_emison/lib/python3.12/site-packages/pandas/core/frame.py", line 5171, in insert
    value, refs = self._sanitize_column(value)
                  ^^^^^^^^^^^^^^^^^^^^^^^^^^^^
  File "/home/projects2/emison/language_model/miniconda3/envs/esm2_emison/lib/python3.12/site-packages/pandas/core/frame.py", line 5266, in _sanitize_column
    com.require_length_match(value, self.index)
  File "/home/projects2/emison/language_model/miniconda3/envs/esm2_emison/lib/python3.12/site-packages/pandas/core/common.py", line 573, in require_length_match
    raise ValueError(
ValueError: Length of values (1165) does not match length of index (15)
