2024-11-13 19:19:24,102 - INFO - Loading and filtering dataset for peptide GILGFVFTL
2024-11-13 19:19:24,773 - INFO - Processing dataset for peptide GILGFVFTL with weight CDR1b
2024-11-13 19:19:24,776 - INFO - Processing rows 0 to 25 for swaps, peptide GILGFVFTL, weight CDR1b
2024-11-13 19:19:37,210 - INFO - Processing rows 25 to 50 for swaps, peptide GILGFVFTL, weight CDR1b
2024-11-13 19:19:49,607 - INFO - Processing rows 50 to 75 for swaps, peptide GILGFVFTL, weight CDR1b
2024-11-13 19:20:01,958 - INFO - Processing rows 75 to 100 for swaps, peptide GILGFVFTL, weight CDR1b
2024-11-13 19:20:14,304 - INFO - Processing rows 100 to 125 for swaps, peptide GILGFVFTL, weight CDR1b
2024-11-13 19:20:26,489 - INFO - Processing rows 125 to 150 for swaps, peptide GILGFVFTL, weight CDR1b
2024-11-13 19:20:38,788 - INFO - Processing rows 150 to 175 for swaps, peptide GILGFVFTL, weight CDR1b
2024-11-13 19:20:50,967 - INFO - Processing rows 175 to 200 for swaps, peptide GILGFVFTL, weight CDR1b
2024-11-13 19:21:03,151 - INFO - Processing rows 200 to 225 for swaps, peptide GILGFVFTL, weight CDR1b
2024-11-13 19:21:13,938 - INFO - Processing rows 225 to 250 for swaps, peptide GILGFVFTL, weight CDR1b
2024-11-13 19:21:25,959 - INFO - Processing rows 250 to 275 for swaps, peptide GILGFVFTL, weight CDR1b
2024-11-13 19:21:38,052 - INFO - Processing rows 275 to 300 for swaps, peptide GILGFVFTL, weight CDR1b
2024-11-13 19:21:50,155 - INFO - Processing rows 300 to 325 for swaps, peptide GILGFVFTL, weight CDR1b
2024-11-13 19:22:01,038 - INFO - Processing rows 325 to 350 for swaps, peptide GILGFVFTL, weight CDR1b
2024-11-13 19:22:11,981 - INFO - Processing rows 350 to 375 for swaps, peptide GILGFVFTL, weight CDR1b
2024-11-13 19:22:24,126 - INFO - Processing rows 375 to 400 for swaps, peptide GILGFVFTL, weight CDR1b
2024-11-13 19:22:36,322 - INFO - Processing rows 400 to 425 for swaps, peptide GILGFVFTL, weight CDR1b
2024-11-13 19:22:48,523 - INFO - Processing rows 425 to 450 for swaps, peptide GILGFVFTL, weight CDR1b
2024-11-13 19:22:59,155 - INFO - Processing rows 450 to 475 for swaps, peptide GILGFVFTL, weight CDR1b
2024-11-13 19:23:09,875 - INFO - Processing rows 475 to 500 for swaps, peptide GILGFVFTL, weight CDR1b
2024-11-13 19:23:21,987 - INFO - Processing rows 500 to 525 for swaps, peptide GILGFVFTL, weight CDR1b
2024-11-13 19:23:32,561 - INFO - Processing rows 525 to 550 for swaps, peptide GILGFVFTL, weight CDR1b
2024-11-13 19:23:43,251 - INFO - Processing rows 550 to 575 for swaps, peptide GILGFVFTL, weight CDR1b
2024-11-13 19:23:55,333 - INFO - Processing rows 575 to 600 for swaps, peptide GILGFVFTL, weight CDR1b
2024-11-13 19:24:07,472 - INFO - Processing rows 600 to 625 for swaps, peptide GILGFVFTL, weight CDR1b
2024-11-13 19:24:19,534 - INFO - Processing rows 625 to 650 for swaps, peptide GILGFVFTL, weight CDR1b
2024-11-13 19:24:31,563 - INFO - Processing rows 650 to 675 for swaps, peptide GILGFVFTL, weight CDR1b
2024-11-13 19:24:43,588 - INFO - Processing rows 675 to 700 for swaps, peptide GILGFVFTL, weight CDR1b
2024-11-13 19:24:55,554 - INFO - Processing rows 700 to 725 for swaps, peptide GILGFVFTL, weight CDR1b
2024-11-13 19:25:06,341 - INFO - Processing rows 725 to 750 for swaps, peptide GILGFVFTL, weight CDR1b
2024-11-13 19:25:18,414 - INFO - Processing rows 750 to 775 for swaps, peptide GILGFVFTL, weight CDR1b
2024-11-13 19:25:30,425 - INFO - Processing rows 775 to 800 for swaps, peptide GILGFVFTL, weight CDR1b
2024-11-13 19:25:42,469 - INFO - Processing rows 800 to 825 for swaps, peptide GILGFVFTL, weight CDR1b
2024-11-13 19:25:54,494 - INFO - Processing rows 825 to 850 for swaps, peptide GILGFVFTL, weight CDR1b
2024-11-13 19:26:06,483 - INFO - Processing rows 850 to 875 for swaps, peptide GILGFVFTL, weight CDR1b
2024-11-13 19:26:18,527 - INFO - Processing rows 875 to 900 for swaps, peptide GILGFVFTL, weight CDR1b
2024-11-13 19:26:30,584 - INFO - Processing rows 900 to 925 for swaps, peptide GILGFVFTL, weight CDR1b
2024-11-13 19:26:42,556 - INFO - Processing rows 925 to 950 for swaps, peptide GILGFVFTL, weight CDR1b
2024-11-13 19:26:54,608 - INFO - Processing rows 950 to 975 for swaps, peptide GILGFVFTL, weight CDR1b
2024-11-13 19:27:06,727 - INFO - Processing rows 975 to 1000 for swaps, peptide GILGFVFTL, weight CDR1b
2024-11-13 19:27:18,714 - INFO - Processing rows 1000 to 1025 for swaps, peptide GILGFVFTL, weight CDR1b
2024-11-13 19:27:30,885 - INFO - Processing rows 1025 to 1050 for swaps, peptide GILGFVFTL, weight CDR1b
2024-11-13 19:27:42,977 - INFO - Processing rows 1050 to 1075 for swaps, peptide GILGFVFTL, weight CDR1b
2024-11-13 19:27:54,996 - INFO - Processing rows 1075 to 1100 for swaps, peptide GILGFVFTL, weight CDR1b
2024-11-13 19:28:05,750 - INFO - Processing rows 1100 to 1125 for swaps, peptide GILGFVFTL, weight CDR1b
2024-11-13 19:28:17,808 - INFO - Processing rows 1125 to 1150 for swaps, peptide GILGFVFTL, weight CDR1b
2024-11-13 19:28:29,866 - INFO - Processing rows 1150 to 1175 for swaps, peptide GILGFVFTL, weight CDR1b
2024-11-13 19:28:40,600 - INFO - Processing rows 1175 to 1200 for swaps, peptide GILGFVFTL, weight CDR1b
2024-11-13 19:28:52,652 - INFO - Processing rows 1200 to 1225 for swaps, peptide GILGFVFTL, weight CDR1b
2024-11-13 19:29:03,460 - INFO - Processing rows 1225 to 1250 for swaps, peptide GILGFVFTL, weight CDR1b
2024-11-13 19:29:15,569 - INFO - Processing rows 1250 to 1275 for swaps, peptide GILGFVFTL, weight CDR1b
2024-11-13 19:29:27,656 - INFO - Processing rows 1275 to 1300 for swaps, peptide GILGFVFTL, weight CDR1b
2024-11-13 19:29:39,755 - INFO - Processing rows 1300 to 1325 for swaps, peptide GILGFVFTL, weight CDR1b
2024-11-13 19:29:51,926 - INFO - Processing rows 1325 to 1350 for swaps, peptide GILGFVFTL, weight CDR1b
2024-11-13 19:30:04,023 - INFO - Processing rows 1350 to 1375 for swaps, peptide GILGFVFTL, weight CDR1b
2024-11-13 19:30:16,391 - INFO - Processing rows 1375 to 1400 for swaps, peptide GILGFVFTL, weight CDR1b
2024-11-13 19:30:27,080 - INFO - Processing rows 1400 to 1425 for swaps, peptide GILGFVFTL, weight CDR1b
2024-11-13 19:30:39,104 - INFO - Processing rows 1425 to 1450 for swaps, peptide GILGFVFTL, weight CDR1b
2024-11-13 19:30:51,149 - INFO - Processing rows 1450 to 1475 for swaps, peptide GILGFVFTL, weight CDR1b
2024-11-13 19:31:03,202 - INFO - Processing rows 1475 to 1500 for swaps, peptide GILGFVFTL, weight CDR1b
2024-11-13 19:31:15,255 - INFO - Processing rows 1500 to 1525 for swaps, peptide GILGFVFTL, weight CDR1b
2024-11-13 19:31:27,289 - INFO - Processing rows 1525 to 1550 for swaps, peptide GILGFVFTL, weight CDR1b
2024-11-13 19:31:39,273 - INFO - Processing rows 1550 to 1575 for swaps, peptide GILGFVFTL, weight CDR1b
2024-11-13 19:31:51,267 - INFO - Processing rows 1575 to 1600 for swaps, peptide GILGFVFTL, weight CDR1b
2024-11-13 19:32:01,915 - INFO - Processing rows 1600 to 1625 for swaps, peptide GILGFVFTL, weight CDR1b
2024-11-13 19:32:13,851 - INFO - Processing rows 1625 to 1650 for swaps, peptide GILGFVFTL, weight CDR1b
2024-11-13 19:32:25,751 - INFO - Processing rows 1650 to 1675 for swaps, peptide GILGFVFTL, weight CDR1b
2024-11-13 19:32:37,764 - INFO - Processing rows 1675 to 1700 for swaps, peptide GILGFVFTL, weight CDR1b
2024-11-13 19:32:48,568 - INFO - Processing rows 1700 to 1725 for swaps, peptide GILGFVFTL, weight CDR1b
2024-11-13 19:32:59,220 - INFO - Processing rows 1725 to 1750 for swaps, peptide GILGFVFTL, weight CDR1b
2024-11-13 19:33:11,370 - INFO - Processing rows 1750 to 1775 for swaps, peptide GILGFVFTL, weight CDR1b
2024-11-13 19:33:23,367 - INFO - Processing rows 1775 to 1800 for swaps, peptide GILGFVFTL, weight CDR1b
2024-11-13 19:33:35,331 - INFO - Processing rows 1800 to 1825 for swaps, peptide GILGFVFTL, weight CDR1b
2024-11-13 19:33:47,364 - INFO - Processing rows 1825 to 1850 for swaps, peptide GILGFVFTL, weight CDR1b
2024-11-13 19:33:59,436 - INFO - Processing rows 1850 to 1875 for swaps, peptide GILGFVFTL, weight CDR1b
2024-11-13 19:34:11,502 - INFO - Processing rows 1875 to 1900 for swaps, peptide GILGFVFTL, weight CDR1b
2024-11-13 19:34:23,523 - INFO - Processing rows 1900 to 1925 for swaps, peptide GILGFVFTL, weight CDR1b
2024-11-13 19:34:35,559 - INFO - Processing rows 1925 to 1950 for swaps, peptide GILGFVFTL, weight CDR1b
2024-11-13 19:34:47,553 - INFO - Processing rows 1950 to 1975 for swaps, peptide GILGFVFTL, weight CDR1b
2024-11-13 19:34:59,629 - INFO - Processing rows 1975 to 2000 for swaps, peptide GILGFVFTL, weight CDR1b
2024-11-13 19:35:11,680 - INFO - Processing rows 2000 to 2025 for swaps, peptide GILGFVFTL, weight CDR1b
2024-11-13 19:35:23,739 - INFO - Processing rows 2025 to 2050 for swaps, peptide GILGFVFTL, weight CDR1b
2024-11-13 19:35:35,753 - INFO - Processing rows 2050 to 2075 for swaps, peptide GILGFVFTL, weight CDR1b
2024-11-13 19:35:47,919 - INFO - Processing rows 2075 to 2100 for swaps, peptide GILGFVFTL, weight CDR1b
2024-11-13 19:35:59,971 - INFO - Processing rows 2100 to 2125 for swaps, peptide GILGFVFTL, weight CDR1b
2024-11-13 19:36:12,184 - INFO - Processing rows 2125 to 2150 for swaps, peptide GILGFVFTL, weight CDR1b
2024-11-13 19:36:22,861 - INFO - Processing rows 2150 to 2175 for swaps, peptide GILGFVFTL, weight CDR1b
2024-11-13 19:36:34,873 - INFO - Processing rows 2175 to 2200 for swaps, peptide GILGFVFTL, weight CDR1b
2024-11-13 19:36:46,884 - INFO - Processing rows 2200 to 2225 for swaps, peptide GILGFVFTL, weight CDR1b
2024-11-13 19:36:58,915 - INFO - Processing rows 2225 to 2250 for swaps, peptide GILGFVFTL, weight CDR1b
2024-11-13 19:37:10,986 - INFO - Processing rows 2250 to 2275 for swaps, peptide GILGFVFTL, weight CDR1b
2024-11-13 19:37:23,039 - INFO - Processing rows 2275 to 2300 for swaps, peptide GILGFVFTL, weight CDR1b
2024-11-13 19:37:35,084 - INFO - Processing rows 2300 to 2325 for swaps, peptide GILGFVFTL, weight CDR1b
2024-11-13 19:37:47,075 - INFO - Processing rows 2325 to 2350 for swaps, peptide GILGFVFTL, weight CDR1b
2024-11-13 19:37:59,144 - INFO - Processing rows 2350 to 2375 for swaps, peptide GILGFVFTL, weight CDR1b
2024-11-13 19:38:11,173 - INFO - Processing rows 2375 to 2400 for swaps, peptide GILGFVFTL, weight CDR1b
2024-11-13 19:38:21,885 - INFO - Processing rows 2400 to 2425 for swaps, peptide GILGFVFTL, weight CDR1b
2024-11-13 19:38:33,951 - INFO - Processing rows 2425 to 2450 for swaps, peptide GILGFVFTL, weight CDR1b
2024-11-13 19:38:45,978 - INFO - Processing rows 2450 to 2475 for swaps, peptide GILGFVFTL, weight CDR1b
2024-11-13 19:38:58,022 - INFO - Processing rows 2475 to 2500 for swaps, peptide GILGFVFTL, weight CDR1b
2024-11-13 19:39:10,092 - INFO - Processing rows 2500 to 2525 for swaps, peptide GILGFVFTL, weight CDR1b
2024-11-13 19:39:22,122 - INFO - Processing rows 2525 to 2550 for swaps, peptide GILGFVFTL, weight CDR1b
2024-11-13 19:39:34,070 - INFO - Processing rows 2550 to 2575 for swaps, peptide GILGFVFTL, weight CDR1b
2024-11-13 19:39:46,097 - INFO - Processing rows 2575 to 2600 for swaps, peptide GILGFVFTL, weight CDR1b
2024-11-13 19:39:58,103 - INFO - Processing rows 2600 to 2625 for swaps, peptide GILGFVFTL, weight CDR1b
2024-11-13 19:40:10,098 - INFO - Processing rows 2625 to 2650 for swaps, peptide GILGFVFTL, weight CDR1b
2024-11-13 19:40:22,201 - INFO - Processing rows 2650 to 2675 for swaps, peptide GILGFVFTL, weight CDR1b
2024-11-13 19:40:35,535 - INFO - Processing rows 2675 to 2700 for swaps, peptide GILGFVFTL, weight CDR1b
2024-11-13 19:40:47,234 - INFO - Processing rows 2700 to 2725 for swaps, peptide GILGFVFTL, weight CDR1b
2024-11-13 19:40:59,029 - INFO - Processing rows 2725 to 2750 for swaps, peptide GILGFVFTL, weight CDR1b
2024-11-13 19:41:10,792 - INFO - Processing rows 2750 to 2775 for swaps, peptide GILGFVFTL, weight CDR1b
2024-11-13 19:41:22,527 - INFO - Processing rows 2775 to 2800 for swaps, peptide GILGFVFTL, weight CDR1b
2024-11-13 19:41:34,274 - INFO - Processing rows 2800 to 2825 for swaps, peptide GILGFVFTL, weight CDR1b
2024-11-13 19:41:46,049 - INFO - Processing rows 2825 to 2850 for swaps, peptide GILGFVFTL, weight CDR1b
2024-11-13 19:41:57,749 - INFO - Processing rows 2850 to 2875 for swaps, peptide GILGFVFTL, weight CDR1b
2024-11-13 19:42:09,528 - INFO - Processing rows 2875 to 2900 for swaps, peptide GILGFVFTL, weight CDR1b
2024-11-13 19:42:21,276 - INFO - Processing rows 2900 to 2925 for swaps, peptide GILGFVFTL, weight CDR1b
2024-11-13 19:42:33,018 - INFO - Processing rows 2925 to 2950 for swaps, peptide GILGFVFTL, weight CDR1b
2024-11-13 19:42:44,968 - INFO - Processing rows 2950 to 2975 for swaps, peptide GILGFVFTL, weight CDR1b
2024-11-13 19:42:56,853 - INFO - Processing rows 2975 to 3000 for swaps, peptide GILGFVFTL, weight CDR1b
2024-11-13 19:43:08,738 - INFO - Processing rows 3000 to 3025 for swaps, peptide GILGFVFTL, weight CDR1b
2024-11-13 19:43:19,386 - INFO - Processing rows 3025 to 3050 for swaps, peptide GILGFVFTL, weight CDR1b
2024-11-13 19:43:31,165 - INFO - Processing rows 3050 to 3075 for swaps, peptide GILGFVFTL, weight CDR1b
2024-11-13 19:43:42,974 - INFO - Processing rows 3075 to 3100 for swaps, peptide GILGFVFTL, weight CDR1b
2024-11-13 19:43:54,712 - INFO - Processing rows 3100 to 3125 for swaps, peptide GILGFVFTL, weight CDR1b
2024-11-13 19:44:06,468 - INFO - Processing rows 3125 to 3150 for swaps, peptide GILGFVFTL, weight CDR1b
2024-11-13 19:44:18,174 - INFO - Processing rows 3150 to 3175 for swaps, peptide GILGFVFTL, weight CDR1b
2024-11-13 19:44:30,092 - INFO - Processing rows 3175 to 3200 for swaps, peptide GILGFVFTL, weight CDR1b
2024-11-13 19:44:41,946 - INFO - Processing rows 3200 to 3225 for swaps, peptide GILGFVFTL, weight CDR1b
2024-11-13 19:44:53,915 - INFO - Processing rows 3225 to 3250 for swaps, peptide GILGFVFTL, weight CDR1b
2024-11-13 19:45:04,353 - INFO - Processing rows 3250 to 3275 for swaps, peptide GILGFVFTL, weight CDR1b
2024-11-13 19:45:16,153 - INFO - Processing rows 3275 to 3300 for swaps, peptide GILGFVFTL, weight CDR1b
2024-11-13 19:45:26,656 - INFO - Processing rows 3300 to 3325 for swaps, peptide GILGFVFTL, weight CDR1b
2024-11-13 19:45:38,394 - INFO - Processing rows 3325 to 3350 for swaps, peptide GILGFVFTL, weight CDR1b
2024-11-13 19:45:50,173 - INFO - Processing rows 3350 to 3375 for swaps, peptide GILGFVFTL, weight CDR1b
2024-11-13 19:46:01,954 - INFO - Processing rows 3375 to 3400 for swaps, peptide GILGFVFTL, weight CDR1b
2024-11-13 19:46:12,432 - INFO - Processing rows 3400 to 3425 for swaps, peptide GILGFVFTL, weight CDR1b
2024-11-13 19:46:24,182 - INFO - Processing rows 3425 to 3450 for swaps, peptide GILGFVFTL, weight CDR1b
2024-11-13 19:46:35,899 - INFO - Processing rows 3450 to 3475 for swaps, peptide GILGFVFTL, weight CDR1b
2024-11-13 19:46:46,406 - INFO - Processing rows 3475 to 3500 for swaps, peptide GILGFVFTL, weight CDR1b
2024-11-13 19:46:58,167 - INFO - Processing rows 3500 to 3525 for swaps, peptide GILGFVFTL, weight CDR1b
2024-11-13 19:47:09,924 - INFO - Processing rows 3525 to 3550 for swaps, peptide GILGFVFTL, weight CDR1b
2024-11-13 19:47:21,713 - INFO - Processing rows 3550 to 3575 for swaps, peptide GILGFVFTL, weight CDR1b
2024-11-13 19:47:33,485 - INFO - Processing rows 3575 to 3600 for swaps, peptide GILGFVFTL, weight CDR1b
2024-11-13 19:47:45,187 - INFO - Processing rows 3600 to 3625 for swaps, peptide GILGFVFTL, weight CDR1b
2024-11-13 19:47:56,940 - INFO - Processing rows 3625 to 3650 for swaps, peptide GILGFVFTL, weight CDR1b
2024-11-13 19:48:08,676 - INFO - Processing rows 3650 to 3675 for swaps, peptide GILGFVFTL, weight CDR1b
2024-11-13 19:48:20,456 - INFO - Processing rows 3675 to 3700 for swaps, peptide GILGFVFTL, weight CDR1b
2024-11-13 19:48:32,229 - INFO - Processing rows 3700 to 3725 for swaps, peptide GILGFVFTL, weight CDR1b
2024-11-13 19:48:43,973 - INFO - Processing rows 3725 to 3750 for swaps, peptide GILGFVFTL, weight CDR1b
2024-11-13 19:48:54,432 - INFO - Processing rows 3750 to 3775 for swaps, peptide GILGFVFTL, weight CDR1b
2024-11-13 19:49:06,166 - INFO - Processing rows 3775 to 3800 for swaps, peptide GILGFVFTL, weight CDR1b
2024-11-13 19:49:17,939 - INFO - Processing rows 3800 to 3825 for swaps, peptide GILGFVFTL, weight CDR1b
2024-11-13 19:49:29,714 - INFO - Processing rows 3825 to 3850 for swaps, peptide GILGFVFTL, weight CDR1b
2024-11-13 19:49:41,423 - INFO - Processing rows 3850 to 3875 for swaps, peptide GILGFVFTL, weight CDR1b
2024-11-13 19:49:53,197 - INFO - Processing rows 3875 to 3900 for swaps, peptide GILGFVFTL, weight CDR1b
2024-11-13 19:50:04,915 - INFO - Processing rows 3900 to 3925 for swaps, peptide GILGFVFTL, weight CDR1b
2024-11-13 19:50:16,564 - INFO - Processing rows 3925 to 3950 for swaps, peptide GILGFVFTL, weight CDR1b
2024-11-13 19:50:26,948 - INFO - Processing rows 3950 to 3975 for swaps, peptide GILGFVFTL, weight CDR1b
2024-11-13 19:50:38,609 - INFO - Processing rows 3975 to 4000 for swaps, peptide GILGFVFTL, weight CDR1b
2024-11-13 19:50:50,259 - INFO - Processing rows 4000 to 4025 for swaps, peptide GILGFVFTL, weight CDR1b
2024-11-13 19:51:01,901 - INFO - Processing rows 4025 to 4050 for swaps, peptide GILGFVFTL, weight CDR1b
2024-11-13 19:51:13,603 - INFO - Processing rows 4050 to 4075 for swaps, peptide GILGFVFTL, weight CDR1b
2024-11-13 19:51:25,325 - INFO - Processing rows 4075 to 4100 for swaps, peptide GILGFVFTL, weight CDR1b
2024-11-13 19:51:35,826 - INFO - Processing rows 4100 to 4125 for swaps, peptide GILGFVFTL, weight CDR1b
2024-11-13 19:51:47,606 - INFO - Processing rows 4125 to 4150 for swaps, peptide GILGFVFTL, weight CDR1b
2024-11-13 19:51:59,120 - INFO - Processing rows 4150 to 4175 for swaps, peptide GILGFVFTL, weight CDR1b
2024-11-13 19:52:10,696 - INFO - Processing rows 4175 to 4200 for swaps, peptide GILGFVFTL, weight CDR1b
2024-11-13 19:52:22,252 - INFO - Processing rows 4200 to 4225 for swaps, peptide GILGFVFTL, weight CDR1b
2024-11-13 19:52:33,837 - INFO - Processing rows 4225 to 4250 for swaps, peptide GILGFVFTL, weight CDR1b
2024-11-13 19:52:45,585 - INFO - Processing rows 4250 to 4275 for swaps, peptide GILGFVFTL, weight CDR1b
2024-11-13 19:52:57,363 - INFO - Processing rows 4275 to 4300 for swaps, peptide GILGFVFTL, weight CDR1b
2024-11-13 19:53:09,299 - INFO - Processing rows 4300 to 4325 for swaps, peptide GILGFVFTL, weight CDR1b
2024-11-13 19:53:21,909 - INFO - Processing rows 4325 to 4350 for swaps, peptide GILGFVFTL, weight CDR1b
2024-11-13 19:53:33,095 - INFO - Processing rows 4350 to 4375 for swaps, peptide GILGFVFTL, weight CDR1b
2024-11-13 19:53:44,148 - INFO - Processing rows 4375 to 4400 for swaps, peptide GILGFVFTL, weight CDR1b
2024-11-13 19:53:53,939 - INFO - Processing rows 4400 to 4425 for swaps, peptide GILGFVFTL, weight CDR1b
2024-11-13 19:54:04,964 - INFO - Processing rows 4425 to 4450 for swaps, peptide GILGFVFTL, weight CDR1b
2024-11-13 19:54:15,981 - INFO - Processing rows 4450 to 4475 for swaps, peptide GILGFVFTL, weight CDR1b
2024-11-13 19:54:26,983 - INFO - Processing rows 4475 to 4500 for swaps, peptide GILGFVFTL, weight CDR1b
2024-11-13 19:54:38,004 - INFO - Processing rows 4500 to 4525 for swaps, peptide GILGFVFTL, weight CDR1b
2024-11-13 19:54:49,020 - INFO - Processing rows 4525 to 4550 for swaps, peptide GILGFVFTL, weight CDR1b
2024-11-13 19:55:00,029 - INFO - Processing rows 4550 to 4575 for swaps, peptide GILGFVFTL, weight CDR1b
2024-11-13 19:55:11,083 - INFO - Processing rows 4575 to 4600 for swaps, peptide GILGFVFTL, weight CDR1b
2024-11-13 19:55:20,951 - INFO - Processing rows 4600 to 4625 for swaps, peptide GILGFVFTL, weight CDR1b
2024-11-13 19:55:32,083 - INFO - Processing rows 4625 to 4650 for swaps, peptide GILGFVFTL, weight CDR1b
2024-11-13 19:55:43,163 - INFO - Processing rows 4650 to 4675 for swaps, peptide GILGFVFTL, weight CDR1b
2024-11-13 19:55:54,278 - INFO - Processing rows 4675 to 4700 for swaps, peptide GILGFVFTL, weight CDR1b
2024-11-13 19:56:05,399 - INFO - Processing rows 4700 to 4725 for swaps, peptide GILGFVFTL, weight CDR1b
2024-11-13 19:56:16,474 - INFO - Processing rows 4725 to 4750 for swaps, peptide GILGFVFTL, weight CDR1b
2024-11-13 19:56:27,541 - INFO - Processing rows 4750 to 4775 for swaps, peptide GILGFVFTL, weight CDR1b
2024-11-13 19:56:38,653 - INFO - Processing rows 4775 to 4800 for swaps, peptide GILGFVFTL, weight CDR1b
2024-11-13 19:56:49,786 - INFO - Processing rows 4800 to 4825 for swaps, peptide GILGFVFTL, weight CDR1b
2024-11-13 19:57:00,864 - INFO - Processing rows 4825 to 4850 for swaps, peptide GILGFVFTL, weight CDR1b
2024-11-13 19:57:11,975 - INFO - Processing rows 4850 to 4875 for swaps, peptide GILGFVFTL, weight CDR1b
2024-11-13 19:57:23,095 - INFO - Processing rows 4875 to 4900 for swaps, peptide GILGFVFTL, weight CDR1b
2024-11-13 19:57:34,167 - INFO - Processing rows 4900 to 4925 for swaps, peptide GILGFVFTL, weight CDR1b
2024-11-13 19:57:45,226 - INFO - Processing rows 4925 to 4950 for swaps, peptide GILGFVFTL, weight CDR1b
2024-11-13 19:57:56,348 - INFO - Processing rows 4950 to 4975 for swaps, peptide GILGFVFTL, weight CDR1b
2024-11-13 19:58:07,436 - INFO - Processing rows 4975 to 5000 for swaps, peptide GILGFVFTL, weight CDR1b
2024-11-13 19:58:18,541 - INFO - Processing rows 5000 to 5025 for swaps, peptide GILGFVFTL, weight CDR1b
2024-11-13 19:58:29,662 - INFO - Processing rows 5025 to 5050 for swaps, peptide GILGFVFTL, weight CDR1b
2024-11-13 19:58:40,737 - INFO - Processing rows 5050 to 5075 for swaps, peptide GILGFVFTL, weight CDR1b
2024-11-13 19:58:51,742 - INFO - Processing rows 5075 to 5100 for swaps, peptide GILGFVFTL, weight CDR1b
2024-11-13 19:59:02,747 - INFO - Processing rows 5100 to 5125 for swaps, peptide GILGFVFTL, weight CDR1b
2024-11-13 19:59:13,757 - INFO - Processing rows 5125 to 5150 for swaps, peptide GILGFVFTL, weight CDR1b
2024-11-13 19:59:24,750 - INFO - Processing rows 5150 to 5175 for swaps, peptide GILGFVFTL, weight CDR1b
2024-11-13 19:59:35,759 - INFO - Processing rows 5175 to 5200 for swaps, peptide GILGFVFTL, weight CDR1b
2024-11-13 19:59:45,546 - INFO - Processing rows 5200 to 5225 for swaps, peptide GILGFVFTL, weight CDR1b
2024-11-13 19:59:56,572 - INFO - Processing rows 5225 to 5250 for swaps, peptide GILGFVFTL, weight CDR1b
2024-11-13 20:00:07,614 - INFO - Processing rows 5250 to 5275 for swaps, peptide GILGFVFTL, weight CDR1b
2024-11-13 20:00:18,756 - INFO - Processing rows 5275 to 5300 for swaps, peptide GILGFVFTL, weight CDR1b
2024-11-13 20:00:28,623 - INFO - Processing rows 5300 to 5325 for swaps, peptide GILGFVFTL, weight CDR1b
2024-11-13 20:00:39,753 - INFO - Processing rows 5325 to 5350 for swaps, peptide GILGFVFTL, weight CDR1b
2024-11-13 20:00:50,885 - INFO - Processing rows 5350 to 5375 for swaps, peptide GILGFVFTL, weight CDR1b
2024-11-13 20:01:02,123 - INFO - Processing rows 5375 to 5400 for swaps, peptide GILGFVFTL, weight CDR1b
2024-11-13 20:01:13,391 - INFO - Processing rows 5400 to 5425 for swaps, peptide GILGFVFTL, weight CDR1b
2024-11-13 20:01:24,784 - INFO - Processing rows 5425 to 5450 for swaps, peptide GILGFVFTL, weight CDR1b
2024-11-13 20:01:35,912 - INFO - Processing rows 5450 to 5475 for swaps, peptide GILGFVFTL, weight CDR1b
2024-11-13 20:01:47,026 - INFO - Processing rows 5475 to 5500 for swaps, peptide GILGFVFTL, weight CDR1b
2024-11-13 20:01:56,933 - INFO - Processing rows 5500 to 5525 for swaps, peptide GILGFVFTL, weight CDR1b
2024-11-13 20:02:06,796 - INFO - Processing rows 5525 to 5550 for swaps, peptide GILGFVFTL, weight CDR1b
2024-11-13 20:02:17,885 - INFO - Processing rows 5550 to 5575 for swaps, peptide GILGFVFTL, weight CDR1b
2024-11-13 20:02:28,900 - INFO - Processing rows 5575 to 5600 for swaps, peptide GILGFVFTL, weight CDR1b
2024-11-13 20:02:39,914 - INFO - Processing rows 5600 to 5625 for swaps, peptide GILGFVFTL, weight CDR1b
2024-11-13 20:02:50,926 - INFO - Processing rows 5625 to 5650 for swaps, peptide GILGFVFTL, weight CDR1b
2024-11-13 20:03:01,936 - INFO - Processing rows 5650 to 5675 for swaps, peptide GILGFVFTL, weight CDR1b
2024-11-13 20:03:12,948 - INFO - Processing rows 5675 to 5700 for swaps, peptide GILGFVFTL, weight CDR1b
2024-11-13 20:03:23,941 - INFO - Processing rows 5700 to 5725 for swaps, peptide GILGFVFTL, weight CDR1b
2024-11-13 20:03:34,945 - INFO - Processing rows 5725 to 5750 for swaps, peptide GILGFVFTL, weight CDR1b
2024-11-13 20:03:46,064 - INFO - Processing rows 5750 to 5775 for swaps, peptide GILGFVFTL, weight CDR1b
2024-11-13 20:03:57,144 - INFO - Processing rows 5775 to 5800 for swaps, peptide GILGFVFTL, weight CDR1b
2024-11-13 20:04:08,254 - INFO - Processing rows 5800 to 5825 for swaps, peptide GILGFVFTL, weight CDR1b
2024-11-13 20:04:19,386 - INFO - Processing rows 5825 to 5850 for swaps, peptide GILGFVFTL, weight CDR1b
2024-11-13 20:04:30,469 - INFO - Processing rows 5850 to 5875 for swaps, peptide GILGFVFTL, weight CDR1b
2024-11-13 20:04:41,592 - INFO - Processing rows 5875 to 5900 for swaps, peptide GILGFVFTL, weight CDR1b
2024-11-13 20:04:52,633 - INFO - Processing rows 5900 to 5925 for swaps, peptide GILGFVFTL, weight CDR1b
2024-11-13 20:05:03,771 - INFO - Processing rows 5925 to 5950 for swaps, peptide GILGFVFTL, weight CDR1b
2024-11-13 20:05:14,857 - INFO - Processing rows 5950 to 5975 for swaps, peptide GILGFVFTL, weight CDR1b
2024-11-13 20:05:24,766 - INFO - Processing rows 5975 to 6000 for swaps, peptide GILGFVFTL, weight CDR1b
2024-11-13 20:05:35,854 - INFO - Processing rows 6000 to 6025 for swaps, peptide GILGFVFTL, weight CDR1b
2024-11-13 20:05:46,983 - INFO - Processing rows 6025 to 6050 for swaps, peptide GILGFVFTL, weight CDR1b
2024-11-13 20:05:58,100 - INFO - Processing rows 6050 to 6075 for swaps, peptide GILGFVFTL, weight CDR1b
2024-11-13 20:06:09,198 - INFO - Processing rows 6075 to 6100 for swaps, peptide GILGFVFTL, weight CDR1b
2024-11-13 20:06:20,320 - INFO - Processing rows 6100 to 6125 for swaps, peptide GILGFVFTL, weight CDR1b
2024-11-13 20:06:31,444 - INFO - Processing rows 6125 to 6150 for swaps, peptide GILGFVFTL, weight CDR1b
2024-11-13 20:06:42,524 - INFO - Processing rows 6150 to 6175 for swaps, peptide GILGFVFTL, weight CDR1b
2024-11-13 20:06:53,656 - INFO - Processing rows 6175 to 6200 for swaps, peptide GILGFVFTL, weight CDR1b
2024-11-13 20:07:04,735 - INFO - Processing rows 6200 to 6225 for swaps, peptide GILGFVFTL, weight CDR1b
2024-11-13 20:07:15,743 - INFO - Processing rows 6225 to 6250 for swaps, peptide GILGFVFTL, weight CDR1b
2024-11-13 20:07:26,753 - INFO - Processing rows 6250 to 6275 for swaps, peptide GILGFVFTL, weight CDR1b
2024-11-13 20:07:37,769 - INFO - Processing rows 6275 to 6300 for swaps, peptide GILGFVFTL, weight CDR1b
2024-11-13 20:07:47,568 - INFO - Processing rows 6300 to 6325 for swaps, peptide GILGFVFTL, weight CDR1b
2024-11-13 20:07:58,591 - INFO - Processing rows 6325 to 6350 for swaps, peptide GILGFVFTL, weight CDR1b
2024-11-13 20:08:09,595 - INFO - Processing rows 6350 to 6375 for swaps, peptide GILGFVFTL, weight CDR1b
2024-11-13 20:08:20,606 - INFO - Processing rows 6375 to 6400 for swaps, peptide GILGFVFTL, weight CDR1b
2024-11-13 20:08:31,620 - INFO - Processing rows 6400 to 6425 for swaps, peptide GILGFVFTL, weight CDR1b
2024-11-13 20:08:42,632 - INFO - Processing rows 6425 to 6450 for swaps, peptide GILGFVFTL, weight CDR1b
2024-11-13 20:08:53,851 - INFO - Processing rows 6450 to 6475 for swaps, peptide GILGFVFTL, weight CDR1b
2024-11-13 20:09:05,085 - INFO - Processing rows 6475 to 6500 for swaps, peptide GILGFVFTL, weight CDR1b
2024-11-13 20:09:16,428 - INFO - Processing rows 6500 to 6525 for swaps, peptide GILGFVFTL, weight CDR1b
2024-11-13 20:09:27,566 - INFO - Processing rows 6525 to 6550 for swaps, peptide GILGFVFTL, weight CDR1b
2024-11-13 20:09:38,667 - INFO - Processing rows 6550 to 6575 for swaps, peptide GILGFVFTL, weight CDR1b
2024-11-13 20:09:49,801 - INFO - Processing rows 6575 to 6600 for swaps, peptide GILGFVFTL, weight CDR1b
2024-11-13 20:10:00,861 - INFO - Processing rows 6600 to 6625 for swaps, peptide GILGFVFTL, weight CDR1b
2024-11-13 20:10:11,976 - INFO - Processing rows 6625 to 6650 for swaps, peptide GILGFVFTL, weight CDR1b
2024-11-13 20:10:23,077 - INFO - Processing rows 6650 to 6675 for swaps, peptide GILGFVFTL, weight CDR1b
2024-11-13 20:10:34,206 - INFO - Processing rows 6675 to 6700 for swaps, peptide GILGFVFTL, weight CDR1b
2024-11-13 20:10:45,311 - INFO - Processing rows 6700 to 6725 for swaps, peptide GILGFVFTL, weight CDR1b
2024-11-13 20:10:55,202 - INFO - Processing rows 6725 to 6750 for swaps, peptide GILGFVFTL, weight CDR1b
2024-11-13 20:11:05,077 - INFO - Processing rows 6750 to 6775 for swaps, peptide GILGFVFTL, weight CDR1b
2024-11-13 20:11:14,965 - INFO - Processing rows 6775 to 6800 for swaps, peptide GILGFVFTL, weight CDR1b
2024-11-13 20:11:26,099 - INFO - Processing rows 6800 to 6825 for swaps, peptide GILGFVFTL, weight CDR1b
2024-11-13 20:11:37,175 - INFO - Processing rows 6825 to 6850 for swaps, peptide GILGFVFTL, weight CDR1b
2024-11-13 20:11:48,289 - INFO - Processing rows 6850 to 6875 for swaps, peptide GILGFVFTL, weight CDR1b
2024-11-13 20:11:59,424 - INFO - Processing rows 6875 to 6900 for swaps, peptide GILGFVFTL, weight CDR1b
2024-11-13 20:12:09,282 - INFO - Processing rows 6900 to 6925 for swaps, peptide GILGFVFTL, weight CDR1b
2024-11-13 20:12:20,310 - INFO - Processing rows 6925 to 6950 for swaps, peptide GILGFVFTL, weight CDR1b
2024-11-13 20:12:31,326 - INFO - Processing rows 6950 to 6975 for swaps, peptide GILGFVFTL, weight CDR1b
2024-11-13 20:12:42,338 - INFO - Processing rows 6975 to 6990 for swaps, peptide GILGFVFTL, weight CDR1b
Traceback (most recent call last):
  File "/net/mimer/mnt/tank/projects2/emison/language_model/27th_Oct_new_matrices/04.11_new_esm/12.11/run_esm_swaps.py", line 90, in <module>
    process_sequences(df_filtered, peptide, weight, "swaps")
  File "/net/mimer/mnt/tank/projects2/emison/language_model/27th_Oct_new_matrices/04.11_new_esm/12.11/run_esm_swaps.py", line 82, in process_sequences
    output_df.insert(0, "raw_index", raw_indexes)
  File "/home/projects2/emison/language_model/miniconda3/envs/esm2_emison/lib/python3.12/site-packages/pandas/core/frame.py", line 5171, in insert
    value, refs = self._sanitize_column(value)
                  ^^^^^^^^^^^^^^^^^^^^^^^^^^^^
  File "/home/projects2/emison/language_model/miniconda3/envs/esm2_emison/lib/python3.12/site-packages/pandas/core/frame.py", line 5266, in _sanitize_column
    com.require_length_match(value, self.index)
  File "/home/projects2/emison/language_model/miniconda3/envs/esm2_emison/lib/python3.12/site-packages/pandas/core/common.py", line 573, in require_length_match
    raise ValueError(
ValueError: Length of values (6990) does not match length of index (15)
