2024-11-14 07:55:59,580 - INFO - Loading and filtering dataset for peptide GILGFVFTL
2024-11-14 07:55:59,671 - INFO - Processing dataset for peptide GILGFVFTL with weight CDR2b
2024-11-14 07:55:59,673 - INFO - Processing rows 0 to 25 for binders, peptide GILGFVFTL, weight CDR2b
2024-11-14 07:56:02,914 - INFO - Processing rows 25 to 50 for binders, peptide GILGFVFTL, weight CDR2b
2024-11-14 07:56:07,579 - INFO - Processing rows 50 to 75 for binders, peptide GILGFVFTL, weight CDR2b
2024-11-14 07:56:10,271 - INFO - Processing rows 75 to 100 for binders, peptide GILGFVFTL, weight CDR2b
2024-11-14 07:56:13,273 - INFO - Processing rows 100 to 125 for binders, peptide GILGFVFTL, weight CDR2b
2024-11-14 07:56:16,098 - INFO - Processing rows 125 to 150 for binders, peptide GILGFVFTL, weight CDR2b
2024-11-14 07:56:18,781 - INFO - Processing rows 150 to 175 for binders, peptide GILGFVFTL, weight CDR2b
2024-11-14 07:56:21,929 - INFO - Processing rows 175 to 200 for binders, peptide GILGFVFTL, weight CDR2b
2024-11-14 07:56:24,927 - INFO - Processing rows 200 to 225 for binders, peptide GILGFVFTL, weight CDR2b
2024-11-14 07:56:27,988 - INFO - Processing rows 225 to 250 for binders, peptide GILGFVFTL, weight CDR2b
2024-11-14 07:56:30,740 - INFO - Processing rows 250 to 275 for binders, peptide GILGFVFTL, weight CDR2b
2024-11-14 07:56:33,859 - INFO - Processing rows 275 to 300 for binders, peptide GILGFVFTL, weight CDR2b
2024-11-14 07:56:36,840 - INFO - Processing rows 300 to 325 for binders, peptide GILGFVFTL, weight CDR2b
2024-11-14 07:56:40,044 - INFO - Processing rows 325 to 350 for binders, peptide GILGFVFTL, weight CDR2b
2024-11-14 07:56:42,992 - INFO - Processing rows 350 to 375 for binders, peptide GILGFVFTL, weight CDR2b
2024-11-14 07:56:46,100 - INFO - Processing rows 375 to 400 for binders, peptide GILGFVFTL, weight CDR2b
2024-11-14 07:56:49,243 - INFO - Processing rows 400 to 425 for binders, peptide GILGFVFTL, weight CDR2b
2024-11-14 07:56:52,455 - INFO - Processing rows 425 to 450 for binders, peptide GILGFVFTL, weight CDR2b
2024-11-14 07:56:55,585 - INFO - Processing rows 450 to 475 for binders, peptide GILGFVFTL, weight CDR2b
2024-11-14 07:56:58,786 - INFO - Processing rows 475 to 500 for binders, peptide GILGFVFTL, weight CDR2b
2024-11-14 07:57:02,682 - INFO - Processing rows 500 to 525 for binders, peptide GILGFVFTL, weight CDR2b
2024-11-14 07:57:07,896 - INFO - Processing rows 525 to 550 for binders, peptide GILGFVFTL, weight CDR2b
2024-11-14 07:57:12,760 - INFO - Processing rows 550 to 575 for binders, peptide GILGFVFTL, weight CDR2b
2024-11-14 07:57:18,199 - INFO - Processing rows 575 to 600 for binders, peptide GILGFVFTL, weight CDR2b
2024-11-14 07:57:23,572 - INFO - Processing rows 600 to 625 for binders, peptide GILGFVFTL, weight CDR2b
2024-11-14 07:57:28,954 - INFO - Processing rows 625 to 650 for binders, peptide GILGFVFTL, weight CDR2b
2024-11-14 07:57:34,402 - INFO - Processing rows 650 to 675 for binders, peptide GILGFVFTL, weight CDR2b
2024-11-14 07:57:39,798 - INFO - Processing rows 675 to 700 for binders, peptide GILGFVFTL, weight CDR2b
2024-11-14 07:57:45,021 - INFO - Processing rows 700 to 725 for binders, peptide GILGFVFTL, weight CDR2b
2024-11-14 07:57:49,778 - INFO - Processing rows 725 to 750 for binders, peptide GILGFVFTL, weight CDR2b
2024-11-14 07:57:55,192 - INFO - Processing rows 750 to 775 for binders, peptide GILGFVFTL, weight CDR2b
2024-11-14 07:58:00,648 - INFO - Processing rows 775 to 800 for binders, peptide GILGFVFTL, weight CDR2b
2024-11-14 07:58:06,189 - INFO - Processing rows 800 to 825 for binders, peptide GILGFVFTL, weight CDR2b
2024-11-14 07:58:11,149 - INFO - Processing rows 825 to 850 for binders, peptide GILGFVFTL, weight CDR2b
2024-11-14 07:58:15,895 - INFO - Processing rows 850 to 875 for binders, peptide GILGFVFTL, weight CDR2b
2024-11-14 07:58:20,843 - INFO - Processing rows 875 to 900 for binders, peptide GILGFVFTL, weight CDR2b
2024-11-14 07:58:26,241 - INFO - Processing rows 900 to 925 for binders, peptide GILGFVFTL, weight CDR2b
2024-11-14 07:58:31,326 - INFO - Processing rows 925 to 950 for binders, peptide GILGFVFTL, weight CDR2b
2024-11-14 07:58:36,367 - INFO - Processing rows 950 to 975 for binders, peptide GILGFVFTL, weight CDR2b
2024-11-14 07:58:41,471 - INFO - Processing rows 975 to 1000 for binders, peptide GILGFVFTL, weight CDR2b
2024-11-14 07:58:46,631 - INFO - Processing rows 1000 to 1025 for binders, peptide GILGFVFTL, weight CDR2b
2024-11-14 07:58:50,612 - INFO - Processing rows 1025 to 1050 for binders, peptide GILGFVFTL, weight CDR2b
2024-11-14 07:58:53,528 - INFO - Processing rows 1050 to 1075 for binders, peptide GILGFVFTL, weight CDR2b
2024-11-14 07:58:56,095 - INFO - Processing rows 1075 to 1100 for binders, peptide GILGFVFTL, weight CDR2b
2024-11-14 07:58:58,983 - INFO - Processing rows 1100 to 1125 for binders, peptide GILGFVFTL, weight CDR2b
2024-11-14 07:59:01,499 - INFO - Processing rows 1125 to 1150 for binders, peptide GILGFVFTL, weight CDR2b
2024-11-14 07:59:04,057 - INFO - Processing rows 1150 to 1165 for binders, peptide GILGFVFTL, weight CDR2b
Traceback (most recent call last):
  File "/net/mimer/mnt/tank/projects2/emison/language_model/27th_Oct_new_matrices/04.11_new_esm/12.11/run_esm_binders.py", line 90, in <module>
    process_sequences(df_filtered, peptide, weight, "binders")
  File "/net/mimer/mnt/tank/projects2/emison/language_model/27th_Oct_new_matrices/04.11_new_esm/12.11/run_esm_binders.py", line 82, in process_sequences
    output_df.insert(0, "raw_index", raw_indexes)
  File "/home/projects2/emison/language_model/miniconda3/envs/esm2_emison/lib/python3.12/site-packages/pandas/core/frame.py", line 5171, in insert
    value, refs = self._sanitize_column(value)
                  ^^^^^^^^^^^^^^^^^^^^^^^^^^^^
  File "/home/projects2/emison/language_model/miniconda3/envs/esm2_emison/lib/python3.12/site-packages/pandas/core/frame.py", line 5266, in _sanitize_column
    com.require_length_match(value, self.index)
  File "/home/projects2/emison/language_model/miniconda3/envs/esm2_emison/lib/python3.12/site-packages/pandas/core/common.py", line 573, in require_length_match
    raise ValueError(
ValueError: Length of values (1165) does not match length of index (15)
