2024-11-14 08:19:17,915 - INFO - Loading and filtering dataset for peptide GILGFVFTL
2024-11-14 08:19:18,205 - INFO - Processing dataset for peptide GILGFVFTL with weight CDR2b
2024-11-14 08:19:18,207 - INFO - Processing rows 0 to 25 for swaps, peptide GILGFVFTL, weight CDR2b
2024-11-14 08:19:22,506 - INFO - Processing rows 25 to 50 for swaps, peptide GILGFVFTL, weight CDR2b
2024-11-14 08:19:26,820 - INFO - Processing rows 50 to 75 for swaps, peptide GILGFVFTL, weight CDR2b
2024-11-14 08:19:31,129 - INFO - Processing rows 75 to 100 for swaps, peptide GILGFVFTL, weight CDR2b
2024-11-14 08:19:35,541 - INFO - Processing rows 100 to 125 for swaps, peptide GILGFVFTL, weight CDR2b
2024-11-14 08:19:40,100 - INFO - Processing rows 125 to 150 for swaps, peptide GILGFVFTL, weight CDR2b
2024-11-14 08:19:44,684 - INFO - Processing rows 150 to 175 for swaps, peptide GILGFVFTL, weight CDR2b
2024-11-14 08:19:49,270 - INFO - Processing rows 175 to 200 for swaps, peptide GILGFVFTL, weight CDR2b
2024-11-14 08:19:53,821 - INFO - Processing rows 200 to 225 for swaps, peptide GILGFVFTL, weight CDR2b
2024-11-14 08:19:58,374 - INFO - Processing rows 225 to 250 for swaps, peptide GILGFVFTL, weight CDR2b
2024-11-14 08:20:02,956 - INFO - Processing rows 250 to 275 for swaps, peptide GILGFVFTL, weight CDR2b
2024-11-14 08:20:07,499 - INFO - Processing rows 275 to 300 for swaps, peptide GILGFVFTL, weight CDR2b
2024-11-14 08:20:12,099 - INFO - Processing rows 300 to 325 for swaps, peptide GILGFVFTL, weight CDR2b
2024-11-14 08:20:16,137 - INFO - Processing rows 325 to 350 for swaps, peptide GILGFVFTL, weight CDR2b
2024-11-14 08:20:20,719 - INFO - Processing rows 350 to 375 for swaps, peptide GILGFVFTL, weight CDR2b
2024-11-14 08:20:25,273 - INFO - Processing rows 375 to 400 for swaps, peptide GILGFVFTL, weight CDR2b
2024-11-14 08:20:29,896 - INFO - Processing rows 400 to 425 for swaps, peptide GILGFVFTL, weight CDR2b
2024-11-14 08:20:34,456 - INFO - Processing rows 425 to 450 for swaps, peptide GILGFVFTL, weight CDR2b
2024-11-14 08:20:38,453 - INFO - Processing rows 450 to 475 for swaps, peptide GILGFVFTL, weight CDR2b
2024-11-14 08:20:42,927 - INFO - Processing rows 475 to 500 for swaps, peptide GILGFVFTL, weight CDR2b
2024-11-14 08:20:47,385 - INFO - Processing rows 500 to 525 for swaps, peptide GILGFVFTL, weight CDR2b
2024-11-14 08:20:51,342 - INFO - Processing rows 525 to 550 for swaps, peptide GILGFVFTL, weight CDR2b
2024-11-14 08:20:55,804 - INFO - Processing rows 550 to 575 for swaps, peptide GILGFVFTL, weight CDR2b
2024-11-14 08:21:00,276 - INFO - Processing rows 575 to 600 for swaps, peptide GILGFVFTL, weight CDR2b
2024-11-14 08:21:04,730 - INFO - Processing rows 600 to 625 for swaps, peptide GILGFVFTL, weight CDR2b
2024-11-14 08:21:09,253 - INFO - Processing rows 625 to 650 for swaps, peptide GILGFVFTL, weight CDR2b
2024-11-14 08:21:13,850 - INFO - Processing rows 650 to 675 for swaps, peptide GILGFVFTL, weight CDR2b
2024-11-14 08:21:18,441 - INFO - Processing rows 675 to 700 for swaps, peptide GILGFVFTL, weight CDR2b
2024-11-14 08:21:23,000 - INFO - Processing rows 700 to 725 for swaps, peptide GILGFVFTL, weight CDR2b
2024-11-14 08:21:27,059 - INFO - Processing rows 725 to 750 for swaps, peptide GILGFVFTL, weight CDR2b
2024-11-14 08:21:31,613 - INFO - Processing rows 750 to 775 for swaps, peptide GILGFVFTL, weight CDR2b
2024-11-14 08:21:36,167 - INFO - Processing rows 775 to 800 for swaps, peptide GILGFVFTL, weight CDR2b
2024-11-14 08:21:40,711 - INFO - Processing rows 800 to 825 for swaps, peptide GILGFVFTL, weight CDR2b
2024-11-14 08:21:45,259 - INFO - Processing rows 825 to 850 for swaps, peptide GILGFVFTL, weight CDR2b
2024-11-14 08:21:49,750 - INFO - Processing rows 850 to 875 for swaps, peptide GILGFVFTL, weight CDR2b
2024-11-14 08:21:54,248 - INFO - Processing rows 875 to 900 for swaps, peptide GILGFVFTL, weight CDR2b
2024-11-14 08:21:58,798 - INFO - Processing rows 900 to 925 for swaps, peptide GILGFVFTL, weight CDR2b
2024-11-14 08:22:03,342 - INFO - Processing rows 925 to 950 for swaps, peptide GILGFVFTL, weight CDR2b
2024-11-14 08:22:07,886 - INFO - Processing rows 950 to 975 for swaps, peptide GILGFVFTL, weight CDR2b
2024-11-14 08:22:12,430 - INFO - Processing rows 975 to 1000 for swaps, peptide GILGFVFTL, weight CDR2b
2024-11-14 08:22:16,894 - INFO - Processing rows 1000 to 1025 for swaps, peptide GILGFVFTL, weight CDR2b
2024-11-14 08:22:21,435 - INFO - Processing rows 1025 to 1050 for swaps, peptide GILGFVFTL, weight CDR2b
2024-11-14 08:22:25,978 - INFO - Processing rows 1050 to 1075 for swaps, peptide GILGFVFTL, weight CDR2b
2024-11-14 08:22:30,520 - INFO - Processing rows 1075 to 1100 for swaps, peptide GILGFVFTL, weight CDR2b
2024-11-14 08:22:34,569 - INFO - Processing rows 1100 to 1125 for swaps, peptide GILGFVFTL, weight CDR2b
2024-11-14 08:22:39,120 - INFO - Processing rows 1125 to 1150 for swaps, peptide GILGFVFTL, weight CDR2b
2024-11-14 08:22:43,592 - INFO - Processing rows 1150 to 1175 for swaps, peptide GILGFVFTL, weight CDR2b
2024-11-14 08:22:47,586 - INFO - Processing rows 1175 to 1200 for swaps, peptide GILGFVFTL, weight CDR2b
2024-11-14 08:22:52,054 - INFO - Processing rows 1200 to 1225 for swaps, peptide GILGFVFTL, weight CDR2b
2024-11-14 08:22:56,519 - INFO - Processing rows 1225 to 1250 for swaps, peptide GILGFVFTL, weight CDR2b
2024-11-14 08:23:00,980 - INFO - Processing rows 1250 to 1275 for swaps, peptide GILGFVFTL, weight CDR2b
2024-11-14 08:23:05,447 - INFO - Processing rows 1275 to 1300 for swaps, peptide GILGFVFTL, weight CDR2b
2024-11-14 08:23:09,908 - INFO - Processing rows 1300 to 1325 for swaps, peptide GILGFVFTL, weight CDR2b
2024-11-14 08:23:14,361 - INFO - Processing rows 1325 to 1350 for swaps, peptide GILGFVFTL, weight CDR2b
2024-11-14 08:23:18,825 - INFO - Processing rows 1350 to 1375 for swaps, peptide GILGFVFTL, weight CDR2b
2024-11-14 08:23:23,285 - INFO - Processing rows 1375 to 1400 for swaps, peptide GILGFVFTL, weight CDR2b
2024-11-14 08:23:27,748 - INFO - Processing rows 1400 to 1425 for swaps, peptide GILGFVFTL, weight CDR2b
2024-11-14 08:23:32,210 - INFO - Processing rows 1425 to 1450 for swaps, peptide GILGFVFTL, weight CDR2b
2024-11-14 08:23:36,674 - INFO - Processing rows 1450 to 1475 for swaps, peptide GILGFVFTL, weight CDR2b
2024-11-14 08:23:41,174 - INFO - Processing rows 1475 to 1500 for swaps, peptide GILGFVFTL, weight CDR2b
2024-11-14 08:23:45,722 - INFO - Processing rows 1500 to 1525 for swaps, peptide GILGFVFTL, weight CDR2b
2024-11-14 08:23:50,272 - INFO - Processing rows 1525 to 1550 for swaps, peptide GILGFVFTL, weight CDR2b
2024-11-14 08:23:54,819 - INFO - Processing rows 1550 to 1575 for swaps, peptide GILGFVFTL, weight CDR2b
2024-11-14 08:23:59,284 - INFO - Processing rows 1575 to 1600 for swaps, peptide GILGFVFTL, weight CDR2b
2024-11-14 08:24:03,830 - INFO - Processing rows 1600 to 1625 for swaps, peptide GILGFVFTL, weight CDR2b
2024-11-14 08:24:08,377 - INFO - Processing rows 1625 to 1650 for swaps, peptide GILGFVFTL, weight CDR2b
2024-11-14 08:24:12,922 - INFO - Processing rows 1650 to 1675 for swaps, peptide GILGFVFTL, weight CDR2b
2024-11-14 08:24:17,470 - INFO - Processing rows 1675 to 1700 for swaps, peptide GILGFVFTL, weight CDR2b
2024-11-14 08:24:21,509 - INFO - Processing rows 1700 to 1725 for swaps, peptide GILGFVFTL, weight CDR2b
2024-11-14 08:24:25,484 - INFO - Processing rows 1725 to 1750 for swaps, peptide GILGFVFTL, weight CDR2b
2024-11-14 08:24:30,037 - INFO - Processing rows 1750 to 1775 for swaps, peptide GILGFVFTL, weight CDR2b
2024-11-14 08:24:34,538 - INFO - Processing rows 1775 to 1800 for swaps, peptide GILGFVFTL, weight CDR2b
2024-11-14 08:24:39,036 - INFO - Processing rows 1800 to 1825 for swaps, peptide GILGFVFTL, weight CDR2b
2024-11-14 08:24:43,517 - INFO - Processing rows 1825 to 1850 for swaps, peptide GILGFVFTL, weight CDR2b
2024-11-14 08:24:48,049 - INFO - Processing rows 1850 to 1875 for swaps, peptide GILGFVFTL, weight CDR2b
2024-11-14 08:24:52,593 - INFO - Processing rows 1875 to 1900 for swaps, peptide GILGFVFTL, weight CDR2b
2024-11-14 08:24:57,138 - INFO - Processing rows 1900 to 1925 for swaps, peptide GILGFVFTL, weight CDR2b
2024-11-14 08:25:01,686 - INFO - Processing rows 1925 to 1950 for swaps, peptide GILGFVFTL, weight CDR2b
2024-11-14 08:25:06,240 - INFO - Processing rows 1950 to 1975 for swaps, peptide GILGFVFTL, weight CDR2b
2024-11-14 08:25:10,698 - INFO - Processing rows 1975 to 2000 for swaps, peptide GILGFVFTL, weight CDR2b
2024-11-14 08:25:15,241 - INFO - Processing rows 2000 to 2025 for swaps, peptide GILGFVFTL, weight CDR2b
2024-11-14 08:25:19,795 - INFO - Processing rows 2025 to 2050 for swaps, peptide GILGFVFTL, weight CDR2b
2024-11-14 08:25:24,336 - INFO - Processing rows 2050 to 2075 for swaps, peptide GILGFVFTL, weight CDR2b
2024-11-14 08:25:28,876 - INFO - Processing rows 2075 to 2100 for swaps, peptide GILGFVFTL, weight CDR2b
2024-11-14 08:25:33,368 - INFO - Processing rows 2100 to 2125 for swaps, peptide GILGFVFTL, weight CDR2b
2024-11-14 08:25:37,827 - INFO - Processing rows 2125 to 2150 for swaps, peptide GILGFVFTL, weight CDR2b
2024-11-14 08:25:42,286 - INFO - Processing rows 2150 to 2175 for swaps, peptide GILGFVFTL, weight CDR2b
2024-11-14 08:25:46,743 - INFO - Processing rows 2175 to 2200 for swaps, peptide GILGFVFTL, weight CDR2b
2024-11-14 08:25:51,199 - INFO - Processing rows 2200 to 2225 for swaps, peptide GILGFVFTL, weight CDR2b
2024-11-14 08:25:55,676 - INFO - Processing rows 2225 to 2250 for swaps, peptide GILGFVFTL, weight CDR2b
2024-11-14 08:26:00,130 - INFO - Processing rows 2250 to 2275 for swaps, peptide GILGFVFTL, weight CDR2b
2024-11-14 08:26:04,543 - INFO - Processing rows 2275 to 2300 for swaps, peptide GILGFVFTL, weight CDR2b
2024-11-14 08:26:08,954 - INFO - Processing rows 2300 to 2325 for swaps, peptide GILGFVFTL, weight CDR2b
2024-11-14 08:26:13,367 - INFO - Processing rows 2325 to 2350 for swaps, peptide GILGFVFTL, weight CDR2b
2024-11-14 08:26:17,784 - INFO - Processing rows 2350 to 2375 for swaps, peptide GILGFVFTL, weight CDR2b
2024-11-14 08:26:22,199 - INFO - Processing rows 2375 to 2400 for swaps, peptide GILGFVFTL, weight CDR2b
2024-11-14 08:26:26,612 - INFO - Processing rows 2400 to 2425 for swaps, peptide GILGFVFTL, weight CDR2b
2024-11-14 08:26:31,034 - INFO - Processing rows 2425 to 2450 for swaps, peptide GILGFVFTL, weight CDR2b
2024-11-14 08:26:35,450 - INFO - Processing rows 2450 to 2475 for swaps, peptide GILGFVFTL, weight CDR2b
2024-11-14 08:26:39,370 - INFO - Processing rows 2475 to 2500 for swaps, peptide GILGFVFTL, weight CDR2b
2024-11-14 08:26:43,788 - INFO - Processing rows 2500 to 2525 for swaps, peptide GILGFVFTL, weight CDR2b
2024-11-14 08:26:48,202 - INFO - Processing rows 2525 to 2550 for swaps, peptide GILGFVFTL, weight CDR2b
2024-11-14 08:26:52,620 - INFO - Processing rows 2550 to 2575 for swaps, peptide GILGFVFTL, weight CDR2b
2024-11-14 08:26:57,032 - INFO - Processing rows 2575 to 2600 for swaps, peptide GILGFVFTL, weight CDR2b
2024-11-14 08:27:01,450 - INFO - Processing rows 2600 to 2625 for swaps, peptide GILGFVFTL, weight CDR2b
2024-11-14 08:27:05,864 - INFO - Processing rows 2625 to 2650 for swaps, peptide GILGFVFTL, weight CDR2b
2024-11-14 08:27:10,278 - INFO - Processing rows 2650 to 2675 for swaps, peptide GILGFVFTL, weight CDR2b
2024-11-14 08:27:14,692 - INFO - Processing rows 2675 to 2700 for swaps, peptide GILGFVFTL, weight CDR2b
2024-11-14 08:27:19,116 - INFO - Processing rows 2700 to 2725 for swaps, peptide GILGFVFTL, weight CDR2b
2024-11-14 08:27:23,538 - INFO - Processing rows 2725 to 2750 for swaps, peptide GILGFVFTL, weight CDR2b
2024-11-14 08:27:27,958 - INFO - Processing rows 2750 to 2775 for swaps, peptide GILGFVFTL, weight CDR2b
2024-11-14 08:27:32,374 - INFO - Processing rows 2775 to 2800 for swaps, peptide GILGFVFTL, weight CDR2b
2024-11-14 08:27:36,792 - INFO - Processing rows 2800 to 2825 for swaps, peptide GILGFVFTL, weight CDR2b
2024-11-14 08:27:41,247 - INFO - Processing rows 2825 to 2850 for swaps, peptide GILGFVFTL, weight CDR2b
2024-11-14 08:27:45,750 - INFO - Processing rows 2850 to 2875 for swaps, peptide GILGFVFTL, weight CDR2b
2024-11-14 08:27:50,257 - INFO - Processing rows 2875 to 2900 for swaps, peptide GILGFVFTL, weight CDR2b
2024-11-14 08:27:54,675 - INFO - Processing rows 2900 to 2925 for swaps, peptide GILGFVFTL, weight CDR2b
2024-11-14 08:27:59,176 - INFO - Processing rows 2925 to 2950 for swaps, peptide GILGFVFTL, weight CDR2b
2024-11-14 08:28:03,677 - INFO - Processing rows 2950 to 2975 for swaps, peptide GILGFVFTL, weight CDR2b
2024-11-14 08:28:08,182 - INFO - Processing rows 2975 to 3000 for swaps, peptide GILGFVFTL, weight CDR2b
2024-11-14 08:28:12,690 - INFO - Processing rows 3000 to 3025 for swaps, peptide GILGFVFTL, weight CDR2b
2024-11-14 08:28:17,108 - INFO - Processing rows 3025 to 3050 for swaps, peptide GILGFVFTL, weight CDR2b
2024-11-14 08:28:21,610 - INFO - Processing rows 3050 to 3075 for swaps, peptide GILGFVFTL, weight CDR2b
2024-11-14 08:28:26,112 - INFO - Processing rows 3075 to 3100 for swaps, peptide GILGFVFTL, weight CDR2b
2024-11-14 08:28:30,614 - INFO - Processing rows 3100 to 3125 for swaps, peptide GILGFVFTL, weight CDR2b
2024-11-14 08:28:35,065 - INFO - Processing rows 3125 to 3150 for swaps, peptide GILGFVFTL, weight CDR2b
2024-11-14 08:28:39,480 - INFO - Processing rows 3150 to 3175 for swaps, peptide GILGFVFTL, weight CDR2b
2024-11-14 08:28:43,940 - INFO - Processing rows 3175 to 3200 for swaps, peptide GILGFVFTL, weight CDR2b
2024-11-14 08:28:47,947 - INFO - Processing rows 3200 to 3225 for swaps, peptide GILGFVFTL, weight CDR2b
2024-11-14 08:28:52,475 - INFO - Processing rows 3225 to 3250 for swaps, peptide GILGFVFTL, weight CDR2b
2024-11-14 08:28:56,473 - INFO - Processing rows 3250 to 3275 for swaps, peptide GILGFVFTL, weight CDR2b
2024-11-14 08:29:00,913 - INFO - Processing rows 3275 to 3300 for swaps, peptide GILGFVFTL, weight CDR2b
2024-11-14 08:29:05,415 - INFO - Processing rows 3300 to 3325 for swaps, peptide GILGFVFTL, weight CDR2b
2024-11-14 08:29:09,914 - INFO - Processing rows 3325 to 3350 for swaps, peptide GILGFVFTL, weight CDR2b
2024-11-14 08:29:14,414 - INFO - Processing rows 3350 to 3375 for swaps, peptide GILGFVFTL, weight CDR2b
2024-11-14 08:29:18,914 - INFO - Processing rows 3375 to 3400 for swaps, peptide GILGFVFTL, weight CDR2b
2024-11-14 08:29:23,330 - INFO - Processing rows 3400 to 3425 for swaps, peptide GILGFVFTL, weight CDR2b
2024-11-14 08:29:27,828 - INFO - Processing rows 3425 to 3450 for swaps, peptide GILGFVFTL, weight CDR2b
2024-11-14 08:29:31,831 - INFO - Processing rows 3450 to 3475 for swaps, peptide GILGFVFTL, weight CDR2b
2024-11-14 08:29:36,306 - INFO - Processing rows 3475 to 3500 for swaps, peptide GILGFVFTL, weight CDR2b
2024-11-14 08:29:40,718 - INFO - Processing rows 3500 to 3525 for swaps, peptide GILGFVFTL, weight CDR2b
2024-11-14 08:29:45,129 - INFO - Processing rows 3525 to 3550 for swaps, peptide GILGFVFTL, weight CDR2b
2024-11-14 08:29:49,542 - INFO - Processing rows 3550 to 3575 for swaps, peptide GILGFVFTL, weight CDR2b
2024-11-14 08:29:53,950 - INFO - Processing rows 3575 to 3600 for swaps, peptide GILGFVFTL, weight CDR2b
2024-11-14 08:29:58,359 - INFO - Processing rows 3600 to 3625 for swaps, peptide GILGFVFTL, weight CDR2b
2024-11-14 08:30:02,770 - INFO - Processing rows 3625 to 3650 for swaps, peptide GILGFVFTL, weight CDR2b
2024-11-14 08:30:07,184 - INFO - Processing rows 3650 to 3675 for swaps, peptide GILGFVFTL, weight CDR2b
2024-11-14 08:30:11,595 - INFO - Processing rows 3675 to 3700 for swaps, peptide GILGFVFTL, weight CDR2b
2024-11-14 08:30:16,018 - INFO - Processing rows 3700 to 3725 for swaps, peptide GILGFVFTL, weight CDR2b
2024-11-14 08:30:20,452 - INFO - Processing rows 3725 to 3750 for swaps, peptide GILGFVFTL, weight CDR2b
2024-11-14 08:30:24,370 - INFO - Processing rows 3750 to 3775 for swaps, peptide GILGFVFTL, weight CDR2b
2024-11-14 08:30:28,791 - INFO - Processing rows 3775 to 3800 for swaps, peptide GILGFVFTL, weight CDR2b
2024-11-14 08:30:33,251 - INFO - Processing rows 3800 to 3825 for swaps, peptide GILGFVFTL, weight CDR2b
2024-11-14 08:30:37,772 - INFO - Processing rows 3825 to 3850 for swaps, peptide GILGFVFTL, weight CDR2b
2024-11-14 08:30:42,277 - INFO - Processing rows 3850 to 3875 for swaps, peptide GILGFVFTL, weight CDR2b
2024-11-14 08:30:46,738 - INFO - Processing rows 3875 to 3900 for swaps, peptide GILGFVFTL, weight CDR2b
2024-11-14 08:30:51,216 - INFO - Processing rows 3900 to 3925 for swaps, peptide GILGFVFTL, weight CDR2b
2024-11-14 08:30:55,739 - INFO - Processing rows 3925 to 3950 for swaps, peptide GILGFVFTL, weight CDR2b
2024-11-14 08:31:00,242 - INFO - Processing rows 3950 to 3975 for swaps, peptide GILGFVFTL, weight CDR2b
2024-11-14 08:31:04,762 - INFO - Processing rows 3975 to 4000 for swaps, peptide GILGFVFTL, weight CDR2b
2024-11-14 08:31:09,265 - INFO - Processing rows 4000 to 4025 for swaps, peptide GILGFVFTL, weight CDR2b
2024-11-14 08:31:13,699 - INFO - Processing rows 4025 to 4050 for swaps, peptide GILGFVFTL, weight CDR2b
2024-11-14 08:31:18,201 - INFO - Processing rows 4050 to 4075 for swaps, peptide GILGFVFTL, weight CDR2b
2024-11-14 08:31:22,720 - INFO - Processing rows 4075 to 4100 for swaps, peptide GILGFVFTL, weight CDR2b
2024-11-14 08:31:26,674 - INFO - Processing rows 4100 to 4125 for swaps, peptide GILGFVFTL, weight CDR2b
2024-11-14 08:31:31,109 - INFO - Processing rows 4125 to 4150 for swaps, peptide GILGFVFTL, weight CDR2b
2024-11-14 08:31:35,552 - INFO - Processing rows 4150 to 4175 for swaps, peptide GILGFVFTL, weight CDR2b
2024-11-14 08:31:40,072 - INFO - Processing rows 4175 to 4200 for swaps, peptide GILGFVFTL, weight CDR2b
2024-11-14 08:31:44,574 - INFO - Processing rows 4200 to 4225 for swaps, peptide GILGFVFTL, weight CDR2b
2024-11-14 08:31:49,090 - INFO - Processing rows 4225 to 4250 for swaps, peptide GILGFVFTL, weight CDR2b
2024-11-14 08:31:53,589 - INFO - Processing rows 4250 to 4275 for swaps, peptide GILGFVFTL, weight CDR2b
2024-11-14 08:31:58,022 - INFO - Processing rows 4275 to 4300 for swaps, peptide GILGFVFTL, weight CDR2b
2024-11-14 08:32:02,526 - INFO - Processing rows 4300 to 4325 for swaps, peptide GILGFVFTL, weight CDR2b
2024-11-14 08:32:07,042 - INFO - Processing rows 4325 to 4350 for swaps, peptide GILGFVFTL, weight CDR2b
2024-11-14 08:32:11,544 - INFO - Processing rows 4350 to 4375 for swaps, peptide GILGFVFTL, weight CDR2b
2024-11-14 08:32:16,059 - INFO - Processing rows 4375 to 4400 for swaps, peptide GILGFVFTL, weight CDR2b
2024-11-14 08:32:19,972 - INFO - Processing rows 4400 to 4425 for swaps, peptide GILGFVFTL, weight CDR2b
2024-11-14 08:32:24,473 - INFO - Processing rows 4425 to 4450 for swaps, peptide GILGFVFTL, weight CDR2b
2024-11-14 08:32:28,924 - INFO - Processing rows 4450 to 4475 for swaps, peptide GILGFVFTL, weight CDR2b
2024-11-14 08:32:33,357 - INFO - Processing rows 4475 to 4500 for swaps, peptide GILGFVFTL, weight CDR2b
2024-11-14 08:32:37,770 - INFO - Processing rows 4500 to 4525 for swaps, peptide GILGFVFTL, weight CDR2b
2024-11-14 08:32:42,202 - INFO - Processing rows 4525 to 4550 for swaps, peptide GILGFVFTL, weight CDR2b
2024-11-14 08:32:46,617 - INFO - Processing rows 4550 to 4575 for swaps, peptide GILGFVFTL, weight CDR2b
2024-11-14 08:32:51,051 - INFO - Processing rows 4575 to 4600 for swaps, peptide GILGFVFTL, weight CDR2b
2024-11-14 08:32:54,965 - INFO - Processing rows 4600 to 4625 for swaps, peptide GILGFVFTL, weight CDR2b
2024-11-14 08:32:59,396 - INFO - Processing rows 4625 to 4650 for swaps, peptide GILGFVFTL, weight CDR2b
2024-11-14 08:33:03,809 - INFO - Processing rows 4650 to 4675 for swaps, peptide GILGFVFTL, weight CDR2b
2024-11-14 08:33:08,225 - INFO - Processing rows 4675 to 4700 for swaps, peptide GILGFVFTL, weight CDR2b
2024-11-14 08:33:12,641 - INFO - Processing rows 4700 to 4725 for swaps, peptide GILGFVFTL, weight CDR2b
2024-11-14 08:33:17,056 - INFO - Processing rows 4725 to 4750 for swaps, peptide GILGFVFTL, weight CDR2b
2024-11-14 08:33:21,471 - INFO - Processing rows 4750 to 4775 for swaps, peptide GILGFVFTL, weight CDR2b
2024-11-14 08:33:25,887 - INFO - Processing rows 4775 to 4800 for swaps, peptide GILGFVFTL, weight CDR2b
2024-11-14 08:33:30,302 - INFO - Processing rows 4800 to 4825 for swaps, peptide GILGFVFTL, weight CDR2b
2024-11-14 08:33:34,717 - INFO - Processing rows 4825 to 4850 for swaps, peptide GILGFVFTL, weight CDR2b
2024-11-14 08:33:39,133 - INFO - Processing rows 4850 to 4875 for swaps, peptide GILGFVFTL, weight CDR2b
2024-11-14 08:33:43,550 - INFO - Processing rows 4875 to 4900 for swaps, peptide GILGFVFTL, weight CDR2b
2024-11-14 08:33:47,987 - INFO - Processing rows 4900 to 4925 for swaps, peptide GILGFVFTL, weight CDR2b
2024-11-14 08:33:52,404 - INFO - Processing rows 4925 to 4950 for swaps, peptide GILGFVFTL, weight CDR2b
2024-11-14 08:33:56,817 - INFO - Processing rows 4950 to 4975 for swaps, peptide GILGFVFTL, weight CDR2b
2024-11-14 08:34:01,226 - INFO - Processing rows 4975 to 5000 for swaps, peptide GILGFVFTL, weight CDR2b
2024-11-14 08:34:05,667 - INFO - Processing rows 5000 to 5025 for swaps, peptide GILGFVFTL, weight CDR2b
2024-11-14 08:34:10,102 - INFO - Processing rows 5025 to 5050 for swaps, peptide GILGFVFTL, weight CDR2b
2024-11-14 08:34:14,579 - INFO - Processing rows 5050 to 5075 for swaps, peptide GILGFVFTL, weight CDR2b
2024-11-14 08:34:19,126 - INFO - Processing rows 5075 to 5100 for swaps, peptide GILGFVFTL, weight CDR2b
2024-11-14 08:34:23,673 - INFO - Processing rows 5100 to 5125 for swaps, peptide GILGFVFTL, weight CDR2b
2024-11-14 08:34:28,158 - INFO - Processing rows 5125 to 5150 for swaps, peptide GILGFVFTL, weight CDR2b
2024-11-14 08:34:32,675 - INFO - Processing rows 5150 to 5175 for swaps, peptide GILGFVFTL, weight CDR2b
2024-11-14 08:34:37,219 - INFO - Processing rows 5175 to 5200 for swaps, peptide GILGFVFTL, weight CDR2b
2024-11-14 08:34:41,759 - INFO - Processing rows 5200 to 5225 for swaps, peptide GILGFVFTL, weight CDR2b
2024-11-14 08:34:46,300 - INFO - Processing rows 5225 to 5250 for swaps, peptide GILGFVFTL, weight CDR2b
2024-11-14 08:34:50,842 - INFO - Processing rows 5250 to 5275 for swaps, peptide GILGFVFTL, weight CDR2b
2024-11-14 08:34:55,304 - INFO - Processing rows 5275 to 5300 for swaps, peptide GILGFVFTL, weight CDR2b
2024-11-14 08:34:59,845 - INFO - Processing rows 5300 to 5325 for swaps, peptide GILGFVFTL, weight CDR2b
2024-11-14 08:35:04,394 - INFO - Processing rows 5325 to 5350 for swaps, peptide GILGFVFTL, weight CDR2b
2024-11-14 08:35:08,898 - INFO - Processing rows 5350 to 5375 for swaps, peptide GILGFVFTL, weight CDR2b
2024-11-14 08:35:13,382 - INFO - Processing rows 5375 to 5400 for swaps, peptide GILGFVFTL, weight CDR2b
2024-11-14 08:35:17,885 - INFO - Processing rows 5400 to 5425 for swaps, peptide GILGFVFTL, weight CDR2b
2024-11-14 08:35:22,390 - INFO - Processing rows 5425 to 5450 for swaps, peptide GILGFVFTL, weight CDR2b
2024-11-14 08:35:26,932 - INFO - Processing rows 5450 to 5475 for swaps, peptide GILGFVFTL, weight CDR2b
2024-11-14 08:35:31,472 - INFO - Processing rows 5475 to 5500 for swaps, peptide GILGFVFTL, weight CDR2b
2024-11-14 08:35:36,015 - INFO - Processing rows 5500 to 5525 for swaps, peptide GILGFVFTL, weight CDR2b
2024-11-14 08:35:40,558 - INFO - Processing rows 5525 to 5550 for swaps, peptide GILGFVFTL, weight CDR2b
2024-11-14 08:35:45,018 - INFO - Processing rows 5550 to 5575 for swaps, peptide GILGFVFTL, weight CDR2b
2024-11-14 08:35:49,561 - INFO - Processing rows 5575 to 5600 for swaps, peptide GILGFVFTL, weight CDR2b
2024-11-14 08:35:54,101 - INFO - Processing rows 5600 to 5625 for swaps, peptide GILGFVFTL, weight CDR2b
2024-11-14 08:35:58,640 - INFO - Processing rows 5625 to 5650 for swaps, peptide GILGFVFTL, weight CDR2b
2024-11-14 08:36:03,182 - INFO - Processing rows 5650 to 5675 for swaps, peptide GILGFVFTL, weight CDR2b
2024-11-14 08:36:07,688 - INFO - Processing rows 5675 to 5700 for swaps, peptide GILGFVFTL, weight CDR2b
2024-11-14 08:36:12,145 - INFO - Processing rows 5700 to 5725 for swaps, peptide GILGFVFTL, weight CDR2b
2024-11-14 08:36:16,601 - INFO - Processing rows 5725 to 5750 for swaps, peptide GILGFVFTL, weight CDR2b
2024-11-14 08:36:21,051 - INFO - Processing rows 5750 to 5775 for swaps, peptide GILGFVFTL, weight CDR2b
2024-11-14 08:36:25,509 - INFO - Processing rows 5775 to 5800 for swaps, peptide GILGFVFTL, weight CDR2b
2024-11-14 08:36:29,962 - INFO - Processing rows 5800 to 5825 for swaps, peptide GILGFVFTL, weight CDR2b
2024-11-14 08:36:34,417 - INFO - Processing rows 5825 to 5850 for swaps, peptide GILGFVFTL, weight CDR2b
2024-11-14 08:36:38,873 - INFO - Processing rows 5850 to 5875 for swaps, peptide GILGFVFTL, weight CDR2b
2024-11-14 08:36:43,326 - INFO - Processing rows 5875 to 5900 for swaps, peptide GILGFVFTL, weight CDR2b
2024-11-14 08:36:47,780 - INFO - Processing rows 5900 to 5925 for swaps, peptide GILGFVFTL, weight CDR2b
2024-11-14 08:36:52,233 - INFO - Processing rows 5925 to 5950 for swaps, peptide GILGFVFTL, weight CDR2b
2024-11-14 08:36:56,697 - INFO - Processing rows 5950 to 5975 for swaps, peptide GILGFVFTL, weight CDR2b
2024-11-14 08:37:01,159 - INFO - Processing rows 5975 to 6000 for swaps, peptide GILGFVFTL, weight CDR2b
2024-11-14 08:37:05,622 - INFO - Processing rows 6000 to 6025 for swaps, peptide GILGFVFTL, weight CDR2b
2024-11-14 08:37:10,081 - INFO - Processing rows 6025 to 6050 for swaps, peptide GILGFVFTL, weight CDR2b
2024-11-14 08:37:14,542 - INFO - Processing rows 6050 to 6075 for swaps, peptide GILGFVFTL, weight CDR2b
2024-11-14 08:37:19,006 - INFO - Processing rows 6075 to 6100 for swaps, peptide GILGFVFTL, weight CDR2b
2024-11-14 08:37:23,463 - INFO - Processing rows 6100 to 6125 for swaps, peptide GILGFVFTL, weight CDR2b
2024-11-14 08:37:27,917 - INFO - Processing rows 6125 to 6150 for swaps, peptide GILGFVFTL, weight CDR2b
2024-11-14 08:37:32,371 - INFO - Processing rows 6150 to 6175 for swaps, peptide GILGFVFTL, weight CDR2b
2024-11-14 08:37:36,828 - INFO - Processing rows 6175 to 6200 for swaps, peptide GILGFVFTL, weight CDR2b
2024-11-14 08:37:41,282 - INFO - Processing rows 6200 to 6225 for swaps, peptide GILGFVFTL, weight CDR2b
2024-11-14 08:37:45,738 - INFO - Processing rows 6225 to 6250 for swaps, peptide GILGFVFTL, weight CDR2b
2024-11-14 08:37:50,195 - INFO - Processing rows 6250 to 6275 for swaps, peptide GILGFVFTL, weight CDR2b
2024-11-14 08:37:54,653 - INFO - Processing rows 6275 to 6300 for swaps, peptide GILGFVFTL, weight CDR2b
2024-11-14 08:37:59,114 - INFO - Processing rows 6300 to 6325 for swaps, peptide GILGFVFTL, weight CDR2b
2024-11-14 08:38:03,575 - INFO - Processing rows 6325 to 6350 for swaps, peptide GILGFVFTL, weight CDR2b
2024-11-14 08:38:08,034 - INFO - Processing rows 6350 to 6375 for swaps, peptide GILGFVFTL, weight CDR2b
2024-11-14 08:38:12,489 - INFO - Processing rows 6375 to 6400 for swaps, peptide GILGFVFTL, weight CDR2b
2024-11-14 08:38:16,967 - INFO - Processing rows 6400 to 6425 for swaps, peptide GILGFVFTL, weight CDR2b
2024-11-14 08:38:21,510 - INFO - Processing rows 6425 to 6450 for swaps, peptide GILGFVFTL, weight CDR2b
2024-11-14 08:38:26,053 - INFO - Processing rows 6450 to 6475 for swaps, peptide GILGFVFTL, weight CDR2b
2024-11-14 08:38:30,594 - INFO - Processing rows 6475 to 6500 for swaps, peptide GILGFVFTL, weight CDR2b
2024-11-14 08:38:35,073 - INFO - Processing rows 6500 to 6525 for swaps, peptide GILGFVFTL, weight CDR2b
2024-11-14 08:38:39,591 - INFO - Processing rows 6525 to 6550 for swaps, peptide GILGFVFTL, weight CDR2b
2024-11-14 08:38:44,132 - INFO - Processing rows 6550 to 6575 for swaps, peptide GILGFVFTL, weight CDR2b
2024-11-14 08:38:48,674 - INFO - Processing rows 6575 to 6600 for swaps, peptide GILGFVFTL, weight CDR2b
2024-11-14 08:38:53,215 - INFO - Processing rows 6600 to 6625 for swaps, peptide GILGFVFTL, weight CDR2b
2024-11-14 08:38:57,761 - INFO - Processing rows 6625 to 6650 for swaps, peptide GILGFVFTL, weight CDR2b
2024-11-14 08:39:02,220 - INFO - Processing rows 6650 to 6675 for swaps, peptide GILGFVFTL, weight CDR2b
2024-11-14 08:39:06,763 - INFO - Processing rows 6675 to 6700 for swaps, peptide GILGFVFTL, weight CDR2b
2024-11-14 08:39:11,276 - INFO - Processing rows 6700 to 6725 for swaps, peptide GILGFVFTL, weight CDR2b
2024-11-14 08:39:15,247 - INFO - Processing rows 6725 to 6750 for swaps, peptide GILGFVFTL, weight CDR2b
2024-11-14 08:39:19,246 - INFO - Processing rows 6750 to 6775 for swaps, peptide GILGFVFTL, weight CDR2b
2024-11-14 08:39:23,240 - INFO - Processing rows 6775 to 6800 for swaps, peptide GILGFVFTL, weight CDR2b
2024-11-14 08:39:27,795 - INFO - Processing rows 6800 to 6825 for swaps, peptide GILGFVFTL, weight CDR2b
2024-11-14 08:39:32,342 - INFO - Processing rows 6825 to 6850 for swaps, peptide GILGFVFTL, weight CDR2b
2024-11-14 08:39:36,389 - INFO - Processing rows 6850 to 6875 for swaps, peptide GILGFVFTL, weight CDR2b
2024-11-14 08:39:40,859 - INFO - Processing rows 6875 to 6900 for swaps, peptide GILGFVFTL, weight CDR2b
2024-11-14 08:39:44,904 - INFO - Processing rows 6900 to 6925 for swaps, peptide GILGFVFTL, weight CDR2b
2024-11-14 08:39:49,454 - INFO - Processing rows 6925 to 6950 for swaps, peptide GILGFVFTL, weight CDR2b
2024-11-14 08:39:53,995 - INFO - Processing rows 6950 to 6975 for swaps, peptide GILGFVFTL, weight CDR2b
2024-11-14 08:39:58,536 - INFO - Processing rows 6975 to 6990 for swaps, peptide GILGFVFTL, weight CDR2b
2024-11-14 08:40:01,406 - INFO - ESM finished.. Saving file...
2024-11-14 09:11:35,435 - INFO - Saved to /net/mimer/mnt/tank/projects2/emison/language_model/27th_Oct_new_matrices/04.11_new_esm/12.11/sequence_summed_vectors_swaps_GILGFVFTL_CDR2b.csv
