2024-11-14 07:56:03,836 - INFO - Loading and filtering dataset for peptide GILGFVFTL
2024-11-14 07:56:03,894 - INFO - Processing dataset for peptide GILGFVFTL with weight CDR1a
2024-11-14 07:56:03,896 - INFO - Processing rows 0 to 25 for binders, peptide GILGFVFTL, weight CDR1a
2024-11-14 07:56:06,915 - INFO - Processing rows 25 to 50 for binders, peptide GILGFVFTL, weight CDR1a
2024-11-14 07:56:09,870 - INFO - Processing rows 50 to 75 for binders, peptide GILGFVFTL, weight CDR1a
2024-11-14 07:56:12,790 - INFO - Processing rows 75 to 100 for binders, peptide GILGFVFTL, weight CDR1a
2024-11-14 07:56:15,813 - INFO - Processing rows 100 to 125 for binders, peptide GILGFVFTL, weight CDR1a
2024-11-14 07:56:18,768 - INFO - Processing rows 125 to 150 for binders, peptide GILGFVFTL, weight CDR1a
2024-11-14 07:56:21,806 - INFO - Processing rows 150 to 175 for binders, peptide GILGFVFTL, weight CDR1a
2024-11-14 07:56:24,847 - INFO - Processing rows 175 to 200 for binders, peptide GILGFVFTL, weight CDR1a
2024-11-14 07:56:27,831 - INFO - Processing rows 200 to 225 for binders, peptide GILGFVFTL, weight CDR1a
2024-11-14 07:56:30,994 - INFO - Processing rows 225 to 250 for binders, peptide GILGFVFTL, weight CDR1a
2024-11-14 07:56:33,983 - INFO - Processing rows 250 to 275 for binders, peptide GILGFVFTL, weight CDR1a
2024-11-14 07:56:37,036 - INFO - Processing rows 275 to 300 for binders, peptide GILGFVFTL, weight CDR1a
2024-11-14 07:56:39,974 - INFO - Processing rows 300 to 325 for binders, peptide GILGFVFTL, weight CDR1a
2024-11-14 07:56:43,052 - INFO - Processing rows 325 to 350 for binders, peptide GILGFVFTL, weight CDR1a
2024-11-14 07:56:46,042 - INFO - Processing rows 350 to 375 for binders, peptide GILGFVFTL, weight CDR1a
2024-11-14 07:56:49,239 - INFO - Processing rows 375 to 400 for binders, peptide GILGFVFTL, weight CDR1a
2024-11-14 07:56:52,362 - INFO - Processing rows 400 to 425 for binders, peptide GILGFVFTL, weight CDR1a
2024-11-14 07:56:55,520 - INFO - Processing rows 425 to 450 for binders, peptide GILGFVFTL, weight CDR1a
2024-11-14 07:56:58,618 - INFO - Processing rows 450 to 475 for binders, peptide GILGFVFTL, weight CDR1a
2024-11-14 07:57:01,765 - INFO - Processing rows 475 to 500 for binders, peptide GILGFVFTL, weight CDR1a
2024-11-14 07:57:04,785 - INFO - Processing rows 500 to 525 for binders, peptide GILGFVFTL, weight CDR1a
2024-11-14 07:57:08,112 - INFO - Processing rows 525 to 550 for binders, peptide GILGFVFTL, weight CDR1a
2024-11-14 07:57:11,086 - INFO - Processing rows 550 to 575 for binders, peptide GILGFVFTL, weight CDR1a
2024-11-14 07:57:14,109 - INFO - Processing rows 575 to 600 for binders, peptide GILGFVFTL, weight CDR1a
2024-11-14 07:57:17,113 - INFO - Processing rows 600 to 625 for binders, peptide GILGFVFTL, weight CDR1a
2024-11-14 07:57:20,071 - INFO - Processing rows 625 to 650 for binders, peptide GILGFVFTL, weight CDR1a
2024-11-14 07:57:23,006 - INFO - Processing rows 650 to 675 for binders, peptide GILGFVFTL, weight CDR1a
2024-11-14 07:57:25,966 - INFO - Processing rows 675 to 700 for binders, peptide GILGFVFTL, weight CDR1a
2024-11-14 07:57:28,987 - INFO - Processing rows 700 to 725 for binders, peptide GILGFVFTL, weight CDR1a
2024-11-14 07:57:31,913 - INFO - Processing rows 725 to 750 for binders, peptide GILGFVFTL, weight CDR1a
2024-11-14 07:57:35,252 - INFO - Processing rows 750 to 775 for binders, peptide GILGFVFTL, weight CDR1a
2024-11-14 07:57:38,385 - INFO - Processing rows 775 to 800 for binders, peptide GILGFVFTL, weight CDR1a
2024-11-14 07:57:41,262 - INFO - Processing rows 800 to 825 for binders, peptide GILGFVFTL, weight CDR1a
2024-11-14 07:57:44,187 - INFO - Processing rows 825 to 850 for binders, peptide GILGFVFTL, weight CDR1a
2024-11-14 07:57:47,052 - INFO - Processing rows 850 to 875 for binders, peptide GILGFVFTL, weight CDR1a
2024-11-14 07:57:50,027 - INFO - Processing rows 875 to 900 for binders, peptide GILGFVFTL, weight CDR1a
2024-11-14 07:57:52,994 - INFO - Processing rows 900 to 925 for binders, peptide GILGFVFTL, weight CDR1a
2024-11-14 07:57:55,908 - INFO - Processing rows 925 to 950 for binders, peptide GILGFVFTL, weight CDR1a
2024-11-14 07:57:58,865 - INFO - Processing rows 950 to 975 for binders, peptide GILGFVFTL, weight CDR1a
2024-11-14 07:58:01,861 - INFO - Processing rows 975 to 1000 for binders, peptide GILGFVFTL, weight CDR1a
2024-11-14 07:58:04,889 - INFO - Processing rows 1000 to 1025 for binders, peptide GILGFVFTL, weight CDR1a
2024-11-14 07:58:07,944 - INFO - Processing rows 1025 to 1050 for binders, peptide GILGFVFTL, weight CDR1a
2024-11-14 07:58:10,927 - INFO - Processing rows 1050 to 1075 for binders, peptide GILGFVFTL, weight CDR1a
2024-11-14 07:58:13,883 - INFO - Processing rows 1075 to 1100 for binders, peptide GILGFVFTL, weight CDR1a
2024-11-14 07:58:16,853 - INFO - Processing rows 1100 to 1125 for binders, peptide GILGFVFTL, weight CDR1a
2024-11-14 07:58:19,877 - INFO - Processing rows 1125 to 1150 for binders, peptide GILGFVFTL, weight CDR1a
2024-11-14 07:58:22,855 - INFO - Processing rows 1150 to 1165 for binders, peptide GILGFVFTL, weight CDR1a
Traceback (most recent call last):
  File "/net/mimer/mnt/tank/projects2/emison/language_model/27th_Oct_new_matrices/04.11_new_esm/12.11/run_esm_binders.py", line 90, in <module>
    process_sequences(df_filtered, peptide, weight, "binders")
  File "/net/mimer/mnt/tank/projects2/emison/language_model/27th_Oct_new_matrices/04.11_new_esm/12.11/run_esm_binders.py", line 82, in process_sequences
    output_df.insert(0, "raw_index", raw_indexes)
  File "/home/projects2/emison/language_model/miniconda3/envs/esm2_emison/lib/python3.12/site-packages/pandas/core/frame.py", line 5171, in insert
    value, refs = self._sanitize_column(value)
                  ^^^^^^^^^^^^^^^^^^^^^^^^^^^^
  File "/home/projects2/emison/language_model/miniconda3/envs/esm2_emison/lib/python3.12/site-packages/pandas/core/frame.py", line 5266, in _sanitize_column
    com.require_length_match(value, self.index)
  File "/home/projects2/emison/language_model/miniconda3/envs/esm2_emison/lib/python3.12/site-packages/pandas/core/common.py", line 573, in require_length_match
    raise ValueError(
ValueError: Length of values (1165) does not match length of index (15)
