2024-11-14 07:56:02,245 - INFO - Loading and filtering dataset for peptide GILGFVFTL
2024-11-14 07:56:02,302 - INFO - Processing dataset for peptide GILGFVFTL with weight CDR2a
2024-11-14 07:56:02,303 - INFO - Processing rows 0 to 25 for binders, peptide GILGFVFTL, weight CDR2a
2024-11-14 07:56:05,691 - INFO - Processing rows 25 to 50 for binders, peptide GILGFVFTL, weight CDR2a
2024-11-14 07:56:08,972 - INFO - Processing rows 50 to 75 for binders, peptide GILGFVFTL, weight CDR2a
2024-11-14 07:56:12,204 - INFO - Processing rows 75 to 100 for binders, peptide GILGFVFTL, weight CDR2a
2024-11-14 07:56:15,548 - INFO - Processing rows 100 to 125 for binders, peptide GILGFVFTL, weight CDR2a
2024-11-14 07:56:18,800 - INFO - Processing rows 125 to 150 for binders, peptide GILGFVFTL, weight CDR2a
2024-11-14 07:56:22,243 - INFO - Processing rows 150 to 175 for binders, peptide GILGFVFTL, weight CDR2a
2024-11-14 07:56:25,490 - INFO - Processing rows 175 to 200 for binders, peptide GILGFVFTL, weight CDR2a
2024-11-14 07:56:28,874 - INFO - Processing rows 200 to 225 for binders, peptide GILGFVFTL, weight CDR2a
2024-11-14 07:56:32,234 - INFO - Processing rows 225 to 250 for binders, peptide GILGFVFTL, weight CDR2a
2024-11-14 07:56:35,632 - INFO - Processing rows 250 to 275 for binders, peptide GILGFVFTL, weight CDR2a
2024-11-14 07:56:38,938 - INFO - Processing rows 275 to 300 for binders, peptide GILGFVFTL, weight CDR2a
2024-11-14 07:56:42,225 - INFO - Processing rows 300 to 325 for binders, peptide GILGFVFTL, weight CDR2a
2024-11-14 07:56:45,570 - INFO - Processing rows 325 to 350 for binders, peptide GILGFVFTL, weight CDR2a
2024-11-14 07:56:48,968 - INFO - Processing rows 350 to 375 for binders, peptide GILGFVFTL, weight CDR2a
2024-11-14 07:56:52,458 - INFO - Processing rows 375 to 400 for binders, peptide GILGFVFTL, weight CDR2a
2024-11-14 07:56:55,864 - INFO - Processing rows 400 to 425 for binders, peptide GILGFVFTL, weight CDR2a
2024-11-14 07:56:59,320 - INFO - Processing rows 425 to 450 for binders, peptide GILGFVFTL, weight CDR2a
2024-11-14 07:57:02,658 - INFO - Processing rows 450 to 475 for binders, peptide GILGFVFTL, weight CDR2a
2024-11-14 07:57:06,211 - INFO - Processing rows 475 to 500 for binders, peptide GILGFVFTL, weight CDR2a
2024-11-14 07:57:09,297 - INFO - Processing rows 500 to 525 for binders, peptide GILGFVFTL, weight CDR2a
2024-11-14 07:57:12,546 - INFO - Processing rows 525 to 550 for binders, peptide GILGFVFTL, weight CDR2a
2024-11-14 07:57:15,829 - INFO - Processing rows 550 to 575 for binders, peptide GILGFVFTL, weight CDR2a
2024-11-14 07:57:19,055 - INFO - Processing rows 575 to 600 for binders, peptide GILGFVFTL, weight CDR2a
2024-11-14 07:57:22,263 - INFO - Processing rows 600 to 625 for binders, peptide GILGFVFTL, weight CDR2a
2024-11-14 07:57:25,531 - INFO - Processing rows 625 to 650 for binders, peptide GILGFVFTL, weight CDR2a
2024-11-14 07:57:28,774 - INFO - Processing rows 650 to 675 for binders, peptide GILGFVFTL, weight CDR2a
2024-11-14 07:57:31,991 - INFO - Processing rows 675 to 700 for binders, peptide GILGFVFTL, weight CDR2a
2024-11-14 07:57:35,357 - INFO - Processing rows 700 to 725 for binders, peptide GILGFVFTL, weight CDR2a
2024-11-14 07:57:38,622 - INFO - Processing rows 725 to 750 for binders, peptide GILGFVFTL, weight CDR2a
2024-11-14 07:57:41,839 - INFO - Processing rows 750 to 775 for binders, peptide GILGFVFTL, weight CDR2a
2024-11-14 07:57:44,973 - INFO - Processing rows 775 to 800 for binders, peptide GILGFVFTL, weight CDR2a
2024-11-14 07:57:48,145 - INFO - Processing rows 800 to 825 for binders, peptide GILGFVFTL, weight CDR2a
2024-11-14 07:57:51,395 - INFO - Processing rows 825 to 850 for binders, peptide GILGFVFTL, weight CDR2a
2024-11-14 07:57:54,639 - INFO - Processing rows 850 to 875 for binders, peptide GILGFVFTL, weight CDR2a
2024-11-14 07:57:57,909 - INFO - Processing rows 875 to 900 for binders, peptide GILGFVFTL, weight CDR2a
2024-11-14 07:58:01,130 - INFO - Processing rows 900 to 925 for binders, peptide GILGFVFTL, weight CDR2a
2024-11-14 07:58:04,514 - INFO - Processing rows 925 to 950 for binders, peptide GILGFVFTL, weight CDR2a
2024-11-14 07:58:07,773 - INFO - Processing rows 950 to 975 for binders, peptide GILGFVFTL, weight CDR2a
2024-11-14 07:58:11,132 - INFO - Processing rows 975 to 1000 for binders, peptide GILGFVFTL, weight CDR2a
2024-11-14 07:58:14,285 - INFO - Processing rows 1000 to 1025 for binders, peptide GILGFVFTL, weight CDR2a
2024-11-14 07:58:17,606 - INFO - Processing rows 1025 to 1050 for binders, peptide GILGFVFTL, weight CDR2a
2024-11-14 07:58:20,856 - INFO - Processing rows 1050 to 1075 for binders, peptide GILGFVFTL, weight CDR2a
2024-11-14 07:58:24,175 - INFO - Processing rows 1075 to 1100 for binders, peptide GILGFVFTL, weight CDR2a
2024-11-14 07:58:27,278 - INFO - Processing rows 1100 to 1125 for binders, peptide GILGFVFTL, weight CDR2a
2024-11-14 07:58:30,340 - INFO - Processing rows 1125 to 1150 for binders, peptide GILGFVFTL, weight CDR2a
2024-11-14 07:58:33,395 - INFO - Processing rows 1150 to 1165 for binders, peptide GILGFVFTL, weight CDR2a
Traceback (most recent call last):
  File "/net/mimer/mnt/tank/projects2/emison/language_model/27th_Oct_new_matrices/04.11_new_esm/12.11/run_esm_binders.py", line 90, in <module>
    process_sequences(df_filtered, peptide, weight, "binders")
  File "/net/mimer/mnt/tank/projects2/emison/language_model/27th_Oct_new_matrices/04.11_new_esm/12.11/run_esm_binders.py", line 82, in process_sequences
    output_df.insert(0, "raw_index", raw_indexes)
  File "/home/projects2/emison/language_model/miniconda3/envs/esm2_emison/lib/python3.12/site-packages/pandas/core/frame.py", line 5171, in insert
    value, refs = self._sanitize_column(value)
                  ^^^^^^^^^^^^^^^^^^^^^^^^^^^^
  File "/home/projects2/emison/language_model/miniconda3/envs/esm2_emison/lib/python3.12/site-packages/pandas/core/frame.py", line 5266, in _sanitize_column
    com.require_length_match(value, self.index)
  File "/home/projects2/emison/language_model/miniconda3/envs/esm2_emison/lib/python3.12/site-packages/pandas/core/common.py", line 573, in require_length_match
    raise ValueError(
ValueError: Length of values (1165) does not match length of index (15)
