2024-11-14 08:19:18,033 - INFO - Loading and filtering dataset for peptide GILGFVFTL
2024-11-14 08:19:18,331 - INFO - Processing dataset for peptide GILGFVFTL with weight CDR3a
2024-11-14 08:19:18,333 - INFO - Processing rows 0 to 25 for swaps, peptide GILGFVFTL, weight CDR3a
2024-11-14 08:19:27,560 - INFO - Processing rows 25 to 50 for swaps, peptide GILGFVFTL, weight CDR3a
2024-11-14 08:19:35,063 - INFO - Processing rows 50 to 75 for swaps, peptide GILGFVFTL, weight CDR3a
2024-11-14 08:19:43,967 - INFO - Processing rows 75 to 100 for swaps, peptide GILGFVFTL, weight CDR3a
2024-11-14 08:19:51,903 - INFO - Processing rows 100 to 125 for swaps, peptide GILGFVFTL, weight CDR3a
2024-11-14 08:20:00,299 - INFO - Processing rows 125 to 150 for swaps, peptide GILGFVFTL, weight CDR3a
2024-11-14 08:20:09,239 - INFO - Processing rows 150 to 175 for swaps, peptide GILGFVFTL, weight CDR3a
2024-11-14 08:20:18,013 - INFO - Processing rows 175 to 200 for swaps, peptide GILGFVFTL, weight CDR3a
2024-11-14 08:20:26,398 - INFO - Processing rows 200 to 225 for swaps, peptide GILGFVFTL, weight CDR3a
2024-11-14 08:20:34,846 - INFO - Processing rows 225 to 250 for swaps, peptide GILGFVFTL, weight CDR3a
2024-11-14 08:20:42,758 - INFO - Processing rows 250 to 275 for swaps, peptide GILGFVFTL, weight CDR3a
2024-11-14 08:20:51,578 - INFO - Processing rows 275 to 300 for swaps, peptide GILGFVFTL, weight CDR3a
2024-11-14 08:20:58,901 - INFO - Processing rows 300 to 325 for swaps, peptide GILGFVFTL, weight CDR3a
2024-11-14 08:21:07,288 - INFO - Processing rows 325 to 350 for swaps, peptide GILGFVFTL, weight CDR3a
2024-11-14 08:21:16,092 - INFO - Processing rows 350 to 375 for swaps, peptide GILGFVFTL, weight CDR3a
2024-11-14 08:21:24,733 - INFO - Processing rows 375 to 400 for swaps, peptide GILGFVFTL, weight CDR3a
2024-11-14 08:21:32,472 - INFO - Processing rows 400 to 425 for swaps, peptide GILGFVFTL, weight CDR3a
2024-11-14 08:21:42,790 - INFO - Processing rows 425 to 450 for swaps, peptide GILGFVFTL, weight CDR3a
2024-11-14 08:21:52,808 - INFO - Processing rows 450 to 475 for swaps, peptide GILGFVFTL, weight CDR3a
2024-11-14 08:22:01,079 - INFO - Processing rows 475 to 500 for swaps, peptide GILGFVFTL, weight CDR3a
2024-11-14 08:22:09,413 - INFO - Processing rows 500 to 525 for swaps, peptide GILGFVFTL, weight CDR3a
2024-11-14 08:22:17,255 - INFO - Processing rows 525 to 550 for swaps, peptide GILGFVFTL, weight CDR3a
2024-11-14 08:22:26,438 - INFO - Processing rows 550 to 575 for swaps, peptide GILGFVFTL, weight CDR3a
2024-11-14 08:22:34,273 - INFO - Processing rows 575 to 600 for swaps, peptide GILGFVFTL, weight CDR3a
2024-11-14 08:22:42,165 - INFO - Processing rows 600 to 625 for swaps, peptide GILGFVFTL, weight CDR3a
2024-11-14 08:22:50,013 - INFO - Processing rows 625 to 650 for swaps, peptide GILGFVFTL, weight CDR3a
2024-11-14 08:22:57,437 - INFO - Processing rows 650 to 675 for swaps, peptide GILGFVFTL, weight CDR3a
2024-11-14 08:23:06,156 - INFO - Processing rows 675 to 700 for swaps, peptide GILGFVFTL, weight CDR3a
2024-11-14 08:23:14,471 - INFO - Processing rows 700 to 725 for swaps, peptide GILGFVFTL, weight CDR3a
2024-11-14 08:23:22,329 - INFO - Processing rows 725 to 750 for swaps, peptide GILGFVFTL, weight CDR3a
2024-11-14 08:23:30,182 - INFO - Processing rows 750 to 775 for swaps, peptide GILGFVFTL, weight CDR3a
2024-11-14 08:23:39,822 - INFO - Processing rows 775 to 800 for swaps, peptide GILGFVFTL, weight CDR3a
2024-11-14 08:23:49,497 - INFO - Processing rows 800 to 825 for swaps, peptide GILGFVFTL, weight CDR3a
2024-11-14 08:23:56,795 - INFO - Processing rows 825 to 850 for swaps, peptide GILGFVFTL, weight CDR3a
2024-11-14 08:24:04,183 - INFO - Processing rows 850 to 875 for swaps, peptide GILGFVFTL, weight CDR3a
2024-11-14 08:24:11,476 - INFO - Processing rows 875 to 900 for swaps, peptide GILGFVFTL, weight CDR3a
2024-11-14 08:24:20,560 - INFO - Processing rows 900 to 925 for swaps, peptide GILGFVFTL, weight CDR3a
2024-11-14 08:24:29,379 - INFO - Processing rows 925 to 950 for swaps, peptide GILGFVFTL, weight CDR3a
2024-11-14 08:24:36,626 - INFO - Processing rows 950 to 975 for swaps, peptide GILGFVFTL, weight CDR3a
2024-11-14 08:24:45,263 - INFO - Processing rows 975 to 1000 for swaps, peptide GILGFVFTL, weight CDR3a
2024-11-14 08:24:52,978 - INFO - Processing rows 1000 to 1025 for swaps, peptide GILGFVFTL, weight CDR3a
2024-11-14 08:25:01,109 - INFO - Processing rows 1025 to 1050 for swaps, peptide GILGFVFTL, weight CDR3a
2024-11-14 08:25:08,814 - INFO - Processing rows 1050 to 1075 for swaps, peptide GILGFVFTL, weight CDR3a
2024-11-14 08:25:16,509 - INFO - Processing rows 1075 to 1100 for swaps, peptide GILGFVFTL, weight CDR3a
2024-11-14 08:25:24,638 - INFO - Processing rows 1100 to 1125 for swaps, peptide GILGFVFTL, weight CDR3a
2024-11-14 08:25:33,424 - INFO - Processing rows 1125 to 1150 for swaps, peptide GILGFVFTL, weight CDR3a
2024-11-14 08:25:42,490 - INFO - Processing rows 1150 to 1175 for swaps, peptide GILGFVFTL, weight CDR3a
2024-11-14 08:25:50,815 - INFO - Processing rows 1175 to 1200 for swaps, peptide GILGFVFTL, weight CDR3a
2024-11-14 08:25:59,909 - INFO - Processing rows 1200 to 1225 for swaps, peptide GILGFVFTL, weight CDR3a
2024-11-14 08:26:07,236 - INFO - Processing rows 1225 to 1250 for swaps, peptide GILGFVFTL, weight CDR3a
2024-11-14 08:26:15,375 - INFO - Processing rows 1250 to 1275 for swaps, peptide GILGFVFTL, weight CDR3a
2024-11-14 08:26:23,594 - INFO - Processing rows 1275 to 1300 for swaps, peptide GILGFVFTL, weight CDR3a
2024-11-14 08:26:32,580 - INFO - Processing rows 1300 to 1325 for swaps, peptide GILGFVFTL, weight CDR3a
2024-11-14 08:26:40,379 - INFO - Processing rows 1325 to 1350 for swaps, peptide GILGFVFTL, weight CDR3a
2024-11-14 08:26:49,857 - INFO - Processing rows 1350 to 1375 for swaps, peptide GILGFVFTL, weight CDR3a
2024-11-14 08:26:57,164 - INFO - Processing rows 1375 to 1400 for swaps, peptide GILGFVFTL, weight CDR3a
2024-11-14 08:27:04,882 - INFO - Processing rows 1400 to 1425 for swaps, peptide GILGFVFTL, weight CDR3a
2024-11-14 08:27:12,601 - INFO - Processing rows 1425 to 1450 for swaps, peptide GILGFVFTL, weight CDR3a
2024-11-14 08:27:20,274 - INFO - Processing rows 1450 to 1475 for swaps, peptide GILGFVFTL, weight CDR3a
2024-11-14 08:27:27,890 - INFO - Processing rows 1475 to 1500 for swaps, peptide GILGFVFTL, weight CDR3a
2024-11-14 08:27:35,939 - INFO - Processing rows 1500 to 1525 for swaps, peptide GILGFVFTL, weight CDR3a
2024-11-14 08:27:43,078 - INFO - Processing rows 1525 to 1550 for swaps, peptide GILGFVFTL, weight CDR3a
2024-11-14 08:27:51,137 - INFO - Processing rows 1550 to 1575 for swaps, peptide GILGFVFTL, weight CDR3a
2024-11-14 08:27:58,779 - INFO - Processing rows 1575 to 1600 for swaps, peptide GILGFVFTL, weight CDR3a
2024-11-14 08:28:07,767 - INFO - Processing rows 1600 to 1625 for swaps, peptide GILGFVFTL, weight CDR3a
2024-11-14 08:28:15,906 - INFO - Processing rows 1625 to 1650 for swaps, peptide GILGFVFTL, weight CDR3a
2024-11-14 08:28:23,115 - INFO - Processing rows 1650 to 1675 for swaps, peptide GILGFVFTL, weight CDR3a
2024-11-14 08:28:30,353 - INFO - Processing rows 1675 to 1700 for swaps, peptide GILGFVFTL, weight CDR3a
2024-11-14 08:28:38,127 - INFO - Processing rows 1700 to 1725 for swaps, peptide GILGFVFTL, weight CDR3a
2024-11-14 08:28:46,280 - INFO - Processing rows 1725 to 1750 for swaps, peptide GILGFVFTL, weight CDR3a
2024-11-14 08:28:55,823 - INFO - Processing rows 1750 to 1775 for swaps, peptide GILGFVFTL, weight CDR3a
2024-11-14 08:29:03,611 - INFO - Processing rows 1775 to 1800 for swaps, peptide GILGFVFTL, weight CDR3a
2024-11-14 08:29:11,308 - INFO - Processing rows 1800 to 1825 for swaps, peptide GILGFVFTL, weight CDR3a
2024-11-14 08:29:19,015 - INFO - Processing rows 1825 to 1850 for swaps, peptide GILGFVFTL, weight CDR3a
2024-11-14 08:29:27,242 - INFO - Processing rows 1850 to 1875 for swaps, peptide GILGFVFTL, weight CDR3a
2024-11-14 08:29:35,389 - INFO - Processing rows 1875 to 1900 for swaps, peptide GILGFVFTL, weight CDR3a
2024-11-14 08:29:43,117 - INFO - Processing rows 1900 to 1925 for swaps, peptide GILGFVFTL, weight CDR3a
2024-11-14 08:29:50,912 - INFO - Processing rows 1925 to 1950 for swaps, peptide GILGFVFTL, weight CDR3a
2024-11-14 08:29:58,583 - INFO - Processing rows 1950 to 1975 for swaps, peptide GILGFVFTL, weight CDR3a
2024-11-14 08:30:06,200 - INFO - Processing rows 1975 to 2000 for swaps, peptide GILGFVFTL, weight CDR3a
2024-11-14 08:30:14,250 - INFO - Processing rows 2000 to 2025 for swaps, peptide GILGFVFTL, weight CDR3a
2024-11-14 08:30:22,308 - INFO - Processing rows 2025 to 2050 for swaps, peptide GILGFVFTL, weight CDR3a
2024-11-14 08:30:30,340 - INFO - Processing rows 2050 to 2075 for swaps, peptide GILGFVFTL, weight CDR3a
2024-11-14 08:30:37,981 - INFO - Processing rows 2075 to 2100 for swaps, peptide GILGFVFTL, weight CDR3a
2024-11-14 08:30:45,100 - INFO - Processing rows 2100 to 2125 for swaps, peptide GILGFVFTL, weight CDR3a
2024-11-14 08:30:53,150 - INFO - Processing rows 2125 to 2150 for swaps, peptide GILGFVFTL, weight CDR3a
2024-11-14 08:31:00,796 - INFO - Processing rows 2150 to 2175 for swaps, peptide GILGFVFTL, weight CDR3a
2024-11-14 08:31:08,845 - INFO - Processing rows 2175 to 2200 for swaps, peptide GILGFVFTL, weight CDR3a
2024-11-14 08:31:17,747 - INFO - Processing rows 2200 to 2225 for swaps, peptide GILGFVFTL, weight CDR3a
2024-11-14 08:31:25,801 - INFO - Processing rows 2225 to 2250 for swaps, peptide GILGFVFTL, weight CDR3a
2024-11-14 08:31:34,357 - INFO - Processing rows 2250 to 2275 for swaps, peptide GILGFVFTL, weight CDR3a
2024-11-14 08:31:42,425 - INFO - Processing rows 2275 to 2300 for swaps, peptide GILGFVFTL, weight CDR3a
2024-11-14 08:31:51,128 - INFO - Processing rows 2300 to 2325 for swaps, peptide GILGFVFTL, weight CDR3a
2024-11-14 08:31:58,845 - INFO - Processing rows 2325 to 2350 for swaps, peptide GILGFVFTL, weight CDR3a
2024-11-14 08:32:08,793 - INFO - Processing rows 2350 to 2375 for swaps, peptide GILGFVFTL, weight CDR3a
2024-11-14 08:32:16,519 - INFO - Processing rows 2375 to 2400 for swaps, peptide GILGFVFTL, weight CDR3a
2024-11-14 08:32:23,318 - INFO - Processing rows 2400 to 2425 for swaps, peptide GILGFVFTL, weight CDR3a
2024-11-14 08:32:32,036 - INFO - Processing rows 2425 to 2450 for swaps, peptide GILGFVFTL, weight CDR3a
2024-11-14 08:32:40,249 - INFO - Processing rows 2450 to 2475 for swaps, peptide GILGFVFTL, weight CDR3a
2024-11-14 08:32:48,879 - INFO - Processing rows 2475 to 2500 for swaps, peptide GILGFVFTL, weight CDR3a
2024-11-14 08:32:56,644 - INFO - Processing rows 2500 to 2525 for swaps, peptide GILGFVFTL, weight CDR3a
2024-11-14 08:33:04,446 - INFO - Processing rows 2525 to 2550 for swaps, peptide GILGFVFTL, weight CDR3a
2024-11-14 08:33:12,184 - INFO - Processing rows 2550 to 2575 for swaps, peptide GILGFVFTL, weight CDR3a
2024-11-14 08:33:20,374 - INFO - Processing rows 2575 to 2600 for swaps, peptide GILGFVFTL, weight CDR3a
2024-11-14 08:33:30,356 - INFO - Processing rows 2600 to 2625 for swaps, peptide GILGFVFTL, weight CDR3a
2024-11-14 08:33:38,489 - INFO - Processing rows 2625 to 2650 for swaps, peptide GILGFVFTL, weight CDR3a
2024-11-14 08:33:46,157 - INFO - Processing rows 2650 to 2675 for swaps, peptide GILGFVFTL, weight CDR3a
2024-11-14 08:33:55,572 - INFO - Processing rows 2675 to 2700 for swaps, peptide GILGFVFTL, weight CDR3a
2024-11-14 08:34:03,667 - INFO - Processing rows 2700 to 2725 for swaps, peptide GILGFVFTL, weight CDR3a
2024-11-14 08:34:10,860 - INFO - Processing rows 2725 to 2750 for swaps, peptide GILGFVFTL, weight CDR3a
2024-11-14 08:34:18,576 - INFO - Processing rows 2750 to 2775 for swaps, peptide GILGFVFTL, weight CDR3a
2024-11-14 08:34:26,299 - INFO - Processing rows 2775 to 2800 for swaps, peptide GILGFVFTL, weight CDR3a
2024-11-14 08:34:34,948 - INFO - Processing rows 2800 to 2825 for swaps, peptide GILGFVFTL, weight CDR3a
2024-11-14 08:34:43,097 - INFO - Processing rows 2825 to 2850 for swaps, peptide GILGFVFTL, weight CDR3a
2024-11-14 08:34:51,225 - INFO - Processing rows 2850 to 2875 for swaps, peptide GILGFVFTL, weight CDR3a
2024-11-14 08:34:59,860 - INFO - Processing rows 2875 to 2900 for swaps, peptide GILGFVFTL, weight CDR3a
2024-11-14 08:35:07,588 - INFO - Processing rows 2900 to 2925 for swaps, peptide GILGFVFTL, weight CDR3a
2024-11-14 08:35:15,314 - INFO - Processing rows 2925 to 2950 for swaps, peptide GILGFVFTL, weight CDR3a
2024-11-14 08:35:22,526 - INFO - Processing rows 2950 to 2975 for swaps, peptide GILGFVFTL, weight CDR3a
2024-11-14 08:35:30,246 - INFO - Processing rows 2975 to 3000 for swaps, peptide GILGFVFTL, weight CDR3a
2024-11-14 08:35:38,390 - INFO - Processing rows 3000 to 3025 for swaps, peptide GILGFVFTL, weight CDR3a
2024-11-14 08:35:46,114 - INFO - Processing rows 3025 to 3050 for swaps, peptide GILGFVFTL, weight CDR3a
2024-11-14 08:35:54,244 - INFO - Processing rows 3050 to 3075 for swaps, peptide GILGFVFTL, weight CDR3a
2024-11-14 08:36:02,372 - INFO - Processing rows 3075 to 3100 for swaps, peptide GILGFVFTL, weight CDR3a
2024-11-14 08:36:09,580 - INFO - Processing rows 3100 to 3125 for swaps, peptide GILGFVFTL, weight CDR3a
2024-11-14 08:36:17,728 - INFO - Processing rows 3125 to 3150 for swaps, peptide GILGFVFTL, weight CDR3a
2024-11-14 08:36:25,442 - INFO - Processing rows 3150 to 3175 for swaps, peptide GILGFVFTL, weight CDR3a
2024-11-14 08:36:33,243 - INFO - Processing rows 3175 to 3200 for swaps, peptide GILGFVFTL, weight CDR3a
2024-11-14 08:36:40,548 - INFO - Processing rows 3200 to 3225 for swaps, peptide GILGFVFTL, weight CDR3a
2024-11-14 08:36:50,638 - INFO - Processing rows 3225 to 3250 for swaps, peptide GILGFVFTL, weight CDR3a
2024-11-14 08:36:57,954 - INFO - Processing rows 3250 to 3275 for swaps, peptide GILGFVFTL, weight CDR3a
2024-11-14 08:37:05,340 - INFO - Processing rows 3275 to 3300 for swaps, peptide GILGFVFTL, weight CDR3a
2024-11-14 08:37:15,356 - INFO - Processing rows 3300 to 3325 for swaps, peptide GILGFVFTL, weight CDR3a
2024-11-14 08:37:23,219 - INFO - Processing rows 3325 to 3350 for swaps, peptide GILGFVFTL, weight CDR3a
2024-11-14 08:37:31,484 - INFO - Processing rows 3350 to 3375 for swaps, peptide GILGFVFTL, weight CDR3a
2024-11-14 08:37:39,333 - INFO - Processing rows 3375 to 3400 for swaps, peptide GILGFVFTL, weight CDR3a
2024-11-14 08:37:47,130 - INFO - Processing rows 3400 to 3425 for swaps, peptide GILGFVFTL, weight CDR3a
2024-11-14 08:37:54,430 - INFO - Processing rows 3425 to 3450 for swaps, peptide GILGFVFTL, weight CDR3a
2024-11-14 08:38:03,586 - INFO - Processing rows 3450 to 3475 for swaps, peptide GILGFVFTL, weight CDR3a
2024-11-14 08:38:13,155 - INFO - Processing rows 3475 to 3500 for swaps, peptide GILGFVFTL, weight CDR3a
2024-11-14 08:38:21,457 - INFO - Processing rows 3500 to 3525 for swaps, peptide GILGFVFTL, weight CDR3a
2024-11-14 08:38:30,465 - INFO - Processing rows 3525 to 3550 for swaps, peptide GILGFVFTL, weight CDR3a
2024-11-14 08:38:39,070 - INFO - Processing rows 3550 to 3575 for swaps, peptide GILGFVFTL, weight CDR3a
2024-11-14 08:38:47,672 - INFO - Processing rows 3575 to 3600 for swaps, peptide GILGFVFTL, weight CDR3a
2024-11-14 08:38:55,390 - INFO - Processing rows 3600 to 3625 for swaps, peptide GILGFVFTL, weight CDR3a
2024-11-14 08:39:03,095 - INFO - Processing rows 3625 to 3650 for swaps, peptide GILGFVFTL, weight CDR3a
2024-11-14 08:39:13,023 - INFO - Processing rows 3650 to 3675 for swaps, peptide GILGFVFTL, weight CDR3a
2024-11-14 08:39:20,745 - INFO - Processing rows 3675 to 3700 for swaps, peptide GILGFVFTL, weight CDR3a
2024-11-14 08:39:28,893 - INFO - Processing rows 3700 to 3725 for swaps, peptide GILGFVFTL, weight CDR3a
2024-11-14 08:39:36,601 - INFO - Processing rows 3725 to 3750 for swaps, peptide GILGFVFTL, weight CDR3a
2024-11-14 08:39:45,604 - INFO - Processing rows 3750 to 3775 for swaps, peptide GILGFVFTL, weight CDR3a
2024-11-14 08:39:53,740 - INFO - Processing rows 3775 to 3800 for swaps, peptide GILGFVFTL, weight CDR3a
2024-11-14 08:40:02,378 - INFO - Processing rows 3800 to 3825 for swaps, peptide GILGFVFTL, weight CDR3a
2024-11-14 08:40:10,568 - INFO - Processing rows 3825 to 3850 for swaps, peptide GILGFVFTL, weight CDR3a
2024-11-14 08:40:19,635 - INFO - Processing rows 3850 to 3875 for swaps, peptide GILGFVFTL, weight CDR3a
2024-11-14 08:40:29,077 - INFO - Processing rows 3875 to 3900 for swaps, peptide GILGFVFTL, weight CDR3a
2024-11-14 08:40:37,597 - INFO - Processing rows 3900 to 3925 for swaps, peptide GILGFVFTL, weight CDR3a
2024-11-14 08:40:45,641 - INFO - Processing rows 3925 to 3950 for swaps, peptide GILGFVFTL, weight CDR3a
2024-11-14 08:40:54,347 - INFO - Processing rows 3950 to 3975 for swaps, peptide GILGFVFTL, weight CDR3a
2024-11-14 08:41:02,485 - INFO - Processing rows 3975 to 4000 for swaps, peptide GILGFVFTL, weight CDR3a
2024-11-14 08:41:10,698 - INFO - Processing rows 4000 to 4025 for swaps, peptide GILGFVFTL, weight CDR3a
2024-11-14 08:41:18,830 - INFO - Processing rows 4025 to 4050 for swaps, peptide GILGFVFTL, weight CDR3a
2024-11-14 08:41:27,439 - INFO - Processing rows 4050 to 4075 for swaps, peptide GILGFVFTL, weight CDR3a
2024-11-14 08:41:35,672 - INFO - Processing rows 4075 to 4100 for swaps, peptide GILGFVFTL, weight CDR3a
2024-11-14 08:41:44,286 - INFO - Processing rows 4100 to 4125 for swaps, peptide GILGFVFTL, weight CDR3a
2024-11-14 08:41:53,750 - INFO - Processing rows 4125 to 4150 for swaps, peptide GILGFVFTL, weight CDR3a
2024-11-14 08:42:02,847 - INFO - Processing rows 4150 to 4175 for swaps, peptide GILGFVFTL, weight CDR3a
2024-11-14 08:42:12,353 - INFO - Processing rows 4175 to 4200 for swaps, peptide GILGFVFTL, weight CDR3a
2024-11-14 08:42:21,414 - INFO - Processing rows 4200 to 4225 for swaps, peptide GILGFVFTL, weight CDR3a
2024-11-14 08:42:30,470 - INFO - Processing rows 4225 to 4250 for swaps, peptide GILGFVFTL, weight CDR3a
2024-11-14 08:42:38,233 - INFO - Processing rows 4250 to 4275 for swaps, peptide GILGFVFTL, weight CDR3a
2024-11-14 08:42:46,883 - INFO - Processing rows 4275 to 4300 for swaps, peptide GILGFVFTL, weight CDR3a
2024-11-14 08:42:56,294 - INFO - Processing rows 4300 to 4325 for swaps, peptide GILGFVFTL, weight CDR3a
2024-11-14 08:43:04,377 - INFO - Processing rows 4325 to 4350 for swaps, peptide GILGFVFTL, weight CDR3a
2024-11-14 08:43:12,041 - INFO - Processing rows 4350 to 4375 for swaps, peptide GILGFVFTL, weight CDR3a
2024-11-14 08:43:19,700 - INFO - Processing rows 4375 to 4400 for swaps, peptide GILGFVFTL, weight CDR3a
2024-11-14 08:43:28,222 - INFO - Processing rows 4400 to 4425 for swaps, peptide GILGFVFTL, weight CDR3a
2024-11-14 08:43:35,376 - INFO - Processing rows 4425 to 4450 for swaps, peptide GILGFVFTL, weight CDR3a
2024-11-14 08:43:43,457 - INFO - Processing rows 4450 to 4475 for swaps, peptide GILGFVFTL, weight CDR3a
2024-11-14 08:43:50,620 - INFO - Processing rows 4475 to 4500 for swaps, peptide GILGFVFTL, weight CDR3a
2024-11-14 08:43:58,279 - INFO - Processing rows 4500 to 4525 for swaps, peptide GILGFVFTL, weight CDR3a
2024-11-14 08:44:07,757 - INFO - Processing rows 4525 to 4550 for swaps, peptide GILGFVFTL, weight CDR3a
2024-11-14 08:44:16,383 - INFO - Processing rows 4550 to 4575 for swaps, peptide GILGFVFTL, weight CDR3a
2024-11-14 08:44:27,186 - INFO - Processing rows 4575 to 4600 for swaps, peptide GILGFVFTL, weight CDR3a
2024-11-14 08:44:35,026 - INFO - Processing rows 4600 to 4625 for swaps, peptide GILGFVFTL, weight CDR3a
2024-11-14 08:44:42,281 - INFO - Processing rows 4625 to 4650 for swaps, peptide GILGFVFTL, weight CDR3a
2024-11-14 08:44:50,991 - INFO - Processing rows 4650 to 4675 for swaps, peptide GILGFVFTL, weight CDR3a
2024-11-14 08:44:58,798 - INFO - Processing rows 4675 to 4700 for swaps, peptide GILGFVFTL, weight CDR3a
2024-11-14 08:45:06,971 - INFO - Processing rows 4700 to 4725 for swaps, peptide GILGFVFTL, weight CDR3a
2024-11-14 08:45:14,804 - INFO - Processing rows 4725 to 4750 for swaps, peptide GILGFVFTL, weight CDR3a
2024-11-14 08:45:23,422 - INFO - Processing rows 4750 to 4775 for swaps, peptide GILGFVFTL, weight CDR3a
2024-11-14 08:45:32,122 - INFO - Processing rows 4775 to 4800 for swaps, peptide GILGFVFTL, weight CDR3a
2024-11-14 08:45:39,880 - INFO - Processing rows 4800 to 4825 for swaps, peptide GILGFVFTL, weight CDR3a
2024-11-14 08:45:49,831 - INFO - Processing rows 4825 to 4850 for swaps, peptide GILGFVFTL, weight CDR3a
2024-11-14 08:45:57,481 - INFO - Processing rows 4850 to 4875 for swaps, peptide GILGFVFTL, weight CDR3a
2024-11-14 08:46:05,559 - INFO - Processing rows 4875 to 4900 for swaps, peptide GILGFVFTL, weight CDR3a
2024-11-14 08:46:12,296 - INFO - Processing rows 4900 to 4925 for swaps, peptide GILGFVFTL, weight CDR3a
2024-11-14 08:46:22,586 - INFO - Processing rows 4925 to 4950 for swaps, peptide GILGFVFTL, weight CDR3a
2024-11-14 08:46:30,224 - INFO - Processing rows 4950 to 4975 for swaps, peptide GILGFVFTL, weight CDR3a
2024-11-14 08:46:38,299 - INFO - Processing rows 4975 to 5000 for swaps, peptide GILGFVFTL, weight CDR3a
2024-11-14 08:46:47,702 - INFO - Processing rows 5000 to 5025 for swaps, peptide GILGFVFTL, weight CDR3a
2024-11-14 08:46:55,754 - INFO - Processing rows 5025 to 5050 for swaps, peptide GILGFVFTL, weight CDR3a
2024-11-14 08:47:03,819 - INFO - Processing rows 5050 to 5075 for swaps, peptide GILGFVFTL, weight CDR3a
2024-11-14 08:47:11,482 - INFO - Processing rows 5075 to 5100 for swaps, peptide GILGFVFTL, weight CDR3a
2024-11-14 08:47:19,137 - INFO - Processing rows 5100 to 5125 for swaps, peptide GILGFVFTL, weight CDR3a
2024-11-14 08:47:27,836 - INFO - Processing rows 5125 to 5150 for swaps, peptide GILGFVFTL, weight CDR3a
2024-11-14 08:47:36,476 - INFO - Processing rows 5150 to 5175 for swaps, peptide GILGFVFTL, weight CDR3a
2024-11-14 08:47:44,309 - INFO - Processing rows 5175 to 5200 for swaps, peptide GILGFVFTL, weight CDR3a
2024-11-14 08:47:52,059 - INFO - Processing rows 5200 to 5225 for swaps, peptide GILGFVFTL, weight CDR3a
2024-11-14 08:48:00,759 - INFO - Processing rows 5225 to 5250 for swaps, peptide GILGFVFTL, weight CDR3a
2024-11-14 08:48:08,486 - INFO - Processing rows 5250 to 5275 for swaps, peptide GILGFVFTL, weight CDR3a
2024-11-14 08:48:16,221 - INFO - Processing rows 5275 to 5300 for swaps, peptide GILGFVFTL, weight CDR3a
2024-11-14 08:48:24,000 - INFO - Processing rows 5300 to 5325 for swaps, peptide GILGFVFTL, weight CDR3a
2024-11-14 08:48:32,191 - INFO - Processing rows 5325 to 5350 for swaps, peptide GILGFVFTL, weight CDR3a
2024-11-14 08:48:40,028 - INFO - Processing rows 5350 to 5375 for swaps, peptide GILGFVFTL, weight CDR3a
2024-11-14 08:48:48,198 - INFO - Processing rows 5375 to 5400 for swaps, peptide GILGFVFTL, weight CDR3a
2024-11-14 08:48:55,544 - INFO - Processing rows 5400 to 5425 for swaps, peptide GILGFVFTL, weight CDR3a
2024-11-14 08:49:04,167 - INFO - Processing rows 5425 to 5450 for swaps, peptide GILGFVFTL, weight CDR3a
2024-11-14 08:49:12,373 - INFO - Processing rows 5450 to 5475 for swaps, peptide GILGFVFTL, weight CDR3a
2024-11-14 08:49:20,084 - INFO - Processing rows 5475 to 5500 for swaps, peptide GILGFVFTL, weight CDR3a
2024-11-14 08:49:29,656 - INFO - Processing rows 5500 to 5525 for swaps, peptide GILGFVFTL, weight CDR3a
2024-11-14 08:49:37,426 - INFO - Processing rows 5525 to 5550 for swaps, peptide GILGFVFTL, weight CDR3a
2024-11-14 08:49:45,241 - INFO - Processing rows 5550 to 5575 for swaps, peptide GILGFVFTL, weight CDR3a
2024-11-14 08:49:52,956 - INFO - Processing rows 5575 to 5600 for swaps, peptide GILGFVFTL, weight CDR3a
2024-11-14 08:50:01,155 - INFO - Processing rows 5600 to 5625 for swaps, peptide GILGFVFTL, weight CDR3a
2024-11-14 08:50:08,942 - INFO - Processing rows 5625 to 5650 for swaps, peptide GILGFVFTL, weight CDR3a
2024-11-14 08:50:17,065 - INFO - Processing rows 5650 to 5675 for swaps, peptide GILGFVFTL, weight CDR3a
2024-11-14 08:50:25,596 - INFO - Processing rows 5675 to 5700 for swaps, peptide GILGFVFTL, weight CDR3a
2024-11-14 08:50:33,236 - INFO - Processing rows 5700 to 5725 for swaps, peptide GILGFVFTL, weight CDR3a
2024-11-14 08:50:40,869 - INFO - Processing rows 5725 to 5750 for swaps, peptide GILGFVFTL, weight CDR3a
2024-11-14 08:50:48,937 - INFO - Processing rows 5750 to 5775 for swaps, peptide GILGFVFTL, weight CDR3a
2024-11-14 08:50:58,289 - INFO - Processing rows 5775 to 5800 for swaps, peptide GILGFVFTL, weight CDR3a
2024-11-14 08:51:06,850 - INFO - Processing rows 5800 to 5825 for swaps, peptide GILGFVFTL, weight CDR3a
2024-11-14 08:51:15,425 - INFO - Processing rows 5825 to 5850 for swaps, peptide GILGFVFTL, weight CDR3a
2024-11-14 08:51:22,583 - INFO - Processing rows 5850 to 5875 for swaps, peptide GILGFVFTL, weight CDR3a
2024-11-14 08:51:31,816 - INFO - Processing rows 5875 to 5900 for swaps, peptide GILGFVFTL, weight CDR3a
2024-11-14 08:51:39,828 - INFO - Processing rows 5900 to 5925 for swaps, peptide GILGFVFTL, weight CDR3a
2024-11-14 08:51:47,940 - INFO - Processing rows 5925 to 5950 for swaps, peptide GILGFVFTL, weight CDR3a
2024-11-14 08:51:55,121 - INFO - Processing rows 5950 to 5975 for swaps, peptide GILGFVFTL, weight CDR3a
2024-11-14 08:52:02,278 - INFO - Processing rows 5975 to 6000 for swaps, peptide GILGFVFTL, weight CDR3a
2024-11-14 08:52:10,437 - INFO - Processing rows 6000 to 6025 for swaps, peptide GILGFVFTL, weight CDR3a
2024-11-14 08:52:18,074 - INFO - Processing rows 6025 to 6050 for swaps, peptide GILGFVFTL, weight CDR3a
2024-11-14 08:52:26,663 - INFO - Processing rows 6050 to 6075 for swaps, peptide GILGFVFTL, weight CDR3a
2024-11-14 08:52:35,560 - INFO - Processing rows 6075 to 6100 for swaps, peptide GILGFVFTL, weight CDR3a
2024-11-14 08:52:43,221 - INFO - Processing rows 6100 to 6125 for swaps, peptide GILGFVFTL, weight CDR3a
2024-11-14 08:52:51,746 - INFO - Processing rows 6125 to 6150 for swaps, peptide GILGFVFTL, weight CDR3a
2024-11-14 08:52:59,440 - INFO - Processing rows 6150 to 6175 for swaps, peptide GILGFVFTL, weight CDR3a
2024-11-14 08:53:07,087 - INFO - Processing rows 6175 to 6200 for swaps, peptide GILGFVFTL, weight CDR3a
2024-11-14 08:53:14,717 - INFO - Processing rows 6200 to 6225 for swaps, peptide GILGFVFTL, weight CDR3a
2024-11-14 08:53:25,073 - INFO - Processing rows 6225 to 6250 for swaps, peptide GILGFVFTL, weight CDR3a
2024-11-14 08:53:33,200 - INFO - Processing rows 6250 to 6275 for swaps, peptide GILGFVFTL, weight CDR3a
2024-11-14 08:53:41,621 - INFO - Processing rows 6275 to 6300 for swaps, peptide GILGFVFTL, weight CDR3a
2024-11-14 08:53:49,579 - INFO - Processing rows 6300 to 6325 for swaps, peptide GILGFVFTL, weight CDR3a
2024-11-14 08:53:56,626 - INFO - Processing rows 6325 to 6350 for swaps, peptide GILGFVFTL, weight CDR3a
2024-11-14 08:54:06,824 - INFO - Processing rows 6350 to 6375 for swaps, peptide GILGFVFTL, weight CDR3a
2024-11-14 08:54:16,126 - INFO - Processing rows 6375 to 6400 for swaps, peptide GILGFVFTL, weight CDR3a
2024-11-14 08:54:23,692 - INFO - Processing rows 6400 to 6425 for swaps, peptide GILGFVFTL, weight CDR3a
2024-11-14 08:54:31,744 - INFO - Processing rows 6425 to 6450 for swaps, peptide GILGFVFTL, weight CDR3a
2024-11-14 08:54:39,369 - INFO - Processing rows 6450 to 6475 for swaps, peptide GILGFVFTL, weight CDR3a
2024-11-14 08:54:46,599 - INFO - Processing rows 6475 to 6500 for swaps, peptide GILGFVFTL, weight CDR3a
2024-11-14 08:54:54,235 - INFO - Processing rows 6500 to 6525 for swaps, peptide GILGFVFTL, weight CDR3a
2024-11-14 08:55:02,274 - INFO - Processing rows 6525 to 6550 for swaps, peptide GILGFVFTL, weight CDR3a
2024-11-14 08:55:09,988 - INFO - Processing rows 6550 to 6575 for swaps, peptide GILGFVFTL, weight CDR3a
2024-11-14 08:55:18,028 - INFO - Processing rows 6575 to 6600 for swaps, peptide GILGFVFTL, weight CDR3a
2024-11-14 08:55:25,687 - INFO - Processing rows 6600 to 6625 for swaps, peptide GILGFVFTL, weight CDR3a
2024-11-14 08:55:33,324 - INFO - Processing rows 6625 to 6650 for swaps, peptide GILGFVFTL, weight CDR3a
2024-11-14 08:55:40,957 - INFO - Processing rows 6650 to 6675 for swaps, peptide GILGFVFTL, weight CDR3a
2024-11-14 08:55:49,101 - INFO - Processing rows 6675 to 6700 for swaps, peptide GILGFVFTL, weight CDR3a
2024-11-14 08:55:56,743 - INFO - Processing rows 6700 to 6725 for swaps, peptide GILGFVFTL, weight CDR3a
2024-11-14 08:56:04,454 - INFO - Processing rows 6725 to 6750 for swaps, peptide GILGFVFTL, weight CDR3a
2024-11-14 08:56:14,251 - INFO - Processing rows 6750 to 6775 for swaps, peptide GILGFVFTL, weight CDR3a
2024-11-14 08:56:22,915 - INFO - Processing rows 6775 to 6800 for swaps, peptide GILGFVFTL, weight CDR3a
2024-11-14 08:56:30,465 - INFO - Processing rows 6800 to 6825 for swaps, peptide GILGFVFTL, weight CDR3a
2024-11-14 08:56:38,176 - INFO - Processing rows 6825 to 6850 for swaps, peptide GILGFVFTL, weight CDR3a
2024-11-14 08:56:46,224 - INFO - Processing rows 6850 to 6875 for swaps, peptide GILGFVFTL, weight CDR3a
2024-11-14 08:56:52,968 - INFO - Processing rows 6875 to 6900 for swaps, peptide GILGFVFTL, weight CDR3a
2024-11-14 08:57:01,101 - INFO - Processing rows 6900 to 6925 for swaps, peptide GILGFVFTL, weight CDR3a
2024-11-14 08:57:08,231 - INFO - Processing rows 6925 to 6950 for swaps, peptide GILGFVFTL, weight CDR3a
2024-11-14 08:57:16,326 - INFO - Processing rows 6950 to 6975 for swaps, peptide GILGFVFTL, weight CDR3a
2024-11-14 08:57:24,276 - INFO - Processing rows 6975 to 6990 for swaps, peptide GILGFVFTL, weight CDR3a
2024-11-14 08:57:29,152 - INFO - ESM finished.. Saving file...
2024-11-14 09:30:12,329 - INFO - Saved to /net/mimer/mnt/tank/projects2/emison/language_model/27th_Oct_new_matrices/04.11_new_esm/12.11/sequence_summed_vectors_swaps_GILGFVFTL_CDR3a.csv
