2024-11-14 08:19:43,771 - INFO - Loading and filtering dataset for peptide GILGFVFTL
2024-11-14 08:19:44,053 - INFO - Processing dataset for peptide GILGFVFTL with weight TCRb
2024-11-14 08:19:44,054 - INFO - Processing rows 0 to 25 for swaps, peptide GILGFVFTL, weight TCRb
2024-11-14 08:21:45,846 - INFO - Processing rows 25 to 50 for swaps, peptide GILGFVFTL, weight TCRb
2024-11-14 08:23:38,067 - INFO - Processing rows 50 to 75 for swaps, peptide GILGFVFTL, weight TCRb
2024-11-14 08:25:34,411 - INFO - Processing rows 75 to 100 for swaps, peptide GILGFVFTL, weight TCRb
2024-11-14 08:27:24,000 - INFO - Processing rows 100 to 125 for swaps, peptide GILGFVFTL, weight TCRb
2024-11-14 08:29:18,490 - INFO - Processing rows 125 to 150 for swaps, peptide GILGFVFTL, weight TCRb
2024-11-14 08:31:11,387 - INFO - Processing rows 150 to 175 for swaps, peptide GILGFVFTL, weight TCRb
2024-11-14 08:33:00,168 - INFO - Processing rows 175 to 200 for swaps, peptide GILGFVFTL, weight TCRb
2024-11-14 08:34:49,969 - INFO - Processing rows 200 to 225 for swaps, peptide GILGFVFTL, weight TCRb
2024-11-14 08:36:33,163 - INFO - Processing rows 225 to 250 for swaps, peptide GILGFVFTL, weight TCRb
2024-11-14 08:38:22,650 - INFO - Processing rows 250 to 275 for swaps, peptide GILGFVFTL, weight TCRb
2024-11-14 08:40:11,693 - INFO - Processing rows 275 to 300 for swaps, peptide GILGFVFTL, weight TCRb
2024-11-14 08:41:59,590 - INFO - Processing rows 300 to 325 for swaps, peptide GILGFVFTL, weight TCRb
2024-11-14 08:43:41,381 - INFO - Processing rows 325 to 350 for swaps, peptide GILGFVFTL, weight TCRb
2024-11-14 08:45:36,100 - INFO - Processing rows 350 to 375 for swaps, peptide GILGFVFTL, weight TCRb
2024-11-14 08:47:24,578 - INFO - Processing rows 375 to 400 for swaps, peptide GILGFVFTL, weight TCRb
2024-11-14 08:49:16,192 - INFO - Processing rows 400 to 425 for swaps, peptide GILGFVFTL, weight TCRb
2024-11-14 08:50:59,947 - INFO - Processing rows 425 to 450 for swaps, peptide GILGFVFTL, weight TCRb
2024-11-14 08:52:44,039 - INFO - Processing rows 450 to 475 for swaps, peptide GILGFVFTL, weight TCRb
2024-11-14 08:54:30,837 - INFO - Processing rows 475 to 500 for swaps, peptide GILGFVFTL, weight TCRb
2024-11-14 08:56:16,849 - INFO - Processing rows 500 to 525 for swaps, peptide GILGFVFTL, weight TCRb
2024-11-14 08:58:04,819 - INFO - Processing rows 525 to 550 for swaps, peptide GILGFVFTL, weight TCRb
2024-11-14 09:00:02,453 - INFO - Processing rows 550 to 575 for swaps, peptide GILGFVFTL, weight TCRb
2024-11-14 09:01:48,275 - INFO - Processing rows 575 to 600 for swaps, peptide GILGFVFTL, weight TCRb
2024-11-14 09:03:42,870 - INFO - Processing rows 600 to 625 for swaps, peptide GILGFVFTL, weight TCRb
2024-11-14 09:05:32,566 - INFO - Processing rows 625 to 650 for swaps, peptide GILGFVFTL, weight TCRb
2024-11-14 09:07:18,073 - INFO - Processing rows 650 to 675 for swaps, peptide GILGFVFTL, weight TCRb
2024-11-14 09:09:01,182 - INFO - Processing rows 675 to 700 for swaps, peptide GILGFVFTL, weight TCRb
2024-11-14 09:10:47,762 - INFO - Processing rows 700 to 725 for swaps, peptide GILGFVFTL, weight TCRb
2024-11-14 09:12:33,891 - INFO - Processing rows 725 to 750 for swaps, peptide GILGFVFTL, weight TCRb
2024-11-14 09:14:21,680 - INFO - Processing rows 750 to 775 for swaps, peptide GILGFVFTL, weight TCRb
2024-11-14 09:16:08,222 - INFO - Processing rows 775 to 800 for swaps, peptide GILGFVFTL, weight TCRb
2024-11-14 09:17:55,330 - INFO - Processing rows 800 to 825 for swaps, peptide GILGFVFTL, weight TCRb
2024-11-14 09:19:39,893 - INFO - Processing rows 825 to 850 for swaps, peptide GILGFVFTL, weight TCRb
2024-11-14 09:21:29,437 - INFO - Processing rows 850 to 875 for swaps, peptide GILGFVFTL, weight TCRb
2024-11-14 09:23:18,121 - INFO - Processing rows 875 to 900 for swaps, peptide GILGFVFTL, weight TCRb
2024-11-14 09:25:04,091 - INFO - Processing rows 900 to 925 for swaps, peptide GILGFVFTL, weight TCRb
2024-11-14 09:26:48,964 - INFO - Processing rows 925 to 950 for swaps, peptide GILGFVFTL, weight TCRb
2024-11-14 09:28:33,057 - INFO - Processing rows 950 to 975 for swaps, peptide GILGFVFTL, weight TCRb
2024-11-14 09:30:25,517 - INFO - Processing rows 975 to 1000 for swaps, peptide GILGFVFTL, weight TCRb
2024-11-14 09:32:10,957 - INFO - Processing rows 1000 to 1025 for swaps, peptide GILGFVFTL, weight TCRb
2024-11-14 09:33:58,679 - INFO - Processing rows 1025 to 1050 for swaps, peptide GILGFVFTL, weight TCRb
2024-11-14 09:35:44,993 - INFO - Processing rows 1050 to 1075 for swaps, peptide GILGFVFTL, weight TCRb
2024-11-14 09:37:40,358 - INFO - Processing rows 1075 to 1100 for swaps, peptide GILGFVFTL, weight TCRb
2024-11-14 09:39:23,902 - INFO - Processing rows 1100 to 1125 for swaps, peptide GILGFVFTL, weight TCRb
2024-11-14 09:41:08,978 - INFO - Processing rows 1125 to 1150 for swaps, peptide GILGFVFTL, weight TCRb
2024-11-14 09:42:53,288 - INFO - Processing rows 1150 to 1175 for swaps, peptide GILGFVFTL, weight TCRb
2024-11-14 09:44:37,674 - INFO - Processing rows 1175 to 1200 for swaps, peptide GILGFVFTL, weight TCRb
2024-11-14 09:46:26,459 - INFO - Processing rows 1200 to 1225 for swaps, peptide GILGFVFTL, weight TCRb
2024-11-14 09:48:16,228 - INFO - Processing rows 1225 to 1250 for swaps, peptide GILGFVFTL, weight TCRb
2024-11-14 09:50:02,559 - INFO - Processing rows 1250 to 1275 for swaps, peptide GILGFVFTL, weight TCRb
2024-11-14 09:51:50,331 - INFO - Processing rows 1275 to 1300 for swaps, peptide GILGFVFTL, weight TCRb
2024-11-14 09:53:38,652 - INFO - Processing rows 1300 to 1325 for swaps, peptide GILGFVFTL, weight TCRb
2024-11-14 09:55:24,204 - INFO - Processing rows 1325 to 1350 for swaps, peptide GILGFVFTL, weight TCRb
2024-11-14 09:57:09,350 - INFO - Processing rows 1350 to 1375 for swaps, peptide GILGFVFTL, weight TCRb
2024-11-14 09:58:54,521 - INFO - Processing rows 1375 to 1400 for swaps, peptide GILGFVFTL, weight TCRb
2024-11-14 10:00:50,304 - INFO - Processing rows 1400 to 1425 for swaps, peptide GILGFVFTL, weight TCRb
2024-11-14 10:02:34,486 - INFO - Processing rows 1425 to 1450 for swaps, peptide GILGFVFTL, weight TCRb
2024-11-14 10:04:19,423 - INFO - Processing rows 1450 to 1475 for swaps, peptide GILGFVFTL, weight TCRb
2024-11-14 10:06:03,534 - INFO - Processing rows 1475 to 1500 for swaps, peptide GILGFVFTL, weight TCRb
2024-11-14 10:07:46,412 - INFO - Processing rows 1500 to 1525 for swaps, peptide GILGFVFTL, weight TCRb
2024-11-14 10:09:32,441 - INFO - Processing rows 1525 to 1550 for swaps, peptide GILGFVFTL, weight TCRb
2024-11-14 10:11:18,851 - INFO - Processing rows 1550 to 1575 for swaps, peptide GILGFVFTL, weight TCRb
2024-11-14 10:13:03,046 - INFO - Processing rows 1575 to 1600 for swaps, peptide GILGFVFTL, weight TCRb
2024-11-14 10:14:44,974 - INFO - Processing rows 1600 to 1625 for swaps, peptide GILGFVFTL, weight TCRb
2024-11-14 10:16:30,306 - INFO - Processing rows 1625 to 1650 for swaps, peptide GILGFVFTL, weight TCRb
2024-11-14 10:18:12,885 - INFO - Processing rows 1650 to 1675 for swaps, peptide GILGFVFTL, weight TCRb
2024-11-14 10:19:57,301 - INFO - Processing rows 1675 to 1700 for swaps, peptide GILGFVFTL, weight TCRb
2024-11-14 10:21:37,627 - INFO - Processing rows 1700 to 1725 for swaps, peptide GILGFVFTL, weight TCRb
2024-11-14 10:23:30,292 - INFO - Processing rows 1725 to 1750 for swaps, peptide GILGFVFTL, weight TCRb
2024-11-14 10:25:18,382 - INFO - Processing rows 1750 to 1775 for swaps, peptide GILGFVFTL, weight TCRb
2024-11-14 10:27:03,053 - INFO - Processing rows 1775 to 1800 for swaps, peptide GILGFVFTL, weight TCRb
2024-11-14 10:28:46,624 - INFO - Processing rows 1800 to 1825 for swaps, peptide GILGFVFTL, weight TCRb
2024-11-14 10:30:31,633 - INFO - Processing rows 1825 to 1850 for swaps, peptide GILGFVFTL, weight TCRb
2024-11-14 10:32:16,167 - INFO - Processing rows 1850 to 1875 for swaps, peptide GILGFVFTL, weight TCRb
2024-11-14 10:33:58,752 - INFO - Processing rows 1875 to 1900 for swaps, peptide GILGFVFTL, weight TCRb
2024-11-14 10:35:37,663 - INFO - Processing rows 1900 to 1925 for swaps, peptide GILGFVFTL, weight TCRb
2024-11-14 10:37:19,344 - INFO - Processing rows 1925 to 1950 for swaps, peptide GILGFVFTL, weight TCRb
2024-11-14 10:39:04,482 - INFO - Processing rows 1950 to 1975 for swaps, peptide GILGFVFTL, weight TCRb
2024-11-14 10:40:48,468 - INFO - Processing rows 1975 to 2000 for swaps, peptide GILGFVFTL, weight TCRb
2024-11-14 10:42:32,553 - INFO - Processing rows 2000 to 2025 for swaps, peptide GILGFVFTL, weight TCRb
2024-11-14 10:44:12,870 - INFO - Processing rows 2025 to 2050 for swaps, peptide GILGFVFTL, weight TCRb
2024-11-14 10:45:57,385 - INFO - Processing rows 2050 to 2075 for swaps, peptide GILGFVFTL, weight TCRb
2024-11-14 10:47:42,745 - INFO - Processing rows 2075 to 2100 for swaps, peptide GILGFVFTL, weight TCRb
2024-11-14 10:49:27,584 - INFO - Processing rows 2100 to 2125 for swaps, peptide GILGFVFTL, weight TCRb
2024-11-14 10:51:12,128 - INFO - Processing rows 2125 to 2150 for swaps, peptide GILGFVFTL, weight TCRb
2024-11-14 10:52:53,788 - INFO - Processing rows 2150 to 2175 for swaps, peptide GILGFVFTL, weight TCRb
2024-11-14 10:54:36,594 - INFO - Processing rows 2175 to 2200 for swaps, peptide GILGFVFTL, weight TCRb
2024-11-14 10:56:21,981 - INFO - Processing rows 2200 to 2225 for swaps, peptide GILGFVFTL, weight TCRb
2024-11-14 10:58:08,725 - INFO - Processing rows 2225 to 2250 for swaps, peptide GILGFVFTL, weight TCRb
2024-11-14 11:00:04,038 - INFO - Processing rows 2250 to 2275 for swaps, peptide GILGFVFTL, weight TCRb
2024-11-14 11:01:48,248 - INFO - Processing rows 2275 to 2300 for swaps, peptide GILGFVFTL, weight TCRb
2024-11-14 11:03:44,445 - INFO - Processing rows 2300 to 2325 for swaps, peptide GILGFVFTL, weight TCRb
2024-11-14 11:05:28,180 - INFO - Processing rows 2325 to 2350 for swaps, peptide GILGFVFTL, weight TCRb
2024-11-14 11:07:11,086 - INFO - Processing rows 2350 to 2375 for swaps, peptide GILGFVFTL, weight TCRb
2024-11-14 11:08:56,499 - INFO - Processing rows 2375 to 2400 for swaps, peptide GILGFVFTL, weight TCRb
2024-11-14 11:10:43,437 - INFO - Processing rows 2400 to 2425 for swaps, peptide GILGFVFTL, weight TCRb
2024-11-14 11:12:24,584 - INFO - Processing rows 2425 to 2450 for swaps, peptide GILGFVFTL, weight TCRb
2024-11-14 11:14:18,703 - INFO - Processing rows 2450 to 2475 for swaps, peptide GILGFVFTL, weight TCRb
2024-11-14 11:16:01,181 - INFO - Processing rows 2475 to 2500 for swaps, peptide GILGFVFTL, weight TCRb
2024-11-14 11:17:48,045 - INFO - Processing rows 2500 to 2525 for swaps, peptide GILGFVFTL, weight TCRb
2024-11-14 11:19:43,665 - INFO - Processing rows 2525 to 2550 for swaps, peptide GILGFVFTL, weight TCRb
2024-11-14 11:21:27,780 - INFO - Processing rows 2550 to 2575 for swaps, peptide GILGFVFTL, weight TCRb
2024-11-14 11:23:11,096 - INFO - Processing rows 2575 to 2600 for swaps, peptide GILGFVFTL, weight TCRb
2024-11-14 11:24:57,460 - INFO - Processing rows 2600 to 2625 for swaps, peptide GILGFVFTL, weight TCRb
2024-11-14 11:26:44,504 - INFO - Processing rows 2625 to 2650 for swaps, peptide GILGFVFTL, weight TCRb
2024-11-14 11:28:27,684 - INFO - Processing rows 2650 to 2675 for swaps, peptide GILGFVFTL, weight TCRb
2024-11-14 11:30:12,625 - INFO - Processing rows 2675 to 2700 for swaps, peptide GILGFVFTL, weight TCRb
2024-11-14 11:31:58,245 - INFO - Processing rows 2700 to 2725 for swaps, peptide GILGFVFTL, weight TCRb
2024-11-14 11:33:53,742 - INFO - Processing rows 2725 to 2750 for swaps, peptide GILGFVFTL, weight TCRb
2024-11-14 11:35:36,878 - INFO - Processing rows 2750 to 2775 for swaps, peptide GILGFVFTL, weight TCRb
2024-11-14 11:37:34,730 - INFO - Processing rows 2775 to 2800 for swaps, peptide GILGFVFTL, weight TCRb
2024-11-14 11:39:23,869 - INFO - Processing rows 2800 to 2825 for swaps, peptide GILGFVFTL, weight TCRb
2024-11-14 11:41:15,199 - INFO - Processing rows 2825 to 2850 for swaps, peptide GILGFVFTL, weight TCRb
2024-11-14 11:43:07,634 - INFO - Processing rows 2850 to 2875 for swaps, peptide GILGFVFTL, weight TCRb
2024-11-14 11:44:58,121 - INFO - Processing rows 2875 to 2900 for swaps, peptide GILGFVFTL, weight TCRb
2024-11-14 11:46:47,153 - INFO - Processing rows 2900 to 2925 for swaps, peptide GILGFVFTL, weight TCRb
2024-11-14 11:48:38,066 - INFO - Processing rows 2925 to 2950 for swaps, peptide GILGFVFTL, weight TCRb
2024-11-14 11:50:30,266 - INFO - Processing rows 2950 to 2975 for swaps, peptide GILGFVFTL, weight TCRb
2024-11-14 11:52:20,461 - INFO - Processing rows 2975 to 3000 for swaps, peptide GILGFVFTL, weight TCRb
2024-11-14 11:54:11,237 - INFO - Processing rows 3000 to 3025 for swaps, peptide GILGFVFTL, weight TCRb
2024-11-14 11:56:01,264 - INFO - Processing rows 3025 to 3050 for swaps, peptide GILGFVFTL, weight TCRb
2024-11-14 11:57:51,616 - INFO - Processing rows 3050 to 3075 for swaps, peptide GILGFVFTL, weight TCRb
2024-11-14 11:59:41,081 - INFO - Processing rows 3075 to 3100 for swaps, peptide GILGFVFTL, weight TCRb
2024-11-14 12:01:30,384 - INFO - Processing rows 3100 to 3125 for swaps, peptide GILGFVFTL, weight TCRb
2024-11-14 12:03:21,781 - INFO - Processing rows 3125 to 3150 for swaps, peptide GILGFVFTL, weight TCRb
2024-11-14 12:05:13,617 - INFO - Processing rows 3150 to 3175 for swaps, peptide GILGFVFTL, weight TCRb
2024-11-14 12:07:15,000 - INFO - Processing rows 3175 to 3200 for swaps, peptide GILGFVFTL, weight TCRb
2024-11-14 12:09:00,097 - INFO - Processing rows 3200 to 3225 for swaps, peptide GILGFVFTL, weight TCRb
2024-11-14 12:10:59,686 - INFO - Processing rows 3225 to 3250 for swaps, peptide GILGFVFTL, weight TCRb
2024-11-14 12:12:48,173 - INFO - Processing rows 3250 to 3275 for swaps, peptide GILGFVFTL, weight TCRb
2024-11-14 12:14:35,709 - INFO - Processing rows 3275 to 3300 for swaps, peptide GILGFVFTL, weight TCRb
2024-11-14 12:16:18,986 - INFO - Processing rows 3300 to 3325 for swaps, peptide GILGFVFTL, weight TCRb
2024-11-14 12:18:05,937 - INFO - Processing rows 3325 to 3350 for swaps, peptide GILGFVFTL, weight TCRb
2024-11-14 12:19:54,881 - INFO - Processing rows 3350 to 3375 for swaps, peptide GILGFVFTL, weight TCRb
2024-11-14 12:21:40,362 - INFO - Processing rows 3375 to 3400 for swaps, peptide GILGFVFTL, weight TCRb
2024-11-14 12:23:26,947 - INFO - Processing rows 3400 to 3425 for swaps, peptide GILGFVFTL, weight TCRb
2024-11-14 12:25:16,454 - INFO - Processing rows 3425 to 3450 for swaps, peptide GILGFVFTL, weight TCRb
2024-11-14 12:27:04,268 - INFO - Processing rows 3450 to 3475 for swaps, peptide GILGFVFTL, weight TCRb
2024-11-14 12:28:50,932 - INFO - Processing rows 3475 to 3500 for swaps, peptide GILGFVFTL, weight TCRb
2024-11-14 12:30:36,688 - INFO - Processing rows 3500 to 3525 for swaps, peptide GILGFVFTL, weight TCRb
2024-11-14 12:32:20,399 - INFO - Processing rows 3525 to 3550 for swaps, peptide GILGFVFTL, weight TCRb
2024-11-14 12:34:05,708 - INFO - Processing rows 3550 to 3575 for swaps, peptide GILGFVFTL, weight TCRb
2024-11-14 12:36:00,341 - INFO - Processing rows 3575 to 3600 for swaps, peptide GILGFVFTL, weight TCRb
2024-11-14 12:37:56,040 - INFO - Processing rows 3600 to 3625 for swaps, peptide GILGFVFTL, weight TCRb
2024-11-14 12:39:49,132 - INFO - Processing rows 3625 to 3650 for swaps, peptide GILGFVFTL, weight TCRb
2024-11-14 12:41:35,460 - INFO - Processing rows 3650 to 3675 for swaps, peptide GILGFVFTL, weight TCRb
2024-11-14 12:43:22,772 - INFO - Processing rows 3675 to 3700 for swaps, peptide GILGFVFTL, weight TCRb
2024-11-14 12:45:12,326 - INFO - Processing rows 3700 to 3725 for swaps, peptide GILGFVFTL, weight TCRb
2024-11-14 12:46:58,396 - INFO - Processing rows 3725 to 3750 for swaps, peptide GILGFVFTL, weight TCRb
2024-11-14 12:48:44,039 - INFO - Processing rows 3750 to 3775 for swaps, peptide GILGFVFTL, weight TCRb
2024-11-14 12:50:31,803 - INFO - Processing rows 3775 to 3800 for swaps, peptide GILGFVFTL, weight TCRb
2024-11-14 12:52:15,589 - INFO - Processing rows 3800 to 3825 for swaps, peptide GILGFVFTL, weight TCRb
2024-11-14 12:54:10,581 - INFO - Processing rows 3825 to 3850 for swaps, peptide GILGFVFTL, weight TCRb
2024-11-14 12:56:04,698 - INFO - Processing rows 3850 to 3875 for swaps, peptide GILGFVFTL, weight TCRb
2024-11-14 12:57:49,447 - INFO - Processing rows 3875 to 3900 for swaps, peptide GILGFVFTL, weight TCRb
2024-11-14 12:59:36,843 - INFO - Processing rows 3900 to 3925 for swaps, peptide GILGFVFTL, weight TCRb
2024-11-14 13:01:24,572 - INFO - Processing rows 3925 to 3950 for swaps, peptide GILGFVFTL, weight TCRb
2024-11-14 13:03:10,659 - INFO - Processing rows 3950 to 3975 for swaps, peptide GILGFVFTL, weight TCRb
2024-11-14 13:05:01,363 - INFO - Processing rows 3975 to 4000 for swaps, peptide GILGFVFTL, weight TCRb
2024-11-14 13:07:00,134 - INFO - Processing rows 4000 to 4025 for swaps, peptide GILGFVFTL, weight TCRb
2024-11-14 13:08:50,322 - INFO - Processing rows 4025 to 4050 for swaps, peptide GILGFVFTL, weight TCRb
2024-11-14 13:10:36,703 - INFO - Processing rows 4050 to 4075 for swaps, peptide GILGFVFTL, weight TCRb
2024-11-14 13:12:22,820 - INFO - Processing rows 4075 to 4100 for swaps, peptide GILGFVFTL, weight TCRb
2024-11-14 13:14:10,698 - INFO - Processing rows 4100 to 4125 for swaps, peptide GILGFVFTL, weight TCRb
2024-11-14 13:15:59,962 - INFO - Processing rows 4125 to 4150 for swaps, peptide GILGFVFTL, weight TCRb
2024-11-14 13:17:47,244 - INFO - Processing rows 4150 to 4175 for swaps, peptide GILGFVFTL, weight TCRb
2024-11-14 13:19:35,856 - INFO - Processing rows 4175 to 4200 for swaps, peptide GILGFVFTL, weight TCRb
2024-11-14 13:21:35,063 - INFO - Processing rows 4200 to 4225 for swaps, peptide GILGFVFTL, weight TCRb
2024-11-14 13:23:19,561 - INFO - Processing rows 4225 to 4250 for swaps, peptide GILGFVFTL, weight TCRb
2024-11-14 13:25:06,584 - INFO - Processing rows 4250 to 4275 for swaps, peptide GILGFVFTL, weight TCRb
2024-11-14 13:26:55,132 - INFO - Processing rows 4275 to 4300 for swaps, peptide GILGFVFTL, weight TCRb
2024-11-14 13:28:41,549 - INFO - Processing rows 4300 to 4325 for swaps, peptide GILGFVFTL, weight TCRb
2024-11-14 13:30:31,804 - INFO - Processing rows 4325 to 4350 for swaps, peptide GILGFVFTL, weight TCRb
2024-11-14 13:32:23,961 - INFO - Processing rows 4350 to 4375 for swaps, peptide GILGFVFTL, weight TCRb
2024-11-14 13:34:27,762 - INFO - Processing rows 4375 to 4400 for swaps, peptide GILGFVFTL, weight TCRb
2024-11-14 13:36:19,491 - INFO - Processing rows 4400 to 4425 for swaps, peptide GILGFVFTL, weight TCRb
2024-11-14 13:38:10,933 - INFO - Processing rows 4425 to 4450 for swaps, peptide GILGFVFTL, weight TCRb
2024-11-14 13:40:12,596 - INFO - Processing rows 4450 to 4475 for swaps, peptide GILGFVFTL, weight TCRb
2024-11-14 13:42:04,027 - INFO - Processing rows 4475 to 4500 for swaps, peptide GILGFVFTL, weight TCRb
2024-11-14 13:44:03,840 - INFO - Processing rows 4500 to 4525 for swaps, peptide GILGFVFTL, weight TCRb
2024-11-14 13:45:54,264 - INFO - Processing rows 4525 to 4550 for swaps, peptide GILGFVFTL, weight TCRb
2024-11-14 13:47:52,908 - INFO - Processing rows 4550 to 4575 for swaps, peptide GILGFVFTL, weight TCRb
2024-11-14 13:49:51,367 - INFO - Processing rows 4575 to 4600 for swaps, peptide GILGFVFTL, weight TCRb
2024-11-14 13:51:37,853 - INFO - Processing rows 4600 to 4625 for swaps, peptide GILGFVFTL, weight TCRb
2024-11-14 13:53:34,719 - INFO - Processing rows 4625 to 4650 for swaps, peptide GILGFVFTL, weight TCRb
2024-11-14 13:55:23,062 - INFO - Processing rows 4650 to 4675 for swaps, peptide GILGFVFTL, weight TCRb
2024-11-14 13:57:18,958 - INFO - Processing rows 4675 to 4700 for swaps, peptide GILGFVFTL, weight TCRb
2024-11-14 13:59:13,512 - INFO - Processing rows 4700 to 4725 for swaps, peptide GILGFVFTL, weight TCRb
2024-11-14 14:01:13,019 - INFO - Processing rows 4725 to 4750 for swaps, peptide GILGFVFTL, weight TCRb
2024-11-14 14:03:12,807 - INFO - Processing rows 4750 to 4775 for swaps, peptide GILGFVFTL, weight TCRb
2024-11-14 14:05:05,281 - INFO - Processing rows 4775 to 4800 for swaps, peptide GILGFVFTL, weight TCRb
2024-11-14 14:06:59,616 - INFO - Processing rows 4800 to 4825 for swaps, peptide GILGFVFTL, weight TCRb
2024-11-14 14:08:52,187 - INFO - Processing rows 4825 to 4850 for swaps, peptide GILGFVFTL, weight TCRb
2024-11-14 14:10:40,847 - INFO - Processing rows 4850 to 4875 for swaps, peptide GILGFVFTL, weight TCRb
2024-11-14 14:12:31,920 - INFO - Processing rows 4875 to 4900 for swaps, peptide GILGFVFTL, weight TCRb
2024-11-14 14:14:22,976 - INFO - Processing rows 4900 to 4925 for swaps, peptide GILGFVFTL, weight TCRb
2024-11-14 14:16:19,262 - INFO - Processing rows 4925 to 4950 for swaps, peptide GILGFVFTL, weight TCRb
2024-11-14 14:18:15,727 - INFO - Processing rows 4950 to 4975 for swaps, peptide GILGFVFTL, weight TCRb
2024-11-14 14:20:01,873 - INFO - Processing rows 4975 to 5000 for swaps, peptide GILGFVFTL, weight TCRb
2024-11-14 14:21:47,419 - INFO - Processing rows 5000 to 5025 for swaps, peptide GILGFVFTL, weight TCRb
2024-11-14 14:23:45,390 - INFO - Processing rows 5025 to 5050 for swaps, peptide GILGFVFTL, weight TCRb
2024-11-14 14:25:34,387 - INFO - Processing rows 5050 to 5075 for swaps, peptide GILGFVFTL, weight TCRb
2024-11-14 14:27:23,396 - INFO - Processing rows 5075 to 5100 for swaps, peptide GILGFVFTL, weight TCRb
2024-11-14 14:29:21,163 - INFO - Processing rows 5100 to 5125 for swaps, peptide GILGFVFTL, weight TCRb
2024-11-14 14:31:13,802 - INFO - Processing rows 5125 to 5150 for swaps, peptide GILGFVFTL, weight TCRb
2024-11-14 14:33:00,471 - INFO - Processing rows 5150 to 5175 for swaps, peptide GILGFVFTL, weight TCRb
2024-11-14 14:34:45,255 - INFO - Processing rows 5175 to 5200 for swaps, peptide GILGFVFTL, weight TCRb
2024-11-14 14:36:35,009 - INFO - Processing rows 5200 to 5225 for swaps, peptide GILGFVFTL, weight TCRb
2024-11-14 14:38:37,215 - INFO - Processing rows 5225 to 5250 for swaps, peptide GILGFVFTL, weight TCRb
2024-11-14 14:40:39,918 - INFO - Processing rows 5250 to 5275 for swaps, peptide GILGFVFTL, weight TCRb
2024-11-14 14:42:31,420 - INFO - Processing rows 5275 to 5300 for swaps, peptide GILGFVFTL, weight TCRb
2024-11-14 14:44:19,675 - INFO - Processing rows 5300 to 5325 for swaps, peptide GILGFVFTL, weight TCRb
2024-11-14 14:46:09,538 - INFO - Processing rows 5325 to 5350 for swaps, peptide GILGFVFTL, weight TCRb
2024-11-14 14:48:04,564 - INFO - Processing rows 5350 to 5375 for swaps, peptide GILGFVFTL, weight TCRb
2024-11-14 14:49:59,725 - INFO - Processing rows 5375 to 5400 for swaps, peptide GILGFVFTL, weight TCRb
2024-11-14 14:51:52,171 - INFO - Processing rows 5400 to 5425 for swaps, peptide GILGFVFTL, weight TCRb
2024-11-14 14:53:47,249 - INFO - Processing rows 5425 to 5450 for swaps, peptide GILGFVFTL, weight TCRb
2024-11-14 14:55:51,901 - INFO - Processing rows 5450 to 5475 for swaps, peptide GILGFVFTL, weight TCRb
2024-11-14 14:57:50,494 - INFO - Processing rows 5475 to 5500 for swaps, peptide GILGFVFTL, weight TCRb
2024-11-14 14:59:45,133 - INFO - Processing rows 5500 to 5525 for swaps, peptide GILGFVFTL, weight TCRb
2024-11-14 15:01:35,022 - INFO - Processing rows 5525 to 5550 for swaps, peptide GILGFVFTL, weight TCRb
2024-11-14 15:03:25,595 - INFO - Processing rows 5550 to 5575 for swaps, peptide GILGFVFTL, weight TCRb
2024-11-14 15:05:20,191 - INFO - Processing rows 5575 to 5600 for swaps, peptide GILGFVFTL, weight TCRb
2024-11-14 15:07:17,711 - INFO - Processing rows 5600 to 5625 for swaps, peptide GILGFVFTL, weight TCRb
2024-11-14 15:09:09,412 - INFO - Processing rows 5625 to 5650 for swaps, peptide GILGFVFTL, weight TCRb
2024-11-14 15:11:02,020 - INFO - Processing rows 5650 to 5675 for swaps, peptide GILGFVFTL, weight TCRb
2024-11-14 15:13:05,958 - INFO - Processing rows 5675 to 5700 for swaps, peptide GILGFVFTL, weight TCRb
2024-11-14 15:14:58,860 - INFO - Processing rows 5700 to 5725 for swaps, peptide GILGFVFTL, weight TCRb
2024-11-14 15:16:48,720 - INFO - Processing rows 5725 to 5750 for swaps, peptide GILGFVFTL, weight TCRb
2024-11-14 15:18:42,181 - INFO - Processing rows 5750 to 5775 for swaps, peptide GILGFVFTL, weight TCRb
2024-11-14 15:20:34,198 - INFO - Processing rows 5775 to 5800 for swaps, peptide GILGFVFTL, weight TCRb
2024-11-14 15:22:20,280 - INFO - Processing rows 5800 to 5825 for swaps, peptide GILGFVFTL, weight TCRb
2024-11-14 15:24:06,747 - INFO - Processing rows 5825 to 5850 for swaps, peptide GILGFVFTL, weight TCRb
2024-11-14 15:25:52,848 - INFO - Processing rows 5850 to 5875 for swaps, peptide GILGFVFTL, weight TCRb
2024-11-14 15:27:33,724 - INFO - Processing rows 5875 to 5900 for swaps, peptide GILGFVFTL, weight TCRb
2024-11-14 15:29:28,500 - INFO - Processing rows 5900 to 5925 for swaps, peptide GILGFVFTL, weight TCRb
2024-11-14 15:31:26,176 - INFO - Processing rows 5925 to 5950 for swaps, peptide GILGFVFTL, weight TCRb
2024-11-14 15:33:14,187 - INFO - Processing rows 5950 to 5975 for swaps, peptide GILGFVFTL, weight TCRb
2024-11-14 15:34:57,536 - INFO - Processing rows 5975 to 6000 for swaps, peptide GILGFVFTL, weight TCRb
2024-11-14 15:36:41,331 - INFO - Processing rows 6000 to 6025 for swaps, peptide GILGFVFTL, weight TCRb
2024-11-14 15:38:25,637 - INFO - Processing rows 6025 to 6050 for swaps, peptide GILGFVFTL, weight TCRb
2024-11-14 15:40:11,681 - INFO - Processing rows 6050 to 6075 for swaps, peptide GILGFVFTL, weight TCRb
2024-11-14 15:41:57,495 - INFO - Processing rows 6075 to 6100 for swaps, peptide GILGFVFTL, weight TCRb
2024-11-14 15:43:44,473 - INFO - Processing rows 6100 to 6125 for swaps, peptide GILGFVFTL, weight TCRb
2024-11-14 15:45:32,346 - INFO - Processing rows 6125 to 6150 for swaps, peptide GILGFVFTL, weight TCRb
2024-11-14 15:47:18,694 - INFO - Processing rows 6150 to 6175 for swaps, peptide GILGFVFTL, weight TCRb
2024-11-14 15:49:15,409 - INFO - Processing rows 6175 to 6200 for swaps, peptide GILGFVFTL, weight TCRb
2024-11-14 15:51:12,402 - INFO - Processing rows 6200 to 6225 for swaps, peptide GILGFVFTL, weight TCRb
2024-11-14 15:52:57,781 - INFO - Processing rows 6225 to 6250 for swaps, peptide GILGFVFTL, weight TCRb
2024-11-14 15:54:47,041 - INFO - Processing rows 6250 to 6275 for swaps, peptide GILGFVFTL, weight TCRb
2024-11-14 15:56:35,649 - INFO - Processing rows 6275 to 6300 for swaps, peptide GILGFVFTL, weight TCRb
2024-11-14 15:58:36,777 - INFO - Processing rows 6300 to 6325 for swaps, peptide GILGFVFTL, weight TCRb
2024-11-14 16:00:28,155 - INFO - Processing rows 6325 to 6350 for swaps, peptide GILGFVFTL, weight TCRb
2024-11-14 16:02:16,469 - INFO - Processing rows 6350 to 6375 for swaps, peptide GILGFVFTL, weight TCRb
2024-11-14 16:04:04,058 - INFO - Processing rows 6375 to 6400 for swaps, peptide GILGFVFTL, weight TCRb
2024-11-14 16:06:02,315 - INFO - Processing rows 6400 to 6425 for swaps, peptide GILGFVFTL, weight TCRb
2024-11-14 16:07:50,553 - INFO - Processing rows 6425 to 6450 for swaps, peptide GILGFVFTL, weight TCRb
2024-11-14 16:09:37,286 - INFO - Processing rows 6450 to 6475 for swaps, peptide GILGFVFTL, weight TCRb
2024-11-14 16:11:26,463 - INFO - Processing rows 6475 to 6500 for swaps, peptide GILGFVFTL, weight TCRb
2024-11-14 16:13:28,000 - INFO - Processing rows 6500 to 6525 for swaps, peptide GILGFVFTL, weight TCRb
2024-11-14 16:15:27,637 - INFO - Processing rows 6525 to 6550 for swaps, peptide GILGFVFTL, weight TCRb
2024-11-14 16:17:25,498 - INFO - Processing rows 6550 to 6575 for swaps, peptide GILGFVFTL, weight TCRb
2024-11-14 16:19:14,137 - INFO - Processing rows 6575 to 6600 for swaps, peptide GILGFVFTL, weight TCRb
2024-11-14 16:21:03,501 - INFO - Processing rows 6600 to 6625 for swaps, peptide GILGFVFTL, weight TCRb
2024-11-14 16:22:50,506 - INFO - Processing rows 6625 to 6650 for swaps, peptide GILGFVFTL, weight TCRb
2024-11-14 16:24:48,547 - INFO - Processing rows 6650 to 6675 for swaps, peptide GILGFVFTL, weight TCRb
2024-11-14 16:26:37,947 - INFO - Processing rows 6675 to 6700 for swaps, peptide GILGFVFTL, weight TCRb
2024-11-14 16:28:26,196 - INFO - Processing rows 6700 to 6725 for swaps, peptide GILGFVFTL, weight TCRb
2024-11-14 16:30:10,744 - INFO - Processing rows 6725 to 6750 for swaps, peptide GILGFVFTL, weight TCRb
2024-11-14 16:31:56,164 - INFO - Processing rows 6750 to 6775 for swaps, peptide GILGFVFTL, weight TCRb
2024-11-14 16:33:39,415 - INFO - Processing rows 6775 to 6800 for swaps, peptide GILGFVFTL, weight TCRb
2024-11-14 16:35:26,482 - INFO - Processing rows 6800 to 6825 for swaps, peptide GILGFVFTL, weight TCRb
2024-11-14 16:37:13,478 - INFO - Processing rows 6825 to 6850 for swaps, peptide GILGFVFTL, weight TCRb
2024-11-14 16:39:01,273 - INFO - Processing rows 6850 to 6875 for swaps, peptide GILGFVFTL, weight TCRb
2024-11-14 16:40:58,472 - INFO - Processing rows 6875 to 6900 for swaps, peptide GILGFVFTL, weight TCRb
2024-11-14 16:42:44,236 - INFO - Processing rows 6900 to 6925 for swaps, peptide GILGFVFTL, weight TCRb
2024-11-14 16:44:33,088 - INFO - Processing rows 6925 to 6950 for swaps, peptide GILGFVFTL, weight TCRb
2024-11-14 16:46:24,237 - INFO - Processing rows 6950 to 6975 for swaps, peptide GILGFVFTL, weight TCRb
2024-11-14 16:48:18,701 - INFO - Processing rows 6975 to 6990 for swaps, peptide GILGFVFTL, weight TCRb
2024-11-14 16:49:21,962 - INFO - ESM finished.. Saving file...
2024-11-14 16:56:46,610 - INFO - Saved to /net/mimer/mnt/tank/projects2/emison/language_model/27th_Oct_new_matrices/04.11_new_esm/12.11/sequence_summed_vectors_swaps_GILGFVFTL_TCRb.csv
