2024-11-13 19:19:39,992 - INFO - Loading and filtering dataset for peptide GILGFVFTL
2024-11-13 19:19:40,335 - INFO - Processing dataset for peptide GILGFVFTL with weight CDR2b
2024-11-13 19:19:40,336 - INFO - Processing rows 0 to 25 for swaps, peptide GILGFVFTL, weight CDR2b
2024-11-13 19:19:43,290 - INFO - Processing rows 25 to 50 for swaps, peptide GILGFVFTL, weight CDR2b
2024-11-13 19:19:45,916 - INFO - Processing rows 50 to 75 for swaps, peptide GILGFVFTL, weight CDR2b
2024-11-13 19:19:47,995 - INFO - Processing rows 75 to 100 for swaps, peptide GILGFVFTL, weight CDR2b
2024-11-13 19:19:50,116 - INFO - Processing rows 100 to 125 for swaps, peptide GILGFVFTL, weight CDR2b
2024-11-13 19:19:52,175 - INFO - Processing rows 125 to 150 for swaps, peptide GILGFVFTL, weight CDR2b
2024-11-13 19:19:54,288 - INFO - Processing rows 150 to 175 for swaps, peptide GILGFVFTL, weight CDR2b
2024-11-13 19:19:56,369 - INFO - Processing rows 175 to 200 for swaps, peptide GILGFVFTL, weight CDR2b
2024-11-13 19:19:58,472 - INFO - Processing rows 200 to 225 for swaps, peptide GILGFVFTL, weight CDR2b
2024-11-13 19:20:00,581 - INFO - Processing rows 225 to 250 for swaps, peptide GILGFVFTL, weight CDR2b
2024-11-13 19:20:02,641 - INFO - Processing rows 250 to 275 for swaps, peptide GILGFVFTL, weight CDR2b
2024-11-13 19:20:04,735 - INFO - Processing rows 275 to 300 for swaps, peptide GILGFVFTL, weight CDR2b
2024-11-13 19:20:06,801 - INFO - Processing rows 300 to 325 for swaps, peptide GILGFVFTL, weight CDR2b
2024-11-13 19:20:08,675 - INFO - Processing rows 325 to 350 for swaps, peptide GILGFVFTL, weight CDR2b
2024-11-13 19:20:10,739 - INFO - Processing rows 350 to 375 for swaps, peptide GILGFVFTL, weight CDR2b
2024-11-13 19:20:12,794 - INFO - Processing rows 375 to 400 for swaps, peptide GILGFVFTL, weight CDR2b
2024-11-13 19:20:14,904 - INFO - Processing rows 400 to 425 for swaps, peptide GILGFVFTL, weight CDR2b
2024-11-13 19:20:16,950 - INFO - Processing rows 425 to 450 for swaps, peptide GILGFVFTL, weight CDR2b
2024-11-13 19:20:18,801 - INFO - Processing rows 450 to 475 for swaps, peptide GILGFVFTL, weight CDR2b
2024-11-13 19:20:21,375 - INFO - Processing rows 475 to 500 for swaps, peptide GILGFVFTL, weight CDR2b
2024-11-13 19:20:23,478 - INFO - Processing rows 500 to 525 for swaps, peptide GILGFVFTL, weight CDR2b
2024-11-13 19:20:25,385 - INFO - Processing rows 525 to 550 for swaps, peptide GILGFVFTL, weight CDR2b
2024-11-13 19:20:27,460 - INFO - Processing rows 550 to 575 for swaps, peptide GILGFVFTL, weight CDR2b
2024-11-13 19:20:29,541 - INFO - Processing rows 575 to 600 for swaps, peptide GILGFVFTL, weight CDR2b
2024-11-13 19:20:31,667 - INFO - Processing rows 600 to 625 for swaps, peptide GILGFVFTL, weight CDR2b
2024-11-13 19:20:33,749 - INFO - Processing rows 625 to 650 for swaps, peptide GILGFVFTL, weight CDR2b
2024-11-13 19:20:35,915 - INFO - Processing rows 650 to 675 for swaps, peptide GILGFVFTL, weight CDR2b
2024-11-13 19:20:38,353 - INFO - Processing rows 675 to 700 for swaps, peptide GILGFVFTL, weight CDR2b
2024-11-13 19:20:40,935 - INFO - Processing rows 700 to 725 for swaps, peptide GILGFVFTL, weight CDR2b
2024-11-13 19:20:42,884 - INFO - Processing rows 725 to 750 for swaps, peptide GILGFVFTL, weight CDR2b
2024-11-13 19:20:44,969 - INFO - Processing rows 750 to 775 for swaps, peptide GILGFVFTL, weight CDR2b
2024-11-13 19:20:47,096 - INFO - Processing rows 775 to 800 for swaps, peptide GILGFVFTL, weight CDR2b
2024-11-13 19:20:49,163 - INFO - Processing rows 800 to 825 for swaps, peptide GILGFVFTL, weight CDR2b
2024-11-13 19:20:51,260 - INFO - Processing rows 825 to 850 for swaps, peptide GILGFVFTL, weight CDR2b
2024-11-13 19:20:53,395 - INFO - Processing rows 850 to 875 for swaps, peptide GILGFVFTL, weight CDR2b
2024-11-13 19:20:55,472 - INFO - Processing rows 875 to 900 for swaps, peptide GILGFVFTL, weight CDR2b
2024-11-13 19:20:57,574 - INFO - Processing rows 900 to 925 for swaps, peptide GILGFVFTL, weight CDR2b
2024-11-13 19:20:59,635 - INFO - Processing rows 925 to 950 for swaps, peptide GILGFVFTL, weight CDR2b
2024-11-13 19:21:01,713 - INFO - Processing rows 950 to 975 for swaps, peptide GILGFVFTL, weight CDR2b
2024-11-13 19:21:03,800 - INFO - Processing rows 975 to 1000 for swaps, peptide GILGFVFTL, weight CDR2b
2024-11-13 19:21:05,857 - INFO - Processing rows 1000 to 1025 for swaps, peptide GILGFVFTL, weight CDR2b
2024-11-13 19:21:07,928 - INFO - Processing rows 1025 to 1050 for swaps, peptide GILGFVFTL, weight CDR2b
2024-11-13 19:21:12,328 - INFO - Processing rows 1050 to 1075 for swaps, peptide GILGFVFTL, weight CDR2b
2024-11-13 19:21:15,162 - INFO - Processing rows 1075 to 1100 for swaps, peptide GILGFVFTL, weight CDR2b
2024-11-13 19:21:17,664 - INFO - Processing rows 1100 to 1125 for swaps, peptide GILGFVFTL, weight CDR2b
2024-11-13 19:21:20,499 - INFO - Processing rows 1125 to 1150 for swaps, peptide GILGFVFTL, weight CDR2b
2024-11-13 19:21:23,390 - INFO - Processing rows 1150 to 1175 for swaps, peptide GILGFVFTL, weight CDR2b
2024-11-13 19:21:25,982 - INFO - Processing rows 1175 to 1200 for swaps, peptide GILGFVFTL, weight CDR2b
2024-11-13 19:21:28,898 - INFO - Processing rows 1200 to 1225 for swaps, peptide GILGFVFTL, weight CDR2b
2024-11-13 19:21:31,595 - INFO - Processing rows 1225 to 1250 for swaps, peptide GILGFVFTL, weight CDR2b
2024-11-13 19:21:34,476 - INFO - Processing rows 1250 to 1275 for swaps, peptide GILGFVFTL, weight CDR2b
2024-11-13 19:21:37,322 - INFO - Processing rows 1275 to 1300 for swaps, peptide GILGFVFTL, weight CDR2b
2024-11-13 19:21:40,167 - INFO - Processing rows 1300 to 1325 for swaps, peptide GILGFVFTL, weight CDR2b
2024-11-13 19:21:43,001 - INFO - Processing rows 1325 to 1350 for swaps, peptide GILGFVFTL, weight CDR2b
2024-11-13 19:21:45,819 - INFO - Processing rows 1350 to 1375 for swaps, peptide GILGFVFTL, weight CDR2b
2024-11-13 19:21:48,676 - INFO - Processing rows 1375 to 1400 for swaps, peptide GILGFVFTL, weight CDR2b
2024-11-13 19:21:51,508 - INFO - Processing rows 1400 to 1425 for swaps, peptide GILGFVFTL, weight CDR2b
2024-11-13 19:21:54,377 - INFO - Processing rows 1425 to 1450 for swaps, peptide GILGFVFTL, weight CDR2b
2024-11-13 19:21:57,245 - INFO - Processing rows 1450 to 1475 for swaps, peptide GILGFVFTL, weight CDR2b
2024-11-13 19:22:00,093 - INFO - Processing rows 1475 to 1500 for swaps, peptide GILGFVFTL, weight CDR2b
2024-11-13 19:22:02,925 - INFO - Processing rows 1500 to 1525 for swaps, peptide GILGFVFTL, weight CDR2b
2024-11-13 19:22:05,749 - INFO - Processing rows 1525 to 1550 for swaps, peptide GILGFVFTL, weight CDR2b
2024-11-13 19:22:08,572 - INFO - Processing rows 1550 to 1575 for swaps, peptide GILGFVFTL, weight CDR2b
2024-11-13 19:22:11,313 - INFO - Processing rows 1575 to 1600 for swaps, peptide GILGFVFTL, weight CDR2b
2024-11-13 19:22:14,045 - INFO - Processing rows 1600 to 1625 for swaps, peptide GILGFVFTL, weight CDR2b
2024-11-13 19:22:16,862 - INFO - Processing rows 1625 to 1650 for swaps, peptide GILGFVFTL, weight CDR2b
2024-11-13 19:22:19,616 - INFO - Processing rows 1650 to 1675 for swaps, peptide GILGFVFTL, weight CDR2b
2024-11-13 19:22:22,530 - INFO - Processing rows 1675 to 1700 for swaps, peptide GILGFVFTL, weight CDR2b
2024-11-13 19:22:25,053 - INFO - Processing rows 1700 to 1725 for swaps, peptide GILGFVFTL, weight CDR2b
2024-11-13 19:22:27,644 - INFO - Processing rows 1725 to 1750 for swaps, peptide GILGFVFTL, weight CDR2b
2024-11-13 19:22:30,487 - INFO - Processing rows 1750 to 1775 for swaps, peptide GILGFVFTL, weight CDR2b
2024-11-13 19:22:33,367 - INFO - Processing rows 1775 to 1800 for swaps, peptide GILGFVFTL, weight CDR2b
2024-11-13 19:22:36,179 - INFO - Processing rows 1800 to 1825 for swaps, peptide GILGFVFTL, weight CDR2b
2024-11-13 19:22:39,009 - INFO - Processing rows 1825 to 1850 for swaps, peptide GILGFVFTL, weight CDR2b
2024-11-13 19:22:41,923 - INFO - Processing rows 1850 to 1875 for swaps, peptide GILGFVFTL, weight CDR2b
2024-11-13 19:22:44,728 - INFO - Processing rows 1875 to 1900 for swaps, peptide GILGFVFTL, weight CDR2b
2024-11-13 19:22:47,577 - INFO - Processing rows 1900 to 1925 for swaps, peptide GILGFVFTL, weight CDR2b
2024-11-13 19:22:50,387 - INFO - Processing rows 1925 to 1950 for swaps, peptide GILGFVFTL, weight CDR2b
2024-11-13 19:22:53,254 - INFO - Processing rows 1950 to 1975 for swaps, peptide GILGFVFTL, weight CDR2b
2024-11-13 19:22:56,070 - INFO - Processing rows 1975 to 2000 for swaps, peptide GILGFVFTL, weight CDR2b
2024-11-13 19:22:58,928 - INFO - Processing rows 2000 to 2025 for swaps, peptide GILGFVFTL, weight CDR2b
2024-11-13 19:23:01,751 - INFO - Processing rows 2025 to 2050 for swaps, peptide GILGFVFTL, weight CDR2b
2024-11-13 19:23:04,640 - INFO - Processing rows 2050 to 2075 for swaps, peptide GILGFVFTL, weight CDR2b
2024-11-13 19:23:07,481 - INFO - Processing rows 2075 to 2100 for swaps, peptide GILGFVFTL, weight CDR2b
2024-11-13 19:23:10,400 - INFO - Processing rows 2100 to 2125 for swaps, peptide GILGFVFTL, weight CDR2b
2024-11-13 19:23:13,296 - INFO - Processing rows 2125 to 2150 for swaps, peptide GILGFVFTL, weight CDR2b
2024-11-13 19:23:16,210 - INFO - Processing rows 2150 to 2175 for swaps, peptide GILGFVFTL, weight CDR2b
2024-11-13 19:23:19,111 - INFO - Processing rows 2175 to 2200 for swaps, peptide GILGFVFTL, weight CDR2b
2024-11-13 19:23:22,013 - INFO - Processing rows 2200 to 2225 for swaps, peptide GILGFVFTL, weight CDR2b
2024-11-13 19:23:24,985 - INFO - Processing rows 2225 to 2250 for swaps, peptide GILGFVFTL, weight CDR2b
2024-11-13 19:23:27,877 - INFO - Processing rows 2250 to 2275 for swaps, peptide GILGFVFTL, weight CDR2b
2024-11-13 19:23:30,943 - INFO - Processing rows 2275 to 2300 for swaps, peptide GILGFVFTL, weight CDR2b
2024-11-13 19:23:33,833 - INFO - Processing rows 2300 to 2325 for swaps, peptide GILGFVFTL, weight CDR2b
2024-11-13 19:23:36,819 - INFO - Processing rows 2325 to 2350 for swaps, peptide GILGFVFTL, weight CDR2b
2024-11-13 19:23:39,704 - INFO - Processing rows 2350 to 2375 for swaps, peptide GILGFVFTL, weight CDR2b
2024-11-13 19:23:42,639 - INFO - Processing rows 2375 to 2400 for swaps, peptide GILGFVFTL, weight CDR2b
2024-11-13 19:23:45,492 - INFO - Processing rows 2400 to 2425 for swaps, peptide GILGFVFTL, weight CDR2b
2024-11-13 19:23:48,395 - INFO - Processing rows 2425 to 2450 for swaps, peptide GILGFVFTL, weight CDR2b
2024-11-13 19:23:51,234 - INFO - Processing rows 2450 to 2475 for swaps, peptide GILGFVFTL, weight CDR2b
2024-11-13 19:23:53,852 - INFO - Processing rows 2475 to 2500 for swaps, peptide GILGFVFTL, weight CDR2b
2024-11-13 19:23:56,703 - INFO - Processing rows 2500 to 2525 for swaps, peptide GILGFVFTL, weight CDR2b
2024-11-13 19:23:59,603 - INFO - Processing rows 2525 to 2550 for swaps, peptide GILGFVFTL, weight CDR2b
2024-11-13 19:24:02,466 - INFO - Processing rows 2550 to 2575 for swaps, peptide GILGFVFTL, weight CDR2b
2024-11-13 19:24:05,392 - INFO - Processing rows 2575 to 2600 for swaps, peptide GILGFVFTL, weight CDR2b
2024-11-13 19:24:08,262 - INFO - Processing rows 2600 to 2625 for swaps, peptide GILGFVFTL, weight CDR2b
2024-11-13 19:24:11,221 - INFO - Processing rows 2625 to 2650 for swaps, peptide GILGFVFTL, weight CDR2b
2024-11-13 19:24:14,110 - INFO - Processing rows 2650 to 2675 for swaps, peptide GILGFVFTL, weight CDR2b
2024-11-13 19:24:17,064 - INFO - Processing rows 2675 to 2700 for swaps, peptide GILGFVFTL, weight CDR2b
2024-11-13 19:24:19,947 - INFO - Processing rows 2700 to 2725 for swaps, peptide GILGFVFTL, weight CDR2b
2024-11-13 19:24:22,853 - INFO - Processing rows 2725 to 2750 for swaps, peptide GILGFVFTL, weight CDR2b
2024-11-13 19:24:25,743 - INFO - Processing rows 2750 to 2775 for swaps, peptide GILGFVFTL, weight CDR2b
2024-11-13 19:24:28,623 - INFO - Processing rows 2775 to 2800 for swaps, peptide GILGFVFTL, weight CDR2b
2024-11-13 19:24:31,491 - INFO - Processing rows 2800 to 2825 for swaps, peptide GILGFVFTL, weight CDR2b
2024-11-13 19:24:34,373 - INFO - Processing rows 2825 to 2850 for swaps, peptide GILGFVFTL, weight CDR2b
2024-11-13 19:24:37,248 - INFO - Processing rows 2850 to 2875 for swaps, peptide GILGFVFTL, weight CDR2b
2024-11-13 19:24:40,120 - INFO - Processing rows 2875 to 2900 for swaps, peptide GILGFVFTL, weight CDR2b
2024-11-13 19:24:43,017 - INFO - Processing rows 2900 to 2925 for swaps, peptide GILGFVFTL, weight CDR2b
2024-11-13 19:24:45,871 - INFO - Processing rows 2925 to 2950 for swaps, peptide GILGFVFTL, weight CDR2b
2024-11-13 19:24:48,728 - INFO - Processing rows 2950 to 2975 for swaps, peptide GILGFVFTL, weight CDR2b
2024-11-13 19:24:51,594 - INFO - Processing rows 2975 to 3000 for swaps, peptide GILGFVFTL, weight CDR2b
2024-11-13 19:24:54,431 - INFO - Processing rows 3000 to 3025 for swaps, peptide GILGFVFTL, weight CDR2b
2024-11-13 19:24:56,729 - INFO - Processing rows 3025 to 3050 for swaps, peptide GILGFVFTL, weight CDR2b
2024-11-13 19:24:58,781 - INFO - Processing rows 3050 to 3075 for swaps, peptide GILGFVFTL, weight CDR2b
2024-11-13 19:25:01,145 - INFO - Processing rows 3075 to 3100 for swaps, peptide GILGFVFTL, weight CDR2b
2024-11-13 19:25:03,273 - INFO - Processing rows 3100 to 3125 for swaps, peptide GILGFVFTL, weight CDR2b
2024-11-13 19:25:05,352 - INFO - Processing rows 3125 to 3150 for swaps, peptide GILGFVFTL, weight CDR2b
2024-11-13 19:25:07,383 - INFO - Processing rows 3150 to 3175 for swaps, peptide GILGFVFTL, weight CDR2b
2024-11-13 19:25:09,454 - INFO - Processing rows 3175 to 3200 for swaps, peptide GILGFVFTL, weight CDR2b
2024-11-13 19:25:11,313 - INFO - Processing rows 3200 to 3225 for swaps, peptide GILGFVFTL, weight CDR2b
2024-11-13 19:25:13,396 - INFO - Processing rows 3225 to 3250 for swaps, peptide GILGFVFTL, weight CDR2b
2024-11-13 19:25:15,251 - INFO - Processing rows 3250 to 3275 for swaps, peptide GILGFVFTL, weight CDR2b
2024-11-13 19:25:17,325 - INFO - Processing rows 3275 to 3300 for swaps, peptide GILGFVFTL, weight CDR2b
2024-11-13 19:25:19,402 - INFO - Processing rows 3300 to 3325 for swaps, peptide GILGFVFTL, weight CDR2b
2024-11-13 19:25:21,476 - INFO - Processing rows 3325 to 3350 for swaps, peptide GILGFVFTL, weight CDR2b
2024-11-13 19:25:23,557 - INFO - Processing rows 3350 to 3375 for swaps, peptide GILGFVFTL, weight CDR2b
2024-11-13 19:25:25,632 - INFO - Processing rows 3375 to 3400 for swaps, peptide GILGFVFTL, weight CDR2b
2024-11-13 19:25:27,709 - INFO - Processing rows 3400 to 3425 for swaps, peptide GILGFVFTL, weight CDR2b
2024-11-13 19:25:29,783 - INFO - Processing rows 3425 to 3450 for swaps, peptide GILGFVFTL, weight CDR2b
2024-11-13 19:25:31,636 - INFO - Processing rows 3450 to 3475 for swaps, peptide GILGFVFTL, weight CDR2b
2024-11-13 19:25:33,711 - INFO - Processing rows 3475 to 3500 for swaps, peptide GILGFVFTL, weight CDR2b
2024-11-13 19:25:35,773 - INFO - Processing rows 3500 to 3525 for swaps, peptide GILGFVFTL, weight CDR2b
2024-11-13 19:25:37,858 - INFO - Processing rows 3525 to 3550 for swaps, peptide GILGFVFTL, weight CDR2b
2024-11-13 19:25:39,936 - INFO - Processing rows 3550 to 3575 for swaps, peptide GILGFVFTL, weight CDR2b
2024-11-13 19:25:42,010 - INFO - Processing rows 3575 to 3600 for swaps, peptide GILGFVFTL, weight CDR2b
2024-11-13 19:25:44,071 - INFO - Processing rows 3600 to 3625 for swaps, peptide GILGFVFTL, weight CDR2b
2024-11-13 19:25:46,143 - INFO - Processing rows 3625 to 3650 for swaps, peptide GILGFVFTL, weight CDR2b
2024-11-13 19:25:48,221 - INFO - Processing rows 3650 to 3675 for swaps, peptide GILGFVFTL, weight CDR2b
2024-11-13 19:25:50,286 - INFO - Processing rows 3675 to 3700 for swaps, peptide GILGFVFTL, weight CDR2b
2024-11-13 19:25:52,377 - INFO - Processing rows 3700 to 3725 for swaps, peptide GILGFVFTL, weight CDR2b
2024-11-13 19:25:54,444 - INFO - Processing rows 3725 to 3750 for swaps, peptide GILGFVFTL, weight CDR2b
2024-11-13 19:25:56,292 - INFO - Processing rows 3750 to 3775 for swaps, peptide GILGFVFTL, weight CDR2b
2024-11-13 19:25:58,433 - INFO - Processing rows 3775 to 3800 for swaps, peptide GILGFVFTL, weight CDR2b
2024-11-13 19:26:00,509 - INFO - Processing rows 3800 to 3825 for swaps, peptide GILGFVFTL, weight CDR2b
2024-11-13 19:26:02,583 - INFO - Processing rows 3825 to 3850 for swaps, peptide GILGFVFTL, weight CDR2b
2024-11-13 19:26:04,718 - INFO - Processing rows 3850 to 3875 for swaps, peptide GILGFVFTL, weight CDR2b
2024-11-13 19:26:06,797 - INFO - Processing rows 3875 to 3900 for swaps, peptide GILGFVFTL, weight CDR2b
2024-11-13 19:26:08,907 - INFO - Processing rows 3900 to 3925 for swaps, peptide GILGFVFTL, weight CDR2b
2024-11-13 19:26:11,023 - INFO - Processing rows 3925 to 3950 for swaps, peptide GILGFVFTL, weight CDR2b
2024-11-13 19:26:13,112 - INFO - Processing rows 3950 to 3975 for swaps, peptide GILGFVFTL, weight CDR2b
2024-11-13 19:26:15,264 - INFO - Processing rows 3975 to 4000 for swaps, peptide GILGFVFTL, weight CDR2b
2024-11-13 19:26:17,366 - INFO - Processing rows 4000 to 4025 for swaps, peptide GILGFVFTL, weight CDR2b
2024-11-13 19:26:19,471 - INFO - Processing rows 4025 to 4050 for swaps, peptide GILGFVFTL, weight CDR2b
2024-11-13 19:26:21,629 - INFO - Processing rows 4050 to 4075 for swaps, peptide GILGFVFTL, weight CDR2b
2024-11-13 19:26:23,742 - INFO - Processing rows 4075 to 4100 for swaps, peptide GILGFVFTL, weight CDR2b
2024-11-13 19:26:25,629 - INFO - Processing rows 4100 to 4125 for swaps, peptide GILGFVFTL, weight CDR2b
2024-11-13 19:26:27,793 - INFO - Processing rows 4125 to 4150 for swaps, peptide GILGFVFTL, weight CDR2b
2024-11-13 19:26:29,922 - INFO - Processing rows 4150 to 4175 for swaps, peptide GILGFVFTL, weight CDR2b
2024-11-13 19:26:32,097 - INFO - Processing rows 4175 to 4200 for swaps, peptide GILGFVFTL, weight CDR2b
2024-11-13 19:26:34,226 - INFO - Processing rows 4200 to 4225 for swaps, peptide GILGFVFTL, weight CDR2b
2024-11-13 19:26:36,333 - INFO - Processing rows 4225 to 4250 for swaps, peptide GILGFVFTL, weight CDR2b
2024-11-13 19:26:38,470 - INFO - Processing rows 4250 to 4275 for swaps, peptide GILGFVFTL, weight CDR2b
2024-11-13 19:26:40,529 - INFO - Processing rows 4275 to 4300 for swaps, peptide GILGFVFTL, weight CDR2b
2024-11-13 19:26:42,595 - INFO - Processing rows 4300 to 4325 for swaps, peptide GILGFVFTL, weight CDR2b
2024-11-13 19:26:44,712 - INFO - Processing rows 4325 to 4350 for swaps, peptide GILGFVFTL, weight CDR2b
2024-11-13 19:26:46,784 - INFO - Processing rows 4350 to 4375 for swaps, peptide GILGFVFTL, weight CDR2b
2024-11-13 19:26:48,849 - INFO - Processing rows 4375 to 4400 for swaps, peptide GILGFVFTL, weight CDR2b
2024-11-13 19:26:50,712 - INFO - Processing rows 4400 to 4425 for swaps, peptide GILGFVFTL, weight CDR2b
2024-11-13 19:26:52,788 - INFO - Processing rows 4425 to 4450 for swaps, peptide GILGFVFTL, weight CDR2b
2024-11-13 19:26:54,853 - INFO - Processing rows 4450 to 4475 for swaps, peptide GILGFVFTL, weight CDR2b
2024-11-13 19:26:56,931 - INFO - Processing rows 4475 to 4500 for swaps, peptide GILGFVFTL, weight CDR2b
2024-11-13 19:26:59,067 - INFO - Processing rows 4500 to 4525 for swaps, peptide GILGFVFTL, weight CDR2b
2024-11-13 19:27:01,169 - INFO - Processing rows 4525 to 4550 for swaps, peptide GILGFVFTL, weight CDR2b
2024-11-13 19:27:03,289 - INFO - Processing rows 4550 to 4575 for swaps, peptide GILGFVFTL, weight CDR2b
2024-11-13 19:27:05,453 - INFO - Processing rows 4575 to 4600 for swaps, peptide GILGFVFTL, weight CDR2b
2024-11-13 19:27:07,344 - INFO - Processing rows 4600 to 4625 for swaps, peptide GILGFVFTL, weight CDR2b
2024-11-13 19:27:09,480 - INFO - Processing rows 4625 to 4650 for swaps, peptide GILGFVFTL, weight CDR2b
2024-11-13 19:27:11,625 - INFO - Processing rows 4650 to 4675 for swaps, peptide GILGFVFTL, weight CDR2b
2024-11-13 19:27:13,727 - INFO - Processing rows 4675 to 4700 for swaps, peptide GILGFVFTL, weight CDR2b
2024-11-13 19:27:15,886 - INFO - Processing rows 4700 to 4725 for swaps, peptide GILGFVFTL, weight CDR2b
2024-11-13 19:27:17,996 - INFO - Processing rows 4725 to 4750 for swaps, peptide GILGFVFTL, weight CDR2b
2024-11-13 19:27:20,098 - INFO - Processing rows 4750 to 4775 for swaps, peptide GILGFVFTL, weight CDR2b
2024-11-13 19:27:22,262 - INFO - Processing rows 4775 to 4800 for swaps, peptide GILGFVFTL, weight CDR2b
2024-11-13 19:27:24,371 - INFO - Processing rows 4800 to 4825 for swaps, peptide GILGFVFTL, weight CDR2b
2024-11-13 19:27:26,471 - INFO - Processing rows 4825 to 4850 for swaps, peptide GILGFVFTL, weight CDR2b
2024-11-13 19:27:28,627 - INFO - Processing rows 4850 to 4875 for swaps, peptide GILGFVFTL, weight CDR2b
2024-11-13 19:27:30,738 - INFO - Processing rows 4875 to 4900 for swaps, peptide GILGFVFTL, weight CDR2b
2024-11-13 19:27:32,906 - INFO - Processing rows 4900 to 4925 for swaps, peptide GILGFVFTL, weight CDR2b
2024-11-13 19:27:35,043 - INFO - Processing rows 4925 to 4950 for swaps, peptide GILGFVFTL, weight CDR2b
2024-11-13 19:27:37,184 - INFO - Processing rows 4950 to 4975 for swaps, peptide GILGFVFTL, weight CDR2b
2024-11-13 19:27:39,357 - INFO - Processing rows 4975 to 5000 for swaps, peptide GILGFVFTL, weight CDR2b
2024-11-13 19:27:41,487 - INFO - Processing rows 5000 to 5025 for swaps, peptide GILGFVFTL, weight CDR2b
2024-11-13 19:27:43,633 - INFO - Processing rows 5025 to 5050 for swaps, peptide GILGFVFTL, weight CDR2b
2024-11-13 19:27:45,829 - INFO - Processing rows 5050 to 5075 for swaps, peptide GILGFVFTL, weight CDR2b
2024-11-13 19:27:47,976 - INFO - Processing rows 5075 to 5100 for swaps, peptide GILGFVFTL, weight CDR2b
2024-11-13 19:27:50,161 - INFO - Processing rows 5100 to 5125 for swaps, peptide GILGFVFTL, weight CDR2b
2024-11-13 19:27:52,298 - INFO - Processing rows 5125 to 5150 for swaps, peptide GILGFVFTL, weight CDR2b
2024-11-13 19:27:54,458 - INFO - Processing rows 5150 to 5175 for swaps, peptide GILGFVFTL, weight CDR2b
2024-11-13 19:27:56,602 - INFO - Processing rows 5175 to 5200 for swaps, peptide GILGFVFTL, weight CDR2b
2024-11-13 19:27:58,713 - INFO - Processing rows 5200 to 5225 for swaps, peptide GILGFVFTL, weight CDR2b
2024-11-13 19:28:00,803 - INFO - Processing rows 5225 to 5250 for swaps, peptide GILGFVFTL, weight CDR2b
2024-11-13 19:28:02,906 - INFO - Processing rows 5250 to 5275 for swaps, peptide GILGFVFTL, weight CDR2b
2024-11-13 19:28:05,002 - INFO - Processing rows 5275 to 5300 for swaps, peptide GILGFVFTL, weight CDR2b
2024-11-13 19:28:07,102 - INFO - Processing rows 5300 to 5325 for swaps, peptide GILGFVFTL, weight CDR2b
2024-11-13 19:28:09,214 - INFO - Processing rows 5325 to 5350 for swaps, peptide GILGFVFTL, weight CDR2b
2024-11-13 19:28:11,339 - INFO - Processing rows 5350 to 5375 for swaps, peptide GILGFVFTL, weight CDR2b
2024-11-13 19:28:13,456 - INFO - Processing rows 5375 to 5400 for swaps, peptide GILGFVFTL, weight CDR2b
2024-11-13 19:28:15,585 - INFO - Processing rows 5400 to 5425 for swaps, peptide GILGFVFTL, weight CDR2b
2024-11-13 19:28:17,717 - INFO - Processing rows 5425 to 5450 for swaps, peptide GILGFVFTL, weight CDR2b
2024-11-13 19:28:19,858 - INFO - Processing rows 5450 to 5475 for swaps, peptide GILGFVFTL, weight CDR2b
2024-11-13 19:28:21,991 - INFO - Processing rows 5475 to 5500 for swaps, peptide GILGFVFTL, weight CDR2b
2024-11-13 19:28:24,127 - INFO - Processing rows 5500 to 5525 for swaps, peptide GILGFVFTL, weight CDR2b
2024-11-13 19:28:26,269 - INFO - Processing rows 5525 to 5550 for swaps, peptide GILGFVFTL, weight CDR2b
2024-11-13 19:28:28,415 - INFO - Processing rows 5550 to 5575 for swaps, peptide GILGFVFTL, weight CDR2b
2024-11-13 19:28:30,567 - INFO - Processing rows 5575 to 5600 for swaps, peptide GILGFVFTL, weight CDR2b
2024-11-13 19:28:32,719 - INFO - Processing rows 5600 to 5625 for swaps, peptide GILGFVFTL, weight CDR2b
2024-11-13 19:28:34,858 - INFO - Processing rows 5625 to 5650 for swaps, peptide GILGFVFTL, weight CDR2b
2024-11-13 19:28:36,980 - INFO - Processing rows 5650 to 5675 for swaps, peptide GILGFVFTL, weight CDR2b
2024-11-13 19:28:39,098 - INFO - Processing rows 5675 to 5700 for swaps, peptide GILGFVFTL, weight CDR2b
2024-11-13 19:28:41,221 - INFO - Processing rows 5700 to 5725 for swaps, peptide GILGFVFTL, weight CDR2b
2024-11-13 19:28:43,336 - INFO - Processing rows 5725 to 5750 for swaps, peptide GILGFVFTL, weight CDR2b
2024-11-13 19:28:45,463 - INFO - Processing rows 5750 to 5775 for swaps, peptide GILGFVFTL, weight CDR2b
2024-11-13 19:28:47,586 - INFO - Processing rows 5775 to 5800 for swaps, peptide GILGFVFTL, weight CDR2b
2024-11-13 19:28:49,730 - INFO - Processing rows 5800 to 5825 for swaps, peptide GILGFVFTL, weight CDR2b
2024-11-13 19:28:51,860 - INFO - Processing rows 5825 to 5850 for swaps, peptide GILGFVFTL, weight CDR2b
2024-11-13 19:28:54,026 - INFO - Processing rows 5850 to 5875 for swaps, peptide GILGFVFTL, weight CDR2b
2024-11-13 19:28:56,156 - INFO - Processing rows 5875 to 5900 for swaps, peptide GILGFVFTL, weight CDR2b
2024-11-13 19:28:58,300 - INFO - Processing rows 5900 to 5925 for swaps, peptide GILGFVFTL, weight CDR2b
2024-11-13 19:29:00,490 - INFO - Processing rows 5925 to 5950 for swaps, peptide GILGFVFTL, weight CDR2b
2024-11-13 19:29:02,639 - INFO - Processing rows 5950 to 5975 for swaps, peptide GILGFVFTL, weight CDR2b
2024-11-13 19:29:04,791 - INFO - Processing rows 5975 to 6000 for swaps, peptide GILGFVFTL, weight CDR2b
2024-11-13 19:29:06,994 - INFO - Processing rows 6000 to 6025 for swaps, peptide GILGFVFTL, weight CDR2b
2024-11-13 19:29:09,141 - INFO - Processing rows 6025 to 6050 for swaps, peptide GILGFVFTL, weight CDR2b
2024-11-13 19:29:11,342 - INFO - Processing rows 6050 to 6075 for swaps, peptide GILGFVFTL, weight CDR2b
2024-11-13 19:29:13,484 - INFO - Processing rows 6075 to 6100 for swaps, peptide GILGFVFTL, weight CDR2b
2024-11-13 19:29:15,621 - INFO - Processing rows 6100 to 6125 for swaps, peptide GILGFVFTL, weight CDR2b
2024-11-13 19:29:17,821 - INFO - Processing rows 6125 to 6150 for swaps, peptide GILGFVFTL, weight CDR2b
2024-11-13 19:29:19,958 - INFO - Processing rows 6150 to 6175 for swaps, peptide GILGFVFTL, weight CDR2b
2024-11-13 19:29:22,084 - INFO - Processing rows 6175 to 6200 for swaps, peptide GILGFVFTL, weight CDR2b
2024-11-13 19:29:24,264 - INFO - Processing rows 6200 to 6225 for swaps, peptide GILGFVFTL, weight CDR2b
2024-11-13 19:29:26,390 - INFO - Processing rows 6225 to 6250 for swaps, peptide GILGFVFTL, weight CDR2b
2024-11-13 19:29:28,576 - INFO - Processing rows 6250 to 6275 for swaps, peptide GILGFVFTL, weight CDR2b
2024-11-13 19:29:30,698 - INFO - Processing rows 6275 to 6300 for swaps, peptide GILGFVFTL, weight CDR2b
2024-11-13 19:29:32,825 - INFO - Processing rows 6300 to 6325 for swaps, peptide GILGFVFTL, weight CDR2b
2024-11-13 19:29:35,002 - INFO - Processing rows 6325 to 6350 for swaps, peptide GILGFVFTL, weight CDR2b
2024-11-13 19:29:37,131 - INFO - Processing rows 6350 to 6375 for swaps, peptide GILGFVFTL, weight CDR2b
2024-11-13 19:29:39,254 - INFO - Processing rows 6375 to 6400 for swaps, peptide GILGFVFTL, weight CDR2b
2024-11-13 19:29:41,424 - INFO - Processing rows 6400 to 6425 for swaps, peptide GILGFVFTL, weight CDR2b
2024-11-13 19:29:43,545 - INFO - Processing rows 6425 to 6450 for swaps, peptide GILGFVFTL, weight CDR2b
2024-11-13 19:29:45,747 - INFO - Processing rows 6450 to 6475 for swaps, peptide GILGFVFTL, weight CDR2b
2024-11-13 19:29:47,990 - INFO - Processing rows 6475 to 6500 for swaps, peptide GILGFVFTL, weight CDR2b
2024-11-13 19:29:50,648 - INFO - Processing rows 6500 to 6525 for swaps, peptide GILGFVFTL, weight CDR2b
2024-11-13 19:29:53,000 - INFO - Processing rows 6525 to 6550 for swaps, peptide GILGFVFTL, weight CDR2b
2024-11-13 19:29:55,136 - INFO - Processing rows 6550 to 6575 for swaps, peptide GILGFVFTL, weight CDR2b
2024-11-13 19:29:57,250 - INFO - Processing rows 6575 to 6600 for swaps, peptide GILGFVFTL, weight CDR2b
2024-11-13 19:29:59,386 - INFO - Processing rows 6600 to 6625 for swaps, peptide GILGFVFTL, weight CDR2b
2024-11-13 19:30:01,540 - INFO - Processing rows 6625 to 6650 for swaps, peptide GILGFVFTL, weight CDR2b
2024-11-13 19:30:03,656 - INFO - Processing rows 6650 to 6675 for swaps, peptide GILGFVFTL, weight CDR2b
2024-11-13 19:30:05,818 - INFO - Processing rows 6675 to 6700 for swaps, peptide GILGFVFTL, weight CDR2b
2024-11-13 19:30:07,944 - INFO - Processing rows 6700 to 6725 for swaps, peptide GILGFVFTL, weight CDR2b
2024-11-13 19:30:09,844 - INFO - Processing rows 6725 to 6750 for swaps, peptide GILGFVFTL, weight CDR2b
2024-11-13 19:30:11,790 - INFO - Processing rows 6750 to 6775 for swaps, peptide GILGFVFTL, weight CDR2b
2024-11-13 19:30:13,682 - INFO - Processing rows 6775 to 6800 for swaps, peptide GILGFVFTL, weight CDR2b
2024-11-13 19:30:16,139 - INFO - Processing rows 6800 to 6825 for swaps, peptide GILGFVFTL, weight CDR2b
2024-11-13 19:30:18,391 - INFO - Processing rows 6825 to 6850 for swaps, peptide GILGFVFTL, weight CDR2b
2024-11-13 19:30:20,288 - INFO - Processing rows 6850 to 6875 for swaps, peptide GILGFVFTL, weight CDR2b
2024-11-13 19:30:22,397 - INFO - Processing rows 6875 to 6900 for swaps, peptide GILGFVFTL, weight CDR2b
2024-11-13 19:30:24,330 - INFO - Processing rows 6900 to 6925 for swaps, peptide GILGFVFTL, weight CDR2b
2024-11-13 19:30:26,462 - INFO - Processing rows 6925 to 6950 for swaps, peptide GILGFVFTL, weight CDR2b
2024-11-13 19:30:28,586 - INFO - Processing rows 6950 to 6975 for swaps, peptide GILGFVFTL, weight CDR2b
2024-11-13 19:30:30,733 - INFO - Processing rows 6975 to 6990 for swaps, peptide GILGFVFTL, weight CDR2b
Traceback (most recent call last):
  File "/net/mimer/mnt/tank/projects2/emison/language_model/27th_Oct_new_matrices/04.11_new_esm/12.11/run_esm_swaps.py", line 90, in <module>
    process_sequences(df_filtered, peptide, weight, "swaps")
  File "/net/mimer/mnt/tank/projects2/emison/language_model/27th_Oct_new_matrices/04.11_new_esm/12.11/run_esm_swaps.py", line 82, in process_sequences
    output_df.insert(0, "raw_index", raw_indexes)
  File "/home/projects2/emison/language_model/miniconda3/envs/esm2_emison/lib/python3.12/site-packages/pandas/core/frame.py", line 5171, in insert
    value, refs = self._sanitize_column(value)
                  ^^^^^^^^^^^^^^^^^^^^^^^^^^^^
  File "/home/projects2/emison/language_model/miniconda3/envs/esm2_emison/lib/python3.12/site-packages/pandas/core/frame.py", line 5266, in _sanitize_column
    com.require_length_match(value, self.index)
  File "/home/projects2/emison/language_model/miniconda3/envs/esm2_emison/lib/python3.12/site-packages/pandas/core/common.py", line 573, in require_length_match
    raise ValueError(
ValueError: Length of values (6990) does not match length of index (15)
