2024-11-13 19:13:14,787 - INFO - Loading and filtering dataset for peptide GILGFVFTL
2024-11-13 19:13:14,847 - INFO - Processing dataset for peptide GILGFVFTL with weight CDR1b
2024-11-13 19:13:14,849 - INFO - Processing rows 0 to 25 for binders, peptide GILGFVFTL, weight CDR1b
2024-11-13 19:13:19,072 - INFO - Processing rows 25 to 50 for binders, peptide GILGFVFTL, weight CDR1b
2024-11-13 19:13:22,689 - INFO - Processing rows 50 to 75 for binders, peptide GILGFVFTL, weight CDR1b
2024-11-13 19:13:26,433 - INFO - Processing rows 75 to 100 for binders, peptide GILGFVFTL, weight CDR1b
2024-11-13 19:13:30,611 - INFO - Processing rows 100 to 125 for binders, peptide GILGFVFTL, weight CDR1b
2024-11-13 19:13:34,399 - INFO - Processing rows 125 to 150 for binders, peptide GILGFVFTL, weight CDR1b
2024-11-13 19:13:38,181 - INFO - Processing rows 150 to 175 for binders, peptide GILGFVFTL, weight CDR1b
2024-11-13 19:13:41,961 - INFO - Processing rows 175 to 200 for binders, peptide GILGFVFTL, weight CDR1b
2024-11-13 19:13:46,140 - INFO - Processing rows 200 to 225 for binders, peptide GILGFVFTL, weight CDR1b
2024-11-13 19:13:49,884 - INFO - Processing rows 225 to 250 for binders, peptide GILGFVFTL, weight CDR1b
2024-11-13 19:13:53,582 - INFO - Processing rows 250 to 275 for binders, peptide GILGFVFTL, weight CDR1b
2024-11-13 19:13:57,675 - INFO - Processing rows 275 to 300 for binders, peptide GILGFVFTL, weight CDR1b
2024-11-13 19:14:01,757 - INFO - Processing rows 300 to 325 for binders, peptide GILGFVFTL, weight CDR1b
2024-11-13 19:14:05,463 - INFO - Processing rows 325 to 350 for binders, peptide GILGFVFTL, weight CDR1b
2024-11-13 19:14:09,556 - INFO - Processing rows 350 to 375 for binders, peptide GILGFVFTL, weight CDR1b
2024-11-13 19:14:13,645 - INFO - Processing rows 375 to 400 for binders, peptide GILGFVFTL, weight CDR1b
2024-11-13 19:14:17,716 - INFO - Processing rows 400 to 425 for binders, peptide GILGFVFTL, weight CDR1b
2024-11-13 19:14:21,807 - INFO - Processing rows 425 to 450 for binders, peptide GILGFVFTL, weight CDR1b
2024-11-13 19:14:25,928 - INFO - Processing rows 450 to 475 for binders, peptide GILGFVFTL, weight CDR1b
2024-11-13 19:14:30,098 - INFO - Processing rows 475 to 500 for binders, peptide GILGFVFTL, weight CDR1b
2024-11-13 19:14:33,883 - INFO - Processing rows 500 to 525 for binders, peptide GILGFVFTL, weight CDR1b
2024-11-13 19:14:37,644 - INFO - Processing rows 525 to 550 for binders, peptide GILGFVFTL, weight CDR1b
2024-11-13 19:14:41,364 - INFO - Processing rows 550 to 575 for binders, peptide GILGFVFTL, weight CDR1b
2024-11-13 19:14:45,536 - INFO - Processing rows 575 to 600 for binders, peptide GILGFVFTL, weight CDR1b
2024-11-13 19:14:49,707 - INFO - Processing rows 600 to 625 for binders, peptide GILGFVFTL, weight CDR1b
2024-11-13 19:14:53,861 - INFO - Processing rows 625 to 650 for binders, peptide GILGFVFTL, weight CDR1b
2024-11-13 19:14:58,035 - INFO - Processing rows 650 to 675 for binders, peptide GILGFVFTL, weight CDR1b
2024-11-13 19:15:02,169 - INFO - Processing rows 675 to 700 for binders, peptide GILGFVFTL, weight CDR1b
2024-11-13 19:15:06,278 - INFO - Processing rows 700 to 725 for binders, peptide GILGFVFTL, weight CDR1b
2024-11-13 19:15:10,433 - INFO - Processing rows 725 to 750 for binders, peptide GILGFVFTL, weight CDR1b
2024-11-13 19:15:14,542 - INFO - Processing rows 750 to 775 for binders, peptide GILGFVFTL, weight CDR1b
2024-11-13 19:15:18,661 - INFO - Processing rows 775 to 800 for binders, peptide GILGFVFTL, weight CDR1b
2024-11-13 19:15:22,835 - INFO - Processing rows 800 to 825 for binders, peptide GILGFVFTL, weight CDR1b
2024-11-13 19:15:26,542 - INFO - Processing rows 825 to 850 for binders, peptide GILGFVFTL, weight CDR1b
2024-11-13 19:15:30,325 - INFO - Processing rows 850 to 875 for binders, peptide GILGFVFTL, weight CDR1b
2024-11-13 19:15:34,061 - INFO - Processing rows 875 to 900 for binders, peptide GILGFVFTL, weight CDR1b
2024-11-13 19:15:38,198 - INFO - Processing rows 900 to 925 for binders, peptide GILGFVFTL, weight CDR1b
2024-11-13 19:15:42,369 - INFO - Processing rows 925 to 950 for binders, peptide GILGFVFTL, weight CDR1b
2024-11-13 19:15:46,527 - INFO - Processing rows 950 to 975 for binders, peptide GILGFVFTL, weight CDR1b
2024-11-13 19:15:50,236 - INFO - Processing rows 975 to 1000 for binders, peptide GILGFVFTL, weight CDR1b
2024-11-13 19:15:54,406 - INFO - Processing rows 1000 to 1025 for binders, peptide GILGFVFTL, weight CDR1b
2024-11-13 19:15:58,187 - INFO - Processing rows 1025 to 1050 for binders, peptide GILGFVFTL, weight CDR1b
2024-11-13 19:16:02,281 - INFO - Processing rows 1050 to 1075 for binders, peptide GILGFVFTL, weight CDR1b
2024-11-13 19:16:06,065 - INFO - Processing rows 1075 to 1100 for binders, peptide GILGFVFTL, weight CDR1b
2024-11-13 19:16:10,241 - INFO - Processing rows 1100 to 1125 for binders, peptide GILGFVFTL, weight CDR1b
2024-11-13 19:16:13,948 - INFO - Processing rows 1125 to 1150 for binders, peptide GILGFVFTL, weight CDR1b
2024-11-13 19:16:17,665 - INFO - Processing rows 1150 to 1165 for binders, peptide GILGFVFTL, weight CDR1b
Traceback (most recent call last):
  File "/net/mimer/mnt/tank/projects2/emison/language_model/27th_Oct_new_matrices/04.11_new_esm/12.11/run_esm_binders.py", line 90, in <module>
    process_sequences(df_filtered, peptide, weight, "binders")
  File "/net/mimer/mnt/tank/projects2/emison/language_model/27th_Oct_new_matrices/04.11_new_esm/12.11/run_esm_binders.py", line 82, in process_sequences
    output_df.insert(0, "raw_index", raw_indexes)
  File "/home/projects2/emison/language_model/miniconda3/envs/esm2_emison/lib/python3.12/site-packages/pandas/core/frame.py", line 5171, in insert
    value, refs = self._sanitize_column(value)
                  ^^^^^^^^^^^^^^^^^^^^^^^^^^^^
  File "/home/projects2/emison/language_model/miniconda3/envs/esm2_emison/lib/python3.12/site-packages/pandas/core/frame.py", line 5266, in _sanitize_column
    com.require_length_match(value, self.index)
  File "/home/projects2/emison/language_model/miniconda3/envs/esm2_emison/lib/python3.12/site-packages/pandas/core/common.py", line 573, in require_length_match
    raise ValueError(
ValueError: Length of values (1165) does not match length of index (15)
