2024-11-13 19:12:22,877 - INFO - Loading and filtering dataset for peptide GILGFVFTL
2024-11-13 19:12:23,003 - INFO - Processing dataset for peptide GILGFVFTL with weight TCRb
2024-11-13 19:12:23,006 - INFO - Processing rows 0 to 25 for binders, peptide GILGFVFTL, weight TCRb
2024-11-13 19:24:26,720 - INFO - Processing rows 25 to 50 for binders, peptide GILGFVFTL, weight TCRb
2024-11-13 19:36:20,586 - INFO - Processing rows 50 to 75 for binders, peptide GILGFVFTL, weight TCRb
2024-11-13 19:48:13,926 - INFO - Processing rows 75 to 100 for binders, peptide GILGFVFTL, weight TCRb
2024-11-13 20:00:15,926 - INFO - Processing rows 100 to 125 for binders, peptide GILGFVFTL, weight TCRb
2024-11-13 20:11:42,054 - INFO - Processing rows 125 to 150 for binders, peptide GILGFVFTL, weight TCRb
2024-11-13 20:22:32,668 - INFO - Processing rows 150 to 175 for binders, peptide GILGFVFTL, weight TCRb
2024-11-13 20:34:05,693 - INFO - Processing rows 175 to 200 for binders, peptide GILGFVFTL, weight TCRb
2024-11-13 20:45:33,826 - INFO - Processing rows 200 to 225 for binders, peptide GILGFVFTL, weight TCRb
2024-11-13 20:57:10,319 - INFO - Processing rows 225 to 250 for binders, peptide GILGFVFTL, weight TCRb
2024-11-13 21:08:28,003 - INFO - Processing rows 250 to 275 for binders, peptide GILGFVFTL, weight TCRb
2024-11-13 21:19:59,327 - INFO - Processing rows 275 to 300 for binders, peptide GILGFVFTL, weight TCRb
2024-11-13 21:31:16,954 - INFO - Processing rows 300 to 325 for binders, peptide GILGFVFTL, weight TCRb
2024-11-13 21:42:28,071 - INFO - Processing rows 325 to 350 for binders, peptide GILGFVFTL, weight TCRb
2024-11-13 21:54:04,789 - INFO - Processing rows 350 to 375 for binders, peptide GILGFVFTL, weight TCRb
2024-11-13 22:05:37,704 - INFO - Processing rows 375 to 400 for binders, peptide GILGFVFTL, weight TCRb
2024-11-13 22:17:19,205 - INFO - Processing rows 400 to 425 for binders, peptide GILGFVFTL, weight TCRb
2024-11-13 22:28:52,764 - INFO - Processing rows 425 to 450 for binders, peptide GILGFVFTL, weight TCRb
2024-11-13 22:40:05,468 - INFO - Processing rows 450 to 475 for binders, peptide GILGFVFTL, weight TCRb
2024-11-13 22:51:12,892 - INFO - Processing rows 475 to 500 for binders, peptide GILGFVFTL, weight TCRb
2024-11-13 23:02:00,527 - INFO - Processing rows 500 to 525 for binders, peptide GILGFVFTL, weight TCRb
2024-11-13 23:13:01,111 - INFO - Processing rows 525 to 550 for binders, peptide GILGFVFTL, weight TCRb
2024-11-13 23:23:51,152 - INFO - Processing rows 550 to 575 for binders, peptide GILGFVFTL, weight TCRb
2024-11-13 23:35:03,402 - INFO - Processing rows 575 to 600 for binders, peptide GILGFVFTL, weight TCRb
2024-11-13 23:46:06,852 - INFO - Processing rows 600 to 625 for binders, peptide GILGFVFTL, weight TCRb
2024-11-13 23:57:20,355 - INFO - Processing rows 625 to 650 for binders, peptide GILGFVFTL, weight TCRb
2024-11-14 00:08:31,457 - INFO - Processing rows 650 to 675 for binders, peptide GILGFVFTL, weight TCRb
2024-11-14 00:19:40,011 - INFO - Processing rows 675 to 700 for binders, peptide GILGFVFTL, weight TCRb
2024-11-14 00:30:54,184 - INFO - Processing rows 700 to 725 for binders, peptide GILGFVFTL, weight TCRb
2024-11-14 00:41:55,934 - INFO - Processing rows 725 to 750 for binders, peptide GILGFVFTL, weight TCRb
2024-11-14 00:53:07,911 - INFO - Processing rows 750 to 775 for binders, peptide GILGFVFTL, weight TCRb
2024-11-14 01:04:32,389 - INFO - Processing rows 775 to 800 for binders, peptide GILGFVFTL, weight TCRb
2024-11-14 01:15:58,990 - INFO - Processing rows 800 to 825 for binders, peptide GILGFVFTL, weight TCRb
2024-11-14 01:26:46,973 - INFO - Processing rows 825 to 850 for binders, peptide GILGFVFTL, weight TCRb
2024-11-14 01:37:50,609 - INFO - Processing rows 850 to 875 for binders, peptide GILGFVFTL, weight TCRb
2024-11-14 01:48:50,546 - INFO - Processing rows 875 to 900 for binders, peptide GILGFVFTL, weight TCRb
2024-11-14 01:59:54,711 - INFO - Processing rows 900 to 925 for binders, peptide GILGFVFTL, weight TCRb
2024-11-14 02:11:01,764 - INFO - Processing rows 925 to 950 for binders, peptide GILGFVFTL, weight TCRb
2024-11-14 02:22:01,416 - INFO - Processing rows 950 to 975 for binders, peptide GILGFVFTL, weight TCRb
2024-11-14 02:32:47,940 - INFO - Processing rows 975 to 1000 for binders, peptide GILGFVFTL, weight TCRb
2024-11-14 02:43:33,651 - INFO - Processing rows 1000 to 1025 for binders, peptide GILGFVFTL, weight TCRb
2024-11-14 02:54:44,680 - INFO - Processing rows 1025 to 1050 for binders, peptide GILGFVFTL, weight TCRb
2024-11-14 03:05:56,984 - INFO - Processing rows 1050 to 1075 for binders, peptide GILGFVFTL, weight TCRb
2024-11-14 03:16:49,274 - INFO - Processing rows 1075 to 1100 for binders, peptide GILGFVFTL, weight TCRb
2024-11-14 03:27:37,366 - INFO - Processing rows 1100 to 1125 for binders, peptide GILGFVFTL, weight TCRb
2024-11-14 03:38:20,160 - INFO - Processing rows 1125 to 1150 for binders, peptide GILGFVFTL, weight TCRb
2024-11-14 03:49:28,801 - INFO - Processing rows 1150 to 1165 for binders, peptide GILGFVFTL, weight TCRb
Traceback (most recent call last):
  File "/net/mimer/mnt/tank/projects2/emison/language_model/27th_Oct_new_matrices/04.11_new_esm/12.11/run_esm_binders.py", line 90, in <module>
    process_sequences(df_filtered, peptide, weight, "binders")
  File "/net/mimer/mnt/tank/projects2/emison/language_model/27th_Oct_new_matrices/04.11_new_esm/12.11/run_esm_binders.py", line 82, in process_sequences
    output_df.insert(0, "raw_index", raw_indexes)
  File "/home/projects2/emison/language_model/miniconda3/envs/esm2_emison/lib/python3.12/site-packages/pandas/core/frame.py", line 5171, in insert
    value, refs = self._sanitize_column(value)
                  ^^^^^^^^^^^^^^^^^^^^^^^^^^^^
  File "/home/projects2/emison/language_model/miniconda3/envs/esm2_emison/lib/python3.12/site-packages/pandas/core/frame.py", line 5266, in _sanitize_column
    com.require_length_match(value, self.index)
  File "/home/projects2/emison/language_model/miniconda3/envs/esm2_emison/lib/python3.12/site-packages/pandas/core/common.py", line 573, in require_length_match
    raise ValueError(
ValueError: Length of values (1165) does not match length of index (15)
