2024-11-13 19:19:39,960 - INFO - Loading and filtering dataset for peptide GILGFVFTL
2024-11-13 19:19:40,286 - INFO - Processing dataset for peptide GILGFVFTL with weight CDR3a
2024-11-13 19:19:40,288 - INFO - Processing rows 0 to 25 for swaps, peptide GILGFVFTL, weight CDR3a
2024-11-13 19:19:46,168 - INFO - Processing rows 25 to 50 for swaps, peptide GILGFVFTL, weight CDR3a
2024-11-13 19:19:51,157 - INFO - Processing rows 50 to 75 for swaps, peptide GILGFVFTL, weight CDR3a
2024-11-13 19:19:56,941 - INFO - Processing rows 75 to 100 for swaps, peptide GILGFVFTL, weight CDR3a
2024-11-13 19:20:02,181 - INFO - Processing rows 100 to 125 for swaps, peptide GILGFVFTL, weight CDR3a
2024-11-13 19:20:07,759 - INFO - Processing rows 125 to 150 for swaps, peptide GILGFVFTL, weight CDR3a
2024-11-13 19:20:13,604 - INFO - Processing rows 150 to 175 for swaps, peptide GILGFVFTL, weight CDR3a
2024-11-13 19:20:19,442 - INFO - Processing rows 175 to 200 for swaps, peptide GILGFVFTL, weight CDR3a
2024-11-13 19:20:24,284 - INFO - Processing rows 200 to 225 for swaps, peptide GILGFVFTL, weight CDR3a
2024-11-13 19:20:28,331 - INFO - Processing rows 225 to 250 for swaps, peptide GILGFVFTL, weight CDR3a
2024-11-13 19:20:32,207 - INFO - Processing rows 250 to 275 for swaps, peptide GILGFVFTL, weight CDR3a
2024-11-13 19:20:36,432 - INFO - Processing rows 275 to 300 for swaps, peptide GILGFVFTL, weight CDR3a
2024-11-13 19:20:40,099 - INFO - Processing rows 300 to 325 for swaps, peptide GILGFVFTL, weight CDR3a
2024-11-13 19:20:44,178 - INFO - Processing rows 325 to 350 for swaps, peptide GILGFVFTL, weight CDR3a
2024-11-13 19:20:48,476 - INFO - Processing rows 350 to 375 for swaps, peptide GILGFVFTL, weight CDR3a
2024-11-13 19:20:52,731 - INFO - Processing rows 375 to 400 for swaps, peptide GILGFVFTL, weight CDR3a
2024-11-13 19:20:56,662 - INFO - Processing rows 400 to 425 for swaps, peptide GILGFVFTL, weight CDR3a
2024-11-13 19:21:02,591 - INFO - Processing rows 425 to 450 for swaps, peptide GILGFVFTL, weight CDR3a
2024-11-13 19:21:10,987 - INFO - Processing rows 450 to 475 for swaps, peptide GILGFVFTL, weight CDR3a
2024-11-13 19:21:15,027 - INFO - Processing rows 475 to 500 for swaps, peptide GILGFVFTL, weight CDR3a
2024-11-13 19:21:18,971 - INFO - Processing rows 500 to 525 for swaps, peptide GILGFVFTL, weight CDR3a
2024-11-13 19:21:22,785 - INFO - Processing rows 525 to 550 for swaps, peptide GILGFVFTL, weight CDR3a
2024-11-13 19:21:27,215 - INFO - Processing rows 550 to 575 for swaps, peptide GILGFVFTL, weight CDR3a
2024-11-13 19:21:31,039 - INFO - Processing rows 575 to 600 for swaps, peptide GILGFVFTL, weight CDR3a
2024-11-13 19:21:34,884 - INFO - Processing rows 600 to 625 for swaps, peptide GILGFVFTL, weight CDR3a
2024-11-13 19:21:38,710 - INFO - Processing rows 625 to 650 for swaps, peptide GILGFVFTL, weight CDR3a
2024-11-13 19:21:42,314 - INFO - Processing rows 650 to 675 for swaps, peptide GILGFVFTL, weight CDR3a
2024-11-13 19:21:46,508 - INFO - Processing rows 675 to 700 for swaps, peptide GILGFVFTL, weight CDR3a
2024-11-13 19:21:50,489 - INFO - Processing rows 700 to 725 for swaps, peptide GILGFVFTL, weight CDR3a
2024-11-13 19:21:54,298 - INFO - Processing rows 725 to 750 for swaps, peptide GILGFVFTL, weight CDR3a
2024-11-13 19:21:58,110 - INFO - Processing rows 750 to 775 for swaps, peptide GILGFVFTL, weight CDR3a
2024-11-13 19:22:02,695 - INFO - Processing rows 775 to 800 for swaps, peptide GILGFVFTL, weight CDR3a
2024-11-13 19:22:07,266 - INFO - Processing rows 800 to 825 for swaps, peptide GILGFVFTL, weight CDR3a
2024-11-13 19:22:10,806 - INFO - Processing rows 825 to 850 for swaps, peptide GILGFVFTL, weight CDR3a
2024-11-13 19:22:14,348 - INFO - Processing rows 850 to 875 for swaps, peptide GILGFVFTL, weight CDR3a
2024-11-13 19:22:17,868 - INFO - Processing rows 875 to 900 for swaps, peptide GILGFVFTL, weight CDR3a
2024-11-13 19:22:22,212 - INFO - Processing rows 900 to 925 for swaps, peptide GILGFVFTL, weight CDR3a
2024-11-13 19:22:26,369 - INFO - Processing rows 925 to 950 for swaps, peptide GILGFVFTL, weight CDR3a
2024-11-13 19:22:29,919 - INFO - Processing rows 950 to 975 for swaps, peptide GILGFVFTL, weight CDR3a
2024-11-13 19:22:34,053 - INFO - Processing rows 975 to 1000 for swaps, peptide GILGFVFTL, weight CDR3a
2024-11-13 19:22:37,936 - INFO - Processing rows 1000 to 1025 for swaps, peptide GILGFVFTL, weight CDR3a
2024-11-13 19:22:42,281 - INFO - Processing rows 1025 to 1050 for swaps, peptide GILGFVFTL, weight CDR3a
2024-11-13 19:22:45,967 - INFO - Processing rows 1050 to 1075 for swaps, peptide GILGFVFTL, weight CDR3a
2024-11-13 19:22:49,744 - INFO - Processing rows 1075 to 1100 for swaps, peptide GILGFVFTL, weight CDR3a
2024-11-13 19:22:53,707 - INFO - Processing rows 1100 to 1125 for swaps, peptide GILGFVFTL, weight CDR3a
2024-11-13 19:22:57,818 - INFO - Processing rows 1125 to 1150 for swaps, peptide GILGFVFTL, weight CDR3a
2024-11-13 19:23:02,225 - INFO - Processing rows 1150 to 1175 for swaps, peptide GILGFVFTL, weight CDR3a
2024-11-13 19:23:06,205 - INFO - Processing rows 1175 to 1200 for swaps, peptide GILGFVFTL, weight CDR3a
2024-11-13 19:23:10,699 - INFO - Processing rows 1200 to 1225 for swaps, peptide GILGFVFTL, weight CDR3a
2024-11-13 19:23:14,361 - INFO - Processing rows 1225 to 1250 for swaps, peptide GILGFVFTL, weight CDR3a
2024-11-13 19:23:18,393 - INFO - Processing rows 1250 to 1275 for swaps, peptide GILGFVFTL, weight CDR3a
2024-11-13 19:23:22,470 - INFO - Processing rows 1275 to 1300 for swaps, peptide GILGFVFTL, weight CDR3a
2024-11-13 19:23:26,932 - INFO - Processing rows 1300 to 1325 for swaps, peptide GILGFVFTL, weight CDR3a
2024-11-13 19:23:30,786 - INFO - Processing rows 1325 to 1350 for swaps, peptide GILGFVFTL, weight CDR3a
2024-11-13 19:23:35,537 - INFO - Processing rows 1350 to 1375 for swaps, peptide GILGFVFTL, weight CDR3a
2024-11-13 19:23:39,223 - INFO - Processing rows 1375 to 1400 for swaps, peptide GILGFVFTL, weight CDR3a
2024-11-13 19:23:43,081 - INFO - Processing rows 1400 to 1425 for swaps, peptide GILGFVFTL, weight CDR3a
2024-11-13 19:23:46,853 - INFO - Processing rows 1425 to 1450 for swaps, peptide GILGFVFTL, weight CDR3a
2024-11-13 19:23:50,703 - INFO - Processing rows 1450 to 1475 for swaps, peptide GILGFVFTL, weight CDR3a
2024-11-13 19:23:54,523 - INFO - Processing rows 1475 to 1500 for swaps, peptide GILGFVFTL, weight CDR3a
2024-11-13 19:23:58,531 - INFO - Processing rows 1500 to 1525 for swaps, peptide GILGFVFTL, weight CDR3a
2024-11-13 19:24:02,146 - INFO - Processing rows 1525 to 1550 for swaps, peptide GILGFVFTL, weight CDR3a
2024-11-13 19:24:06,234 - INFO - Processing rows 1550 to 1575 for swaps, peptide GILGFVFTL, weight CDR3a
2024-11-13 19:24:10,082 - INFO - Processing rows 1575 to 1600 for swaps, peptide GILGFVFTL, weight CDR3a
2024-11-13 19:24:14,535 - INFO - Processing rows 1600 to 1625 for swaps, peptide GILGFVFTL, weight CDR3a
2024-11-13 19:24:18,591 - INFO - Processing rows 1625 to 1650 for swaps, peptide GILGFVFTL, weight CDR3a
2024-11-13 19:24:22,233 - INFO - Processing rows 1650 to 1675 for swaps, peptide GILGFVFTL, weight CDR3a
2024-11-13 19:24:25,836 - INFO - Processing rows 1675 to 1700 for swaps, peptide GILGFVFTL, weight CDR3a
2024-11-13 19:24:29,708 - INFO - Processing rows 1700 to 1725 for swaps, peptide GILGFVFTL, weight CDR3a
2024-11-13 19:24:33,735 - INFO - Processing rows 1725 to 1750 for swaps, peptide GILGFVFTL, weight CDR3a
2024-11-13 19:24:38,395 - INFO - Processing rows 1750 to 1775 for swaps, peptide GILGFVFTL, weight CDR3a
2024-11-13 19:24:42,238 - INFO - Processing rows 1775 to 1800 for swaps, peptide GILGFVFTL, weight CDR3a
2024-11-13 19:24:46,049 - INFO - Processing rows 1800 to 1825 for swaps, peptide GILGFVFTL, weight CDR3a
2024-11-13 19:24:49,847 - INFO - Processing rows 1825 to 1850 for swaps, peptide GILGFVFTL, weight CDR3a
2024-11-13 19:24:53,857 - INFO - Processing rows 1850 to 1875 for swaps, peptide GILGFVFTL, weight CDR3a
2024-11-13 19:24:57,830 - INFO - Processing rows 1875 to 1900 for swaps, peptide GILGFVFTL, weight CDR3a
2024-11-13 19:25:01,916 - INFO - Processing rows 1900 to 1925 for swaps, peptide GILGFVFTL, weight CDR3a
2024-11-13 19:25:05,749 - INFO - Processing rows 1925 to 1950 for swaps, peptide GILGFVFTL, weight CDR3a
2024-11-13 19:25:09,530 - INFO - Processing rows 1950 to 1975 for swaps, peptide GILGFVFTL, weight CDR3a
2024-11-13 19:25:13,357 - INFO - Processing rows 1975 to 2000 for swaps, peptide GILGFVFTL, weight CDR3a
2024-11-13 19:25:17,365 - INFO - Processing rows 2000 to 2025 for swaps, peptide GILGFVFTL, weight CDR3a
2024-11-13 19:25:21,389 - INFO - Processing rows 2025 to 2050 for swaps, peptide GILGFVFTL, weight CDR3a
2024-11-13 19:25:25,390 - INFO - Processing rows 2050 to 2075 for swaps, peptide GILGFVFTL, weight CDR3a
2024-11-13 19:25:29,220 - INFO - Processing rows 2075 to 2100 for swaps, peptide GILGFVFTL, weight CDR3a
2024-11-13 19:25:32,824 - INFO - Processing rows 2100 to 2125 for swaps, peptide GILGFVFTL, weight CDR3a
2024-11-13 19:25:36,872 - INFO - Processing rows 2125 to 2150 for swaps, peptide GILGFVFTL, weight CDR3a
2024-11-13 19:25:40,701 - INFO - Processing rows 2150 to 2175 for swaps, peptide GILGFVFTL, weight CDR3a
2024-11-13 19:25:44,723 - INFO - Processing rows 2175 to 2200 for swaps, peptide GILGFVFTL, weight CDR3a
2024-11-13 19:25:49,127 - INFO - Processing rows 2200 to 2225 for swaps, peptide GILGFVFTL, weight CDR3a
2024-11-13 19:25:53,188 - INFO - Processing rows 2225 to 2250 for swaps, peptide GILGFVFTL, weight CDR3a
2024-11-13 19:25:57,426 - INFO - Processing rows 2250 to 2275 for swaps, peptide GILGFVFTL, weight CDR3a
2024-11-13 19:26:01,432 - INFO - Processing rows 2275 to 2300 for swaps, peptide GILGFVFTL, weight CDR3a
2024-11-13 19:26:05,667 - INFO - Processing rows 2300 to 2325 for swaps, peptide GILGFVFTL, weight CDR3a
2024-11-13 19:26:09,501 - INFO - Processing rows 2325 to 2350 for swaps, peptide GILGFVFTL, weight CDR3a
2024-11-13 19:26:14,388 - INFO - Processing rows 2350 to 2375 for swaps, peptide GILGFVFTL, weight CDR3a
2024-11-13 19:26:18,249 - INFO - Processing rows 2375 to 2400 for swaps, peptide GILGFVFTL, weight CDR3a
2024-11-13 19:26:21,661 - INFO - Processing rows 2400 to 2425 for swaps, peptide GILGFVFTL, weight CDR3a
2024-11-13 19:26:25,960 - INFO - Processing rows 2425 to 2450 for swaps, peptide GILGFVFTL, weight CDR3a
2024-11-13 19:26:30,111 - INFO - Processing rows 2450 to 2475 for swaps, peptide GILGFVFTL, weight CDR3a
2024-11-13 19:26:34,519 - INFO - Processing rows 2475 to 2500 for swaps, peptide GILGFVFTL, weight CDR3a
2024-11-13 19:26:38,374 - INFO - Processing rows 2500 to 2525 for swaps, peptide GILGFVFTL, weight CDR3a
2024-11-13 19:26:42,215 - INFO - Processing rows 2525 to 2550 for swaps, peptide GILGFVFTL, weight CDR3a
2024-11-13 19:26:46,073 - INFO - Processing rows 2550 to 2575 for swaps, peptide GILGFVFTL, weight CDR3a
2024-11-13 19:26:50,133 - INFO - Processing rows 2575 to 2600 for swaps, peptide GILGFVFTL, weight CDR3a
2024-11-13 19:26:54,966 - INFO - Processing rows 2600 to 2625 for swaps, peptide GILGFVFTL, weight CDR3a
2024-11-13 19:26:59,065 - INFO - Processing rows 2625 to 2650 for swaps, peptide GILGFVFTL, weight CDR3a
2024-11-13 19:27:03,010 - INFO - Processing rows 2650 to 2675 for swaps, peptide GILGFVFTL, weight CDR3a
2024-11-13 19:27:07,809 - INFO - Processing rows 2675 to 2700 for swaps, peptide GILGFVFTL, weight CDR3a
2024-11-13 19:27:11,926 - INFO - Processing rows 2700 to 2725 for swaps, peptide GILGFVFTL, weight CDR3a
2024-11-13 19:27:15,628 - INFO - Processing rows 2725 to 2750 for swaps, peptide GILGFVFTL, weight CDR3a
2024-11-13 19:27:19,548 - INFO - Processing rows 2750 to 2775 for swaps, peptide GILGFVFTL, weight CDR3a
2024-11-13 19:27:23,427 - INFO - Processing rows 2775 to 2800 for swaps, peptide GILGFVFTL, weight CDR3a
2024-11-13 19:27:27,779 - INFO - Processing rows 2800 to 2825 for swaps, peptide GILGFVFTL, weight CDR3a
2024-11-13 19:27:31,853 - INFO - Processing rows 2825 to 2850 for swaps, peptide GILGFVFTL, weight CDR3a
2024-11-13 19:27:36,026 - INFO - Processing rows 2850 to 2875 for swaps, peptide GILGFVFTL, weight CDR3a
2024-11-13 19:27:40,410 - INFO - Processing rows 2875 to 2900 for swaps, peptide GILGFVFTL, weight CDR3a
2024-11-13 19:27:44,361 - INFO - Processing rows 2900 to 2925 for swaps, peptide GILGFVFTL, weight CDR3a
2024-11-13 19:27:48,407 - INFO - Processing rows 2925 to 2950 for swaps, peptide GILGFVFTL, weight CDR3a
2024-11-13 19:27:52,166 - INFO - Processing rows 2950 to 2975 for swaps, peptide GILGFVFTL, weight CDR3a
2024-11-13 19:27:56,127 - INFO - Processing rows 2975 to 3000 for swaps, peptide GILGFVFTL, weight CDR3a
2024-11-13 19:28:00,237 - INFO - Processing rows 3000 to 3025 for swaps, peptide GILGFVFTL, weight CDR3a
2024-11-13 19:28:04,146 - INFO - Processing rows 3025 to 3050 for swaps, peptide GILGFVFTL, weight CDR3a
2024-11-13 19:28:08,247 - INFO - Processing rows 3050 to 3075 for swaps, peptide GILGFVFTL, weight CDR3a
2024-11-13 19:28:12,322 - INFO - Processing rows 3075 to 3100 for swaps, peptide GILGFVFTL, weight CDR3a
2024-11-13 19:28:16,062 - INFO - Processing rows 3100 to 3125 for swaps, peptide GILGFVFTL, weight CDR3a
2024-11-13 19:28:20,213 - INFO - Processing rows 3125 to 3150 for swaps, peptide GILGFVFTL, weight CDR3a
2024-11-13 19:28:24,123 - INFO - Processing rows 3150 to 3175 for swaps, peptide GILGFVFTL, weight CDR3a
2024-11-13 19:28:28,068 - INFO - Processing rows 3175 to 3200 for swaps, peptide GILGFVFTL, weight CDR3a
2024-11-13 19:28:31,805 - INFO - Processing rows 3200 to 3225 for swaps, peptide GILGFVFTL, weight CDR3a
2024-11-13 19:28:36,778 - INFO - Processing rows 3225 to 3250 for swaps, peptide GILGFVFTL, weight CDR3a
2024-11-13 19:28:40,441 - INFO - Processing rows 3250 to 3275 for swaps, peptide GILGFVFTL, weight CDR3a
2024-11-13 19:28:44,119 - INFO - Processing rows 3275 to 3300 for swaps, peptide GILGFVFTL, weight CDR3a
2024-11-13 19:28:49,075 - INFO - Processing rows 3300 to 3325 for swaps, peptide GILGFVFTL, weight CDR3a
2024-11-13 19:28:52,982 - INFO - Processing rows 3325 to 3350 for swaps, peptide GILGFVFTL, weight CDR3a
2024-11-13 19:28:57,088 - INFO - Processing rows 3350 to 3375 for swaps, peptide GILGFVFTL, weight CDR3a
2024-11-13 19:29:01,030 - INFO - Processing rows 3375 to 3400 for swaps, peptide GILGFVFTL, weight CDR3a
2024-11-13 19:29:04,961 - INFO - Processing rows 3400 to 3425 for swaps, peptide GILGFVFTL, weight CDR3a
2024-11-13 19:29:08,690 - INFO - Processing rows 3425 to 3450 for swaps, peptide GILGFVFTL, weight CDR3a
2024-11-13 19:29:13,237 - INFO - Processing rows 3450 to 3475 for swaps, peptide GILGFVFTL, weight CDR3a
2024-11-13 19:29:18,005 - INFO - Processing rows 3475 to 3500 for swaps, peptide GILGFVFTL, weight CDR3a
2024-11-13 19:29:22,114 - INFO - Processing rows 3500 to 3525 for swaps, peptide GILGFVFTL, weight CDR3a
2024-11-13 19:29:26,619 - INFO - Processing rows 3525 to 3550 for swaps, peptide GILGFVFTL, weight CDR3a
2024-11-13 19:29:30,950 - INFO - Processing rows 3550 to 3575 for swaps, peptide GILGFVFTL, weight CDR3a
2024-11-13 19:29:35,301 - INFO - Processing rows 3575 to 3600 for swaps, peptide GILGFVFTL, weight CDR3a
2024-11-13 19:29:39,209 - INFO - Processing rows 3600 to 3625 for swaps, peptide GILGFVFTL, weight CDR3a
2024-11-13 19:29:43,109 - INFO - Processing rows 3625 to 3650 for swaps, peptide GILGFVFTL, weight CDR3a
2024-11-13 19:29:48,077 - INFO - Processing rows 3650 to 3675 for swaps, peptide GILGFVFTL, weight CDR3a
2024-11-13 19:29:52,093 - INFO - Processing rows 3675 to 3700 for swaps, peptide GILGFVFTL, weight CDR3a
2024-11-13 19:29:56,281 - INFO - Processing rows 3700 to 3725 for swaps, peptide GILGFVFTL, weight CDR3a
2024-11-13 19:30:00,198 - INFO - Processing rows 3725 to 3750 for swaps, peptide GILGFVFTL, weight CDR3a
2024-11-13 19:30:04,762 - INFO - Processing rows 3750 to 3775 for swaps, peptide GILGFVFTL, weight CDR3a
2024-11-13 19:30:08,920 - INFO - Processing rows 3775 to 3800 for swaps, peptide GILGFVFTL, weight CDR3a
2024-11-13 19:30:13,330 - INFO - Processing rows 3800 to 3825 for swaps, peptide GILGFVFTL, weight CDR3a
2024-11-13 19:30:17,722 - INFO - Processing rows 3825 to 3850 for swaps, peptide GILGFVFTL, weight CDR3a
2024-11-13 19:30:22,261 - INFO - Processing rows 3850 to 3875 for swaps, peptide GILGFVFTL, weight CDR3a
2024-11-13 19:30:27,034 - INFO - Processing rows 3875 to 3900 for swaps, peptide GILGFVFTL, weight CDR3a
2024-11-13 19:30:31,359 - INFO - Processing rows 3900 to 3925 for swaps, peptide GILGFVFTL, weight CDR3a
2024-11-13 19:30:35,400 - INFO - Processing rows 3925 to 3950 for swaps, peptide GILGFVFTL, weight CDR3a
2024-11-13 19:30:39,630 - INFO - Processing rows 3950 to 3975 for swaps, peptide GILGFVFTL, weight CDR3a
2024-11-13 19:30:43,700 - INFO - Processing rows 3975 to 4000 for swaps, peptide GILGFVFTL, weight CDR3a
2024-11-13 19:30:47,757 - INFO - Processing rows 4000 to 4025 for swaps, peptide GILGFVFTL, weight CDR3a
2024-11-13 19:30:51,855 - INFO - Processing rows 4025 to 4050 for swaps, peptide GILGFVFTL, weight CDR3a
2024-11-13 19:30:56,128 - INFO - Processing rows 4050 to 4075 for swaps, peptide GILGFVFTL, weight CDR3a
2024-11-13 19:31:00,254 - INFO - Processing rows 4075 to 4100 for swaps, peptide GILGFVFTL, weight CDR3a
2024-11-13 19:31:04,616 - INFO - Processing rows 4100 to 4125 for swaps, peptide GILGFVFTL, weight CDR3a
2024-11-13 19:31:09,413 - INFO - Processing rows 4125 to 4150 for swaps, peptide GILGFVFTL, weight CDR3a
2024-11-13 19:31:14,019 - INFO - Processing rows 4150 to 4175 for swaps, peptide GILGFVFTL, weight CDR3a
2024-11-13 19:31:18,804 - INFO - Processing rows 4175 to 4200 for swaps, peptide GILGFVFTL, weight CDR3a
2024-11-13 19:31:23,429 - INFO - Processing rows 4200 to 4225 for swaps, peptide GILGFVFTL, weight CDR3a
2024-11-13 19:31:28,007 - INFO - Processing rows 4225 to 4250 for swaps, peptide GILGFVFTL, weight CDR3a
2024-11-13 19:31:31,975 - INFO - Processing rows 4250 to 4275 for swaps, peptide GILGFVFTL, weight CDR3a
2024-11-13 19:31:36,344 - INFO - Processing rows 4275 to 4300 for swaps, peptide GILGFVFTL, weight CDR3a
2024-11-13 19:31:41,030 - INFO - Processing rows 4300 to 4325 for swaps, peptide GILGFVFTL, weight CDR3a
2024-11-13 19:31:45,122 - INFO - Processing rows 4325 to 4350 for swaps, peptide GILGFVFTL, weight CDR3a
2024-11-13 19:31:49,025 - INFO - Processing rows 4350 to 4375 for swaps, peptide GILGFVFTL, weight CDR3a
2024-11-13 19:31:52,913 - INFO - Processing rows 4375 to 4400 for swaps, peptide GILGFVFTL, weight CDR3a
2024-11-13 19:31:57,211 - INFO - Processing rows 4400 to 4425 for swaps, peptide GILGFVFTL, weight CDR3a
2024-11-13 19:32:00,840 - INFO - Processing rows 4425 to 4450 for swaps, peptide GILGFVFTL, weight CDR3a
2024-11-13 19:32:04,901 - INFO - Processing rows 4450 to 4475 for swaps, peptide GILGFVFTL, weight CDR3a
2024-11-13 19:32:08,509 - INFO - Processing rows 4475 to 4500 for swaps, peptide GILGFVFTL, weight CDR3a
2024-11-13 19:32:12,355 - INFO - Processing rows 4500 to 4525 for swaps, peptide GILGFVFTL, weight CDR3a
2024-11-13 19:32:16,990 - INFO - Processing rows 4525 to 4550 for swaps, peptide GILGFVFTL, weight CDR3a
2024-11-13 19:32:21,304 - INFO - Processing rows 4550 to 4575 for swaps, peptide GILGFVFTL, weight CDR3a
2024-11-13 19:32:27,028 - INFO - Processing rows 4575 to 4600 for swaps, peptide GILGFVFTL, weight CDR3a
2024-11-13 19:32:33,608 - INFO - Processing rows 4600 to 4625 for swaps, peptide GILGFVFTL, weight CDR3a
2024-11-13 19:32:38,668 - INFO - Processing rows 4625 to 4650 for swaps, peptide GILGFVFTL, weight CDR3a
2024-11-13 19:32:44,662 - INFO - Processing rows 4650 to 4675 for swaps, peptide GILGFVFTL, weight CDR3a
2024-11-13 19:32:50,084 - INFO - Processing rows 4675 to 4700 for swaps, peptide GILGFVFTL, weight CDR3a
2024-11-13 19:32:55,833 - INFO - Processing rows 4700 to 4725 for swaps, peptide GILGFVFTL, weight CDR3a
2024-11-13 19:33:01,211 - INFO - Processing rows 4725 to 4750 for swaps, peptide GILGFVFTL, weight CDR3a
2024-11-13 19:33:07,222 - INFO - Processing rows 4750 to 4775 for swaps, peptide GILGFVFTL, weight CDR3a
2024-11-13 19:33:13,181 - INFO - Processing rows 4775 to 4800 for swaps, peptide GILGFVFTL, weight CDR3a
2024-11-13 19:33:18,587 - INFO - Processing rows 4800 to 4825 for swaps, peptide GILGFVFTL, weight CDR3a
2024-11-13 19:33:25,412 - INFO - Processing rows 4825 to 4850 for swaps, peptide GILGFVFTL, weight CDR3a
2024-11-13 19:33:30,794 - INFO - Processing rows 4850 to 4875 for swaps, peptide GILGFVFTL, weight CDR3a
2024-11-13 19:33:36,494 - INFO - Processing rows 4875 to 4900 for swaps, peptide GILGFVFTL, weight CDR3a
2024-11-13 19:33:41,280 - INFO - Processing rows 4900 to 4925 for swaps, peptide GILGFVFTL, weight CDR3a
2024-11-13 19:33:48,416 - INFO - Processing rows 4925 to 4950 for swaps, peptide GILGFVFTL, weight CDR3a
2024-11-13 19:33:53,866 - INFO - Processing rows 4950 to 4975 for swaps, peptide GILGFVFTL, weight CDR3a
2024-11-13 19:33:59,549 - INFO - Processing rows 4975 to 5000 for swaps, peptide GILGFVFTL, weight CDR3a
2024-11-13 19:34:06,169 - INFO - Processing rows 5000 to 5025 for swaps, peptide GILGFVFTL, weight CDR3a
2024-11-13 19:34:11,924 - INFO - Processing rows 5025 to 5050 for swaps, peptide GILGFVFTL, weight CDR3a
2024-11-13 19:34:17,611 - INFO - Processing rows 5050 to 5075 for swaps, peptide GILGFVFTL, weight CDR3a
2024-11-13 19:34:22,963 - INFO - Processing rows 5075 to 5100 for swaps, peptide GILGFVFTL, weight CDR3a
2024-11-13 19:34:28,361 - INFO - Processing rows 5100 to 5125 for swaps, peptide GILGFVFTL, weight CDR3a
2024-11-13 19:34:34,341 - INFO - Processing rows 5125 to 5150 for swaps, peptide GILGFVFTL, weight CDR3a
2024-11-13 19:34:40,348 - INFO - Processing rows 5150 to 5175 for swaps, peptide GILGFVFTL, weight CDR3a
2024-11-13 19:34:45,772 - INFO - Processing rows 5175 to 5200 for swaps, peptide GILGFVFTL, weight CDR3a
2024-11-13 19:34:51,074 - INFO - Processing rows 5200 to 5225 for swaps, peptide GILGFVFTL, weight CDR3a
2024-11-13 19:34:57,076 - INFO - Processing rows 5225 to 5250 for swaps, peptide GILGFVFTL, weight CDR3a
2024-11-13 19:35:02,462 - INFO - Processing rows 5250 to 5275 for swaps, peptide GILGFVFTL, weight CDR3a
2024-11-13 19:35:07,873 - INFO - Processing rows 5275 to 5300 for swaps, peptide GILGFVFTL, weight CDR3a
2024-11-13 19:35:13,212 - INFO - Processing rows 5300 to 5325 for swaps, peptide GILGFVFTL, weight CDR3a
2024-11-13 19:35:18,846 - INFO - Processing rows 5325 to 5350 for swaps, peptide GILGFVFTL, weight CDR3a
2024-11-13 19:35:24,103 - INFO - Processing rows 5350 to 5375 for swaps, peptide GILGFVFTL, weight CDR3a
2024-11-13 19:35:29,768 - INFO - Processing rows 5375 to 5400 for swaps, peptide GILGFVFTL, weight CDR3a
2024-11-13 19:35:34,830 - INFO - Processing rows 5400 to 5425 for swaps, peptide GILGFVFTL, weight CDR3a
2024-11-13 19:35:40,754 - INFO - Processing rows 5425 to 5450 for swaps, peptide GILGFVFTL, weight CDR3a
2024-11-13 19:35:46,350 - INFO - Processing rows 5450 to 5475 for swaps, peptide GILGFVFTL, weight CDR3a
2024-11-13 19:35:51,691 - INFO - Processing rows 5475 to 5500 for swaps, peptide GILGFVFTL, weight CDR3a
2024-11-13 19:35:58,116 - INFO - Processing rows 5500 to 5525 for swaps, peptide GILGFVFTL, weight CDR3a
2024-11-13 19:36:03,439 - INFO - Processing rows 5525 to 5550 for swaps, peptide GILGFVFTL, weight CDR3a
2024-11-13 19:36:08,764 - INFO - Processing rows 5550 to 5575 for swaps, peptide GILGFVFTL, weight CDR3a
2024-11-13 19:36:14,151 - INFO - Processing rows 5575 to 5600 for swaps, peptide GILGFVFTL, weight CDR3a
2024-11-13 19:36:19,828 - INFO - Processing rows 5600 to 5625 for swaps, peptide GILGFVFTL, weight CDR3a
2024-11-13 19:36:25,196 - INFO - Processing rows 5625 to 5650 for swaps, peptide GILGFVFTL, weight CDR3a
2024-11-13 19:36:30,735 - INFO - Processing rows 5650 to 5675 for swaps, peptide GILGFVFTL, weight CDR3a
2024-11-13 19:36:36,619 - INFO - Processing rows 5675 to 5700 for swaps, peptide GILGFVFTL, weight CDR3a
2024-11-13 19:36:41,963 - INFO - Processing rows 5700 to 5725 for swaps, peptide GILGFVFTL, weight CDR3a
2024-11-13 19:36:47,568 - INFO - Processing rows 5725 to 5750 for swaps, peptide GILGFVFTL, weight CDR3a
2024-11-13 19:36:53,491 - INFO - Processing rows 5750 to 5775 for swaps, peptide GILGFVFTL, weight CDR3a
2024-11-13 19:37:00,022 - INFO - Processing rows 5775 to 5800 for swaps, peptide GILGFVFTL, weight CDR3a
2024-11-13 19:37:05,791 - INFO - Processing rows 5800 to 5825 for swaps, peptide GILGFVFTL, weight CDR3a
2024-11-13 19:37:11,610 - INFO - Processing rows 5825 to 5850 for swaps, peptide GILGFVFTL, weight CDR3a
2024-11-13 19:37:16,502 - INFO - Processing rows 5850 to 5875 for swaps, peptide GILGFVFTL, weight CDR3a
2024-11-13 19:37:22,856 - INFO - Processing rows 5875 to 5900 for swaps, peptide GILGFVFTL, weight CDR3a
2024-11-13 19:37:28,385 - INFO - Processing rows 5900 to 5925 for swaps, peptide GILGFVFTL, weight CDR3a
2024-11-13 19:37:33,829 - INFO - Processing rows 5925 to 5950 for swaps, peptide GILGFVFTL, weight CDR3a
2024-11-13 19:37:38,802 - INFO - Processing rows 5950 to 5975 for swaps, peptide GILGFVFTL, weight CDR3a
2024-11-13 19:37:43,762 - INFO - Processing rows 5975 to 6000 for swaps, peptide GILGFVFTL, weight CDR3a
2024-11-13 19:37:49,252 - INFO - Processing rows 6000 to 6025 for swaps, peptide GILGFVFTL, weight CDR3a
2024-11-13 19:37:54,419 - INFO - Processing rows 6025 to 6050 for swaps, peptide GILGFVFTL, weight CDR3a
2024-11-13 19:38:00,213 - INFO - Processing rows 6050 to 6075 for swaps, peptide GILGFVFTL, weight CDR3a
2024-11-13 19:38:06,255 - INFO - Processing rows 6075 to 6100 for swaps, peptide GILGFVFTL, weight CDR3a
2024-11-13 19:38:11,503 - INFO - Processing rows 6100 to 6125 for swaps, peptide GILGFVFTL, weight CDR3a
2024-11-13 19:38:17,348 - INFO - Processing rows 6125 to 6150 for swaps, peptide GILGFVFTL, weight CDR3a
2024-11-13 19:38:22,642 - INFO - Processing rows 6150 to 6175 for swaps, peptide GILGFVFTL, weight CDR3a
2024-11-13 19:38:27,934 - INFO - Processing rows 6175 to 6200 for swaps, peptide GILGFVFTL, weight CDR3a
2024-11-13 19:38:33,307 - INFO - Processing rows 6200 to 6225 for swaps, peptide GILGFVFTL, weight CDR3a
2024-11-13 19:38:40,313 - INFO - Processing rows 6225 to 6250 for swaps, peptide GILGFVFTL, weight CDR3a
2024-11-13 19:38:45,950 - INFO - Processing rows 6250 to 6275 for swaps, peptide GILGFVFTL, weight CDR3a
2024-11-13 19:38:51,888 - INFO - Processing rows 6275 to 6300 for swaps, peptide GILGFVFTL, weight CDR3a
2024-11-13 19:38:57,537 - INFO - Processing rows 6300 to 6325 for swaps, peptide GILGFVFTL, weight CDR3a
2024-11-13 19:39:02,616 - INFO - Processing rows 6325 to 6350 for swaps, peptide GILGFVFTL, weight CDR3a
2024-11-13 19:39:09,708 - INFO - Processing rows 6350 to 6375 for swaps, peptide GILGFVFTL, weight CDR3a
2024-11-13 19:39:16,261 - INFO - Processing rows 6375 to 6400 for swaps, peptide GILGFVFTL, weight CDR3a
2024-11-13 19:39:21,629 - INFO - Processing rows 6400 to 6425 for swaps, peptide GILGFVFTL, weight CDR3a
2024-11-13 19:39:27,169 - INFO - Processing rows 6425 to 6450 for swaps, peptide GILGFVFTL, weight CDR3a
2024-11-13 19:39:32,321 - INFO - Processing rows 6450 to 6475 for swaps, peptide GILGFVFTL, weight CDR3a
2024-11-13 19:39:37,297 - INFO - Processing rows 6475 to 6500 for swaps, peptide GILGFVFTL, weight CDR3a
2024-11-13 19:39:42,625 - INFO - Processing rows 6500 to 6525 for swaps, peptide GILGFVFTL, weight CDR3a
2024-11-13 19:39:48,340 - INFO - Processing rows 6525 to 6550 for swaps, peptide GILGFVFTL, weight CDR3a
2024-11-13 19:39:53,727 - INFO - Processing rows 6550 to 6575 for swaps, peptide GILGFVFTL, weight CDR3a
2024-11-13 19:39:59,388 - INFO - Processing rows 6575 to 6600 for swaps, peptide GILGFVFTL, weight CDR3a
2024-11-13 19:40:04,687 - INFO - Processing rows 6600 to 6625 for swaps, peptide GILGFVFTL, weight CDR3a
2024-11-13 19:40:09,895 - INFO - Processing rows 6625 to 6650 for swaps, peptide GILGFVFTL, weight CDR3a
2024-11-13 19:40:15,244 - INFO - Processing rows 6650 to 6675 for swaps, peptide GILGFVFTL, weight CDR3a
2024-11-13 19:40:20,875 - INFO - Processing rows 6675 to 6700 for swaps, peptide GILGFVFTL, weight CDR3a
2024-11-13 19:40:26,125 - INFO - Processing rows 6700 to 6725 for swaps, peptide GILGFVFTL, weight CDR3a
2024-11-13 19:40:31,442 - INFO - Processing rows 6725 to 6750 for swaps, peptide GILGFVFTL, weight CDR3a
2024-11-13 19:40:38,139 - INFO - Processing rows 6750 to 6775 for swaps, peptide GILGFVFTL, weight CDR3a
2024-11-13 19:40:44,016 - INFO - Processing rows 6775 to 6800 for swaps, peptide GILGFVFTL, weight CDR3a
2024-11-13 19:40:49,364 - INFO - Processing rows 6800 to 6825 for swaps, peptide GILGFVFTL, weight CDR3a
2024-11-13 19:40:54,611 - INFO - Processing rows 6825 to 6850 for swaps, peptide GILGFVFTL, weight CDR3a
2024-11-13 19:41:00,209 - INFO - Processing rows 6850 to 6875 for swaps, peptide GILGFVFTL, weight CDR3a
2024-11-13 19:41:04,851 - INFO - Processing rows 6875 to 6900 for swaps, peptide GILGFVFTL, weight CDR3a
2024-11-13 19:41:09,784 - INFO - Processing rows 6900 to 6925 for swaps, peptide GILGFVFTL, weight CDR3a
2024-11-13 19:41:13,393 - INFO - Processing rows 6925 to 6950 for swaps, peptide GILGFVFTL, weight CDR3a
2024-11-13 19:41:17,494 - INFO - Processing rows 6950 to 6975 for swaps, peptide GILGFVFTL, weight CDR3a
2024-11-13 19:41:21,486 - INFO - Processing rows 6975 to 6990 for swaps, peptide GILGFVFTL, weight CDR3a
Traceback (most recent call last):
  File "/net/mimer/mnt/tank/projects2/emison/language_model/27th_Oct_new_matrices/04.11_new_esm/12.11/run_esm_swaps.py", line 90, in <module>
    process_sequences(df_filtered, peptide, weight, "swaps")
  File "/net/mimer/mnt/tank/projects2/emison/language_model/27th_Oct_new_matrices/04.11_new_esm/12.11/run_esm_swaps.py", line 82, in process_sequences
    output_df.insert(0, "raw_index", raw_indexes)
  File "/home/projects2/emison/language_model/miniconda3/envs/esm2_emison/lib/python3.12/site-packages/pandas/core/frame.py", line 5171, in insert
    value, refs = self._sanitize_column(value)
                  ^^^^^^^^^^^^^^^^^^^^^^^^^^^^
  File "/home/projects2/emison/language_model/miniconda3/envs/esm2_emison/lib/python3.12/site-packages/pandas/core/frame.py", line 5266, in _sanitize_column
    com.require_length_match(value, self.index)
  File "/home/projects2/emison/language_model/miniconda3/envs/esm2_emison/lib/python3.12/site-packages/pandas/core/common.py", line 573, in require_length_match
    raise ValueError(
ValueError: Length of values (6990) does not match length of index (15)
