2024-11-13 19:19:39,989 - INFO - Loading and filtering dataset for peptide GILGFVFTL
2024-11-13 19:19:40,331 - INFO - Processing dataset for peptide GILGFVFTL with weight CDR3b
2024-11-13 19:19:40,333 - INFO - Processing rows 0 to 25 for swaps, peptide GILGFVFTL, weight CDR3b
2024-11-13 19:19:46,143 - INFO - Processing rows 25 to 50 for swaps, peptide GILGFVFTL, weight CDR3b
2024-11-13 19:19:51,262 - INFO - Processing rows 50 to 75 for swaps, peptide GILGFVFTL, weight CDR3b
2024-11-13 19:19:56,681 - INFO - Processing rows 75 to 100 for swaps, peptide GILGFVFTL, weight CDR3b
2024-11-13 19:20:02,170 - INFO - Processing rows 100 to 125 for swaps, peptide GILGFVFTL, weight CDR3b
2024-11-13 19:20:07,663 - INFO - Processing rows 125 to 150 for swaps, peptide GILGFVFTL, weight CDR3b
2024-11-13 19:20:13,199 - INFO - Processing rows 150 to 175 for swaps, peptide GILGFVFTL, weight CDR3b
2024-11-13 19:20:18,413 - INFO - Processing rows 175 to 200 for swaps, peptide GILGFVFTL, weight CDR3b
2024-11-13 19:20:24,655 - INFO - Processing rows 200 to 225 for swaps, peptide GILGFVFTL, weight CDR3b
2024-11-13 19:20:30,485 - INFO - Processing rows 225 to 250 for swaps, peptide GILGFVFTL, weight CDR3b
2024-11-13 19:20:35,781 - INFO - Processing rows 250 to 275 for swaps, peptide GILGFVFTL, weight CDR3b
2024-11-13 19:20:41,344 - INFO - Processing rows 275 to 300 for swaps, peptide GILGFVFTL, weight CDR3b
2024-11-13 19:20:46,343 - INFO - Processing rows 300 to 325 for swaps, peptide GILGFVFTL, weight CDR3b
2024-11-13 19:20:51,918 - INFO - Processing rows 325 to 350 for swaps, peptide GILGFVFTL, weight CDR3b
2024-11-13 19:20:57,177 - INFO - Processing rows 350 to 375 for swaps, peptide GILGFVFTL, weight CDR3b
2024-11-13 19:21:02,652 - INFO - Processing rows 375 to 400 for swaps, peptide GILGFVFTL, weight CDR3b
2024-11-13 19:21:08,335 - INFO - Processing rows 400 to 425 for swaps, peptide GILGFVFTL, weight CDR3b
2024-11-13 19:21:14,287 - INFO - Processing rows 425 to 450 for swaps, peptide GILGFVFTL, weight CDR3b
2024-11-13 19:21:18,191 - INFO - Processing rows 450 to 475 for swaps, peptide GILGFVFTL, weight CDR3b
2024-11-13 19:21:22,565 - INFO - Processing rows 475 to 500 for swaps, peptide GILGFVFTL, weight CDR3b
2024-11-13 19:21:26,380 - INFO - Processing rows 500 to 525 for swaps, peptide GILGFVFTL, weight CDR3b
2024-11-13 19:21:30,752 - INFO - Processing rows 525 to 550 for swaps, peptide GILGFVFTL, weight CDR3b
2024-11-13 19:21:34,348 - INFO - Processing rows 550 to 575 for swaps, peptide GILGFVFTL, weight CDR3b
2024-11-13 19:21:38,351 - INFO - Processing rows 575 to 600 for swaps, peptide GILGFVFTL, weight CDR3b
2024-11-13 19:21:42,527 - INFO - Processing rows 600 to 625 for swaps, peptide GILGFVFTL, weight CDR3b
2024-11-13 19:21:46,856 - INFO - Processing rows 625 to 650 for swaps, peptide GILGFVFTL, weight CDR3b
2024-11-13 19:21:51,028 - INFO - Processing rows 650 to 675 for swaps, peptide GILGFVFTL, weight CDR3b
2024-11-13 19:21:56,136 - INFO - Processing rows 675 to 700 for swaps, peptide GILGFVFTL, weight CDR3b
2024-11-13 19:21:59,979 - INFO - Processing rows 700 to 725 for swaps, peptide GILGFVFTL, weight CDR3b
2024-11-13 19:22:04,405 - INFO - Processing rows 725 to 750 for swaps, peptide GILGFVFTL, weight CDR3b
2024-11-13 19:22:08,615 - INFO - Processing rows 750 to 775 for swaps, peptide GILGFVFTL, weight CDR3b
2024-11-13 19:22:12,568 - INFO - Processing rows 775 to 800 for swaps, peptide GILGFVFTL, weight CDR3b
2024-11-13 19:22:16,494 - INFO - Processing rows 800 to 825 for swaps, peptide GILGFVFTL, weight CDR3b
2024-11-13 19:22:20,420 - INFO - Processing rows 825 to 850 for swaps, peptide GILGFVFTL, weight CDR3b
2024-11-13 19:22:24,366 - INFO - Processing rows 850 to 875 for swaps, peptide GILGFVFTL, weight CDR3b
2024-11-13 19:22:28,234 - INFO - Processing rows 875 to 900 for swaps, peptide GILGFVFTL, weight CDR3b
2024-11-13 19:22:32,574 - INFO - Processing rows 900 to 925 for swaps, peptide GILGFVFTL, weight CDR3b
2024-11-13 19:22:36,309 - INFO - Processing rows 925 to 950 for swaps, peptide GILGFVFTL, weight CDR3b
2024-11-13 19:22:40,080 - INFO - Processing rows 950 to 975 for swaps, peptide GILGFVFTL, weight CDR3b
2024-11-13 19:22:44,154 - INFO - Processing rows 975 to 1000 for swaps, peptide GILGFVFTL, weight CDR3b
2024-11-13 19:22:48,029 - INFO - Processing rows 1000 to 1025 for swaps, peptide GILGFVFTL, weight CDR3b
2024-11-13 19:22:52,186 - INFO - Processing rows 1025 to 1050 for swaps, peptide GILGFVFTL, weight CDR3b
2024-11-13 19:22:56,252 - INFO - Processing rows 1050 to 1075 for swaps, peptide GILGFVFTL, weight CDR3b
2024-11-13 19:22:59,990 - INFO - Processing rows 1075 to 1100 for swaps, peptide GILGFVFTL, weight CDR3b
2024-11-13 19:23:04,138 - INFO - Processing rows 1100 to 1125 for swaps, peptide GILGFVFTL, weight CDR3b
2024-11-13 19:23:08,303 - INFO - Processing rows 1125 to 1150 for swaps, peptide GILGFVFTL, weight CDR3b
2024-11-13 19:23:12,519 - INFO - Processing rows 1150 to 1175 for swaps, peptide GILGFVFTL, weight CDR3b
2024-11-13 19:23:16,781 - INFO - Processing rows 1175 to 1200 for swaps, peptide GILGFVFTL, weight CDR3b
2024-11-13 19:23:21,038 - INFO - Processing rows 1200 to 1225 for swaps, peptide GILGFVFTL, weight CDR3b
2024-11-13 19:23:25,300 - INFO - Processing rows 1225 to 1250 for swaps, peptide GILGFVFTL, weight CDR3b
2024-11-13 19:23:29,309 - INFO - Processing rows 1250 to 1275 for swaps, peptide GILGFVFTL, weight CDR3b
2024-11-13 19:23:33,360 - INFO - Processing rows 1275 to 1300 for swaps, peptide GILGFVFTL, weight CDR3b
2024-11-13 19:23:37,433 - INFO - Processing rows 1300 to 1325 for swaps, peptide GILGFVFTL, weight CDR3b
2024-11-13 19:23:42,103 - INFO - Processing rows 1325 to 1350 for swaps, peptide GILGFVFTL, weight CDR3b
2024-11-13 19:23:47,979 - INFO - Processing rows 1350 to 1375 for swaps, peptide GILGFVFTL, weight CDR3b
2024-11-13 19:23:52,999 - INFO - Processing rows 1375 to 1400 for swaps, peptide GILGFVFTL, weight CDR3b
2024-11-13 19:23:56,790 - INFO - Processing rows 1400 to 1425 for swaps, peptide GILGFVFTL, weight CDR3b
2024-11-13 19:24:00,774 - INFO - Processing rows 1425 to 1450 for swaps, peptide GILGFVFTL, weight CDR3b
2024-11-13 19:24:04,823 - INFO - Processing rows 1450 to 1475 for swaps, peptide GILGFVFTL, weight CDR3b
2024-11-13 19:24:08,832 - INFO - Processing rows 1475 to 1500 for swaps, peptide GILGFVFTL, weight CDR3b
2024-11-13 19:24:13,093 - INFO - Processing rows 1500 to 1525 for swaps, peptide GILGFVFTL, weight CDR3b
2024-11-13 19:24:17,107 - INFO - Processing rows 1525 to 1550 for swaps, peptide GILGFVFTL, weight CDR3b
2024-11-13 19:24:21,362 - INFO - Processing rows 1550 to 1575 for swaps, peptide GILGFVFTL, weight CDR3b
2024-11-13 19:24:25,838 - INFO - Processing rows 1575 to 1600 for swaps, peptide GILGFVFTL, weight CDR3b
2024-11-13 19:24:30,356 - INFO - Processing rows 1600 to 1625 for swaps, peptide GILGFVFTL, weight CDR3b
2024-11-13 19:24:33,979 - INFO - Processing rows 1625 to 1650 for swaps, peptide GILGFVFTL, weight CDR3b
2024-11-13 19:24:37,795 - INFO - Processing rows 1650 to 1675 for swaps, peptide GILGFVFTL, weight CDR3b
2024-11-13 19:24:42,260 - INFO - Processing rows 1675 to 1700 for swaps, peptide GILGFVFTL, weight CDR3b
2024-11-13 19:24:46,253 - INFO - Processing rows 1700 to 1725 for swaps, peptide GILGFVFTL, weight CDR3b
2024-11-13 19:24:50,521 - INFO - Processing rows 1725 to 1750 for swaps, peptide GILGFVFTL, weight CDR3b
2024-11-13 19:24:54,907 - INFO - Processing rows 1750 to 1775 for swaps, peptide GILGFVFTL, weight CDR3b
2024-11-13 19:24:58,724 - INFO - Processing rows 1775 to 1800 for swaps, peptide GILGFVFTL, weight CDR3b
2024-11-13 19:25:03,042 - INFO - Processing rows 1800 to 1825 for swaps, peptide GILGFVFTL, weight CDR3b
2024-11-13 19:25:06,859 - INFO - Processing rows 1825 to 1850 for swaps, peptide GILGFVFTL, weight CDR3b
2024-11-13 19:25:10,875 - INFO - Processing rows 1850 to 1875 for swaps, peptide GILGFVFTL, weight CDR3b
2024-11-13 19:25:14,697 - INFO - Processing rows 1875 to 1900 for swaps, peptide GILGFVFTL, weight CDR3b
2024-11-13 19:25:18,960 - INFO - Processing rows 1900 to 1925 for swaps, peptide GILGFVFTL, weight CDR3b
2024-11-13 19:25:23,187 - INFO - Processing rows 1925 to 1950 for swaps, peptide GILGFVFTL, weight CDR3b
2024-11-13 19:25:27,843 - INFO - Processing rows 1950 to 1975 for swaps, peptide GILGFVFTL, weight CDR3b
2024-11-13 19:25:31,832 - INFO - Processing rows 1975 to 2000 for swaps, peptide GILGFVFTL, weight CDR3b
2024-11-13 19:25:35,822 - INFO - Processing rows 2000 to 2025 for swaps, peptide GILGFVFTL, weight CDR3b
2024-11-13 19:25:39,827 - INFO - Processing rows 2025 to 2050 for swaps, peptide GILGFVFTL, weight CDR3b
2024-11-13 19:25:43,704 - INFO - Processing rows 2050 to 2075 for swaps, peptide GILGFVFTL, weight CDR3b
2024-11-13 19:25:47,740 - INFO - Processing rows 2075 to 2100 for swaps, peptide GILGFVFTL, weight CDR3b
2024-11-13 19:25:51,599 - INFO - Processing rows 2100 to 2125 for swaps, peptide GILGFVFTL, weight CDR3b
2024-11-13 19:25:55,252 - INFO - Processing rows 2125 to 2150 for swaps, peptide GILGFVFTL, weight CDR3b
2024-11-13 19:25:59,281 - INFO - Processing rows 2150 to 2175 for swaps, peptide GILGFVFTL, weight CDR3b
2024-11-13 19:26:03,354 - INFO - Processing rows 2175 to 2200 for swaps, peptide GILGFVFTL, weight CDR3b
2024-11-13 19:26:07,250 - INFO - Processing rows 2200 to 2225 for swaps, peptide GILGFVFTL, weight CDR3b
2024-11-13 19:26:11,345 - INFO - Processing rows 2225 to 2250 for swaps, peptide GILGFVFTL, weight CDR3b
2024-11-13 19:26:15,832 - INFO - Processing rows 2250 to 2275 for swaps, peptide GILGFVFTL, weight CDR3b
2024-11-13 19:26:20,207 - INFO - Processing rows 2275 to 2300 for swaps, peptide GILGFVFTL, weight CDR3b
2024-11-13 19:26:24,167 - INFO - Processing rows 2300 to 2325 for swaps, peptide GILGFVFTL, weight CDR3b
2024-11-13 19:26:28,100 - INFO - Processing rows 2325 to 2350 for swaps, peptide GILGFVFTL, weight CDR3b
2024-11-13 19:26:32,490 - INFO - Processing rows 2350 to 2375 for swaps, peptide GILGFVFTL, weight CDR3b
2024-11-13 19:26:37,022 - INFO - Processing rows 2375 to 2400 for swaps, peptide GILGFVFTL, weight CDR3b
2024-11-13 19:26:41,514 - INFO - Processing rows 2400 to 2425 for swaps, peptide GILGFVFTL, weight CDR3b
2024-11-13 19:26:45,822 - INFO - Processing rows 2425 to 2450 for swaps, peptide GILGFVFTL, weight CDR3b
2024-11-13 19:26:50,113 - INFO - Processing rows 2450 to 2475 for swaps, peptide GILGFVFTL, weight CDR3b
2024-11-13 19:26:54,552 - INFO - Processing rows 2475 to 2500 for swaps, peptide GILGFVFTL, weight CDR3b
2024-11-13 19:26:59,313 - INFO - Processing rows 2500 to 2525 for swaps, peptide GILGFVFTL, weight CDR3b
2024-11-13 19:27:03,274 - INFO - Processing rows 2525 to 2550 for swaps, peptide GILGFVFTL, weight CDR3b
2024-11-13 19:27:07,429 - INFO - Processing rows 2550 to 2575 for swaps, peptide GILGFVFTL, weight CDR3b
2024-11-13 19:27:11,739 - INFO - Processing rows 2575 to 2600 for swaps, peptide GILGFVFTL, weight CDR3b
2024-11-13 19:27:16,272 - INFO - Processing rows 2600 to 2625 for swaps, peptide GILGFVFTL, weight CDR3b
2024-11-13 19:27:20,000 - INFO - Processing rows 2625 to 2650 for swaps, peptide GILGFVFTL, weight CDR3b
2024-11-13 19:27:26,104 - INFO - Processing rows 2650 to 2675 for swaps, peptide GILGFVFTL, weight CDR3b
2024-11-13 19:27:30,880 - INFO - Processing rows 2675 to 2700 for swaps, peptide GILGFVFTL, weight CDR3b
2024-11-13 19:27:34,814 - INFO - Processing rows 2700 to 2725 for swaps, peptide GILGFVFTL, weight CDR3b
2024-11-13 19:27:38,946 - INFO - Processing rows 2725 to 2750 for swaps, peptide GILGFVFTL, weight CDR3b
2024-11-13 19:27:43,067 - INFO - Processing rows 2750 to 2775 for swaps, peptide GILGFVFTL, weight CDR3b
2024-11-13 19:27:47,022 - INFO - Processing rows 2775 to 2800 for swaps, peptide GILGFVFTL, weight CDR3b
2024-11-13 19:27:51,593 - INFO - Processing rows 2800 to 2825 for swaps, peptide GILGFVFTL, weight CDR3b
2024-11-13 19:27:55,984 - INFO - Processing rows 2825 to 2850 for swaps, peptide GILGFVFTL, weight CDR3b
2024-11-13 19:27:59,867 - INFO - Processing rows 2850 to 2875 for swaps, peptide GILGFVFTL, weight CDR3b
2024-11-13 19:28:03,713 - INFO - Processing rows 2875 to 2900 for swaps, peptide GILGFVFTL, weight CDR3b
2024-11-13 19:28:08,017 - INFO - Processing rows 2900 to 2925 for swaps, peptide GILGFVFTL, weight CDR3b
2024-11-13 19:28:12,097 - INFO - Processing rows 2925 to 2950 for swaps, peptide GILGFVFTL, weight CDR3b
2024-11-13 19:28:16,008 - INFO - Processing rows 2950 to 2975 for swaps, peptide GILGFVFTL, weight CDR3b
2024-11-13 19:28:19,751 - INFO - Processing rows 2975 to 3000 for swaps, peptide GILGFVFTL, weight CDR3b
2024-11-13 19:28:23,706 - INFO - Processing rows 3000 to 3025 for swaps, peptide GILGFVFTL, weight CDR3b
2024-11-13 19:28:28,142 - INFO - Processing rows 3025 to 3050 for swaps, peptide GILGFVFTL, weight CDR3b
2024-11-13 19:28:32,774 - INFO - Processing rows 3050 to 3075 for swaps, peptide GILGFVFTL, weight CDR3b
2024-11-13 19:28:36,771 - INFO - Processing rows 3075 to 3100 for swaps, peptide GILGFVFTL, weight CDR3b
2024-11-13 19:28:41,347 - INFO - Processing rows 3100 to 3125 for swaps, peptide GILGFVFTL, weight CDR3b
2024-11-13 19:28:45,506 - INFO - Processing rows 3125 to 3150 for swaps, peptide GILGFVFTL, weight CDR3b
2024-11-13 19:28:49,688 - INFO - Processing rows 3150 to 3175 for swaps, peptide GILGFVFTL, weight CDR3b
2024-11-13 19:28:53,659 - INFO - Processing rows 3175 to 3200 for swaps, peptide GILGFVFTL, weight CDR3b
2024-11-13 19:28:58,026 - INFO - Processing rows 3200 to 3225 for swaps, peptide GILGFVFTL, weight CDR3b
2024-11-13 19:29:02,203 - INFO - Processing rows 3225 to 3250 for swaps, peptide GILGFVFTL, weight CDR3b
2024-11-13 19:29:06,838 - INFO - Processing rows 3250 to 3275 for swaps, peptide GILGFVFTL, weight CDR3b
2024-11-13 19:29:10,815 - INFO - Processing rows 3275 to 3300 for swaps, peptide GILGFVFTL, weight CDR3b
2024-11-13 19:29:14,754 - INFO - Processing rows 3300 to 3325 for swaps, peptide GILGFVFTL, weight CDR3b
2024-11-13 19:29:18,965 - INFO - Processing rows 3325 to 3350 for swaps, peptide GILGFVFTL, weight CDR3b
2024-11-13 19:29:23,125 - INFO - Processing rows 3350 to 3375 for swaps, peptide GILGFVFTL, weight CDR3b
2024-11-13 19:29:27,072 - INFO - Processing rows 3375 to 3400 for swaps, peptide GILGFVFTL, weight CDR3b
2024-11-13 19:29:31,243 - INFO - Processing rows 3400 to 3425 for swaps, peptide GILGFVFTL, weight CDR3b
2024-11-13 19:29:35,238 - INFO - Processing rows 3425 to 3450 for swaps, peptide GILGFVFTL, weight CDR3b
2024-11-13 19:29:39,154 - INFO - Processing rows 3450 to 3475 for swaps, peptide GILGFVFTL, weight CDR3b
2024-11-13 19:29:43,575 - INFO - Processing rows 3475 to 3500 for swaps, peptide GILGFVFTL, weight CDR3b
2024-11-13 19:29:49,353 - INFO - Processing rows 3500 to 3525 for swaps, peptide GILGFVFTL, weight CDR3b
2024-11-13 19:29:53,544 - INFO - Processing rows 3525 to 3550 for swaps, peptide GILGFVFTL, weight CDR3b
2024-11-13 19:29:57,487 - INFO - Processing rows 3550 to 3575 for swaps, peptide GILGFVFTL, weight CDR3b
2024-11-13 19:30:01,836 - INFO - Processing rows 3575 to 3600 for swaps, peptide GILGFVFTL, weight CDR3b
2024-11-13 19:30:06,228 - INFO - Processing rows 3600 to 3625 for swaps, peptide GILGFVFTL, weight CDR3b
2024-11-13 19:30:10,357 - INFO - Processing rows 3625 to 3650 for swaps, peptide GILGFVFTL, weight CDR3b
2024-11-13 19:30:14,447 - INFO - Processing rows 3650 to 3675 for swaps, peptide GILGFVFTL, weight CDR3b
2024-11-13 19:30:18,587 - INFO - Processing rows 3675 to 3700 for swaps, peptide GILGFVFTL, weight CDR3b
2024-11-13 19:30:22,674 - INFO - Processing rows 3700 to 3725 for swaps, peptide GILGFVFTL, weight CDR3b
2024-11-13 19:30:26,747 - INFO - Processing rows 3725 to 3750 for swaps, peptide GILGFVFTL, weight CDR3b
2024-11-13 19:30:30,796 - INFO - Processing rows 3750 to 3775 for swaps, peptide GILGFVFTL, weight CDR3b
2024-11-13 19:30:35,025 - INFO - Processing rows 3775 to 3800 for swaps, peptide GILGFVFTL, weight CDR3b
2024-11-13 19:30:38,977 - INFO - Processing rows 3800 to 3825 for swaps, peptide GILGFVFTL, weight CDR3b
2024-11-13 19:30:42,989 - INFO - Processing rows 3825 to 3850 for swaps, peptide GILGFVFTL, weight CDR3b
2024-11-13 19:30:47,325 - INFO - Processing rows 3850 to 3875 for swaps, peptide GILGFVFTL, weight CDR3b
2024-11-13 19:30:51,602 - INFO - Processing rows 3875 to 3900 for swaps, peptide GILGFVFTL, weight CDR3b
2024-11-13 19:30:55,656 - INFO - Processing rows 3900 to 3925 for swaps, peptide GILGFVFTL, weight CDR3b
2024-11-13 19:30:59,739 - INFO - Processing rows 3925 to 3950 for swaps, peptide GILGFVFTL, weight CDR3b
2024-11-13 19:31:03,644 - INFO - Processing rows 3950 to 3975 for swaps, peptide GILGFVFTL, weight CDR3b
2024-11-13 19:31:07,547 - INFO - Processing rows 3975 to 4000 for swaps, peptide GILGFVFTL, weight CDR3b
2024-11-13 19:31:12,407 - INFO - Processing rows 4000 to 4025 for swaps, peptide GILGFVFTL, weight CDR3b
2024-11-13 19:31:17,793 - INFO - Processing rows 4025 to 4050 for swaps, peptide GILGFVFTL, weight CDR3b
2024-11-13 19:31:23,070 - INFO - Processing rows 4050 to 4075 for swaps, peptide GILGFVFTL, weight CDR3b
2024-11-13 19:31:27,857 - INFO - Processing rows 4075 to 4100 for swaps, peptide GILGFVFTL, weight CDR3b
2024-11-13 19:31:34,018 - INFO - Processing rows 4100 to 4125 for swaps, peptide GILGFVFTL, weight CDR3b
2024-11-13 19:31:39,179 - INFO - Processing rows 4125 to 4150 for swaps, peptide GILGFVFTL, weight CDR3b
2024-11-13 19:31:44,351 - INFO - Processing rows 4150 to 4175 for swaps, peptide GILGFVFTL, weight CDR3b
2024-11-13 19:31:49,787 - INFO - Processing rows 4175 to 4200 for swaps, peptide GILGFVFTL, weight CDR3b
2024-11-13 19:31:54,743 - INFO - Processing rows 4200 to 4225 for swaps, peptide GILGFVFTL, weight CDR3b
2024-11-13 19:32:03,181 - INFO - Processing rows 4225 to 4250 for swaps, peptide GILGFVFTL, weight CDR3b
2024-11-13 19:32:16,429 - INFO - Processing rows 4250 to 4275 for swaps, peptide GILGFVFTL, weight CDR3b
2024-11-13 19:32:32,213 - INFO - Processing rows 4275 to 4300 for swaps, peptide GILGFVFTL, weight CDR3b
2024-11-13 19:32:45,354 - INFO - Processing rows 4300 to 4325 for swaps, peptide GILGFVFTL, weight CDR3b
2024-11-13 19:33:00,281 - INFO - Processing rows 4325 to 4350 for swaps, peptide GILGFVFTL, weight CDR3b
2024-11-13 19:33:13,960 - INFO - Processing rows 4350 to 4375 for swaps, peptide GILGFVFTL, weight CDR3b
2024-11-13 19:33:28,905 - INFO - Processing rows 4375 to 4400 for swaps, peptide GILGFVFTL, weight CDR3b
2024-11-13 19:33:42,500 - INFO - Processing rows 4400 to 4425 for swaps, peptide GILGFVFTL, weight CDR3b
2024-11-13 19:33:56,885 - INFO - Processing rows 4425 to 4450 for swaps, peptide GILGFVFTL, weight CDR3b
2024-11-13 19:34:08,036 - INFO - Processing rows 4450 to 4475 for swaps, peptide GILGFVFTL, weight CDR3b
2024-11-13 19:34:13,622 - INFO - Processing rows 4475 to 4500 for swaps, peptide GILGFVFTL, weight CDR3b
2024-11-13 19:34:18,564 - INFO - Processing rows 4500 to 4525 for swaps, peptide GILGFVFTL, weight CDR3b
2024-11-13 19:34:24,435 - INFO - Processing rows 4525 to 4550 for swaps, peptide GILGFVFTL, weight CDR3b
2024-11-13 19:34:29,754 - INFO - Processing rows 4550 to 4575 for swaps, peptide GILGFVFTL, weight CDR3b
2024-11-13 19:34:35,053 - INFO - Processing rows 4575 to 4600 for swaps, peptide GILGFVFTL, weight CDR3b
2024-11-13 19:34:40,621 - INFO - Processing rows 4600 to 4625 for swaps, peptide GILGFVFTL, weight CDR3b
2024-11-13 19:34:46,391 - INFO - Processing rows 4625 to 4650 for swaps, peptide GILGFVFTL, weight CDR3b
2024-11-13 19:34:51,630 - INFO - Processing rows 4650 to 4675 for swaps, peptide GILGFVFTL, weight CDR3b
2024-11-13 19:34:57,503 - INFO - Processing rows 4675 to 4700 for swaps, peptide GILGFVFTL, weight CDR3b
2024-11-13 19:35:03,153 - INFO - Processing rows 4700 to 4725 for swaps, peptide GILGFVFTL, weight CDR3b
2024-11-13 19:35:08,919 - INFO - Processing rows 4725 to 4750 for swaps, peptide GILGFVFTL, weight CDR3b
2024-11-13 19:35:14,323 - INFO - Processing rows 4750 to 4775 for swaps, peptide GILGFVFTL, weight CDR3b
2024-11-13 19:35:19,046 - INFO - Processing rows 4775 to 4800 for swaps, peptide GILGFVFTL, weight CDR3b
2024-11-13 19:35:24,174 - INFO - Processing rows 4800 to 4825 for swaps, peptide GILGFVFTL, weight CDR3b
2024-11-13 19:35:29,931 - INFO - Processing rows 4825 to 4850 for swaps, peptide GILGFVFTL, weight CDR3b
2024-11-13 19:35:35,240 - INFO - Processing rows 4850 to 4875 for swaps, peptide GILGFVFTL, weight CDR3b
2024-11-13 19:35:40,247 - INFO - Processing rows 4875 to 4900 for swaps, peptide GILGFVFTL, weight CDR3b
2024-11-13 19:35:45,722 - INFO - Processing rows 4900 to 4925 for swaps, peptide GILGFVFTL, weight CDR3b
2024-11-13 19:35:51,147 - INFO - Processing rows 4925 to 4950 for swaps, peptide GILGFVFTL, weight CDR3b
2024-11-13 19:35:56,576 - INFO - Processing rows 4950 to 4975 for swaps, peptide GILGFVFTL, weight CDR3b
2024-11-13 19:36:02,122 - INFO - Processing rows 4975 to 5000 for swaps, peptide GILGFVFTL, weight CDR3b
2024-11-13 19:36:07,584 - INFO - Processing rows 5000 to 5025 for swaps, peptide GILGFVFTL, weight CDR3b
2024-11-13 19:36:12,859 - INFO - Processing rows 5025 to 5050 for swaps, peptide GILGFVFTL, weight CDR3b
2024-11-13 19:36:17,824 - INFO - Processing rows 5050 to 5075 for swaps, peptide GILGFVFTL, weight CDR3b
2024-11-13 19:36:23,134 - INFO - Processing rows 5075 to 5100 for swaps, peptide GILGFVFTL, weight CDR3b
2024-11-13 19:36:29,495 - INFO - Processing rows 5100 to 5125 for swaps, peptide GILGFVFTL, weight CDR3b
2024-11-13 19:36:35,339 - INFO - Processing rows 5125 to 5150 for swaps, peptide GILGFVFTL, weight CDR3b
2024-11-13 19:36:40,887 - INFO - Processing rows 5150 to 5175 for swaps, peptide GILGFVFTL, weight CDR3b
2024-11-13 19:36:46,476 - INFO - Processing rows 5175 to 5200 for swaps, peptide GILGFVFTL, weight CDR3b
2024-11-13 19:36:52,593 - INFO - Processing rows 5200 to 5225 for swaps, peptide GILGFVFTL, weight CDR3b
2024-11-13 19:36:58,494 - INFO - Processing rows 5225 to 5250 for swaps, peptide GILGFVFTL, weight CDR3b
2024-11-13 19:37:04,360 - INFO - Processing rows 5250 to 5275 for swaps, peptide GILGFVFTL, weight CDR3b
2024-11-13 19:37:09,862 - INFO - Processing rows 5275 to 5300 for swaps, peptide GILGFVFTL, weight CDR3b
2024-11-13 19:37:14,792 - INFO - Processing rows 5300 to 5325 for swaps, peptide GILGFVFTL, weight CDR3b
2024-11-13 19:37:20,086 - INFO - Processing rows 5325 to 5350 for swaps, peptide GILGFVFTL, weight CDR3b
2024-11-13 19:37:25,443 - INFO - Processing rows 5350 to 5375 for swaps, peptide GILGFVFTL, weight CDR3b
2024-11-13 19:37:30,616 - INFO - Processing rows 5375 to 5400 for swaps, peptide GILGFVFTL, weight CDR3b
2024-11-13 19:37:35,836 - INFO - Processing rows 5400 to 5425 for swaps, peptide GILGFVFTL, weight CDR3b
2024-11-13 19:37:41,362 - INFO - Processing rows 5425 to 5450 for swaps, peptide GILGFVFTL, weight CDR3b
2024-11-13 19:37:46,593 - INFO - Processing rows 5450 to 5475 for swaps, peptide GILGFVFTL, weight CDR3b
2024-11-13 19:37:51,701 - INFO - Processing rows 5475 to 5500 for swaps, peptide GILGFVFTL, weight CDR3b
2024-11-13 19:37:57,922 - INFO - Processing rows 5500 to 5525 for swaps, peptide GILGFVFTL, weight CDR3b
2024-11-13 19:38:03,628 - INFO - Processing rows 5525 to 5550 for swaps, peptide GILGFVFTL, weight CDR3b
2024-11-13 19:38:09,085 - INFO - Processing rows 5550 to 5575 for swaps, peptide GILGFVFTL, weight CDR3b
2024-11-13 19:38:15,102 - INFO - Processing rows 5575 to 5600 for swaps, peptide GILGFVFTL, weight CDR3b
2024-11-13 19:38:20,879 - INFO - Processing rows 5600 to 5625 for swaps, peptide GILGFVFTL, weight CDR3b
2024-11-13 19:38:26,400 - INFO - Processing rows 5625 to 5650 for swaps, peptide GILGFVFTL, weight CDR3b
2024-11-13 19:38:31,647 - INFO - Processing rows 5650 to 5675 for swaps, peptide GILGFVFTL, weight CDR3b
2024-11-13 19:38:36,891 - INFO - Processing rows 5675 to 5700 for swaps, peptide GILGFVFTL, weight CDR3b
2024-11-13 19:38:42,937 - INFO - Processing rows 5700 to 5725 for swaps, peptide GILGFVFTL, weight CDR3b
2024-11-13 19:38:48,175 - INFO - Processing rows 5725 to 5750 for swaps, peptide GILGFVFTL, weight CDR3b
2024-11-13 19:38:53,703 - INFO - Processing rows 5750 to 5775 for swaps, peptide GILGFVFTL, weight CDR3b
2024-11-13 19:38:59,144 - INFO - Processing rows 5775 to 5800 for swaps, peptide GILGFVFTL, weight CDR3b
2024-11-13 19:39:04,656 - INFO - Processing rows 5800 to 5825 for swaps, peptide GILGFVFTL, weight CDR3b
2024-11-13 19:39:09,929 - INFO - Processing rows 5825 to 5850 for swaps, peptide GILGFVFTL, weight CDR3b
2024-11-13 19:39:15,441 - INFO - Processing rows 5850 to 5875 for swaps, peptide GILGFVFTL, weight CDR3b
2024-11-13 19:39:21,499 - INFO - Processing rows 5875 to 5900 for swaps, peptide GILGFVFTL, weight CDR3b
2024-11-13 19:39:26,799 - INFO - Processing rows 5900 to 5925 for swaps, peptide GILGFVFTL, weight CDR3b
2024-11-13 19:39:31,947 - INFO - Processing rows 5925 to 5950 for swaps, peptide GILGFVFTL, weight CDR3b
2024-11-13 19:39:37,687 - INFO - Processing rows 5950 to 5975 for swaps, peptide GILGFVFTL, weight CDR3b
2024-11-13 19:39:42,915 - INFO - Processing rows 5975 to 6000 for swaps, peptide GILGFVFTL, weight CDR3b
2024-11-13 19:39:48,234 - INFO - Processing rows 6000 to 6025 for swaps, peptide GILGFVFTL, weight CDR3b
2024-11-13 19:39:53,854 - INFO - Processing rows 6025 to 6050 for swaps, peptide GILGFVFTL, weight CDR3b
2024-11-13 19:39:59,763 - INFO - Processing rows 6050 to 6075 for swaps, peptide GILGFVFTL, weight CDR3b
2024-11-13 19:40:05,129 - INFO - Processing rows 6075 to 6100 for swaps, peptide GILGFVFTL, weight CDR3b
2024-11-13 19:40:10,720 - INFO - Processing rows 6100 to 6125 for swaps, peptide GILGFVFTL, weight CDR3b
2024-11-13 19:40:16,038 - INFO - Processing rows 6125 to 6150 for swaps, peptide GILGFVFTL, weight CDR3b
2024-11-13 19:40:22,507 - INFO - Processing rows 6150 to 6175 for swaps, peptide GILGFVFTL, weight CDR3b
2024-11-13 19:40:27,801 - INFO - Processing rows 6175 to 6200 for swaps, peptide GILGFVFTL, weight CDR3b
2024-11-13 19:40:33,103 - INFO - Processing rows 6200 to 6225 for swaps, peptide GILGFVFTL, weight CDR3b
2024-11-13 19:40:38,992 - INFO - Processing rows 6225 to 6250 for swaps, peptide GILGFVFTL, weight CDR3b
2024-11-13 19:40:45,117 - INFO - Processing rows 6250 to 6275 for swaps, peptide GILGFVFTL, weight CDR3b
2024-11-13 19:40:51,009 - INFO - Processing rows 6275 to 6300 for swaps, peptide GILGFVFTL, weight CDR3b
2024-11-13 19:40:57,154 - INFO - Processing rows 6300 to 6325 for swaps, peptide GILGFVFTL, weight CDR3b
2024-11-13 19:41:02,752 - INFO - Processing rows 6325 to 6350 for swaps, peptide GILGFVFTL, weight CDR3b
2024-11-13 19:41:08,353 - INFO - Processing rows 6350 to 6375 for swaps, peptide GILGFVFTL, weight CDR3b
2024-11-13 19:41:13,934 - INFO - Processing rows 6375 to 6400 for swaps, peptide GILGFVFTL, weight CDR3b
2024-11-13 19:41:20,033 - INFO - Processing rows 6400 to 6425 for swaps, peptide GILGFVFTL, weight CDR3b
2024-11-13 19:41:25,867 - INFO - Processing rows 6425 to 6450 for swaps, peptide GILGFVFTL, weight CDR3b
2024-11-13 19:41:31,114 - INFO - Processing rows 6450 to 6475 for swaps, peptide GILGFVFTL, weight CDR3b
2024-11-13 19:41:36,719 - INFO - Processing rows 6475 to 6500 for swaps, peptide GILGFVFTL, weight CDR3b
2024-11-13 19:41:42,032 - INFO - Processing rows 6500 to 6525 for swaps, peptide GILGFVFTL, weight CDR3b
2024-11-13 19:41:47,486 - INFO - Processing rows 6525 to 6550 for swaps, peptide GILGFVFTL, weight CDR3b
2024-11-13 19:41:52,799 - INFO - Processing rows 6550 to 6575 for swaps, peptide GILGFVFTL, weight CDR3b
2024-11-13 19:41:58,241 - INFO - Processing rows 6575 to 6600 for swaps, peptide GILGFVFTL, weight CDR3b
2024-11-13 19:42:03,640 - INFO - Processing rows 6600 to 6625 for swaps, peptide GILGFVFTL, weight CDR3b
2024-11-13 19:42:09,326 - INFO - Processing rows 6625 to 6650 for swaps, peptide GILGFVFTL, weight CDR3b
2024-11-13 19:42:14,430 - INFO - Processing rows 6650 to 6675 for swaps, peptide GILGFVFTL, weight CDR3b
2024-11-13 19:42:20,035 - INFO - Processing rows 6675 to 6700 for swaps, peptide GILGFVFTL, weight CDR3b
2024-11-13 19:42:26,465 - INFO - Processing rows 6700 to 6725 for swaps, peptide GILGFVFTL, weight CDR3b
2024-11-13 19:42:32,244 - INFO - Processing rows 6725 to 6750 for swaps, peptide GILGFVFTL, weight CDR3b
2024-11-13 19:42:37,710 - INFO - Processing rows 6750 to 6775 for swaps, peptide GILGFVFTL, weight CDR3b
2024-11-13 19:42:42,622 - INFO - Processing rows 6775 to 6800 for swaps, peptide GILGFVFTL, weight CDR3b
2024-11-13 19:42:48,139 - INFO - Processing rows 6800 to 6825 for swaps, peptide GILGFVFTL, weight CDR3b
2024-11-13 19:42:54,018 - INFO - Processing rows 6825 to 6850 for swaps, peptide GILGFVFTL, weight CDR3b
2024-11-13 19:42:59,824 - INFO - Processing rows 6850 to 6875 for swaps, peptide GILGFVFTL, weight CDR3b
2024-11-13 19:43:06,123 - INFO - Processing rows 6875 to 6900 for swaps, peptide GILGFVFTL, weight CDR3b
2024-11-13 19:43:10,106 - INFO - Processing rows 6900 to 6925 for swaps, peptide GILGFVFTL, weight CDR3b
2024-11-13 19:43:14,107 - INFO - Processing rows 6925 to 6950 for swaps, peptide GILGFVFTL, weight CDR3b
2024-11-13 19:43:18,077 - INFO - Processing rows 6950 to 6975 for swaps, peptide GILGFVFTL, weight CDR3b
2024-11-13 19:43:22,294 - INFO - Processing rows 6975 to 6990 for swaps, peptide GILGFVFTL, weight CDR3b
Traceback (most recent call last):
  File "/net/mimer/mnt/tank/projects2/emison/language_model/27th_Oct_new_matrices/04.11_new_esm/12.11/run_esm_swaps.py", line 90, in <module>
    process_sequences(df_filtered, peptide, weight, "swaps")
  File "/net/mimer/mnt/tank/projects2/emison/language_model/27th_Oct_new_matrices/04.11_new_esm/12.11/run_esm_swaps.py", line 82, in process_sequences
    output_df.insert(0, "raw_index", raw_indexes)
  File "/home/projects2/emison/language_model/miniconda3/envs/esm2_emison/lib/python3.12/site-packages/pandas/core/frame.py", line 5171, in insert
    value, refs = self._sanitize_column(value)
                  ^^^^^^^^^^^^^^^^^^^^^^^^^^^^
  File "/home/projects2/emison/language_model/miniconda3/envs/esm2_emison/lib/python3.12/site-packages/pandas/core/frame.py", line 5266, in _sanitize_column
    com.require_length_match(value, self.index)
  File "/home/projects2/emison/language_model/miniconda3/envs/esm2_emison/lib/python3.12/site-packages/pandas/core/common.py", line 573, in require_length_match
    raise ValueError(
ValueError: Length of values (6990) does not match length of index (15)
