2024-11-13 19:14:21,965 - INFO - Loading and filtering dataset for peptide GILGFVFTL
2024-11-13 19:14:33,091 - INFO - Processing dataset for peptide GILGFVFTL with weight CDR2a
2024-11-13 19:14:33,230 - INFO - Processing rows 0 to 25 for binders, peptide GILGFVFTL, weight CDR2a
2024-11-13 19:14:45,954 - INFO - Processing rows 25 to 50 for binders, peptide GILGFVFTL, weight CDR2a
2024-11-13 19:14:55,568 - INFO - Processing rows 50 to 75 for binders, peptide GILGFVFTL, weight CDR2a
2024-11-13 19:15:05,351 - INFO - Processing rows 75 to 100 for binders, peptide GILGFVFTL, weight CDR2a
2024-11-13 19:15:15,208 - INFO - Processing rows 100 to 125 for binders, peptide GILGFVFTL, weight CDR2a
2024-11-13 19:15:24,924 - INFO - Processing rows 125 to 150 for binders, peptide GILGFVFTL, weight CDR2a
2024-11-13 19:15:34,683 - INFO - Processing rows 150 to 175 for binders, peptide GILGFVFTL, weight CDR2a
2024-11-13 19:15:44,486 - INFO - Processing rows 175 to 200 for binders, peptide GILGFVFTL, weight CDR2a
2024-11-13 19:15:54,133 - INFO - Processing rows 200 to 225 for binders, peptide GILGFVFTL, weight CDR2a
2024-11-13 19:16:03,712 - INFO - Processing rows 225 to 250 for binders, peptide GILGFVFTL, weight CDR2a
2024-11-13 19:16:13,376 - INFO - Processing rows 250 to 275 for binders, peptide GILGFVFTL, weight CDR2a
2024-11-13 19:16:22,960 - INFO - Processing rows 275 to 300 for binders, peptide GILGFVFTL, weight CDR2a
2024-11-13 19:16:32,643 - INFO - Processing rows 300 to 325 for binders, peptide GILGFVFTL, weight CDR2a
2024-11-13 19:16:42,202 - INFO - Processing rows 325 to 350 for binders, peptide GILGFVFTL, weight CDR2a
2024-11-13 19:16:51,866 - INFO - Processing rows 350 to 375 for binders, peptide GILGFVFTL, weight CDR2a
2024-11-13 19:17:01,354 - INFO - Processing rows 375 to 400 for binders, peptide GILGFVFTL, weight CDR2a
2024-11-13 19:17:10,835 - INFO - Processing rows 400 to 425 for binders, peptide GILGFVFTL, weight CDR2a
2024-11-13 19:17:20,323 - INFO - Processing rows 425 to 450 for binders, peptide GILGFVFTL, weight CDR2a
2024-11-13 19:17:29,789 - INFO - Processing rows 450 to 475 for binders, peptide GILGFVFTL, weight CDR2a
2024-11-13 19:17:39,251 - INFO - Processing rows 475 to 500 for binders, peptide GILGFVFTL, weight CDR2a
2024-11-13 19:17:47,896 - INFO - Processing rows 500 to 525 for binders, peptide GILGFVFTL, weight CDR2a
2024-11-13 19:17:57,454 - INFO - Processing rows 525 to 550 for binders, peptide GILGFVFTL, weight CDR2a
2024-11-13 19:18:07,132 - INFO - Processing rows 550 to 575 for binders, peptide GILGFVFTL, weight CDR2a
2024-11-13 19:18:16,717 - INFO - Processing rows 575 to 600 for binders, peptide GILGFVFTL, weight CDR2a
2024-11-13 19:18:26,381 - INFO - Processing rows 600 to 625 for binders, peptide GILGFVFTL, weight CDR2a
2024-11-13 19:18:35,986 - INFO - Processing rows 625 to 650 for binders, peptide GILGFVFTL, weight CDR2a
2024-11-13 19:18:45,674 - INFO - Processing rows 650 to 675 for binders, peptide GILGFVFTL, weight CDR2a
2024-11-13 19:18:55,264 - INFO - Processing rows 675 to 700 for binders, peptide GILGFVFTL, weight CDR2a
2024-11-13 19:19:04,828 - INFO - Processing rows 700 to 725 for binders, peptide GILGFVFTL, weight CDR2a
2024-11-13 19:19:14,482 - INFO - Processing rows 725 to 750 for binders, peptide GILGFVFTL, weight CDR2a
2024-11-13 19:19:24,049 - INFO - Processing rows 750 to 775 for binders, peptide GILGFVFTL, weight CDR2a
2024-11-13 19:19:33,686 - INFO - Processing rows 775 to 800 for binders, peptide GILGFVFTL, weight CDR2a
2024-11-13 19:19:43,229 - INFO - Processing rows 800 to 825 for binders, peptide GILGFVFTL, weight CDR2a
2024-11-13 19:19:52,870 - INFO - Processing rows 825 to 850 for binders, peptide GILGFVFTL, weight CDR2a
2024-11-13 19:20:02,410 - INFO - Processing rows 850 to 875 for binders, peptide GILGFVFTL, weight CDR2a
2024-11-13 19:20:11,938 - INFO - Processing rows 875 to 900 for binders, peptide GILGFVFTL, weight CDR2a
2024-11-13 19:20:21,570 - INFO - Processing rows 900 to 925 for binders, peptide GILGFVFTL, weight CDR2a
2024-11-13 19:20:31,108 - INFO - Processing rows 925 to 950 for binders, peptide GILGFVFTL, weight CDR2a
2024-11-13 19:20:40,759 - INFO - Processing rows 950 to 975 for binders, peptide GILGFVFTL, weight CDR2a
2024-11-13 19:20:50,490 - INFO - Processing rows 975 to 1000 for binders, peptide GILGFVFTL, weight CDR2a
2024-11-13 19:21:07,929 - INFO - Processing rows 1000 to 1025 for binders, peptide GILGFVFTL, weight CDR2a
2024-11-13 19:21:17,361 - INFO - Processing rows 1025 to 1050 for binders, peptide GILGFVFTL, weight CDR2a
2024-11-13 19:21:27,319 - INFO - Processing rows 1050 to 1075 for binders, peptide GILGFVFTL, weight CDR2a
2024-11-13 19:21:45,183 - INFO - Processing rows 1075 to 1100 for binders, peptide GILGFVFTL, weight CDR2a
2024-11-13 19:21:54,649 - INFO - Processing rows 1100 to 1125 for binders, peptide GILGFVFTL, weight CDR2a
2024-11-13 19:22:04,144 - INFO - Processing rows 1125 to 1150 for binders, peptide GILGFVFTL, weight CDR2a
2024-11-13 19:22:13,451 - INFO - Processing rows 1150 to 1165 for binders, peptide GILGFVFTL, weight CDR2a
Traceback (most recent call last):
  File "/net/mimer/mnt/tank/projects2/emison/language_model/27th_Oct_new_matrices/04.11_new_esm/12.11/run_esm_binders.py", line 90, in <module>
    process_sequences(df_filtered, peptide, weight, "binders")
  File "/net/mimer/mnt/tank/projects2/emison/language_model/27th_Oct_new_matrices/04.11_new_esm/12.11/run_esm_binders.py", line 82, in process_sequences
    output_df.insert(0, "raw_index", raw_indexes)
  File "/home/projects2/emison/language_model/miniconda3/envs/esm2_emison/lib/python3.12/site-packages/pandas/core/frame.py", line 5171, in insert
    value, refs = self._sanitize_column(value)
                  ^^^^^^^^^^^^^^^^^^^^^^^^^^^^
  File "/home/projects2/emison/language_model/miniconda3/envs/esm2_emison/lib/python3.12/site-packages/pandas/core/frame.py", line 5266, in _sanitize_column
    com.require_length_match(value, self.index)
  File "/home/projects2/emison/language_model/miniconda3/envs/esm2_emison/lib/python3.12/site-packages/pandas/core/common.py", line 573, in require_length_match
    raise ValueError(
ValueError: Length of values (1165) does not match length of index (15)
