2024-11-14 08:18:13,316 - INFO - Loading and filtering dataset for peptide GILGFVFTL
2024-11-14 08:18:13,577 - INFO - Processing dataset for peptide GILGFVFTL with weight CDR1a
2024-11-14 08:18:13,579 - INFO - Processing rows 0 to 25 for swaps, peptide GILGFVFTL, weight CDR1a
2024-11-14 08:18:15,927 - INFO - Processing rows 25 to 50 for swaps, peptide GILGFVFTL, weight CDR1a
2024-11-14 08:18:18,321 - INFO - Processing rows 50 to 75 for swaps, peptide GILGFVFTL, weight CDR1a
2024-11-14 08:18:20,955 - INFO - Processing rows 75 to 100 for swaps, peptide GILGFVFTL, weight CDR1a
2024-11-14 08:18:23,409 - INFO - Processing rows 100 to 125 for swaps, peptide GILGFVFTL, weight CDR1a
2024-11-14 08:18:25,550 - INFO - Processing rows 125 to 150 for swaps, peptide GILGFVFTL, weight CDR1a
2024-11-14 08:18:27,536 - INFO - Processing rows 150 to 175 for swaps, peptide GILGFVFTL, weight CDR1a
2024-11-14 08:18:29,487 - INFO - Processing rows 175 to 200 for swaps, peptide GILGFVFTL, weight CDR1a
2024-11-14 08:18:31,389 - INFO - Processing rows 200 to 225 for swaps, peptide GILGFVFTL, weight CDR1a
2024-11-14 08:18:33,097 - INFO - Processing rows 225 to 250 for swaps, peptide GILGFVFTL, weight CDR1a
2024-11-14 08:18:34,999 - INFO - Processing rows 250 to 275 for swaps, peptide GILGFVFTL, weight CDR1a
2024-11-14 08:18:36,841 - INFO - Processing rows 275 to 300 for swaps, peptide GILGFVFTL, weight CDR1a
2024-11-14 08:18:38,705 - INFO - Processing rows 300 to 325 for swaps, peptide GILGFVFTL, weight CDR1a
2024-11-14 08:18:40,543 - INFO - Processing rows 325 to 350 for swaps, peptide GILGFVFTL, weight CDR1a
2024-11-14 08:18:42,381 - INFO - Processing rows 350 to 375 for swaps, peptide GILGFVFTL, weight CDR1a
2024-11-14 08:18:44,226 - INFO - Processing rows 375 to 400 for swaps, peptide GILGFVFTL, weight CDR1a
2024-11-14 08:18:46,136 - INFO - Processing rows 400 to 425 for swaps, peptide GILGFVFTL, weight CDR1a
2024-11-14 08:18:48,003 - INFO - Processing rows 425 to 450 for swaps, peptide GILGFVFTL, weight CDR1a
2024-11-14 08:18:49,907 - INFO - Processing rows 450 to 475 for swaps, peptide GILGFVFTL, weight CDR1a
2024-11-14 08:18:51,776 - INFO - Processing rows 475 to 500 for swaps, peptide GILGFVFTL, weight CDR1a
2024-11-14 08:18:53,673 - INFO - Processing rows 500 to 525 for swaps, peptide GILGFVFTL, weight CDR1a
2024-11-14 08:18:55,557 - INFO - Processing rows 525 to 550 for swaps, peptide GILGFVFTL, weight CDR1a
2024-11-14 08:18:57,468 - INFO - Processing rows 550 to 575 for swaps, peptide GILGFVFTL, weight CDR1a
2024-11-14 08:18:59,345 - INFO - Processing rows 575 to 600 for swaps, peptide GILGFVFTL, weight CDR1a
2024-11-14 08:19:01,214 - INFO - Processing rows 600 to 625 for swaps, peptide GILGFVFTL, weight CDR1a
2024-11-14 08:19:03,097 - INFO - Processing rows 625 to 650 for swaps, peptide GILGFVFTL, weight CDR1a
2024-11-14 08:19:04,946 - INFO - Processing rows 650 to 675 for swaps, peptide GILGFVFTL, weight CDR1a
2024-11-14 08:19:06,836 - INFO - Processing rows 675 to 700 for swaps, peptide GILGFVFTL, weight CDR1a
2024-11-14 08:19:08,671 - INFO - Processing rows 700 to 725 for swaps, peptide GILGFVFTL, weight CDR1a
2024-11-14 08:19:10,559 - INFO - Processing rows 725 to 750 for swaps, peptide GILGFVFTL, weight CDR1a
2024-11-14 08:19:12,402 - INFO - Processing rows 750 to 775 for swaps, peptide GILGFVFTL, weight CDR1a
2024-11-14 08:19:14,280 - INFO - Processing rows 775 to 800 for swaps, peptide GILGFVFTL, weight CDR1a
2024-11-14 08:19:16,138 - INFO - Processing rows 800 to 825 for swaps, peptide GILGFVFTL, weight CDR1a
2024-11-14 08:19:18,008 - INFO - Processing rows 825 to 850 for swaps, peptide GILGFVFTL, weight CDR1a
2024-11-14 08:19:19,859 - INFO - Processing rows 850 to 875 for swaps, peptide GILGFVFTL, weight CDR1a
2024-11-14 08:19:21,694 - INFO - Processing rows 875 to 900 for swaps, peptide GILGFVFTL, weight CDR1a
2024-11-14 08:19:23,526 - INFO - Processing rows 900 to 925 for swaps, peptide GILGFVFTL, weight CDR1a
2024-11-14 08:19:25,356 - INFO - Processing rows 925 to 950 for swaps, peptide GILGFVFTL, weight CDR1a
2024-11-14 08:19:27,179 - INFO - Processing rows 950 to 975 for swaps, peptide GILGFVFTL, weight CDR1a
2024-11-14 08:19:28,981 - INFO - Processing rows 975 to 1000 for swaps, peptide GILGFVFTL, weight CDR1a
2024-11-14 08:19:30,775 - INFO - Processing rows 1000 to 1025 for swaps, peptide GILGFVFTL, weight CDR1a
2024-11-14 08:19:32,579 - INFO - Processing rows 1025 to 1050 for swaps, peptide GILGFVFTL, weight CDR1a
2024-11-14 08:19:34,387 - INFO - Processing rows 1050 to 1075 for swaps, peptide GILGFVFTL, weight CDR1a
2024-11-14 08:19:36,225 - INFO - Processing rows 1075 to 1100 for swaps, peptide GILGFVFTL, weight CDR1a
2024-11-14 08:19:38,069 - INFO - Processing rows 1100 to 1125 for swaps, peptide GILGFVFTL, weight CDR1a
2024-11-14 08:19:39,916 - INFO - Processing rows 1125 to 1150 for swaps, peptide GILGFVFTL, weight CDR1a
2024-11-14 08:19:41,745 - INFO - Processing rows 1150 to 1175 for swaps, peptide GILGFVFTL, weight CDR1a
2024-11-14 08:19:43,576 - INFO - Processing rows 1175 to 1200 for swaps, peptide GILGFVFTL, weight CDR1a
2024-11-14 08:19:45,209 - INFO - Processing rows 1200 to 1225 for swaps, peptide GILGFVFTL, weight CDR1a
2024-11-14 08:19:47,053 - INFO - Processing rows 1225 to 1250 for swaps, peptide GILGFVFTL, weight CDR1a
2024-11-14 08:19:48,881 - INFO - Processing rows 1250 to 1275 for swaps, peptide GILGFVFTL, weight CDR1a
2024-11-14 08:19:50,700 - INFO - Processing rows 1275 to 1300 for swaps, peptide GILGFVFTL, weight CDR1a
2024-11-14 08:19:52,535 - INFO - Processing rows 1300 to 1325 for swaps, peptide GILGFVFTL, weight CDR1a
2024-11-14 08:19:54,380 - INFO - Processing rows 1325 to 1350 for swaps, peptide GILGFVFTL, weight CDR1a
2024-11-14 08:19:56,223 - INFO - Processing rows 1350 to 1375 for swaps, peptide GILGFVFTL, weight CDR1a
2024-11-14 08:19:57,931 - INFO - Processing rows 1375 to 1400 for swaps, peptide GILGFVFTL, weight CDR1a
2024-11-14 08:19:59,824 - INFO - Processing rows 1400 to 1425 for swaps, peptide GILGFVFTL, weight CDR1a
2024-11-14 08:20:01,685 - INFO - Processing rows 1425 to 1450 for swaps, peptide GILGFVFTL, weight CDR1a
2024-11-14 08:20:03,629 - INFO - Processing rows 1450 to 1475 for swaps, peptide GILGFVFTL, weight CDR1a
2024-11-14 08:20:05,503 - INFO - Processing rows 1475 to 1500 for swaps, peptide GILGFVFTL, weight CDR1a
2024-11-14 08:20:07,393 - INFO - Processing rows 1500 to 1525 for swaps, peptide GILGFVFTL, weight CDR1a
2024-11-14 08:20:09,306 - INFO - Processing rows 1525 to 1550 for swaps, peptide GILGFVFTL, weight CDR1a
2024-11-14 08:20:11,166 - INFO - Processing rows 1550 to 1575 for swaps, peptide GILGFVFTL, weight CDR1a
2024-11-14 08:20:13,023 - INFO - Processing rows 1575 to 1600 for swaps, peptide GILGFVFTL, weight CDR1a
2024-11-14 08:20:14,922 - INFO - Processing rows 1600 to 1625 for swaps, peptide GILGFVFTL, weight CDR1a
2024-11-14 08:20:16,782 - INFO - Processing rows 1625 to 1650 for swaps, peptide GILGFVFTL, weight CDR1a
2024-11-14 08:20:18,640 - INFO - Processing rows 1650 to 1675 for swaps, peptide GILGFVFTL, weight CDR1a
2024-11-14 08:20:20,543 - INFO - Processing rows 1675 to 1700 for swaps, peptide GILGFVFTL, weight CDR1a
2024-11-14 08:20:22,399 - INFO - Processing rows 1700 to 1725 for swaps, peptide GILGFVFTL, weight CDR1a
2024-11-14 08:20:24,287 - INFO - Processing rows 1725 to 1750 for swaps, peptide GILGFVFTL, weight CDR1a
2024-11-14 08:20:26,182 - INFO - Processing rows 1750 to 1775 for swaps, peptide GILGFVFTL, weight CDR1a
2024-11-14 08:20:28,039 - INFO - Processing rows 1775 to 1800 for swaps, peptide GILGFVFTL, weight CDR1a
2024-11-14 08:20:29,927 - INFO - Processing rows 1800 to 1825 for swaps, peptide GILGFVFTL, weight CDR1a
2024-11-14 08:20:31,776 - INFO - Processing rows 1825 to 1850 for swaps, peptide GILGFVFTL, weight CDR1a
2024-11-14 08:20:33,619 - INFO - Processing rows 1850 to 1875 for swaps, peptide GILGFVFTL, weight CDR1a
2024-11-14 08:20:35,513 - INFO - Processing rows 1875 to 1900 for swaps, peptide GILGFVFTL, weight CDR1a
2024-11-14 08:20:37,371 - INFO - Processing rows 1900 to 1925 for swaps, peptide GILGFVFTL, weight CDR1a
2024-11-14 08:20:39,234 - INFO - Processing rows 1925 to 1950 for swaps, peptide GILGFVFTL, weight CDR1a
2024-11-14 08:20:41,147 - INFO - Processing rows 1950 to 1975 for swaps, peptide GILGFVFTL, weight CDR1a
2024-11-14 08:20:42,994 - INFO - Processing rows 1975 to 2000 for swaps, peptide GILGFVFTL, weight CDR1a
2024-11-14 08:20:44,874 - INFO - Processing rows 2000 to 2025 for swaps, peptide GILGFVFTL, weight CDR1a
2024-11-14 08:20:46,759 - INFO - Processing rows 2025 to 2050 for swaps, peptide GILGFVFTL, weight CDR1a
2024-11-14 08:20:48,630 - INFO - Processing rows 2050 to 2075 for swaps, peptide GILGFVFTL, weight CDR1a
2024-11-14 08:20:50,493 - INFO - Processing rows 2075 to 2100 for swaps, peptide GILGFVFTL, weight CDR1a
2024-11-14 08:20:52,352 - INFO - Processing rows 2100 to 2125 for swaps, peptide GILGFVFTL, weight CDR1a
2024-11-14 08:20:54,241 - INFO - Processing rows 2125 to 2150 for swaps, peptide GILGFVFTL, weight CDR1a
2024-11-14 08:20:56,128 - INFO - Processing rows 2150 to 2175 for swaps, peptide GILGFVFTL, weight CDR1a
2024-11-14 08:20:58,009 - INFO - Processing rows 2175 to 2200 for swaps, peptide GILGFVFTL, weight CDR1a
2024-11-14 08:20:59,955 - INFO - Processing rows 2200 to 2225 for swaps, peptide GILGFVFTL, weight CDR1a
2024-11-14 08:21:01,859 - INFO - Processing rows 2225 to 2250 for swaps, peptide GILGFVFTL, weight CDR1a
2024-11-14 08:21:03,748 - INFO - Processing rows 2250 to 2275 for swaps, peptide GILGFVFTL, weight CDR1a
2024-11-14 08:21:05,674 - INFO - Processing rows 2275 to 2300 for swaps, peptide GILGFVFTL, weight CDR1a
2024-11-14 08:21:07,558 - INFO - Processing rows 2300 to 2325 for swaps, peptide GILGFVFTL, weight CDR1a
2024-11-14 08:21:09,480 - INFO - Processing rows 2325 to 2350 for swaps, peptide GILGFVFTL, weight CDR1a
2024-11-14 08:21:11,342 - INFO - Processing rows 2350 to 2375 for swaps, peptide GILGFVFTL, weight CDR1a
2024-11-14 08:21:13,205 - INFO - Processing rows 2375 to 2400 for swaps, peptide GILGFVFTL, weight CDR1a
2024-11-14 08:21:15,105 - INFO - Processing rows 2400 to 2425 for swaps, peptide GILGFVFTL, weight CDR1a
2024-11-14 08:21:16,958 - INFO - Processing rows 2425 to 2450 for swaps, peptide GILGFVFTL, weight CDR1a
2024-11-14 08:21:18,813 - INFO - Processing rows 2450 to 2475 for swaps, peptide GILGFVFTL, weight CDR1a
2024-11-14 08:21:20,726 - INFO - Processing rows 2475 to 2500 for swaps, peptide GILGFVFTL, weight CDR1a
2024-11-14 08:21:22,589 - INFO - Processing rows 2500 to 2525 for swaps, peptide GILGFVFTL, weight CDR1a
2024-11-14 08:21:24,474 - INFO - Processing rows 2525 to 2550 for swaps, peptide GILGFVFTL, weight CDR1a
2024-11-14 08:21:26,357 - INFO - Processing rows 2550 to 2575 for swaps, peptide GILGFVFTL, weight CDR1a
2024-11-14 08:21:28,223 - INFO - Processing rows 2575 to 2600 for swaps, peptide GILGFVFTL, weight CDR1a
2024-11-14 08:21:30,078 - INFO - Processing rows 2600 to 2625 for swaps, peptide GILGFVFTL, weight CDR1a
2024-11-14 08:21:31,964 - INFO - Processing rows 2625 to 2650 for swaps, peptide GILGFVFTL, weight CDR1a
2024-11-14 08:21:33,802 - INFO - Processing rows 2650 to 2675 for swaps, peptide GILGFVFTL, weight CDR1a
2024-11-14 08:21:35,692 - INFO - Processing rows 2675 to 2700 for swaps, peptide GILGFVFTL, weight CDR1a
2024-11-14 08:21:37,529 - INFO - Processing rows 2700 to 2725 for swaps, peptide GILGFVFTL, weight CDR1a
2024-11-14 08:21:39,373 - INFO - Processing rows 2725 to 2750 for swaps, peptide GILGFVFTL, weight CDR1a
2024-11-14 08:21:41,242 - INFO - Processing rows 2750 to 2775 for swaps, peptide GILGFVFTL, weight CDR1a
2024-11-14 08:21:43,053 - INFO - Processing rows 2775 to 2800 for swaps, peptide GILGFVFTL, weight CDR1a
2024-11-14 08:21:44,869 - INFO - Processing rows 2800 to 2825 for swaps, peptide GILGFVFTL, weight CDR1a
2024-11-14 08:21:46,718 - INFO - Processing rows 2825 to 2850 for swaps, peptide GILGFVFTL, weight CDR1a
2024-11-14 08:21:48,542 - INFO - Processing rows 2850 to 2875 for swaps, peptide GILGFVFTL, weight CDR1a
2024-11-14 08:21:50,350 - INFO - Processing rows 2875 to 2900 for swaps, peptide GILGFVFTL, weight CDR1a
2024-11-14 08:21:52,198 - INFO - Processing rows 2900 to 2925 for swaps, peptide GILGFVFTL, weight CDR1a
2024-11-14 08:21:54,022 - INFO - Processing rows 2925 to 2950 for swaps, peptide GILGFVFTL, weight CDR1a
2024-11-14 08:21:55,849 - INFO - Processing rows 2950 to 2975 for swaps, peptide GILGFVFTL, weight CDR1a
2024-11-14 08:21:57,701 - INFO - Processing rows 2975 to 3000 for swaps, peptide GILGFVFTL, weight CDR1a
2024-11-14 08:21:59,542 - INFO - Processing rows 3000 to 3025 for swaps, peptide GILGFVFTL, weight CDR1a
2024-11-14 08:22:01,368 - INFO - Processing rows 3025 to 3050 for swaps, peptide GILGFVFTL, weight CDR1a
2024-11-14 08:22:03,174 - INFO - Processing rows 3050 to 3075 for swaps, peptide GILGFVFTL, weight CDR1a
2024-11-14 08:22:04,996 - INFO - Processing rows 3075 to 3100 for swaps, peptide GILGFVFTL, weight CDR1a
2024-11-14 08:22:06,819 - INFO - Processing rows 3100 to 3125 for swaps, peptide GILGFVFTL, weight CDR1a
2024-11-14 08:22:08,653 - INFO - Processing rows 3125 to 3150 for swaps, peptide GILGFVFTL, weight CDR1a
2024-11-14 08:22:10,496 - INFO - Processing rows 3150 to 3175 for swaps, peptide GILGFVFTL, weight CDR1a
2024-11-14 08:22:12,357 - INFO - Processing rows 3175 to 3200 for swaps, peptide GILGFVFTL, weight CDR1a
2024-11-14 08:22:14,197 - INFO - Processing rows 3200 to 3225 for swaps, peptide GILGFVFTL, weight CDR1a
2024-11-14 08:22:16,051 - INFO - Processing rows 3225 to 3250 for swaps, peptide GILGFVFTL, weight CDR1a
2024-11-14 08:22:17,880 - INFO - Processing rows 3250 to 3275 for swaps, peptide GILGFVFTL, weight CDR1a
2024-11-14 08:22:19,695 - INFO - Processing rows 3275 to 3300 for swaps, peptide GILGFVFTL, weight CDR1a
2024-11-14 08:22:21,493 - INFO - Processing rows 3300 to 3325 for swaps, peptide GILGFVFTL, weight CDR1a
2024-11-14 08:22:23,297 - INFO - Processing rows 3325 to 3350 for swaps, peptide GILGFVFTL, weight CDR1a
2024-11-14 08:22:25,101 - INFO - Processing rows 3350 to 3375 for swaps, peptide GILGFVFTL, weight CDR1a
2024-11-14 08:22:26,892 - INFO - Processing rows 3375 to 3400 for swaps, peptide GILGFVFTL, weight CDR1a
2024-11-14 08:22:28,699 - INFO - Processing rows 3400 to 3425 for swaps, peptide GILGFVFTL, weight CDR1a
2024-11-14 08:22:30,527 - INFO - Processing rows 3425 to 3450 for swaps, peptide GILGFVFTL, weight CDR1a
2024-11-14 08:22:32,343 - INFO - Processing rows 3450 to 3475 for swaps, peptide GILGFVFTL, weight CDR1a
2024-11-14 08:22:34,174 - INFO - Processing rows 3475 to 3500 for swaps, peptide GILGFVFTL, weight CDR1a
2024-11-14 08:22:36,037 - INFO - Processing rows 3500 to 3525 for swaps, peptide GILGFVFTL, weight CDR1a
2024-11-14 08:22:37,896 - INFO - Processing rows 3525 to 3550 for swaps, peptide GILGFVFTL, weight CDR1a
2024-11-14 08:22:39,735 - INFO - Processing rows 3550 to 3575 for swaps, peptide GILGFVFTL, weight CDR1a
2024-11-14 08:22:41,592 - INFO - Processing rows 3575 to 3600 for swaps, peptide GILGFVFTL, weight CDR1a
2024-11-14 08:22:43,439 - INFO - Processing rows 3600 to 3625 for swaps, peptide GILGFVFTL, weight CDR1a
2024-11-14 08:22:45,286 - INFO - Processing rows 3625 to 3650 for swaps, peptide GILGFVFTL, weight CDR1a
2024-11-14 08:22:47,137 - INFO - Processing rows 3650 to 3675 for swaps, peptide GILGFVFTL, weight CDR1a
2024-11-14 08:22:48,965 - INFO - Processing rows 3675 to 3700 for swaps, peptide GILGFVFTL, weight CDR1a
2024-11-14 08:22:50,771 - INFO - Processing rows 3700 to 3725 for swaps, peptide GILGFVFTL, weight CDR1a
2024-11-14 08:22:52,570 - INFO - Processing rows 3725 to 3750 for swaps, peptide GILGFVFTL, weight CDR1a
2024-11-14 08:22:54,367 - INFO - Processing rows 3750 to 3775 for swaps, peptide GILGFVFTL, weight CDR1a
2024-11-14 08:22:56,165 - INFO - Processing rows 3775 to 3800 for swaps, peptide GILGFVFTL, weight CDR1a
2024-11-14 08:22:57,973 - INFO - Processing rows 3800 to 3825 for swaps, peptide GILGFVFTL, weight CDR1a
2024-11-14 08:22:59,792 - INFO - Processing rows 3825 to 3850 for swaps, peptide GILGFVFTL, weight CDR1a
2024-11-14 08:23:01,604 - INFO - Processing rows 3850 to 3875 for swaps, peptide GILGFVFTL, weight CDR1a
2024-11-14 08:23:03,422 - INFO - Processing rows 3875 to 3900 for swaps, peptide GILGFVFTL, weight CDR1a
2024-11-14 08:23:05,242 - INFO - Processing rows 3900 to 3925 for swaps, peptide GILGFVFTL, weight CDR1a
2024-11-14 08:23:07,045 - INFO - Processing rows 3925 to 3950 for swaps, peptide GILGFVFTL, weight CDR1a
2024-11-14 08:23:08,855 - INFO - Processing rows 3950 to 3975 for swaps, peptide GILGFVFTL, weight CDR1a
2024-11-14 08:23:10,687 - INFO - Processing rows 3975 to 4000 for swaps, peptide GILGFVFTL, weight CDR1a
2024-11-14 08:23:12,503 - INFO - Processing rows 4000 to 4025 for swaps, peptide GILGFVFTL, weight CDR1a
2024-11-14 08:23:14,319 - INFO - Processing rows 4025 to 4050 for swaps, peptide GILGFVFTL, weight CDR1a
2024-11-14 08:23:16,170 - INFO - Processing rows 4050 to 4075 for swaps, peptide GILGFVFTL, weight CDR1a
2024-11-14 08:23:17,980 - INFO - Processing rows 4075 to 4100 for swaps, peptide GILGFVFTL, weight CDR1a
2024-11-14 08:23:19,835 - INFO - Processing rows 4100 to 4125 for swaps, peptide GILGFVFTL, weight CDR1a
2024-11-14 08:23:21,660 - INFO - Processing rows 4125 to 4150 for swaps, peptide GILGFVFTL, weight CDR1a
2024-11-14 08:23:23,478 - INFO - Processing rows 4150 to 4175 for swaps, peptide GILGFVFTL, weight CDR1a
2024-11-14 08:23:25,323 - INFO - Processing rows 4175 to 4200 for swaps, peptide GILGFVFTL, weight CDR1a
2024-11-14 08:23:27,128 - INFO - Processing rows 4200 to 4225 for swaps, peptide GILGFVFTL, weight CDR1a
2024-11-14 08:23:28,937 - INFO - Processing rows 4225 to 4250 for swaps, peptide GILGFVFTL, weight CDR1a
2024-11-14 08:23:30,773 - INFO - Processing rows 4250 to 4275 for swaps, peptide GILGFVFTL, weight CDR1a
2024-11-14 08:23:32,572 - INFO - Processing rows 4275 to 4300 for swaps, peptide GILGFVFTL, weight CDR1a
2024-11-14 08:23:34,386 - INFO - Processing rows 4300 to 4325 for swaps, peptide GILGFVFTL, weight CDR1a
2024-11-14 08:23:36,233 - INFO - Processing rows 4325 to 4350 for swaps, peptide GILGFVFTL, weight CDR1a
2024-11-14 08:23:38,037 - INFO - Processing rows 4350 to 4375 for swaps, peptide GILGFVFTL, weight CDR1a
2024-11-14 08:23:39,855 - INFO - Processing rows 4375 to 4400 for swaps, peptide GILGFVFTL, weight CDR1a
2024-11-14 08:23:41,699 - INFO - Processing rows 4400 to 4425 for swaps, peptide GILGFVFTL, weight CDR1a
2024-11-14 08:23:43,506 - INFO - Processing rows 4425 to 4450 for swaps, peptide GILGFVFTL, weight CDR1a
2024-11-14 08:23:45,317 - INFO - Processing rows 4450 to 4475 for swaps, peptide GILGFVFTL, weight CDR1a
2024-11-14 08:23:47,156 - INFO - Processing rows 4475 to 4500 for swaps, peptide GILGFVFTL, weight CDR1a
2024-11-14 08:23:48,956 - INFO - Processing rows 4500 to 4525 for swaps, peptide GILGFVFTL, weight CDR1a
2024-11-14 08:23:50,754 - INFO - Processing rows 4525 to 4550 for swaps, peptide GILGFVFTL, weight CDR1a
2024-11-14 08:23:52,623 - INFO - Processing rows 4550 to 4575 for swaps, peptide GILGFVFTL, weight CDR1a
2024-11-14 08:23:54,413 - INFO - Processing rows 4575 to 4600 for swaps, peptide GILGFVFTL, weight CDR1a
2024-11-14 08:23:56,226 - INFO - Processing rows 4600 to 4625 for swaps, peptide GILGFVFTL, weight CDR1a
2024-11-14 08:23:58,072 - INFO - Processing rows 4625 to 4650 for swaps, peptide GILGFVFTL, weight CDR1a
2024-11-14 08:23:59,858 - INFO - Processing rows 4650 to 4675 for swaps, peptide GILGFVFTL, weight CDR1a
2024-11-14 08:24:01,674 - INFO - Processing rows 4675 to 4700 for swaps, peptide GILGFVFTL, weight CDR1a
2024-11-14 08:24:03,499 - INFO - Processing rows 4700 to 4725 for swaps, peptide GILGFVFTL, weight CDR1a
2024-11-14 08:24:05,293 - INFO - Processing rows 4725 to 4750 for swaps, peptide GILGFVFTL, weight CDR1a
2024-11-14 08:24:07,062 - INFO - Processing rows 4750 to 4775 for swaps, peptide GILGFVFTL, weight CDR1a
2024-11-14 08:24:08,890 - INFO - Processing rows 4775 to 4800 for swaps, peptide GILGFVFTL, weight CDR1a
2024-11-14 08:24:10,716 - INFO - Processing rows 4800 to 4825 for swaps, peptide GILGFVFTL, weight CDR1a
2024-11-14 08:24:12,530 - INFO - Processing rows 4825 to 4850 for swaps, peptide GILGFVFTL, weight CDR1a
2024-11-14 08:24:14,339 - INFO - Processing rows 4850 to 4875 for swaps, peptide GILGFVFTL, weight CDR1a
2024-11-14 08:24:16,183 - INFO - Processing rows 4875 to 4900 for swaps, peptide GILGFVFTL, weight CDR1a
2024-11-14 08:24:17,971 - INFO - Processing rows 4900 to 4925 for swaps, peptide GILGFVFTL, weight CDR1a
2024-11-14 08:24:19,762 - INFO - Processing rows 4925 to 4950 for swaps, peptide GILGFVFTL, weight CDR1a
2024-11-14 08:24:21,595 - INFO - Processing rows 4950 to 4975 for swaps, peptide GILGFVFTL, weight CDR1a
2024-11-14 08:24:23,397 - INFO - Processing rows 4975 to 5000 for swaps, peptide GILGFVFTL, weight CDR1a
2024-11-14 08:24:25,180 - INFO - Processing rows 5000 to 5025 for swaps, peptide GILGFVFTL, weight CDR1a
2024-11-14 08:24:27,002 - INFO - Processing rows 5025 to 5050 for swaps, peptide GILGFVFTL, weight CDR1a
2024-11-14 08:24:28,811 - INFO - Processing rows 5050 to 5075 for swaps, peptide GILGFVFTL, weight CDR1a
2024-11-14 08:24:30,618 - INFO - Processing rows 5075 to 5100 for swaps, peptide GILGFVFTL, weight CDR1a
2024-11-14 08:24:32,494 - INFO - Processing rows 5100 to 5125 for swaps, peptide GILGFVFTL, weight CDR1a
2024-11-14 08:24:34,298 - INFO - Processing rows 5125 to 5150 for swaps, peptide GILGFVFTL, weight CDR1a
2024-11-14 08:24:36,112 - INFO - Processing rows 5150 to 5175 for swaps, peptide GILGFVFTL, weight CDR1a
2024-11-14 08:24:37,980 - INFO - Processing rows 5175 to 5200 for swaps, peptide GILGFVFTL, weight CDR1a
2024-11-14 08:24:39,790 - INFO - Processing rows 5200 to 5225 for swaps, peptide GILGFVFTL, weight CDR1a
2024-11-14 08:24:41,639 - INFO - Processing rows 5225 to 5250 for swaps, peptide GILGFVFTL, weight CDR1a
2024-11-14 08:24:43,445 - INFO - Processing rows 5250 to 5275 for swaps, peptide GILGFVFTL, weight CDR1a
2024-11-14 08:24:45,252 - INFO - Processing rows 5275 to 5300 for swaps, peptide GILGFVFTL, weight CDR1a
2024-11-14 08:24:47,115 - INFO - Processing rows 5300 to 5325 for swaps, peptide GILGFVFTL, weight CDR1a
2024-11-14 08:24:48,938 - INFO - Processing rows 5325 to 5350 for swaps, peptide GILGFVFTL, weight CDR1a
2024-11-14 08:24:50,756 - INFO - Processing rows 5350 to 5375 for swaps, peptide GILGFVFTL, weight CDR1a
2024-11-14 08:24:52,648 - INFO - Processing rows 5375 to 5400 for swaps, peptide GILGFVFTL, weight CDR1a
2024-11-14 08:24:54,480 - INFO - Processing rows 5400 to 5425 for swaps, peptide GILGFVFTL, weight CDR1a
2024-11-14 08:24:56,328 - INFO - Processing rows 5425 to 5450 for swaps, peptide GILGFVFTL, weight CDR1a
2024-11-14 08:24:58,216 - INFO - Processing rows 5450 to 5475 for swaps, peptide GILGFVFTL, weight CDR1a
2024-11-14 08:25:00,060 - INFO - Processing rows 5475 to 5500 for swaps, peptide GILGFVFTL, weight CDR1a
2024-11-14 08:25:01,902 - INFO - Processing rows 5500 to 5525 for swaps, peptide GILGFVFTL, weight CDR1a
2024-11-14 08:25:03,758 - INFO - Processing rows 5525 to 5550 for swaps, peptide GILGFVFTL, weight CDR1a
2024-11-14 08:25:05,596 - INFO - Processing rows 5550 to 5575 for swaps, peptide GILGFVFTL, weight CDR1a
2024-11-14 08:25:07,447 - INFO - Processing rows 5575 to 5600 for swaps, peptide GILGFVFTL, weight CDR1a
2024-11-14 08:25:09,286 - INFO - Processing rows 5600 to 5625 for swaps, peptide GILGFVFTL, weight CDR1a
2024-11-14 08:25:11,122 - INFO - Processing rows 5625 to 5650 for swaps, peptide GILGFVFTL, weight CDR1a
2024-11-14 08:25:12,948 - INFO - Processing rows 5650 to 5675 for swaps, peptide GILGFVFTL, weight CDR1a
2024-11-14 08:25:14,783 - INFO - Processing rows 5675 to 5700 for swaps, peptide GILGFVFTL, weight CDR1a
2024-11-14 08:25:16,614 - INFO - Processing rows 5700 to 5725 for swaps, peptide GILGFVFTL, weight CDR1a
2024-11-14 08:25:18,425 - INFO - Processing rows 5725 to 5750 for swaps, peptide GILGFVFTL, weight CDR1a
2024-11-14 08:25:20,237 - INFO - Processing rows 5750 to 5775 for swaps, peptide GILGFVFTL, weight CDR1a
2024-11-14 08:25:22,038 - INFO - Processing rows 5775 to 5800 for swaps, peptide GILGFVFTL, weight CDR1a
2024-11-14 08:25:23,850 - INFO - Processing rows 5800 to 5825 for swaps, peptide GILGFVFTL, weight CDR1a
2024-11-14 08:25:25,659 - INFO - Processing rows 5825 to 5850 for swaps, peptide GILGFVFTL, weight CDR1a
2024-11-14 08:25:27,502 - INFO - Processing rows 5850 to 5875 for swaps, peptide GILGFVFTL, weight CDR1a
2024-11-14 08:25:29,317 - INFO - Processing rows 5875 to 5900 for swaps, peptide GILGFVFTL, weight CDR1a
2024-11-14 08:25:31,139 - INFO - Processing rows 5900 to 5925 for swaps, peptide GILGFVFTL, weight CDR1a
2024-11-14 08:25:32,956 - INFO - Processing rows 5925 to 5950 for swaps, peptide GILGFVFTL, weight CDR1a
2024-11-14 08:25:34,818 - INFO - Processing rows 5950 to 5975 for swaps, peptide GILGFVFTL, weight CDR1a
2024-11-14 08:25:36,662 - INFO - Processing rows 5975 to 6000 for swaps, peptide GILGFVFTL, weight CDR1a
2024-11-14 08:25:38,492 - INFO - Processing rows 6000 to 6025 for swaps, peptide GILGFVFTL, weight CDR1a
2024-11-14 08:25:40,294 - INFO - Processing rows 6025 to 6050 for swaps, peptide GILGFVFTL, weight CDR1a
2024-11-14 08:25:42,103 - INFO - Processing rows 6050 to 6075 for swaps, peptide GILGFVFTL, weight CDR1a
2024-11-14 08:25:43,925 - INFO - Processing rows 6075 to 6100 for swaps, peptide GILGFVFTL, weight CDR1a
2024-11-14 08:25:45,741 - INFO - Processing rows 6100 to 6125 for swaps, peptide GILGFVFTL, weight CDR1a
2024-11-14 08:25:47,557 - INFO - Processing rows 6125 to 6150 for swaps, peptide GILGFVFTL, weight CDR1a
2024-11-14 08:25:49,381 - INFO - Processing rows 6150 to 6175 for swaps, peptide GILGFVFTL, weight CDR1a
2024-11-14 08:25:51,201 - INFO - Processing rows 6175 to 6200 for swaps, peptide GILGFVFTL, weight CDR1a
2024-11-14 08:25:53,020 - INFO - Processing rows 6200 to 6225 for swaps, peptide GILGFVFTL, weight CDR1a
2024-11-14 08:25:54,831 - INFO - Processing rows 6225 to 6250 for swaps, peptide GILGFVFTL, weight CDR1a
2024-11-14 08:25:56,661 - INFO - Processing rows 6250 to 6275 for swaps, peptide GILGFVFTL, weight CDR1a
2024-11-14 08:25:58,467 - INFO - Processing rows 6275 to 6300 for swaps, peptide GILGFVFTL, weight CDR1a
2024-11-14 08:26:00,267 - INFO - Processing rows 6300 to 6325 for swaps, peptide GILGFVFTL, weight CDR1a
2024-11-14 08:26:02,067 - INFO - Processing rows 6325 to 6350 for swaps, peptide GILGFVFTL, weight CDR1a
2024-11-14 08:26:03,876 - INFO - Processing rows 6350 to 6375 for swaps, peptide GILGFVFTL, weight CDR1a
2024-11-14 08:26:05,690 - INFO - Processing rows 6375 to 6400 for swaps, peptide GILGFVFTL, weight CDR1a
2024-11-14 08:26:07,492 - INFO - Processing rows 6400 to 6425 for swaps, peptide GILGFVFTL, weight CDR1a
2024-11-14 08:26:09,305 - INFO - Processing rows 6425 to 6450 for swaps, peptide GILGFVFTL, weight CDR1a
2024-11-14 08:26:11,121 - INFO - Processing rows 6450 to 6475 for swaps, peptide GILGFVFTL, weight CDR1a
2024-11-14 08:26:12,944 - INFO - Processing rows 6475 to 6500 for swaps, peptide GILGFVFTL, weight CDR1a
2024-11-14 08:26:14,747 - INFO - Processing rows 6500 to 6525 for swaps, peptide GILGFVFTL, weight CDR1a
2024-11-14 08:26:16,566 - INFO - Processing rows 6525 to 6550 for swaps, peptide GILGFVFTL, weight CDR1a
2024-11-14 08:26:18,362 - INFO - Processing rows 6550 to 6575 for swaps, peptide GILGFVFTL, weight CDR1a
2024-11-14 08:26:20,183 - INFO - Processing rows 6575 to 6600 for swaps, peptide GILGFVFTL, weight CDR1a
2024-11-14 08:26:22,020 - INFO - Processing rows 6600 to 6625 for swaps, peptide GILGFVFTL, weight CDR1a
2024-11-14 08:26:23,816 - INFO - Processing rows 6625 to 6650 for swaps, peptide GILGFVFTL, weight CDR1a
2024-11-14 08:26:25,608 - INFO - Processing rows 6650 to 6675 for swaps, peptide GILGFVFTL, weight CDR1a
2024-11-14 08:26:27,450 - INFO - Processing rows 6675 to 6700 for swaps, peptide GILGFVFTL, weight CDR1a
2024-11-14 08:26:29,235 - INFO - Processing rows 6700 to 6725 for swaps, peptide GILGFVFTL, weight CDR1a
2024-11-14 08:26:31,018 - INFO - Processing rows 6725 to 6750 for swaps, peptide GILGFVFTL, weight CDR1a
2024-11-14 08:26:32,856 - INFO - Processing rows 6750 to 6775 for swaps, peptide GILGFVFTL, weight CDR1a
2024-11-14 08:26:34,655 - INFO - Processing rows 6775 to 6800 for swaps, peptide GILGFVFTL, weight CDR1a
2024-11-14 08:26:36,470 - INFO - Processing rows 6800 to 6825 for swaps, peptide GILGFVFTL, weight CDR1a
2024-11-14 08:26:38,321 - INFO - Processing rows 6825 to 6850 for swaps, peptide GILGFVFTL, weight CDR1a
2024-11-14 08:26:40,122 - INFO - Processing rows 6850 to 6875 for swaps, peptide GILGFVFTL, weight CDR1a
2024-11-14 08:26:41,930 - INFO - Processing rows 6875 to 6900 for swaps, peptide GILGFVFTL, weight CDR1a
2024-11-14 08:26:43,748 - INFO - Processing rows 6900 to 6925 for swaps, peptide GILGFVFTL, weight CDR1a
2024-11-14 08:26:45,540 - INFO - Processing rows 6925 to 6950 for swaps, peptide GILGFVFTL, weight CDR1a
2024-11-14 08:26:47,378 - INFO - Processing rows 6950 to 6975 for swaps, peptide GILGFVFTL, weight CDR1a
2024-11-14 08:26:49,171 - INFO - Processing rows 6975 to 6990 for swaps, peptide GILGFVFTL, weight CDR1a
2024-11-14 08:26:50,362 - INFO - ESM finished.. Saving file...
2024-11-14 08:34:44,657 - INFO - Saved to /net/mimer/mnt/tank/projects2/emison/language_model/27th_Oct_new_matrices/04.11_new_esm/12.11/sequence_summed_vectors_swaps_GILGFVFTL_CDR1a.csv
