2024-11-13 19:14:18,163 - INFO - Loading and filtering dataset for peptide GILGFVFTL
2024-11-13 19:14:32,297 - INFO - Processing dataset for peptide GILGFVFTL with weight CDR3a
2024-11-13 19:14:32,526 - INFO - Processing rows 0 to 25 for binders, peptide GILGFVFTL, weight CDR3a
2024-11-13 19:14:52,360 - INFO - Processing rows 25 to 50 for binders, peptide GILGFVFTL, weight CDR3a
2024-11-13 19:15:10,647 - INFO - Processing rows 50 to 75 for binders, peptide GILGFVFTL, weight CDR3a
2024-11-13 19:15:27,972 - INFO - Processing rows 75 to 100 for binders, peptide GILGFVFTL, weight CDR3a
2024-11-13 19:15:46,179 - INFO - Processing rows 100 to 125 for binders, peptide GILGFVFTL, weight CDR3a
2024-11-13 19:16:03,939 - INFO - Processing rows 125 to 150 for binders, peptide GILGFVFTL, weight CDR3a
2024-11-13 19:16:21,898 - INFO - Processing rows 150 to 175 for binders, peptide GILGFVFTL, weight CDR3a
2024-11-13 19:16:37,973 - INFO - Processing rows 175 to 200 for binders, peptide GILGFVFTL, weight CDR3a
2024-11-13 19:16:54,052 - INFO - Processing rows 200 to 225 for binders, peptide GILGFVFTL, weight CDR3a
2024-11-13 19:17:10,150 - INFO - Processing rows 225 to 250 for binders, peptide GILGFVFTL, weight CDR3a
2024-11-13 19:17:28,867 - INFO - Processing rows 250 to 275 for binders, peptide GILGFVFTL, weight CDR3a
2024-11-13 19:17:45,759 - INFO - Processing rows 275 to 300 for binders, peptide GILGFVFTL, weight CDR3a
2024-11-13 19:18:01,750 - INFO - Processing rows 300 to 325 for binders, peptide GILGFVFTL, weight CDR3a
2024-11-13 19:18:17,799 - INFO - Processing rows 325 to 350 for binders, peptide GILGFVFTL, weight CDR3a
2024-11-13 19:18:35,542 - INFO - Processing rows 350 to 375 for binders, peptide GILGFVFTL, weight CDR3a
2024-11-13 19:18:56,069 - INFO - Processing rows 375 to 400 for binders, peptide GILGFVFTL, weight CDR3a
2024-11-13 19:19:12,230 - INFO - Processing rows 400 to 425 for binders, peptide GILGFVFTL, weight CDR3a
2024-11-13 19:19:28,176 - INFO - Processing rows 425 to 450 for binders, peptide GILGFVFTL, weight CDR3a
2024-11-13 19:19:45,910 - INFO - Processing rows 450 to 475 for binders, peptide GILGFVFTL, weight CDR3a
2024-11-13 19:20:01,965 - INFO - Processing rows 475 to 500 for binders, peptide GILGFVFTL, weight CDR3a
2024-11-13 19:20:16,918 - INFO - Processing rows 500 to 525 for binders, peptide GILGFVFTL, weight CDR3a
2024-11-13 19:20:36,562 - INFO - Processing rows 525 to 550 for binders, peptide GILGFVFTL, weight CDR3a
2024-11-13 19:20:53,726 - INFO - Processing rows 550 to 575 for binders, peptide GILGFVFTL, weight CDR3a
2024-11-13 19:21:13,614 - INFO - Processing rows 575 to 600 for binders, peptide GILGFVFTL, weight CDR3a
2024-11-13 19:21:40,091 - INFO - Processing rows 600 to 625 for binders, peptide GILGFVFTL, weight CDR3a
2024-11-13 19:21:57,640 - INFO - Processing rows 625 to 650 for binders, peptide GILGFVFTL, weight CDR3a
2024-11-13 19:22:13,963 - INFO - Processing rows 650 to 675 for binders, peptide GILGFVFTL, weight CDR3a
2024-11-13 19:22:30,645 - INFO - Processing rows 675 to 700 for binders, peptide GILGFVFTL, weight CDR3a
2024-11-13 19:22:45,510 - INFO - Processing rows 700 to 725 for binders, peptide GILGFVFTL, weight CDR3a
2024-11-13 19:23:00,389 - INFO - Processing rows 725 to 750 for binders, peptide GILGFVFTL, weight CDR3a
2024-11-13 19:23:21,198 - INFO - Processing rows 750 to 775 for binders, peptide GILGFVFTL, weight CDR3a
2024-11-13 19:23:37,763 - INFO - Processing rows 775 to 800 for binders, peptide GILGFVFTL, weight CDR3a
2024-11-13 19:23:54,329 - INFO - Processing rows 800 to 825 for binders, peptide GILGFVFTL, weight CDR3a
2024-11-13 19:24:10,238 - INFO - Processing rows 825 to 850 for binders, peptide GILGFVFTL, weight CDR3a
2024-11-13 19:24:27,082 - INFO - Processing rows 850 to 875 for binders, peptide GILGFVFTL, weight CDR3a
2024-11-13 19:24:42,987 - INFO - Processing rows 875 to 900 for binders, peptide GILGFVFTL, weight CDR3a
2024-11-13 19:24:58,959 - INFO - Processing rows 900 to 925 for binders, peptide GILGFVFTL, weight CDR3a
2024-11-13 19:25:14,860 - INFO - Processing rows 925 to 950 for binders, peptide GILGFVFTL, weight CDR3a
2024-11-13 19:25:29,928 - INFO - Processing rows 950 to 975 for binders, peptide GILGFVFTL, weight CDR3a
2024-11-13 19:25:46,750 - INFO - Processing rows 975 to 1000 for binders, peptide GILGFVFTL, weight CDR3a
2024-11-13 19:26:03,506 - INFO - Processing rows 1000 to 1025 for binders, peptide GILGFVFTL, weight CDR3a
2024-11-13 19:26:20,352 - INFO - Processing rows 1025 to 1050 for binders, peptide GILGFVFTL, weight CDR3a
2024-11-13 19:26:36,293 - INFO - Processing rows 1050 to 1075 for binders, peptide GILGFVFTL, weight CDR3a
2024-11-13 19:26:52,190 - INFO - Processing rows 1075 to 1100 for binders, peptide GILGFVFTL, weight CDR3a
2024-11-13 19:27:08,206 - INFO - Processing rows 1100 to 1125 for binders, peptide GILGFVFTL, weight CDR3a
2024-11-13 19:27:24,644 - INFO - Processing rows 1125 to 1150 for binders, peptide GILGFVFTL, weight CDR3a
2024-11-13 19:27:40,447 - INFO - Processing rows 1150 to 1165 for binders, peptide GILGFVFTL, weight CDR3a
Traceback (most recent call last):
  File "/net/mimer/mnt/tank/projects2/emison/language_model/27th_Oct_new_matrices/04.11_new_esm/12.11/run_esm_binders.py", line 90, in <module>
    process_sequences(df_filtered, peptide, weight, "binders")
  File "/net/mimer/mnt/tank/projects2/emison/language_model/27th_Oct_new_matrices/04.11_new_esm/12.11/run_esm_binders.py", line 82, in process_sequences
    output_df.insert(0, "raw_index", raw_indexes)
  File "/home/projects2/emison/language_model/miniconda3/envs/esm2_emison/lib/python3.12/site-packages/pandas/core/frame.py", line 5171, in insert
    value, refs = self._sanitize_column(value)
                  ^^^^^^^^^^^^^^^^^^^^^^^^^^^^
  File "/home/projects2/emison/language_model/miniconda3/envs/esm2_emison/lib/python3.12/site-packages/pandas/core/frame.py", line 5266, in _sanitize_column
    com.require_length_match(value, self.index)
  File "/home/projects2/emison/language_model/miniconda3/envs/esm2_emison/lib/python3.12/site-packages/pandas/core/common.py", line 573, in require_length_match
    raise ValueError(
ValueError: Length of values (1165) does not match length of index (15)
