2024-11-14 08:19:20,432 - INFO - Loading and filtering dataset for peptide GILGFVFTL
2024-11-14 08:19:20,758 - INFO - Processing dataset for peptide GILGFVFTL with weight CDR3b
2024-11-14 08:19:20,760 - INFO - Processing rows 0 to 25 for swaps, peptide GILGFVFTL, weight CDR3b
2024-11-14 08:19:30,615 - INFO - Processing rows 25 to 50 for swaps, peptide GILGFVFTL, weight CDR3b
2024-11-14 08:19:39,620 - INFO - Processing rows 50 to 75 for swaps, peptide GILGFVFTL, weight CDR3b
2024-11-14 08:19:48,899 - INFO - Processing rows 75 to 100 for swaps, peptide GILGFVFTL, weight CDR3b
2024-11-14 08:19:58,057 - INFO - Processing rows 100 to 125 for swaps, peptide GILGFVFTL, weight CDR3b
2024-11-14 08:20:07,369 - INFO - Processing rows 125 to 150 for swaps, peptide GILGFVFTL, weight CDR3b
2024-11-14 08:20:16,749 - INFO - Processing rows 150 to 175 for swaps, peptide GILGFVFTL, weight CDR3b
2024-11-14 08:20:25,727 - INFO - Processing rows 175 to 200 for swaps, peptide GILGFVFTL, weight CDR3b
2024-11-14 08:20:35,863 - INFO - Processing rows 200 to 225 for swaps, peptide GILGFVFTL, weight CDR3b
2024-11-14 08:20:45,934 - INFO - Processing rows 225 to 250 for swaps, peptide GILGFVFTL, weight CDR3b
2024-11-14 08:20:54,898 - INFO - Processing rows 250 to 275 for swaps, peptide GILGFVFTL, weight CDR3b
2024-11-14 08:21:04,415 - INFO - Processing rows 275 to 300 for swaps, peptide GILGFVFTL, weight CDR3b
2024-11-14 08:21:12,806 - INFO - Processing rows 300 to 325 for swaps, peptide GILGFVFTL, weight CDR3b
2024-11-14 08:21:22,339 - INFO - Processing rows 325 to 350 for swaps, peptide GILGFVFTL, weight CDR3b
2024-11-14 08:21:31,207 - INFO - Processing rows 350 to 375 for swaps, peptide GILGFVFTL, weight CDR3b
2024-11-14 08:21:40,720 - INFO - Processing rows 375 to 400 for swaps, peptide GILGFVFTL, weight CDR3b
2024-11-14 08:21:50,664 - INFO - Processing rows 400 to 425 for swaps, peptide GILGFVFTL, weight CDR3b
2024-11-14 08:22:00,181 - INFO - Processing rows 425 to 450 for swaps, peptide GILGFVFTL, weight CDR3b
2024-11-14 08:22:09,702 - INFO - Processing rows 450 to 475 for swaps, peptide GILGFVFTL, weight CDR3b
2024-11-14 08:22:20,047 - INFO - Processing rows 475 to 500 for swaps, peptide GILGFVFTL, weight CDR3b
2024-11-14 08:22:29,002 - INFO - Processing rows 500 to 525 for swaps, peptide GILGFVFTL, weight CDR3b
2024-11-14 08:22:39,351 - INFO - Processing rows 525 to 550 for swaps, peptide GILGFVFTL, weight CDR3b
2024-11-14 08:22:47,729 - INFO - Processing rows 550 to 575 for swaps, peptide GILGFVFTL, weight CDR3b
2024-11-14 08:22:57,094 - INFO - Processing rows 575 to 600 for swaps, peptide GILGFVFTL, weight CDR3b
2024-11-14 08:23:07,103 - INFO - Processing rows 600 to 625 for swaps, peptide GILGFVFTL, weight CDR3b
2024-11-14 08:23:17,335 - INFO - Processing rows 625 to 650 for swaps, peptide GILGFVFTL, weight CDR3b
2024-11-14 08:23:27,113 - INFO - Processing rows 650 to 675 for swaps, peptide GILGFVFTL, weight CDR3b
2024-11-14 08:23:38,868 - INFO - Processing rows 675 to 700 for swaps, peptide GILGFVFTL, weight CDR3b
2024-11-14 08:23:47,633 - INFO - Processing rows 700 to 725 for swaps, peptide GILGFVFTL, weight CDR3b
2024-11-14 08:23:57,812 - INFO - Processing rows 725 to 750 for swaps, peptide GILGFVFTL, weight CDR3b
2024-11-14 08:24:07,590 - INFO - Processing rows 750 to 775 for swaps, peptide GILGFVFTL, weight CDR3b
2024-11-14 08:24:16,998 - INFO - Processing rows 775 to 800 for swaps, peptide GILGFVFTL, weight CDR3b
2024-11-14 08:24:26,333 - INFO - Processing rows 800 to 825 for swaps, peptide GILGFVFTL, weight CDR3b
2024-11-14 08:24:35,821 - INFO - Processing rows 825 to 850 for swaps, peptide GILGFVFTL, weight CDR3b
2024-11-14 08:24:45,213 - INFO - Processing rows 850 to 875 for swaps, peptide GILGFVFTL, weight CDR3b
2024-11-14 08:24:54,702 - INFO - Processing rows 875 to 900 for swaps, peptide GILGFVFTL, weight CDR3b
2024-11-14 08:25:05,026 - INFO - Processing rows 900 to 925 for swaps, peptide GILGFVFTL, weight CDR3b
2024-11-14 08:25:13,987 - INFO - Processing rows 925 to 950 for swaps, peptide GILGFVFTL, weight CDR3b
2024-11-14 08:25:22,899 - INFO - Processing rows 950 to 975 for swaps, peptide GILGFVFTL, weight CDR3b
2024-11-14 08:25:32,933 - INFO - Processing rows 975 to 1000 for swaps, peptide GILGFVFTL, weight CDR3b
2024-11-14 08:25:42,406 - INFO - Processing rows 1000 to 1025 for swaps, peptide GILGFVFTL, weight CDR3b
2024-11-14 08:25:52,317 - INFO - Processing rows 1025 to 1050 for swaps, peptide GILGFVFTL, weight CDR3b
2024-11-14 08:26:02,226 - INFO - Processing rows 1050 to 1075 for swaps, peptide GILGFVFTL, weight CDR3b
2024-11-14 08:26:11,007 - INFO - Processing rows 1075 to 1100 for swaps, peptide GILGFVFTL, weight CDR3b
2024-11-14 08:26:20,671 - INFO - Processing rows 1100 to 1125 for swaps, peptide GILGFVFTL, weight CDR3b
2024-11-14 08:26:30,307 - INFO - Processing rows 1125 to 1150 for swaps, peptide GILGFVFTL, weight CDR3b
2024-11-14 08:26:39,940 - INFO - Processing rows 1150 to 1175 for swaps, peptide GILGFVFTL, weight CDR3b
2024-11-14 08:26:49,575 - INFO - Processing rows 1175 to 1200 for swaps, peptide GILGFVFTL, weight CDR3b
2024-11-14 08:26:59,200 - INFO - Processing rows 1200 to 1225 for swaps, peptide GILGFVFTL, weight CDR3b
2024-11-14 08:27:08,965 - INFO - Processing rows 1225 to 1250 for swaps, peptide GILGFVFTL, weight CDR3b
2024-11-14 08:27:18,293 - INFO - Processing rows 1250 to 1275 for swaps, peptide GILGFVFTL, weight CDR3b
2024-11-14 08:27:27,618 - INFO - Processing rows 1275 to 1300 for swaps, peptide GILGFVFTL, weight CDR3b
2024-11-14 08:27:36,841 - INFO - Processing rows 1300 to 1325 for swaps, peptide GILGFVFTL, weight CDR3b
2024-11-14 08:27:47,706 - INFO - Processing rows 1325 to 1350 for swaps, peptide GILGFVFTL, weight CDR3b
2024-11-14 08:27:59,487 - INFO - Processing rows 1350 to 1375 for swaps, peptide GILGFVFTL, weight CDR3b
2024-11-14 08:28:10,838 - INFO - Processing rows 1375 to 1400 for swaps, peptide GILGFVFTL, weight CDR3b
2024-11-14 08:28:19,683 - INFO - Processing rows 1400 to 1425 for swaps, peptide GILGFVFTL, weight CDR3b
2024-11-14 08:28:28,951 - INFO - Processing rows 1425 to 1450 for swaps, peptide GILGFVFTL, weight CDR3b
2024-11-14 08:28:38,248 - INFO - Processing rows 1450 to 1475 for swaps, peptide GILGFVFTL, weight CDR3b
2024-11-14 08:28:47,462 - INFO - Processing rows 1475 to 1500 for swaps, peptide GILGFVFTL, weight CDR3b
2024-11-14 08:28:57,348 - INFO - Processing rows 1500 to 1525 for swaps, peptide GILGFVFTL, weight CDR3b
2024-11-14 08:29:06,618 - INFO - Processing rows 1525 to 1550 for swaps, peptide GILGFVFTL, weight CDR3b
2024-11-14 08:29:16,458 - INFO - Processing rows 1550 to 1575 for swaps, peptide GILGFVFTL, weight CDR3b
2024-11-14 08:29:26,686 - INFO - Processing rows 1575 to 1600 for swaps, peptide GILGFVFTL, weight CDR3b
2024-11-14 08:29:36,844 - INFO - Processing rows 1600 to 1625 for swaps, peptide GILGFVFTL, weight CDR3b
2024-11-14 08:29:45,097 - INFO - Processing rows 1625 to 1650 for swaps, peptide GILGFVFTL, weight CDR3b
2024-11-14 08:29:53,789 - INFO - Processing rows 1650 to 1675 for swaps, peptide GILGFVFTL, weight CDR3b
2024-11-14 08:30:03,828 - INFO - Processing rows 1675 to 1700 for swaps, peptide GILGFVFTL, weight CDR3b
2024-11-14 08:30:13,004 - INFO - Processing rows 1700 to 1725 for swaps, peptide GILGFVFTL, weight CDR3b
2024-11-14 08:30:22,696 - INFO - Processing rows 1725 to 1750 for swaps, peptide GILGFVFTL, weight CDR3b
2024-11-14 08:30:32,801 - INFO - Processing rows 1750 to 1775 for swaps, peptide GILGFVFTL, weight CDR3b
2024-11-14 08:30:41,310 - INFO - Processing rows 1775 to 1800 for swaps, peptide GILGFVFTL, weight CDR3b
2024-11-14 08:30:50,270 - INFO - Processing rows 1800 to 1825 for swaps, peptide GILGFVFTL, weight CDR3b
2024-11-14 08:30:58,832 - INFO - Processing rows 1825 to 1850 for swaps, peptide GILGFVFTL, weight CDR3b
2024-11-14 08:31:07,963 - INFO - Processing rows 1850 to 1875 for swaps, peptide GILGFVFTL, weight CDR3b
2024-11-14 08:31:16,586 - INFO - Processing rows 1875 to 1900 for swaps, peptide GILGFVFTL, weight CDR3b
2024-11-14 08:31:26,185 - INFO - Processing rows 1900 to 1925 for swaps, peptide GILGFVFTL, weight CDR3b
2024-11-14 08:31:35,851 - INFO - Processing rows 1925 to 1950 for swaps, peptide GILGFVFTL, weight CDR3b
2024-11-14 08:31:46,603 - INFO - Processing rows 1950 to 1975 for swaps, peptide GILGFVFTL, weight CDR3b
2024-11-14 08:31:55,665 - INFO - Processing rows 1975 to 2000 for swaps, peptide GILGFVFTL, weight CDR3b
2024-11-14 08:32:04,819 - INFO - Processing rows 2000 to 2025 for swaps, peptide GILGFVFTL, weight CDR3b
2024-11-14 08:32:13,834 - INFO - Processing rows 2025 to 2050 for swaps, peptide GILGFVFTL, weight CDR3b
2024-11-14 08:32:22,489 - INFO - Processing rows 2050 to 2075 for swaps, peptide GILGFVFTL, weight CDR3b
2024-11-14 08:32:31,523 - INFO - Processing rows 2075 to 2100 for swaps, peptide GILGFVFTL, weight CDR3b
2024-11-14 08:32:40,275 - INFO - Processing rows 2100 to 2125 for swaps, peptide GILGFVFTL, weight CDR3b
2024-11-14 08:32:48,305 - INFO - Processing rows 2125 to 2150 for swaps, peptide GILGFVFTL, weight CDR3b
2024-11-14 08:32:57,369 - INFO - Processing rows 2150 to 2175 for swaps, peptide GILGFVFTL, weight CDR3b
2024-11-14 08:33:06,545 - INFO - Processing rows 2175 to 2200 for swaps, peptide GILGFVFTL, weight CDR3b
2024-11-14 08:33:15,147 - INFO - Processing rows 2200 to 2225 for swaps, peptide GILGFVFTL, weight CDR3b
2024-11-14 08:33:24,294 - INFO - Processing rows 2225 to 2250 for swaps, peptide GILGFVFTL, weight CDR3b
2024-11-14 08:33:34,243 - INFO - Processing rows 2250 to 2275 for swaps, peptide GILGFVFTL, weight CDR3b
2024-11-14 08:33:43,882 - INFO - Processing rows 2275 to 2300 for swaps, peptide GILGFVFTL, weight CDR3b
2024-11-14 08:33:52,494 - INFO - Processing rows 2300 to 2325 for swaps, peptide GILGFVFTL, weight CDR3b
2024-11-14 08:34:01,004 - INFO - Processing rows 2325 to 2350 for swaps, peptide GILGFVFTL, weight CDR3b
2024-11-14 08:34:10,525 - INFO - Processing rows 2350 to 2375 for swaps, peptide GILGFVFTL, weight CDR3b
2024-11-14 08:34:20,427 - INFO - Processing rows 2375 to 2400 for swaps, peptide GILGFVFTL, weight CDR3b
2024-11-14 08:34:30,334 - INFO - Processing rows 2400 to 2425 for swaps, peptide GILGFVFTL, weight CDR3b
2024-11-14 08:34:39,872 - INFO - Processing rows 2425 to 2450 for swaps, peptide GILGFVFTL, weight CDR3b
2024-11-14 08:34:49,464 - INFO - Processing rows 2450 to 2475 for swaps, peptide GILGFVFTL, weight CDR3b
2024-11-14 08:34:59,536 - INFO - Processing rows 2475 to 2500 for swaps, peptide GILGFVFTL, weight CDR3b
2024-11-14 08:35:10,391 - INFO - Processing rows 2500 to 2525 for swaps, peptide GILGFVFTL, weight CDR3b
2024-11-14 08:35:19,212 - INFO - Processing rows 2525 to 2550 for swaps, peptide GILGFVFTL, weight CDR3b
2024-11-14 08:35:28,439 - INFO - Processing rows 2550 to 2575 for swaps, peptide GILGFVFTL, weight CDR3b
2024-11-14 08:35:38,282 - INFO - Processing rows 2575 to 2600 for swaps, peptide GILGFVFTL, weight CDR3b
2024-11-14 08:35:48,447 - INFO - Processing rows 2600 to 2625 for swaps, peptide GILGFVFTL, weight CDR3b
2024-11-14 08:35:56,744 - INFO - Processing rows 2625 to 2650 for swaps, peptide GILGFVFTL, weight CDR3b
2024-11-14 08:36:09,447 - INFO - Processing rows 2650 to 2675 for swaps, peptide GILGFVFTL, weight CDR3b
2024-11-14 08:36:20,171 - INFO - Processing rows 2675 to 2700 for swaps, peptide GILGFVFTL, weight CDR3b
2024-11-14 08:36:29,048 - INFO - Processing rows 2700 to 2725 for swaps, peptide GILGFVFTL, weight CDR3b
2024-11-14 08:36:38,304 - INFO - Processing rows 2725 to 2750 for swaps, peptide GILGFVFTL, weight CDR3b
2024-11-14 08:36:47,610 - INFO - Processing rows 2750 to 2775 for swaps, peptide GILGFVFTL, weight CDR3b
2024-11-14 08:36:56,272 - INFO - Processing rows 2775 to 2800 for swaps, peptide GILGFVFTL, weight CDR3b
2024-11-14 08:37:06,310 - INFO - Processing rows 2800 to 2825 for swaps, peptide GILGFVFTL, weight CDR3b
2024-11-14 08:37:15,960 - INFO - Processing rows 2825 to 2850 for swaps, peptide GILGFVFTL, weight CDR3b
2024-11-14 08:37:24,587 - INFO - Processing rows 2850 to 2875 for swaps, peptide GILGFVFTL, weight CDR3b
2024-11-14 08:37:33,212 - INFO - Processing rows 2875 to 2900 for swaps, peptide GILGFVFTL, weight CDR3b
2024-11-14 08:37:42,939 - INFO - Processing rows 2900 to 2925 for swaps, peptide GILGFVFTL, weight CDR3b
2024-11-14 08:37:52,150 - INFO - Processing rows 2925 to 2950 for swaps, peptide GILGFVFTL, weight CDR3b
2024-11-14 08:38:00,973 - INFO - Processing rows 2950 to 2975 for swaps, peptide GILGFVFTL, weight CDR3b
2024-11-14 08:38:09,194 - INFO - Processing rows 2975 to 3000 for swaps, peptide GILGFVFTL, weight CDR3b
2024-11-14 08:38:17,997 - INFO - Processing rows 3000 to 3025 for swaps, peptide GILGFVFTL, weight CDR3b
2024-11-14 08:38:27,880 - INFO - Processing rows 3025 to 3050 for swaps, peptide GILGFVFTL, weight CDR3b
2024-11-14 08:38:38,188 - INFO - Processing rows 3050 to 3075 for swaps, peptide GILGFVFTL, weight CDR3b
2024-11-14 08:38:46,915 - INFO - Processing rows 3075 to 3100 for swaps, peptide GILGFVFTL, weight CDR3b
2024-11-14 08:38:57,229 - INFO - Processing rows 3100 to 3125 for swaps, peptide GILGFVFTL, weight CDR3b
2024-11-14 08:39:06,517 - INFO - Processing rows 3125 to 3150 for swaps, peptide GILGFVFTL, weight CDR3b
2024-11-14 08:39:15,883 - INFO - Processing rows 3150 to 3175 for swaps, peptide GILGFVFTL, weight CDR3b
2024-11-14 08:39:24,744 - INFO - Processing rows 3175 to 3200 for swaps, peptide GILGFVFTL, weight CDR3b
2024-11-14 08:39:34,758 - INFO - Processing rows 3200 to 3225 for swaps, peptide GILGFVFTL, weight CDR3b
2024-11-14 08:39:44,088 - INFO - Processing rows 3225 to 3250 for swaps, peptide GILGFVFTL, weight CDR3b
2024-11-14 08:39:54,356 - INFO - Processing rows 3250 to 3275 for swaps, peptide GILGFVFTL, weight CDR3b
2024-11-14 08:40:03,307 - INFO - Processing rows 3275 to 3300 for swaps, peptide GILGFVFTL, weight CDR3b
2024-11-14 08:40:12,148 - INFO - Processing rows 3300 to 3325 for swaps, peptide GILGFVFTL, weight CDR3b
2024-11-14 08:40:21,605 - INFO - Processing rows 3325 to 3350 for swaps, peptide GILGFVFTL, weight CDR3b
2024-11-14 08:40:30,916 - INFO - Processing rows 3350 to 3375 for swaps, peptide GILGFVFTL, weight CDR3b
2024-11-14 08:40:39,858 - INFO - Processing rows 3375 to 3400 for swaps, peptide GILGFVFTL, weight CDR3b
2024-11-14 08:40:49,174 - INFO - Processing rows 3400 to 3425 for swaps, peptide GILGFVFTL, weight CDR3b
2024-11-14 08:40:57,921 - INFO - Processing rows 3425 to 3450 for swaps, peptide GILGFVFTL, weight CDR3b
2024-11-14 08:41:06,648 - INFO - Processing rows 3450 to 3475 for swaps, peptide GILGFVFTL, weight CDR3b
2024-11-14 08:41:16,391 - INFO - Processing rows 3475 to 3500 for swaps, peptide GILGFVFTL, weight CDR3b
2024-11-14 08:41:29,235 - INFO - Processing rows 3500 to 3525 for swaps, peptide GILGFVFTL, weight CDR3b
2024-11-14 08:41:38,451 - INFO - Processing rows 3525 to 3550 for swaps, peptide GILGFVFTL, weight CDR3b
2024-11-14 08:41:47,189 - INFO - Processing rows 3550 to 3575 for swaps, peptide GILGFVFTL, weight CDR3b
2024-11-14 08:41:56,995 - INFO - Processing rows 3575 to 3600 for swaps, peptide GILGFVFTL, weight CDR3b
2024-11-14 08:42:06,918 - INFO - Processing rows 3600 to 3625 for swaps, peptide GILGFVFTL, weight CDR3b
2024-11-14 08:42:16,262 - INFO - Processing rows 3625 to 3650 for swaps, peptide GILGFVFTL, weight CDR3b
2024-11-14 08:42:25,731 - INFO - Processing rows 3650 to 3675 for swaps, peptide GILGFVFTL, weight CDR3b
2024-11-14 08:42:34,579 - INFO - Processing rows 3675 to 3700 for swaps, peptide GILGFVFTL, weight CDR3b
2024-11-14 08:42:44,000 - INFO - Processing rows 3700 to 3725 for swaps, peptide GILGFVFTL, weight CDR3b
2024-11-14 08:42:53,317 - INFO - Processing rows 3725 to 3750 for swaps, peptide GILGFVFTL, weight CDR3b
2024-11-14 08:43:02,746 - INFO - Processing rows 3750 to 3775 for swaps, peptide GILGFVFTL, weight CDR3b
2024-11-14 08:43:12,620 - INFO - Processing rows 3775 to 3800 for swaps, peptide GILGFVFTL, weight CDR3b
2024-11-14 08:43:21,961 - INFO - Processing rows 3800 to 3825 for swaps, peptide GILGFVFTL, weight CDR3b
2024-11-14 08:43:31,373 - INFO - Processing rows 3825 to 3850 for swaps, peptide GILGFVFTL, weight CDR3b
2024-11-14 08:43:41,229 - INFO - Processing rows 3850 to 3875 for swaps, peptide GILGFVFTL, weight CDR3b
2024-11-14 08:43:51,157 - INFO - Processing rows 3875 to 3900 for swaps, peptide GILGFVFTL, weight CDR3b
2024-11-14 08:44:00,601 - INFO - Processing rows 3900 to 3925 for swaps, peptide GILGFVFTL, weight CDR3b
2024-11-14 08:44:09,969 - INFO - Processing rows 3925 to 3950 for swaps, peptide GILGFVFTL, weight CDR3b
2024-11-14 08:44:18,821 - INFO - Processing rows 3950 to 3975 for swaps, peptide GILGFVFTL, weight CDR3b
2024-11-14 08:44:27,710 - INFO - Processing rows 3975 to 4000 for swaps, peptide GILGFVFTL, weight CDR3b
2024-11-14 08:44:37,707 - INFO - Processing rows 4000 to 4025 for swaps, peptide GILGFVFTL, weight CDR3b
2024-11-14 08:44:47,548 - INFO - Processing rows 4025 to 4050 for swaps, peptide GILGFVFTL, weight CDR3b
2024-11-14 08:44:57,496 - INFO - Processing rows 4050 to 4075 for swaps, peptide GILGFVFTL, weight CDR3b
2024-11-14 08:45:06,418 - INFO - Processing rows 4075 to 4100 for swaps, peptide GILGFVFTL, weight CDR3b
2024-11-14 08:45:16,759 - INFO - Processing rows 4100 to 4125 for swaps, peptide GILGFVFTL, weight CDR3b
2024-11-14 08:45:25,615 - INFO - Processing rows 4125 to 4150 for swaps, peptide GILGFVFTL, weight CDR3b
2024-11-14 08:45:34,541 - INFO - Processing rows 4150 to 4175 for swaps, peptide GILGFVFTL, weight CDR3b
2024-11-14 08:45:43,942 - INFO - Processing rows 4175 to 4200 for swaps, peptide GILGFVFTL, weight CDR3b
2024-11-14 08:45:52,871 - INFO - Processing rows 4200 to 4225 for swaps, peptide GILGFVFTL, weight CDR3b
2024-11-14 08:46:02,822 - INFO - Processing rows 4225 to 4250 for swaps, peptide GILGFVFTL, weight CDR3b
2024-11-14 08:46:12,254 - INFO - Processing rows 4250 to 4275 for swaps, peptide GILGFVFTL, weight CDR3b
2024-11-14 08:46:22,205 - INFO - Processing rows 4275 to 4300 for swaps, peptide GILGFVFTL, weight CDR3b
2024-11-14 08:46:31,540 - INFO - Processing rows 4300 to 4325 for swaps, peptide GILGFVFTL, weight CDR3b
2024-11-14 08:46:41,886 - INFO - Processing rows 4325 to 4350 for swaps, peptide GILGFVFTL, weight CDR3b
2024-11-14 08:46:51,119 - INFO - Processing rows 4350 to 4375 for swaps, peptide GILGFVFTL, weight CDR3b
2024-11-14 08:47:01,284 - INFO - Processing rows 4375 to 4400 for swaps, peptide GILGFVFTL, weight CDR3b
2024-11-14 08:47:10,644 - INFO - Processing rows 4400 to 4425 for swaps, peptide GILGFVFTL, weight CDR3b
2024-11-14 08:47:20,361 - INFO - Processing rows 4425 to 4450 for swaps, peptide GILGFVFTL, weight CDR3b
2024-11-14 08:47:29,564 - INFO - Processing rows 4450 to 4475 for swaps, peptide GILGFVFTL, weight CDR3b
2024-11-14 08:47:39,801 - INFO - Processing rows 4475 to 4500 for swaps, peptide GILGFVFTL, weight CDR3b
2024-11-14 08:47:48,039 - INFO - Processing rows 4500 to 4525 for swaps, peptide GILGFVFTL, weight CDR3b
2024-11-14 08:47:57,845 - INFO - Processing rows 4525 to 4550 for swaps, peptide GILGFVFTL, weight CDR3b
2024-11-14 08:48:06,602 - INFO - Processing rows 4550 to 4575 for swaps, peptide GILGFVFTL, weight CDR3b
2024-11-14 08:48:15,416 - INFO - Processing rows 4575 to 4600 for swaps, peptide GILGFVFTL, weight CDR3b
2024-11-14 08:48:24,607 - INFO - Processing rows 4600 to 4625 for swaps, peptide GILGFVFTL, weight CDR3b
2024-11-14 08:48:34,358 - INFO - Processing rows 4625 to 4650 for swaps, peptide GILGFVFTL, weight CDR3b
2024-11-14 08:48:43,114 - INFO - Processing rows 4650 to 4675 for swaps, peptide GILGFVFTL, weight CDR3b
2024-11-14 08:48:52,939 - INFO - Processing rows 4675 to 4700 for swaps, peptide GILGFVFTL, weight CDR3b
2024-11-14 08:49:02,713 - INFO - Processing rows 4700 to 4725 for swaps, peptide GILGFVFTL, weight CDR3b
2024-11-14 08:49:12,595 - INFO - Processing rows 4725 to 4750 for swaps, peptide GILGFVFTL, weight CDR3b
2024-11-14 08:49:21,840 - INFO - Processing rows 4750 to 4775 for swaps, peptide GILGFVFTL, weight CDR3b
2024-11-14 08:49:30,106 - INFO - Processing rows 4775 to 4800 for swaps, peptide GILGFVFTL, weight CDR3b
2024-11-14 08:49:38,871 - INFO - Processing rows 4800 to 4825 for swaps, peptide GILGFVFTL, weight CDR3b
2024-11-14 08:49:48,684 - INFO - Processing rows 4825 to 4850 for swaps, peptide GILGFVFTL, weight CDR3b
2024-11-14 08:49:57,858 - INFO - Processing rows 4850 to 4875 for swaps, peptide GILGFVFTL, weight CDR3b
2024-11-14 08:50:06,730 - INFO - Processing rows 4875 to 4900 for swaps, peptide GILGFVFTL, weight CDR3b
2024-11-14 08:50:15,981 - INFO - Processing rows 4900 to 4925 for swaps, peptide GILGFVFTL, weight CDR3b
2024-11-14 08:50:25,242 - INFO - Processing rows 4925 to 4950 for swaps, peptide GILGFVFTL, weight CDR3b
2024-11-14 08:50:34,467 - INFO - Processing rows 4950 to 4975 for swaps, peptide GILGFVFTL, weight CDR3b
2024-11-14 08:50:44,251 - INFO - Processing rows 4975 to 5000 for swaps, peptide GILGFVFTL, weight CDR3b
2024-11-14 08:50:53,445 - INFO - Processing rows 5000 to 5025 for swaps, peptide GILGFVFTL, weight CDR3b
2024-11-14 08:51:02,249 - INFO - Processing rows 5025 to 5050 for swaps, peptide GILGFVFTL, weight CDR3b
2024-11-14 08:51:10,417 - INFO - Processing rows 5050 to 5075 for swaps, peptide GILGFVFTL, weight CDR3b
2024-11-14 08:51:19,228 - INFO - Processing rows 5075 to 5100 for swaps, peptide GILGFVFTL, weight CDR3b
2024-11-14 08:51:29,993 - INFO - Processing rows 5100 to 5125 for swaps, peptide GILGFVFTL, weight CDR3b
2024-11-14 08:51:39,922 - INFO - Processing rows 5125 to 5150 for swaps, peptide GILGFVFTL, weight CDR3b
2024-11-14 08:51:49,219 - INFO - Processing rows 5150 to 5175 for swaps, peptide GILGFVFTL, weight CDR3b
2024-11-14 08:51:58,326 - INFO - Processing rows 5175 to 5200 for swaps, peptide GILGFVFTL, weight CDR3b
2024-11-14 08:52:07,391 - INFO - Processing rows 5200 to 5225 for swaps, peptide GILGFVFTL, weight CDR3b
2024-11-14 08:52:17,090 - INFO - Processing rows 5225 to 5250 for swaps, peptide GILGFVFTL, weight CDR3b
2024-11-14 08:52:26,726 - INFO - Processing rows 5250 to 5275 for swaps, peptide GILGFVFTL, weight CDR3b
2024-11-14 08:52:35,804 - INFO - Processing rows 5275 to 5300 for swaps, peptide GILGFVFTL, weight CDR3b
2024-11-14 08:52:43,754 - INFO - Processing rows 5300 to 5325 for swaps, peptide GILGFVFTL, weight CDR3b
2024-11-14 08:52:52,687 - INFO - Processing rows 5325 to 5350 for swaps, peptide GILGFVFTL, weight CDR3b
2024-11-14 08:53:01,601 - INFO - Processing rows 5350 to 5375 for swaps, peptide GILGFVFTL, weight CDR3b
2024-11-14 08:53:10,123 - INFO - Processing rows 5375 to 5400 for swaps, peptide GILGFVFTL, weight CDR3b
2024-11-14 08:53:18,589 - INFO - Processing rows 5400 to 5425 for swaps, peptide GILGFVFTL, weight CDR3b
2024-11-14 08:53:27,511 - INFO - Processing rows 5425 to 5450 for swaps, peptide GILGFVFTL, weight CDR3b
2024-11-14 08:53:36,013 - INFO - Processing rows 5450 to 5475 for swaps, peptide GILGFVFTL, weight CDR3b
2024-11-14 08:53:44,602 - INFO - Processing rows 5475 to 5500 for swaps, peptide GILGFVFTL, weight CDR3b
2024-11-14 08:53:55,200 - INFO - Processing rows 5500 to 5525 for swaps, peptide GILGFVFTL, weight CDR3b
2024-11-14 08:54:04,921 - INFO - Processing rows 5525 to 5550 for swaps, peptide GILGFVFTL, weight CDR3b
2024-11-14 08:54:14,011 - INFO - Processing rows 5550 to 5575 for swaps, peptide GILGFVFTL, weight CDR3b
2024-11-14 08:54:24,102 - INFO - Processing rows 5575 to 5600 for swaps, peptide GILGFVFTL, weight CDR3b
2024-11-14 08:54:33,826 - INFO - Processing rows 5600 to 5625 for swaps, peptide GILGFVFTL, weight CDR3b
2024-11-14 08:54:42,934 - INFO - Processing rows 5625 to 5650 for swaps, peptide GILGFVFTL, weight CDR3b
2024-11-14 08:54:51,528 - INFO - Processing rows 5650 to 5675 for swaps, peptide GILGFVFTL, weight CDR3b
2024-11-14 08:55:00,255 - INFO - Processing rows 5675 to 5700 for swaps, peptide GILGFVFTL, weight CDR3b
2024-11-14 08:55:10,223 - INFO - Processing rows 5700 to 5725 for swaps, peptide GILGFVFTL, weight CDR3b
2024-11-14 08:55:18,893 - INFO - Processing rows 5725 to 5750 for swaps, peptide GILGFVFTL, weight CDR3b
2024-11-14 08:55:27,995 - INFO - Processing rows 5750 to 5775 for swaps, peptide GILGFVFTL, weight CDR3b
2024-11-14 08:55:37,070 - INFO - Processing rows 5775 to 5800 for swaps, peptide GILGFVFTL, weight CDR3b
2024-11-14 08:55:45,993 - INFO - Processing rows 5800 to 5825 for swaps, peptide GILGFVFTL, weight CDR3b
2024-11-14 08:55:54,458 - INFO - Processing rows 5825 to 5850 for swaps, peptide GILGFVFTL, weight CDR3b
2024-11-14 08:56:03,455 - INFO - Processing rows 5850 to 5875 for swaps, peptide GILGFVFTL, weight CDR3b
2024-11-14 08:56:13,305 - INFO - Processing rows 5875 to 5900 for swaps, peptide GILGFVFTL, weight CDR3b
2024-11-14 08:56:22,266 - INFO - Processing rows 5900 to 5925 for swaps, peptide GILGFVFTL, weight CDR3b
2024-11-14 08:56:30,790 - INFO - Processing rows 5925 to 5950 for swaps, peptide GILGFVFTL, weight CDR3b
2024-11-14 08:56:40,300 - INFO - Processing rows 5950 to 5975 for swaps, peptide GILGFVFTL, weight CDR3b
2024-11-14 08:56:48,769 - INFO - Processing rows 5975 to 6000 for swaps, peptide GILGFVFTL, weight CDR3b
2024-11-14 08:56:57,289 - INFO - Processing rows 6000 to 6025 for swaps, peptide GILGFVFTL, weight CDR3b
2024-11-14 08:57:06,279 - INFO - Processing rows 6025 to 6050 for swaps, peptide GILGFVFTL, weight CDR3b
2024-11-14 08:57:15,800 - INFO - Processing rows 6050 to 6075 for swaps, peptide GILGFVFTL, weight CDR3b
2024-11-14 08:57:24,331 - INFO - Processing rows 6075 to 6100 for swaps, peptide GILGFVFTL, weight CDR3b
2024-11-14 08:57:33,253 - INFO - Processing rows 6100 to 6125 for swaps, peptide GILGFVFTL, weight CDR3b
2024-11-14 08:57:41,783 - INFO - Processing rows 6125 to 6150 for swaps, peptide GILGFVFTL, weight CDR3b
2024-11-14 08:57:52,405 - INFO - Processing rows 6150 to 6175 for swaps, peptide GILGFVFTL, weight CDR3b
2024-11-14 08:58:01,064 - INFO - Processing rows 6175 to 6200 for swaps, peptide GILGFVFTL, weight CDR3b
2024-11-14 08:58:09,695 - INFO - Processing rows 6200 to 6225 for swaps, peptide GILGFVFTL, weight CDR3b
2024-11-14 08:58:19,354 - INFO - Processing rows 6225 to 6250 for swaps, peptide GILGFVFTL, weight CDR3b
2024-11-14 08:58:29,413 - INFO - Processing rows 6250 to 6275 for swaps, peptide GILGFVFTL, weight CDR3b
2024-11-14 08:58:39,093 - INFO - Processing rows 6275 to 6300 for swaps, peptide GILGFVFTL, weight CDR3b
2024-11-14 08:58:49,177 - INFO - Processing rows 6300 to 6325 for swaps, peptide GILGFVFTL, weight CDR3b
2024-11-14 08:58:58,268 - INFO - Processing rows 6325 to 6350 for swaps, peptide GILGFVFTL, weight CDR3b
2024-11-14 08:59:07,418 - INFO - Processing rows 6350 to 6375 for swaps, peptide GILGFVFTL, weight CDR3b
2024-11-14 08:59:16,616 - INFO - Processing rows 6375 to 6400 for swaps, peptide GILGFVFTL, weight CDR3b
2024-11-14 08:59:26,685 - INFO - Processing rows 6400 to 6425 for swaps, peptide GILGFVFTL, weight CDR3b
2024-11-14 08:59:36,385 - INFO - Processing rows 6425 to 6450 for swaps, peptide GILGFVFTL, weight CDR3b
2024-11-14 08:59:45,137 - INFO - Processing rows 6450 to 6475 for swaps, peptide GILGFVFTL, weight CDR3b
2024-11-14 08:59:54,273 - INFO - Processing rows 6475 to 6500 for swaps, peptide GILGFVFTL, weight CDR3b
2024-11-14 09:00:02,898 - INFO - Processing rows 6500 to 6525 for swaps, peptide GILGFVFTL, weight CDR3b
2024-11-14 09:00:12,054 - INFO - Processing rows 6525 to 6550 for swaps, peptide GILGFVFTL, weight CDR3b
2024-11-14 09:00:21,116 - INFO - Processing rows 6550 to 6575 for swaps, peptide GILGFVFTL, weight CDR3b
2024-11-14 09:00:30,196 - INFO - Processing rows 6575 to 6600 for swaps, peptide GILGFVFTL, weight CDR3b
2024-11-14 09:00:39,267 - INFO - Processing rows 6600 to 6625 for swaps, peptide GILGFVFTL, weight CDR3b
2024-11-14 09:00:48,896 - INFO - Processing rows 6625 to 6650 for swaps, peptide GILGFVFTL, weight CDR3b
2024-11-14 09:00:57,515 - INFO - Processing rows 6650 to 6675 for swaps, peptide GILGFVFTL, weight CDR3b
2024-11-14 09:01:06,699 - INFO - Processing rows 6675 to 6700 for swaps, peptide GILGFVFTL, weight CDR3b
2024-11-14 09:01:15,781 - INFO - Processing rows 6700 to 6725 for swaps, peptide GILGFVFTL, weight CDR3b
2024-11-14 09:01:25,462 - INFO - Processing rows 6725 to 6750 for swaps, peptide GILGFVFTL, weight CDR3b
2024-11-14 09:01:34,600 - INFO - Processing rows 6750 to 6775 for swaps, peptide GILGFVFTL, weight CDR3b
2024-11-14 09:01:42,716 - INFO - Processing rows 6775 to 6800 for swaps, peptide GILGFVFTL, weight CDR3b
2024-11-14 09:01:51,777 - INFO - Processing rows 6800 to 6825 for swaps, peptide GILGFVFTL, weight CDR3b
2024-11-14 09:02:01,471 - INFO - Processing rows 6825 to 6850 for swaps, peptide GILGFVFTL, weight CDR3b
2024-11-14 09:02:11,003 - INFO - Processing rows 6850 to 6875 for swaps, peptide GILGFVFTL, weight CDR3b
2024-11-14 09:02:21,698 - INFO - Processing rows 6875 to 6900 for swaps, peptide GILGFVFTL, weight CDR3b
2024-11-14 09:02:30,859 - INFO - Processing rows 6900 to 6925 for swaps, peptide GILGFVFTL, weight CDR3b
2024-11-14 09:02:39,911 - INFO - Processing rows 6925 to 6950 for swaps, peptide GILGFVFTL, weight CDR3b
2024-11-14 09:02:48,404 - INFO - Processing rows 6950 to 6975 for swaps, peptide GILGFVFTL, weight CDR3b
2024-11-14 09:02:57,955 - INFO - Processing rows 6975 to 6990 for swaps, peptide GILGFVFTL, weight CDR3b
2024-11-14 09:03:03,732 - INFO - ESM finished.. Saving file...
2024-11-14 09:38:18,434 - INFO - Saved to /net/mimer/mnt/tank/projects2/emison/language_model/27th_Oct_new_matrices/04.11_new_esm/12.11/sequence_summed_vectors_swaps_GILGFVFTL_CDR3b.csv
