2024-11-13 19:14:22,224 - INFO - Loading and filtering dataset for peptide GILGFVFTL
2024-11-13 19:14:30,041 - INFO - Processing dataset for peptide GILGFVFTL with weight CDR3b
2024-11-13 19:14:30,172 - INFO - Processing rows 0 to 25 for binders, peptide GILGFVFTL, weight CDR3b
2024-11-13 19:14:48,206 - INFO - Processing rows 25 to 50 for binders, peptide GILGFVFTL, weight CDR3b
2024-11-13 19:15:05,187 - INFO - Processing rows 50 to 75 for binders, peptide GILGFVFTL, weight CDR3b
2024-11-13 19:15:21,293 - INFO - Processing rows 75 to 100 for binders, peptide GILGFVFTL, weight CDR3b
2024-11-13 19:15:37,482 - INFO - Processing rows 100 to 125 for binders, peptide GILGFVFTL, weight CDR3b
2024-11-13 19:15:54,585 - INFO - Processing rows 125 to 150 for binders, peptide GILGFVFTL, weight CDR3b
2024-11-13 19:16:09,479 - INFO - Processing rows 150 to 175 for binders, peptide GILGFVFTL, weight CDR3b
2024-11-13 19:16:27,177 - INFO - Processing rows 175 to 200 for binders, peptide GILGFVFTL, weight CDR3b
2024-11-13 19:16:44,854 - INFO - Processing rows 200 to 225 for binders, peptide GILGFVFTL, weight CDR3b
2024-11-13 19:17:03,445 - INFO - Processing rows 225 to 250 for binders, peptide GILGFVFTL, weight CDR3b
2024-11-13 19:17:20,418 - INFO - Processing rows 250 to 275 for binders, peptide GILGFVFTL, weight CDR3b
2024-11-13 19:17:36,342 - INFO - Processing rows 275 to 300 for binders, peptide GILGFVFTL, weight CDR3b
2024-11-13 19:17:52,299 - INFO - Processing rows 300 to 325 for binders, peptide GILGFVFTL, weight CDR3b
2024-11-13 19:18:08,278 - INFO - Processing rows 325 to 350 for binders, peptide GILGFVFTL, weight CDR3b
2024-11-13 19:18:24,263 - INFO - Processing rows 350 to 375 for binders, peptide GILGFVFTL, weight CDR3b
2024-11-13 19:18:41,908 - INFO - Processing rows 375 to 400 for binders, peptide GILGFVFTL, weight CDR3b
2024-11-13 19:19:01,447 - INFO - Processing rows 400 to 425 for binders, peptide GILGFVFTL, weight CDR3b
2024-11-13 19:19:16,352 - INFO - Processing rows 425 to 450 for binders, peptide GILGFVFTL, weight CDR3b
2024-11-13 19:19:32,331 - INFO - Processing rows 450 to 475 for binders, peptide GILGFVFTL, weight CDR3b
2024-11-13 19:19:47,177 - INFO - Processing rows 475 to 500 for binders, peptide GILGFVFTL, weight CDR3b
2024-11-13 19:20:03,160 - INFO - Processing rows 500 to 525 for binders, peptide GILGFVFTL, weight CDR3b
2024-11-13 19:20:19,100 - INFO - Processing rows 525 to 550 for binders, peptide GILGFVFTL, weight CDR3b
2024-11-13 19:20:34,021 - INFO - Processing rows 550 to 575 for binders, peptide GILGFVFTL, weight CDR3b
2024-11-13 19:20:52,015 - INFO - Processing rows 575 to 600 for binders, peptide GILGFVFTL, weight CDR3b
2024-11-13 19:21:08,924 - INFO - Processing rows 600 to 625 for binders, peptide GILGFVFTL, weight CDR3b
2024-11-13 19:21:27,941 - INFO - Processing rows 625 to 650 for binders, peptide GILGFVFTL, weight CDR3b
2024-11-13 19:21:53,394 - INFO - Processing rows 650 to 675 for binders, peptide GILGFVFTL, weight CDR3b
2024-11-13 19:22:10,197 - INFO - Processing rows 675 to 700 for binders, peptide GILGFVFTL, weight CDR3b
2024-11-13 19:22:25,413 - INFO - Processing rows 700 to 725 for binders, peptide GILGFVFTL, weight CDR3b
2024-11-13 19:22:42,098 - INFO - Processing rows 725 to 750 for binders, peptide GILGFVFTL, weight CDR3b
2024-11-13 19:22:57,184 - INFO - Processing rows 750 to 775 for binders, peptide GILGFVFTL, weight CDR3b
2024-11-13 19:23:12,939 - INFO - Processing rows 775 to 800 for binders, peptide GILGFVFTL, weight CDR3b
2024-11-13 19:23:28,692 - INFO - Processing rows 800 to 825 for binders, peptide GILGFVFTL, weight CDR3b
2024-11-13 19:23:43,624 - INFO - Processing rows 825 to 850 for binders, peptide GILGFVFTL, weight CDR3b
2024-11-13 19:24:00,483 - INFO - Processing rows 850 to 875 for binders, peptide GILGFVFTL, weight CDR3b
2024-11-13 19:24:15,601 - INFO - Processing rows 875 to 900 for binders, peptide GILGFVFTL, weight CDR3b
2024-11-13 19:24:31,564 - INFO - Processing rows 900 to 925 for binders, peptide GILGFVFTL, weight CDR3b
2024-11-13 19:24:48,376 - INFO - Processing rows 925 to 950 for binders, peptide GILGFVFTL, weight CDR3b
2024-11-13 19:25:03,403 - INFO - Processing rows 950 to 975 for binders, peptide GILGFVFTL, weight CDR3b
2024-11-13 19:25:18,468 - INFO - Processing rows 975 to 1000 for binders, peptide GILGFVFTL, weight CDR3b
2024-11-13 19:25:32,571 - INFO - Processing rows 1000 to 1025 for binders, peptide GILGFVFTL, weight CDR3b
2024-11-13 19:25:49,308 - INFO - Processing rows 1025 to 1050 for binders, peptide GILGFVFTL, weight CDR3b
2024-11-13 19:26:05,285 - INFO - Processing rows 1050 to 1075 for binders, peptide GILGFVFTL, weight CDR3b
2024-11-13 19:26:20,457 - INFO - Processing rows 1075 to 1100 for binders, peptide GILGFVFTL, weight CDR3b
2024-11-13 19:26:36,377 - INFO - Processing rows 1100 to 1125 for binders, peptide GILGFVFTL, weight CDR3b
2024-11-13 19:26:51,454 - INFO - Processing rows 1125 to 1150 for binders, peptide GILGFVFTL, weight CDR3b
2024-11-13 19:27:06,595 - INFO - Processing rows 1150 to 1165 for binders, peptide GILGFVFTL, weight CDR3b
Traceback (most recent call last):
  File "/net/mimer/mnt/tank/projects2/emison/language_model/27th_Oct_new_matrices/04.11_new_esm/12.11/run_esm_binders.py", line 90, in <module>
    process_sequences(df_filtered, peptide, weight, "binders")
  File "/net/mimer/mnt/tank/projects2/emison/language_model/27th_Oct_new_matrices/04.11_new_esm/12.11/run_esm_binders.py", line 82, in process_sequences
    output_df.insert(0, "raw_index", raw_indexes)
  File "/home/projects2/emison/language_model/miniconda3/envs/esm2_emison/lib/python3.12/site-packages/pandas/core/frame.py", line 5171, in insert
    value, refs = self._sanitize_column(value)
                  ^^^^^^^^^^^^^^^^^^^^^^^^^^^^
  File "/home/projects2/emison/language_model/miniconda3/envs/esm2_emison/lib/python3.12/site-packages/pandas/core/frame.py", line 5266, in _sanitize_column
    com.require_length_match(value, self.index)
  File "/home/projects2/emison/language_model/miniconda3/envs/esm2_emison/lib/python3.12/site-packages/pandas/core/common.py", line 573, in require_length_match
    raise ValueError(
ValueError: Length of values (1165) does not match length of index (15)
