2024-11-13 19:18:22,633 - INFO - Loading and filtering dataset for peptide GILGFVFTL
2024-11-13 19:18:23,574 - INFO - Processing dataset for peptide GILGFVFTL with weight CDR1a
2024-11-13 19:18:23,577 - INFO - Processing rows 0 to 25 for swaps, peptide GILGFVFTL, weight CDR1a
2024-11-13 19:18:40,573 - INFO - Processing rows 25 to 50 for swaps, peptide GILGFVFTL, weight CDR1a
2024-11-13 19:18:57,733 - INFO - Processing rows 50 to 75 for swaps, peptide GILGFVFTL, weight CDR1a
2024-11-13 19:19:14,923 - INFO - Processing rows 75 to 100 for swaps, peptide GILGFVFTL, weight CDR1a
2024-11-13 19:19:31,910 - INFO - Processing rows 100 to 125 for swaps, peptide GILGFVFTL, weight CDR1a
2024-11-13 19:19:48,927 - INFO - Processing rows 125 to 150 for swaps, peptide GILGFVFTL, weight CDR1a
2024-11-13 19:20:05,987 - INFO - Processing rows 150 to 175 for swaps, peptide GILGFVFTL, weight CDR1a
2024-11-13 19:20:22,960 - INFO - Processing rows 175 to 200 for swaps, peptide GILGFVFTL, weight CDR1a
2024-11-13 19:20:39,979 - INFO - Processing rows 200 to 225 for swaps, peptide GILGFVFTL, weight CDR1a
2024-11-13 19:20:54,991 - INFO - Processing rows 225 to 250 for swaps, peptide GILGFVFTL, weight CDR1a
2024-11-13 19:21:11,981 - INFO - Processing rows 250 to 275 for swaps, peptide GILGFVFTL, weight CDR1a
2024-11-13 19:21:28,968 - INFO - Processing rows 275 to 300 for swaps, peptide GILGFVFTL, weight CDR1a
2024-11-13 19:21:45,977 - INFO - Processing rows 300 to 325 for swaps, peptide GILGFVFTL, weight CDR1a
2024-11-13 19:22:02,916 - INFO - Processing rows 325 to 350 for swaps, peptide GILGFVFTL, weight CDR1a
2024-11-13 19:22:19,910 - INFO - Processing rows 350 to 375 for swaps, peptide GILGFVFTL, weight CDR1a
2024-11-13 19:22:36,877 - INFO - Processing rows 375 to 400 for swaps, peptide GILGFVFTL, weight CDR1a
2024-11-13 19:22:53,891 - INFO - Processing rows 400 to 425 for swaps, peptide GILGFVFTL, weight CDR1a
2024-11-13 19:23:10,821 - INFO - Processing rows 425 to 450 for swaps, peptide GILGFVFTL, weight CDR1a
2024-11-13 19:23:27,811 - INFO - Processing rows 450 to 475 for swaps, peptide GILGFVFTL, weight CDR1a
2024-11-13 19:23:44,840 - INFO - Processing rows 475 to 500 for swaps, peptide GILGFVFTL, weight CDR1a
2024-11-13 19:24:01,795 - INFO - Processing rows 500 to 525 for swaps, peptide GILGFVFTL, weight CDR1a
2024-11-13 19:24:18,719 - INFO - Processing rows 525 to 550 for swaps, peptide GILGFVFTL, weight CDR1a
2024-11-13 19:24:35,779 - INFO - Processing rows 550 to 575 for swaps, peptide GILGFVFTL, weight CDR1a
2024-11-13 19:24:52,785 - INFO - Processing rows 575 to 600 for swaps, peptide GILGFVFTL, weight CDR1a
2024-11-13 19:25:09,727 - INFO - Processing rows 600 to 625 for swaps, peptide GILGFVFTL, weight CDR1a
2024-11-13 19:25:26,653 - INFO - Processing rows 625 to 650 for swaps, peptide GILGFVFTL, weight CDR1a
2024-11-13 19:25:43,613 - INFO - Processing rows 650 to 675 for swaps, peptide GILGFVFTL, weight CDR1a
2024-11-13 19:26:00,355 - INFO - Processing rows 675 to 700 for swaps, peptide GILGFVFTL, weight CDR1a
2024-11-13 19:26:17,105 - INFO - Processing rows 700 to 725 for swaps, peptide GILGFVFTL, weight CDR1a
2024-11-13 19:26:33,857 - INFO - Processing rows 725 to 750 for swaps, peptide GILGFVFTL, weight CDR1a
2024-11-13 19:26:50,620 - INFO - Processing rows 750 to 775 for swaps, peptide GILGFVFTL, weight CDR1a
2024-11-13 19:27:07,416 - INFO - Processing rows 775 to 800 for swaps, peptide GILGFVFTL, weight CDR1a
2024-11-13 19:27:24,379 - INFO - Processing rows 800 to 825 for swaps, peptide GILGFVFTL, weight CDR1a
2024-11-13 19:27:41,375 - INFO - Processing rows 825 to 850 for swaps, peptide GILGFVFTL, weight CDR1a
2024-11-13 19:27:58,323 - INFO - Processing rows 850 to 875 for swaps, peptide GILGFVFTL, weight CDR1a
2024-11-13 19:28:15,301 - INFO - Processing rows 875 to 900 for swaps, peptide GILGFVFTL, weight CDR1a
2024-11-13 19:28:32,331 - INFO - Processing rows 900 to 925 for swaps, peptide GILGFVFTL, weight CDR1a
2024-11-13 19:28:49,280 - INFO - Processing rows 925 to 950 for swaps, peptide GILGFVFTL, weight CDR1a
2024-11-13 19:29:06,224 - INFO - Processing rows 950 to 975 for swaps, peptide GILGFVFTL, weight CDR1a
2024-11-13 19:29:23,258 - INFO - Processing rows 975 to 1000 for swaps, peptide GILGFVFTL, weight CDR1a
2024-11-13 19:29:40,258 - INFO - Processing rows 1000 to 1025 for swaps, peptide GILGFVFTL, weight CDR1a
2024-11-13 19:29:57,188 - INFO - Processing rows 1025 to 1050 for swaps, peptide GILGFVFTL, weight CDR1a
2024-11-13 19:30:14,128 - INFO - Processing rows 1050 to 1075 for swaps, peptide GILGFVFTL, weight CDR1a
2024-11-13 19:30:31,066 - INFO - Processing rows 1075 to 1100 for swaps, peptide GILGFVFTL, weight CDR1a
2024-11-13 19:30:47,819 - INFO - Processing rows 1100 to 1125 for swaps, peptide GILGFVFTL, weight CDR1a
2024-11-13 19:31:04,568 - INFO - Processing rows 1125 to 1150 for swaps, peptide GILGFVFTL, weight CDR1a
2024-11-13 19:31:21,319 - INFO - Processing rows 1150 to 1175 for swaps, peptide GILGFVFTL, weight CDR1a
2024-11-13 19:31:38,071 - INFO - Processing rows 1175 to 1200 for swaps, peptide GILGFVFTL, weight CDR1a
2024-11-13 19:31:52,867 - INFO - Processing rows 1200 to 1225 for swaps, peptide GILGFVFTL, weight CDR1a
2024-11-13 19:32:09,772 - INFO - Processing rows 1225 to 1250 for swaps, peptide GILGFVFTL, weight CDR1a
2024-11-13 19:32:26,715 - INFO - Processing rows 1250 to 1275 for swaps, peptide GILGFVFTL, weight CDR1a
2024-11-13 19:32:43,654 - INFO - Processing rows 1275 to 1300 for swaps, peptide GILGFVFTL, weight CDR1a
2024-11-13 19:33:00,670 - INFO - Processing rows 1300 to 1325 for swaps, peptide GILGFVFTL, weight CDR1a
2024-11-13 19:33:17,676 - INFO - Processing rows 1325 to 1350 for swaps, peptide GILGFVFTL, weight CDR1a
2024-11-13 19:33:34,610 - INFO - Processing rows 1350 to 1375 for swaps, peptide GILGFVFTL, weight CDR1a
2024-11-13 19:33:49,586 - INFO - Processing rows 1375 to 1400 for swaps, peptide GILGFVFTL, weight CDR1a
2024-11-13 19:34:06,574 - INFO - Processing rows 1400 to 1425 for swaps, peptide GILGFVFTL, weight CDR1a
2024-11-13 19:34:23,487 - INFO - Processing rows 1425 to 1450 for swaps, peptide GILGFVFTL, weight CDR1a
2024-11-13 19:34:40,235 - INFO - Processing rows 1450 to 1475 for swaps, peptide GILGFVFTL, weight CDR1a
2024-11-13 19:34:56,974 - INFO - Processing rows 1475 to 1500 for swaps, peptide GILGFVFTL, weight CDR1a
2024-11-13 19:35:13,752 - INFO - Processing rows 1500 to 1525 for swaps, peptide GILGFVFTL, weight CDR1a
2024-11-13 19:35:30,498 - INFO - Processing rows 1525 to 1550 for swaps, peptide GILGFVFTL, weight CDR1a
2024-11-13 19:35:47,319 - INFO - Processing rows 1550 to 1575 for swaps, peptide GILGFVFTL, weight CDR1a
2024-11-13 19:36:04,312 - INFO - Processing rows 1575 to 1600 for swaps, peptide GILGFVFTL, weight CDR1a
2024-11-13 19:36:21,272 - INFO - Processing rows 1600 to 1625 for swaps, peptide GILGFVFTL, weight CDR1a
2024-11-13 19:36:38,210 - INFO - Processing rows 1625 to 1650 for swaps, peptide GILGFVFTL, weight CDR1a
2024-11-13 19:36:55,220 - INFO - Processing rows 1650 to 1675 for swaps, peptide GILGFVFTL, weight CDR1a
2024-11-13 19:37:12,231 - INFO - Processing rows 1675 to 1700 for swaps, peptide GILGFVFTL, weight CDR1a
2024-11-13 19:37:29,171 - INFO - Processing rows 1700 to 1725 for swaps, peptide GILGFVFTL, weight CDR1a
2024-11-13 19:37:46,099 - INFO - Processing rows 1725 to 1750 for swaps, peptide GILGFVFTL, weight CDR1a
2024-11-13 19:38:03,046 - INFO - Processing rows 1750 to 1775 for swaps, peptide GILGFVFTL, weight CDR1a
2024-11-13 19:38:19,793 - INFO - Processing rows 1775 to 1800 for swaps, peptide GILGFVFTL, weight CDR1a
2024-11-13 19:38:36,546 - INFO - Processing rows 1800 to 1825 for swaps, peptide GILGFVFTL, weight CDR1a
2024-11-13 19:38:53,292 - INFO - Processing rows 1825 to 1850 for swaps, peptide GILGFVFTL, weight CDR1a
2024-11-13 19:39:10,044 - INFO - Processing rows 1850 to 1875 for swaps, peptide GILGFVFTL, weight CDR1a
2024-11-13 19:39:26,791 - INFO - Processing rows 1875 to 1900 for swaps, peptide GILGFVFTL, weight CDR1a
2024-11-13 19:39:43,691 - INFO - Processing rows 1900 to 1925 for swaps, peptide GILGFVFTL, weight CDR1a
2024-11-13 19:40:00,627 - INFO - Processing rows 1925 to 1950 for swaps, peptide GILGFVFTL, weight CDR1a
2024-11-13 19:40:17,611 - INFO - Processing rows 1950 to 1975 for swaps, peptide GILGFVFTL, weight CDR1a
2024-11-13 19:40:34,587 - INFO - Processing rows 1975 to 2000 for swaps, peptide GILGFVFTL, weight CDR1a
2024-11-13 19:40:51,617 - INFO - Processing rows 2000 to 2025 for swaps, peptide GILGFVFTL, weight CDR1a
2024-11-13 19:41:08,585 - INFO - Processing rows 2025 to 2050 for swaps, peptide GILGFVFTL, weight CDR1a
2024-11-13 19:41:25,605 - INFO - Processing rows 2050 to 2075 for swaps, peptide GILGFVFTL, weight CDR1a
2024-11-13 19:41:42,531 - INFO - Processing rows 2075 to 2100 for swaps, peptide GILGFVFTL, weight CDR1a
2024-11-13 19:41:59,388 - INFO - Processing rows 2100 to 2125 for swaps, peptide GILGFVFTL, weight CDR1a
2024-11-13 19:42:16,143 - INFO - Processing rows 2125 to 2150 for swaps, peptide GILGFVFTL, weight CDR1a
2024-11-13 19:42:32,892 - INFO - Processing rows 2150 to 2175 for swaps, peptide GILGFVFTL, weight CDR1a
2024-11-13 19:42:49,648 - INFO - Processing rows 2175 to 2200 for swaps, peptide GILGFVFTL, weight CDR1a
2024-11-13 19:43:06,403 - INFO - Processing rows 2200 to 2225 for swaps, peptide GILGFVFTL, weight CDR1a
2024-11-13 19:43:23,151 - INFO - Processing rows 2225 to 2250 for swaps, peptide GILGFVFTL, weight CDR1a
2024-11-13 19:43:39,905 - INFO - Processing rows 2250 to 2275 for swaps, peptide GILGFVFTL, weight CDR1a
2024-11-13 19:43:56,873 - INFO - Processing rows 2275 to 2300 for swaps, peptide GILGFVFTL, weight CDR1a
2024-11-13 19:44:13,826 - INFO - Processing rows 2300 to 2325 for swaps, peptide GILGFVFTL, weight CDR1a
2024-11-13 19:44:30,755 - INFO - Processing rows 2325 to 2350 for swaps, peptide GILGFVFTL, weight CDR1a
2024-11-13 19:44:47,739 - INFO - Processing rows 2350 to 2375 for swaps, peptide GILGFVFTL, weight CDR1a
2024-11-13 19:45:04,778 - INFO - Processing rows 2375 to 2400 for swaps, peptide GILGFVFTL, weight CDR1a
2024-11-13 19:45:21,719 - INFO - Processing rows 2400 to 2425 for swaps, peptide GILGFVFTL, weight CDR1a
2024-11-13 19:45:38,682 - INFO - Processing rows 2425 to 2450 for swaps, peptide GILGFVFTL, weight CDR1a
2024-11-13 19:45:55,734 - INFO - Processing rows 2450 to 2475 for swaps, peptide GILGFVFTL, weight CDR1a
2024-11-13 19:46:12,706 - INFO - Processing rows 2475 to 2500 for swaps, peptide GILGFVFTL, weight CDR1a
2024-11-13 19:46:29,641 - INFO - Processing rows 2500 to 2525 for swaps, peptide GILGFVFTL, weight CDR1a
2024-11-13 19:46:46,653 - INFO - Processing rows 2525 to 2550 for swaps, peptide GILGFVFTL, weight CDR1a
2024-11-13 19:47:03,662 - INFO - Processing rows 2550 to 2575 for swaps, peptide GILGFVFTL, weight CDR1a
2024-11-13 19:47:20,624 - INFO - Processing rows 2575 to 2600 for swaps, peptide GILGFVFTL, weight CDR1a
2024-11-13 19:47:37,566 - INFO - Processing rows 2600 to 2625 for swaps, peptide GILGFVFTL, weight CDR1a
2024-11-13 19:47:54,577 - INFO - Processing rows 2625 to 2650 for swaps, peptide GILGFVFTL, weight CDR1a
2024-11-13 19:48:11,558 - INFO - Processing rows 2650 to 2675 for swaps, peptide GILGFVFTL, weight CDR1a
2024-11-13 19:48:28,519 - INFO - Processing rows 2675 to 2700 for swaps, peptide GILGFVFTL, weight CDR1a
2024-11-13 19:48:45,519 - INFO - Processing rows 2700 to 2725 for swaps, peptide GILGFVFTL, weight CDR1a
2024-11-13 19:49:02,471 - INFO - Processing rows 2725 to 2750 for swaps, peptide GILGFVFTL, weight CDR1a
2024-11-13 19:49:19,447 - INFO - Processing rows 2750 to 2775 for swaps, peptide GILGFVFTL, weight CDR1a
2024-11-13 19:49:36,431 - INFO - Processing rows 2775 to 2800 for swaps, peptide GILGFVFTL, weight CDR1a
2024-11-13 19:49:53,439 - INFO - Processing rows 2800 to 2825 for swaps, peptide GILGFVFTL, weight CDR1a
2024-11-13 19:50:10,381 - INFO - Processing rows 2825 to 2850 for swaps, peptide GILGFVFTL, weight CDR1a
2024-11-13 19:50:27,386 - INFO - Processing rows 2850 to 2875 for swaps, peptide GILGFVFTL, weight CDR1a
2024-11-13 19:50:44,408 - INFO - Processing rows 2875 to 2900 for swaps, peptide GILGFVFTL, weight CDR1a
2024-11-13 19:51:01,361 - INFO - Processing rows 2900 to 2925 for swaps, peptide GILGFVFTL, weight CDR1a
2024-11-13 19:51:18,290 - INFO - Processing rows 2925 to 2950 for swaps, peptide GILGFVFTL, weight CDR1a
2024-11-13 19:51:35,318 - INFO - Processing rows 2950 to 2975 for swaps, peptide GILGFVFTL, weight CDR1a
2024-11-13 19:51:52,322 - INFO - Processing rows 2975 to 3000 for swaps, peptide GILGFVFTL, weight CDR1a
2024-11-13 19:52:09,260 - INFO - Processing rows 3000 to 3025 for swaps, peptide GILGFVFTL, weight CDR1a
2024-11-13 19:52:26,189 - INFO - Processing rows 3025 to 3050 for swaps, peptide GILGFVFTL, weight CDR1a
2024-11-13 19:52:43,140 - INFO - Processing rows 3050 to 3075 for swaps, peptide GILGFVFTL, weight CDR1a
2024-11-13 19:52:59,905 - INFO - Processing rows 3075 to 3100 for swaps, peptide GILGFVFTL, weight CDR1a
2024-11-13 19:53:16,657 - INFO - Processing rows 3100 to 3125 for swaps, peptide GILGFVFTL, weight CDR1a
2024-11-13 19:53:33,404 - INFO - Processing rows 3125 to 3150 for swaps, peptide GILGFVFTL, weight CDR1a
2024-11-13 19:53:50,162 - INFO - Processing rows 3150 to 3175 for swaps, peptide GILGFVFTL, weight CDR1a
2024-11-13 19:54:06,960 - INFO - Processing rows 3175 to 3200 for swaps, peptide GILGFVFTL, weight CDR1a
2024-11-13 19:54:23,914 - INFO - Processing rows 3200 to 3225 for swaps, peptide GILGFVFTL, weight CDR1a
2024-11-13 19:54:40,915 - INFO - Processing rows 3225 to 3250 for swaps, peptide GILGFVFTL, weight CDR1a
2024-11-13 19:54:57,849 - INFO - Processing rows 3250 to 3275 for swaps, peptide GILGFVFTL, weight CDR1a
2024-11-13 19:55:14,822 - INFO - Processing rows 3275 to 3300 for swaps, peptide GILGFVFTL, weight CDR1a
2024-11-13 19:55:31,858 - INFO - Processing rows 3300 to 3325 for swaps, peptide GILGFVFTL, weight CDR1a
2024-11-13 19:55:48,811 - INFO - Processing rows 3325 to 3350 for swaps, peptide GILGFVFTL, weight CDR1a
2024-11-13 19:56:05,746 - INFO - Processing rows 3350 to 3375 for swaps, peptide GILGFVFTL, weight CDR1a
2024-11-13 19:56:22,768 - INFO - Processing rows 3375 to 3400 for swaps, peptide GILGFVFTL, weight CDR1a
2024-11-13 19:56:39,773 - INFO - Processing rows 3400 to 3425 for swaps, peptide GILGFVFTL, weight CDR1a
2024-11-13 19:56:56,701 - INFO - Processing rows 3425 to 3450 for swaps, peptide GILGFVFTL, weight CDR1a
2024-11-13 19:57:13,635 - INFO - Processing rows 3450 to 3475 for swaps, peptide GILGFVFTL, weight CDR1a
2024-11-13 19:57:30,575 - INFO - Processing rows 3475 to 3500 for swaps, peptide GILGFVFTL, weight CDR1a
2024-11-13 19:57:47,327 - INFO - Processing rows 3500 to 3525 for swaps, peptide GILGFVFTL, weight CDR1a
2024-11-13 19:58:04,077 - INFO - Processing rows 3525 to 3550 for swaps, peptide GILGFVFTL, weight CDR1a
2024-11-13 19:58:20,830 - INFO - Processing rows 3550 to 3575 for swaps, peptide GILGFVFTL, weight CDR1a
2024-11-13 19:58:37,577 - INFO - Processing rows 3575 to 3600 for swaps, peptide GILGFVFTL, weight CDR1a
2024-11-13 19:58:54,383 - INFO - Processing rows 3600 to 3625 for swaps, peptide GILGFVFTL, weight CDR1a
2024-11-13 19:59:11,332 - INFO - Processing rows 3625 to 3650 for swaps, peptide GILGFVFTL, weight CDR1a
2024-11-13 19:59:28,340 - INFO - Processing rows 3650 to 3675 for swaps, peptide GILGFVFTL, weight CDR1a
2024-11-13 19:59:45,270 - INFO - Processing rows 3675 to 3700 for swaps, peptide GILGFVFTL, weight CDR1a
2024-11-13 20:00:02,257 - INFO - Processing rows 3700 to 3725 for swaps, peptide GILGFVFTL, weight CDR1a
2024-11-13 20:00:19,284 - INFO - Processing rows 3725 to 3750 for swaps, peptide GILGFVFTL, weight CDR1a
2024-11-13 20:00:36,233 - INFO - Processing rows 3750 to 3775 for swaps, peptide GILGFVFTL, weight CDR1a
2024-11-13 20:00:53,173 - INFO - Processing rows 3775 to 3800 for swaps, peptide GILGFVFTL, weight CDR1a
2024-11-13 20:01:10,230 - INFO - Processing rows 3800 to 3825 for swaps, peptide GILGFVFTL, weight CDR1a
2024-11-13 20:01:27,222 - INFO - Processing rows 3825 to 3850 for swaps, peptide GILGFVFTL, weight CDR1a
2024-11-13 20:01:44,152 - INFO - Processing rows 3850 to 3875 for swaps, peptide GILGFVFTL, weight CDR1a
2024-11-13 20:02:01,086 - INFO - Processing rows 3875 to 3900 for swaps, peptide GILGFVFTL, weight CDR1a
2024-11-13 20:02:18,031 - INFO - Processing rows 3900 to 3925 for swaps, peptide GILGFVFTL, weight CDR1a
2024-11-13 20:02:34,778 - INFO - Processing rows 3925 to 3950 for swaps, peptide GILGFVFTL, weight CDR1a
2024-11-13 20:02:51,529 - INFO - Processing rows 3950 to 3975 for swaps, peptide GILGFVFTL, weight CDR1a
2024-11-13 20:03:08,325 - INFO - Processing rows 3975 to 4000 for swaps, peptide GILGFVFTL, weight CDR1a
2024-11-13 20:03:25,273 - INFO - Processing rows 4000 to 4025 for swaps, peptide GILGFVFTL, weight CDR1a
2024-11-13 20:03:42,298 - INFO - Processing rows 4025 to 4050 for swaps, peptide GILGFVFTL, weight CDR1a
2024-11-13 20:03:59,251 - INFO - Processing rows 4050 to 4075 for swaps, peptide GILGFVFTL, weight CDR1a
2024-11-13 20:04:16,260 - INFO - Processing rows 4075 to 4100 for swaps, peptide GILGFVFTL, weight CDR1a
2024-11-13 20:04:33,262 - INFO - Processing rows 4100 to 4125 for swaps, peptide GILGFVFTL, weight CDR1a
2024-11-13 20:04:50,237 - INFO - Processing rows 4125 to 4150 for swaps, peptide GILGFVFTL, weight CDR1a
2024-11-13 20:05:07,200 - INFO - Processing rows 4150 to 4175 for swaps, peptide GILGFVFTL, weight CDR1a
2024-11-13 20:05:24,213 - INFO - Processing rows 4175 to 4200 for swaps, peptide GILGFVFTL, weight CDR1a
2024-11-13 20:05:41,241 - INFO - Processing rows 4200 to 4225 for swaps, peptide GILGFVFTL, weight CDR1a
2024-11-13 20:05:58,171 - INFO - Processing rows 4225 to 4250 for swaps, peptide GILGFVFTL, weight CDR1a
2024-11-13 20:06:15,108 - INFO - Processing rows 4250 to 4275 for swaps, peptide GILGFVFTL, weight CDR1a
2024-11-13 20:06:32,153 - INFO - Processing rows 4275 to 4300 for swaps, peptide GILGFVFTL, weight CDR1a
2024-11-13 20:06:49,133 - INFO - Processing rows 4300 to 4325 for swaps, peptide GILGFVFTL, weight CDR1a
2024-11-13 20:07:06,062 - INFO - Processing rows 4325 to 4350 for swaps, peptide GILGFVFTL, weight CDR1a
2024-11-13 20:07:23,022 - INFO - Processing rows 4350 to 4375 for swaps, peptide GILGFVFTL, weight CDR1a
2024-11-13 20:07:39,938 - INFO - Processing rows 4375 to 4400 for swaps, peptide GILGFVFTL, weight CDR1a
2024-11-13 20:07:56,692 - INFO - Processing rows 4400 to 4425 for swaps, peptide GILGFVFTL, weight CDR1a
2024-11-13 20:08:13,449 - INFO - Processing rows 4425 to 4450 for swaps, peptide GILGFVFTL, weight CDR1a
2024-11-13 20:08:30,222 - INFO - Processing rows 4450 to 4475 for swaps, peptide GILGFVFTL, weight CDR1a
2024-11-13 20:08:47,006 - INFO - Processing rows 4475 to 4500 for swaps, peptide GILGFVFTL, weight CDR1a
2024-11-13 20:09:03,749 - INFO - Processing rows 4500 to 4525 for swaps, peptide GILGFVFTL, weight CDR1a
2024-11-13 20:09:20,501 - INFO - Processing rows 4525 to 4550 for swaps, peptide GILGFVFTL, weight CDR1a
2024-11-13 20:09:37,301 - INFO - Processing rows 4550 to 4575 for swaps, peptide GILGFVFTL, weight CDR1a
2024-11-13 20:09:54,269 - INFO - Processing rows 4575 to 4600 for swaps, peptide GILGFVFTL, weight CDR1a
2024-11-13 20:10:11,270 - INFO - Processing rows 4600 to 4625 for swaps, peptide GILGFVFTL, weight CDR1a
2024-11-13 20:10:28,229 - INFO - Processing rows 4625 to 4650 for swaps, peptide GILGFVFTL, weight CDR1a
2024-11-13 20:10:45,309 - INFO - Processing rows 4650 to 4675 for swaps, peptide GILGFVFTL, weight CDR1a
2024-11-13 20:11:02,259 - INFO - Processing rows 4675 to 4700 for swaps, peptide GILGFVFTL, weight CDR1a
2024-11-13 20:11:19,249 - INFO - Processing rows 4700 to 4725 for swaps, peptide GILGFVFTL, weight CDR1a
2024-11-13 20:11:36,235 - INFO - Processing rows 4725 to 4750 for swaps, peptide GILGFVFTL, weight CDR1a
2024-11-13 20:11:53,101 - INFO - Processing rows 4750 to 4775 for swaps, peptide GILGFVFTL, weight CDR1a
2024-11-13 20:12:09,853 - INFO - Processing rows 4775 to 4800 for swaps, peptide GILGFVFTL, weight CDR1a
2024-11-13 20:12:26,599 - INFO - Processing rows 4800 to 4825 for swaps, peptide GILGFVFTL, weight CDR1a
2024-11-13 20:12:43,350 - INFO - Processing rows 4825 to 4850 for swaps, peptide GILGFVFTL, weight CDR1a
2024-11-13 20:13:00,139 - INFO - Processing rows 4850 to 4875 for swaps, peptide GILGFVFTL, weight CDR1a
2024-11-13 20:13:17,112 - INFO - Processing rows 4875 to 4900 for swaps, peptide GILGFVFTL, weight CDR1a
2024-11-13 20:13:34,123 - INFO - Processing rows 4900 to 4925 for swaps, peptide GILGFVFTL, weight CDR1a
2024-11-13 20:13:51,077 - INFO - Processing rows 4925 to 4950 for swaps, peptide GILGFVFTL, weight CDR1a
2024-11-13 20:14:08,167 - INFO - Processing rows 4950 to 4975 for swaps, peptide GILGFVFTL, weight CDR1a
2024-11-13 20:14:25,136 - INFO - Processing rows 4975 to 5000 for swaps, peptide GILGFVFTL, weight CDR1a
2024-11-13 20:14:42,131 - INFO - Processing rows 5000 to 5025 for swaps, peptide GILGFVFTL, weight CDR1a
2024-11-13 20:14:59,080 - INFO - Processing rows 5025 to 5050 for swaps, peptide GILGFVFTL, weight CDR1a
2024-11-13 20:15:15,937 - INFO - Processing rows 5050 to 5075 for swaps, peptide GILGFVFTL, weight CDR1a
2024-11-13 20:15:32,691 - INFO - Processing rows 5075 to 5100 for swaps, peptide GILGFVFTL, weight CDR1a
2024-11-13 20:15:49,437 - INFO - Processing rows 5100 to 5125 for swaps, peptide GILGFVFTL, weight CDR1a
2024-11-13 20:16:06,190 - INFO - Processing rows 5125 to 5150 for swaps, peptide GILGFVFTL, weight CDR1a
2024-11-13 20:16:22,992 - INFO - Processing rows 5150 to 5175 for swaps, peptide GILGFVFTL, weight CDR1a
2024-11-13 20:16:39,937 - INFO - Processing rows 5175 to 5200 for swaps, peptide GILGFVFTL, weight CDR1a
2024-11-13 20:16:56,950 - INFO - Processing rows 5200 to 5225 for swaps, peptide GILGFVFTL, weight CDR1a
2024-11-13 20:17:13,917 - INFO - Processing rows 5225 to 5250 for swaps, peptide GILGFVFTL, weight CDR1a
2024-11-13 20:17:31,013 - INFO - Processing rows 5250 to 5275 for swaps, peptide GILGFVFTL, weight CDR1a
2024-11-13 20:17:47,956 - INFO - Processing rows 5275 to 5300 for swaps, peptide GILGFVFTL, weight CDR1a
2024-11-13 20:18:04,972 - INFO - Processing rows 5300 to 5325 for swaps, peptide GILGFVFTL, weight CDR1a
2024-11-13 20:18:21,905 - INFO - Processing rows 5325 to 5350 for swaps, peptide GILGFVFTL, weight CDR1a
2024-11-13 20:18:38,755 - INFO - Processing rows 5350 to 5375 for swaps, peptide GILGFVFTL, weight CDR1a
2024-11-13 20:18:55,537 - INFO - Processing rows 5375 to 5400 for swaps, peptide GILGFVFTL, weight CDR1a
2024-11-13 20:19:12,294 - INFO - Processing rows 5400 to 5425 for swaps, peptide GILGFVFTL, weight CDR1a
2024-11-13 20:19:29,045 - INFO - Processing rows 5425 to 5450 for swaps, peptide GILGFVFTL, weight CDR1a
2024-11-13 20:19:45,792 - INFO - Processing rows 5450 to 5475 for swaps, peptide GILGFVFTL, weight CDR1a
2024-11-13 20:20:02,686 - INFO - Processing rows 5475 to 5500 for swaps, peptide GILGFVFTL, weight CDR1a
2024-11-13 20:20:19,621 - INFO - Processing rows 5500 to 5525 for swaps, peptide GILGFVFTL, weight CDR1a
2024-11-13 20:20:36,644 - INFO - Processing rows 5525 to 5550 for swaps, peptide GILGFVFTL, weight CDR1a
2024-11-13 20:20:53,571 - INFO - Processing rows 5550 to 5575 for swaps, peptide GILGFVFTL, weight CDR1a
2024-11-13 20:21:10,668 - INFO - Processing rows 5575 to 5600 for swaps, peptide GILGFVFTL, weight CDR1a
2024-11-13 20:21:27,605 - INFO - Processing rows 5600 to 5625 for swaps, peptide GILGFVFTL, weight CDR1a
2024-11-13 20:21:44,627 - INFO - Processing rows 5625 to 5650 for swaps, peptide GILGFVFTL, weight CDR1a
2024-11-13 20:22:01,624 - INFO - Processing rows 5650 to 5675 for swaps, peptide GILGFVFTL, weight CDR1a
2024-11-13 20:22:18,684 - INFO - Processing rows 5675 to 5700 for swaps, peptide GILGFVFTL, weight CDR1a
2024-11-13 20:22:35,612 - INFO - Processing rows 5700 to 5725 for swaps, peptide GILGFVFTL, weight CDR1a
2024-11-13 20:22:52,630 - INFO - Processing rows 5725 to 5750 for swaps, peptide GILGFVFTL, weight CDR1a
2024-11-13 20:23:09,634 - INFO - Processing rows 5750 to 5775 for swaps, peptide GILGFVFTL, weight CDR1a
2024-11-13 20:23:26,659 - INFO - Processing rows 5775 to 5800 for swaps, peptide GILGFVFTL, weight CDR1a
2024-11-13 20:23:43,587 - INFO - Processing rows 5800 to 5825 for swaps, peptide GILGFVFTL, weight CDR1a
2024-11-13 20:24:00,594 - INFO - Processing rows 5825 to 5850 for swaps, peptide GILGFVFTL, weight CDR1a
2024-11-13 20:24:17,375 - INFO - Processing rows 5850 to 5875 for swaps, peptide GILGFVFTL, weight CDR1a
2024-11-13 20:24:34,126 - INFO - Processing rows 5875 to 5900 for swaps, peptide GILGFVFTL, weight CDR1a
2024-11-13 20:24:50,870 - INFO - Processing rows 5900 to 5925 for swaps, peptide GILGFVFTL, weight CDR1a
2024-11-13 20:25:07,644 - INFO - Processing rows 5925 to 5950 for swaps, peptide GILGFVFTL, weight CDR1a
2024-11-13 20:25:24,401 - INFO - Processing rows 5950 to 5975 for swaps, peptide GILGFVFTL, weight CDR1a
2024-11-13 20:25:41,154 - INFO - Processing rows 5975 to 6000 for swaps, peptide GILGFVFTL, weight CDR1a
2024-11-13 20:25:57,900 - INFO - Processing rows 6000 to 6025 for swaps, peptide GILGFVFTL, weight CDR1a
2024-11-13 20:26:14,802 - INFO - Processing rows 6025 to 6050 for swaps, peptide GILGFVFTL, weight CDR1a
2024-11-13 20:26:31,777 - INFO - Processing rows 6050 to 6075 for swaps, peptide GILGFVFTL, weight CDR1a
2024-11-13 20:26:48,755 - INFO - Processing rows 6075 to 6100 for swaps, peptide GILGFVFTL, weight CDR1a
2024-11-13 20:27:05,701 - INFO - Processing rows 6100 to 6125 for swaps, peptide GILGFVFTL, weight CDR1a
2024-11-13 20:27:22,799 - INFO - Processing rows 6125 to 6150 for swaps, peptide GILGFVFTL, weight CDR1a
2024-11-13 20:27:39,776 - INFO - Processing rows 6150 to 6175 for swaps, peptide GILGFVFTL, weight CDR1a
2024-11-13 20:27:56,766 - INFO - Processing rows 6175 to 6200 for swaps, peptide GILGFVFTL, weight CDR1a
2024-11-13 20:28:13,808 - INFO - Processing rows 6200 to 6225 for swaps, peptide GILGFVFTL, weight CDR1a
2024-11-13 20:28:30,798 - INFO - Processing rows 6225 to 6250 for swaps, peptide GILGFVFTL, weight CDR1a
2024-11-13 20:28:47,754 - INFO - Processing rows 6250 to 6275 for swaps, peptide GILGFVFTL, weight CDR1a
2024-11-13 20:29:04,750 - INFO - Processing rows 6275 to 6300 for swaps, peptide GILGFVFTL, weight CDR1a
2024-11-13 20:29:21,792 - INFO - Processing rows 6300 to 6325 for swaps, peptide GILGFVFTL, weight CDR1a
2024-11-13 20:29:38,803 - INFO - Processing rows 6325 to 6350 for swaps, peptide GILGFVFTL, weight CDR1a
2024-11-13 20:29:55,767 - INFO - Processing rows 6350 to 6375 for swaps, peptide GILGFVFTL, weight CDR1a
2024-11-13 20:30:12,810 - INFO - Processing rows 6375 to 6400 for swaps, peptide GILGFVFTL, weight CDR1a
2024-11-13 20:30:29,823 - INFO - Processing rows 6400 to 6425 for swaps, peptide GILGFVFTL, weight CDR1a
2024-11-13 20:30:46,819 - INFO - Processing rows 6425 to 6450 for swaps, peptide GILGFVFTL, weight CDR1a
2024-11-13 20:31:03,756 - INFO - Processing rows 6450 to 6475 for swaps, peptide GILGFVFTL, weight CDR1a
2024-11-13 20:31:20,856 - INFO - Processing rows 6475 to 6500 for swaps, peptide GILGFVFTL, weight CDR1a
2024-11-13 20:31:37,838 - INFO - Processing rows 6500 to 6525 for swaps, peptide GILGFVFTL, weight CDR1a
2024-11-13 20:31:54,831 - INFO - Processing rows 6525 to 6550 for swaps, peptide GILGFVFTL, weight CDR1a
2024-11-13 20:32:11,768 - INFO - Processing rows 6550 to 6575 for swaps, peptide GILGFVFTL, weight CDR1a
2024-11-13 20:32:28,620 - INFO - Processing rows 6575 to 6600 for swaps, peptide GILGFVFTL, weight CDR1a
2024-11-13 20:32:45,371 - INFO - Processing rows 6600 to 6625 for swaps, peptide GILGFVFTL, weight CDR1a
2024-11-13 20:33:02,156 - INFO - Processing rows 6625 to 6650 for swaps, peptide GILGFVFTL, weight CDR1a
2024-11-13 20:33:18,915 - INFO - Processing rows 6650 to 6675 for swaps, peptide GILGFVFTL, weight CDR1a
2024-11-13 20:33:35,669 - INFO - Processing rows 6675 to 6700 for swaps, peptide GILGFVFTL, weight CDR1a
2024-11-13 20:33:52,422 - INFO - Processing rows 6700 to 6725 for swaps, peptide GILGFVFTL, weight CDR1a
2024-11-13 20:34:09,179 - INFO - Processing rows 6725 to 6750 for swaps, peptide GILGFVFTL, weight CDR1a
2024-11-13 20:34:26,138 - INFO - Processing rows 6750 to 6775 for swaps, peptide GILGFVFTL, weight CDR1a
2024-11-13 20:34:43,109 - INFO - Processing rows 6775 to 6800 for swaps, peptide GILGFVFTL, weight CDR1a
2024-11-13 20:35:00,087 - INFO - Processing rows 6800 to 6825 for swaps, peptide GILGFVFTL, weight CDR1a
2024-11-13 20:35:17,109 - INFO - Processing rows 6825 to 6850 for swaps, peptide GILGFVFTL, weight CDR1a
2024-11-13 20:35:34,133 - INFO - Processing rows 6850 to 6875 for swaps, peptide GILGFVFTL, weight CDR1a
2024-11-13 20:35:51,097 - INFO - Processing rows 6875 to 6900 for swaps, peptide GILGFVFTL, weight CDR1a
2024-11-13 20:36:08,086 - INFO - Processing rows 6900 to 6925 for swaps, peptide GILGFVFTL, weight CDR1a
2024-11-13 20:36:25,138 - INFO - Processing rows 6925 to 6950 for swaps, peptide GILGFVFTL, weight CDR1a
2024-11-13 20:36:42,128 - INFO - Processing rows 6950 to 6975 for swaps, peptide GILGFVFTL, weight CDR1a
2024-11-13 20:36:59,119 - INFO - Processing rows 6975 to 6990 for swaps, peptide GILGFVFTL, weight CDR1a
Traceback (most recent call last):
  File "/net/mimer/mnt/tank/projects2/emison/language_model/27th_Oct_new_matrices/04.11_new_esm/12.11/run_esm_swaps.py", line 90, in <module>
    process_sequences(df_filtered, peptide, weight, "swaps")
  File "/net/mimer/mnt/tank/projects2/emison/language_model/27th_Oct_new_matrices/04.11_new_esm/12.11/run_esm_swaps.py", line 82, in process_sequences
    output_df.insert(0, "raw_index", raw_indexes)
  File "/home/projects2/emison/language_model/miniconda3/envs/esm2_emison/lib/python3.12/site-packages/pandas/core/frame.py", line 5171, in insert
    value, refs = self._sanitize_column(value)
                  ^^^^^^^^^^^^^^^^^^^^^^^^^^^^
  File "/home/projects2/emison/language_model/miniconda3/envs/esm2_emison/lib/python3.12/site-packages/pandas/core/frame.py", line 5266, in _sanitize_column
    com.require_length_match(value, self.index)
  File "/home/projects2/emison/language_model/miniconda3/envs/esm2_emison/lib/python3.12/site-packages/pandas/core/common.py", line 573, in require_length_match
    raise ValueError(
ValueError: Length of values (6990) does not match length of index (15)
