2024-11-14 08:19:57,875 - INFO - Loading and filtering dataset for peptide GLCTLVAML
2024-11-14 08:19:58,451 - INFO - Processing dataset for peptide GLCTLVAML with weight CDR1a
2024-11-14 08:19:58,454 - INFO - Processing rows 0 to 25 for swaps, peptide GLCTLVAML, weight CDR1a
2024-11-14 08:20:05,056 - INFO - Processing rows 25 to 50 for swaps, peptide GLCTLVAML, weight CDR1a
2024-11-14 08:20:11,556 - INFO - Processing rows 50 to 75 for swaps, peptide GLCTLVAML, weight CDR1a
2024-11-14 08:20:18,225 - INFO - Processing rows 75 to 100 for swaps, peptide GLCTLVAML, weight CDR1a
2024-11-14 08:20:24,962 - INFO - Processing rows 100 to 125 for swaps, peptide GLCTLVAML, weight CDR1a
2024-11-14 08:20:31,404 - INFO - Processing rows 125 to 150 for swaps, peptide GLCTLVAML, weight CDR1a
2024-11-14 08:20:37,879 - INFO - Processing rows 150 to 175 for swaps, peptide GLCTLVAML, weight CDR1a
2024-11-14 08:20:44,408 - INFO - Processing rows 175 to 200 for swaps, peptide GLCTLVAML, weight CDR1a
2024-11-14 08:20:51,155 - INFO - Processing rows 200 to 225 for swaps, peptide GLCTLVAML, weight CDR1a
2024-11-14 08:20:57,809 - INFO - Processing rows 225 to 250 for swaps, peptide GLCTLVAML, weight CDR1a
2024-11-14 08:21:04,926 - INFO - Processing rows 250 to 275 for swaps, peptide GLCTLVAML, weight CDR1a
2024-11-14 08:21:11,995 - INFO - Processing rows 275 to 300 for swaps, peptide GLCTLVAML, weight CDR1a
2024-11-14 08:21:18,897 - INFO - Processing rows 300 to 325 for swaps, peptide GLCTLVAML, weight CDR1a
2024-11-14 08:21:25,849 - INFO - Processing rows 325 to 350 for swaps, peptide GLCTLVAML, weight CDR1a
2024-11-14 08:21:32,871 - INFO - Processing rows 350 to 375 for swaps, peptide GLCTLVAML, weight CDR1a
2024-11-14 08:21:39,722 - INFO - Processing rows 375 to 400 for swaps, peptide GLCTLVAML, weight CDR1a
2024-11-14 08:21:46,479 - INFO - Processing rows 400 to 425 for swaps, peptide GLCTLVAML, weight CDR1a
2024-11-14 08:21:53,162 - INFO - Processing rows 425 to 450 for swaps, peptide GLCTLVAML, weight CDR1a
2024-11-14 08:21:59,887 - INFO - Processing rows 450 to 475 for swaps, peptide GLCTLVAML, weight CDR1a
2024-11-14 08:22:06,389 - INFO - Processing rows 475 to 500 for swaps, peptide GLCTLVAML, weight CDR1a
2024-11-14 08:22:13,217 - INFO - Processing rows 500 to 525 for swaps, peptide GLCTLVAML, weight CDR1a
2024-11-14 08:22:19,857 - INFO - Processing rows 525 to 550 for swaps, peptide GLCTLVAML, weight CDR1a
2024-11-14 08:22:26,661 - INFO - Processing rows 550 to 575 for swaps, peptide GLCTLVAML, weight CDR1a
2024-11-14 08:22:33,658 - INFO - Processing rows 575 to 600 for swaps, peptide GLCTLVAML, weight CDR1a
2024-11-14 08:22:40,641 - INFO - Processing rows 600 to 625 for swaps, peptide GLCTLVAML, weight CDR1a
2024-11-14 08:22:47,608 - INFO - Processing rows 625 to 650 for swaps, peptide GLCTLVAML, weight CDR1a
2024-11-14 08:22:54,907 - INFO - Processing rows 650 to 675 for swaps, peptide GLCTLVAML, weight CDR1a
2024-11-14 08:23:02,162 - INFO - Processing rows 675 to 700 for swaps, peptide GLCTLVAML, weight CDR1a
2024-11-14 08:23:09,467 - INFO - Processing rows 700 to 725 for swaps, peptide GLCTLVAML, weight CDR1a
2024-11-14 08:23:16,597 - INFO - Processing rows 725 to 750 for swaps, peptide GLCTLVAML, weight CDR1a
2024-11-14 08:23:22,879 - INFO - Processing rows 750 to 775 for swaps, peptide GLCTLVAML, weight CDR1a
2024-11-14 08:23:29,913 - INFO - Processing rows 775 to 800 for swaps, peptide GLCTLVAML, weight CDR1a
2024-11-14 08:23:36,975 - INFO - Processing rows 800 to 825 for swaps, peptide GLCTLVAML, weight CDR1a
2024-11-14 08:23:44,175 - INFO - Processing rows 825 to 850 for swaps, peptide GLCTLVAML, weight CDR1a
2024-11-14 08:23:51,376 - INFO - Processing rows 850 to 875 for swaps, peptide GLCTLVAML, weight CDR1a
2024-11-14 08:23:58,706 - INFO - Processing rows 875 to 900 for swaps, peptide GLCTLVAML, weight CDR1a
2024-11-14 08:24:06,069 - INFO - Processing rows 900 to 925 for swaps, peptide GLCTLVAML, weight CDR1a
2024-11-14 08:24:13,324 - INFO - Processing rows 925 to 950 for swaps, peptide GLCTLVAML, weight CDR1a
2024-11-14 08:24:20,589 - INFO - Processing rows 950 to 975 for swaps, peptide GLCTLVAML, weight CDR1a
2024-11-14 08:24:27,908 - INFO - Processing rows 975 to 1000 for swaps, peptide GLCTLVAML, weight CDR1a
2024-11-14 08:24:35,164 - INFO - Processing rows 1000 to 1025 for swaps, peptide GLCTLVAML, weight CDR1a
2024-11-14 08:24:42,154 - INFO - Processing rows 1025 to 1050 for swaps, peptide GLCTLVAML, weight CDR1a
2024-11-14 08:24:49,134 - INFO - Processing rows 1050 to 1075 for swaps, peptide GLCTLVAML, weight CDR1a
2024-11-14 08:24:56,111 - INFO - Processing rows 1075 to 1100 for swaps, peptide GLCTLVAML, weight CDR1a
2024-11-14 08:25:02,839 - INFO - Processing rows 1100 to 1125 for swaps, peptide GLCTLVAML, weight CDR1a
2024-11-14 08:25:09,035 - INFO - Processing rows 1125 to 1150 for swaps, peptide GLCTLVAML, weight CDR1a
2024-11-14 08:25:15,881 - INFO - Processing rows 1150 to 1175 for swaps, peptide GLCTLVAML, weight CDR1a
2024-11-14 08:25:22,794 - INFO - Processing rows 1175 to 1200 for swaps, peptide GLCTLVAML, weight CDR1a
2024-11-14 08:25:29,361 - INFO - Processing rows 1200 to 1225 for swaps, peptide GLCTLVAML, weight CDR1a
2024-11-14 08:25:35,996 - INFO - Processing rows 1225 to 1250 for swaps, peptide GLCTLVAML, weight CDR1a
2024-11-14 08:25:42,282 - INFO - Processing rows 1250 to 1275 for swaps, peptide GLCTLVAML, weight CDR1a
2024-11-14 08:25:48,494 - INFO - Processing rows 1275 to 1300 for swaps, peptide GLCTLVAML, weight CDR1a
2024-11-14 08:25:54,457 - INFO - Processing rows 1300 to 1325 for swaps, peptide GLCTLVAML, weight CDR1a
2024-11-14 08:26:00,459 - INFO - Processing rows 1325 to 1350 for swaps, peptide GLCTLVAML, weight CDR1a
2024-11-14 08:26:06,254 - INFO - Processing rows 1350 to 1375 for swaps, peptide GLCTLVAML, weight CDR1a
2024-11-14 08:26:12,353 - INFO - Processing rows 1375 to 1400 for swaps, peptide GLCTLVAML, weight CDR1a
2024-11-14 08:26:18,779 - INFO - Processing rows 1400 to 1425 for swaps, peptide GLCTLVAML, weight CDR1a
2024-11-14 08:26:25,731 - INFO - Processing rows 1425 to 1450 for swaps, peptide GLCTLVAML, weight CDR1a
2024-11-14 08:26:32,844 - INFO - Processing rows 1450 to 1475 for swaps, peptide GLCTLVAML, weight CDR1a
2024-11-14 08:26:39,974 - INFO - Processing rows 1475 to 1500 for swaps, peptide GLCTLVAML, weight CDR1a
2024-11-14 08:26:47,193 - INFO - Processing rows 1500 to 1525 for swaps, peptide GLCTLVAML, weight CDR1a
2024-11-14 08:26:54,417 - INFO - Processing rows 1525 to 1550 for swaps, peptide GLCTLVAML, weight CDR1a
2024-11-14 08:27:01,535 - INFO - Processing rows 1550 to 1575 for swaps, peptide GLCTLVAML, weight CDR1a
2024-11-14 08:27:08,613 - INFO - Processing rows 1575 to 1600 for swaps, peptide GLCTLVAML, weight CDR1a
2024-11-14 08:27:13,370 - INFO - Processing rows 1600 to 1625 for swaps, peptide GLCTLVAML, weight CDR1a
2024-11-14 08:27:18,168 - INFO - Processing rows 1625 to 1626 for swaps, peptide GLCTLVAML, weight CDR1a
2024-11-14 08:27:19,304 - INFO - ESM finished.. Saving file...
2024-11-14 08:35:30,359 - INFO - Saved to /net/mimer/mnt/tank/projects2/emison/language_model/27th_Oct_new_matrices/04.11_new_esm/12.11/sequence_summed_vectors_swaps_GLCTLVAML_CDR1a.csv
