2024-11-14 08:22:53,232 - INFO - Loading and filtering dataset for peptide GLCTLVAML
2024-11-14 08:22:53,612 - INFO - Processing dataset for peptide GLCTLVAML with weight TCRb
2024-11-14 08:22:53,614 - INFO - Processing rows 0 to 25 for swaps, peptide GLCTLVAML, weight TCRb
2024-11-14 08:33:14,132 - INFO - Processing rows 25 to 50 for swaps, peptide GLCTLVAML, weight TCRb
2024-11-14 08:43:47,203 - INFO - Processing rows 50 to 75 for swaps, peptide GLCTLVAML, weight TCRb
2024-11-14 08:54:15,922 - INFO - Processing rows 75 to 100 for swaps, peptide GLCTLVAML, weight TCRb
2024-11-14 09:04:48,142 - INFO - Processing rows 100 to 125 for swaps, peptide GLCTLVAML, weight TCRb
2024-11-14 09:15:16,877 - INFO - Processing rows 125 to 150 for swaps, peptide GLCTLVAML, weight TCRb
2024-11-14 09:25:37,805 - INFO - Processing rows 150 to 175 for swaps, peptide GLCTLVAML, weight TCRb
2024-11-14 09:36:13,687 - INFO - Processing rows 175 to 200 for swaps, peptide GLCTLVAML, weight TCRb
2024-11-14 09:46:41,653 - INFO - Processing rows 200 to 225 for swaps, peptide GLCTLVAML, weight TCRb
2024-11-14 09:56:59,283 - INFO - Processing rows 225 to 250 for swaps, peptide GLCTLVAML, weight TCRb
2024-11-14 10:07:32,330 - INFO - Processing rows 250 to 275 for swaps, peptide GLCTLVAML, weight TCRb
2024-11-14 10:18:01,886 - INFO - Processing rows 275 to 300 for swaps, peptide GLCTLVAML, weight TCRb
2024-11-14 10:28:29,992 - INFO - Processing rows 300 to 325 for swaps, peptide GLCTLVAML, weight TCRb
2024-11-14 10:38:58,339 - INFO - Processing rows 325 to 350 for swaps, peptide GLCTLVAML, weight TCRb
2024-11-14 10:49:34,274 - INFO - Processing rows 350 to 375 for swaps, peptide GLCTLVAML, weight TCRb
2024-11-14 11:00:05,793 - INFO - Processing rows 375 to 400 for swaps, peptide GLCTLVAML, weight TCRb
2024-11-14 11:10:42,003 - INFO - Processing rows 400 to 425 for swaps, peptide GLCTLVAML, weight TCRb
2024-11-14 11:21:03,133 - INFO - Processing rows 425 to 450 for swaps, peptide GLCTLVAML, weight TCRb
2024-11-14 11:31:31,573 - INFO - Processing rows 450 to 475 for swaps, peptide GLCTLVAML, weight TCRb
2024-11-14 11:42:05,027 - INFO - Processing rows 475 to 500 for swaps, peptide GLCTLVAML, weight TCRb
2024-11-14 11:52:26,596 - INFO - Processing rows 500 to 525 for swaps, peptide GLCTLVAML, weight TCRb
2024-11-14 12:03:09,814 - INFO - Processing rows 525 to 550 for swaps, peptide GLCTLVAML, weight TCRb
2024-11-14 12:13:45,893 - INFO - Processing rows 550 to 575 for swaps, peptide GLCTLVAML, weight TCRb
2024-11-14 12:24:18,154 - INFO - Processing rows 575 to 600 for swaps, peptide GLCTLVAML, weight TCRb
2024-11-14 12:34:43,043 - INFO - Processing rows 600 to 625 for swaps, peptide GLCTLVAML, weight TCRb
2024-11-14 12:45:14,441 - INFO - Processing rows 625 to 650 for swaps, peptide GLCTLVAML, weight TCRb
2024-11-14 12:55:50,375 - INFO - Processing rows 650 to 675 for swaps, peptide GLCTLVAML, weight TCRb
2024-11-14 13:06:23,644 - INFO - Processing rows 675 to 700 for swaps, peptide GLCTLVAML, weight TCRb
2024-11-14 13:16:51,711 - INFO - Processing rows 700 to 725 for swaps, peptide GLCTLVAML, weight TCRb
2024-11-14 13:27:21,673 - INFO - Processing rows 725 to 750 for swaps, peptide GLCTLVAML, weight TCRb
2024-11-14 13:37:39,691 - INFO - Processing rows 750 to 775 for swaps, peptide GLCTLVAML, weight TCRb
2024-11-14 13:48:12,339 - INFO - Processing rows 775 to 800 for swaps, peptide GLCTLVAML, weight TCRb
2024-11-14 13:58:44,776 - INFO - Processing rows 800 to 825 for swaps, peptide GLCTLVAML, weight TCRb
2024-11-14 14:09:17,078 - INFO - Processing rows 825 to 850 for swaps, peptide GLCTLVAML, weight TCRb
2024-11-14 14:19:50,375 - INFO - Processing rows 850 to 875 for swaps, peptide GLCTLVAML, weight TCRb
2024-11-14 14:30:09,256 - INFO - Processing rows 875 to 900 for swaps, peptide GLCTLVAML, weight TCRb
2024-11-14 14:40:41,590 - INFO - Processing rows 900 to 925 for swaps, peptide GLCTLVAML, weight TCRb
2024-11-14 14:51:14,021 - INFO - Processing rows 925 to 950 for swaps, peptide GLCTLVAML, weight TCRb
2024-11-14 15:01:47,537 - INFO - Processing rows 950 to 975 for swaps, peptide GLCTLVAML, weight TCRb
2024-11-14 15:12:23,637 - INFO - Processing rows 975 to 1000 for swaps, peptide GLCTLVAML, weight TCRb
2024-11-14 15:22:55,972 - INFO - Processing rows 1000 to 1025 for swaps, peptide GLCTLVAML, weight TCRb
2024-11-14 15:33:29,398 - INFO - Processing rows 1025 to 1050 for swaps, peptide GLCTLVAML, weight TCRb
2024-11-14 15:44:00,983 - INFO - Processing rows 1050 to 1075 for swaps, peptide GLCTLVAML, weight TCRb
2024-11-14 15:54:40,817 - INFO - Processing rows 1075 to 1100 for swaps, peptide GLCTLVAML, weight TCRb
2024-11-14 16:05:13,217 - INFO - Processing rows 1100 to 1125 for swaps, peptide GLCTLVAML, weight TCRb
2024-11-14 16:15:44,827 - INFO - Processing rows 1125 to 1150 for swaps, peptide GLCTLVAML, weight TCRb
2024-11-14 16:26:18,067 - INFO - Processing rows 1150 to 1175 for swaps, peptide GLCTLVAML, weight TCRb
2024-11-14 16:36:50,991 - INFO - Processing rows 1175 to 1200 for swaps, peptide GLCTLVAML, weight TCRb
2024-11-14 16:47:22,955 - INFO - Processing rows 1200 to 1225 for swaps, peptide GLCTLVAML, weight TCRb
2024-11-14 16:57:55,179 - INFO - Processing rows 1225 to 1250 for swaps, peptide GLCTLVAML, weight TCRb
2024-11-14 17:08:23,716 - INFO - Processing rows 1250 to 1275 for swaps, peptide GLCTLVAML, weight TCRb
2024-11-14 17:18:51,404 - INFO - Processing rows 1275 to 1300 for swaps, peptide GLCTLVAML, weight TCRb
2024-11-14 17:29:20,764 - INFO - Processing rows 1300 to 1325 for swaps, peptide GLCTLVAML, weight TCRb
2024-11-14 17:39:52,257 - INFO - Processing rows 1325 to 1350 for swaps, peptide GLCTLVAML, weight TCRb
2024-11-14 17:50:25,062 - INFO - Processing rows 1350 to 1375 for swaps, peptide GLCTLVAML, weight TCRb
2024-11-14 18:00:56,200 - INFO - Processing rows 1375 to 1400 for swaps, peptide GLCTLVAML, weight TCRb
2024-11-14 18:11:31,713 - INFO - Processing rows 1400 to 1425 for swaps, peptide GLCTLVAML, weight TCRb
2024-11-14 18:21:59,367 - INFO - Processing rows 1425 to 1450 for swaps, peptide GLCTLVAML, weight TCRb
2024-11-14 18:32:32,238 - INFO - Processing rows 1450 to 1475 for swaps, peptide GLCTLVAML, weight TCRb
2024-11-14 18:43:01,629 - INFO - Processing rows 1475 to 1500 for swaps, peptide GLCTLVAML, weight TCRb
2024-11-14 18:53:16,844 - INFO - Processing rows 1500 to 1525 for swaps, peptide GLCTLVAML, weight TCRb
2024-11-14 19:03:44,519 - INFO - Processing rows 1525 to 1550 for swaps, peptide GLCTLVAML, weight TCRb
2024-11-14 19:14:12,242 - INFO - Processing rows 1550 to 1575 for swaps, peptide GLCTLVAML, weight TCRb
2024-11-14 19:24:55,003 - INFO - Processing rows 1575 to 1600 for swaps, peptide GLCTLVAML, weight TCRb
2024-11-14 19:35:24,402 - INFO - Processing rows 1600 to 1625 for swaps, peptide GLCTLVAML, weight TCRb
2024-11-14 19:45:55,530 - INFO - Processing rows 1625 to 1626 for swaps, peptide GLCTLVAML, weight TCRb
2024-11-14 19:46:17,968 - INFO - ESM finished.. Saving file...
2024-11-14 19:57:43,235 - INFO - Saved to /net/mimer/mnt/tank/projects2/emison/language_model/27th_Oct_new_matrices/04.11_new_esm/12.11/sequence_summed_vectors_swaps_GLCTLVAML_TCRb.csv
