2024-11-14 08:19:57,250 - INFO - Loading and filtering dataset for peptide GLCTLVAML
2024-11-14 08:19:57,836 - INFO - Processing dataset for peptide GLCTLVAML with weight CDR1b
2024-11-14 08:19:57,839 - INFO - Processing rows 0 to 25 for swaps, peptide GLCTLVAML, weight CDR1b
2024-11-14 08:20:03,471 - INFO - Processing rows 25 to 50 for swaps, peptide GLCTLVAML, weight CDR1b
2024-11-14 08:20:09,560 - INFO - Processing rows 50 to 75 for swaps, peptide GLCTLVAML, weight CDR1b
2024-11-14 08:20:15,888 - INFO - Processing rows 75 to 100 for swaps, peptide GLCTLVAML, weight CDR1b
2024-11-14 08:20:22,039 - INFO - Processing rows 100 to 125 for swaps, peptide GLCTLVAML, weight CDR1b
2024-11-14 08:20:28,294 - INFO - Processing rows 125 to 150 for swaps, peptide GLCTLVAML, weight CDR1b
2024-11-14 08:20:34,277 - INFO - Processing rows 150 to 175 for swaps, peptide GLCTLVAML, weight CDR1b
2024-11-14 08:20:40,475 - INFO - Processing rows 175 to 200 for swaps, peptide GLCTLVAML, weight CDR1b
2024-11-14 08:20:46,808 - INFO - Processing rows 200 to 225 for swaps, peptide GLCTLVAML, weight CDR1b
2024-11-14 08:20:52,970 - INFO - Processing rows 225 to 250 for swaps, peptide GLCTLVAML, weight CDR1b
2024-11-14 08:20:59,288 - INFO - Processing rows 250 to 275 for swaps, peptide GLCTLVAML, weight CDR1b
2024-11-14 08:21:05,690 - INFO - Processing rows 275 to 300 for swaps, peptide GLCTLVAML, weight CDR1b
2024-11-14 08:21:12,100 - INFO - Processing rows 300 to 325 for swaps, peptide GLCTLVAML, weight CDR1b
2024-11-14 08:21:18,418 - INFO - Processing rows 325 to 350 for swaps, peptide GLCTLVAML, weight CDR1b
2024-11-14 08:21:24,712 - INFO - Processing rows 350 to 375 for swaps, peptide GLCTLVAML, weight CDR1b
2024-11-14 08:21:31,300 - INFO - Processing rows 375 to 400 for swaps, peptide GLCTLVAML, weight CDR1b
2024-11-14 08:21:37,834 - INFO - Processing rows 400 to 425 for swaps, peptide GLCTLVAML, weight CDR1b
2024-11-14 08:21:44,085 - INFO - Processing rows 425 to 450 for swaps, peptide GLCTLVAML, weight CDR1b
2024-11-14 08:21:50,495 - INFO - Processing rows 450 to 475 for swaps, peptide GLCTLVAML, weight CDR1b
2024-11-14 08:21:56,866 - INFO - Processing rows 475 to 500 for swaps, peptide GLCTLVAML, weight CDR1b
2024-11-14 08:22:03,343 - INFO - Processing rows 500 to 525 for swaps, peptide GLCTLVAML, weight CDR1b
2024-11-14 08:22:09,739 - INFO - Processing rows 525 to 550 for swaps, peptide GLCTLVAML, weight CDR1b
2024-11-14 08:22:16,122 - INFO - Processing rows 550 to 575 for swaps, peptide GLCTLVAML, weight CDR1b
2024-11-14 08:22:22,617 - INFO - Processing rows 575 to 600 for swaps, peptide GLCTLVAML, weight CDR1b
2024-11-14 08:22:28,474 - INFO - Processing rows 600 to 625 for swaps, peptide GLCTLVAML, weight CDR1b
2024-11-14 08:22:35,088 - INFO - Processing rows 625 to 650 for swaps, peptide GLCTLVAML, weight CDR1b
2024-11-14 08:22:41,605 - INFO - Processing rows 650 to 675 for swaps, peptide GLCTLVAML, weight CDR1b
2024-11-14 08:22:48,124 - INFO - Processing rows 675 to 700 for swaps, peptide GLCTLVAML, weight CDR1b
2024-11-14 08:22:54,889 - INFO - Processing rows 700 to 725 for swaps, peptide GLCTLVAML, weight CDR1b
2024-11-14 08:23:01,575 - INFO - Processing rows 725 to 750 for swaps, peptide GLCTLVAML, weight CDR1b
2024-11-14 08:23:08,184 - INFO - Processing rows 750 to 775 for swaps, peptide GLCTLVAML, weight CDR1b
2024-11-14 08:23:14,748 - INFO - Processing rows 775 to 800 for swaps, peptide GLCTLVAML, weight CDR1b
2024-11-14 08:23:21,232 - INFO - Processing rows 800 to 825 for swaps, peptide GLCTLVAML, weight CDR1b
2024-11-14 08:23:27,738 - INFO - Processing rows 825 to 850 for swaps, peptide GLCTLVAML, weight CDR1b
2024-11-14 08:23:34,220 - INFO - Processing rows 850 to 875 for swaps, peptide GLCTLVAML, weight CDR1b
2024-11-14 08:23:40,824 - INFO - Processing rows 875 to 900 for swaps, peptide GLCTLVAML, weight CDR1b
2024-11-14 08:23:47,442 - INFO - Processing rows 900 to 925 for swaps, peptide GLCTLVAML, weight CDR1b
2024-11-14 08:23:54,049 - INFO - Processing rows 925 to 950 for swaps, peptide GLCTLVAML, weight CDR1b
2024-11-14 08:24:00,727 - INFO - Processing rows 950 to 975 for swaps, peptide GLCTLVAML, weight CDR1b
2024-11-14 08:24:07,343 - INFO - Processing rows 975 to 1000 for swaps, peptide GLCTLVAML, weight CDR1b
2024-11-14 08:24:13,952 - INFO - Processing rows 1000 to 1025 for swaps, peptide GLCTLVAML, weight CDR1b
2024-11-14 08:24:20,568 - INFO - Processing rows 1025 to 1050 for swaps, peptide GLCTLVAML, weight CDR1b
2024-11-14 08:24:27,123 - INFO - Processing rows 1050 to 1075 for swaps, peptide GLCTLVAML, weight CDR1b
2024-11-14 08:24:33,696 - INFO - Processing rows 1075 to 1100 for swaps, peptide GLCTLVAML, weight CDR1b
2024-11-14 08:24:40,128 - INFO - Processing rows 1100 to 1125 for swaps, peptide GLCTLVAML, weight CDR1b
2024-11-14 08:24:46,395 - INFO - Processing rows 1125 to 1150 for swaps, peptide GLCTLVAML, weight CDR1b
2024-11-14 08:24:52,775 - INFO - Processing rows 1150 to 1175 for swaps, peptide GLCTLVAML, weight CDR1b
2024-11-14 08:24:58,990 - INFO - Processing rows 1175 to 1200 for swaps, peptide GLCTLVAML, weight CDR1b
2024-11-14 08:25:04,872 - INFO - Processing rows 1200 to 1225 for swaps, peptide GLCTLVAML, weight CDR1b
2024-11-14 08:25:10,828 - INFO - Processing rows 1225 to 1250 for swaps, peptide GLCTLVAML, weight CDR1b
2024-11-14 08:25:17,162 - INFO - Processing rows 1250 to 1275 for swaps, peptide GLCTLVAML, weight CDR1b
2024-11-14 08:25:23,297 - INFO - Processing rows 1275 to 1300 for swaps, peptide GLCTLVAML, weight CDR1b
2024-11-14 08:25:29,377 - INFO - Processing rows 1300 to 1325 for swaps, peptide GLCTLVAML, weight CDR1b
2024-11-14 08:25:35,508 - INFO - Processing rows 1325 to 1350 for swaps, peptide GLCTLVAML, weight CDR1b
2024-11-14 08:25:41,336 - INFO - Processing rows 1350 to 1375 for swaps, peptide GLCTLVAML, weight CDR1b
2024-11-14 08:25:47,138 - INFO - Processing rows 1375 to 1400 for swaps, peptide GLCTLVAML, weight CDR1b
2024-11-14 08:25:52,717 - INFO - Processing rows 1400 to 1425 for swaps, peptide GLCTLVAML, weight CDR1b
2024-11-14 08:25:58,218 - INFO - Processing rows 1425 to 1450 for swaps, peptide GLCTLVAML, weight CDR1b
2024-11-14 08:26:03,462 - INFO - Processing rows 1450 to 1475 for swaps, peptide GLCTLVAML, weight CDR1b
2024-11-14 08:26:08,981 - INFO - Processing rows 1475 to 1500 for swaps, peptide GLCTLVAML, weight CDR1b
2024-11-14 08:26:13,787 - INFO - Processing rows 1500 to 1525 for swaps, peptide GLCTLVAML, weight CDR1b
2024-11-14 08:26:19,887 - INFO - Processing rows 1525 to 1550 for swaps, peptide GLCTLVAML, weight CDR1b
2024-11-14 08:26:26,329 - INFO - Processing rows 1550 to 1575 for swaps, peptide GLCTLVAML, weight CDR1b
2024-11-14 08:26:32,904 - INFO - Processing rows 1575 to 1600 for swaps, peptide GLCTLVAML, weight CDR1b
2024-11-14 08:26:39,400 - INFO - Processing rows 1600 to 1625 for swaps, peptide GLCTLVAML, weight CDR1b
2024-11-14 08:26:46,117 - INFO - Processing rows 1625 to 1626 for swaps, peptide GLCTLVAML, weight CDR1b
2024-11-14 08:26:47,788 - INFO - ESM finished.. Saving file...
2024-11-14 08:37:09,105 - INFO - Saved to /net/mimer/mnt/tank/projects2/emison/language_model/27th_Oct_new_matrices/04.11_new_esm/12.11/sequence_summed_vectors_swaps_GLCTLVAML_CDR1b.csv
