2024-11-14 07:56:58,461 - INFO - Loading and filtering dataset for peptide GLCTLVAML
2024-11-14 07:56:58,592 - INFO - Processing dataset for peptide GLCTLVAML with weight CDR1b
2024-11-14 07:56:58,595 - INFO - Processing rows 0 to 25 for binders, peptide GLCTLVAML, weight CDR1b
2024-11-14 07:57:13,176 - INFO - Processing rows 25 to 50 for binders, peptide GLCTLVAML, weight CDR1b
2024-11-14 07:57:27,403 - INFO - Processing rows 50 to 75 for binders, peptide GLCTLVAML, weight CDR1b
2024-11-14 07:57:41,683 - INFO - Processing rows 75 to 100 for binders, peptide GLCTLVAML, weight CDR1b
2024-11-14 07:57:55,960 - INFO - Processing rows 100 to 125 for binders, peptide GLCTLVAML, weight CDR1b
2024-11-14 07:58:10,228 - INFO - Processing rows 125 to 150 for binders, peptide GLCTLVAML, weight CDR1b
2024-11-14 07:58:24,415 - INFO - Processing rows 150 to 175 for binders, peptide GLCTLVAML, weight CDR1b
2024-11-14 07:58:38,638 - INFO - Processing rows 175 to 200 for binders, peptide GLCTLVAML, weight CDR1b
2024-11-14 07:58:52,883 - INFO - Processing rows 200 to 225 for binders, peptide GLCTLVAML, weight CDR1b
2024-11-14 07:59:07,072 - INFO - Processing rows 225 to 250 for binders, peptide GLCTLVAML, weight CDR1b
2024-11-14 07:59:21,217 - INFO - Processing rows 250 to 271 for binders, peptide GLCTLVAML, weight CDR1b
Traceback (most recent call last):
  File "/net/mimer/mnt/tank/projects2/emison/language_model/27th_Oct_new_matrices/04.11_new_esm/12.11/run_esm_binders.py", line 90, in <module>
    process_sequences(df_filtered, peptide, weight, "binders")
  File "/net/mimer/mnt/tank/projects2/emison/language_model/27th_Oct_new_matrices/04.11_new_esm/12.11/run_esm_binders.py", line 82, in process_sequences
    output_df.insert(0, "raw_index", raw_indexes)
  File "/home/projects2/emison/language_model/miniconda3/envs/esm2_emison/lib/python3.12/site-packages/pandas/core/frame.py", line 5171, in insert
    value, refs = self._sanitize_column(value)
                  ^^^^^^^^^^^^^^^^^^^^^^^^^^^^
  File "/home/projects2/emison/language_model/miniconda3/envs/esm2_emison/lib/python3.12/site-packages/pandas/core/frame.py", line 5266, in _sanitize_column
    com.require_length_match(value, self.index)
  File "/home/projects2/emison/language_model/miniconda3/envs/esm2_emison/lib/python3.12/site-packages/pandas/core/common.py", line 573, in require_length_match
    raise ValueError(
ValueError: Length of values (271) does not match length of index (21)
