2024-11-14 08:20:20,846 - INFO - Loading and filtering dataset for peptide GLCTLVAML
2024-11-14 08:20:21,199 - INFO - Processing dataset for peptide GLCTLVAML with weight CDR3a
2024-11-14 08:20:21,201 - INFO - Processing rows 0 to 25 for swaps, peptide GLCTLVAML, weight CDR3a
2024-11-14 08:20:29,638 - INFO - Processing rows 25 to 50 for swaps, peptide GLCTLVAML, weight CDR3a
2024-11-14 08:20:40,926 - INFO - Processing rows 50 to 75 for swaps, peptide GLCTLVAML, weight CDR3a
2024-11-14 08:20:52,647 - INFO - Processing rows 75 to 100 for swaps, peptide GLCTLVAML, weight CDR3a
2024-11-14 08:21:02,765 - INFO - Processing rows 100 to 125 for swaps, peptide GLCTLVAML, weight CDR3a
2024-11-14 08:21:11,782 - INFO - Processing rows 125 to 150 for swaps, peptide GLCTLVAML, weight CDR3a
2024-11-14 08:21:23,348 - INFO - Processing rows 150 to 175 for swaps, peptide GLCTLVAML, weight CDR3a
2024-11-14 08:21:32,386 - INFO - Processing rows 175 to 200 for swaps, peptide GLCTLVAML, weight CDR3a
2024-11-14 08:21:41,295 - INFO - Processing rows 200 to 225 for swaps, peptide GLCTLVAML, weight CDR3a
2024-11-14 08:21:50,746 - INFO - Processing rows 225 to 250 for swaps, peptide GLCTLVAML, weight CDR3a
2024-11-14 08:22:01,249 - INFO - Processing rows 250 to 275 for swaps, peptide GLCTLVAML, weight CDR3a
2024-11-14 08:22:09,224 - INFO - Processing rows 275 to 300 for swaps, peptide GLCTLVAML, weight CDR3a
2024-11-14 08:22:18,711 - INFO - Processing rows 300 to 325 for swaps, peptide GLCTLVAML, weight CDR3a
2024-11-14 08:22:29,679 - INFO - Processing rows 325 to 350 for swaps, peptide GLCTLVAML, weight CDR3a
2024-11-14 08:22:39,120 - INFO - Processing rows 350 to 375 for swaps, peptide GLCTLVAML, weight CDR3a
2024-11-14 08:22:47,481 - INFO - Processing rows 375 to 400 for swaps, peptide GLCTLVAML, weight CDR3a
2024-11-14 08:22:59,949 - INFO - Processing rows 400 to 425 for swaps, peptide GLCTLVAML, weight CDR3a
2024-11-14 08:23:08,309 - INFO - Processing rows 425 to 450 for swaps, peptide GLCTLVAML, weight CDR3a
2024-11-14 08:23:18,126 - INFO - Processing rows 450 to 475 for swaps, peptide GLCTLVAML, weight CDR3a
2024-11-14 08:23:26,903 - INFO - Processing rows 475 to 500 for swaps, peptide GLCTLVAML, weight CDR3a
2024-11-14 08:23:36,733 - INFO - Processing rows 500 to 525 for swaps, peptide GLCTLVAML, weight CDR3a
2024-11-14 08:23:45,502 - INFO - Processing rows 525 to 550 for swaps, peptide GLCTLVAML, weight CDR3a
2024-11-14 08:23:56,247 - INFO - Processing rows 550 to 575 for swaps, peptide GLCTLVAML, weight CDR3a
2024-11-14 08:24:05,123 - INFO - Processing rows 575 to 600 for swaps, peptide GLCTLVAML, weight CDR3a
2024-11-14 08:24:14,568 - INFO - Processing rows 600 to 625 for swaps, peptide GLCTLVAML, weight CDR3a
2024-11-14 08:24:22,920 - INFO - Processing rows 625 to 650 for swaps, peptide GLCTLVAML, weight CDR3a
2024-11-14 08:24:31,875 - INFO - Processing rows 650 to 675 for swaps, peptide GLCTLVAML, weight CDR3a
2024-11-14 08:24:41,249 - INFO - Processing rows 675 to 700 for swaps, peptide GLCTLVAML, weight CDR3a
2024-11-14 08:24:50,707 - INFO - Processing rows 700 to 725 for swaps, peptide GLCTLVAML, weight CDR3a
2024-11-14 08:25:00,666 - INFO - Processing rows 725 to 750 for swaps, peptide GLCTLVAML, weight CDR3a
2024-11-14 08:25:10,149 - INFO - Processing rows 750 to 775 for swaps, peptide GLCTLVAML, weight CDR3a
2024-11-14 08:25:19,079 - INFO - Processing rows 775 to 800 for swaps, peptide GLCTLVAML, weight CDR3a
2024-11-14 08:25:28,008 - INFO - Processing rows 800 to 825 for swaps, peptide GLCTLVAML, weight CDR3a
2024-11-14 08:25:36,933 - INFO - Processing rows 825 to 850 for swaps, peptide GLCTLVAML, weight CDR3a
2024-11-14 08:25:45,368 - INFO - Processing rows 850 to 875 for swaps, peptide GLCTLVAML, weight CDR3a
2024-11-14 08:25:55,242 - INFO - Processing rows 875 to 900 for swaps, peptide GLCTLVAML, weight CDR3a
2024-11-14 08:26:03,484 - INFO - Processing rows 900 to 925 for swaps, peptide GLCTLVAML, weight CDR3a
2024-11-14 08:26:11,667 - INFO - Processing rows 925 to 950 for swaps, peptide GLCTLVAML, weight CDR3a
2024-11-14 08:26:20,559 - INFO - Processing rows 950 to 975 for swaps, peptide GLCTLVAML, weight CDR3a
2024-11-14 08:26:29,789 - INFO - Processing rows 975 to 1000 for swaps, peptide GLCTLVAML, weight CDR3a
2024-11-14 08:26:39,660 - INFO - Processing rows 1000 to 1025 for swaps, peptide GLCTLVAML, weight CDR3a
2024-11-14 08:26:48,995 - INFO - Processing rows 1025 to 1050 for swaps, peptide GLCTLVAML, weight CDR3a
2024-11-14 08:26:57,841 - INFO - Processing rows 1050 to 1075 for swaps, peptide GLCTLVAML, weight CDR3a
2024-11-14 08:27:08,073 - INFO - Processing rows 1075 to 1100 for swaps, peptide GLCTLVAML, weight CDR3a
2024-11-14 08:27:17,737 - INFO - Processing rows 1100 to 1125 for swaps, peptide GLCTLVAML, weight CDR3a
2024-11-14 08:27:26,384 - INFO - Processing rows 1125 to 1150 for swaps, peptide GLCTLVAML, weight CDR3a
2024-11-14 08:27:34,458 - INFO - Processing rows 1150 to 1175 for swaps, peptide GLCTLVAML, weight CDR3a
2024-11-14 08:27:43,121 - INFO - Processing rows 1175 to 1200 for swaps, peptide GLCTLVAML, weight CDR3a
2024-11-14 08:27:51,262 - INFO - Processing rows 1200 to 1225 for swaps, peptide GLCTLVAML, weight CDR3a
2024-11-14 08:28:00,019 - INFO - Processing rows 1225 to 1250 for swaps, peptide GLCTLVAML, weight CDR3a
2024-11-14 08:28:11,343 - INFO - Processing rows 1250 to 1275 for swaps, peptide GLCTLVAML, weight CDR3a
2024-11-14 08:28:20,192 - INFO - Processing rows 1275 to 1300 for swaps, peptide GLCTLVAML, weight CDR3a
2024-11-14 08:28:30,486 - INFO - Processing rows 1300 to 1325 for swaps, peptide GLCTLVAML, weight CDR3a
2024-11-14 08:28:39,255 - INFO - Processing rows 1325 to 1350 for swaps, peptide GLCTLVAML, weight CDR3a
2024-11-14 08:28:47,052 - INFO - Processing rows 1350 to 1375 for swaps, peptide GLCTLVAML, weight CDR3a
2024-11-14 08:28:55,368 - INFO - Processing rows 1375 to 1400 for swaps, peptide GLCTLVAML, weight CDR3a
2024-11-14 08:29:05,637 - INFO - Processing rows 1400 to 1425 for swaps, peptide GLCTLVAML, weight CDR3a
2024-11-14 08:29:13,428 - INFO - Processing rows 1425 to 1450 for swaps, peptide GLCTLVAML, weight CDR3a
2024-11-14 08:29:22,174 - INFO - Processing rows 1450 to 1475 for swaps, peptide GLCTLVAML, weight CDR3a
2024-11-14 08:29:30,533 - INFO - Processing rows 1475 to 1500 for swaps, peptide GLCTLVAML, weight CDR3a
2024-11-14 08:29:38,791 - INFO - Processing rows 1500 to 1525 for swaps, peptide GLCTLVAML, weight CDR3a
2024-11-14 08:29:48,084 - INFO - Processing rows 1525 to 1550 for swaps, peptide GLCTLVAML, weight CDR3a
2024-11-14 08:29:56,739 - INFO - Processing rows 1550 to 1575 for swaps, peptide GLCTLVAML, weight CDR3a
2024-11-14 08:30:05,435 - INFO - Processing rows 1575 to 1600 for swaps, peptide GLCTLVAML, weight CDR3a
2024-11-14 08:30:13,530 - INFO - Processing rows 1600 to 1625 for swaps, peptide GLCTLVAML, weight CDR3a
2024-11-14 08:30:22,645 - INFO - Processing rows 1625 to 1626 for swaps, peptide GLCTLVAML, weight CDR3a
2024-11-14 08:30:23,324 - INFO - ESM finished.. Saving file...
2024-11-14 08:38:33,866 - INFO - Saved to /net/mimer/mnt/tank/projects2/emison/language_model/27th_Oct_new_matrices/04.11_new_esm/12.11/sequence_summed_vectors_swaps_GLCTLVAML_CDR3a.csv
