2024-11-13 19:22:55,844 - INFO - Loading and filtering dataset for peptide GLCTLVAML
2024-11-13 19:22:56,335 - INFO - Processing dataset for peptide GLCTLVAML with weight CDR1b
2024-11-13 19:22:56,338 - INFO - Processing rows 0 to 25 for swaps, peptide GLCTLVAML, weight CDR1b
2024-11-13 19:23:09,965 - INFO - Processing rows 25 to 50 for swaps, peptide GLCTLVAML, weight CDR1b
2024-11-13 19:23:25,671 - INFO - Processing rows 50 to 75 for swaps, peptide GLCTLVAML, weight CDR1b
2024-11-13 19:23:41,321 - INFO - Processing rows 75 to 100 for swaps, peptide GLCTLVAML, weight CDR1b
2024-11-13 19:23:56,862 - INFO - Processing rows 100 to 125 for swaps, peptide GLCTLVAML, weight CDR1b
2024-11-13 19:24:12,460 - INFO - Processing rows 125 to 150 for swaps, peptide GLCTLVAML, weight CDR1b
2024-11-13 19:24:27,871 - INFO - Processing rows 150 to 175 for swaps, peptide GLCTLVAML, weight CDR1b
2024-11-13 19:24:43,376 - INFO - Processing rows 175 to 200 for swaps, peptide GLCTLVAML, weight CDR1b
2024-11-13 19:24:58,990 - INFO - Processing rows 200 to 225 for swaps, peptide GLCTLVAML, weight CDR1b
2024-11-13 19:25:14,534 - INFO - Processing rows 225 to 250 for swaps, peptide GLCTLVAML, weight CDR1b
2024-11-13 19:25:29,991 - INFO - Processing rows 250 to 275 for swaps, peptide GLCTLVAML, weight CDR1b
2024-11-13 19:25:45,415 - INFO - Processing rows 275 to 300 for swaps, peptide GLCTLVAML, weight CDR1b
2024-11-13 19:25:59,993 - INFO - Processing rows 300 to 325 for swaps, peptide GLCTLVAML, weight CDR1b
2024-11-13 19:26:14,826 - INFO - Processing rows 325 to 350 for swaps, peptide GLCTLVAML, weight CDR1b
2024-11-13 19:26:30,437 - INFO - Processing rows 350 to 375 for swaps, peptide GLCTLVAML, weight CDR1b
2024-11-13 19:26:45,716 - INFO - Processing rows 375 to 400 for swaps, peptide GLCTLVAML, weight CDR1b
2024-11-13 19:27:00,843 - INFO - Processing rows 400 to 425 for swaps, peptide GLCTLVAML, weight CDR1b
2024-11-13 19:27:15,682 - INFO - Processing rows 425 to 450 for swaps, peptide GLCTLVAML, weight CDR1b
2024-11-13 19:27:31,139 - INFO - Processing rows 450 to 475 for swaps, peptide GLCTLVAML, weight CDR1b
2024-11-13 19:27:46,533 - INFO - Processing rows 475 to 500 for swaps, peptide GLCTLVAML, weight CDR1b
2024-11-13 19:28:01,885 - INFO - Processing rows 500 to 525 for swaps, peptide GLCTLVAML, weight CDR1b
2024-11-13 19:28:17,332 - INFO - Processing rows 525 to 550 for swaps, peptide GLCTLVAML, weight CDR1b
2024-11-13 19:28:32,755 - INFO - Processing rows 550 to 575 for swaps, peptide GLCTLVAML, weight CDR1b
2024-11-13 19:28:48,132 - INFO - Processing rows 575 to 600 for swaps, peptide GLCTLVAML, weight CDR1b
2024-11-13 19:29:02,020 - INFO - Processing rows 600 to 625 for swaps, peptide GLCTLVAML, weight CDR1b
2024-11-13 19:29:17,320 - INFO - Processing rows 625 to 650 for swaps, peptide GLCTLVAML, weight CDR1b
2024-11-13 19:29:32,498 - INFO - Processing rows 650 to 675 for swaps, peptide GLCTLVAML, weight CDR1b
2024-11-13 19:29:47,733 - INFO - Processing rows 675 to 700 for swaps, peptide GLCTLVAML, weight CDR1b
2024-11-13 19:30:02,898 - INFO - Processing rows 700 to 725 for swaps, peptide GLCTLVAML, weight CDR1b
2024-11-13 19:30:18,093 - INFO - Processing rows 725 to 750 for swaps, peptide GLCTLVAML, weight CDR1b
2024-11-13 19:30:33,355 - INFO - Processing rows 750 to 775 for swaps, peptide GLCTLVAML, weight CDR1b
2024-11-13 19:30:48,545 - INFO - Processing rows 775 to 800 for swaps, peptide GLCTLVAML, weight CDR1b
2024-11-13 19:31:03,834 - INFO - Processing rows 800 to 825 for swaps, peptide GLCTLVAML, weight CDR1b
2024-11-13 19:31:19,207 - INFO - Processing rows 825 to 850 for swaps, peptide GLCTLVAML, weight CDR1b
2024-11-13 19:31:34,526 - INFO - Processing rows 850 to 875 for swaps, peptide GLCTLVAML, weight CDR1b
2024-11-13 19:31:49,886 - INFO - Processing rows 875 to 900 for swaps, peptide GLCTLVAML, weight CDR1b
2024-11-13 19:32:05,256 - INFO - Processing rows 900 to 925 for swaps, peptide GLCTLVAML, weight CDR1b
2024-11-13 19:32:20,665 - INFO - Processing rows 925 to 950 for swaps, peptide GLCTLVAML, weight CDR1b
2024-11-13 19:32:35,993 - INFO - Processing rows 950 to 975 for swaps, peptide GLCTLVAML, weight CDR1b
2024-11-13 19:32:51,328 - INFO - Processing rows 975 to 1000 for swaps, peptide GLCTLVAML, weight CDR1b
2024-11-13 19:33:06,781 - INFO - Processing rows 1000 to 1025 for swaps, peptide GLCTLVAML, weight CDR1b
2024-11-13 19:33:22,176 - INFO - Processing rows 1025 to 1050 for swaps, peptide GLCTLVAML, weight CDR1b
2024-11-13 19:33:37,557 - INFO - Processing rows 1050 to 1075 for swaps, peptide GLCTLVAML, weight CDR1b
2024-11-13 19:33:52,882 - INFO - Processing rows 1075 to 1100 for swaps, peptide GLCTLVAML, weight CDR1b
2024-11-13 19:34:08,349 - INFO - Processing rows 1100 to 1125 for swaps, peptide GLCTLVAML, weight CDR1b
2024-11-13 19:34:24,051 - INFO - Processing rows 1125 to 1150 for swaps, peptide GLCTLVAML, weight CDR1b
2024-11-13 19:34:47,419 - INFO - Processing rows 1150 to 1175 for swaps, peptide GLCTLVAML, weight CDR1b
2024-11-13 19:35:04,544 - INFO - Processing rows 1175 to 1200 for swaps, peptide GLCTLVAML, weight CDR1b
2024-11-13 19:35:22,694 - INFO - Processing rows 1200 to 1225 for swaps, peptide GLCTLVAML, weight CDR1b
2024-11-13 19:35:39,872 - INFO - Processing rows 1225 to 1250 for swaps, peptide GLCTLVAML, weight CDR1b
2024-11-13 19:35:56,694 - INFO - Processing rows 1250 to 1275 for swaps, peptide GLCTLVAML, weight CDR1b
2024-11-13 19:36:12,746 - INFO - Processing rows 1275 to 1300 for swaps, peptide GLCTLVAML, weight CDR1b
2024-11-13 19:36:34,195 - INFO - Processing rows 1300 to 1325 for swaps, peptide GLCTLVAML, weight CDR1b
2024-11-13 19:36:49,710 - INFO - Processing rows 1325 to 1350 for swaps, peptide GLCTLVAML, weight CDR1b
2024-11-13 19:37:05,098 - INFO - Processing rows 1350 to 1375 for swaps, peptide GLCTLVAML, weight CDR1b
2024-11-13 19:37:20,503 - INFO - Processing rows 1375 to 1400 for swaps, peptide GLCTLVAML, weight CDR1b
2024-11-13 19:37:35,827 - INFO - Processing rows 1400 to 1425 for swaps, peptide GLCTLVAML, weight CDR1b
2024-11-13 19:37:51,197 - INFO - Processing rows 1425 to 1450 for swaps, peptide GLCTLVAML, weight CDR1b
2024-11-13 19:38:06,773 - INFO - Processing rows 1450 to 1475 for swaps, peptide GLCTLVAML, weight CDR1b
2024-11-13 19:38:22,355 - INFO - Processing rows 1475 to 1500 for swaps, peptide GLCTLVAML, weight CDR1b
2024-11-13 19:38:36,158 - INFO - Processing rows 1500 to 1525 for swaps, peptide GLCTLVAML, weight CDR1b
2024-11-13 19:38:51,725 - INFO - Processing rows 1525 to 1550 for swaps, peptide GLCTLVAML, weight CDR1b
2024-11-13 19:39:07,260 - INFO - Processing rows 1550 to 1575 for swaps, peptide GLCTLVAML, weight CDR1b
2024-11-13 19:39:22,685 - INFO - Processing rows 1575 to 1600 for swaps, peptide GLCTLVAML, weight CDR1b
2024-11-13 19:39:38,254 - INFO - Processing rows 1600 to 1625 for swaps, peptide GLCTLVAML, weight CDR1b
2024-11-13 19:39:53,651 - INFO - Processing rows 1625 to 1626 for swaps, peptide GLCTLVAML, weight CDR1b
Traceback (most recent call last):
  File "/net/mimer/mnt/tank/projects2/emison/language_model/27th_Oct_new_matrices/04.11_new_esm/12.11/run_esm_swaps.py", line 90, in <module>
    process_sequences(df_filtered, peptide, weight, "swaps")
  File "/net/mimer/mnt/tank/projects2/emison/language_model/27th_Oct_new_matrices/04.11_new_esm/12.11/run_esm_swaps.py", line 82, in process_sequences
    output_df.insert(0, "raw_index", raw_indexes)
  File "/home/projects2/emison/language_model/miniconda3/envs/esm2_emison/lib/python3.12/site-packages/pandas/core/frame.py", line 5171, in insert
    value, refs = self._sanitize_column(value)
                  ^^^^^^^^^^^^^^^^^^^^^^^^^^^^
  File "/home/projects2/emison/language_model/miniconda3/envs/esm2_emison/lib/python3.12/site-packages/pandas/core/frame.py", line 5266, in _sanitize_column
    com.require_length_match(value, self.index)
  File "/home/projects2/emison/language_model/miniconda3/envs/esm2_emison/lib/python3.12/site-packages/pandas/core/common.py", line 573, in require_length_match
    raise ValueError(
ValueError: Length of values (1626) does not match length of index (1)
