2024-11-13 19:12:05,765 - INFO - Loading and filtering dataset for peptide GLCTLVAML
2024-11-13 19:12:05,835 - INFO - Processing dataset for peptide GLCTLVAML with weight CDR1b
2024-11-13 19:12:05,837 - INFO - Processing rows 0 to 25 for binders, peptide GLCTLVAML, weight CDR1b
2024-11-13 19:12:08,729 - INFO - Processing rows 25 to 50 for binders, peptide GLCTLVAML, weight CDR1b
2024-11-13 19:12:11,287 - INFO - Processing rows 50 to 75 for binders, peptide GLCTLVAML, weight CDR1b
2024-11-13 19:12:13,929 - INFO - Processing rows 75 to 100 for binders, peptide GLCTLVAML, weight CDR1b
2024-11-13 19:12:16,722 - INFO - Processing rows 100 to 125 for binders, peptide GLCTLVAML, weight CDR1b
2024-11-13 19:12:19,473 - INFO - Processing rows 125 to 150 for binders, peptide GLCTLVAML, weight CDR1b
2024-11-13 19:12:22,056 - INFO - Processing rows 150 to 175 for binders, peptide GLCTLVAML, weight CDR1b
2024-11-13 19:12:24,170 - INFO - Processing rows 175 to 200 for binders, peptide GLCTLVAML, weight CDR1b
2024-11-13 19:12:26,114 - INFO - Processing rows 200 to 225 for binders, peptide GLCTLVAML, weight CDR1b
2024-11-13 19:12:27,903 - INFO - Processing rows 225 to 250 for binders, peptide GLCTLVAML, weight CDR1b
2024-11-13 19:12:29,705 - INFO - Processing rows 250 to 271 for binders, peptide GLCTLVAML, weight CDR1b
Traceback (most recent call last):
  File "/net/mimer/mnt/tank/projects2/emison/language_model/27th_Oct_new_matrices/04.11_new_esm/12.11/run_esm_binders.py", line 90, in <module>
    process_sequences(df_filtered, peptide, weight, "binders")
  File "/net/mimer/mnt/tank/projects2/emison/language_model/27th_Oct_new_matrices/04.11_new_esm/12.11/run_esm_binders.py", line 82, in process_sequences
    output_df.insert(0, "raw_index", raw_indexes)
  File "/home/projects2/emison/language_model/miniconda3/envs/esm2_emison/lib/python3.12/site-packages/pandas/core/frame.py", line 5171, in insert
    value, refs = self._sanitize_column(value)
                  ^^^^^^^^^^^^^^^^^^^^^^^^^^^^
  File "/home/projects2/emison/language_model/miniconda3/envs/esm2_emison/lib/python3.12/site-packages/pandas/core/frame.py", line 5266, in _sanitize_column
    com.require_length_match(value, self.index)
  File "/home/projects2/emison/language_model/miniconda3/envs/esm2_emison/lib/python3.12/site-packages/pandas/core/common.py", line 573, in require_length_match
    raise ValueError(
ValueError: Length of values (271) does not match length of index (21)
