2024-11-14 08:22:20,731 - INFO - Loading and filtering dataset for peptide GLCTLVAML
2024-11-14 08:22:21,136 - INFO - Processing dataset for peptide GLCTLVAML with weight TCRa
2024-11-14 08:22:21,139 - INFO - Processing rows 0 to 25 for swaps, peptide GLCTLVAML, weight TCRa
2024-11-14 08:30:58,395 - INFO - Processing rows 25 to 50 for swaps, peptide GLCTLVAML, weight TCRa
2024-11-14 08:39:28,564 - INFO - Processing rows 50 to 75 for swaps, peptide GLCTLVAML, weight TCRa
2024-11-14 08:48:00,512 - INFO - Processing rows 75 to 100 for swaps, peptide GLCTLVAML, weight TCRa
2024-11-14 08:56:21,996 - INFO - Processing rows 100 to 125 for swaps, peptide GLCTLVAML, weight TCRa
2024-11-14 09:04:39,597 - INFO - Processing rows 125 to 150 for swaps, peptide GLCTLVAML, weight TCRa
2024-11-14 09:13:00,412 - INFO - Processing rows 150 to 175 for swaps, peptide GLCTLVAML, weight TCRa
2024-11-14 09:21:18,611 - INFO - Processing rows 175 to 200 for swaps, peptide GLCTLVAML, weight TCRa
2024-11-14 09:29:39,070 - INFO - Processing rows 200 to 225 for swaps, peptide GLCTLVAML, weight TCRa
2024-11-14 09:38:02,403 - INFO - Processing rows 225 to 250 for swaps, peptide GLCTLVAML, weight TCRa
2024-11-14 09:46:17,331 - INFO - Processing rows 250 to 275 for swaps, peptide GLCTLVAML, weight TCRa
2024-11-14 09:54:25,806 - INFO - Processing rows 275 to 300 for swaps, peptide GLCTLVAML, weight TCRa
2024-11-14 10:02:37,975 - INFO - Processing rows 300 to 325 for swaps, peptide GLCTLVAML, weight TCRa
2024-11-14 10:11:01,332 - INFO - Processing rows 325 to 350 for swaps, peptide GLCTLVAML, weight TCRa
2024-11-14 10:19:25,181 - INFO - Processing rows 350 to 375 for swaps, peptide GLCTLVAML, weight TCRa
2024-11-14 10:27:37,261 - INFO - Processing rows 375 to 400 for swaps, peptide GLCTLVAML, weight TCRa
2024-11-14 10:35:56,306 - INFO - Processing rows 400 to 425 for swaps, peptide GLCTLVAML, weight TCRa
2024-11-14 10:44:11,452 - INFO - Processing rows 425 to 450 for swaps, peptide GLCTLVAML, weight TCRa
2024-11-14 10:52:29,660 - INFO - Processing rows 450 to 475 for swaps, peptide GLCTLVAML, weight TCRa
2024-11-14 11:00:48,590 - INFO - Processing rows 475 to 500 for swaps, peptide GLCTLVAML, weight TCRa
2024-11-14 11:09:09,160 - INFO - Processing rows 500 to 525 for swaps, peptide GLCTLVAML, weight TCRa
2024-11-14 11:17:28,031 - INFO - Processing rows 525 to 550 for swaps, peptide GLCTLVAML, weight TCRa
2024-11-14 11:25:49,699 - INFO - Processing rows 550 to 575 for swaps, peptide GLCTLVAML, weight TCRa
2024-11-14 11:34:14,032 - INFO - Processing rows 575 to 600 for swaps, peptide GLCTLVAML, weight TCRa
2024-11-14 11:42:34,417 - INFO - Processing rows 600 to 625 for swaps, peptide GLCTLVAML, weight TCRa
2024-11-14 11:50:47,271 - INFO - Processing rows 625 to 650 for swaps, peptide GLCTLVAML, weight TCRa
2024-11-14 11:59:04,361 - INFO - Processing rows 650 to 675 for swaps, peptide GLCTLVAML, weight TCRa
2024-11-14 12:07:25,720 - INFO - Processing rows 675 to 700 for swaps, peptide GLCTLVAML, weight TCRa
2024-11-14 12:15:46,464 - INFO - Processing rows 700 to 725 for swaps, peptide GLCTLVAML, weight TCRa
2024-11-14 12:24:03,740 - INFO - Processing rows 725 to 750 for swaps, peptide GLCTLVAML, weight TCRa
2024-11-14 12:32:17,616 - INFO - Processing rows 750 to 775 for swaps, peptide GLCTLVAML, weight TCRa
2024-11-14 12:40:38,847 - INFO - Processing rows 775 to 800 for swaps, peptide GLCTLVAML, weight TCRa
2024-11-14 12:48:53,027 - INFO - Processing rows 800 to 825 for swaps, peptide GLCTLVAML, weight TCRa
2024-11-14 12:57:05,943 - INFO - Processing rows 825 to 850 for swaps, peptide GLCTLVAML, weight TCRa
2024-11-14 13:05:13,618 - INFO - Processing rows 850 to 875 for swaps, peptide GLCTLVAML, weight TCRa
2024-11-14 13:13:29,418 - INFO - Processing rows 875 to 900 for swaps, peptide GLCTLVAML, weight TCRa
2024-11-14 13:21:34,761 - INFO - Processing rows 900 to 925 for swaps, peptide GLCTLVAML, weight TCRa
2024-11-14 13:29:43,953 - INFO - Processing rows 925 to 950 for swaps, peptide GLCTLVAML, weight TCRa
2024-11-14 13:37:55,675 - INFO - Processing rows 950 to 975 for swaps, peptide GLCTLVAML, weight TCRa
2024-11-14 13:46:07,840 - INFO - Processing rows 975 to 1000 for swaps, peptide GLCTLVAML, weight TCRa
2024-11-14 13:54:00,524 - INFO - Processing rows 1000 to 1025 for swaps, peptide GLCTLVAML, weight TCRa
2024-11-14 14:01:53,141 - INFO - Processing rows 1025 to 1050 for swaps, peptide GLCTLVAML, weight TCRa
2024-11-14 14:09:41,753 - INFO - Processing rows 1050 to 1075 for swaps, peptide GLCTLVAML, weight TCRa
2024-11-14 14:17:36,007 - INFO - Processing rows 1075 to 1100 for swaps, peptide GLCTLVAML, weight TCRa
2024-11-14 14:25:30,582 - INFO - Processing rows 1100 to 1125 for swaps, peptide GLCTLVAML, weight TCRa
2024-11-14 14:33:38,269 - INFO - Processing rows 1125 to 1150 for swaps, peptide GLCTLVAML, weight TCRa
2024-11-14 14:41:21,637 - INFO - Processing rows 1150 to 1175 for swaps, peptide GLCTLVAML, weight TCRa
2024-11-14 14:49:08,987 - INFO - Processing rows 1175 to 1200 for swaps, peptide GLCTLVAML, weight TCRa
2024-11-14 14:56:51,670 - INFO - Processing rows 1200 to 1225 for swaps, peptide GLCTLVAML, weight TCRa
2024-11-14 15:04:48,298 - INFO - Processing rows 1225 to 1250 for swaps, peptide GLCTLVAML, weight TCRa
2024-11-14 15:12:57,269 - INFO - Processing rows 1250 to 1275 for swaps, peptide GLCTLVAML, weight TCRa
2024-11-14 15:20:47,423 - INFO - Processing rows 1275 to 1300 for swaps, peptide GLCTLVAML, weight TCRa
2024-11-14 15:28:38,376 - INFO - Processing rows 1300 to 1325 for swaps, peptide GLCTLVAML, weight TCRa
2024-11-14 15:36:21,573 - INFO - Processing rows 1325 to 1350 for swaps, peptide GLCTLVAML, weight TCRa
2024-11-14 15:44:03,960 - INFO - Processing rows 1350 to 1375 for swaps, peptide GLCTLVAML, weight TCRa
2024-11-14 15:51:54,104 - INFO - Processing rows 1375 to 1400 for swaps, peptide GLCTLVAML, weight TCRa
2024-11-14 15:59:47,081 - INFO - Processing rows 1400 to 1425 for swaps, peptide GLCTLVAML, weight TCRa
2024-11-14 16:07:28,701 - INFO - Processing rows 1425 to 1450 for swaps, peptide GLCTLVAML, weight TCRa
2024-11-14 16:15:11,580 - INFO - Processing rows 1450 to 1475 for swaps, peptide GLCTLVAML, weight TCRa
2024-11-14 16:22:59,407 - INFO - Processing rows 1475 to 1500 for swaps, peptide GLCTLVAML, weight TCRa
2024-11-14 16:30:42,585 - INFO - Processing rows 1500 to 1525 for swaps, peptide GLCTLVAML, weight TCRa
2024-11-14 16:38:37,578 - INFO - Processing rows 1525 to 1550 for swaps, peptide GLCTLVAML, weight TCRa
2024-11-14 16:46:24,400 - INFO - Processing rows 1550 to 1575 for swaps, peptide GLCTLVAML, weight TCRa
2024-11-14 16:54:18,593 - INFO - Processing rows 1575 to 1600 for swaps, peptide GLCTLVAML, weight TCRa
2024-11-14 17:02:05,703 - INFO - Processing rows 1600 to 1625 for swaps, peptide GLCTLVAML, weight TCRa
2024-11-14 17:09:56,178 - INFO - Processing rows 1625 to 1626 for swaps, peptide GLCTLVAML, weight TCRa
2024-11-14 17:10:13,179 - INFO - ESM finished.. Saving file...
2024-11-14 17:20:23,160 - INFO - Saved to /net/mimer/mnt/tank/projects2/emison/language_model/27th_Oct_new_matrices/04.11_new_esm/12.11/sequence_summed_vectors_swaps_GLCTLVAML_TCRa.csv
