2024-11-14 08:20:18,542 - INFO - Loading and filtering dataset for peptide GLCTLVAML
2024-11-14 08:20:18,851 - INFO - Processing dataset for peptide GLCTLVAML with weight CDR2a
2024-11-14 08:20:18,853 - INFO - Processing rows 0 to 25 for swaps, peptide GLCTLVAML, weight CDR2a
2024-11-14 08:20:23,894 - INFO - Processing rows 25 to 50 for swaps, peptide GLCTLVAML, weight CDR2a
2024-11-14 08:20:29,228 - INFO - Processing rows 50 to 75 for swaps, peptide GLCTLVAML, weight CDR2a
2024-11-14 08:20:34,457 - INFO - Processing rows 75 to 100 for swaps, peptide GLCTLVAML, weight CDR2a
2024-11-14 08:20:39,704 - INFO - Processing rows 100 to 125 for swaps, peptide GLCTLVAML, weight CDR2a
2024-11-14 08:20:44,995 - INFO - Processing rows 125 to 150 for swaps, peptide GLCTLVAML, weight CDR2a
2024-11-14 08:20:50,240 - INFO - Processing rows 150 to 175 for swaps, peptide GLCTLVAML, weight CDR2a
2024-11-14 08:20:55,466 - INFO - Processing rows 175 to 200 for swaps, peptide GLCTLVAML, weight CDR2a
2024-11-14 08:21:00,707 - INFO - Processing rows 200 to 225 for swaps, peptide GLCTLVAML, weight CDR2a
2024-11-14 08:21:05,935 - INFO - Processing rows 225 to 250 for swaps, peptide GLCTLVAML, weight CDR2a
2024-11-14 08:21:11,119 - INFO - Processing rows 250 to 275 for swaps, peptide GLCTLVAML, weight CDR2a
2024-11-14 08:21:16,167 - INFO - Processing rows 275 to 300 for swaps, peptide GLCTLVAML, weight CDR2a
2024-11-14 08:21:21,228 - INFO - Processing rows 300 to 325 for swaps, peptide GLCTLVAML, weight CDR2a
2024-11-14 08:21:26,281 - INFO - Processing rows 325 to 350 for swaps, peptide GLCTLVAML, weight CDR2a
2024-11-14 08:21:31,344 - INFO - Processing rows 350 to 375 for swaps, peptide GLCTLVAML, weight CDR2a
2024-11-14 08:21:36,526 - INFO - Processing rows 375 to 400 for swaps, peptide GLCTLVAML, weight CDR2a
2024-11-14 08:21:41,684 - INFO - Processing rows 400 to 425 for swaps, peptide GLCTLVAML, weight CDR2a
2024-11-14 08:21:46,902 - INFO - Processing rows 425 to 450 for swaps, peptide GLCTLVAML, weight CDR2a
2024-11-14 08:21:52,057 - INFO - Processing rows 450 to 475 for swaps, peptide GLCTLVAML, weight CDR2a
2024-11-14 08:21:57,286 - INFO - Processing rows 475 to 500 for swaps, peptide GLCTLVAML, weight CDR2a
2024-11-14 08:22:02,443 - INFO - Processing rows 500 to 525 for swaps, peptide GLCTLVAML, weight CDR2a
2024-11-14 08:22:07,649 - INFO - Processing rows 525 to 550 for swaps, peptide GLCTLVAML, weight CDR2a
2024-11-14 08:22:12,815 - INFO - Processing rows 550 to 575 for swaps, peptide GLCTLVAML, weight CDR2a
2024-11-14 08:22:17,964 - INFO - Processing rows 575 to 600 for swaps, peptide GLCTLVAML, weight CDR2a
2024-11-14 08:22:23,115 - INFO - Processing rows 600 to 625 for swaps, peptide GLCTLVAML, weight CDR2a
2024-11-14 08:22:28,249 - INFO - Processing rows 625 to 650 for swaps, peptide GLCTLVAML, weight CDR2a
2024-11-14 08:22:33,458 - INFO - Processing rows 650 to 675 for swaps, peptide GLCTLVAML, weight CDR2a
2024-11-14 08:22:38,622 - INFO - Processing rows 675 to 700 for swaps, peptide GLCTLVAML, weight CDR2a
2024-11-14 08:22:43,780 - INFO - Processing rows 700 to 725 for swaps, peptide GLCTLVAML, weight CDR2a
2024-11-14 08:22:48,919 - INFO - Processing rows 725 to 750 for swaps, peptide GLCTLVAML, weight CDR2a
2024-11-14 08:22:54,013 - INFO - Processing rows 750 to 775 for swaps, peptide GLCTLVAML, weight CDR2a
2024-11-14 08:22:59,066 - INFO - Processing rows 775 to 800 for swaps, peptide GLCTLVAML, weight CDR2a
2024-11-14 08:23:04,124 - INFO - Processing rows 800 to 825 for swaps, peptide GLCTLVAML, weight CDR2a
2024-11-14 08:23:09,186 - INFO - Processing rows 825 to 850 for swaps, peptide GLCTLVAML, weight CDR2a
2024-11-14 08:23:14,246 - INFO - Processing rows 850 to 875 for swaps, peptide GLCTLVAML, weight CDR2a
2024-11-14 08:23:19,295 - INFO - Processing rows 875 to 900 for swaps, peptide GLCTLVAML, weight CDR2a
2024-11-14 08:23:24,355 - INFO - Processing rows 900 to 925 for swaps, peptide GLCTLVAML, weight CDR2a
2024-11-14 08:23:29,410 - INFO - Processing rows 925 to 950 for swaps, peptide GLCTLVAML, weight CDR2a
2024-11-14 08:23:34,514 - INFO - Processing rows 950 to 975 for swaps, peptide GLCTLVAML, weight CDR2a
2024-11-14 08:23:39,665 - INFO - Processing rows 975 to 1000 for swaps, peptide GLCTLVAML, weight CDR2a
2024-11-14 08:23:44,819 - INFO - Processing rows 1000 to 1025 for swaps, peptide GLCTLVAML, weight CDR2a
2024-11-14 08:23:49,968 - INFO - Processing rows 1025 to 1050 for swaps, peptide GLCTLVAML, weight CDR2a
2024-11-14 08:23:55,117 - INFO - Processing rows 1050 to 1075 for swaps, peptide GLCTLVAML, weight CDR2a
2024-11-14 08:24:00,265 - INFO - Processing rows 1075 to 1100 for swaps, peptide GLCTLVAML, weight CDR2a
2024-11-14 08:24:05,400 - INFO - Processing rows 1100 to 1125 for swaps, peptide GLCTLVAML, weight CDR2a
2024-11-14 08:24:10,545 - INFO - Processing rows 1125 to 1150 for swaps, peptide GLCTLVAML, weight CDR2a
2024-11-14 08:24:15,673 - INFO - Processing rows 1150 to 1175 for swaps, peptide GLCTLVAML, weight CDR2a
2024-11-14 08:24:20,828 - INFO - Processing rows 1175 to 1200 for swaps, peptide GLCTLVAML, weight CDR2a
2024-11-14 08:24:25,906 - INFO - Processing rows 1200 to 1225 for swaps, peptide GLCTLVAML, weight CDR2a
2024-11-14 08:24:31,006 - INFO - Processing rows 1225 to 1250 for swaps, peptide GLCTLVAML, weight CDR2a
2024-11-14 08:24:36,156 - INFO - Processing rows 1250 to 1275 for swaps, peptide GLCTLVAML, weight CDR2a
2024-11-14 08:24:41,286 - INFO - Processing rows 1275 to 1300 for swaps, peptide GLCTLVAML, weight CDR2a
2024-11-14 08:24:46,418 - INFO - Processing rows 1300 to 1325 for swaps, peptide GLCTLVAML, weight CDR2a
2024-11-14 08:24:51,546 - INFO - Processing rows 1325 to 1350 for swaps, peptide GLCTLVAML, weight CDR2a
2024-11-14 08:24:56,613 - INFO - Processing rows 1350 to 1375 for swaps, peptide GLCTLVAML, weight CDR2a
2024-11-14 08:25:01,735 - INFO - Processing rows 1375 to 1400 for swaps, peptide GLCTLVAML, weight CDR2a
2024-11-14 08:25:06,874 - INFO - Processing rows 1400 to 1425 for swaps, peptide GLCTLVAML, weight CDR2a
2024-11-14 08:25:12,004 - INFO - Processing rows 1425 to 1450 for swaps, peptide GLCTLVAML, weight CDR2a
2024-11-14 08:25:17,134 - INFO - Processing rows 1450 to 1475 for swaps, peptide GLCTLVAML, weight CDR2a
2024-11-14 08:25:22,269 - INFO - Processing rows 1475 to 1500 for swaps, peptide GLCTLVAML, weight CDR2a
2024-11-14 08:25:27,349 - INFO - Processing rows 1500 to 1525 for swaps, peptide GLCTLVAML, weight CDR2a
2024-11-14 08:25:32,394 - INFO - Processing rows 1525 to 1550 for swaps, peptide GLCTLVAML, weight CDR2a
2024-11-14 08:25:37,454 - INFO - Processing rows 1550 to 1575 for swaps, peptide GLCTLVAML, weight CDR2a
2024-11-14 08:25:42,501 - INFO - Processing rows 1575 to 1600 for swaps, peptide GLCTLVAML, weight CDR2a
2024-11-14 08:25:47,549 - INFO - Processing rows 1600 to 1625 for swaps, peptide GLCTLVAML, weight CDR2a
2024-11-14 08:25:52,588 - INFO - Processing rows 1625 to 1626 for swaps, peptide GLCTLVAML, weight CDR2a
2024-11-14 08:25:53,019 - INFO - ESM finished.. Saving file...
2024-11-14 08:33:44,482 - INFO - Saved to /net/mimer/mnt/tank/projects2/emison/language_model/27th_Oct_new_matrices/04.11_new_esm/12.11/sequence_summed_vectors_swaps_GLCTLVAML_CDR2a.csv
