2024-11-14 08:04:09,241 - INFO - Loading and filtering dataset for peptide GLCTLVAML
2024-11-14 08:04:09,425 - INFO - Processing dataset for peptide GLCTLVAML with weight CDR1b
2024-11-14 08:04:09,426 - INFO - Processing rows 0 to 25 for swaps, peptide GLCTLVAML, weight CDR1b
2024-11-14 08:04:10,943 - INFO - Processing rows 25 to 50 for swaps, peptide GLCTLVAML, weight CDR1b
2024-11-14 08:04:12,590 - INFO - Processing rows 50 to 75 for swaps, peptide GLCTLVAML, weight CDR1b
2024-11-14 08:04:14,295 - INFO - Processing rows 75 to 100 for swaps, peptide GLCTLVAML, weight CDR1b
2024-11-14 08:04:16,021 - INFO - Processing rows 100 to 125 for swaps, peptide GLCTLVAML, weight CDR1b
2024-11-14 08:04:17,699 - INFO - Processing rows 125 to 150 for swaps, peptide GLCTLVAML, weight CDR1b
2024-11-14 08:04:19,397 - INFO - Processing rows 150 to 175 for swaps, peptide GLCTLVAML, weight CDR1b
2024-11-14 08:04:21,128 - INFO - Processing rows 175 to 200 for swaps, peptide GLCTLVAML, weight CDR1b
2024-11-14 08:04:22,860 - INFO - Processing rows 200 to 225 for swaps, peptide GLCTLVAML, weight CDR1b
2024-11-14 08:04:24,595 - INFO - Processing rows 225 to 250 for swaps, peptide GLCTLVAML, weight CDR1b
2024-11-14 08:04:26,341 - INFO - Processing rows 250 to 275 for swaps, peptide GLCTLVAML, weight CDR1b
2024-11-14 08:04:28,087 - INFO - Processing rows 275 to 300 for swaps, peptide GLCTLVAML, weight CDR1b
2024-11-14 08:04:29,830 - INFO - Processing rows 300 to 325 for swaps, peptide GLCTLVAML, weight CDR1b
2024-11-14 08:04:31,580 - INFO - Processing rows 325 to 350 for swaps, peptide GLCTLVAML, weight CDR1b
2024-11-14 08:04:33,295 - INFO - Processing rows 350 to 375 for swaps, peptide GLCTLVAML, weight CDR1b
2024-11-14 08:04:35,000 - INFO - Processing rows 375 to 400 for swaps, peptide GLCTLVAML, weight CDR1b
2024-11-14 08:04:36,694 - INFO - Processing rows 400 to 425 for swaps, peptide GLCTLVAML, weight CDR1b
2024-11-14 08:04:38,373 - INFO - Processing rows 425 to 450 for swaps, peptide GLCTLVAML, weight CDR1b
2024-11-14 08:04:40,113 - INFO - Processing rows 450 to 475 for swaps, peptide GLCTLVAML, weight CDR1b
2024-11-14 08:04:41,861 - INFO - Processing rows 475 to 500 for swaps, peptide GLCTLVAML, weight CDR1b
2024-11-14 08:04:43,536 - INFO - Processing rows 500 to 525 for swaps, peptide GLCTLVAML, weight CDR1b
2024-11-14 08:04:45,256 - INFO - Processing rows 525 to 550 for swaps, peptide GLCTLVAML, weight CDR1b
2024-11-14 08:04:46,988 - INFO - Processing rows 550 to 575 for swaps, peptide GLCTLVAML, weight CDR1b
2024-11-14 08:04:48,704 - INFO - Processing rows 575 to 600 for swaps, peptide GLCTLVAML, weight CDR1b
2024-11-14 08:04:50,226 - INFO - Processing rows 600 to 625 for swaps, peptide GLCTLVAML, weight CDR1b
2024-11-14 08:04:51,950 - INFO - Processing rows 625 to 650 for swaps, peptide GLCTLVAML, weight CDR1b
2024-11-14 08:04:53,684 - INFO - Processing rows 650 to 675 for swaps, peptide GLCTLVAML, weight CDR1b
2024-11-14 08:04:55,357 - INFO - Processing rows 675 to 700 for swaps, peptide GLCTLVAML, weight CDR1b
2024-11-14 08:04:57,090 - INFO - Processing rows 700 to 725 for swaps, peptide GLCTLVAML, weight CDR1b
2024-11-14 08:04:58,834 - INFO - Processing rows 725 to 750 for swaps, peptide GLCTLVAML, weight CDR1b
2024-11-14 08:05:00,541 - INFO - Processing rows 750 to 775 for swaps, peptide GLCTLVAML, weight CDR1b
2024-11-14 08:05:02,241 - INFO - Processing rows 775 to 800 for swaps, peptide GLCTLVAML, weight CDR1b
2024-11-14 08:05:03,932 - INFO - Processing rows 800 to 825 for swaps, peptide GLCTLVAML, weight CDR1b
2024-11-14 08:05:05,625 - INFO - Processing rows 825 to 850 for swaps, peptide GLCTLVAML, weight CDR1b
2024-11-14 08:05:07,314 - INFO - Processing rows 850 to 875 for swaps, peptide GLCTLVAML, weight CDR1b
2024-11-14 08:05:08,976 - INFO - Processing rows 875 to 900 for swaps, peptide GLCTLVAML, weight CDR1b
2024-11-14 08:05:10,650 - INFO - Processing rows 900 to 925 for swaps, peptide GLCTLVAML, weight CDR1b
2024-11-14 08:05:12,336 - INFO - Processing rows 925 to 950 for swaps, peptide GLCTLVAML, weight CDR1b
2024-11-14 08:05:14,013 - INFO - Processing rows 950 to 975 for swaps, peptide GLCTLVAML, weight CDR1b
2024-11-14 08:05:15,685 - INFO - Processing rows 975 to 1000 for swaps, peptide GLCTLVAML, weight CDR1b
2024-11-14 08:05:17,346 - INFO - Processing rows 1000 to 1025 for swaps, peptide GLCTLVAML, weight CDR1b
2024-11-14 08:05:19,012 - INFO - Processing rows 1025 to 1050 for swaps, peptide GLCTLVAML, weight CDR1b
2024-11-14 08:05:20,674 - INFO - Processing rows 1050 to 1075 for swaps, peptide GLCTLVAML, weight CDR1b
2024-11-14 08:05:22,352 - INFO - Processing rows 1075 to 1100 for swaps, peptide GLCTLVAML, weight CDR1b
2024-11-14 08:05:24,027 - INFO - Processing rows 1100 to 1125 for swaps, peptide GLCTLVAML, weight CDR1b
2024-11-14 08:05:25,687 - INFO - Processing rows 1125 to 1150 for swaps, peptide GLCTLVAML, weight CDR1b
2024-11-14 08:05:27,356 - INFO - Processing rows 1150 to 1175 for swaps, peptide GLCTLVAML, weight CDR1b
2024-11-14 08:05:29,041 - INFO - Processing rows 1175 to 1200 for swaps, peptide GLCTLVAML, weight CDR1b
2024-11-14 08:05:30,713 - INFO - Processing rows 1200 to 1225 for swaps, peptide GLCTLVAML, weight CDR1b
2024-11-14 08:05:32,403 - INFO - Processing rows 1225 to 1250 for swaps, peptide GLCTLVAML, weight CDR1b
2024-11-14 08:05:34,078 - INFO - Processing rows 1250 to 1275 for swaps, peptide GLCTLVAML, weight CDR1b
2024-11-14 08:05:35,742 - INFO - Processing rows 1275 to 1300 for swaps, peptide GLCTLVAML, weight CDR1b
2024-11-14 08:05:37,444 - INFO - Processing rows 1300 to 1325 for swaps, peptide GLCTLVAML, weight CDR1b
2024-11-14 08:05:39,137 - INFO - Processing rows 1325 to 1350 for swaps, peptide GLCTLVAML, weight CDR1b
2024-11-14 08:05:40,873 - INFO - Processing rows 1350 to 1375 for swaps, peptide GLCTLVAML, weight CDR1b
2024-11-14 08:05:42,615 - INFO - Processing rows 1375 to 1400 for swaps, peptide GLCTLVAML, weight CDR1b
2024-11-14 08:05:44,303 - INFO - Processing rows 1400 to 1425 for swaps, peptide GLCTLVAML, weight CDR1b
2024-11-14 08:05:46,032 - INFO - Processing rows 1425 to 1450 for swaps, peptide GLCTLVAML, weight CDR1b
2024-11-14 08:05:47,699 - INFO - Processing rows 1450 to 1475 for swaps, peptide GLCTLVAML, weight CDR1b
2024-11-14 08:05:49,438 - INFO - Processing rows 1475 to 1500 for swaps, peptide GLCTLVAML, weight CDR1b
2024-11-14 08:05:50,974 - INFO - Processing rows 1500 to 1525 for swaps, peptide GLCTLVAML, weight CDR1b
2024-11-14 08:05:52,692 - INFO - Processing rows 1525 to 1550 for swaps, peptide GLCTLVAML, weight CDR1b
2024-11-14 08:05:54,368 - INFO - Processing rows 1550 to 1575 for swaps, peptide GLCTLVAML, weight CDR1b
2024-11-14 08:05:56,074 - INFO - Processing rows 1575 to 1600 for swaps, peptide GLCTLVAML, weight CDR1b
2024-11-14 08:05:57,752 - INFO - Processing rows 1600 to 1625 for swaps, peptide GLCTLVAML, weight CDR1b
2024-11-14 08:05:59,448 - INFO - Processing rows 1625 to 1626 for swaps, peptide GLCTLVAML, weight CDR1b
Traceback (most recent call last):
  File "/net/mimer/mnt/tank/projects2/emison/language_model/27th_Oct_new_matrices/04.11_new_esm/12.11/run_esm_swaps.py", line 90, in <module>
    process_sequences(df_filtered, peptide, weight, "swaps")
  File "/net/mimer/mnt/tank/projects2/emison/language_model/27th_Oct_new_matrices/04.11_new_esm/12.11/run_esm_swaps.py", line 82, in process_sequences
    output_df.insert(0, "raw_index", raw_indexes)
  File "/home/projects2/emison/language_model/miniconda3/envs/esm2_emison/lib/python3.12/site-packages/pandas/core/frame.py", line 5171, in insert
    value, refs = self._sanitize_column(value)
                  ^^^^^^^^^^^^^^^^^^^^^^^^^^^^
  File "/home/projects2/emison/language_model/miniconda3/envs/esm2_emison/lib/python3.12/site-packages/pandas/core/frame.py", line 5266, in _sanitize_column
    com.require_length_match(value, self.index)
  File "/home/projects2/emison/language_model/miniconda3/envs/esm2_emison/lib/python3.12/site-packages/pandas/core/common.py", line 573, in require_length_match
    raise ValueError(
ValueError: Length of values (1626) does not match length of index (1)
