2024-11-13 19:23:27,879 - INFO - Loading and filtering dataset for peptide GLCTLVAML
2024-11-13 19:23:28,290 - INFO - Processing dataset for peptide GLCTLVAML with weight CDR3a
2024-11-13 19:23:28,292 - INFO - Processing rows 0 to 25 for swaps, peptide GLCTLVAML, weight CDR3a
2024-11-13 19:23:51,664 - INFO - Processing rows 25 to 50 for swaps, peptide GLCTLVAML, weight CDR3a
2024-11-13 19:24:23,246 - INFO - Processing rows 50 to 75 for swaps, peptide GLCTLVAML, weight CDR3a
2024-11-13 19:24:55,847 - INFO - Processing rows 75 to 100 for swaps, peptide GLCTLVAML, weight CDR3a
2024-11-13 19:25:23,878 - INFO - Processing rows 100 to 125 for swaps, peptide GLCTLVAML, weight CDR3a
2024-11-13 19:25:48,980 - INFO - Processing rows 125 to 150 for swaps, peptide GLCTLVAML, weight CDR3a
2024-11-13 19:26:21,417 - INFO - Processing rows 150 to 175 for swaps, peptide GLCTLVAML, weight CDR3a
2024-11-13 19:26:46,459 - INFO - Processing rows 175 to 200 for swaps, peptide GLCTLVAML, weight CDR3a
2024-11-13 19:27:11,707 - INFO - Processing rows 200 to 225 for swaps, peptide GLCTLVAML, weight CDR3a
2024-11-13 19:27:38,361 - INFO - Processing rows 225 to 250 for swaps, peptide GLCTLVAML, weight CDR3a
2024-11-13 19:28:07,575 - INFO - Processing rows 250 to 275 for swaps, peptide GLCTLVAML, weight CDR3a
2024-11-13 19:28:29,874 - INFO - Processing rows 275 to 300 for swaps, peptide GLCTLVAML, weight CDR3a
2024-11-13 19:28:56,328 - INFO - Processing rows 300 to 325 for swaps, peptide GLCTLVAML, weight CDR3a
2024-11-13 19:29:27,571 - INFO - Processing rows 325 to 350 for swaps, peptide GLCTLVAML, weight CDR3a
2024-11-13 19:29:53,966 - INFO - Processing rows 350 to 375 for swaps, peptide GLCTLVAML, weight CDR3a
2024-11-13 19:30:17,645 - INFO - Processing rows 375 to 400 for swaps, peptide GLCTLVAML, weight CDR3a
2024-11-13 19:30:52,876 - INFO - Processing rows 400 to 425 for swaps, peptide GLCTLVAML, weight CDR3a
2024-11-13 19:31:16,491 - INFO - Processing rows 425 to 450 for swaps, peptide GLCTLVAML, weight CDR3a
2024-11-13 19:31:44,396 - INFO - Processing rows 450 to 475 for swaps, peptide GLCTLVAML, weight CDR3a
2024-11-13 19:32:09,497 - INFO - Processing rows 475 to 500 for swaps, peptide GLCTLVAML, weight CDR3a
2024-11-13 19:32:37,525 - INFO - Processing rows 500 to 525 for swaps, peptide GLCTLVAML, weight CDR3a
2024-11-13 19:33:02,740 - INFO - Processing rows 525 to 550 for swaps, peptide GLCTLVAML, weight CDR3a
2024-11-13 19:33:34,358 - INFO - Processing rows 550 to 575 for swaps, peptide GLCTLVAML, weight CDR3a
2024-11-13 19:33:59,528 - INFO - Processing rows 575 to 600 for swaps, peptide GLCTLVAML, weight CDR3a
2024-11-13 19:34:26,063 - INFO - Processing rows 600 to 625 for swaps, peptide GLCTLVAML, weight CDR3a
2024-11-13 19:34:49,535 - INFO - Processing rows 625 to 650 for swaps, peptide GLCTLVAML, weight CDR3a
2024-11-13 19:35:14,660 - INFO - Processing rows 650 to 675 for swaps, peptide GLCTLVAML, weight CDR3a
2024-11-13 19:35:41,309 - INFO - Processing rows 675 to 700 for swaps, peptide GLCTLVAML, weight CDR3a
2024-11-13 19:36:08,061 - INFO - Processing rows 700 to 725 for swaps, peptide GLCTLVAML, weight CDR3a
2024-11-13 19:36:35,875 - INFO - Processing rows 725 to 750 for swaps, peptide GLCTLVAML, weight CDR3a
2024-11-13 19:37:02,096 - INFO - Processing rows 750 to 775 for swaps, peptide GLCTLVAML, weight CDR3a
2024-11-13 19:37:26,944 - INFO - Processing rows 775 to 800 for swaps, peptide GLCTLVAML, weight CDR3a
2024-11-13 19:37:51,979 - INFO - Processing rows 800 to 825 for swaps, peptide GLCTLVAML, weight CDR3a
2024-11-13 19:38:17,017 - INFO - Processing rows 825 to 850 for swaps, peptide GLCTLVAML, weight CDR3a
2024-11-13 19:38:40,625 - INFO - Processing rows 850 to 875 for swaps, peptide GLCTLVAML, weight CDR3a
2024-11-13 19:39:08,532 - INFO - Processing rows 875 to 900 for swaps, peptide GLCTLVAML, weight CDR3a
2024-11-13 19:39:32,124 - INFO - Processing rows 900 to 925 for swaps, peptide GLCTLVAML, weight CDR3a
2024-11-13 19:39:55,784 - INFO - Processing rows 925 to 950 for swaps, peptide GLCTLVAML, weight CDR3a
2024-11-13 19:40:21,103 - INFO - Processing rows 950 to 975 for swaps, peptide GLCTLVAML, weight CDR3a
2024-11-13 19:40:48,857 - INFO - Processing rows 975 to 1000 for swaps, peptide GLCTLVAML, weight CDR3a
2024-11-13 19:41:16,255 - INFO - Processing rows 1000 to 1025 for swaps, peptide GLCTLVAML, weight CDR3a
2024-11-13 19:41:42,296 - INFO - Processing rows 1025 to 1050 for swaps, peptide GLCTLVAML, weight CDR3a
2024-11-13 19:42:06,901 - INFO - Processing rows 1050 to 1075 for swaps, peptide GLCTLVAML, weight CDR3a
2024-11-13 19:42:35,686 - INFO - Processing rows 1075 to 1100 for swaps, peptide GLCTLVAML, weight CDR3a
2024-11-13 19:43:03,422 - INFO - Processing rows 1100 to 1125 for swaps, peptide GLCTLVAML, weight CDR3a
2024-11-13 19:43:28,219 - INFO - Processing rows 1125 to 1150 for swaps, peptide GLCTLVAML, weight CDR3a
2024-11-13 19:43:51,326 - INFO - Processing rows 1150 to 1175 for swaps, peptide GLCTLVAML, weight CDR3a
2024-11-13 19:44:15,913 - INFO - Processing rows 1175 to 1200 for swaps, peptide GLCTLVAML, weight CDR3a
2024-11-13 19:44:39,052 - INFO - Processing rows 1200 to 1225 for swaps, peptide GLCTLVAML, weight CDR3a
2024-11-13 19:45:03,927 - INFO - Processing rows 1225 to 1250 for swaps, peptide GLCTLVAML, weight CDR3a
2024-11-13 19:45:35,687 - INFO - Processing rows 1250 to 1275 for swaps, peptide GLCTLVAML, weight CDR3a
2024-11-13 19:46:00,246 - INFO - Processing rows 1275 to 1300 for swaps, peptide GLCTLVAML, weight CDR3a
2024-11-13 19:46:28,716 - INFO - Processing rows 1300 to 1325 for swaps, peptide GLCTLVAML, weight CDR3a
2024-11-13 19:46:53,101 - INFO - Processing rows 1325 to 1350 for swaps, peptide GLCTLVAML, weight CDR3a
2024-11-13 19:47:14,666 - INFO - Processing rows 1350 to 1375 for swaps, peptide GLCTLVAML, weight CDR3a
2024-11-13 19:47:37,590 - INFO - Processing rows 1375 to 1400 for swaps, peptide GLCTLVAML, weight CDR3a
2024-11-13 19:48:06,243 - INFO - Processing rows 1400 to 1425 for swaps, peptide GLCTLVAML, weight CDR3a
2024-11-13 19:48:28,122 - INFO - Processing rows 1425 to 1450 for swaps, peptide GLCTLVAML, weight CDR3a
2024-11-13 19:48:52,750 - INFO - Processing rows 1450 to 1475 for swaps, peptide GLCTLVAML, weight CDR3a
2024-11-13 19:49:15,750 - INFO - Processing rows 1475 to 1500 for swaps, peptide GLCTLVAML, weight CDR3a
2024-11-13 19:49:38,782 - INFO - Processing rows 1500 to 1525 for swaps, peptide GLCTLVAML, weight CDR3a
2024-11-13 19:50:04,674 - INFO - Processing rows 1525 to 1550 for swaps, peptide GLCTLVAML, weight CDR3a
2024-11-13 19:50:29,239 - INFO - Processing rows 1550 to 1575 for swaps, peptide GLCTLVAML, weight CDR3a
2024-11-13 19:50:53,974 - INFO - Processing rows 1575 to 1600 for swaps, peptide GLCTLVAML, weight CDR3a
2024-11-13 19:51:16,980 - INFO - Processing rows 1600 to 1625 for swaps, peptide GLCTLVAML, weight CDR3a
2024-11-13 19:51:42,894 - INFO - Processing rows 1625 to 1626 for swaps, peptide GLCTLVAML, weight CDR3a
Traceback (most recent call last):
  File "/net/mimer/mnt/tank/projects2/emison/language_model/27th_Oct_new_matrices/04.11_new_esm/12.11/run_esm_swaps.py", line 90, in <module>
    process_sequences(df_filtered, peptide, weight, "swaps")
  File "/net/mimer/mnt/tank/projects2/emison/language_model/27th_Oct_new_matrices/04.11_new_esm/12.11/run_esm_swaps.py", line 82, in process_sequences
    output_df.insert(0, "raw_index", raw_indexes)
  File "/home/projects2/emison/language_model/miniconda3/envs/esm2_emison/lib/python3.12/site-packages/pandas/core/frame.py", line 5171, in insert
    value, refs = self._sanitize_column(value)
                  ^^^^^^^^^^^^^^^^^^^^^^^^^^^^
  File "/home/projects2/emison/language_model/miniconda3/envs/esm2_emison/lib/python3.12/site-packages/pandas/core/frame.py", line 5266, in _sanitize_column
    com.require_length_match(value, self.index)
  File "/home/projects2/emison/language_model/miniconda3/envs/esm2_emison/lib/python3.12/site-packages/pandas/core/common.py", line 573, in require_length_match
    raise ValueError(
ValueError: Length of values (1626) does not match length of index (1)
