2024-11-13 19:22:58,722 - INFO - Loading and filtering dataset for peptide GLCTLVAML
2024-11-13 19:22:59,494 - INFO - Processing dataset for peptide GLCTLVAML with weight CDR1a
2024-11-13 19:22:59,497 - INFO - Processing rows 0 to 25 for swaps, peptide GLCTLVAML, weight CDR1a
2024-11-13 19:23:17,117 - INFO - Processing rows 25 to 50 for swaps, peptide GLCTLVAML, weight CDR1a
2024-11-13 19:23:35,041 - INFO - Processing rows 50 to 75 for swaps, peptide GLCTLVAML, weight CDR1a
2024-11-13 19:23:52,829 - INFO - Processing rows 75 to 100 for swaps, peptide GLCTLVAML, weight CDR1a
2024-11-13 19:24:10,545 - INFO - Processing rows 100 to 125 for swaps, peptide GLCTLVAML, weight CDR1a
2024-11-13 19:24:28,394 - INFO - Processing rows 125 to 150 for swaps, peptide GLCTLVAML, weight CDR1a
2024-11-13 19:24:46,115 - INFO - Processing rows 150 to 175 for swaps, peptide GLCTLVAML, weight CDR1a
2024-11-13 19:25:03,784 - INFO - Processing rows 175 to 200 for swaps, peptide GLCTLVAML, weight CDR1a
2024-11-13 19:25:21,548 - INFO - Processing rows 200 to 225 for swaps, peptide GLCTLVAML, weight CDR1a
2024-11-13 19:25:39,292 - INFO - Processing rows 225 to 250 for swaps, peptide GLCTLVAML, weight CDR1a
2024-11-13 19:25:57,028 - INFO - Processing rows 250 to 275 for swaps, peptide GLCTLVAML, weight CDR1a
2024-11-13 19:26:14,744 - INFO - Processing rows 275 to 300 for swaps, peptide GLCTLVAML, weight CDR1a
2024-11-13 19:26:32,332 - INFO - Processing rows 300 to 325 for swaps, peptide GLCTLVAML, weight CDR1a
2024-11-13 19:26:49,641 - INFO - Processing rows 325 to 350 for swaps, peptide GLCTLVAML, weight CDR1a
2024-11-13 19:27:06,849 - INFO - Processing rows 350 to 375 for swaps, peptide GLCTLVAML, weight CDR1a
2024-11-13 19:27:24,390 - INFO - Processing rows 375 to 400 for swaps, peptide GLCTLVAML, weight CDR1a
2024-11-13 19:27:41,903 - INFO - Processing rows 400 to 425 for swaps, peptide GLCTLVAML, weight CDR1a
2024-11-13 19:27:59,034 - INFO - Processing rows 425 to 450 for swaps, peptide GLCTLVAML, weight CDR1a
2024-11-13 19:28:16,832 - INFO - Processing rows 450 to 475 for swaps, peptide GLCTLVAML, weight CDR1a
2024-11-13 19:28:41,808 - INFO - Processing rows 475 to 500 for swaps, peptide GLCTLVAML, weight CDR1a
2024-11-13 19:28:59,294 - INFO - Processing rows 500 to 525 for swaps, peptide GLCTLVAML, weight CDR1a
2024-11-13 19:29:16,869 - INFO - Processing rows 525 to 550 for swaps, peptide GLCTLVAML, weight CDR1a
2024-11-13 19:29:34,784 - INFO - Processing rows 550 to 575 for swaps, peptide GLCTLVAML, weight CDR1a
2024-11-13 19:29:52,592 - INFO - Processing rows 575 to 600 for swaps, peptide GLCTLVAML, weight CDR1a
2024-11-13 19:30:10,449 - INFO - Processing rows 600 to 625 for swaps, peptide GLCTLVAML, weight CDR1a
2024-11-13 19:30:28,372 - INFO - Processing rows 625 to 650 for swaps, peptide GLCTLVAML, weight CDR1a
2024-11-13 19:30:46,156 - INFO - Processing rows 650 to 675 for swaps, peptide GLCTLVAML, weight CDR1a
2024-11-13 19:31:04,033 - INFO - Processing rows 675 to 700 for swaps, peptide GLCTLVAML, weight CDR1a
2024-11-13 19:31:21,870 - INFO - Processing rows 700 to 725 for swaps, peptide GLCTLVAML, weight CDR1a
2024-11-13 19:31:39,764 - INFO - Processing rows 725 to 750 for swaps, peptide GLCTLVAML, weight CDR1a
2024-11-13 19:31:55,563 - INFO - Processing rows 750 to 775 for swaps, peptide GLCTLVAML, weight CDR1a
2024-11-13 19:32:13,390 - INFO - Processing rows 775 to 800 for swaps, peptide GLCTLVAML, weight CDR1a
2024-11-13 19:32:31,350 - INFO - Processing rows 800 to 825 for swaps, peptide GLCTLVAML, weight CDR1a
2024-11-13 19:32:49,284 - INFO - Processing rows 825 to 850 for swaps, peptide GLCTLVAML, weight CDR1a
2024-11-13 19:33:07,639 - INFO - Processing rows 850 to 875 for swaps, peptide GLCTLVAML, weight CDR1a
2024-11-13 19:33:26,220 - INFO - Processing rows 875 to 900 for swaps, peptide GLCTLVAML, weight CDR1a
2024-11-13 19:33:43,704 - INFO - Processing rows 900 to 925 for swaps, peptide GLCTLVAML, weight CDR1a
2024-11-13 19:34:01,044 - INFO - Processing rows 925 to 950 for swaps, peptide GLCTLVAML, weight CDR1a
2024-11-13 19:34:18,442 - INFO - Processing rows 950 to 975 for swaps, peptide GLCTLVAML, weight CDR1a
2024-11-13 19:34:36,224 - INFO - Processing rows 975 to 1000 for swaps, peptide GLCTLVAML, weight CDR1a
2024-11-13 19:34:53,941 - INFO - Processing rows 1000 to 1025 for swaps, peptide GLCTLVAML, weight CDR1a
2024-11-13 19:35:11,651 - INFO - Processing rows 1025 to 1050 for swaps, peptide GLCTLVAML, weight CDR1a
2024-11-13 19:35:29,346 - INFO - Processing rows 1050 to 1075 for swaps, peptide GLCTLVAML, weight CDR1a
2024-11-13 19:35:47,029 - INFO - Processing rows 1075 to 1100 for swaps, peptide GLCTLVAML, weight CDR1a
2024-11-13 19:36:04,710 - INFO - Processing rows 1100 to 1125 for swaps, peptide GLCTLVAML, weight CDR1a
2024-11-13 19:36:22,389 - INFO - Processing rows 1125 to 1150 for swaps, peptide GLCTLVAML, weight CDR1a
2024-11-13 19:36:40,073 - INFO - Processing rows 1150 to 1175 for swaps, peptide GLCTLVAML, weight CDR1a
2024-11-13 19:36:57,798 - INFO - Processing rows 1175 to 1200 for swaps, peptide GLCTLVAML, weight CDR1a
2024-11-13 19:37:15,499 - INFO - Processing rows 1200 to 1225 for swaps, peptide GLCTLVAML, weight CDR1a
2024-11-13 19:37:33,255 - INFO - Processing rows 1225 to 1250 for swaps, peptide GLCTLVAML, weight CDR1a
2024-11-13 19:37:50,946 - INFO - Processing rows 1250 to 1275 for swaps, peptide GLCTLVAML, weight CDR1a
2024-11-13 19:38:08,623 - INFO - Processing rows 1275 to 1300 for swaps, peptide GLCTLVAML, weight CDR1a
2024-11-13 19:38:26,331 - INFO - Processing rows 1300 to 1325 for swaps, peptide GLCTLVAML, weight CDR1a
2024-11-13 19:38:43,994 - INFO - Processing rows 1325 to 1350 for swaps, peptide GLCTLVAML, weight CDR1a
2024-11-13 19:39:01,652 - INFO - Processing rows 1350 to 1375 for swaps, peptide GLCTLVAML, weight CDR1a
2024-11-13 19:39:19,319 - INFO - Processing rows 1375 to 1400 for swaps, peptide GLCTLVAML, weight CDR1a
2024-11-13 19:39:36,987 - INFO - Processing rows 1400 to 1425 for swaps, peptide GLCTLVAML, weight CDR1a
2024-11-13 19:39:54,664 - INFO - Processing rows 1425 to 1450 for swaps, peptide GLCTLVAML, weight CDR1a
2024-11-13 19:40:12,469 - INFO - Processing rows 1450 to 1475 for swaps, peptide GLCTLVAML, weight CDR1a
2024-11-13 19:40:30,401 - INFO - Processing rows 1475 to 1500 for swaps, peptide GLCTLVAML, weight CDR1a
2024-11-13 19:40:48,319 - INFO - Processing rows 1500 to 1525 for swaps, peptide GLCTLVAML, weight CDR1a
2024-11-13 19:41:06,270 - INFO - Processing rows 1525 to 1550 for swaps, peptide GLCTLVAML, weight CDR1a
2024-11-13 19:41:24,269 - INFO - Processing rows 1550 to 1575 for swaps, peptide GLCTLVAML, weight CDR1a
2024-11-13 19:41:42,133 - INFO - Processing rows 1575 to 1600 for swaps, peptide GLCTLVAML, weight CDR1a
2024-11-13 19:42:00,101 - INFO - Processing rows 1600 to 1625 for swaps, peptide GLCTLVAML, weight CDR1a
2024-11-13 19:42:18,069 - INFO - Processing rows 1625 to 1626 for swaps, peptide GLCTLVAML, weight CDR1a
Traceback (most recent call last):
  File "/net/mimer/mnt/tank/projects2/emison/language_model/27th_Oct_new_matrices/04.11_new_esm/12.11/run_esm_swaps.py", line 90, in <module>
    process_sequences(df_filtered, peptide, weight, "swaps")
  File "/net/mimer/mnt/tank/projects2/emison/language_model/27th_Oct_new_matrices/04.11_new_esm/12.11/run_esm_swaps.py", line 82, in process_sequences
    output_df.insert(0, "raw_index", raw_indexes)
  File "/home/projects2/emison/language_model/miniconda3/envs/esm2_emison/lib/python3.12/site-packages/pandas/core/frame.py", line 5171, in insert
    value, refs = self._sanitize_column(value)
                  ^^^^^^^^^^^^^^^^^^^^^^^^^^^^
  File "/home/projects2/emison/language_model/miniconda3/envs/esm2_emison/lib/python3.12/site-packages/pandas/core/frame.py", line 5266, in _sanitize_column
    com.require_length_match(value, self.index)
  File "/home/projects2/emison/language_model/miniconda3/envs/esm2_emison/lib/python3.12/site-packages/pandas/core/common.py", line 573, in require_length_match
    raise ValueError(
ValueError: Length of values (1626) does not match length of index (1)
