2024-11-13 19:22:55,531 - INFO - Loading and filtering dataset for peptide GLCTLVAML
2024-11-13 19:22:56,213 - INFO - Processing dataset for peptide GLCTLVAML with weight CDR2a
2024-11-13 19:22:56,217 - INFO - Processing rows 0 to 25 for swaps, peptide GLCTLVAML, weight CDR2a
2024-11-13 19:23:14,898 - INFO - Processing rows 25 to 50 for swaps, peptide GLCTLVAML, weight CDR2a
2024-11-13 19:23:34,165 - INFO - Processing rows 50 to 75 for swaps, peptide GLCTLVAML, weight CDR2a
2024-11-13 19:23:53,265 - INFO - Processing rows 75 to 100 for swaps, peptide GLCTLVAML, weight CDR2a
2024-11-13 19:24:12,390 - INFO - Processing rows 100 to 125 for swaps, peptide GLCTLVAML, weight CDR2a
2024-11-13 19:24:30,678 - INFO - Processing rows 125 to 150 for swaps, peptide GLCTLVAML, weight CDR2a
2024-11-13 19:24:49,673 - INFO - Processing rows 150 to 175 for swaps, peptide GLCTLVAML, weight CDR2a
2024-11-13 19:25:08,764 - INFO - Processing rows 175 to 200 for swaps, peptide GLCTLVAML, weight CDR2a
2024-11-13 19:25:27,770 - INFO - Processing rows 200 to 225 for swaps, peptide GLCTLVAML, weight CDR2a
2024-11-13 19:25:46,812 - INFO - Processing rows 225 to 250 for swaps, peptide GLCTLVAML, weight CDR2a
2024-11-13 19:26:05,418 - INFO - Processing rows 250 to 275 for swaps, peptide GLCTLVAML, weight CDR2a
2024-11-13 19:26:24,101 - INFO - Processing rows 275 to 300 for swaps, peptide GLCTLVAML, weight CDR2a
2024-11-13 19:26:42,962 - INFO - Processing rows 300 to 325 for swaps, peptide GLCTLVAML, weight CDR2a
2024-11-13 19:27:01,932 - INFO - Processing rows 325 to 350 for swaps, peptide GLCTLVAML, weight CDR2a
2024-11-13 19:27:20,689 - INFO - Processing rows 350 to 375 for swaps, peptide GLCTLVAML, weight CDR2a
2024-11-13 19:27:39,550 - INFO - Processing rows 375 to 400 for swaps, peptide GLCTLVAML, weight CDR2a
2024-11-13 19:27:58,136 - INFO - Processing rows 400 to 425 for swaps, peptide GLCTLVAML, weight CDR2a
2024-11-13 19:28:16,738 - INFO - Processing rows 425 to 450 for swaps, peptide GLCTLVAML, weight CDR2a
2024-11-13 19:28:34,978 - INFO - Processing rows 450 to 475 for swaps, peptide GLCTLVAML, weight CDR2a
2024-11-13 19:28:53,598 - INFO - Processing rows 475 to 500 for swaps, peptide GLCTLVAML, weight CDR2a
2024-11-13 19:29:12,175 - INFO - Processing rows 500 to 525 for swaps, peptide GLCTLVAML, weight CDR2a
2024-11-13 19:29:30,883 - INFO - Processing rows 525 to 550 for swaps, peptide GLCTLVAML, weight CDR2a
2024-11-13 19:29:49,626 - INFO - Processing rows 550 to 575 for swaps, peptide GLCTLVAML, weight CDR2a
2024-11-13 19:30:08,594 - INFO - Processing rows 575 to 600 for swaps, peptide GLCTLVAML, weight CDR2a
2024-11-13 19:30:27,481 - INFO - Processing rows 600 to 625 for swaps, peptide GLCTLVAML, weight CDR2a
2024-11-13 19:30:46,394 - INFO - Processing rows 625 to 650 for swaps, peptide GLCTLVAML, weight CDR2a
2024-11-13 19:31:05,256 - INFO - Processing rows 650 to 675 for swaps, peptide GLCTLVAML, weight CDR2a
2024-11-13 19:31:24,241 - INFO - Processing rows 675 to 700 for swaps, peptide GLCTLVAML, weight CDR2a
2024-11-13 19:31:43,115 - INFO - Processing rows 700 to 725 for swaps, peptide GLCTLVAML, weight CDR2a
2024-11-13 19:32:02,035 - INFO - Processing rows 725 to 750 for swaps, peptide GLCTLVAML, weight CDR2a
2024-11-13 19:32:20,949 - INFO - Processing rows 750 to 775 for swaps, peptide GLCTLVAML, weight CDR2a
2024-11-13 19:32:39,888 - INFO - Processing rows 775 to 800 for swaps, peptide GLCTLVAML, weight CDR2a
2024-11-13 19:32:58,777 - INFO - Processing rows 800 to 825 for swaps, peptide GLCTLVAML, weight CDR2a
2024-11-13 19:33:17,680 - INFO - Processing rows 825 to 850 for swaps, peptide GLCTLVAML, weight CDR2a
2024-11-13 19:33:36,673 - INFO - Processing rows 850 to 875 for swaps, peptide GLCTLVAML, weight CDR2a
2024-11-13 19:33:55,565 - INFO - Processing rows 875 to 900 for swaps, peptide GLCTLVAML, weight CDR2a
2024-11-13 19:34:14,642 - INFO - Processing rows 900 to 925 for swaps, peptide GLCTLVAML, weight CDR2a
2024-11-13 19:34:34,602 - INFO - Processing rows 925 to 950 for swaps, peptide GLCTLVAML, weight CDR2a
2024-11-13 19:34:54,223 - INFO - Processing rows 950 to 975 for swaps, peptide GLCTLVAML, weight CDR2a
2024-11-13 19:35:13,202 - INFO - Processing rows 975 to 1000 for swaps, peptide GLCTLVAML, weight CDR2a
2024-11-13 19:35:34,686 - INFO - Processing rows 1000 to 1025 for swaps, peptide GLCTLVAML, weight CDR2a
2024-11-13 19:35:53,325 - INFO - Processing rows 1025 to 1050 for swaps, peptide GLCTLVAML, weight CDR2a
2024-11-13 19:36:12,242 - INFO - Processing rows 1050 to 1075 for swaps, peptide GLCTLVAML, weight CDR2a
2024-11-13 19:36:34,625 - INFO - Processing rows 1075 to 1100 for swaps, peptide GLCTLVAML, weight CDR2a
2024-11-13 19:36:53,454 - INFO - Processing rows 1100 to 1125 for swaps, peptide GLCTLVAML, weight CDR2a
2024-11-13 19:37:12,204 - INFO - Processing rows 1125 to 1150 for swaps, peptide GLCTLVAML, weight CDR2a
2024-11-13 19:37:32,175 - INFO - Processing rows 1150 to 1175 for swaps, peptide GLCTLVAML, weight CDR2a
2024-11-13 19:37:51,315 - INFO - Processing rows 1175 to 1200 for swaps, peptide GLCTLVAML, weight CDR2a
2024-11-13 19:38:10,232 - INFO - Processing rows 1200 to 1225 for swaps, peptide GLCTLVAML, weight CDR2a
2024-11-13 19:38:29,169 - INFO - Processing rows 1225 to 1250 for swaps, peptide GLCTLVAML, weight CDR2a
2024-11-13 19:38:47,838 - INFO - Processing rows 1250 to 1275 for swaps, peptide GLCTLVAML, weight CDR2a
2024-11-13 19:39:06,726 - INFO - Processing rows 1275 to 1300 for swaps, peptide GLCTLVAML, weight CDR2a
2024-11-13 19:39:24,946 - INFO - Processing rows 1300 to 1325 for swaps, peptide GLCTLVAML, weight CDR2a
2024-11-13 19:39:43,570 - INFO - Processing rows 1325 to 1350 for swaps, peptide GLCTLVAML, weight CDR2a
2024-11-13 19:40:01,850 - INFO - Processing rows 1350 to 1375 for swaps, peptide GLCTLVAML, weight CDR2a
2024-11-13 19:40:20,640 - INFO - Processing rows 1375 to 1400 for swaps, peptide GLCTLVAML, weight CDR2a
2024-11-13 19:40:39,161 - INFO - Processing rows 1400 to 1425 for swaps, peptide GLCTLVAML, weight CDR2a
2024-11-13 19:40:57,834 - INFO - Processing rows 1425 to 1450 for swaps, peptide GLCTLVAML, weight CDR2a
2024-11-13 19:41:16,457 - INFO - Processing rows 1450 to 1475 for swaps, peptide GLCTLVAML, weight CDR2a
2024-11-13 19:41:35,134 - INFO - Processing rows 1475 to 1500 for swaps, peptide GLCTLVAML, weight CDR2a
2024-11-13 19:41:53,583 - INFO - Processing rows 1500 to 1525 for swaps, peptide GLCTLVAML, weight CDR2a
2024-11-13 19:42:12,476 - INFO - Processing rows 1525 to 1550 for swaps, peptide GLCTLVAML, weight CDR2a
2024-11-13 19:42:30,804 - INFO - Processing rows 1550 to 1575 for swaps, peptide GLCTLVAML, weight CDR2a
2024-11-13 19:42:49,082 - INFO - Processing rows 1575 to 1600 for swaps, peptide GLCTLVAML, weight CDR2a
2024-11-13 19:43:07,403 - INFO - Processing rows 1600 to 1625 for swaps, peptide GLCTLVAML, weight CDR2a
2024-11-13 19:43:26,178 - INFO - Processing rows 1625 to 1626 for swaps, peptide GLCTLVAML, weight CDR2a
Traceback (most recent call last):
  File "/net/mimer/mnt/tank/projects2/emison/language_model/27th_Oct_new_matrices/04.11_new_esm/12.11/run_esm_swaps.py", line 90, in <module>
    process_sequences(df_filtered, peptide, weight, "swaps")
  File "/net/mimer/mnt/tank/projects2/emison/language_model/27th_Oct_new_matrices/04.11_new_esm/12.11/run_esm_swaps.py", line 82, in process_sequences
    output_df.insert(0, "raw_index", raw_indexes)
  File "/home/projects2/emison/language_model/miniconda3/envs/esm2_emison/lib/python3.12/site-packages/pandas/core/frame.py", line 5171, in insert
    value, refs = self._sanitize_column(value)
                  ^^^^^^^^^^^^^^^^^^^^^^^^^^^^
  File "/home/projects2/emison/language_model/miniconda3/envs/esm2_emison/lib/python3.12/site-packages/pandas/core/frame.py", line 5266, in _sanitize_column
    com.require_length_match(value, self.index)
  File "/home/projects2/emison/language_model/miniconda3/envs/esm2_emison/lib/python3.12/site-packages/pandas/core/common.py", line 573, in require_length_match
    raise ValueError(
ValueError: Length of values (1626) does not match length of index (1)
