2024-11-14 08:20:20,822 - INFO - Loading and filtering dataset for peptide GLCTLVAML
2024-11-14 08:20:21,167 - INFO - Processing dataset for peptide GLCTLVAML with weight CDR2b
2024-11-14 08:20:21,169 - INFO - Processing rows 0 to 25 for swaps, peptide GLCTLVAML, weight CDR2b
2024-11-14 08:20:25,546 - INFO - Processing rows 25 to 50 for swaps, peptide GLCTLVAML, weight CDR2b
2024-11-14 08:20:30,471 - INFO - Processing rows 50 to 75 for swaps, peptide GLCTLVAML, weight CDR2b
2024-11-14 08:20:35,467 - INFO - Processing rows 75 to 100 for swaps, peptide GLCTLVAML, weight CDR2b
2024-11-14 08:20:40,385 - INFO - Processing rows 100 to 125 for swaps, peptide GLCTLVAML, weight CDR2b
2024-11-14 08:20:45,348 - INFO - Processing rows 125 to 150 for swaps, peptide GLCTLVAML, weight CDR2b
2024-11-14 08:20:50,387 - INFO - Processing rows 150 to 175 for swaps, peptide GLCTLVAML, weight CDR2b
2024-11-14 08:20:55,400 - INFO - Processing rows 175 to 200 for swaps, peptide GLCTLVAML, weight CDR2b
2024-11-14 08:21:00,512 - INFO - Processing rows 200 to 225 for swaps, peptide GLCTLVAML, weight CDR2b
2024-11-14 08:21:05,534 - INFO - Processing rows 225 to 250 for swaps, peptide GLCTLVAML, weight CDR2b
2024-11-14 08:21:10,621 - INFO - Processing rows 250 to 275 for swaps, peptide GLCTLVAML, weight CDR2b
2024-11-14 08:21:15,716 - INFO - Processing rows 275 to 300 for swaps, peptide GLCTLVAML, weight CDR2b
2024-11-14 08:21:20,771 - INFO - Processing rows 300 to 325 for swaps, peptide GLCTLVAML, weight CDR2b
2024-11-14 08:21:25,726 - INFO - Processing rows 325 to 350 for swaps, peptide GLCTLVAML, weight CDR2b
2024-11-14 08:21:30,655 - INFO - Processing rows 350 to 375 for swaps, peptide GLCTLVAML, weight CDR2b
2024-11-14 08:21:35,569 - INFO - Processing rows 375 to 400 for swaps, peptide GLCTLVAML, weight CDR2b
2024-11-14 08:21:40,477 - INFO - Processing rows 400 to 425 for swaps, peptide GLCTLVAML, weight CDR2b
2024-11-14 08:21:45,433 - INFO - Processing rows 425 to 450 for swaps, peptide GLCTLVAML, weight CDR2b
2024-11-14 08:21:50,352 - INFO - Processing rows 450 to 475 for swaps, peptide GLCTLVAML, weight CDR2b
2024-11-14 08:21:55,261 - INFO - Processing rows 475 to 500 for swaps, peptide GLCTLVAML, weight CDR2b
2024-11-14 08:22:00,239 - INFO - Processing rows 500 to 525 for swaps, peptide GLCTLVAML, weight CDR2b
2024-11-14 08:22:05,262 - INFO - Processing rows 525 to 550 for swaps, peptide GLCTLVAML, weight CDR2b
2024-11-14 08:22:10,274 - INFO - Processing rows 550 to 575 for swaps, peptide GLCTLVAML, weight CDR2b
2024-11-14 08:22:15,314 - INFO - Processing rows 575 to 600 for swaps, peptide GLCTLVAML, weight CDR2b
2024-11-14 08:22:19,904 - INFO - Processing rows 600 to 625 for swaps, peptide GLCTLVAML, weight CDR2b
2024-11-14 08:22:24,946 - INFO - Processing rows 625 to 650 for swaps, peptide GLCTLVAML, weight CDR2b
2024-11-14 08:22:29,960 - INFO - Processing rows 650 to 675 for swaps, peptide GLCTLVAML, weight CDR2b
2024-11-14 08:22:34,997 - INFO - Processing rows 675 to 700 for swaps, peptide GLCTLVAML, weight CDR2b
2024-11-14 08:22:40,078 - INFO - Processing rows 700 to 725 for swaps, peptide GLCTLVAML, weight CDR2b
2024-11-14 08:22:45,112 - INFO - Processing rows 725 to 750 for swaps, peptide GLCTLVAML, weight CDR2b
2024-11-14 08:22:50,065 - INFO - Processing rows 750 to 775 for swaps, peptide GLCTLVAML, weight CDR2b
2024-11-14 08:22:55,063 - INFO - Processing rows 775 to 800 for swaps, peptide GLCTLVAML, weight CDR2b
2024-11-14 08:23:00,084 - INFO - Processing rows 800 to 825 for swaps, peptide GLCTLVAML, weight CDR2b
2024-11-14 08:23:05,135 - INFO - Processing rows 825 to 850 for swaps, peptide GLCTLVAML, weight CDR2b
2024-11-14 08:23:10,154 - INFO - Processing rows 850 to 875 for swaps, peptide GLCTLVAML, weight CDR2b
2024-11-14 08:23:14,722 - INFO - Processing rows 875 to 900 for swaps, peptide GLCTLVAML, weight CDR2b
2024-11-14 08:23:19,717 - INFO - Processing rows 900 to 925 for swaps, peptide GLCTLVAML, weight CDR2b
2024-11-14 08:23:24,794 - INFO - Processing rows 925 to 950 for swaps, peptide GLCTLVAML, weight CDR2b
2024-11-14 08:23:29,834 - INFO - Processing rows 950 to 975 for swaps, peptide GLCTLVAML, weight CDR2b
2024-11-14 08:23:34,846 - INFO - Processing rows 975 to 1000 for swaps, peptide GLCTLVAML, weight CDR2b
2024-11-14 08:23:39,950 - INFO - Processing rows 1000 to 1025 for swaps, peptide GLCTLVAML, weight CDR2b
2024-11-14 08:23:44,966 - INFO - Processing rows 1025 to 1050 for swaps, peptide GLCTLVAML, weight CDR2b
2024-11-14 08:23:49,946 - INFO - Processing rows 1050 to 1075 for swaps, peptide GLCTLVAML, weight CDR2b
2024-11-14 08:23:54,910 - INFO - Processing rows 1075 to 1100 for swaps, peptide GLCTLVAML, weight CDR2b
2024-11-14 08:23:59,960 - INFO - Processing rows 1100 to 1125 for swaps, peptide GLCTLVAML, weight CDR2b
2024-11-14 08:24:04,975 - INFO - Processing rows 1125 to 1150 for swaps, peptide GLCTLVAML, weight CDR2b
2024-11-14 08:24:09,919 - INFO - Processing rows 1150 to 1175 for swaps, peptide GLCTLVAML, weight CDR2b
2024-11-14 08:24:14,985 - INFO - Processing rows 1175 to 1200 for swaps, peptide GLCTLVAML, weight CDR2b
2024-11-14 08:24:20,019 - INFO - Processing rows 1200 to 1225 for swaps, peptide GLCTLVAML, weight CDR2b
2024-11-14 08:24:25,033 - INFO - Processing rows 1225 to 1250 for swaps, peptide GLCTLVAML, weight CDR2b
2024-11-14 08:24:30,072 - INFO - Processing rows 1250 to 1275 for swaps, peptide GLCTLVAML, weight CDR2b
2024-11-14 08:24:35,079 - INFO - Processing rows 1275 to 1300 for swaps, peptide GLCTLVAML, weight CDR2b
2024-11-14 08:24:40,115 - INFO - Processing rows 1300 to 1325 for swaps, peptide GLCTLVAML, weight CDR2b
2024-11-14 08:24:45,125 - INFO - Processing rows 1325 to 1350 for swaps, peptide GLCTLVAML, weight CDR2b
2024-11-14 08:24:50,107 - INFO - Processing rows 1350 to 1375 for swaps, peptide GLCTLVAML, weight CDR2b
2024-11-14 08:24:55,089 - INFO - Processing rows 1375 to 1400 for swaps, peptide GLCTLVAML, weight CDR2b
2024-11-14 08:25:00,026 - INFO - Processing rows 1400 to 1425 for swaps, peptide GLCTLVAML, weight CDR2b
2024-11-14 08:25:04,942 - INFO - Processing rows 1425 to 1450 for swaps, peptide GLCTLVAML, weight CDR2b
2024-11-14 08:25:09,874 - INFO - Processing rows 1450 to 1475 for swaps, peptide GLCTLVAML, weight CDR2b
2024-11-14 08:25:14,787 - INFO - Processing rows 1475 to 1500 for swaps, peptide GLCTLVAML, weight CDR2b
2024-11-14 08:25:19,293 - INFO - Processing rows 1500 to 1525 for swaps, peptide GLCTLVAML, weight CDR2b
2024-11-14 08:25:24,216 - INFO - Processing rows 1525 to 1550 for swaps, peptide GLCTLVAML, weight CDR2b
2024-11-14 08:25:29,130 - INFO - Processing rows 1550 to 1575 for swaps, peptide GLCTLVAML, weight CDR2b
2024-11-14 08:25:34,116 - INFO - Processing rows 1575 to 1600 for swaps, peptide GLCTLVAML, weight CDR2b
2024-11-14 08:25:39,136 - INFO - Processing rows 1600 to 1625 for swaps, peptide GLCTLVAML, weight CDR2b
2024-11-14 08:25:44,220 - INFO - Processing rows 1625 to 1626 for swaps, peptide GLCTLVAML, weight CDR2b
2024-11-14 08:25:44,871 - INFO - ESM finished.. Saving file...
2024-11-14 08:34:02,871 - INFO - Saved to /net/mimer/mnt/tank/projects2/emison/language_model/27th_Oct_new_matrices/04.11_new_esm/12.11/sequence_summed_vectors_swaps_GLCTLVAML_CDR2b.csv
