2024-11-13 19:23:23,982 - INFO - Loading and filtering dataset for peptide GLCTLVAML
2024-11-13 19:23:24,473 - INFO - Processing dataset for peptide GLCTLVAML with weight CDR3b
2024-11-13 19:23:24,477 - INFO - Processing rows 0 to 25 for swaps, peptide GLCTLVAML, weight CDR3b
2024-11-13 19:24:02,747 - INFO - Processing rows 25 to 50 for swaps, peptide GLCTLVAML, weight CDR3b
2024-11-13 19:24:39,510 - INFO - Processing rows 50 to 75 for swaps, peptide GLCTLVAML, weight CDR3b
2024-11-13 19:25:12,243 - INFO - Processing rows 75 to 100 for swaps, peptide GLCTLVAML, weight CDR3b
2024-11-13 19:26:26,993 - INFO - Processing rows 100 to 125 for swaps, peptide GLCTLVAML, weight CDR3b
2024-11-13 19:27:37,436 - INFO - Processing rows 125 to 150 for swaps, peptide GLCTLVAML, weight CDR3b
2024-11-13 19:28:09,808 - INFO - Processing rows 150 to 175 for swaps, peptide GLCTLVAML, weight CDR3b
2024-11-13 19:28:45,583 - INFO - Processing rows 175 to 200 for swaps, peptide GLCTLVAML, weight CDR3b
2024-11-13 19:29:17,610 - INFO - Processing rows 200 to 225 for swaps, peptide GLCTLVAML, weight CDR3b
2024-11-13 19:29:51,623 - INFO - Processing rows 225 to 250 for swaps, peptide GLCTLVAML, weight CDR3b
2024-11-13 19:30:23,466 - INFO - Processing rows 250 to 275 for swaps, peptide GLCTLVAML, weight CDR3b
2024-11-13 19:30:57,128 - INFO - Processing rows 275 to 300 for swaps, peptide GLCTLVAML, weight CDR3b
2024-11-13 19:31:31,077 - INFO - Processing rows 300 to 325 for swaps, peptide GLCTLVAML, weight CDR3b
2024-11-13 19:32:08,828 - INFO - Processing rows 325 to 350 for swaps, peptide GLCTLVAML, weight CDR3b
2024-11-13 19:32:44,933 - INFO - Processing rows 350 to 375 for swaps, peptide GLCTLVAML, weight CDR3b
2024-11-13 19:33:20,756 - INFO - Processing rows 375 to 400 for swaps, peptide GLCTLVAML, weight CDR3b
2024-11-13 19:33:56,481 - INFO - Processing rows 400 to 425 for swaps, peptide GLCTLVAML, weight CDR3b
2024-11-13 19:34:37,987 - INFO - Processing rows 425 to 450 for swaps, peptide GLCTLVAML, weight CDR3b
2024-11-13 19:35:19,309 - INFO - Processing rows 450 to 475 for swaps, peptide GLCTLVAML, weight CDR3b
2024-11-13 19:36:02,664 - INFO - Processing rows 475 to 500 for swaps, peptide GLCTLVAML, weight CDR3b
2024-11-13 19:36:38,442 - INFO - Processing rows 500 to 525 for swaps, peptide GLCTLVAML, weight CDR3b
2024-11-13 19:37:14,641 - INFO - Processing rows 525 to 550 for swaps, peptide GLCTLVAML, weight CDR3b
2024-11-13 19:37:50,812 - INFO - Processing rows 550 to 575 for swaps, peptide GLCTLVAML, weight CDR3b
2024-11-13 19:38:23,058 - INFO - Processing rows 575 to 600 for swaps, peptide GLCTLVAML, weight CDR3b
2024-11-13 19:39:00,803 - INFO - Processing rows 600 to 625 for swaps, peptide GLCTLVAML, weight CDR3b
2024-11-13 19:39:36,803 - INFO - Processing rows 625 to 650 for swaps, peptide GLCTLVAML, weight CDR3b
2024-11-13 19:40:20,225 - INFO - Processing rows 650 to 675 for swaps, peptide GLCTLVAML, weight CDR3b
2024-11-13 19:41:08,821 - INFO - Processing rows 675 to 700 for swaps, peptide GLCTLVAML, weight CDR3b
2024-11-13 19:41:44,571 - INFO - Processing rows 700 to 725 for swaps, peptide GLCTLVAML, weight CDR3b
2024-11-13 19:42:18,636 - INFO - Processing rows 725 to 750 for swaps, peptide GLCTLVAML, weight CDR3b
2024-11-13 19:42:58,223 - INFO - Processing rows 750 to 775 for swaps, peptide GLCTLVAML, weight CDR3b
2024-11-13 19:43:30,078 - INFO - Processing rows 775 to 800 for swaps, peptide GLCTLVAML, weight CDR3b
2024-11-13 19:50:21,635 - INFO - Processing rows 800 to 825 for swaps, peptide GLCTLVAML, weight CDR3b
2024-11-13 19:50:55,275 - INFO - Processing rows 825 to 850 for swaps, peptide GLCTLVAML, weight CDR3b
2024-11-13 19:51:27,089 - INFO - Processing rows 850 to 875 for swaps, peptide GLCTLVAML, weight CDR3b
2024-11-13 19:52:04,036 - INFO - Processing rows 875 to 900 for swaps, peptide GLCTLVAML, weight CDR3b
2024-11-13 19:52:35,910 - INFO - Processing rows 900 to 925 for swaps, peptide GLCTLVAML, weight CDR3b
2024-11-13 19:53:09,446 - INFO - Processing rows 925 to 950 for swaps, peptide GLCTLVAML, weight CDR3b
2024-11-13 19:53:41,506 - INFO - Processing rows 950 to 975 for swaps, peptide GLCTLVAML, weight CDR3b
2024-11-13 19:54:13,670 - INFO - Processing rows 975 to 1000 for swaps, peptide GLCTLVAML, weight CDR3b
2024-11-13 19:54:47,552 - INFO - Processing rows 1000 to 1025 for swaps, peptide GLCTLVAML, weight CDR3b
2024-11-13 19:55:23,075 - INFO - Processing rows 1025 to 1050 for swaps, peptide GLCTLVAML, weight CDR3b
2024-11-13 19:56:00,722 - INFO - Processing rows 1050 to 1075 for swaps, peptide GLCTLVAML, weight CDR3b
2024-11-13 19:56:36,350 - INFO - Processing rows 1075 to 1100 for swaps, peptide GLCTLVAML, weight CDR3b
2024-11-13 19:57:11,803 - INFO - Processing rows 1100 to 1125 for swaps, peptide GLCTLVAML, weight CDR3b
2024-11-13 19:57:45,536 - INFO - Processing rows 1125 to 1150 for swaps, peptide GLCTLVAML, weight CDR3b
2024-11-13 19:58:21,106 - INFO - Processing rows 1150 to 1175 for swaps, peptide GLCTLVAML, weight CDR3b
2024-11-13 19:58:56,487 - INFO - Processing rows 1175 to 1200 for swaps, peptide GLCTLVAML, weight CDR3b
2024-11-13 19:59:33,563 - INFO - Processing rows 1200 to 1225 for swaps, peptide GLCTLVAML, weight CDR3b
2024-11-13 20:00:12,934 - INFO - Processing rows 1225 to 1250 for swaps, peptide GLCTLVAML, weight CDR3b
2024-11-13 20:00:50,378 - INFO - Processing rows 1250 to 1275 for swaps, peptide GLCTLVAML, weight CDR3b
2024-11-13 20:01:26,047 - INFO - Processing rows 1275 to 1300 for swaps, peptide GLCTLVAML, weight CDR3b
2024-11-13 20:02:25,196 - INFO - Processing rows 1300 to 1325 for swaps, peptide GLCTLVAML, weight CDR3b
2024-11-13 20:03:23,823 - INFO - Processing rows 1325 to 1350 for swaps, peptide GLCTLVAML, weight CDR3b
2024-11-13 20:03:59,368 - INFO - Processing rows 1350 to 1375 for swaps, peptide GLCTLVAML, weight CDR3b
2024-11-13 20:04:32,980 - INFO - Processing rows 1375 to 1400 for swaps, peptide GLCTLVAML, weight CDR3b
2024-11-13 20:05:07,048 - INFO - Processing rows 1400 to 1425 for swaps, peptide GLCTLVAML, weight CDR3b
2024-11-13 20:05:40,933 - INFO - Processing rows 1425 to 1450 for swaps, peptide GLCTLVAML, weight CDR3b
2024-11-13 20:06:14,351 - INFO - Processing rows 1450 to 1475 for swaps, peptide GLCTLVAML, weight CDR3b
2024-11-13 20:06:47,927 - INFO - Processing rows 1475 to 1500 for swaps, peptide GLCTLVAML, weight CDR3b
2024-11-13 20:07:19,820 - INFO - Processing rows 1500 to 1525 for swaps, peptide GLCTLVAML, weight CDR3b
2024-11-13 20:07:57,126 - INFO - Processing rows 1525 to 1550 for swaps, peptide GLCTLVAML, weight CDR3b
2024-11-13 20:08:30,787 - INFO - Processing rows 1550 to 1575 for swaps, peptide GLCTLVAML, weight CDR3b
2024-11-13 20:09:06,464 - INFO - Processing rows 1575 to 1600 for swaps, peptide GLCTLVAML, weight CDR3b
2024-11-13 20:09:38,269 - INFO - Processing rows 1600 to 1625 for swaps, peptide GLCTLVAML, weight CDR3b
2024-11-13 20:10:15,351 - INFO - Processing rows 1625 to 1626 for swaps, peptide GLCTLVAML, weight CDR3b
Traceback (most recent call last):
  File "/net/mimer/mnt/tank/projects2/emison/language_model/27th_Oct_new_matrices/04.11_new_esm/12.11/run_esm_swaps.py", line 90, in <module>
    process_sequences(df_filtered, peptide, weight, "swaps")
  File "/net/mimer/mnt/tank/projects2/emison/language_model/27th_Oct_new_matrices/04.11_new_esm/12.11/run_esm_swaps.py", line 82, in process_sequences
    output_df.insert(0, "raw_index", raw_indexes)
  File "/home/projects2/emison/language_model/miniconda3/envs/esm2_emison/lib/python3.12/site-packages/pandas/core/frame.py", line 5171, in insert
    value, refs = self._sanitize_column(value)
                  ^^^^^^^^^^^^^^^^^^^^^^^^^^^^
  File "/home/projects2/emison/language_model/miniconda3/envs/esm2_emison/lib/python3.12/site-packages/pandas/core/frame.py", line 5266, in _sanitize_column
    com.require_length_match(value, self.index)
  File "/home/projects2/emison/language_model/miniconda3/envs/esm2_emison/lib/python3.12/site-packages/pandas/core/common.py", line 573, in require_length_match
    raise ValueError(
ValueError: Length of values (1626) does not match length of index (1)
