2024-11-14 07:53:12,862 - INFO - Loading and filtering dataset for peptide GLCTLVAML
2024-11-14 07:53:12,918 - INFO - Processing dataset for peptide GLCTLVAML with weight CDR3a
2024-11-14 07:53:12,920 - INFO - Processing rows 0 to 25 for binders, peptide GLCTLVAML, weight CDR3a
2024-11-14 07:53:20,948 - INFO - Processing rows 25 to 50 for binders, peptide GLCTLVAML, weight CDR3a
2024-11-14 07:53:28,979 - INFO - Processing rows 50 to 75 for binders, peptide GLCTLVAML, weight CDR3a
2024-11-14 07:53:37,889 - INFO - Processing rows 75 to 100 for binders, peptide GLCTLVAML, weight CDR3a
2024-11-14 07:53:45,373 - INFO - Processing rows 100 to 125 for binders, peptide GLCTLVAML, weight CDR3a
2024-11-14 07:53:55,131 - INFO - Processing rows 125 to 150 for binders, peptide GLCTLVAML, weight CDR3a
2024-11-14 07:54:02,802 - INFO - Processing rows 150 to 175 for binders, peptide GLCTLVAML, weight CDR3a
2024-11-14 07:54:11,151 - INFO - Processing rows 175 to 200 for binders, peptide GLCTLVAML, weight CDR3a
2024-11-14 07:54:19,030 - INFO - Processing rows 200 to 225 for binders, peptide GLCTLVAML, weight CDR3a
2024-11-14 07:54:26,400 - INFO - Processing rows 225 to 250 for binders, peptide GLCTLVAML, weight CDR3a
2024-11-14 07:54:33,754 - INFO - Processing rows 250 to 271 for binders, peptide GLCTLVAML, weight CDR3a
Traceback (most recent call last):
  File "/net/mimer/mnt/tank/projects2/emison/language_model/27th_Oct_new_matrices/04.11_new_esm/12.11/run_esm_binders.py", line 90, in <module>
    process_sequences(df_filtered, peptide, weight, "binders")
  File "/net/mimer/mnt/tank/projects2/emison/language_model/27th_Oct_new_matrices/04.11_new_esm/12.11/run_esm_binders.py", line 82, in process_sequences
    output_df.insert(0, "raw_index", raw_indexes)
  File "/home/projects2/emison/language_model/miniconda3/envs/esm2_emison/lib/python3.12/site-packages/pandas/core/frame.py", line 5171, in insert
    value, refs = self._sanitize_column(value)
                  ^^^^^^^^^^^^^^^^^^^^^^^^^^^^
  File "/home/projects2/emison/language_model/miniconda3/envs/esm2_emison/lib/python3.12/site-packages/pandas/core/frame.py", line 5266, in _sanitize_column
    com.require_length_match(value, self.index)
  File "/home/projects2/emison/language_model/miniconda3/envs/esm2_emison/lib/python3.12/site-packages/pandas/core/common.py", line 573, in require_length_match
    raise ValueError(
ValueError: Length of values (271) does not match length of index (21)
