2024-11-14 07:55:49,462 - INFO - Loading and filtering dataset for peptide GLCTLVAML
2024-11-14 07:55:49,631 - INFO - Processing dataset for peptide GLCTLVAML with weight CDR1a
2024-11-14 07:55:49,634 - INFO - Processing rows 0 to 25 for binders, peptide GLCTLVAML, weight CDR1a
2024-11-14 07:56:02,240 - INFO - Processing rows 25 to 50 for binders, peptide GLCTLVAML, weight CDR1a
2024-11-14 07:56:15,012 - INFO - Processing rows 50 to 75 for binders, peptide GLCTLVAML, weight CDR1a
2024-11-14 07:56:27,722 - INFO - Processing rows 75 to 100 for binders, peptide GLCTLVAML, weight CDR1a
2024-11-14 07:56:40,383 - INFO - Processing rows 100 to 125 for binders, peptide GLCTLVAML, weight CDR1a
2024-11-14 07:56:53,124 - INFO - Processing rows 125 to 150 for binders, peptide GLCTLVAML, weight CDR1a
2024-11-14 07:57:05,771 - INFO - Processing rows 150 to 175 for binders, peptide GLCTLVAML, weight CDR1a
2024-11-14 07:57:18,396 - INFO - Processing rows 175 to 200 for binders, peptide GLCTLVAML, weight CDR1a
2024-11-14 07:57:31,069 - INFO - Processing rows 200 to 225 for binders, peptide GLCTLVAML, weight CDR1a
2024-11-14 07:57:42,249 - INFO - Processing rows 225 to 250 for binders, peptide GLCTLVAML, weight CDR1a
2024-11-14 07:57:54,859 - INFO - Processing rows 250 to 271 for binders, peptide GLCTLVAML, weight CDR1a
Traceback (most recent call last):
  File "/net/mimer/mnt/tank/projects2/emison/language_model/27th_Oct_new_matrices/04.11_new_esm/12.11/run_esm_binders.py", line 90, in <module>
    process_sequences(df_filtered, peptide, weight, "binders")
  File "/net/mimer/mnt/tank/projects2/emison/language_model/27th_Oct_new_matrices/04.11_new_esm/12.11/run_esm_binders.py", line 82, in process_sequences
    output_df.insert(0, "raw_index", raw_indexes)
  File "/home/projects2/emison/language_model/miniconda3/envs/esm2_emison/lib/python3.12/site-packages/pandas/core/frame.py", line 5171, in insert
    value, refs = self._sanitize_column(value)
                  ^^^^^^^^^^^^^^^^^^^^^^^^^^^^
  File "/home/projects2/emison/language_model/miniconda3/envs/esm2_emison/lib/python3.12/site-packages/pandas/core/frame.py", line 5266, in _sanitize_column
    com.require_length_match(value, self.index)
  File "/home/projects2/emison/language_model/miniconda3/envs/esm2_emison/lib/python3.12/site-packages/pandas/core/common.py", line 573, in require_length_match
    raise ValueError(
ValueError: Length of values (271) does not match length of index (21)
