2024-11-14 08:03:16,053 - INFO - Loading and filtering dataset for peptide GLCTLVAML
2024-11-14 08:03:16,375 - INFO - Processing dataset for peptide GLCTLVAML with weight CDR1a
2024-11-14 08:03:16,377 - INFO - Processing rows 0 to 25 for swaps, peptide GLCTLVAML, weight CDR1a
2024-11-14 08:03:20,918 - INFO - Processing rows 25 to 50 for swaps, peptide GLCTLVAML, weight CDR1a
2024-11-14 08:03:25,446 - INFO - Processing rows 50 to 75 for swaps, peptide GLCTLVAML, weight CDR1a
2024-11-14 08:03:29,964 - INFO - Processing rows 75 to 100 for swaps, peptide GLCTLVAML, weight CDR1a
2024-11-14 08:03:34,541 - INFO - Processing rows 100 to 125 for swaps, peptide GLCTLVAML, weight CDR1a
2024-11-14 08:03:39,229 - INFO - Processing rows 125 to 150 for swaps, peptide GLCTLVAML, weight CDR1a
2024-11-14 08:03:43,936 - INFO - Processing rows 150 to 175 for swaps, peptide GLCTLVAML, weight CDR1a
2024-11-14 08:03:48,548 - INFO - Processing rows 175 to 200 for swaps, peptide GLCTLVAML, weight CDR1a
2024-11-14 08:03:53,417 - INFO - Processing rows 200 to 225 for swaps, peptide GLCTLVAML, weight CDR1a
2024-11-14 08:03:58,399 - INFO - Processing rows 225 to 250 for swaps, peptide GLCTLVAML, weight CDR1a
2024-11-14 08:04:03,381 - INFO - Processing rows 250 to 275 for swaps, peptide GLCTLVAML, weight CDR1a
2024-11-14 08:04:08,323 - INFO - Processing rows 275 to 300 for swaps, peptide GLCTLVAML, weight CDR1a
2024-11-14 08:04:13,250 - INFO - Processing rows 300 to 325 for swaps, peptide GLCTLVAML, weight CDR1a
2024-11-14 08:04:18,099 - INFO - Processing rows 325 to 350 for swaps, peptide GLCTLVAML, weight CDR1a
2024-11-14 08:04:22,799 - INFO - Processing rows 350 to 375 for swaps, peptide GLCTLVAML, weight CDR1a
2024-11-14 08:04:27,488 - INFO - Processing rows 375 to 400 for swaps, peptide GLCTLVAML, weight CDR1a
2024-11-14 08:04:32,231 - INFO - Processing rows 400 to 425 for swaps, peptide GLCTLVAML, weight CDR1a
2024-11-14 08:04:36,987 - INFO - Processing rows 425 to 450 for swaps, peptide GLCTLVAML, weight CDR1a
2024-11-14 08:04:41,908 - INFO - Processing rows 450 to 475 for swaps, peptide GLCTLVAML, weight CDR1a
2024-11-14 08:04:46,774 - INFO - Processing rows 475 to 500 for swaps, peptide GLCTLVAML, weight CDR1a
2024-11-14 08:04:51,481 - INFO - Processing rows 500 to 525 for swaps, peptide GLCTLVAML, weight CDR1a
2024-11-14 08:04:56,091 - INFO - Processing rows 525 to 550 for swaps, peptide GLCTLVAML, weight CDR1a
2024-11-14 08:05:00,798 - INFO - Processing rows 550 to 575 for swaps, peptide GLCTLVAML, weight CDR1a
2024-11-14 08:05:05,491 - INFO - Processing rows 575 to 600 for swaps, peptide GLCTLVAML, weight CDR1a
2024-11-14 08:05:10,202 - INFO - Processing rows 600 to 625 for swaps, peptide GLCTLVAML, weight CDR1a
2024-11-14 08:05:14,889 - INFO - Processing rows 625 to 650 for swaps, peptide GLCTLVAML, weight CDR1a
2024-11-14 08:05:19,602 - INFO - Processing rows 650 to 675 for swaps, peptide GLCTLVAML, weight CDR1a
2024-11-14 08:05:24,212 - INFO - Processing rows 675 to 700 for swaps, peptide GLCTLVAML, weight CDR1a
2024-11-14 08:05:28,923 - INFO - Processing rows 700 to 725 for swaps, peptide GLCTLVAML, weight CDR1a
2024-11-14 08:05:33,557 - INFO - Processing rows 725 to 750 for swaps, peptide GLCTLVAML, weight CDR1a
2024-11-14 08:05:37,689 - INFO - Processing rows 750 to 775 for swaps, peptide GLCTLVAML, weight CDR1a
2024-11-14 08:05:42,321 - INFO - Processing rows 775 to 800 for swaps, peptide GLCTLVAML, weight CDR1a
2024-11-14 08:05:47,009 - INFO - Processing rows 800 to 825 for swaps, peptide GLCTLVAML, weight CDR1a
2024-11-14 08:05:51,661 - INFO - Processing rows 825 to 850 for swaps, peptide GLCTLVAML, weight CDR1a
2024-11-14 08:05:56,328 - INFO - Processing rows 850 to 875 for swaps, peptide GLCTLVAML, weight CDR1a
2024-11-14 08:06:01,036 - INFO - Processing rows 875 to 900 for swaps, peptide GLCTLVAML, weight CDR1a
2024-11-14 08:06:05,723 - INFO - Processing rows 900 to 925 for swaps, peptide GLCTLVAML, weight CDR1a
2024-11-14 08:06:10,431 - INFO - Processing rows 925 to 950 for swaps, peptide GLCTLVAML, weight CDR1a
2024-11-14 08:06:15,120 - INFO - Processing rows 950 to 975 for swaps, peptide GLCTLVAML, weight CDR1a
2024-11-14 08:06:19,812 - INFO - Processing rows 975 to 1000 for swaps, peptide GLCTLVAML, weight CDR1a
2024-11-14 08:06:24,444 - INFO - Processing rows 1000 to 1025 for swaps, peptide GLCTLVAML, weight CDR1a
2024-11-14 08:06:29,153 - INFO - Processing rows 1025 to 1050 for swaps, peptide GLCTLVAML, weight CDR1a
2024-11-14 08:06:33,844 - INFO - Processing rows 1050 to 1075 for swaps, peptide GLCTLVAML, weight CDR1a
2024-11-14 08:06:38,493 - INFO - Processing rows 1075 to 1100 for swaps, peptide GLCTLVAML, weight CDR1a
2024-11-14 08:06:43,138 - INFO - Processing rows 1100 to 1125 for swaps, peptide GLCTLVAML, weight CDR1a
2024-11-14 08:06:47,851 - INFO - Processing rows 1125 to 1150 for swaps, peptide GLCTLVAML, weight CDR1a
2024-11-14 08:06:52,455 - INFO - Processing rows 1150 to 1175 for swaps, peptide GLCTLVAML, weight CDR1a
2024-11-14 08:06:57,177 - INFO - Processing rows 1175 to 1200 for swaps, peptide GLCTLVAML, weight CDR1a
2024-11-14 08:07:01,880 - INFO - Processing rows 1200 to 1225 for swaps, peptide GLCTLVAML, weight CDR1a
2024-11-14 08:07:06,598 - INFO - Processing rows 1225 to 1250 for swaps, peptide GLCTLVAML, weight CDR1a
2024-11-14 08:07:11,288 - INFO - Processing rows 1250 to 1275 for swaps, peptide GLCTLVAML, weight CDR1a
2024-11-14 08:07:16,029 - INFO - Processing rows 1275 to 1300 for swaps, peptide GLCTLVAML, weight CDR1a
2024-11-14 08:07:20,670 - INFO - Processing rows 1300 to 1325 for swaps, peptide GLCTLVAML, weight CDR1a
2024-11-14 08:07:25,401 - INFO - Processing rows 1325 to 1350 for swaps, peptide GLCTLVAML, weight CDR1a
2024-11-14 08:07:30,085 - INFO - Processing rows 1350 to 1375 for swaps, peptide GLCTLVAML, weight CDR1a
2024-11-14 08:07:34,764 - INFO - Processing rows 1375 to 1400 for swaps, peptide GLCTLVAML, weight CDR1a
2024-11-14 08:07:39,364 - INFO - Processing rows 1400 to 1425 for swaps, peptide GLCTLVAML, weight CDR1a
2024-11-14 08:07:43,957 - INFO - Processing rows 1425 to 1450 for swaps, peptide GLCTLVAML, weight CDR1a
2024-11-14 08:07:48,531 - INFO - Processing rows 1450 to 1475 for swaps, peptide GLCTLVAML, weight CDR1a
2024-11-14 08:07:53,124 - INFO - Processing rows 1475 to 1500 for swaps, peptide GLCTLVAML, weight CDR1a
2024-11-14 08:07:57,728 - INFO - Processing rows 1500 to 1525 for swaps, peptide GLCTLVAML, weight CDR1a
2024-11-14 08:08:02,351 - INFO - Processing rows 1525 to 1550 for swaps, peptide GLCTLVAML, weight CDR1a
2024-11-14 08:08:06,957 - INFO - Processing rows 1550 to 1575 for swaps, peptide GLCTLVAML, weight CDR1a
2024-11-14 08:08:11,582 - INFO - Processing rows 1575 to 1600 for swaps, peptide GLCTLVAML, weight CDR1a
2024-11-14 08:08:16,189 - INFO - Processing rows 1600 to 1625 for swaps, peptide GLCTLVAML, weight CDR1a
2024-11-14 08:08:20,813 - INFO - Processing rows 1625 to 1626 for swaps, peptide GLCTLVAML, weight CDR1a
Traceback (most recent call last):
  File "/net/mimer/mnt/tank/projects2/emison/language_model/27th_Oct_new_matrices/04.11_new_esm/12.11/run_esm_swaps.py", line 90, in <module>
    process_sequences(df_filtered, peptide, weight, "swaps")
  File "/net/mimer/mnt/tank/projects2/emison/language_model/27th_Oct_new_matrices/04.11_new_esm/12.11/run_esm_swaps.py", line 82, in process_sequences
    output_df.insert(0, "raw_index", raw_indexes)
  File "/home/projects2/emison/language_model/miniconda3/envs/esm2_emison/lib/python3.12/site-packages/pandas/core/frame.py", line 5171, in insert
    value, refs = self._sanitize_column(value)
                  ^^^^^^^^^^^^^^^^^^^^^^^^^^^^
  File "/home/projects2/emison/language_model/miniconda3/envs/esm2_emison/lib/python3.12/site-packages/pandas/core/frame.py", line 5266, in _sanitize_column
    com.require_length_match(value, self.index)
  File "/home/projects2/emison/language_model/miniconda3/envs/esm2_emison/lib/python3.12/site-packages/pandas/core/common.py", line 573, in require_length_match
    raise ValueError(
ValueError: Length of values (1626) does not match length of index (1)
