2024-11-13 19:22:58,712 - INFO - Loading and filtering dataset for peptide GLCTLVAML
2024-11-13 19:22:59,496 - INFO - Processing dataset for peptide GLCTLVAML with weight CDR2b
2024-11-13 19:22:59,500 - INFO - Processing rows 0 to 25 for swaps, peptide GLCTLVAML, weight CDR2b
2024-11-13 19:23:15,270 - INFO - Processing rows 25 to 50 for swaps, peptide GLCTLVAML, weight CDR2b
2024-11-13 19:23:33,216 - INFO - Processing rows 50 to 75 for swaps, peptide GLCTLVAML, weight CDR2b
2024-11-13 19:23:51,063 - INFO - Processing rows 75 to 100 for swaps, peptide GLCTLVAML, weight CDR2b
2024-11-13 19:24:08,939 - INFO - Processing rows 100 to 125 for swaps, peptide GLCTLVAML, weight CDR2b
2024-11-13 19:24:26,749 - INFO - Processing rows 125 to 150 for swaps, peptide GLCTLVAML, weight CDR2b
2024-11-13 19:24:44,451 - INFO - Processing rows 150 to 175 for swaps, peptide GLCTLVAML, weight CDR2b
2024-11-13 19:25:02,241 - INFO - Processing rows 175 to 200 for swaps, peptide GLCTLVAML, weight CDR2b
2024-11-13 19:25:19,959 - INFO - Processing rows 200 to 225 for swaps, peptide GLCTLVAML, weight CDR2b
2024-11-13 19:25:37,619 - INFO - Processing rows 225 to 250 for swaps, peptide GLCTLVAML, weight CDR2b
2024-11-13 19:25:55,358 - INFO - Processing rows 250 to 275 for swaps, peptide GLCTLVAML, weight CDR2b
2024-11-13 19:26:13,097 - INFO - Processing rows 275 to 300 for swaps, peptide GLCTLVAML, weight CDR2b
2024-11-13 19:26:30,698 - INFO - Processing rows 300 to 325 for swaps, peptide GLCTLVAML, weight CDR2b
2024-11-13 19:26:48,031 - INFO - Processing rows 325 to 350 for swaps, peptide GLCTLVAML, weight CDR2b
2024-11-13 19:27:05,420 - INFO - Processing rows 350 to 375 for swaps, peptide GLCTLVAML, weight CDR2b
2024-11-13 19:27:23,073 - INFO - Processing rows 375 to 400 for swaps, peptide GLCTLVAML, weight CDR2b
2024-11-13 19:27:40,901 - INFO - Processing rows 400 to 425 for swaps, peptide GLCTLVAML, weight CDR2b
2024-11-13 19:27:57,847 - INFO - Processing rows 425 to 450 for swaps, peptide GLCTLVAML, weight CDR2b
2024-11-13 19:28:15,109 - INFO - Processing rows 450 to 475 for swaps, peptide GLCTLVAML, weight CDR2b
2024-11-13 19:28:39,569 - INFO - Processing rows 475 to 500 for swaps, peptide GLCTLVAML, weight CDR2b
2024-11-13 19:28:57,493 - INFO - Processing rows 500 to 525 for swaps, peptide GLCTLVAML, weight CDR2b
2024-11-13 19:29:15,265 - INFO - Processing rows 525 to 550 for swaps, peptide GLCTLVAML, weight CDR2b
2024-11-13 19:29:32,950 - INFO - Processing rows 550 to 575 for swaps, peptide GLCTLVAML, weight CDR2b
2024-11-13 19:29:50,529 - INFO - Processing rows 575 to 600 for swaps, peptide GLCTLVAML, weight CDR2b
2024-11-13 19:30:06,109 - INFO - Processing rows 600 to 625 for swaps, peptide GLCTLVAML, weight CDR2b
2024-11-13 19:30:23,717 - INFO - Processing rows 625 to 650 for swaps, peptide GLCTLVAML, weight CDR2b
2024-11-13 19:30:41,275 - INFO - Processing rows 650 to 675 for swaps, peptide GLCTLVAML, weight CDR2b
2024-11-13 19:30:58,831 - INFO - Processing rows 675 to 700 for swaps, peptide GLCTLVAML, weight CDR2b
2024-11-13 19:31:16,409 - INFO - Processing rows 700 to 725 for swaps, peptide GLCTLVAML, weight CDR2b
2024-11-13 19:31:33,968 - INFO - Processing rows 725 to 750 for swaps, peptide GLCTLVAML, weight CDR2b
2024-11-13 19:31:51,590 - INFO - Processing rows 750 to 775 for swaps, peptide GLCTLVAML, weight CDR2b
2024-11-13 19:32:09,358 - INFO - Processing rows 775 to 800 for swaps, peptide GLCTLVAML, weight CDR2b
2024-11-13 19:32:27,179 - INFO - Processing rows 800 to 825 for swaps, peptide GLCTLVAML, weight CDR2b
2024-11-13 19:32:45,040 - INFO - Processing rows 825 to 850 for swaps, peptide GLCTLVAML, weight CDR2b
2024-11-13 19:33:06,480 - INFO - Processing rows 850 to 875 for swaps, peptide GLCTLVAML, weight CDR2b
2024-11-13 19:33:24,500 - INFO - Processing rows 875 to 900 for swaps, peptide GLCTLVAML, weight CDR2b
2024-11-13 19:33:42,152 - INFO - Processing rows 900 to 925 for swaps, peptide GLCTLVAML, weight CDR2b
2024-11-13 19:34:00,167 - INFO - Processing rows 925 to 950 for swaps, peptide GLCTLVAML, weight CDR2b
2024-11-13 19:34:18,053 - INFO - Processing rows 950 to 975 for swaps, peptide GLCTLVAML, weight CDR2b
2024-11-13 19:34:35,985 - INFO - Processing rows 975 to 1000 for swaps, peptide GLCTLVAML, weight CDR2b
2024-11-13 19:34:53,974 - INFO - Processing rows 1000 to 1025 for swaps, peptide GLCTLVAML, weight CDR2b
2024-11-13 19:35:11,984 - INFO - Processing rows 1025 to 1050 for swaps, peptide GLCTLVAML, weight CDR2b
2024-11-13 19:35:29,816 - INFO - Processing rows 1050 to 1075 for swaps, peptide GLCTLVAML, weight CDR2b
2024-11-13 19:35:47,552 - INFO - Processing rows 1075 to 1100 for swaps, peptide GLCTLVAML, weight CDR2b
2024-11-13 19:36:05,228 - INFO - Processing rows 1100 to 1125 for swaps, peptide GLCTLVAML, weight CDR2b
2024-11-13 19:36:22,920 - INFO - Processing rows 1125 to 1150 for swaps, peptide GLCTLVAML, weight CDR2b
2024-11-13 19:36:40,627 - INFO - Processing rows 1150 to 1175 for swaps, peptide GLCTLVAML, weight CDR2b
2024-11-13 19:36:58,324 - INFO - Processing rows 1175 to 1200 for swaps, peptide GLCTLVAML, weight CDR2b
2024-11-13 19:37:16,034 - INFO - Processing rows 1200 to 1225 for swaps, peptide GLCTLVAML, weight CDR2b
2024-11-13 19:37:33,886 - INFO - Processing rows 1225 to 1250 for swaps, peptide GLCTLVAML, weight CDR2b
2024-11-13 19:37:51,622 - INFO - Processing rows 1250 to 1275 for swaps, peptide GLCTLVAML, weight CDR2b
2024-11-13 19:38:09,328 - INFO - Processing rows 1275 to 1300 for swaps, peptide GLCTLVAML, weight CDR2b
2024-11-13 19:38:27,068 - INFO - Processing rows 1300 to 1325 for swaps, peptide GLCTLVAML, weight CDR2b
2024-11-13 19:38:44,778 - INFO - Processing rows 1325 to 1350 for swaps, peptide GLCTLVAML, weight CDR2b
2024-11-13 19:39:02,473 - INFO - Processing rows 1350 to 1375 for swaps, peptide GLCTLVAML, weight CDR2b
2024-11-13 19:39:20,141 - INFO - Processing rows 1375 to 1400 for swaps, peptide GLCTLVAML, weight CDR2b
2024-11-13 19:39:37,821 - INFO - Processing rows 1400 to 1425 for swaps, peptide GLCTLVAML, weight CDR2b
2024-11-13 19:39:55,492 - INFO - Processing rows 1425 to 1450 for swaps, peptide GLCTLVAML, weight CDR2b
2024-11-13 19:40:13,153 - INFO - Processing rows 1450 to 1475 for swaps, peptide GLCTLVAML, weight CDR2b
2024-11-13 19:40:30,817 - INFO - Processing rows 1475 to 1500 for swaps, peptide GLCTLVAML, weight CDR2b
2024-11-13 19:40:46,533 - INFO - Processing rows 1500 to 1525 for swaps, peptide GLCTLVAML, weight CDR2b
2024-11-13 19:41:04,401 - INFO - Processing rows 1525 to 1550 for swaps, peptide GLCTLVAML, weight CDR2b
2024-11-13 19:41:22,390 - INFO - Processing rows 1550 to 1575 for swaps, peptide GLCTLVAML, weight CDR2b
2024-11-13 19:41:40,261 - INFO - Processing rows 1575 to 1600 for swaps, peptide GLCTLVAML, weight CDR2b
2024-11-13 19:41:58,145 - INFO - Processing rows 1600 to 1625 for swaps, peptide GLCTLVAML, weight CDR2b
2024-11-13 19:42:15,818 - INFO - Processing rows 1625 to 1626 for swaps, peptide GLCTLVAML, weight CDR2b
Traceback (most recent call last):
  File "/net/mimer/mnt/tank/projects2/emison/language_model/27th_Oct_new_matrices/04.11_new_esm/12.11/run_esm_swaps.py", line 90, in <module>
    process_sequences(df_filtered, peptide, weight, "swaps")
  File "/net/mimer/mnt/tank/projects2/emison/language_model/27th_Oct_new_matrices/04.11_new_esm/12.11/run_esm_swaps.py", line 82, in process_sequences
    output_df.insert(0, "raw_index", raw_indexes)
  File "/home/projects2/emison/language_model/miniconda3/envs/esm2_emison/lib/python3.12/site-packages/pandas/core/frame.py", line 5171, in insert
    value, refs = self._sanitize_column(value)
                  ^^^^^^^^^^^^^^^^^^^^^^^^^^^^
  File "/home/projects2/emison/language_model/miniconda3/envs/esm2_emison/lib/python3.12/site-packages/pandas/core/frame.py", line 5266, in _sanitize_column
    com.require_length_match(value, self.index)
  File "/home/projects2/emison/language_model/miniconda3/envs/esm2_emison/lib/python3.12/site-packages/pandas/core/common.py", line 573, in require_length_match
    raise ValueError(
ValueError: Length of values (1626) does not match length of index (1)
