2024-11-14 08:21:50,200 - INFO - Loading and filtering dataset for peptide GLCTLVAML
2024-11-14 08:21:50,579 - INFO - Processing dataset for peptide GLCTLVAML with weight CDR3b
2024-11-14 08:21:50,581 - INFO - Processing rows 0 to 25 for swaps, peptide GLCTLVAML, weight CDR3b
2024-11-14 08:22:19,434 - INFO - Processing rows 25 to 50 for swaps, peptide GLCTLVAML, weight CDR3b
2024-11-14 08:22:47,851 - INFO - Processing rows 50 to 75 for swaps, peptide GLCTLVAML, weight CDR3b
2024-11-14 08:23:13,398 - INFO - Processing rows 75 to 100 for swaps, peptide GLCTLVAML, weight CDR3b
2024-11-14 08:23:41,178 - INFO - Processing rows 100 to 125 for swaps, peptide GLCTLVAML, weight CDR3b
2024-11-14 08:24:10,569 - INFO - Processing rows 125 to 150 for swaps, peptide GLCTLVAML, weight CDR3b
2024-11-14 08:24:35,698 - INFO - Processing rows 150 to 175 for swaps, peptide GLCTLVAML, weight CDR3b
2024-11-14 08:25:03,436 - INFO - Processing rows 175 to 200 for swaps, peptide GLCTLVAML, weight CDR3b
2024-11-14 08:25:28,104 - INFO - Processing rows 200 to 225 for swaps, peptide GLCTLVAML, weight CDR3b
2024-11-14 08:25:54,802 - INFO - Processing rows 225 to 250 for swaps, peptide GLCTLVAML, weight CDR3b
2024-11-14 08:26:19,936 - INFO - Processing rows 250 to 275 for swaps, peptide GLCTLVAML, weight CDR3b
2024-11-14 08:26:46,474 - INFO - Processing rows 275 to 300 for swaps, peptide GLCTLVAML, weight CDR3b
2024-11-14 08:27:12,694 - INFO - Processing rows 300 to 325 for swaps, peptide GLCTLVAML, weight CDR3b
2024-11-14 08:27:41,771 - INFO - Processing rows 325 to 350 for swaps, peptide GLCTLVAML, weight CDR3b
2024-11-14 08:28:09,779 - INFO - Processing rows 350 to 375 for swaps, peptide GLCTLVAML, weight CDR3b
2024-11-14 08:28:37,641 - INFO - Processing rows 375 to 400 for swaps, peptide GLCTLVAML, weight CDR3b
2024-11-14 08:29:05,682 - INFO - Processing rows 400 to 425 for swaps, peptide GLCTLVAML, weight CDR3b
2024-11-14 08:29:34,995 - INFO - Processing rows 425 to 450 for swaps, peptide GLCTLVAML, weight CDR3b
2024-11-14 08:30:03,013 - INFO - Processing rows 450 to 475 for swaps, peptide GLCTLVAML, weight CDR3b
2024-11-14 08:30:29,964 - INFO - Processing rows 475 to 500 for swaps, peptide GLCTLVAML, weight CDR3b
2024-11-14 08:30:55,658 - INFO - Processing rows 500 to 525 for swaps, peptide GLCTLVAML, weight CDR3b
2024-11-14 08:31:22,833 - INFO - Processing rows 525 to 550 for swaps, peptide GLCTLVAML, weight CDR3b
2024-11-14 08:31:50,076 - INFO - Processing rows 550 to 575 for swaps, peptide GLCTLVAML, weight CDR3b
2024-11-14 08:32:14,393 - INFO - Processing rows 575 to 600 for swaps, peptide GLCTLVAML, weight CDR3b
2024-11-14 08:32:42,938 - INFO - Processing rows 600 to 625 for swaps, peptide GLCTLVAML, weight CDR3b
2024-11-14 08:33:10,183 - INFO - Processing rows 625 to 650 for swaps, peptide GLCTLVAML, weight CDR3b
2024-11-14 08:33:42,877 - INFO - Processing rows 650 to 675 for swaps, peptide GLCTLVAML, weight CDR3b
2024-11-14 08:34:18,287 - INFO - Processing rows 675 to 700 for swaps, peptide GLCTLVAML, weight CDR3b
2024-11-14 08:34:45,123 - INFO - Processing rows 700 to 725 for swaps, peptide GLCTLVAML, weight CDR3b
2024-11-14 08:35:10,636 - INFO - Processing rows 725 to 750 for swaps, peptide GLCTLVAML, weight CDR3b
2024-11-14 08:35:40,677 - INFO - Processing rows 750 to 775 for swaps, peptide GLCTLVAML, weight CDR3b
2024-11-14 08:36:05,062 - INFO - Processing rows 775 to 800 for swaps, peptide GLCTLVAML, weight CDR3b
2024-11-14 08:36:29,898 - INFO - Processing rows 800 to 825 for swaps, peptide GLCTLVAML, weight CDR3b
2024-11-14 08:36:53,299 - INFO - Processing rows 825 to 850 for swaps, peptide GLCTLVAML, weight CDR3b
2024-11-14 08:37:18,176 - INFO - Processing rows 850 to 875 for swaps, peptide GLCTLVAML, weight CDR3b
2024-11-14 08:37:47,209 - INFO - Processing rows 875 to 900 for swaps, peptide GLCTLVAML, weight CDR3b
2024-11-14 08:38:12,124 - INFO - Processing rows 900 to 925 for swaps, peptide GLCTLVAML, weight CDR3b
2024-11-14 08:38:38,410 - INFO - Processing rows 925 to 950 for swaps, peptide GLCTLVAML, weight CDR3b
2024-11-14 08:39:03,189 - INFO - Processing rows 950 to 975 for swaps, peptide GLCTLVAML, weight CDR3b
2024-11-14 08:39:27,798 - INFO - Processing rows 975 to 1000 for swaps, peptide GLCTLVAML, weight CDR3b
2024-11-14 08:39:54,031 - INFO - Processing rows 1000 to 1025 for swaps, peptide GLCTLVAML, weight CDR3b
2024-11-14 08:40:21,413 - INFO - Processing rows 1025 to 1050 for swaps, peptide GLCTLVAML, weight CDR3b
2024-11-14 08:40:49,902 - INFO - Processing rows 1050 to 1075 for swaps, peptide GLCTLVAML, weight CDR3b
2024-11-14 08:41:17,377 - INFO - Processing rows 1075 to 1100 for swaps, peptide GLCTLVAML, weight CDR3b
2024-11-14 08:41:44,990 - INFO - Processing rows 1100 to 1125 for swaps, peptide GLCTLVAML, weight CDR3b
2024-11-14 08:42:11,254 - INFO - Processing rows 1125 to 1150 for swaps, peptide GLCTLVAML, weight CDR3b
2024-11-14 08:42:39,016 - INFO - Processing rows 1150 to 1175 for swaps, peptide GLCTLVAML, weight CDR3b
2024-11-14 08:43:06,670 - INFO - Processing rows 1175 to 1200 for swaps, peptide GLCTLVAML, weight CDR3b
2024-11-14 08:43:35,770 - INFO - Processing rows 1200 to 1225 for swaps, peptide GLCTLVAML, weight CDR3b
2024-11-14 08:44:06,175 - INFO - Processing rows 1225 to 1250 for swaps, peptide GLCTLVAML, weight CDR3b
2024-11-14 08:44:34,838 - INFO - Processing rows 1250 to 1275 for swaps, peptide GLCTLVAML, weight CDR3b
2024-11-14 08:45:02,157 - INFO - Processing rows 1275 to 1300 for swaps, peptide GLCTLVAML, weight CDR3b
2024-11-14 08:45:29,454 - INFO - Processing rows 1300 to 1325 for swaps, peptide GLCTLVAML, weight CDR3b
2024-11-14 08:45:55,858 - INFO - Processing rows 1325 to 1350 for swaps, peptide GLCTLVAML, weight CDR3b
2024-11-14 08:46:23,163 - INFO - Processing rows 1350 to 1375 for swaps, peptide GLCTLVAML, weight CDR3b
2024-11-14 08:46:49,487 - INFO - Processing rows 1375 to 1400 for swaps, peptide GLCTLVAML, weight CDR3b
2024-11-14 08:47:15,720 - INFO - Processing rows 1400 to 1425 for swaps, peptide GLCTLVAML, weight CDR3b
2024-11-14 08:47:41,635 - INFO - Processing rows 1425 to 1450 for swaps, peptide GLCTLVAML, weight CDR3b
2024-11-14 08:48:07,644 - INFO - Processing rows 1450 to 1475 for swaps, peptide GLCTLVAML, weight CDR3b
2024-11-14 08:48:33,867 - INFO - Processing rows 1475 to 1500 for swaps, peptide GLCTLVAML, weight CDR3b
2024-11-14 08:48:58,635 - INFO - Processing rows 1500 to 1525 for swaps, peptide GLCTLVAML, weight CDR3b
2024-11-14 08:49:27,736 - INFO - Processing rows 1525 to 1550 for swaps, peptide GLCTLVAML, weight CDR3b
2024-11-14 08:49:54,051 - INFO - Processing rows 1550 to 1575 for swaps, peptide GLCTLVAML, weight CDR3b
2024-11-14 08:50:21,848 - INFO - Processing rows 1575 to 1600 for swaps, peptide GLCTLVAML, weight CDR3b
2024-11-14 08:50:46,885 - INFO - Processing rows 1600 to 1625 for swaps, peptide GLCTLVAML, weight CDR3b
2024-11-14 08:51:15,947 - INFO - Processing rows 1625 to 1626 for swaps, peptide GLCTLVAML, weight CDR3b
2024-11-14 08:51:17,786 - INFO - ESM finished.. Saving file...
2024-11-14 09:01:50,635 - INFO - Saved to /net/mimer/mnt/tank/projects2/emison/language_model/27th_Oct_new_matrices/04.11_new_esm/12.11/sequence_summed_vectors_swaps_GLCTLVAML_CDR3b.csv
