2024-11-14 08:05:34,302 - INFO - Loading and filtering dataset for peptide GLCTLVAML
2024-11-14 08:05:34,933 - INFO - Processing dataset for peptide GLCTLVAML with weight CDR2a
2024-11-14 08:05:34,935 - INFO - Processing rows 0 to 25 for swaps, peptide GLCTLVAML, weight CDR2a
2024-11-14 08:05:43,093 - INFO - Processing rows 25 to 50 for swaps, peptide GLCTLVAML, weight CDR2a
2024-11-14 08:05:51,587 - INFO - Processing rows 50 to 75 for swaps, peptide GLCTLVAML, weight CDR2a
2024-11-14 08:06:00,101 - INFO - Processing rows 75 to 100 for swaps, peptide GLCTLVAML, weight CDR2a
2024-11-14 08:06:08,652 - INFO - Processing rows 100 to 125 for swaps, peptide GLCTLVAML, weight CDR2a
2024-11-14 08:06:17,386 - INFO - Processing rows 125 to 150 for swaps, peptide GLCTLVAML, weight CDR2a
2024-11-14 08:06:26,129 - INFO - Processing rows 150 to 175 for swaps, peptide GLCTLVAML, weight CDR2a
2024-11-14 08:06:34,954 - INFO - Processing rows 175 to 200 for swaps, peptide GLCTLVAML, weight CDR2a
2024-11-14 08:06:43,648 - INFO - Processing rows 200 to 225 for swaps, peptide GLCTLVAML, weight CDR2a
2024-11-14 08:06:52,464 - INFO - Processing rows 225 to 250 for swaps, peptide GLCTLVAML, weight CDR2a
2024-11-14 08:07:01,275 - INFO - Processing rows 250 to 275 for swaps, peptide GLCTLVAML, weight CDR2a
2024-11-14 08:07:10,319 - INFO - Processing rows 275 to 300 for swaps, peptide GLCTLVAML, weight CDR2a
2024-11-14 08:07:18,986 - INFO - Processing rows 300 to 325 for swaps, peptide GLCTLVAML, weight CDR2a
2024-11-14 08:07:27,486 - INFO - Processing rows 325 to 350 for swaps, peptide GLCTLVAML, weight CDR2a
2024-11-14 08:07:36,234 - INFO - Processing rows 350 to 375 for swaps, peptide GLCTLVAML, weight CDR2a
2024-11-14 08:07:44,650 - INFO - Processing rows 375 to 400 for swaps, peptide GLCTLVAML, weight CDR2a
2024-11-14 08:07:53,313 - INFO - Processing rows 400 to 425 for swaps, peptide GLCTLVAML, weight CDR2a
2024-11-14 08:08:01,952 - INFO - Processing rows 425 to 450 for swaps, peptide GLCTLVAML, weight CDR2a
2024-11-14 08:08:10,300 - INFO - Processing rows 450 to 475 for swaps, peptide GLCTLVAML, weight CDR2a
2024-11-14 08:08:18,650 - INFO - Processing rows 475 to 500 for swaps, peptide GLCTLVAML, weight CDR2a
2024-11-14 08:08:27,072 - INFO - Processing rows 500 to 525 for swaps, peptide GLCTLVAML, weight CDR2a
2024-11-14 08:08:35,926 - INFO - Processing rows 525 to 550 for swaps, peptide GLCTLVAML, weight CDR2a
2024-11-14 08:08:44,228 - INFO - Processing rows 550 to 575 for swaps, peptide GLCTLVAML, weight CDR2a
2024-11-14 08:08:51,914 - INFO - Processing rows 575 to 600 for swaps, peptide GLCTLVAML, weight CDR2a
2024-11-14 08:08:59,260 - INFO - Processing rows 600 to 625 for swaps, peptide GLCTLVAML, weight CDR2a
2024-11-14 08:09:06,916 - INFO - Processing rows 625 to 650 for swaps, peptide GLCTLVAML, weight CDR2a
2024-11-14 08:09:14,240 - INFO - Processing rows 650 to 675 for swaps, peptide GLCTLVAML, weight CDR2a
2024-11-14 08:09:21,483 - INFO - Processing rows 675 to 700 for swaps, peptide GLCTLVAML, weight CDR2a
2024-11-14 08:09:28,954 - INFO - Processing rows 700 to 725 for swaps, peptide GLCTLVAML, weight CDR2a
2024-11-14 08:09:36,448 - INFO - Processing rows 725 to 750 for swaps, peptide GLCTLVAML, weight CDR2a
2024-11-14 08:09:44,155 - INFO - Processing rows 750 to 775 for swaps, peptide GLCTLVAML, weight CDR2a
2024-11-14 08:09:52,409 - INFO - Processing rows 775 to 800 for swaps, peptide GLCTLVAML, weight CDR2a
2024-11-14 08:09:59,985 - INFO - Processing rows 800 to 825 for swaps, peptide GLCTLVAML, weight CDR2a
2024-11-14 08:10:07,619 - INFO - Processing rows 825 to 850 for swaps, peptide GLCTLVAML, weight CDR2a
2024-11-14 08:10:14,918 - INFO - Processing rows 850 to 875 for swaps, peptide GLCTLVAML, weight CDR2a
2024-11-14 08:10:22,269 - INFO - Processing rows 875 to 900 for swaps, peptide GLCTLVAML, weight CDR2a
2024-11-14 08:10:29,730 - INFO - Processing rows 900 to 925 for swaps, peptide GLCTLVAML, weight CDR2a
2024-11-14 08:10:37,038 - INFO - Processing rows 925 to 950 for swaps, peptide GLCTLVAML, weight CDR2a
2024-11-14 08:10:44,336 - INFO - Processing rows 950 to 975 for swaps, peptide GLCTLVAML, weight CDR2a
2024-11-14 08:10:51,927 - INFO - Processing rows 975 to 1000 for swaps, peptide GLCTLVAML, weight CDR2a
2024-11-14 08:10:59,587 - INFO - Processing rows 1000 to 1025 for swaps, peptide GLCTLVAML, weight CDR2a
2024-11-14 08:11:07,055 - INFO - Processing rows 1025 to 1050 for swaps, peptide GLCTLVAML, weight CDR2a
2024-11-14 08:11:14,599 - INFO - Processing rows 1050 to 1075 for swaps, peptide GLCTLVAML, weight CDR2a
2024-11-14 08:11:22,302 - INFO - Processing rows 1075 to 1100 for swaps, peptide GLCTLVAML, weight CDR2a
2024-11-14 08:11:29,848 - INFO - Processing rows 1100 to 1125 for swaps, peptide GLCTLVAML, weight CDR2a
2024-11-14 08:11:37,624 - INFO - Processing rows 1125 to 1150 for swaps, peptide GLCTLVAML, weight CDR2a
2024-11-14 08:11:45,763 - INFO - Processing rows 1150 to 1175 for swaps, peptide GLCTLVAML, weight CDR2a
2024-11-14 08:11:53,810 - INFO - Processing rows 1175 to 1200 for swaps, peptide GLCTLVAML, weight CDR2a
2024-11-14 08:12:01,699 - INFO - Processing rows 1200 to 1225 for swaps, peptide GLCTLVAML, weight CDR2a
2024-11-14 08:12:09,582 - INFO - Processing rows 1225 to 1250 for swaps, peptide GLCTLVAML, weight CDR2a
2024-11-14 08:12:17,326 - INFO - Processing rows 1250 to 1275 for swaps, peptide GLCTLVAML, weight CDR2a
2024-11-14 08:12:24,711 - INFO - Processing rows 1275 to 1300 for swaps, peptide GLCTLVAML, weight CDR2a
2024-11-14 08:12:32,400 - INFO - Processing rows 1300 to 1325 for swaps, peptide GLCTLVAML, weight CDR2a
2024-11-14 08:12:40,055 - INFO - Processing rows 1325 to 1350 for swaps, peptide GLCTLVAML, weight CDR2a
2024-11-14 08:12:47,264 - INFO - Processing rows 1350 to 1375 for swaps, peptide GLCTLVAML, weight CDR2a
2024-11-14 08:12:55,078 - INFO - Processing rows 1375 to 1400 for swaps, peptide GLCTLVAML, weight CDR2a
2024-11-14 08:13:02,715 - INFO - Processing rows 1400 to 1425 for swaps, peptide GLCTLVAML, weight CDR2a
2024-11-14 08:13:10,008 - INFO - Processing rows 1425 to 1450 for swaps, peptide GLCTLVAML, weight CDR2a
2024-11-14 08:13:17,389 - INFO - Processing rows 1450 to 1475 for swaps, peptide GLCTLVAML, weight CDR2a
2024-11-14 08:13:24,736 - INFO - Processing rows 1475 to 1500 for swaps, peptide GLCTLVAML, weight CDR2a
2024-11-14 08:13:31,838 - INFO - Processing rows 1500 to 1525 for swaps, peptide GLCTLVAML, weight CDR2a
2024-11-14 08:13:39,291 - INFO - Processing rows 1525 to 1550 for swaps, peptide GLCTLVAML, weight CDR2a
2024-11-14 08:13:47,164 - INFO - Processing rows 1550 to 1575 for swaps, peptide GLCTLVAML, weight CDR2a
2024-11-14 08:13:55,067 - INFO - Processing rows 1575 to 1600 for swaps, peptide GLCTLVAML, weight CDR2a
2024-11-14 08:14:02,826 - INFO - Processing rows 1600 to 1625 for swaps, peptide GLCTLVAML, weight CDR2a
2024-11-14 08:14:10,966 - INFO - Processing rows 1625 to 1626 for swaps, peptide GLCTLVAML, weight CDR2a
Traceback (most recent call last):
  File "/net/mimer/mnt/tank/projects2/emison/language_model/27th_Oct_new_matrices/04.11_new_esm/12.11/run_esm_swaps.py", line 90, in <module>
    process_sequences(df_filtered, peptide, weight, "swaps")
  File "/net/mimer/mnt/tank/projects2/emison/language_model/27th_Oct_new_matrices/04.11_new_esm/12.11/run_esm_swaps.py", line 82, in process_sequences
    output_df = pd.DataFrame(sequence_representations)
    ^^^^^^^^^^^^^^^^^^^^^^^^^^^^^^^^^^^^^^^^^^^^^
  File "/home/projects2/emison/language_model/miniconda3/envs/esm2_emison/lib/python3.12/site-packages/pandas/core/frame.py", line 5171, in insert
    value, refs = self._sanitize_column(value)
                  ^^^^^^^^^^^^^^^^^^^^^^^^^^^^
  File "/home/projects2/emison/language_model/miniconda3/envs/esm2_emison/lib/python3.12/site-packages/pandas/core/frame.py", line 5266, in _sanitize_column
    com.require_length_match(value, self.index)
  File "/home/projects2/emison/language_model/miniconda3/envs/esm2_emison/lib/python3.12/site-packages/pandas/core/common.py", line 573, in require_length_match
    raise ValueError(
ValueError: Length of values (1626) does not match length of index (1)
