2024-11-14 08:05:36,324 - INFO - Loading and filtering dataset for peptide GLCTLVAML
2024-11-14 08:05:36,976 - INFO - Processing dataset for peptide GLCTLVAML with weight CDR2b
2024-11-14 08:05:36,979 - INFO - Processing rows 0 to 25 for swaps, peptide GLCTLVAML, weight CDR2b
2024-11-14 08:05:43,996 - INFO - Processing rows 25 to 50 for swaps, peptide GLCTLVAML, weight CDR2b
2024-11-14 08:05:52,181 - INFO - Processing rows 50 to 75 for swaps, peptide GLCTLVAML, weight CDR2b
2024-11-14 08:06:00,417 - INFO - Processing rows 75 to 100 for swaps, peptide GLCTLVAML, weight CDR2b
2024-11-14 08:06:08,605 - INFO - Processing rows 100 to 125 for swaps, peptide GLCTLVAML, weight CDR2b
2024-11-14 08:06:17,119 - INFO - Processing rows 125 to 150 for swaps, peptide GLCTLVAML, weight CDR2b
2024-11-14 08:06:25,569 - INFO - Processing rows 150 to 175 for swaps, peptide GLCTLVAML, weight CDR2b
2024-11-14 08:06:33,938 - INFO - Processing rows 175 to 200 for swaps, peptide GLCTLVAML, weight CDR2b
2024-11-14 08:06:42,327 - INFO - Processing rows 200 to 225 for swaps, peptide GLCTLVAML, weight CDR2b
2024-11-14 08:06:50,755 - INFO - Processing rows 225 to 250 for swaps, peptide GLCTLVAML, weight CDR2b
2024-11-14 08:06:59,405 - INFO - Processing rows 250 to 275 for swaps, peptide GLCTLVAML, weight CDR2b
2024-11-14 08:07:07,894 - INFO - Processing rows 275 to 300 for swaps, peptide GLCTLVAML, weight CDR2b
2024-11-14 08:07:16,617 - INFO - Processing rows 300 to 325 for swaps, peptide GLCTLVAML, weight CDR2b
2024-11-14 08:07:24,656 - INFO - Processing rows 325 to 350 for swaps, peptide GLCTLVAML, weight CDR2b
2024-11-14 08:07:32,881 - INFO - Processing rows 350 to 375 for swaps, peptide GLCTLVAML, weight CDR2b
2024-11-14 08:07:41,049 - INFO - Processing rows 375 to 400 for swaps, peptide GLCTLVAML, weight CDR2b
2024-11-14 08:07:49,517 - INFO - Processing rows 400 to 425 for swaps, peptide GLCTLVAML, weight CDR2b
2024-11-14 08:07:57,814 - INFO - Processing rows 425 to 450 for swaps, peptide GLCTLVAML, weight CDR2b
2024-11-14 08:08:05,944 - INFO - Processing rows 450 to 475 for swaps, peptide GLCTLVAML, weight CDR2b
2024-11-14 08:08:14,120 - INFO - Processing rows 475 to 500 for swaps, peptide GLCTLVAML, weight CDR2b
2024-11-14 08:08:22,170 - INFO - Processing rows 500 to 525 for swaps, peptide GLCTLVAML, weight CDR2b
2024-11-14 08:08:30,239 - INFO - Processing rows 525 to 550 for swaps, peptide GLCTLVAML, weight CDR2b
2024-11-14 08:08:38,498 - INFO - Processing rows 550 to 575 for swaps, peptide GLCTLVAML, weight CDR2b
2024-11-14 08:08:46,115 - INFO - Processing rows 575 to 600 for swaps, peptide GLCTLVAML, weight CDR2b
2024-11-14 08:08:52,623 - INFO - Processing rows 600 to 625 for swaps, peptide GLCTLVAML, weight CDR2b
2024-11-14 08:08:59,511 - INFO - Processing rows 625 to 650 for swaps, peptide GLCTLVAML, weight CDR2b
2024-11-14 08:09:06,660 - INFO - Processing rows 650 to 675 for swaps, peptide GLCTLVAML, weight CDR2b
2024-11-14 08:09:13,489 - INFO - Processing rows 675 to 700 for swaps, peptide GLCTLVAML, weight CDR2b
2024-11-14 08:09:20,321 - INFO - Processing rows 700 to 725 for swaps, peptide GLCTLVAML, weight CDR2b
2024-11-14 08:09:27,322 - INFO - Processing rows 725 to 750 for swaps, peptide GLCTLVAML, weight CDR2b
2024-11-14 08:09:34,211 - INFO - Processing rows 750 to 775 for swaps, peptide GLCTLVAML, weight CDR2b
2024-11-14 08:09:41,354 - INFO - Processing rows 775 to 800 for swaps, peptide GLCTLVAML, weight CDR2b
2024-11-14 08:09:48,726 - INFO - Processing rows 800 to 825 for swaps, peptide GLCTLVAML, weight CDR2b
2024-11-14 08:09:56,421 - INFO - Processing rows 825 to 850 for swaps, peptide GLCTLVAML, weight CDR2b
2024-11-14 08:10:03,610 - INFO - Processing rows 850 to 875 for swaps, peptide GLCTLVAML, weight CDR2b
2024-11-14 08:10:09,788 - INFO - Processing rows 875 to 900 for swaps, peptide GLCTLVAML, weight CDR2b
2024-11-14 08:10:16,783 - INFO - Processing rows 900 to 925 for swaps, peptide GLCTLVAML, weight CDR2b
2024-11-14 08:10:23,894 - INFO - Processing rows 925 to 950 for swaps, peptide GLCTLVAML, weight CDR2b
2024-11-14 08:10:30,611 - INFO - Processing rows 950 to 975 for swaps, peptide GLCTLVAML, weight CDR2b
2024-11-14 08:10:36,319 - INFO - Processing rows 975 to 1000 for swaps, peptide GLCTLVAML, weight CDR2b
2024-11-14 08:10:41,226 - INFO - Processing rows 1000 to 1025 for swaps, peptide GLCTLVAML, weight CDR2b
2024-11-14 08:10:46,110 - INFO - Processing rows 1025 to 1050 for swaps, peptide GLCTLVAML, weight CDR2b
2024-11-14 08:10:51,046 - INFO - Processing rows 1050 to 1075 for swaps, peptide GLCTLVAML, weight CDR2b
2024-11-14 08:10:56,106 - INFO - Processing rows 1075 to 1100 for swaps, peptide GLCTLVAML, weight CDR2b
2024-11-14 08:11:01,160 - INFO - Processing rows 1100 to 1125 for swaps, peptide GLCTLVAML, weight CDR2b
2024-11-14 08:11:06,148 - INFO - Processing rows 1125 to 1150 for swaps, peptide GLCTLVAML, weight CDR2b
2024-11-14 08:11:11,119 - INFO - Processing rows 1150 to 1175 for swaps, peptide GLCTLVAML, weight CDR2b
2024-11-14 08:11:16,015 - INFO - Processing rows 1175 to 1200 for swaps, peptide GLCTLVAML, weight CDR2b
2024-11-14 08:11:21,190 - INFO - Processing rows 1200 to 1225 for swaps, peptide GLCTLVAML, weight CDR2b
2024-11-14 08:11:26,104 - INFO - Processing rows 1225 to 1250 for swaps, peptide GLCTLVAML, weight CDR2b
2024-11-14 08:11:31,281 - INFO - Processing rows 1250 to 1275 for swaps, peptide GLCTLVAML, weight CDR2b
2024-11-14 08:11:36,449 - INFO - Processing rows 1275 to 1300 for swaps, peptide GLCTLVAML, weight CDR2b
2024-11-14 08:11:41,651 - INFO - Processing rows 1300 to 1325 for swaps, peptide GLCTLVAML, weight CDR2b
2024-11-14 08:11:46,731 - INFO - Processing rows 1325 to 1350 for swaps, peptide GLCTLVAML, weight CDR2b
2024-11-14 08:11:51,969 - INFO - Processing rows 1350 to 1375 for swaps, peptide GLCTLVAML, weight CDR2b
2024-11-14 08:11:57,118 - INFO - Processing rows 1375 to 1400 for swaps, peptide GLCTLVAML, weight CDR2b
2024-11-14 08:12:02,291 - INFO - Processing rows 1400 to 1425 for swaps, peptide GLCTLVAML, weight CDR2b
2024-11-14 08:12:07,482 - INFO - Processing rows 1425 to 1450 for swaps, peptide GLCTLVAML, weight CDR2b
2024-11-14 08:12:12,691 - INFO - Processing rows 1450 to 1475 for swaps, peptide GLCTLVAML, weight CDR2b
2024-11-14 08:12:17,739 - INFO - Processing rows 1475 to 1500 for swaps, peptide GLCTLVAML, weight CDR2b
2024-11-14 08:12:22,116 - INFO - Processing rows 1500 to 1525 for swaps, peptide GLCTLVAML, weight CDR2b
2024-11-14 08:12:27,001 - INFO - Processing rows 1525 to 1550 for swaps, peptide GLCTLVAML, weight CDR2b
2024-11-14 08:12:32,225 - INFO - Processing rows 1550 to 1575 for swaps, peptide GLCTLVAML, weight CDR2b
2024-11-14 08:12:36,787 - INFO - Processing rows 1575 to 1600 for swaps, peptide GLCTLVAML, weight CDR2b
2024-11-14 08:12:41,408 - INFO - Processing rows 1600 to 1625 for swaps, peptide GLCTLVAML, weight CDR2b
2024-11-14 08:12:46,065 - INFO - Processing rows 1625 to 1626 for swaps, peptide GLCTLVAML, weight CDR2b
Traceback (most recent call last):
  File "/net/mimer/mnt/tank/projects2/emison/language_model/27th_Oct_new_matrices/04.11_new_esm/12.11/run_esm_swaps.py", line 90, in <module>
    process_sequences(df_filtered, peptide, weight, "swaps")
  File "/net/mimer/mnt/tank/projects2/emison/language_model/27th_Oct_new_matrices/04.11_new_esm/12.11/run_esm_swaps.py", line 82, in process_sequences
    output_df.insert(0, "raw_index", raw_indexes)
  File "/home/projects2/emison/language_model/miniconda3/envs/esm2_emison/lib/python3.12/site-packages/pandas/core/frame.py", line 5171, in insert
    value, refs = self._sanitize_column(value)
                  ^^^^^^^^^^^^^^^^^^^^^^^^^^^^
  File "/home/projects2/emison/language_model/miniconda3/envs/esm2_emison/lib/python3.12/site-packages/pandas/core/frame.py", line 5266, in _sanitize_column
    com.require_length_match(value, self.index)
  File "/home/projects2/emison/language_model/miniconda3/envs/esm2_emison/lib/python3.12/site-packages/pandas/core/common.py", line 573, in require_length_match
    raise ValueError(
ValueError: Length of values (1626) does not match length of index (1)
