2024-11-13 19:24:48,262 - INFO - Loading and filtering dataset for peptide LLWNGPMAV
2024-11-13 19:24:48,570 - INFO - Processing dataset for peptide LLWNGPMAV with weight TCRa
2024-11-13 19:24:48,572 - INFO - Processing rows 0 to 25 for swaps, peptide LLWNGPMAV, weight TCRa
2024-11-13 19:28:18,399 - INFO - Processing rows 25 to 50 for swaps, peptide LLWNGPMAV, weight TCRa
2024-11-13 19:31:49,557 - INFO - Processing rows 50 to 75 for swaps, peptide LLWNGPMAV, weight TCRa
2024-11-13 19:35:10,800 - INFO - Processing rows 75 to 100 for swaps, peptide LLWNGPMAV, weight TCRa
2024-11-13 19:38:40,750 - INFO - Processing rows 100 to 125 for swaps, peptide LLWNGPMAV, weight TCRa
2024-11-13 19:42:11,993 - INFO - Processing rows 125 to 150 for swaps, peptide LLWNGPMAV, weight TCRa
2024-11-13 19:45:33,742 - INFO - Processing rows 150 to 175 for swaps, peptide LLWNGPMAV, weight TCRa
2024-11-13 19:48:56,168 - INFO - Processing rows 175 to 200 for swaps, peptide LLWNGPMAV, weight TCRa
2024-11-13 19:52:20,822 - INFO - Processing rows 200 to 225 for swaps, peptide LLWNGPMAV, weight TCRa
2024-11-13 19:55:50,755 - INFO - Processing rows 225 to 250 for swaps, peptide LLWNGPMAV, weight TCRa
2024-11-13 19:59:14,229 - INFO - Processing rows 250 to 275 for swaps, peptide LLWNGPMAV, weight TCRa
2024-11-13 20:02:34,201 - INFO - Processing rows 275 to 300 for swaps, peptide LLWNGPMAV, weight TCRa
2024-11-13 20:06:02,503 - INFO - Processing rows 300 to 325 for swaps, peptide LLWNGPMAV, weight TCRa
2024-11-13 20:09:28,798 - INFO - Processing rows 325 to 350 for swaps, peptide LLWNGPMAV, weight TCRa
2024-11-13 20:13:10,965 - INFO - Processing rows 350 to 375 for swaps, peptide LLWNGPMAV, weight TCRa
2024-11-13 20:16:34,026 - INFO - Processing rows 375 to 400 for swaps, peptide LLWNGPMAV, weight TCRa
2024-11-13 20:20:03,091 - INFO - Processing rows 400 to 425 for swaps, peptide LLWNGPMAV, weight TCRa
2024-11-13 20:23:30,853 - INFO - Processing rows 425 to 450 for swaps, peptide LLWNGPMAV, weight TCRa
2024-11-13 20:26:59,037 - INFO - Processing rows 450 to 475 for swaps, peptide LLWNGPMAV, weight TCRa
2024-11-13 20:30:25,051 - INFO - Processing rows 475 to 500 for swaps, peptide LLWNGPMAV, weight TCRa
2024-11-13 20:33:34,430 - INFO - Processing rows 500 to 525 for swaps, peptide LLWNGPMAV, weight TCRa
2024-11-13 20:36:49,696 - INFO - Processing rows 525 to 550 for swaps, peptide LLWNGPMAV, weight TCRa
2024-11-13 20:40:26,523 - INFO - Processing rows 550 to 575 for swaps, peptide LLWNGPMAV, weight TCRa
2024-11-13 20:43:45,236 - INFO - Processing rows 575 to 600 for swaps, peptide LLWNGPMAV, weight TCRa
2024-11-13 20:46:57,039 - INFO - Processing rows 600 to 625 for swaps, peptide LLWNGPMAV, weight TCRa
2024-11-13 20:50:04,272 - INFO - Processing rows 625 to 650 for swaps, peptide LLWNGPMAV, weight TCRa
2024-11-13 20:53:16,353 - INFO - Processing rows 650 to 675 for swaps, peptide LLWNGPMAV, weight TCRa
2024-11-13 20:56:39,308 - INFO - Processing rows 675 to 700 for swaps, peptide LLWNGPMAV, weight TCRa
2024-11-13 20:59:53,070 - INFO - Processing rows 700 to 725 for swaps, peptide LLWNGPMAV, weight TCRa
2024-11-13 21:03:04,228 - INFO - Processing rows 725 to 750 for swaps, peptide LLWNGPMAV, weight TCRa
2024-11-13 21:06:16,963 - INFO - Processing rows 750 to 775 for swaps, peptide LLWNGPMAV, weight TCRa
2024-11-13 21:09:23,787 - INFO - Processing rows 775 to 800 for swaps, peptide LLWNGPMAV, weight TCRa
2024-11-13 21:12:37,761 - INFO - Processing rows 800 to 825 for swaps, peptide LLWNGPMAV, weight TCRa
2024-11-13 21:15:52,590 - INFO - Processing rows 825 to 850 for swaps, peptide LLWNGPMAV, weight TCRa
2024-11-13 21:19:04,949 - INFO - Processing rows 850 to 875 for swaps, peptide LLWNGPMAV, weight TCRa
2024-11-13 21:22:16,378 - INFO - Processing rows 875 to 900 for swaps, peptide LLWNGPMAV, weight TCRa
2024-11-13 21:25:25,816 - INFO - Processing rows 900 to 925 for swaps, peptide LLWNGPMAV, weight TCRa
2024-11-13 21:28:32,892 - INFO - Processing rows 925 to 950 for swaps, peptide LLWNGPMAV, weight TCRa
2024-11-13 21:31:42,461 - INFO - Processing rows 950 to 975 for swaps, peptide LLWNGPMAV, weight TCRa
2024-11-13 21:34:56,011 - INFO - Processing rows 975 to 1000 for swaps, peptide LLWNGPMAV, weight TCRa
2024-11-13 21:38:07,470 - INFO - Processing rows 1000 to 1025 for swaps, peptide LLWNGPMAV, weight TCRa
2024-11-13 21:41:13,383 - INFO - Processing rows 1025 to 1050 for swaps, peptide LLWNGPMAV, weight TCRa
2024-11-13 21:44:26,984 - INFO - Processing rows 1050 to 1075 for swaps, peptide LLWNGPMAV, weight TCRa
2024-11-13 21:47:35,055 - INFO - Processing rows 1075 to 1100 for swaps, peptide LLWNGPMAV, weight TCRa
2024-11-13 21:50:49,477 - INFO - Processing rows 1100 to 1125 for swaps, peptide LLWNGPMAV, weight TCRa
2024-11-13 21:54:01,573 - INFO - Processing rows 1125 to 1150 for swaps, peptide LLWNGPMAV, weight TCRa
2024-11-13 21:57:10,838 - INFO - Processing rows 1150 to 1175 for swaps, peptide LLWNGPMAV, weight TCRa
2024-11-13 22:00:26,759 - INFO - Processing rows 1175 to 1200 for swaps, peptide LLWNGPMAV, weight TCRa
2024-11-13 22:03:37,930 - INFO - Processing rows 1200 to 1225 for swaps, peptide LLWNGPMAV, weight TCRa
2024-11-13 22:06:53,562 - INFO - Processing rows 1225 to 1250 for swaps, peptide LLWNGPMAV, weight TCRa
2024-11-13 22:10:02,823 - INFO - Processing rows 1250 to 1275 for swaps, peptide LLWNGPMAV, weight TCRa
2024-11-13 22:13:13,708 - INFO - Processing rows 1275 to 1300 for swaps, peptide LLWNGPMAV, weight TCRa
2024-11-13 22:16:24,735 - INFO - Processing rows 1300 to 1325 for swaps, peptide LLWNGPMAV, weight TCRa
2024-11-13 22:19:34,638 - INFO - Processing rows 1325 to 1350 for swaps, peptide LLWNGPMAV, weight TCRa
2024-11-13 22:22:47,910 - INFO - Processing rows 1350 to 1375 for swaps, peptide LLWNGPMAV, weight TCRa
2024-11-13 22:26:01,348 - INFO - Processing rows 1375 to 1400 for swaps, peptide LLWNGPMAV, weight TCRa
2024-11-13 22:29:12,069 - INFO - Processing rows 1400 to 1425 for swaps, peptide LLWNGPMAV, weight TCRa
2024-11-13 22:32:23,833 - INFO - Processing rows 1425 to 1450 for swaps, peptide LLWNGPMAV, weight TCRa
2024-11-13 22:35:35,377 - INFO - Processing rows 1450 to 1475 for swaps, peptide LLWNGPMAV, weight TCRa
2024-11-13 22:38:47,163 - INFO - Processing rows 1475 to 1500 for swaps, peptide LLWNGPMAV, weight TCRa
2024-11-13 22:42:04,835 - INFO - Processing rows 1500 to 1525 for swaps, peptide LLWNGPMAV, weight TCRa
2024-11-13 22:45:12,232 - INFO - Processing rows 1525 to 1550 for swaps, peptide LLWNGPMAV, weight TCRa
2024-11-13 22:48:29,486 - INFO - Processing rows 1550 to 1575 for swaps, peptide LLWNGPMAV, weight TCRa
2024-11-13 22:51:42,194 - INFO - Processing rows 1575 to 1600 for swaps, peptide LLWNGPMAV, weight TCRa
2024-11-13 22:54:51,884 - INFO - Processing rows 1600 to 1625 for swaps, peptide LLWNGPMAV, weight TCRa
2024-11-13 22:58:05,479 - INFO - Processing rows 1625 to 1650 for swaps, peptide LLWNGPMAV, weight TCRa
2024-11-13 23:01:46,448 - INFO - Processing rows 1650 to 1675 for swaps, peptide LLWNGPMAV, weight TCRa
2024-11-13 23:04:54,020 - INFO - Processing rows 1675 to 1700 for swaps, peptide LLWNGPMAV, weight TCRa
2024-11-13 23:08:10,017 - INFO - Processing rows 1700 to 1725 for swaps, peptide LLWNGPMAV, weight TCRa
2024-11-13 23:11:24,780 - INFO - Processing rows 1725 to 1750 for swaps, peptide LLWNGPMAV, weight TCRa
2024-11-13 23:14:37,222 - INFO - Processing rows 1750 to 1775 for swaps, peptide LLWNGPMAV, weight TCRa
2024-11-13 23:17:48,766 - INFO - Processing rows 1775 to 1800 for swaps, peptide LLWNGPMAV, weight TCRa
2024-11-13 23:20:56,422 - INFO - Processing rows 1800 to 1825 for swaps, peptide LLWNGPMAV, weight TCRa
2024-11-13 23:24:05,896 - INFO - Processing rows 1825 to 1850 for swaps, peptide LLWNGPMAV, weight TCRa
2024-11-13 23:27:15,326 - INFO - Processing rows 1850 to 1875 for swaps, peptide LLWNGPMAV, weight TCRa
2024-11-13 23:30:20,164 - INFO - Processing rows 1875 to 1900 for swaps, peptide LLWNGPMAV, weight TCRa
2024-11-13 23:33:25,323 - INFO - Processing rows 1900 to 1925 for swaps, peptide LLWNGPMAV, weight TCRa
2024-11-13 23:36:34,983 - INFO - Processing rows 1925 to 1950 for swaps, peptide LLWNGPMAV, weight TCRa
2024-11-13 23:39:44,499 - INFO - Processing rows 1950 to 1975 for swaps, peptide LLWNGPMAV, weight TCRa
2024-11-13 23:42:56,219 - INFO - Processing rows 1975 to 2000 for swaps, peptide LLWNGPMAV, weight TCRa
2024-11-13 23:46:10,098 - INFO - Processing rows 2000 to 2025 for swaps, peptide LLWNGPMAV, weight TCRa
2024-11-13 23:49:25,793 - INFO - Processing rows 2025 to 2050 for swaps, peptide LLWNGPMAV, weight TCRa
2024-11-13 23:52:42,116 - INFO - Processing rows 2050 to 2075 for swaps, peptide LLWNGPMAV, weight TCRa
2024-11-13 23:55:57,706 - INFO - Processing rows 2075 to 2100 for swaps, peptide LLWNGPMAV, weight TCRa
2024-11-13 23:59:08,279 - INFO - Processing rows 2100 to 2125 for swaps, peptide LLWNGPMAV, weight TCRa
2024-11-14 00:02:22,187 - INFO - Processing rows 2125 to 2150 for swaps, peptide LLWNGPMAV, weight TCRa
2024-11-14 00:05:34,533 - INFO - Processing rows 2150 to 2175 for swaps, peptide LLWNGPMAV, weight TCRa
2024-11-14 00:08:47,906 - INFO - Processing rows 2175 to 2200 for swaps, peptide LLWNGPMAV, weight TCRa
2024-11-14 00:12:03,552 - INFO - Processing rows 2200 to 2225 for swaps, peptide LLWNGPMAV, weight TCRa
2024-11-14 00:15:14,786 - INFO - Processing rows 2225 to 2226 for swaps, peptide LLWNGPMAV, weight TCRa
Traceback (most recent call last):
  File "/net/mimer/mnt/tank/projects2/emison/language_model/27th_Oct_new_matrices/04.11_new_esm/12.11/run_esm_swaps.py", line 90, in <module>
    process_sequences(df_filtered, peptide, weight, "swaps")
  File "/net/mimer/mnt/tank/projects2/emison/language_model/27th_Oct_new_matrices/04.11_new_esm/12.11/run_esm_swaps.py", line 82, in process_sequences
    output_df.insert(0, "raw_index", raw_indexes)
  File "/home/projects2/emison/language_model/miniconda3/envs/esm2_emison/lib/python3.12/site-packages/pandas/core/frame.py", line 5171, in insert
    value, refs = self._sanitize_column(value)
                  ^^^^^^^^^^^^^^^^^^^^^^^^^^^^
  File "/home/projects2/emison/language_model/miniconda3/envs/esm2_emison/lib/python3.12/site-packages/pandas/core/frame.py", line 5266, in _sanitize_column
    com.require_length_match(value, self.index)
  File "/home/projects2/emison/language_model/miniconda3/envs/esm2_emison/lib/python3.12/site-packages/pandas/core/common.py", line 573, in require_length_match
    raise ValueError(
ValueError: Length of values (2226) does not match length of index (1)
