2024-11-13 19:23:20,246 - INFO - Loading and filtering dataset for peptide LLWNGPMAV
2024-11-13 19:23:20,607 - INFO - Processing dataset for peptide LLWNGPMAV with weight CDR2a
2024-11-13 19:23:20,609 - INFO - Processing rows 0 to 25 for swaps, peptide LLWNGPMAV, weight CDR2a
2024-11-13 19:23:26,117 - INFO - Processing rows 25 to 50 for swaps, peptide LLWNGPMAV, weight CDR2a
2024-11-13 19:23:31,736 - INFO - Processing rows 50 to 75 for swaps, peptide LLWNGPMAV, weight CDR2a
2024-11-13 19:23:37,344 - INFO - Processing rows 75 to 100 for swaps, peptide LLWNGPMAV, weight CDR2a
2024-11-13 19:23:42,978 - INFO - Processing rows 100 to 125 for swaps, peptide LLWNGPMAV, weight CDR2a
2024-11-13 19:23:49,025 - INFO - Processing rows 125 to 150 for swaps, peptide LLWNGPMAV, weight CDR2a
2024-11-13 19:23:54,840 - INFO - Processing rows 150 to 175 for swaps, peptide LLWNGPMAV, weight CDR2a
2024-11-13 19:24:00,797 - INFO - Processing rows 175 to 200 for swaps, peptide LLWNGPMAV, weight CDR2a
2024-11-13 19:24:06,620 - INFO - Processing rows 200 to 225 for swaps, peptide LLWNGPMAV, weight CDR2a
2024-11-13 19:24:12,455 - INFO - Processing rows 225 to 250 for swaps, peptide LLWNGPMAV, weight CDR2a
2024-11-13 19:24:18,381 - INFO - Processing rows 250 to 275 for swaps, peptide LLWNGPMAV, weight CDR2a
2024-11-13 19:24:24,099 - INFO - Processing rows 275 to 300 for swaps, peptide LLWNGPMAV, weight CDR2a
2024-11-13 19:24:29,885 - INFO - Processing rows 300 to 325 for swaps, peptide LLWNGPMAV, weight CDR2a
2024-11-13 19:24:35,545 - INFO - Processing rows 325 to 350 for swaps, peptide LLWNGPMAV, weight CDR2a
2024-11-13 19:24:41,354 - INFO - Processing rows 350 to 375 for swaps, peptide LLWNGPMAV, weight CDR2a
2024-11-13 19:24:47,015 - INFO - Processing rows 375 to 400 for swaps, peptide LLWNGPMAV, weight CDR2a
2024-11-13 19:24:52,724 - INFO - Processing rows 400 to 425 for swaps, peptide LLWNGPMAV, weight CDR2a
2024-11-13 19:24:58,368 - INFO - Processing rows 425 to 450 for swaps, peptide LLWNGPMAV, weight CDR2a
2024-11-13 19:25:04,102 - INFO - Processing rows 450 to 475 for swaps, peptide LLWNGPMAV, weight CDR2a
2024-11-13 19:25:09,874 - INFO - Processing rows 475 to 500 for swaps, peptide LLWNGPMAV, weight CDR2a
2024-11-13 19:25:15,735 - INFO - Processing rows 500 to 525 for swaps, peptide LLWNGPMAV, weight CDR2a
2024-11-13 19:25:21,633 - INFO - Processing rows 525 to 550 for swaps, peptide LLWNGPMAV, weight CDR2a
2024-11-13 19:25:27,445 - INFO - Processing rows 550 to 575 for swaps, peptide LLWNGPMAV, weight CDR2a
2024-11-13 19:25:33,223 - INFO - Processing rows 575 to 600 for swaps, peptide LLWNGPMAV, weight CDR2a
2024-11-13 19:25:38,965 - INFO - Processing rows 600 to 625 for swaps, peptide LLWNGPMAV, weight CDR2a
2024-11-13 19:25:44,682 - INFO - Processing rows 625 to 650 for swaps, peptide LLWNGPMAV, weight CDR2a
2024-11-13 19:25:50,465 - INFO - Processing rows 650 to 675 for swaps, peptide LLWNGPMAV, weight CDR2a
2024-11-13 19:25:56,283 - INFO - Processing rows 675 to 700 for swaps, peptide LLWNGPMAV, weight CDR2a
2024-11-13 19:26:02,070 - INFO - Processing rows 700 to 725 for swaps, peptide LLWNGPMAV, weight CDR2a
2024-11-13 19:26:07,787 - INFO - Processing rows 725 to 750 for swaps, peptide LLWNGPMAV, weight CDR2a
2024-11-13 19:26:13,618 - INFO - Processing rows 750 to 775 for swaps, peptide LLWNGPMAV, weight CDR2a
2024-11-13 19:26:19,351 - INFO - Processing rows 775 to 800 for swaps, peptide LLWNGPMAV, weight CDR2a
2024-11-13 19:26:25,176 - INFO - Processing rows 800 to 825 for swaps, peptide LLWNGPMAV, weight CDR2a
2024-11-13 19:26:30,968 - INFO - Processing rows 825 to 850 for swaps, peptide LLWNGPMAV, weight CDR2a
2024-11-13 19:26:36,753 - INFO - Processing rows 850 to 875 for swaps, peptide LLWNGPMAV, weight CDR2a
2024-11-13 19:26:42,431 - INFO - Processing rows 875 to 900 for swaps, peptide LLWNGPMAV, weight CDR2a
2024-11-13 19:26:48,312 - INFO - Processing rows 900 to 925 for swaps, peptide LLWNGPMAV, weight CDR2a
2024-11-13 19:26:54,167 - INFO - Processing rows 925 to 950 for swaps, peptide LLWNGPMAV, weight CDR2a
2024-11-13 19:26:59,844 - INFO - Processing rows 950 to 975 for swaps, peptide LLWNGPMAV, weight CDR2a
2024-11-13 19:27:05,478 - INFO - Processing rows 975 to 1000 for swaps, peptide LLWNGPMAV, weight CDR2a
2024-11-13 19:27:11,176 - INFO - Processing rows 1000 to 1025 for swaps, peptide LLWNGPMAV, weight CDR2a
2024-11-13 19:27:16,944 - INFO - Processing rows 1025 to 1050 for swaps, peptide LLWNGPMAV, weight CDR2a
2024-11-13 19:27:22,583 - INFO - Processing rows 1050 to 1075 for swaps, peptide LLWNGPMAV, weight CDR2a
2024-11-13 19:27:28,242 - INFO - Processing rows 1075 to 1100 for swaps, peptide LLWNGPMAV, weight CDR2a
2024-11-13 19:27:33,922 - INFO - Processing rows 1100 to 1125 for swaps, peptide LLWNGPMAV, weight CDR2a
2024-11-13 19:27:39,666 - INFO - Processing rows 1125 to 1150 for swaps, peptide LLWNGPMAV, weight CDR2a
2024-11-13 19:27:45,321 - INFO - Processing rows 1150 to 1175 for swaps, peptide LLWNGPMAV, weight CDR2a
2024-11-13 19:27:50,915 - INFO - Processing rows 1175 to 1200 for swaps, peptide LLWNGPMAV, weight CDR2a
2024-11-13 19:27:56,447 - INFO - Processing rows 1200 to 1225 for swaps, peptide LLWNGPMAV, weight CDR2a
2024-11-13 19:28:01,970 - INFO - Processing rows 1225 to 1250 for swaps, peptide LLWNGPMAV, weight CDR2a
2024-11-13 19:28:07,521 - INFO - Processing rows 1250 to 1275 for swaps, peptide LLWNGPMAV, weight CDR2a
2024-11-13 19:28:13,154 - INFO - Processing rows 1275 to 1300 for swaps, peptide LLWNGPMAV, weight CDR2a
2024-11-13 19:28:18,766 - INFO - Processing rows 1300 to 1325 for swaps, peptide LLWNGPMAV, weight CDR2a
2024-11-13 19:28:24,527 - INFO - Processing rows 1325 to 1350 for swaps, peptide LLWNGPMAV, weight CDR2a
2024-11-13 19:28:30,279 - INFO - Processing rows 1350 to 1375 for swaps, peptide LLWNGPMAV, weight CDR2a
2024-11-13 19:28:36,048 - INFO - Processing rows 1375 to 1400 for swaps, peptide LLWNGPMAV, weight CDR2a
2024-11-13 19:28:41,825 - INFO - Processing rows 1400 to 1425 for swaps, peptide LLWNGPMAV, weight CDR2a
2024-11-13 19:28:47,605 - INFO - Processing rows 1425 to 1450 for swaps, peptide LLWNGPMAV, weight CDR2a
2024-11-13 19:28:53,410 - INFO - Processing rows 1450 to 1475 for swaps, peptide LLWNGPMAV, weight CDR2a
2024-11-13 19:28:59,147 - INFO - Processing rows 1475 to 1500 for swaps, peptide LLWNGPMAV, weight CDR2a
2024-11-13 19:29:04,928 - INFO - Processing rows 1500 to 1525 for swaps, peptide LLWNGPMAV, weight CDR2a
2024-11-13 19:29:10,722 - INFO - Processing rows 1525 to 1550 for swaps, peptide LLWNGPMAV, weight CDR2a
2024-11-13 19:29:16,474 - INFO - Processing rows 1550 to 1575 for swaps, peptide LLWNGPMAV, weight CDR2a
2024-11-13 19:29:22,212 - INFO - Processing rows 1575 to 1600 for swaps, peptide LLWNGPMAV, weight CDR2a
2024-11-13 19:29:28,084 - INFO - Processing rows 1600 to 1625 for swaps, peptide LLWNGPMAV, weight CDR2a
2024-11-13 19:29:33,814 - INFO - Processing rows 1625 to 1650 for swaps, peptide LLWNGPMAV, weight CDR2a
2024-11-13 19:29:39,543 - INFO - Processing rows 1650 to 1675 for swaps, peptide LLWNGPMAV, weight CDR2a
2024-11-13 19:29:45,303 - INFO - Processing rows 1675 to 1700 for swaps, peptide LLWNGPMAV, weight CDR2a
2024-11-13 19:29:51,219 - INFO - Processing rows 1700 to 1725 for swaps, peptide LLWNGPMAV, weight CDR2a
2024-11-13 19:29:56,967 - INFO - Processing rows 1725 to 1750 for swaps, peptide LLWNGPMAV, weight CDR2a
2024-11-13 19:30:02,768 - INFO - Processing rows 1750 to 1775 for swaps, peptide LLWNGPMAV, weight CDR2a
2024-11-13 19:30:08,542 - INFO - Processing rows 1775 to 1800 for swaps, peptide LLWNGPMAV, weight CDR2a
2024-11-13 19:30:14,227 - INFO - Processing rows 1800 to 1825 for swaps, peptide LLWNGPMAV, weight CDR2a
2024-11-13 19:30:19,799 - INFO - Processing rows 1825 to 1850 for swaps, peptide LLWNGPMAV, weight CDR2a
2024-11-13 19:30:25,441 - INFO - Processing rows 1850 to 1875 for swaps, peptide LLWNGPMAV, weight CDR2a
2024-11-13 19:30:31,059 - INFO - Processing rows 1875 to 1900 for swaps, peptide LLWNGPMAV, weight CDR2a
2024-11-13 19:30:36,712 - INFO - Processing rows 1900 to 1925 for swaps, peptide LLWNGPMAV, weight CDR2a
2024-11-13 19:30:42,439 - INFO - Processing rows 1925 to 1950 for swaps, peptide LLWNGPMAV, weight CDR2a
2024-11-13 19:30:48,124 - INFO - Processing rows 1950 to 1975 for swaps, peptide LLWNGPMAV, weight CDR2a
2024-11-13 19:30:53,905 - INFO - Processing rows 1975 to 2000 for swaps, peptide LLWNGPMAV, weight CDR2a
2024-11-13 19:30:59,768 - INFO - Processing rows 2000 to 2025 for swaps, peptide LLWNGPMAV, weight CDR2a
2024-11-13 19:31:05,618 - INFO - Processing rows 2025 to 2050 for swaps, peptide LLWNGPMAV, weight CDR2a
2024-11-13 19:31:11,376 - INFO - Processing rows 2050 to 2075 for swaps, peptide LLWNGPMAV, weight CDR2a
2024-11-13 19:31:16,961 - INFO - Processing rows 2075 to 2100 for swaps, peptide LLWNGPMAV, weight CDR2a
2024-11-13 19:31:22,454 - INFO - Processing rows 2100 to 2125 for swaps, peptide LLWNGPMAV, weight CDR2a
2024-11-13 19:31:27,933 - INFO - Processing rows 2125 to 2150 for swaps, peptide LLWNGPMAV, weight CDR2a
2024-11-13 19:31:33,430 - INFO - Processing rows 2150 to 2175 for swaps, peptide LLWNGPMAV, weight CDR2a
2024-11-13 19:31:38,935 - INFO - Processing rows 2175 to 2200 for swaps, peptide LLWNGPMAV, weight CDR2a
2024-11-13 19:31:44,495 - INFO - Processing rows 2200 to 2225 for swaps, peptide LLWNGPMAV, weight CDR2a
2024-11-13 19:31:50,052 - INFO - Processing rows 2225 to 2226 for swaps, peptide LLWNGPMAV, weight CDR2a
Traceback (most recent call last):
  File "/net/mimer/mnt/tank/projects2/emison/language_model/27th_Oct_new_matrices/04.11_new_esm/12.11/run_esm_swaps.py", line 90, in <module>
    process_sequences(df_filtered, peptide, weight, "swaps")
  File "/net/mimer/mnt/tank/projects2/emison/language_model/27th_Oct_new_matrices/04.11_new_esm/12.11/run_esm_swaps.py", line 82, in process_sequences
    output_df.insert(0, "raw_index", raw_indexes)
  File "/home/projects2/emison/language_model/miniconda3/envs/esm2_emison/lib/python3.12/site-packages/pandas/core/frame.py", line 5171, in insert
    value, refs = self._sanitize_column(value)
                  ^^^^^^^^^^^^^^^^^^^^^^^^^^^^
  File "/home/projects2/emison/language_model/miniconda3/envs/esm2_emison/lib/python3.12/site-packages/pandas/core/frame.py", line 5266, in _sanitize_column
    com.require_length_match(value, self.index)
  File "/home/projects2/emison/language_model/miniconda3/envs/esm2_emison/lib/python3.12/site-packages/pandas/core/common.py", line 573, in require_length_match
    raise ValueError(
ValueError: Length of values (2226) does not match length of index (1)
