2024-11-13 19:23:20,317 - INFO - Loading and filtering dataset for peptide LLWNGPMAV
2024-11-13 19:23:20,685 - INFO - Processing dataset for peptide LLWNGPMAV with weight CDR2b
2024-11-13 19:23:20,687 - INFO - Processing rows 0 to 25 for swaps, peptide LLWNGPMAV, weight CDR2b
2024-11-13 19:23:25,849 - INFO - Processing rows 25 to 50 for swaps, peptide LLWNGPMAV, weight CDR2b
2024-11-13 19:23:31,013 - INFO - Processing rows 50 to 75 for swaps, peptide LLWNGPMAV, weight CDR2b
2024-11-13 19:23:36,357 - INFO - Processing rows 75 to 100 for swaps, peptide LLWNGPMAV, weight CDR2b
2024-11-13 19:23:41,775 - INFO - Processing rows 100 to 125 for swaps, peptide LLWNGPMAV, weight CDR2b
2024-11-13 19:23:47,327 - INFO - Processing rows 125 to 150 for swaps, peptide LLWNGPMAV, weight CDR2b
2024-11-13 19:23:52,787 - INFO - Processing rows 150 to 175 for swaps, peptide LLWNGPMAV, weight CDR2b
2024-11-13 19:23:58,215 - INFO - Processing rows 175 to 200 for swaps, peptide LLWNGPMAV, weight CDR2b
2024-11-13 19:24:03,441 - INFO - Processing rows 200 to 225 for swaps, peptide LLWNGPMAV, weight CDR2b
2024-11-13 19:24:08,654 - INFO - Processing rows 225 to 250 for swaps, peptide LLWNGPMAV, weight CDR2b
2024-11-13 19:24:13,863 - INFO - Processing rows 250 to 275 for swaps, peptide LLWNGPMAV, weight CDR2b
2024-11-13 19:24:19,205 - INFO - Processing rows 275 to 300 for swaps, peptide LLWNGPMAV, weight CDR2b
2024-11-13 19:24:24,602 - INFO - Processing rows 300 to 325 for swaps, peptide LLWNGPMAV, weight CDR2b
2024-11-13 19:24:29,999 - INFO - Processing rows 325 to 350 for swaps, peptide LLWNGPMAV, weight CDR2b
2024-11-13 19:24:35,398 - INFO - Processing rows 350 to 375 for swaps, peptide LLWNGPMAV, weight CDR2b
2024-11-13 19:24:40,804 - INFO - Processing rows 375 to 400 for swaps, peptide LLWNGPMAV, weight CDR2b
2024-11-13 19:24:46,211 - INFO - Processing rows 400 to 425 for swaps, peptide LLWNGPMAV, weight CDR2b
2024-11-13 19:24:51,545 - INFO - Processing rows 425 to 450 for swaps, peptide LLWNGPMAV, weight CDR2b
2024-11-13 19:24:56,889 - INFO - Processing rows 450 to 475 for swaps, peptide LLWNGPMAV, weight CDR2b
2024-11-13 19:25:02,234 - INFO - Processing rows 475 to 500 for swaps, peptide LLWNGPMAV, weight CDR2b
2024-11-13 19:25:07,657 - INFO - Processing rows 500 to 525 for swaps, peptide LLWNGPMAV, weight CDR2b
2024-11-13 19:25:12,956 - INFO - Processing rows 525 to 550 for swaps, peptide LLWNGPMAV, weight CDR2b
2024-11-13 19:25:18,375 - INFO - Processing rows 550 to 575 for swaps, peptide LLWNGPMAV, weight CDR2b
2024-11-13 19:25:23,727 - INFO - Processing rows 575 to 600 for swaps, peptide LLWNGPMAV, weight CDR2b
2024-11-13 19:25:29,032 - INFO - Processing rows 600 to 625 for swaps, peptide LLWNGPMAV, weight CDR2b
2024-11-13 19:25:34,311 - INFO - Processing rows 625 to 650 for swaps, peptide LLWNGPMAV, weight CDR2b
2024-11-13 19:25:39,535 - INFO - Processing rows 650 to 675 for swaps, peptide LLWNGPMAV, weight CDR2b
2024-11-13 19:25:44,749 - INFO - Processing rows 675 to 700 for swaps, peptide LLWNGPMAV, weight CDR2b
2024-11-13 19:25:49,924 - INFO - Processing rows 700 to 725 for swaps, peptide LLWNGPMAV, weight CDR2b
2024-11-13 19:25:55,148 - INFO - Processing rows 725 to 750 for swaps, peptide LLWNGPMAV, weight CDR2b
2024-11-13 19:26:00,473 - INFO - Processing rows 750 to 775 for swaps, peptide LLWNGPMAV, weight CDR2b
2024-11-13 19:26:05,074 - INFO - Processing rows 775 to 800 for swaps, peptide LLWNGPMAV, weight CDR2b
2024-11-13 19:26:10,314 - INFO - Processing rows 800 to 825 for swaps, peptide LLWNGPMAV, weight CDR2b
2024-11-13 19:26:15,566 - INFO - Processing rows 825 to 850 for swaps, peptide LLWNGPMAV, weight CDR2b
2024-11-13 19:26:20,736 - INFO - Processing rows 850 to 875 for swaps, peptide LLWNGPMAV, weight CDR2b
2024-11-13 19:26:25,963 - INFO - Processing rows 875 to 900 for swaps, peptide LLWNGPMAV, weight CDR2b
2024-11-13 19:26:31,148 - INFO - Processing rows 900 to 925 for swaps, peptide LLWNGPMAV, weight CDR2b
2024-11-13 19:26:36,392 - INFO - Processing rows 925 to 950 for swaps, peptide LLWNGPMAV, weight CDR2b
2024-11-13 19:26:41,488 - INFO - Processing rows 950 to 975 for swaps, peptide LLWNGPMAV, weight CDR2b
2024-11-13 19:26:46,761 - INFO - Processing rows 975 to 1000 for swaps, peptide LLWNGPMAV, weight CDR2b
2024-11-13 19:26:52,101 - INFO - Processing rows 1000 to 1025 for swaps, peptide LLWNGPMAV, weight CDR2b
2024-11-13 19:26:57,397 - INFO - Processing rows 1025 to 1050 for swaps, peptide LLWNGPMAV, weight CDR2b
2024-11-13 19:27:02,675 - INFO - Processing rows 1050 to 1075 for swaps, peptide LLWNGPMAV, weight CDR2b
2024-11-13 19:27:07,975 - INFO - Processing rows 1075 to 1100 for swaps, peptide LLWNGPMAV, weight CDR2b
2024-11-13 19:27:13,401 - INFO - Processing rows 1100 to 1125 for swaps, peptide LLWNGPMAV, weight CDR2b
2024-11-13 19:27:18,769 - INFO - Processing rows 1125 to 1150 for swaps, peptide LLWNGPMAV, weight CDR2b
2024-11-13 19:27:24,014 - INFO - Processing rows 1150 to 1175 for swaps, peptide LLWNGPMAV, weight CDR2b
2024-11-13 19:27:29,334 - INFO - Processing rows 1175 to 1200 for swaps, peptide LLWNGPMAV, weight CDR2b
2024-11-13 19:27:34,587 - INFO - Processing rows 1200 to 1225 for swaps, peptide LLWNGPMAV, weight CDR2b
2024-11-13 19:27:39,942 - INFO - Processing rows 1225 to 1250 for swaps, peptide LLWNGPMAV, weight CDR2b
2024-11-13 19:27:45,107 - INFO - Processing rows 1250 to 1275 for swaps, peptide LLWNGPMAV, weight CDR2b
2024-11-13 19:27:50,282 - INFO - Processing rows 1275 to 1300 for swaps, peptide LLWNGPMAV, weight CDR2b
2024-11-13 19:27:55,419 - INFO - Processing rows 1300 to 1325 for swaps, peptide LLWNGPMAV, weight CDR2b
2024-11-13 19:28:00,581 - INFO - Processing rows 1325 to 1350 for swaps, peptide LLWNGPMAV, weight CDR2b
2024-11-13 19:28:05,742 - INFO - Processing rows 1350 to 1375 for swaps, peptide LLWNGPMAV, weight CDR2b
2024-11-13 19:28:10,975 - INFO - Processing rows 1375 to 1400 for swaps, peptide LLWNGPMAV, weight CDR2b
2024-11-13 19:28:16,150 - INFO - Processing rows 1400 to 1425 for swaps, peptide LLWNGPMAV, weight CDR2b
2024-11-13 19:28:21,329 - INFO - Processing rows 1425 to 1450 for swaps, peptide LLWNGPMAV, weight CDR2b
2024-11-13 19:28:26,639 - INFO - Processing rows 1450 to 1475 for swaps, peptide LLWNGPMAV, weight CDR2b
2024-11-13 19:28:31,881 - INFO - Processing rows 1475 to 1500 for swaps, peptide LLWNGPMAV, weight CDR2b
2024-11-13 19:28:37,194 - INFO - Processing rows 1500 to 1525 for swaps, peptide LLWNGPMAV, weight CDR2b
2024-11-13 19:28:41,823 - INFO - Processing rows 1525 to 1550 for swaps, peptide LLWNGPMAV, weight CDR2b
2024-11-13 19:28:47,047 - INFO - Processing rows 1550 to 1575 for swaps, peptide LLWNGPMAV, weight CDR2b
2024-11-13 19:28:52,262 - INFO - Processing rows 1575 to 1600 for swaps, peptide LLWNGPMAV, weight CDR2b
2024-11-13 19:28:57,415 - INFO - Processing rows 1600 to 1625 for swaps, peptide LLWNGPMAV, weight CDR2b
2024-11-13 19:29:02,606 - INFO - Processing rows 1625 to 1650 for swaps, peptide LLWNGPMAV, weight CDR2b
2024-11-13 19:29:07,792 - INFO - Processing rows 1650 to 1675 for swaps, peptide LLWNGPMAV, weight CDR2b
2024-11-13 19:29:13,049 - INFO - Processing rows 1675 to 1700 for swaps, peptide LLWNGPMAV, weight CDR2b
2024-11-13 19:29:18,207 - INFO - Processing rows 1700 to 1725 for swaps, peptide LLWNGPMAV, weight CDR2b
2024-11-13 19:29:23,399 - INFO - Processing rows 1725 to 1750 for swaps, peptide LLWNGPMAV, weight CDR2b
2024-11-13 19:29:28,669 - INFO - Processing rows 1750 to 1775 for swaps, peptide LLWNGPMAV, weight CDR2b
2024-11-13 19:29:33,880 - INFO - Processing rows 1775 to 1800 for swaps, peptide LLWNGPMAV, weight CDR2b
2024-11-13 19:29:39,107 - INFO - Processing rows 1800 to 1825 for swaps, peptide LLWNGPMAV, weight CDR2b
2024-11-13 19:29:44,325 - INFO - Processing rows 1825 to 1850 for swaps, peptide LLWNGPMAV, weight CDR2b
2024-11-13 19:29:49,712 - INFO - Processing rows 1850 to 1875 for swaps, peptide LLWNGPMAV, weight CDR2b
2024-11-13 19:29:55,100 - INFO - Processing rows 1875 to 1900 for swaps, peptide LLWNGPMAV, weight CDR2b
2024-11-13 19:30:00,387 - INFO - Processing rows 1900 to 1925 for swaps, peptide LLWNGPMAV, weight CDR2b
2024-11-13 19:30:05,707 - INFO - Processing rows 1925 to 1950 for swaps, peptide LLWNGPMAV, weight CDR2b
2024-11-13 19:30:11,016 - INFO - Processing rows 1950 to 1975 for swaps, peptide LLWNGPMAV, weight CDR2b
2024-11-13 19:30:16,231 - INFO - Processing rows 1975 to 2000 for swaps, peptide LLWNGPMAV, weight CDR2b
2024-11-13 19:30:21,376 - INFO - Processing rows 2000 to 2025 for swaps, peptide LLWNGPMAV, weight CDR2b
2024-11-13 19:30:26,602 - INFO - Processing rows 2025 to 2050 for swaps, peptide LLWNGPMAV, weight CDR2b
2024-11-13 19:30:31,677 - INFO - Processing rows 2050 to 2075 for swaps, peptide LLWNGPMAV, weight CDR2b
2024-11-13 19:30:36,884 - INFO - Processing rows 2075 to 2100 for swaps, peptide LLWNGPMAV, weight CDR2b
2024-11-13 19:30:41,578 - INFO - Processing rows 2100 to 2125 for swaps, peptide LLWNGPMAV, weight CDR2b
2024-11-13 19:30:46,870 - INFO - Processing rows 2125 to 2150 for swaps, peptide LLWNGPMAV, weight CDR2b
2024-11-13 19:30:52,077 - INFO - Processing rows 2150 to 2175 for swaps, peptide LLWNGPMAV, weight CDR2b
2024-11-13 19:30:57,517 - INFO - Processing rows 2175 to 2200 for swaps, peptide LLWNGPMAV, weight CDR2b
2024-11-13 19:31:02,852 - INFO - Processing rows 2200 to 2225 for swaps, peptide LLWNGPMAV, weight CDR2b
2024-11-13 19:31:08,218 - INFO - Processing rows 2225 to 2226 for swaps, peptide LLWNGPMAV, weight CDR2b
Traceback (most recent call last):
  File "/net/mimer/mnt/tank/projects2/emison/language_model/27th_Oct_new_matrices/04.11_new_esm/12.11/run_esm_swaps.py", line 90, in <module>
    process_sequences(df_filtered, peptide, weight, "swaps")
  File "/net/mimer/mnt/tank/projects2/emison/language_model/27th_Oct_new_matrices/04.11_new_esm/12.11/run_esm_swaps.py", line 82, in process_sequences
    output_df.insert(0, "raw_index", raw_indexes)
  File "/home/projects2/emison/language_model/miniconda3/envs/esm2_emison/lib/python3.12/site-packages/pandas/core/frame.py", line 5171, in insert
    value, refs = self._sanitize_column(value)
                  ^^^^^^^^^^^^^^^^^^^^^^^^^^^^
  File "/home/projects2/emison/language_model/miniconda3/envs/esm2_emison/lib/python3.12/site-packages/pandas/core/frame.py", line 5266, in _sanitize_column
    com.require_length_match(value, self.index)
  File "/home/projects2/emison/language_model/miniconda3/envs/esm2_emison/lib/python3.12/site-packages/pandas/core/common.py", line 573, in require_length_match
    raise ValueError(
ValueError: Length of values (2226) does not match length of index (1)
