2024-11-14 08:27:44,671 - INFO - Loading and filtering dataset for peptide LLWNGPMAV
2024-11-14 08:27:45,209 - INFO - Processing dataset for peptide LLWNGPMAV with weight CDR2a
2024-11-14 08:27:45,212 - INFO - Processing rows 0 to 25 for swaps, peptide LLWNGPMAV, weight CDR2a
2024-11-14 08:27:59,021 - INFO - Processing rows 25 to 50 for swaps, peptide LLWNGPMAV, weight CDR2a
2024-11-14 08:28:12,944 - INFO - Processing rows 50 to 75 for swaps, peptide LLWNGPMAV, weight CDR2a
2024-11-14 08:28:26,773 - INFO - Processing rows 75 to 100 for swaps, peptide LLWNGPMAV, weight CDR2a
2024-11-14 08:28:40,605 - INFO - Processing rows 100 to 125 for swaps, peptide LLWNGPMAV, weight CDR2a
2024-11-14 08:28:54,461 - INFO - Processing rows 125 to 150 for swaps, peptide LLWNGPMAV, weight CDR2a
2024-11-14 08:29:08,299 - INFO - Processing rows 150 to 175 for swaps, peptide LLWNGPMAV, weight CDR2a
2024-11-14 08:29:22,144 - INFO - Processing rows 175 to 200 for swaps, peptide LLWNGPMAV, weight CDR2a
2024-11-14 08:29:36,427 - INFO - Processing rows 200 to 225 for swaps, peptide LLWNGPMAV, weight CDR2a
2024-11-14 08:29:50,794 - INFO - Processing rows 225 to 250 for swaps, peptide LLWNGPMAV, weight CDR2a
2024-11-14 08:30:05,078 - INFO - Processing rows 250 to 275 for swaps, peptide LLWNGPMAV, weight CDR2a
2024-11-14 08:30:19,356 - INFO - Processing rows 275 to 300 for swaps, peptide LLWNGPMAV, weight CDR2a
2024-11-14 08:30:33,628 - INFO - Processing rows 300 to 325 for swaps, peptide LLWNGPMAV, weight CDR2a
2024-11-14 08:30:47,888 - INFO - Processing rows 325 to 350 for swaps, peptide LLWNGPMAV, weight CDR2a
2024-11-14 08:31:02,059 - INFO - Processing rows 350 to 375 for swaps, peptide LLWNGPMAV, weight CDR2a
2024-11-14 08:31:16,198 - INFO - Processing rows 375 to 400 for swaps, peptide LLWNGPMAV, weight CDR2a
2024-11-14 08:31:30,356 - INFO - Processing rows 400 to 425 for swaps, peptide LLWNGPMAV, weight CDR2a
2024-11-14 08:31:44,485 - INFO - Processing rows 425 to 450 for swaps, peptide LLWNGPMAV, weight CDR2a
2024-11-14 08:31:58,615 - INFO - Processing rows 450 to 475 for swaps, peptide LLWNGPMAV, weight CDR2a
2024-11-14 08:32:12,786 - INFO - Processing rows 475 to 500 for swaps, peptide LLWNGPMAV, weight CDR2a
2024-11-14 08:32:27,091 - INFO - Processing rows 500 to 525 for swaps, peptide LLWNGPMAV, weight CDR2a
2024-11-14 08:32:41,567 - INFO - Processing rows 525 to 550 for swaps, peptide LLWNGPMAV, weight CDR2a
2024-11-14 08:32:55,917 - INFO - Processing rows 550 to 575 for swaps, peptide LLWNGPMAV, weight CDR2a
2024-11-14 08:33:10,177 - INFO - Processing rows 575 to 600 for swaps, peptide LLWNGPMAV, weight CDR2a
2024-11-14 08:33:24,442 - INFO - Processing rows 600 to 625 for swaps, peptide LLWNGPMAV, weight CDR2a
2024-11-14 08:33:38,747 - INFO - Processing rows 625 to 650 for swaps, peptide LLWNGPMAV, weight CDR2a
2024-11-14 08:33:53,005 - INFO - Processing rows 650 to 675 for swaps, peptide LLWNGPMAV, weight CDR2a
2024-11-14 08:34:07,264 - INFO - Processing rows 675 to 700 for swaps, peptide LLWNGPMAV, weight CDR2a
2024-11-14 08:34:21,524 - INFO - Processing rows 700 to 725 for swaps, peptide LLWNGPMAV, weight CDR2a
2024-11-14 08:34:35,776 - INFO - Processing rows 725 to 750 for swaps, peptide LLWNGPMAV, weight CDR2a
2024-11-14 08:34:49,925 - INFO - Processing rows 750 to 775 for swaps, peptide LLWNGPMAV, weight CDR2a
2024-11-14 08:35:04,038 - INFO - Processing rows 775 to 800 for swaps, peptide LLWNGPMAV, weight CDR2a
2024-11-14 08:35:18,178 - INFO - Processing rows 800 to 825 for swaps, peptide LLWNGPMAV, weight CDR2a
2024-11-14 08:35:32,306 - INFO - Processing rows 825 to 850 for swaps, peptide LLWNGPMAV, weight CDR2a
2024-11-14 08:35:46,456 - INFO - Processing rows 850 to 875 for swaps, peptide LLWNGPMAV, weight CDR2a
2024-11-14 08:36:00,590 - INFO - Processing rows 875 to 900 for swaps, peptide LLWNGPMAV, weight CDR2a
2024-11-14 08:36:14,836 - INFO - Processing rows 900 to 925 for swaps, peptide LLWNGPMAV, weight CDR2a
2024-11-14 08:36:29,103 - INFO - Processing rows 925 to 950 for swaps, peptide LLWNGPMAV, weight CDR2a
2024-11-14 08:36:43,382 - INFO - Processing rows 950 to 975 for swaps, peptide LLWNGPMAV, weight CDR2a
2024-11-14 08:36:57,637 - INFO - Processing rows 975 to 1000 for swaps, peptide LLWNGPMAV, weight CDR2a
2024-11-14 08:37:11,946 - INFO - Processing rows 1000 to 1025 for swaps, peptide LLWNGPMAV, weight CDR2a
2024-11-14 08:37:26,244 - INFO - Processing rows 1025 to 1050 for swaps, peptide LLWNGPMAV, weight CDR2a
2024-11-14 08:37:40,559 - INFO - Processing rows 1050 to 1075 for swaps, peptide LLWNGPMAV, weight CDR2a
2024-11-14 08:37:54,825 - INFO - Processing rows 1075 to 1100 for swaps, peptide LLWNGPMAV, weight CDR2a
2024-11-14 08:38:09,085 - INFO - Processing rows 1100 to 1125 for swaps, peptide LLWNGPMAV, weight CDR2a
2024-11-14 08:38:23,233 - INFO - Processing rows 1125 to 1150 for swaps, peptide LLWNGPMAV, weight CDR2a
2024-11-14 08:38:37,372 - INFO - Processing rows 1150 to 1175 for swaps, peptide LLWNGPMAV, weight CDR2a
2024-11-14 08:38:51,513 - INFO - Processing rows 1175 to 1200 for swaps, peptide LLWNGPMAV, weight CDR2a
2024-11-14 08:39:05,751 - INFO - Processing rows 1200 to 1225 for swaps, peptide LLWNGPMAV, weight CDR2a
2024-11-14 08:39:20,014 - INFO - Processing rows 1225 to 1250 for swaps, peptide LLWNGPMAV, weight CDR2a
2024-11-14 08:39:34,254 - INFO - Processing rows 1250 to 1275 for swaps, peptide LLWNGPMAV, weight CDR2a
2024-11-14 08:39:48,499 - INFO - Processing rows 1275 to 1300 for swaps, peptide LLWNGPMAV, weight CDR2a
2024-11-14 08:40:02,794 - INFO - Processing rows 1300 to 1325 for swaps, peptide LLWNGPMAV, weight CDR2a
2024-11-14 08:40:17,065 - INFO - Processing rows 1325 to 1350 for swaps, peptide LLWNGPMAV, weight CDR2a
2024-11-14 08:40:31,498 - INFO - Processing rows 1350 to 1375 for swaps, peptide LLWNGPMAV, weight CDR2a
2024-11-14 08:40:46,041 - INFO - Processing rows 1375 to 1400 for swaps, peptide LLWNGPMAV, weight CDR2a
2024-11-14 08:41:00,411 - INFO - Processing rows 1400 to 1425 for swaps, peptide LLWNGPMAV, weight CDR2a
2024-11-14 08:41:14,761 - INFO - Processing rows 1425 to 1450 for swaps, peptide LLWNGPMAV, weight CDR2a
2024-11-14 08:41:29,043 - INFO - Processing rows 1450 to 1475 for swaps, peptide LLWNGPMAV, weight CDR2a
2024-11-14 08:41:43,303 - INFO - Processing rows 1475 to 1500 for swaps, peptide LLWNGPMAV, weight CDR2a
2024-11-14 08:41:57,552 - INFO - Processing rows 1500 to 1525 for swaps, peptide LLWNGPMAV, weight CDR2a
2024-11-14 08:42:11,875 - INFO - Processing rows 1525 to 1550 for swaps, peptide LLWNGPMAV, weight CDR2a
2024-11-14 08:42:26,115 - INFO - Processing rows 1550 to 1575 for swaps, peptide LLWNGPMAV, weight CDR2a
2024-11-14 08:42:40,394 - INFO - Processing rows 1575 to 1600 for swaps, peptide LLWNGPMAV, weight CDR2a
2024-11-14 08:42:54,708 - INFO - Processing rows 1600 to 1625 for swaps, peptide LLWNGPMAV, weight CDR2a
2024-11-14 08:43:08,998 - INFO - Processing rows 1625 to 1650 for swaps, peptide LLWNGPMAV, weight CDR2a
2024-11-14 08:43:23,296 - INFO - Processing rows 1650 to 1675 for swaps, peptide LLWNGPMAV, weight CDR2a
2024-11-14 08:43:37,568 - INFO - Processing rows 1675 to 1700 for swaps, peptide LLWNGPMAV, weight CDR2a
2024-11-14 08:43:51,810 - INFO - Processing rows 1700 to 1725 for swaps, peptide LLWNGPMAV, weight CDR2a
2024-11-14 08:44:06,050 - INFO - Processing rows 1725 to 1750 for swaps, peptide LLWNGPMAV, weight CDR2a
2024-11-14 08:44:20,192 - INFO - Processing rows 1750 to 1775 for swaps, peptide LLWNGPMAV, weight CDR2a
2024-11-14 08:44:34,306 - INFO - Processing rows 1775 to 1800 for swaps, peptide LLWNGPMAV, weight CDR2a
2024-11-14 08:44:48,422 - INFO - Processing rows 1800 to 1825 for swaps, peptide LLWNGPMAV, weight CDR2a
2024-11-14 08:45:02,636 - INFO - Processing rows 1825 to 1850 for swaps, peptide LLWNGPMAV, weight CDR2a
2024-11-14 08:45:16,877 - INFO - Processing rows 1850 to 1875 for swaps, peptide LLWNGPMAV, weight CDR2a
2024-11-14 08:45:31,120 - INFO - Processing rows 1875 to 1900 for swaps, peptide LLWNGPMAV, weight CDR2a
2024-11-14 08:45:45,385 - INFO - Processing rows 1900 to 1925 for swaps, peptide LLWNGPMAV, weight CDR2a
2024-11-14 08:45:59,685 - INFO - Processing rows 1925 to 1950 for swaps, peptide LLWNGPMAV, weight CDR2a
2024-11-14 08:46:13,959 - INFO - Processing rows 1950 to 1975 for swaps, peptide LLWNGPMAV, weight CDR2a
2024-11-14 08:46:28,242 - INFO - Processing rows 1975 to 2000 for swaps, peptide LLWNGPMAV, weight CDR2a
2024-11-14 08:46:42,477 - INFO - Processing rows 2000 to 2025 for swaps, peptide LLWNGPMAV, weight CDR2a
2024-11-14 08:46:56,714 - INFO - Processing rows 2025 to 2050 for swaps, peptide LLWNGPMAV, weight CDR2a
2024-11-14 08:47:10,862 - INFO - Processing rows 2050 to 2075 for swaps, peptide LLWNGPMAV, weight CDR2a
2024-11-14 08:47:24,973 - INFO - Processing rows 2075 to 2100 for swaps, peptide LLWNGPMAV, weight CDR2a
2024-11-14 08:47:39,100 - INFO - Processing rows 2100 to 2125 for swaps, peptide LLWNGPMAV, weight CDR2a
2024-11-14 08:47:53,223 - INFO - Processing rows 2125 to 2150 for swaps, peptide LLWNGPMAV, weight CDR2a
2024-11-14 08:48:07,334 - INFO - Processing rows 2150 to 2175 for swaps, peptide LLWNGPMAV, weight CDR2a
2024-11-14 08:48:21,478 - INFO - Processing rows 2175 to 2200 for swaps, peptide LLWNGPMAV, weight CDR2a
2024-11-14 08:48:35,680 - INFO - Processing rows 2200 to 2225 for swaps, peptide LLWNGPMAV, weight CDR2a
2024-11-14 08:48:50,155 - INFO - Processing rows 2225 to 2226 for swaps, peptide LLWNGPMAV, weight CDR2a
2024-11-14 08:48:51,260 - INFO - ESM finished.. Saving file...
2024-11-14 09:03:40,711 - INFO - Saved to /net/mimer/mnt/tank/projects2/emison/language_model/27th_Oct_new_matrices/04.11_new_esm/12.11/sequence_summed_vectors_swaps_LLWNGPMAV_CDR2a.csv
