2024-11-13 19:13:17,520 - INFO - Loading and filtering dataset for peptide LLWNGPMAV
2024-11-13 19:13:17,609 - INFO - Processing dataset for peptide LLWNGPMAV with weight TCRb
2024-11-13 19:13:17,613 - INFO - Processing rows 0 to 25 for binders, peptide LLWNGPMAV, weight TCRb
2024-11-13 19:27:10,134 - INFO - Processing rows 25 to 50 for binders, peptide LLWNGPMAV, weight TCRb
2024-11-13 19:49:16,804 - INFO - Processing rows 50 to 75 for binders, peptide LLWNGPMAV, weight TCRb
2024-11-13 20:02:46,439 - INFO - Processing rows 75 to 100 for binders, peptide LLWNGPMAV, weight TCRb
2024-11-13 20:15:37,883 - INFO - Processing rows 100 to 125 for binders, peptide LLWNGPMAV, weight TCRb
2024-11-13 20:27:58,299 - INFO - Processing rows 125 to 150 for binders, peptide LLWNGPMAV, weight TCRb
2024-11-13 20:39:55,442 - INFO - Processing rows 150 to 175 for binders, peptide LLWNGPMAV, weight TCRb
2024-11-13 20:52:22,292 - INFO - Processing rows 175 to 200 for binders, peptide LLWNGPMAV, weight TCRb
2024-11-13 21:04:45,307 - INFO - Processing rows 200 to 225 for binders, peptide LLWNGPMAV, weight TCRb
2024-11-13 21:17:10,989 - INFO - Processing rows 225 to 250 for binders, peptide LLWNGPMAV, weight TCRb
2024-11-13 21:29:34,450 - INFO - Processing rows 250 to 275 for binders, peptide LLWNGPMAV, weight TCRb
2024-11-13 21:42:02,189 - INFO - Processing rows 275 to 300 for binders, peptide LLWNGPMAV, weight TCRb
2024-11-13 21:54:24,909 - INFO - Processing rows 300 to 325 for binders, peptide LLWNGPMAV, weight TCRb
2024-11-13 22:06:34,328 - INFO - Processing rows 325 to 350 for binders, peptide LLWNGPMAV, weight TCRb
2024-11-13 22:18:45,454 - INFO - Processing rows 350 to 371 for binders, peptide LLWNGPMAV, weight TCRb
Traceback (most recent call last):
  File "/net/mimer/mnt/tank/projects2/emison/language_model/27th_Oct_new_matrices/04.11_new_esm/12.11/run_esm_binders.py", line 90, in <module>
    process_sequences(df_filtered, peptide, weight, "binders")
  File "/net/mimer/mnt/tank/projects2/emison/language_model/27th_Oct_new_matrices/04.11_new_esm/12.11/run_esm_binders.py", line 82, in process_sequences
    output_df.insert(0, "raw_index", raw_indexes)
  File "/home/projects2/emison/language_model/miniconda3/envs/esm2_emison/lib/python3.12/site-packages/pandas/core/frame.py", line 5171, in insert
    value, refs = self._sanitize_column(value)
                  ^^^^^^^^^^^^^^^^^^^^^^^^^^^^
  File "/home/projects2/emison/language_model/miniconda3/envs/esm2_emison/lib/python3.12/site-packages/pandas/core/frame.py", line 5266, in _sanitize_column
    com.require_length_match(value, self.index)
  File "/home/projects2/emison/language_model/miniconda3/envs/esm2_emison/lib/python3.12/site-packages/pandas/core/common.py", line 573, in require_length_match
    raise ValueError(
ValueError: Length of values (371) does not match length of index (21)
