2024-11-14 08:22:50,900 - INFO - Loading and filtering dataset for peptide LLWNGPMAV
2024-11-14 08:22:51,540 - INFO - Processing dataset for peptide LLWNGPMAV with weight CDR1a
2024-11-14 08:22:51,542 - INFO - Processing rows 0 to 25 for swaps, peptide LLWNGPMAV, weight CDR1a
2024-11-14 08:22:59,445 - INFO - Processing rows 25 to 50 for swaps, peptide LLWNGPMAV, weight CDR1a
2024-11-14 08:23:07,362 - INFO - Processing rows 50 to 75 for swaps, peptide LLWNGPMAV, weight CDR1a
2024-11-14 08:23:15,260 - INFO - Processing rows 75 to 100 for swaps, peptide LLWNGPMAV, weight CDR1a
2024-11-14 08:23:23,249 - INFO - Processing rows 100 to 125 for swaps, peptide LLWNGPMAV, weight CDR1a
2024-11-14 08:23:31,188 - INFO - Processing rows 125 to 150 for swaps, peptide LLWNGPMAV, weight CDR1a
2024-11-14 08:23:39,036 - INFO - Processing rows 150 to 175 for swaps, peptide LLWNGPMAV, weight CDR1a
2024-11-14 08:23:46,944 - INFO - Processing rows 175 to 200 for swaps, peptide LLWNGPMAV, weight CDR1a
2024-11-14 08:23:54,839 - INFO - Processing rows 200 to 225 for swaps, peptide LLWNGPMAV, weight CDR1a
2024-11-14 08:24:02,747 - INFO - Processing rows 225 to 250 for swaps, peptide LLWNGPMAV, weight CDR1a
2024-11-14 08:24:10,574 - INFO - Processing rows 250 to 275 for swaps, peptide LLWNGPMAV, weight CDR1a
2024-11-14 08:24:17,416 - INFO - Processing rows 275 to 300 for swaps, peptide LLWNGPMAV, weight CDR1a
2024-11-14 08:24:25,137 - INFO - Processing rows 300 to 325 for swaps, peptide LLWNGPMAV, weight CDR1a
2024-11-14 08:24:32,877 - INFO - Processing rows 325 to 350 for swaps, peptide LLWNGPMAV, weight CDR1a
2024-11-14 08:24:40,598 - INFO - Processing rows 350 to 375 for swaps, peptide LLWNGPMAV, weight CDR1a
2024-11-14 08:24:48,329 - INFO - Processing rows 375 to 400 for swaps, peptide LLWNGPMAV, weight CDR1a
2024-11-14 08:24:56,097 - INFO - Processing rows 400 to 425 for swaps, peptide LLWNGPMAV, weight CDR1a
2024-11-14 08:25:04,002 - INFO - Processing rows 425 to 450 for swaps, peptide LLWNGPMAV, weight CDR1a
2024-11-14 08:25:11,823 - INFO - Processing rows 450 to 475 for swaps, peptide LLWNGPMAV, weight CDR1a
2024-11-14 08:25:19,724 - INFO - Processing rows 475 to 500 for swaps, peptide LLWNGPMAV, weight CDR1a
2024-11-14 08:25:27,530 - INFO - Processing rows 500 to 525 for swaps, peptide LLWNGPMAV, weight CDR1a
2024-11-14 08:25:35,433 - INFO - Processing rows 525 to 550 for swaps, peptide LLWNGPMAV, weight CDR1a
2024-11-14 08:25:43,247 - INFO - Processing rows 550 to 575 for swaps, peptide LLWNGPMAV, weight CDR1a
2024-11-14 08:25:51,052 - INFO - Processing rows 575 to 600 for swaps, peptide LLWNGPMAV, weight CDR1a
2024-11-14 08:25:58,953 - INFO - Processing rows 600 to 625 for swaps, peptide LLWNGPMAV, weight CDR1a
2024-11-14 08:26:06,762 - INFO - Processing rows 625 to 650 for swaps, peptide LLWNGPMAV, weight CDR1a
2024-11-14 08:26:14,589 - INFO - Processing rows 650 to 675 for swaps, peptide LLWNGPMAV, weight CDR1a
2024-11-14 08:26:22,481 - INFO - Processing rows 675 to 700 for swaps, peptide LLWNGPMAV, weight CDR1a
2024-11-14 08:26:30,290 - INFO - Processing rows 700 to 725 for swaps, peptide LLWNGPMAV, weight CDR1a
2024-11-14 08:26:38,130 - INFO - Processing rows 725 to 750 for swaps, peptide LLWNGPMAV, weight CDR1a
2024-11-14 08:26:45,939 - INFO - Processing rows 750 to 775 for swaps, peptide LLWNGPMAV, weight CDR1a
2024-11-14 08:26:53,802 - INFO - Processing rows 775 to 800 for swaps, peptide LLWNGPMAV, weight CDR1a
2024-11-14 08:27:01,609 - INFO - Processing rows 800 to 825 for swaps, peptide LLWNGPMAV, weight CDR1a
2024-11-14 08:27:09,429 - INFO - Processing rows 825 to 850 for swaps, peptide LLWNGPMAV, weight CDR1a
2024-11-14 08:27:17,316 - INFO - Processing rows 850 to 875 for swaps, peptide LLWNGPMAV, weight CDR1a
2024-11-14 08:27:25,121 - INFO - Processing rows 875 to 900 for swaps, peptide LLWNGPMAV, weight CDR1a
2024-11-14 08:27:32,946 - INFO - Processing rows 900 to 925 for swaps, peptide LLWNGPMAV, weight CDR1a
2024-11-14 08:27:40,817 - INFO - Processing rows 925 to 950 for swaps, peptide LLWNGPMAV, weight CDR1a
2024-11-14 08:27:48,563 - INFO - Processing rows 950 to 975 for swaps, peptide LLWNGPMAV, weight CDR1a
2024-11-14 08:27:56,284 - INFO - Processing rows 975 to 1000 for swaps, peptide LLWNGPMAV, weight CDR1a
2024-11-14 08:28:04,008 - INFO - Processing rows 1000 to 1025 for swaps, peptide LLWNGPMAV, weight CDR1a
2024-11-14 08:28:11,726 - INFO - Processing rows 1025 to 1050 for swaps, peptide LLWNGPMAV, weight CDR1a
2024-11-14 08:28:19,443 - INFO - Processing rows 1050 to 1075 for swaps, peptide LLWNGPMAV, weight CDR1a
2024-11-14 08:28:27,170 - INFO - Processing rows 1075 to 1100 for swaps, peptide LLWNGPMAV, weight CDR1a
2024-11-14 08:28:34,895 - INFO - Processing rows 1100 to 1125 for swaps, peptide LLWNGPMAV, weight CDR1a
2024-11-14 08:28:42,621 - INFO - Processing rows 1125 to 1150 for swaps, peptide LLWNGPMAV, weight CDR1a
2024-11-14 08:28:50,355 - INFO - Processing rows 1150 to 1175 for swaps, peptide LLWNGPMAV, weight CDR1a
2024-11-14 08:28:58,209 - INFO - Processing rows 1175 to 1200 for swaps, peptide LLWNGPMAV, weight CDR1a
2024-11-14 08:29:06,027 - INFO - Processing rows 1200 to 1225 for swaps, peptide LLWNGPMAV, weight CDR1a
2024-11-14 08:29:13,847 - INFO - Processing rows 1225 to 1250 for swaps, peptide LLWNGPMAV, weight CDR1a
2024-11-14 08:29:21,747 - INFO - Processing rows 1250 to 1275 for swaps, peptide LLWNGPMAV, weight CDR1a
2024-11-14 08:29:29,564 - INFO - Processing rows 1275 to 1300 for swaps, peptide LLWNGPMAV, weight CDR1a
2024-11-14 08:29:37,375 - INFO - Processing rows 1300 to 1325 for swaps, peptide LLWNGPMAV, weight CDR1a
2024-11-14 08:29:45,272 - INFO - Processing rows 1325 to 1350 for swaps, peptide LLWNGPMAV, weight CDR1a
2024-11-14 08:29:53,075 - INFO - Processing rows 1350 to 1375 for swaps, peptide LLWNGPMAV, weight CDR1a
2024-11-14 08:30:00,891 - INFO - Processing rows 1375 to 1400 for swaps, peptide LLWNGPMAV, weight CDR1a
2024-11-14 08:30:08,707 - INFO - Processing rows 1400 to 1425 for swaps, peptide LLWNGPMAV, weight CDR1a
2024-11-14 08:30:16,603 - INFO - Processing rows 1425 to 1450 for swaps, peptide LLWNGPMAV, weight CDR1a
2024-11-14 08:30:24,417 - INFO - Processing rows 1450 to 1475 for swaps, peptide LLWNGPMAV, weight CDR1a
2024-11-14 08:30:32,236 - INFO - Processing rows 1475 to 1500 for swaps, peptide LLWNGPMAV, weight CDR1a
2024-11-14 08:30:40,143 - INFO - Processing rows 1500 to 1525 for swaps, peptide LLWNGPMAV, weight CDR1a
2024-11-14 08:30:47,961 - INFO - Processing rows 1525 to 1550 for swaps, peptide LLWNGPMAV, weight CDR1a
2024-11-14 08:30:55,728 - INFO - Processing rows 1550 to 1575 for swaps, peptide LLWNGPMAV, weight CDR1a
2024-11-14 08:31:03,462 - INFO - Processing rows 1575 to 1600 for swaps, peptide LLWNGPMAV, weight CDR1a
2024-11-14 08:31:11,188 - INFO - Processing rows 1600 to 1625 for swaps, peptide LLWNGPMAV, weight CDR1a
2024-11-14 08:31:18,914 - INFO - Processing rows 1625 to 1650 for swaps, peptide LLWNGPMAV, weight CDR1a
2024-11-14 08:31:26,645 - INFO - Processing rows 1650 to 1675 for swaps, peptide LLWNGPMAV, weight CDR1a
2024-11-14 08:31:34,374 - INFO - Processing rows 1675 to 1700 for swaps, peptide LLWNGPMAV, weight CDR1a
2024-11-14 08:31:42,104 - INFO - Processing rows 1700 to 1725 for swaps, peptide LLWNGPMAV, weight CDR1a
2024-11-14 08:31:49,963 - INFO - Processing rows 1725 to 1750 for swaps, peptide LLWNGPMAV, weight CDR1a
2024-11-14 08:31:57,782 - INFO - Processing rows 1750 to 1775 for swaps, peptide LLWNGPMAV, weight CDR1a
2024-11-14 08:32:05,601 - INFO - Processing rows 1775 to 1800 for swaps, peptide LLWNGPMAV, weight CDR1a
2024-11-14 08:32:13,503 - INFO - Processing rows 1800 to 1825 for swaps, peptide LLWNGPMAV, weight CDR1a
2024-11-14 08:32:21,328 - INFO - Processing rows 1825 to 1850 for swaps, peptide LLWNGPMAV, weight CDR1a
2024-11-14 08:32:29,148 - INFO - Processing rows 1850 to 1875 for swaps, peptide LLWNGPMAV, weight CDR1a
2024-11-14 08:32:37,051 - INFO - Processing rows 1875 to 1900 for swaps, peptide LLWNGPMAV, weight CDR1a
2024-11-14 08:32:44,860 - INFO - Processing rows 1900 to 1925 for swaps, peptide LLWNGPMAV, weight CDR1a
2024-11-14 08:32:52,684 - INFO - Processing rows 1925 to 1950 for swaps, peptide LLWNGPMAV, weight CDR1a
2024-11-14 08:33:00,502 - INFO - Processing rows 1950 to 1975 for swaps, peptide LLWNGPMAV, weight CDR1a
2024-11-14 08:33:08,403 - INFO - Processing rows 1975 to 2000 for swaps, peptide LLWNGPMAV, weight CDR1a
2024-11-14 08:33:16,220 - INFO - Processing rows 2000 to 2025 for swaps, peptide LLWNGPMAV, weight CDR1a
2024-11-14 08:33:24,028 - INFO - Processing rows 2025 to 2050 for swaps, peptide LLWNGPMAV, weight CDR1a
2024-11-14 08:33:31,926 - INFO - Processing rows 2050 to 2075 for swaps, peptide LLWNGPMAV, weight CDR1a
2024-11-14 08:33:39,737 - INFO - Processing rows 2075 to 2100 for swaps, peptide LLWNGPMAV, weight CDR1a
2024-11-14 08:33:47,504 - INFO - Processing rows 2100 to 2125 for swaps, peptide LLWNGPMAV, weight CDR1a
2024-11-14 08:33:55,233 - INFO - Processing rows 2125 to 2150 for swaps, peptide LLWNGPMAV, weight CDR1a
2024-11-14 08:34:02,960 - INFO - Processing rows 2150 to 2175 for swaps, peptide LLWNGPMAV, weight CDR1a
2024-11-14 08:34:10,686 - INFO - Processing rows 2175 to 2200 for swaps, peptide LLWNGPMAV, weight CDR1a
2024-11-14 08:34:18,419 - INFO - Processing rows 2200 to 2225 for swaps, peptide LLWNGPMAV, weight CDR1a
2024-11-14 08:34:26,145 - INFO - Processing rows 2225 to 2226 for swaps, peptide LLWNGPMAV, weight CDR1a
2024-11-14 08:34:26,975 - INFO - ESM finished.. Saving file...
2024-11-14 08:48:53,585 - INFO - Saved to /net/mimer/mnt/tank/projects2/emison/language_model/27th_Oct_new_matrices/04.11_new_esm/12.11/sequence_summed_vectors_swaps_LLWNGPMAV_CDR1a.csv
