2024-11-14 07:56:48,301 - INFO - Loading and filtering dataset for peptide LLWNGPMAV
2024-11-14 07:56:48,469 - INFO - Processing dataset for peptide LLWNGPMAV with weight CDR1b
2024-11-14 07:56:48,472 - INFO - Processing rows 0 to 25 for binders, peptide LLWNGPMAV, weight CDR1b
2024-11-14 07:57:00,866 - INFO - Processing rows 25 to 50 for binders, peptide LLWNGPMAV, weight CDR1b
2024-11-14 07:57:13,057 - INFO - Processing rows 50 to 75 for binders, peptide LLWNGPMAV, weight CDR1b
2024-11-14 07:57:25,360 - INFO - Processing rows 75 to 100 for binders, peptide LLWNGPMAV, weight CDR1b
2024-11-14 07:57:37,562 - INFO - Processing rows 100 to 125 for binders, peptide LLWNGPMAV, weight CDR1b
2024-11-14 07:57:49,760 - INFO - Processing rows 125 to 150 for binders, peptide LLWNGPMAV, weight CDR1b
2024-11-14 07:58:00,681 - INFO - Processing rows 150 to 175 for binders, peptide LLWNGPMAV, weight CDR1b
2024-11-14 07:58:12,904 - INFO - Processing rows 175 to 200 for binders, peptide LLWNGPMAV, weight CDR1b
2024-11-14 07:58:25,137 - INFO - Processing rows 200 to 225 for binders, peptide LLWNGPMAV, weight CDR1b
2024-11-14 07:58:37,307 - INFO - Processing rows 225 to 250 for binders, peptide LLWNGPMAV, weight CDR1b
2024-11-14 07:58:49,458 - INFO - Processing rows 250 to 275 for binders, peptide LLWNGPMAV, weight CDR1b
2024-11-14 07:59:01,699 - INFO - Processing rows 275 to 300 for binders, peptide LLWNGPMAV, weight CDR1b
2024-11-14 07:59:13,894 - INFO - Processing rows 300 to 325 for binders, peptide LLWNGPMAV, weight CDR1b
2024-11-14 07:59:26,038 - INFO - Processing rows 325 to 350 for binders, peptide LLWNGPMAV, weight CDR1b
2024-11-14 07:59:38,209 - INFO - Processing rows 350 to 371 for binders, peptide LLWNGPMAV, weight CDR1b
Traceback (most recent call last):
  File "/net/mimer/mnt/tank/projects2/emison/language_model/27th_Oct_new_matrices/04.11_new_esm/12.11/run_esm_binders.py", line 90, in <module>
    process_sequences(df_filtered, peptide, weight, "binders")
  File "/net/mimer/mnt/tank/projects2/emison/language_model/27th_Oct_new_matrices/04.11_new_esm/12.11/run_esm_binders.py", line 82, in process_sequences
    output_df.insert(0, "raw_index", raw_indexes)
  File "/home/projects2/emison/language_model/miniconda3/envs/esm2_emison/lib/python3.12/site-packages/pandas/core/frame.py", line 5171, in insert
    value, refs = self._sanitize_column(value)
                  ^^^^^^^^^^^^^^^^^^^^^^^^^^^^
  File "/home/projects2/emison/language_model/miniconda3/envs/esm2_emison/lib/python3.12/site-packages/pandas/core/frame.py", line 5266, in _sanitize_column
    com.require_length_match(value, self.index)
  File "/home/projects2/emison/language_model/miniconda3/envs/esm2_emison/lib/python3.12/site-packages/pandas/core/common.py", line 573, in require_length_match
    raise ValueError(
ValueError: Length of values (371) does not match length of index (21)
