2024-11-14 08:29:47,031 - INFO - Loading and filtering dataset for peptide LLWNGPMAV
2024-11-14 08:29:47,449 - INFO - Processing dataset for peptide LLWNGPMAV with weight CDR3b
2024-11-14 08:29:47,451 - INFO - Processing rows 0 to 25 for swaps, peptide LLWNGPMAV, weight CDR3b
2024-11-14 08:30:15,660 - INFO - Processing rows 25 to 50 for swaps, peptide LLWNGPMAV, weight CDR3b
2024-11-14 08:30:41,507 - INFO - Processing rows 50 to 75 for swaps, peptide LLWNGPMAV, weight CDR3b
2024-11-14 08:31:13,396 - INFO - Processing rows 75 to 100 for swaps, peptide LLWNGPMAV, weight CDR3b
2024-11-14 08:31:42,155 - INFO - Processing rows 100 to 125 for swaps, peptide LLWNGPMAV, weight CDR3b
2024-11-14 08:32:12,422 - INFO - Processing rows 125 to 150 for swaps, peptide LLWNGPMAV, weight CDR3b
2024-11-14 08:32:39,532 - INFO - Processing rows 150 to 175 for swaps, peptide LLWNGPMAV, weight CDR3b
2024-11-14 08:33:06,731 - INFO - Processing rows 175 to 200 for swaps, peptide LLWNGPMAV, weight CDR3b
2024-11-14 08:33:38,305 - INFO - Processing rows 200 to 225 for swaps, peptide LLWNGPMAV, weight CDR3b
2024-11-14 08:34:08,614 - INFO - Processing rows 225 to 250 for swaps, peptide LLWNGPMAV, weight CDR3b
2024-11-14 08:34:33,985 - INFO - Processing rows 250 to 275 for swaps, peptide LLWNGPMAV, weight CDR3b
2024-11-14 08:34:59,425 - INFO - Processing rows 275 to 300 for swaps, peptide LLWNGPMAV, weight CDR3b
2024-11-14 08:35:24,827 - INFO - Processing rows 300 to 325 for swaps, peptide LLWNGPMAV, weight CDR3b
2024-11-14 08:35:55,031 - INFO - Processing rows 325 to 350 for swaps, peptide LLWNGPMAV, weight CDR3b
2024-11-14 08:36:23,648 - INFO - Processing rows 350 to 375 for swaps, peptide LLWNGPMAV, weight CDR3b
2024-11-14 08:36:53,382 - INFO - Processing rows 375 to 400 for swaps, peptide LLWNGPMAV, weight CDR3b
2024-11-14 08:37:20,213 - INFO - Processing rows 400 to 425 for swaps, peptide LLWNGPMAV, weight CDR3b
2024-11-14 08:37:48,690 - INFO - Processing rows 425 to 450 for swaps, peptide LLWNGPMAV, weight CDR3b
2024-11-14 08:38:15,871 - INFO - Processing rows 450 to 475 for swaps, peptide LLWNGPMAV, weight CDR3b
2024-11-14 08:38:46,169 - INFO - Processing rows 475 to 500 for swaps, peptide LLWNGPMAV, weight CDR3b
2024-11-14 08:39:14,438 - INFO - Processing rows 500 to 525 for swaps, peptide LLWNGPMAV, weight CDR3b
2024-11-14 08:39:44,527 - INFO - Processing rows 525 to 550 for swaps, peptide LLWNGPMAV, weight CDR3b
2024-11-14 08:40:12,852 - INFO - Processing rows 550 to 575 for swaps, peptide LLWNGPMAV, weight CDR3b
2024-11-14 08:40:39,574 - INFO - Processing rows 575 to 600 for swaps, peptide LLWNGPMAV, weight CDR3b
2024-11-14 08:41:09,246 - INFO - Processing rows 600 to 625 for swaps, peptide LLWNGPMAV, weight CDR3b
2024-11-14 08:41:36,285 - INFO - Processing rows 625 to 650 for swaps, peptide LLWNGPMAV, weight CDR3b
2024-11-14 08:42:09,780 - INFO - Processing rows 650 to 675 for swaps, peptide LLWNGPMAV, weight CDR3b
2024-11-14 08:42:38,490 - INFO - Processing rows 675 to 700 for swaps, peptide LLWNGPMAV, weight CDR3b
2024-11-14 08:43:08,735 - INFO - Processing rows 700 to 725 for swaps, peptide LLWNGPMAV, weight CDR3b
2024-11-14 08:43:35,838 - INFO - Processing rows 725 to 750 for swaps, peptide LLWNGPMAV, weight CDR3b
2024-11-14 08:44:06,129 - INFO - Processing rows 750 to 775 for swaps, peptide LLWNGPMAV, weight CDR3b
2024-11-14 08:44:37,783 - INFO - Processing rows 775 to 800 for swaps, peptide LLWNGPMAV, weight CDR3b
2024-11-14 08:45:08,043 - INFO - Processing rows 800 to 825 for swaps, peptide LLWNGPMAV, weight CDR3b
2024-11-14 08:45:36,680 - INFO - Processing rows 825 to 850 for swaps, peptide LLWNGPMAV, weight CDR3b
2024-11-14 08:46:03,893 - INFO - Processing rows 850 to 875 for swaps, peptide LLWNGPMAV, weight CDR3b
2024-11-14 08:46:32,474 - INFO - Processing rows 875 to 900 for swaps, peptide LLWNGPMAV, weight CDR3b
2024-11-14 08:47:00,938 - INFO - Processing rows 900 to 925 for swaps, peptide LLWNGPMAV, weight CDR3b
2024-11-14 08:47:29,089 - INFO - Processing rows 925 to 950 for swaps, peptide LLWNGPMAV, weight CDR3b
2024-11-14 08:47:57,577 - INFO - Processing rows 950 to 975 for swaps, peptide LLWNGPMAV, weight CDR3b
2024-11-14 08:48:30,797 - INFO - Processing rows 975 to 1000 for swaps, peptide LLWNGPMAV, weight CDR3b
2024-11-14 08:49:01,048 - INFO - Processing rows 1000 to 1025 for swaps, peptide LLWNGPMAV, weight CDR3b
2024-11-14 08:49:28,204 - INFO - Processing rows 1025 to 1050 for swaps, peptide LLWNGPMAV, weight CDR3b
2024-11-14 08:49:58,360 - INFO - Processing rows 1050 to 1075 for swaps, peptide LLWNGPMAV, weight CDR3b
2024-11-14 08:50:28,605 - INFO - Processing rows 1075 to 1100 for swaps, peptide LLWNGPMAV, weight CDR3b
2024-11-14 08:50:56,751 - INFO - Processing rows 1100 to 1125 for swaps, peptide LLWNGPMAV, weight CDR3b
2024-11-14 08:51:27,455 - INFO - Processing rows 1125 to 1150 for swaps, peptide LLWNGPMAV, weight CDR3b
2024-11-14 08:52:01,241 - INFO - Processing rows 1150 to 1175 for swaps, peptide LLWNGPMAV, weight CDR3b
2024-11-14 08:52:27,498 - INFO - Processing rows 1175 to 1200 for swaps, peptide LLWNGPMAV, weight CDR3b
2024-11-14 08:52:54,960 - INFO - Processing rows 1200 to 1225 for swaps, peptide LLWNGPMAV, weight CDR3b
2024-11-14 08:53:21,218 - INFO - Processing rows 1225 to 1250 for swaps, peptide LLWNGPMAV, weight CDR3b
2024-11-14 08:53:48,918 - INFO - Processing rows 1250 to 1275 for swaps, peptide LLWNGPMAV, weight CDR3b
2024-11-14 08:54:16,775 - INFO - Processing rows 1275 to 1300 for swaps, peptide LLWNGPMAV, weight CDR3b
2024-11-14 08:54:46,062 - INFO - Processing rows 1300 to 1325 for swaps, peptide LLWNGPMAV, weight CDR3b
2024-11-14 08:55:13,747 - INFO - Processing rows 1325 to 1350 for swaps, peptide LLWNGPMAV, weight CDR3b
2024-11-14 08:55:42,824 - INFO - Processing rows 1350 to 1375 for swaps, peptide LLWNGPMAV, weight CDR3b
2024-11-14 08:56:11,836 - INFO - Processing rows 1375 to 1400 for swaps, peptide LLWNGPMAV, weight CDR3b
2024-11-14 08:56:40,913 - INFO - Processing rows 1400 to 1425 for swaps, peptide LLWNGPMAV, weight CDR3b
2024-11-14 08:57:07,195 - INFO - Processing rows 1425 to 1450 for swaps, peptide LLWNGPMAV, weight CDR3b
2024-11-14 08:57:39,576 - INFO - Processing rows 1450 to 1475 for swaps, peptide LLWNGPMAV, weight CDR3b
2024-11-14 08:58:07,171 - INFO - Processing rows 1475 to 1500 for swaps, peptide LLWNGPMAV, weight CDR3b
2024-11-14 08:58:31,752 - INFO - Processing rows 1500 to 1525 for swaps, peptide LLWNGPMAV, weight CDR3b
2024-11-14 08:59:01,071 - INFO - Processing rows 1525 to 1550 for swaps, peptide LLWNGPMAV, weight CDR3b
2024-11-14 08:59:36,564 - INFO - Processing rows 1550 to 1575 for swaps, peptide LLWNGPMAV, weight CDR3b
2024-11-14 09:00:05,963 - INFO - Processing rows 1575 to 1600 for swaps, peptide LLWNGPMAV, weight CDR3b
2024-11-14 09:00:33,666 - INFO - Processing rows 1600 to 1625 for swaps, peptide LLWNGPMAV, weight CDR3b
2024-11-14 09:01:01,418 - INFO - Processing rows 1625 to 1650 for swaps, peptide LLWNGPMAV, weight CDR3b
2024-11-14 09:01:28,958 - INFO - Processing rows 1650 to 1675 for swaps, peptide LLWNGPMAV, weight CDR3b
2024-11-14 09:01:59,488 - INFO - Processing rows 1675 to 1700 for swaps, peptide LLWNGPMAV, weight CDR3b
2024-11-14 09:02:25,472 - INFO - Processing rows 1700 to 1725 for swaps, peptide LLWNGPMAV, weight CDR3b
2024-11-14 09:02:51,710 - INFO - Processing rows 1725 to 1750 for swaps, peptide LLWNGPMAV, weight CDR3b
2024-11-14 09:03:21,093 - INFO - Processing rows 1750 to 1775 for swaps, peptide LLWNGPMAV, weight CDR3b
2024-11-14 09:03:50,292 - INFO - Processing rows 1775 to 1800 for swaps, peptide LLWNGPMAV, weight CDR3b
2024-11-14 09:04:18,147 - INFO - Processing rows 1800 to 1825 for swaps, peptide LLWNGPMAV, weight CDR3b
2024-11-14 09:04:44,514 - INFO - Processing rows 1825 to 1850 for swaps, peptide LLWNGPMAV, weight CDR3b
2024-11-14 09:05:15,159 - INFO - Processing rows 1850 to 1875 for swaps, peptide LLWNGPMAV, weight CDR3b
2024-11-14 09:05:44,295 - INFO - Processing rows 1875 to 1900 for swaps, peptide LLWNGPMAV, weight CDR3b
2024-11-14 09:06:10,189 - INFO - Processing rows 1900 to 1925 for swaps, peptide LLWNGPMAV, weight CDR3b
2024-11-14 09:06:37,346 - INFO - Processing rows 1925 to 1950 for swaps, peptide LLWNGPMAV, weight CDR3b
2024-11-14 09:07:05,896 - INFO - Processing rows 1950 to 1975 for swaps, peptide LLWNGPMAV, weight CDR3b
2024-11-14 09:07:31,717 - INFO - Processing rows 1975 to 2000 for swaps, peptide LLWNGPMAV, weight CDR3b
2024-11-14 09:07:59,167 - INFO - Processing rows 2000 to 2025 for swaps, peptide LLWNGPMAV, weight CDR3b
2024-11-14 09:08:28,251 - INFO - Processing rows 2025 to 2050 for swaps, peptide LLWNGPMAV, weight CDR3b
2024-11-14 09:08:55,410 - INFO - Processing rows 2050 to 2075 for swaps, peptide LLWNGPMAV, weight CDR3b
2024-11-14 09:09:24,243 - INFO - Processing rows 2075 to 2100 for swaps, peptide LLWNGPMAV, weight CDR3b
2024-11-14 09:09:50,048 - INFO - Processing rows 2100 to 2125 for swaps, peptide LLWNGPMAV, weight CDR3b
2024-11-14 09:10:15,893 - INFO - Processing rows 2125 to 2150 for swaps, peptide LLWNGPMAV, weight CDR3b
2024-11-14 09:10:46,122 - INFO - Processing rows 2150 to 2175 for swaps, peptide LLWNGPMAV, weight CDR3b
2024-11-14 09:11:14,869 - INFO - Processing rows 2175 to 2200 for swaps, peptide LLWNGPMAV, weight CDR3b
2024-11-14 09:11:43,756 - INFO - Processing rows 2200 to 2225 for swaps, peptide LLWNGPMAV, weight CDR3b
2024-11-14 09:12:12,758 - INFO - Processing rows 2225 to 2226 for swaps, peptide LLWNGPMAV, weight CDR3b
2024-11-14 09:12:14,655 - INFO - ESM finished.. Saving file...
2024-11-14 09:27:40,095 - INFO - Saved to /net/mimer/mnt/tank/projects2/emison/language_model/27th_Oct_new_matrices/04.11_new_esm/12.11/sequence_summed_vectors_swaps_LLWNGPMAV_CDR3b.csv
