2024-11-14 08:06:43,916 - INFO - Loading and filtering dataset for peptide LLWNGPMAV
2024-11-14 08:06:44,181 - INFO - Processing dataset for peptide LLWNGPMAV with weight CDR1a
2024-11-14 08:06:44,182 - INFO - Processing rows 0 to 25 for swaps, peptide LLWNGPMAV, weight CDR1a
2024-11-14 08:06:46,780 - INFO - Processing rows 25 to 50 for swaps, peptide LLWNGPMAV, weight CDR1a
2024-11-14 08:06:49,380 - INFO - Processing rows 50 to 75 for swaps, peptide LLWNGPMAV, weight CDR1a
2024-11-14 08:06:52,049 - INFO - Processing rows 75 to 100 for swaps, peptide LLWNGPMAV, weight CDR1a
2024-11-14 08:06:54,739 - INFO - Processing rows 100 to 125 for swaps, peptide LLWNGPMAV, weight CDR1a
2024-11-14 08:06:57,436 - INFO - Processing rows 125 to 150 for swaps, peptide LLWNGPMAV, weight CDR1a
2024-11-14 08:07:00,098 - INFO - Processing rows 150 to 175 for swaps, peptide LLWNGPMAV, weight CDR1a
2024-11-14 08:07:02,779 - INFO - Processing rows 175 to 200 for swaps, peptide LLWNGPMAV, weight CDR1a
2024-11-14 08:07:05,466 - INFO - Processing rows 200 to 225 for swaps, peptide LLWNGPMAV, weight CDR1a
2024-11-14 08:07:08,118 - INFO - Processing rows 225 to 250 for swaps, peptide LLWNGPMAV, weight CDR1a
2024-11-14 08:07:10,776 - INFO - Processing rows 250 to 275 for swaps, peptide LLWNGPMAV, weight CDR1a
2024-11-14 08:07:13,100 - INFO - Processing rows 275 to 300 for swaps, peptide LLWNGPMAV, weight CDR1a
2024-11-14 08:07:15,742 - INFO - Processing rows 300 to 325 for swaps, peptide LLWNGPMAV, weight CDR1a
2024-11-14 08:07:18,417 - INFO - Processing rows 325 to 350 for swaps, peptide LLWNGPMAV, weight CDR1a
2024-11-14 08:07:21,066 - INFO - Processing rows 350 to 375 for swaps, peptide LLWNGPMAV, weight CDR1a
2024-11-14 08:07:23,709 - INFO - Processing rows 375 to 400 for swaps, peptide LLWNGPMAV, weight CDR1a
2024-11-14 08:07:26,419 - INFO - Processing rows 400 to 425 for swaps, peptide LLWNGPMAV, weight CDR1a
2024-11-14 08:07:29,168 - INFO - Processing rows 425 to 450 for swaps, peptide LLWNGPMAV, weight CDR1a
2024-11-14 08:07:31,774 - INFO - Processing rows 450 to 475 for swaps, peptide LLWNGPMAV, weight CDR1a
2024-11-14 08:07:34,436 - INFO - Processing rows 475 to 500 for swaps, peptide LLWNGPMAV, weight CDR1a
2024-11-14 08:07:37,017 - INFO - Processing rows 500 to 525 for swaps, peptide LLWNGPMAV, weight CDR1a
2024-11-14 08:07:39,673 - INFO - Processing rows 525 to 550 for swaps, peptide LLWNGPMAV, weight CDR1a
2024-11-14 08:07:42,195 - INFO - Processing rows 550 to 575 for swaps, peptide LLWNGPMAV, weight CDR1a
2024-11-14 08:07:44,762 - INFO - Processing rows 575 to 600 for swaps, peptide LLWNGPMAV, weight CDR1a
2024-11-14 08:07:47,292 - INFO - Processing rows 600 to 625 for swaps, peptide LLWNGPMAV, weight CDR1a
2024-11-14 08:07:49,905 - INFO - Processing rows 625 to 650 for swaps, peptide LLWNGPMAV, weight CDR1a
2024-11-14 08:07:52,485 - INFO - Processing rows 650 to 675 for swaps, peptide LLWNGPMAV, weight CDR1a
2024-11-14 08:07:54,977 - INFO - Processing rows 675 to 700 for swaps, peptide LLWNGPMAV, weight CDR1a
2024-11-14 08:07:57,616 - INFO - Processing rows 700 to 725 for swaps, peptide LLWNGPMAV, weight CDR1a
2024-11-14 08:08:00,165 - INFO - Processing rows 725 to 750 for swaps, peptide LLWNGPMAV, weight CDR1a
2024-11-14 08:08:02,752 - INFO - Processing rows 750 to 775 for swaps, peptide LLWNGPMAV, weight CDR1a
2024-11-14 08:08:05,293 - INFO - Processing rows 775 to 800 for swaps, peptide LLWNGPMAV, weight CDR1a
2024-11-14 08:08:07,828 - INFO - Processing rows 800 to 825 for swaps, peptide LLWNGPMAV, weight CDR1a
2024-11-14 08:08:10,325 - INFO - Processing rows 825 to 850 for swaps, peptide LLWNGPMAV, weight CDR1a
2024-11-14 08:08:12,800 - INFO - Processing rows 850 to 875 for swaps, peptide LLWNGPMAV, weight CDR1a
2024-11-14 08:08:15,236 - INFO - Processing rows 875 to 900 for swaps, peptide LLWNGPMAV, weight CDR1a
2024-11-14 08:08:17,682 - INFO - Processing rows 900 to 925 for swaps, peptide LLWNGPMAV, weight CDR1a
2024-11-14 08:08:20,192 - INFO - Processing rows 925 to 950 for swaps, peptide LLWNGPMAV, weight CDR1a
2024-11-14 08:08:22,682 - INFO - Processing rows 950 to 975 for swaps, peptide LLWNGPMAV, weight CDR1a
2024-11-14 08:08:25,145 - INFO - Processing rows 975 to 1000 for swaps, peptide LLWNGPMAV, weight CDR1a
2024-11-14 08:08:27,562 - INFO - Processing rows 1000 to 1025 for swaps, peptide LLWNGPMAV, weight CDR1a
2024-11-14 08:08:30,174 - INFO - Processing rows 1025 to 1050 for swaps, peptide LLWNGPMAV, weight CDR1a
2024-11-14 08:08:32,747 - INFO - Processing rows 1050 to 1075 for swaps, peptide LLWNGPMAV, weight CDR1a
2024-11-14 08:08:35,430 - INFO - Processing rows 1075 to 1100 for swaps, peptide LLWNGPMAV, weight CDR1a
2024-11-14 08:08:37,998 - INFO - Processing rows 1100 to 1125 for swaps, peptide LLWNGPMAV, weight CDR1a
2024-11-14 08:08:40,475 - INFO - Processing rows 1125 to 1150 for swaps, peptide LLWNGPMAV, weight CDR1a
2024-11-14 08:08:42,956 - INFO - Processing rows 1150 to 1175 for swaps, peptide LLWNGPMAV, weight CDR1a
2024-11-14 08:08:45,401 - INFO - Processing rows 1175 to 1200 for swaps, peptide LLWNGPMAV, weight CDR1a
2024-11-14 08:08:47,906 - INFO - Processing rows 1200 to 1225 for swaps, peptide LLWNGPMAV, weight CDR1a
2024-11-14 08:08:50,368 - INFO - Processing rows 1225 to 1250 for swaps, peptide LLWNGPMAV, weight CDR1a
2024-11-14 08:08:52,885 - INFO - Processing rows 1250 to 1275 for swaps, peptide LLWNGPMAV, weight CDR1a
2024-11-14 08:08:55,348 - INFO - Processing rows 1275 to 1300 for swaps, peptide LLWNGPMAV, weight CDR1a
2024-11-14 08:08:57,876 - INFO - Processing rows 1300 to 1325 for swaps, peptide LLWNGPMAV, weight CDR1a
2024-11-14 08:09:00,319 - INFO - Processing rows 1325 to 1350 for swaps, peptide LLWNGPMAV, weight CDR1a
2024-11-14 08:09:02,868 - INFO - Processing rows 1350 to 1375 for swaps, peptide LLWNGPMAV, weight CDR1a
2024-11-14 08:09:05,337 - INFO - Processing rows 1375 to 1400 for swaps, peptide LLWNGPMAV, weight CDR1a
2024-11-14 08:09:07,905 - INFO - Processing rows 1400 to 1425 for swaps, peptide LLWNGPMAV, weight CDR1a
2024-11-14 08:09:10,462 - INFO - Processing rows 1425 to 1450 for swaps, peptide LLWNGPMAV, weight CDR1a
2024-11-14 08:09:13,038 - INFO - Processing rows 1450 to 1475 for swaps, peptide LLWNGPMAV, weight CDR1a
2024-11-14 08:09:15,692 - INFO - Processing rows 1475 to 1500 for swaps, peptide LLWNGPMAV, weight CDR1a
2024-11-14 08:09:18,300 - INFO - Processing rows 1500 to 1525 for swaps, peptide LLWNGPMAV, weight CDR1a
2024-11-14 08:09:20,958 - INFO - Processing rows 1525 to 1550 for swaps, peptide LLWNGPMAV, weight CDR1a
2024-11-14 08:09:23,432 - INFO - Processing rows 1550 to 1575 for swaps, peptide LLWNGPMAV, weight CDR1a
2024-11-14 08:09:25,952 - INFO - Processing rows 1575 to 1600 for swaps, peptide LLWNGPMAV, weight CDR1a
2024-11-14 08:09:28,411 - INFO - Processing rows 1600 to 1625 for swaps, peptide LLWNGPMAV, weight CDR1a
2024-11-14 08:09:30,874 - INFO - Processing rows 1625 to 1650 for swaps, peptide LLWNGPMAV, weight CDR1a
2024-11-14 08:09:33,349 - INFO - Processing rows 1650 to 1675 for swaps, peptide LLWNGPMAV, weight CDR1a
2024-11-14 08:09:35,919 - INFO - Processing rows 1675 to 1700 for swaps, peptide LLWNGPMAV, weight CDR1a
2024-11-14 08:09:38,541 - INFO - Processing rows 1700 to 1725 for swaps, peptide LLWNGPMAV, weight CDR1a
2024-11-14 08:09:41,165 - INFO - Processing rows 1725 to 1750 for swaps, peptide LLWNGPMAV, weight CDR1a
2024-11-14 08:09:43,605 - INFO - Processing rows 1750 to 1775 for swaps, peptide LLWNGPMAV, weight CDR1a
2024-11-14 08:09:46,108 - INFO - Processing rows 1775 to 1800 for swaps, peptide LLWNGPMAV, weight CDR1a
2024-11-14 08:09:48,573 - INFO - Processing rows 1800 to 1825 for swaps, peptide LLWNGPMAV, weight CDR1a
2024-11-14 08:09:51,118 - INFO - Processing rows 1825 to 1850 for swaps, peptide LLWNGPMAV, weight CDR1a
2024-11-14 08:09:53,643 - INFO - Processing rows 1850 to 1875 for swaps, peptide LLWNGPMAV, weight CDR1a
2024-11-14 08:09:56,254 - INFO - Processing rows 1875 to 1900 for swaps, peptide LLWNGPMAV, weight CDR1a
2024-11-14 08:09:58,661 - INFO - Processing rows 1900 to 1925 for swaps, peptide LLWNGPMAV, weight CDR1a
2024-11-14 08:10:01,136 - INFO - Processing rows 1925 to 1950 for swaps, peptide LLWNGPMAV, weight CDR1a
2024-11-14 08:10:03,623 - INFO - Processing rows 1950 to 1975 for swaps, peptide LLWNGPMAV, weight CDR1a
2024-11-14 08:10:06,130 - INFO - Processing rows 1975 to 2000 for swaps, peptide LLWNGPMAV, weight CDR1a
2024-11-14 08:10:08,733 - INFO - Processing rows 2000 to 2025 for swaps, peptide LLWNGPMAV, weight CDR1a
2024-11-14 08:10:11,277 - INFO - Processing rows 2025 to 2050 for swaps, peptide LLWNGPMAV, weight CDR1a
2024-11-14 08:10:13,772 - INFO - Processing rows 2050 to 2075 for swaps, peptide LLWNGPMAV, weight CDR1a
2024-11-14 08:10:16,400 - INFO - Processing rows 2075 to 2100 for swaps, peptide LLWNGPMAV, weight CDR1a
2024-11-14 08:10:18,980 - INFO - Processing rows 2100 to 2125 for swaps, peptide LLWNGPMAV, weight CDR1a
2024-11-14 08:10:21,591 - INFO - Processing rows 2125 to 2150 for swaps, peptide LLWNGPMAV, weight CDR1a
2024-11-14 08:10:24,186 - INFO - Processing rows 2150 to 2175 for swaps, peptide LLWNGPMAV, weight CDR1a
2024-11-14 08:10:26,784 - INFO - Processing rows 2175 to 2200 for swaps, peptide LLWNGPMAV, weight CDR1a
2024-11-14 08:10:29,358 - INFO - Processing rows 2200 to 2225 for swaps, peptide LLWNGPMAV, weight CDR1a
2024-11-14 08:10:31,887 - INFO - Processing rows 2225 to 2226 for swaps, peptide LLWNGPMAV, weight CDR1a
Traceback (most recent call last):
  File "/net/mimer/mnt/tank/projects2/emison/language_model/27th_Oct_new_matrices/04.11_new_esm/12.11/run_esm_swaps.py", line 90, in <module>
    process_sequences(df_filtered, peptide, weight, "swaps")
  File "/net/mimer/mnt/tank/projects2/emison/language_model/27th_Oct_new_matrices/04.11_new_esm/12.11/run_esm_swaps.py", line 82, in process_sequences
    output_df.insert(0, "raw_index", raw_indexes)
  File "/home/projects2/emison/language_model/miniconda3/envs/esm2_emison/lib/python3.12/site-packages/pandas/core/frame.py", line 5171, in insert
    value, refs = self._sanitize_column(value)
                  ^^^^^^^^^^^^^^^^^^^^^^^^^^^^
  File "/home/projects2/emison/language_model/miniconda3/envs/esm2_emison/lib/python3.12/site-packages/pandas/core/frame.py", line 5266, in _sanitize_column
    com.require_length_match(value, self.index)
  File "/home/projects2/emison/language_model/miniconda3/envs/esm2_emison/lib/python3.12/site-packages/pandas/core/common.py", line 573, in require_length_match
    raise ValueError(
ValueError: Length of values (2226) does not match length of index (1)
