2024-11-13 19:23:20,280 - INFO - Loading and filtering dataset for peptide LLWNGPMAV
2024-11-13 19:23:20,657 - INFO - Processing dataset for peptide LLWNGPMAV with weight CDR1a
2024-11-13 19:23:20,661 - INFO - Processing rows 0 to 25 for swaps, peptide LLWNGPMAV, weight CDR1a
2024-11-13 19:23:26,065 - INFO - Processing rows 25 to 50 for swaps, peptide LLWNGPMAV, weight CDR1a
2024-11-13 19:23:31,522 - INFO - Processing rows 50 to 75 for swaps, peptide LLWNGPMAV, weight CDR1a
2024-11-13 19:23:36,866 - INFO - Processing rows 75 to 100 for swaps, peptide LLWNGPMAV, weight CDR1a
2024-11-13 19:23:42,288 - INFO - Processing rows 100 to 125 for swaps, peptide LLWNGPMAV, weight CDR1a
2024-11-13 19:23:47,836 - INFO - Processing rows 125 to 150 for swaps, peptide LLWNGPMAV, weight CDR1a
2024-11-13 19:23:53,145 - INFO - Processing rows 150 to 175 for swaps, peptide LLWNGPMAV, weight CDR1a
2024-11-13 19:23:58,617 - INFO - Processing rows 175 to 200 for swaps, peptide LLWNGPMAV, weight CDR1a
2024-11-13 19:24:03,912 - INFO - Processing rows 200 to 225 for swaps, peptide LLWNGPMAV, weight CDR1a
2024-11-13 19:24:09,227 - INFO - Processing rows 225 to 250 for swaps, peptide LLWNGPMAV, weight CDR1a
2024-11-13 19:24:14,656 - INFO - Processing rows 250 to 275 for swaps, peptide LLWNGPMAV, weight CDR1a
2024-11-13 19:24:19,484 - INFO - Processing rows 275 to 300 for swaps, peptide LLWNGPMAV, weight CDR1a
2024-11-13 19:24:24,833 - INFO - Processing rows 300 to 325 for swaps, peptide LLWNGPMAV, weight CDR1a
2024-11-13 19:24:30,269 - INFO - Processing rows 325 to 350 for swaps, peptide LLWNGPMAV, weight CDR1a
2024-11-13 19:24:35,510 - INFO - Processing rows 350 to 375 for swaps, peptide LLWNGPMAV, weight CDR1a
2024-11-13 19:24:40,943 - INFO - Processing rows 375 to 400 for swaps, peptide LLWNGPMAV, weight CDR1a
2024-11-13 19:24:46,299 - INFO - Processing rows 400 to 425 for swaps, peptide LLWNGPMAV, weight CDR1a
2024-11-13 19:24:51,757 - INFO - Processing rows 425 to 450 for swaps, peptide LLWNGPMAV, weight CDR1a
2024-11-13 19:24:57,008 - INFO - Processing rows 450 to 475 for swaps, peptide LLWNGPMAV, weight CDR1a
2024-11-13 19:25:02,365 - INFO - Processing rows 475 to 500 for swaps, peptide LLWNGPMAV, weight CDR1a
2024-11-13 19:25:07,712 - INFO - Processing rows 500 to 525 for swaps, peptide LLWNGPMAV, weight CDR1a
2024-11-13 19:25:12,984 - INFO - Processing rows 525 to 550 for swaps, peptide LLWNGPMAV, weight CDR1a
2024-11-13 19:25:18,372 - INFO - Processing rows 550 to 575 for swaps, peptide LLWNGPMAV, weight CDR1a
2024-11-13 19:25:23,672 - INFO - Processing rows 575 to 600 for swaps, peptide LLWNGPMAV, weight CDR1a
2024-11-13 19:25:28,857 - INFO - Processing rows 600 to 625 for swaps, peptide LLWNGPMAV, weight CDR1a
2024-11-13 19:25:34,043 - INFO - Processing rows 625 to 650 for swaps, peptide LLWNGPMAV, weight CDR1a
2024-11-13 19:25:39,141 - INFO - Processing rows 650 to 675 for swaps, peptide LLWNGPMAV, weight CDR1a
2024-11-13 19:25:44,315 - INFO - Processing rows 675 to 700 for swaps, peptide LLWNGPMAV, weight CDR1a
2024-11-13 19:25:49,475 - INFO - Processing rows 700 to 725 for swaps, peptide LLWNGPMAV, weight CDR1a
2024-11-13 19:25:54,694 - INFO - Processing rows 725 to 750 for swaps, peptide LLWNGPMAV, weight CDR1a
2024-11-13 19:25:59,995 - INFO - Processing rows 750 to 775 for swaps, peptide LLWNGPMAV, weight CDR1a
2024-11-13 19:26:05,182 - INFO - Processing rows 775 to 800 for swaps, peptide LLWNGPMAV, weight CDR1a
2024-11-13 19:26:10,387 - INFO - Processing rows 800 to 825 for swaps, peptide LLWNGPMAV, weight CDR1a
2024-11-13 19:26:15,653 - INFO - Processing rows 825 to 850 for swaps, peptide LLWNGPMAV, weight CDR1a
2024-11-13 19:26:20,825 - INFO - Processing rows 850 to 875 for swaps, peptide LLWNGPMAV, weight CDR1a
2024-11-13 19:26:26,058 - INFO - Processing rows 875 to 900 for swaps, peptide LLWNGPMAV, weight CDR1a
2024-11-13 19:26:31,254 - INFO - Processing rows 900 to 925 for swaps, peptide LLWNGPMAV, weight CDR1a
2024-11-13 19:26:36,523 - INFO - Processing rows 925 to 950 for swaps, peptide LLWNGPMAV, weight CDR1a
2024-11-13 19:26:41,732 - INFO - Processing rows 950 to 975 for swaps, peptide LLWNGPMAV, weight CDR1a
2024-11-13 19:26:47,136 - INFO - Processing rows 975 to 1000 for swaps, peptide LLWNGPMAV, weight CDR1a
2024-11-13 19:26:52,476 - INFO - Processing rows 1000 to 1025 for swaps, peptide LLWNGPMAV, weight CDR1a
2024-11-13 19:26:57,834 - INFO - Processing rows 1025 to 1050 for swaps, peptide LLWNGPMAV, weight CDR1a
2024-11-13 19:27:03,033 - INFO - Processing rows 1050 to 1075 for swaps, peptide LLWNGPMAV, weight CDR1a
2024-11-13 19:27:08,279 - INFO - Processing rows 1075 to 1100 for swaps, peptide LLWNGPMAV, weight CDR1a
2024-11-13 19:27:13,673 - INFO - Processing rows 1100 to 1125 for swaps, peptide LLWNGPMAV, weight CDR1a
2024-11-13 19:27:19,049 - INFO - Processing rows 1125 to 1150 for swaps, peptide LLWNGPMAV, weight CDR1a
2024-11-13 19:27:24,309 - INFO - Processing rows 1150 to 1175 for swaps, peptide LLWNGPMAV, weight CDR1a
2024-11-13 19:27:29,650 - INFO - Processing rows 1175 to 1200 for swaps, peptide LLWNGPMAV, weight CDR1a
2024-11-13 19:27:34,843 - INFO - Processing rows 1200 to 1225 for swaps, peptide LLWNGPMAV, weight CDR1a
2024-11-13 19:27:40,178 - INFO - Processing rows 1225 to 1250 for swaps, peptide LLWNGPMAV, weight CDR1a
2024-11-13 19:27:45,385 - INFO - Processing rows 1250 to 1275 for swaps, peptide LLWNGPMAV, weight CDR1a
2024-11-13 19:27:50,565 - INFO - Processing rows 1275 to 1300 for swaps, peptide LLWNGPMAV, weight CDR1a
2024-11-13 19:27:55,711 - INFO - Processing rows 1300 to 1325 for swaps, peptide LLWNGPMAV, weight CDR1a
2024-11-13 19:28:00,878 - INFO - Processing rows 1325 to 1350 for swaps, peptide LLWNGPMAV, weight CDR1a
2024-11-13 19:28:06,050 - INFO - Processing rows 1350 to 1375 for swaps, peptide LLWNGPMAV, weight CDR1a
2024-11-13 19:28:11,305 - INFO - Processing rows 1375 to 1400 for swaps, peptide LLWNGPMAV, weight CDR1a
2024-11-13 19:28:16,536 - INFO - Processing rows 1400 to 1425 for swaps, peptide LLWNGPMAV, weight CDR1a
2024-11-13 19:28:21,785 - INFO - Processing rows 1425 to 1450 for swaps, peptide LLWNGPMAV, weight CDR1a
2024-11-13 19:28:27,094 - INFO - Processing rows 1450 to 1475 for swaps, peptide LLWNGPMAV, weight CDR1a
2024-11-13 19:28:32,289 - INFO - Processing rows 1475 to 1500 for swaps, peptide LLWNGPMAV, weight CDR1a
2024-11-13 19:28:37,507 - INFO - Processing rows 1500 to 1525 for swaps, peptide LLWNGPMAV, weight CDR1a
2024-11-13 19:28:42,754 - INFO - Processing rows 1525 to 1550 for swaps, peptide LLWNGPMAV, weight CDR1a
2024-11-13 19:28:47,957 - INFO - Processing rows 1550 to 1575 for swaps, peptide LLWNGPMAV, weight CDR1a
2024-11-13 19:28:53,197 - INFO - Processing rows 1575 to 1600 for swaps, peptide LLWNGPMAV, weight CDR1a
2024-11-13 19:28:58,344 - INFO - Processing rows 1600 to 1625 for swaps, peptide LLWNGPMAV, weight CDR1a
2024-11-13 19:29:03,585 - INFO - Processing rows 1625 to 1650 for swaps, peptide LLWNGPMAV, weight CDR1a
2024-11-13 19:29:08,775 - INFO - Processing rows 1650 to 1675 for swaps, peptide LLWNGPMAV, weight CDR1a
2024-11-13 19:29:14,043 - INFO - Processing rows 1675 to 1700 for swaps, peptide LLWNGPMAV, weight CDR1a
2024-11-13 19:29:19,204 - INFO - Processing rows 1700 to 1725 for swaps, peptide LLWNGPMAV, weight CDR1a
2024-11-13 19:29:24,400 - INFO - Processing rows 1725 to 1750 for swaps, peptide LLWNGPMAV, weight CDR1a
2024-11-13 19:29:29,649 - INFO - Processing rows 1750 to 1775 for swaps, peptide LLWNGPMAV, weight CDR1a
2024-11-13 19:29:34,884 - INFO - Processing rows 1775 to 1800 for swaps, peptide LLWNGPMAV, weight CDR1a
2024-11-13 19:29:40,033 - INFO - Processing rows 1800 to 1825 for swaps, peptide LLWNGPMAV, weight CDR1a
2024-11-13 19:29:45,235 - INFO - Processing rows 1825 to 1850 for swaps, peptide LLWNGPMAV, weight CDR1a
2024-11-13 19:29:50,616 - INFO - Processing rows 1850 to 1875 for swaps, peptide LLWNGPMAV, weight CDR1a
2024-11-13 19:29:55,912 - INFO - Processing rows 1875 to 1900 for swaps, peptide LLWNGPMAV, weight CDR1a
2024-11-13 19:30:01,229 - INFO - Processing rows 1900 to 1925 for swaps, peptide LLWNGPMAV, weight CDR1a
2024-11-13 19:30:06,595 - INFO - Processing rows 1925 to 1950 for swaps, peptide LLWNGPMAV, weight CDR1a
2024-11-13 19:30:11,884 - INFO - Processing rows 1950 to 1975 for swaps, peptide LLWNGPMAV, weight CDR1a
2024-11-13 19:30:17,096 - INFO - Processing rows 1975 to 2000 for swaps, peptide LLWNGPMAV, weight CDR1a
2024-11-13 19:30:22,252 - INFO - Processing rows 2000 to 2025 for swaps, peptide LLWNGPMAV, weight CDR1a
2024-11-13 19:30:27,416 - INFO - Processing rows 2025 to 2050 for swaps, peptide LLWNGPMAV, weight CDR1a
2024-11-13 19:30:32,567 - INFO - Processing rows 2050 to 2075 for swaps, peptide LLWNGPMAV, weight CDR1a
2024-11-13 19:30:37,786 - INFO - Processing rows 2075 to 2100 for swaps, peptide LLWNGPMAV, weight CDR1a
2024-11-13 19:30:42,964 - INFO - Processing rows 2100 to 2125 for swaps, peptide LLWNGPMAV, weight CDR1a
2024-11-13 19:30:48,134 - INFO - Processing rows 2125 to 2150 for swaps, peptide LLWNGPMAV, weight CDR1a
2024-11-13 19:30:53,373 - INFO - Processing rows 2150 to 2175 for swaps, peptide LLWNGPMAV, weight CDR1a
2024-11-13 19:30:58,780 - INFO - Processing rows 2175 to 2200 for swaps, peptide LLWNGPMAV, weight CDR1a
2024-11-13 19:31:04,108 - INFO - Processing rows 2200 to 2225 for swaps, peptide LLWNGPMAV, weight CDR1a
2024-11-13 19:31:09,421 - INFO - Processing rows 2225 to 2226 for swaps, peptide LLWNGPMAV, weight CDR1a
Traceback (most recent call last):
  File "/net/mimer/mnt/tank/projects2/emison/language_model/27th_Oct_new_matrices/04.11_new_esm/12.11/run_esm_swaps.py", line 90, in <module>
    process_sequences(df_filtered, peptide, weight, "swaps")
  File "/net/mimer/mnt/tank/projects2/emison/language_model/27th_Oct_new_matrices/04.11_new_esm/12.11/run_esm_swaps.py", line 82, in process_sequences
    output_df.insert(0, "raw_index", raw_indexes)
  File "/home/projects2/emison/language_model/miniconda3/envs/esm2_emison/lib/python3.12/site-packages/pandas/core/frame.py", line 5171, in insert
    value, refs = self._sanitize_column(value)
                  ^^^^^^^^^^^^^^^^^^^^^^^^^^^^
  File "/home/projects2/emison/language_model/miniconda3/envs/esm2_emison/lib/python3.12/site-packages/pandas/core/frame.py", line 5266, in _sanitize_column
    com.require_length_match(value, self.index)
  File "/home/projects2/emison/language_model/miniconda3/envs/esm2_emison/lib/python3.12/site-packages/pandas/core/common.py", line 573, in require_length_match
    raise ValueError(
ValueError: Length of values (2226) does not match length of index (1)
