2024-11-13 19:23:20,284 - INFO - Loading and filtering dataset for peptide LLWNGPMAV
2024-11-13 19:23:20,645 - INFO - Processing dataset for peptide LLWNGPMAV with weight CDR1b
2024-11-13 19:23:20,647 - INFO - Processing rows 0 to 25 for swaps, peptide LLWNGPMAV, weight CDR1b
2024-11-13 19:23:25,158 - INFO - Processing rows 25 to 50 for swaps, peptide LLWNGPMAV, weight CDR1b
2024-11-13 19:23:29,658 - INFO - Processing rows 50 to 75 for swaps, peptide LLWNGPMAV, weight CDR1b
2024-11-13 19:23:34,236 - INFO - Processing rows 75 to 100 for swaps, peptide LLWNGPMAV, weight CDR1b
2024-11-13 19:23:38,722 - INFO - Processing rows 100 to 125 for swaps, peptide LLWNGPMAV, weight CDR1b
2024-11-13 19:23:43,391 - INFO - Processing rows 125 to 150 for swaps, peptide LLWNGPMAV, weight CDR1b
2024-11-13 19:23:48,316 - INFO - Processing rows 150 to 175 for swaps, peptide LLWNGPMAV, weight CDR1b
2024-11-13 19:23:52,757 - INFO - Processing rows 175 to 200 for swaps, peptide LLWNGPMAV, weight CDR1b
2024-11-13 19:23:57,522 - INFO - Processing rows 200 to 225 for swaps, peptide LLWNGPMAV, weight CDR1b
2024-11-13 19:24:02,265 - INFO - Processing rows 225 to 250 for swaps, peptide LLWNGPMAV, weight CDR1b
2024-11-13 19:24:06,967 - INFO - Processing rows 250 to 275 for swaps, peptide LLWNGPMAV, weight CDR1b
2024-11-13 19:24:11,792 - INFO - Processing rows 275 to 300 for swaps, peptide LLWNGPMAV, weight CDR1b
2024-11-13 19:24:16,597 - INFO - Processing rows 300 to 325 for swaps, peptide LLWNGPMAV, weight CDR1b
2024-11-13 19:24:20,909 - INFO - Processing rows 325 to 350 for swaps, peptide LLWNGPMAV, weight CDR1b
2024-11-13 19:24:25,581 - INFO - Processing rows 350 to 375 for swaps, peptide LLWNGPMAV, weight CDR1b
2024-11-13 19:24:30,401 - INFO - Processing rows 375 to 400 for swaps, peptide LLWNGPMAV, weight CDR1b
2024-11-13 19:24:34,697 - INFO - Processing rows 400 to 425 for swaps, peptide LLWNGPMAV, weight CDR1b
2024-11-13 19:24:39,512 - INFO - Processing rows 425 to 450 for swaps, peptide LLWNGPMAV, weight CDR1b
2024-11-13 19:24:44,297 - INFO - Processing rows 450 to 475 for swaps, peptide LLWNGPMAV, weight CDR1b
2024-11-13 19:24:48,999 - INFO - Processing rows 475 to 500 for swaps, peptide LLWNGPMAV, weight CDR1b
2024-11-13 19:24:53,730 - INFO - Processing rows 500 to 525 for swaps, peptide LLWNGPMAV, weight CDR1b
2024-11-13 19:24:58,016 - INFO - Processing rows 525 to 550 for swaps, peptide LLWNGPMAV, weight CDR1b
2024-11-13 19:25:02,777 - INFO - Processing rows 550 to 575 for swaps, peptide LLWNGPMAV, weight CDR1b
2024-11-13 19:25:07,568 - INFO - Processing rows 575 to 600 for swaps, peptide LLWNGPMAV, weight CDR1b
2024-11-13 19:25:11,769 - INFO - Processing rows 600 to 625 for swaps, peptide LLWNGPMAV, weight CDR1b
2024-11-13 19:25:16,440 - INFO - Processing rows 625 to 650 for swaps, peptide LLWNGPMAV, weight CDR1b
2024-11-13 19:25:21,174 - INFO - Processing rows 650 to 675 for swaps, peptide LLWNGPMAV, weight CDR1b
2024-11-13 19:25:25,769 - INFO - Processing rows 675 to 700 for swaps, peptide LLWNGPMAV, weight CDR1b
2024-11-13 19:25:30,390 - INFO - Processing rows 700 to 725 for swaps, peptide LLWNGPMAV, weight CDR1b
2024-11-13 19:25:34,970 - INFO - Processing rows 725 to 750 for swaps, peptide LLWNGPMAV, weight CDR1b
2024-11-13 19:25:39,504 - INFO - Processing rows 750 to 775 for swaps, peptide LLWNGPMAV, weight CDR1b
2024-11-13 19:25:43,720 - INFO - Processing rows 775 to 800 for swaps, peptide LLWNGPMAV, weight CDR1b
2024-11-13 19:25:48,325 - INFO - Processing rows 800 to 825 for swaps, peptide LLWNGPMAV, weight CDR1b
2024-11-13 19:25:52,523 - INFO - Processing rows 825 to 850 for swaps, peptide LLWNGPMAV, weight CDR1b
2024-11-13 19:25:57,217 - INFO - Processing rows 850 to 875 for swaps, peptide LLWNGPMAV, weight CDR1b
2024-11-13 19:26:01,930 - INFO - Processing rows 875 to 900 for swaps, peptide LLWNGPMAV, weight CDR1b
2024-11-13 19:26:06,497 - INFO - Processing rows 900 to 925 for swaps, peptide LLWNGPMAV, weight CDR1b
2024-11-13 19:26:11,226 - INFO - Processing rows 925 to 950 for swaps, peptide LLWNGPMAV, weight CDR1b
2024-11-13 19:26:15,976 - INFO - Processing rows 950 to 975 for swaps, peptide LLWNGPMAV, weight CDR1b
2024-11-13 19:26:20,688 - INFO - Processing rows 975 to 1000 for swaps, peptide LLWNGPMAV, weight CDR1b
2024-11-13 19:26:25,424 - INFO - Processing rows 1000 to 1025 for swaps, peptide LLWNGPMAV, weight CDR1b
2024-11-13 19:26:30,132 - INFO - Processing rows 1025 to 1050 for swaps, peptide LLWNGPMAV, weight CDR1b
2024-11-13 19:26:34,840 - INFO - Processing rows 1050 to 1075 for swaps, peptide LLWNGPMAV, weight CDR1b
2024-11-13 19:26:39,476 - INFO - Processing rows 1075 to 1100 for swaps, peptide LLWNGPMAV, weight CDR1b
2024-11-13 19:26:44,141 - INFO - Processing rows 1100 to 1125 for swaps, peptide LLWNGPMAV, weight CDR1b
2024-11-13 19:26:48,902 - INFO - Processing rows 1125 to 1150 for swaps, peptide LLWNGPMAV, weight CDR1b
2024-11-13 19:26:53,687 - INFO - Processing rows 1150 to 1175 for swaps, peptide LLWNGPMAV, weight CDR1b
2024-11-13 19:26:58,356 - INFO - Processing rows 1175 to 1200 for swaps, peptide LLWNGPMAV, weight CDR1b
2024-11-13 19:27:02,991 - INFO - Processing rows 1200 to 1225 for swaps, peptide LLWNGPMAV, weight CDR1b
2024-11-13 19:27:07,610 - INFO - Processing rows 1225 to 1250 for swaps, peptide LLWNGPMAV, weight CDR1b
2024-11-13 19:27:12,357 - INFO - Processing rows 1250 to 1275 for swaps, peptide LLWNGPMAV, weight CDR1b
2024-11-13 19:27:17,168 - INFO - Processing rows 1275 to 1300 for swaps, peptide LLWNGPMAV, weight CDR1b
2024-11-13 19:27:21,892 - INFO - Processing rows 1300 to 1325 for swaps, peptide LLWNGPMAV, weight CDR1b
2024-11-13 19:27:26,603 - INFO - Processing rows 1325 to 1350 for swaps, peptide LLWNGPMAV, weight CDR1b
2024-11-13 19:27:31,334 - INFO - Processing rows 1350 to 1375 for swaps, peptide LLWNGPMAV, weight CDR1b
2024-11-13 19:27:35,993 - INFO - Processing rows 1375 to 1400 for swaps, peptide LLWNGPMAV, weight CDR1b
2024-11-13 19:27:40,814 - INFO - Processing rows 1400 to 1425 for swaps, peptide LLWNGPMAV, weight CDR1b
2024-11-13 19:27:45,390 - INFO - Processing rows 1425 to 1450 for swaps, peptide LLWNGPMAV, weight CDR1b
2024-11-13 19:27:49,572 - INFO - Processing rows 1450 to 1475 for swaps, peptide LLWNGPMAV, weight CDR1b
2024-11-13 19:27:54,165 - INFO - Processing rows 1475 to 1500 for swaps, peptide LLWNGPMAV, weight CDR1b
2024-11-13 19:27:58,768 - INFO - Processing rows 1500 to 1525 for swaps, peptide LLWNGPMAV, weight CDR1b
2024-11-13 19:28:02,858 - INFO - Processing rows 1525 to 1550 for swaps, peptide LLWNGPMAV, weight CDR1b
2024-11-13 19:28:07,035 - INFO - Processing rows 1550 to 1575 for swaps, peptide LLWNGPMAV, weight CDR1b
2024-11-13 19:28:11,682 - INFO - Processing rows 1575 to 1600 for swaps, peptide LLWNGPMAV, weight CDR1b
2024-11-13 19:28:16,373 - INFO - Processing rows 1600 to 1625 for swaps, peptide LLWNGPMAV, weight CDR1b
2024-11-13 19:28:20,997 - INFO - Processing rows 1625 to 1650 for swaps, peptide LLWNGPMAV, weight CDR1b
2024-11-13 19:28:25,730 - INFO - Processing rows 1650 to 1675 for swaps, peptide LLWNGPMAV, weight CDR1b
2024-11-13 19:28:30,302 - INFO - Processing rows 1675 to 1700 for swaps, peptide LLWNGPMAV, weight CDR1b
2024-11-13 19:28:35,070 - INFO - Processing rows 1700 to 1725 for swaps, peptide LLWNGPMAV, weight CDR1b
2024-11-13 19:28:39,796 - INFO - Processing rows 1725 to 1750 for swaps, peptide LLWNGPMAV, weight CDR1b
2024-11-13 19:28:44,510 - INFO - Processing rows 1750 to 1775 for swaps, peptide LLWNGPMAV, weight CDR1b
2024-11-13 19:28:49,307 - INFO - Processing rows 1775 to 1800 for swaps, peptide LLWNGPMAV, weight CDR1b
2024-11-13 19:28:54,030 - INFO - Processing rows 1800 to 1825 for swaps, peptide LLWNGPMAV, weight CDR1b
2024-11-13 19:28:58,643 - INFO - Processing rows 1825 to 1850 for swaps, peptide LLWNGPMAV, weight CDR1b
2024-11-13 19:29:03,313 - INFO - Processing rows 1850 to 1875 for swaps, peptide LLWNGPMAV, weight CDR1b
2024-11-13 19:29:07,962 - INFO - Processing rows 1875 to 1900 for swaps, peptide LLWNGPMAV, weight CDR1b
2024-11-13 19:29:12,638 - INFO - Processing rows 1900 to 1925 for swaps, peptide LLWNGPMAV, weight CDR1b
2024-11-13 19:29:17,222 - INFO - Processing rows 1925 to 1950 for swaps, peptide LLWNGPMAV, weight CDR1b
2024-11-13 19:29:21,805 - INFO - Processing rows 1950 to 1975 for swaps, peptide LLWNGPMAV, weight CDR1b
2024-11-13 19:29:26,464 - INFO - Processing rows 1975 to 2000 for swaps, peptide LLWNGPMAV, weight CDR1b
2024-11-13 19:29:31,111 - INFO - Processing rows 2000 to 2025 for swaps, peptide LLWNGPMAV, weight CDR1b
2024-11-13 19:29:35,742 - INFO - Processing rows 2025 to 2050 for swaps, peptide LLWNGPMAV, weight CDR1b
2024-11-13 19:29:40,334 - INFO - Processing rows 2050 to 2075 for swaps, peptide LLWNGPMAV, weight CDR1b
2024-11-13 19:29:44,930 - INFO - Processing rows 2075 to 2100 for swaps, peptide LLWNGPMAV, weight CDR1b
2024-11-13 19:29:49,236 - INFO - Processing rows 2100 to 2125 for swaps, peptide LLWNGPMAV, weight CDR1b
2024-11-13 19:29:53,920 - INFO - Processing rows 2125 to 2150 for swaps, peptide LLWNGPMAV, weight CDR1b
2024-11-13 19:29:58,533 - INFO - Processing rows 2150 to 2175 for swaps, peptide LLWNGPMAV, weight CDR1b
2024-11-13 19:30:03,162 - INFO - Processing rows 2175 to 2200 for swaps, peptide LLWNGPMAV, weight CDR1b
2024-11-13 19:30:07,379 - INFO - Processing rows 2200 to 2225 for swaps, peptide LLWNGPMAV, weight CDR1b
2024-11-13 19:30:11,990 - INFO - Processing rows 2225 to 2226 for swaps, peptide LLWNGPMAV, weight CDR1b
Traceback (most recent call last):
  File "/net/mimer/mnt/tank/projects2/emison/language_model/27th_Oct_new_matrices/04.11_new_esm/12.11/run_esm_swaps.py", line 90, in <module>
    process_sequences(df_filtered, peptide, weight, "swaps")
  File "/net/mimer/mnt/tank/projects2/emison/language_model/27th_Oct_new_matrices/04.11_new_esm/12.11/run_esm_swaps.py", line 82, in process_sequences
    output_df.insert(0, "raw_index", raw_indexes)
  File "/home/projects2/emison/language_model/miniconda3/envs/esm2_emison/lib/python3.12/site-packages/pandas/core/frame.py", line 5171, in insert
    value, refs = self._sanitize_column(value)
                  ^^^^^^^^^^^^^^^^^^^^^^^^^^^^
  File "/home/projects2/emison/language_model/miniconda3/envs/esm2_emison/lib/python3.12/site-packages/pandas/core/frame.py", line 5266, in _sanitize_column
    com.require_length_match(value, self.index)
  File "/home/projects2/emison/language_model/miniconda3/envs/esm2_emison/lib/python3.12/site-packages/pandas/core/common.py", line 573, in require_length_match
    raise ValueError(
ValueError: Length of values (2226) does not match length of index (1)
