2024-11-14 08:10:41,974 - INFO - Loading and filtering dataset for peptide LLWNGPMAV
2024-11-14 08:10:42,219 - INFO - Processing dataset for peptide LLWNGPMAV with weight CDR2b
2024-11-14 08:10:42,220 - INFO - Processing rows 0 to 25 for swaps, peptide LLWNGPMAV, weight CDR2b
2024-11-14 08:10:44,515 - INFO - Processing rows 25 to 50 for swaps, peptide LLWNGPMAV, weight CDR2b
2024-11-14 08:10:46,797 - INFO - Processing rows 50 to 75 for swaps, peptide LLWNGPMAV, weight CDR2b
2024-11-14 08:10:49,064 - INFO - Processing rows 75 to 100 for swaps, peptide LLWNGPMAV, weight CDR2b
2024-11-14 08:10:51,366 - INFO - Processing rows 100 to 125 for swaps, peptide LLWNGPMAV, weight CDR2b
2024-11-14 08:10:53,405 - INFO - Processing rows 125 to 150 for swaps, peptide LLWNGPMAV, weight CDR2b
2024-11-14 08:10:55,226 - INFO - Processing rows 150 to 175 for swaps, peptide LLWNGPMAV, weight CDR2b
2024-11-14 08:10:57,079 - INFO - Processing rows 175 to 200 for swaps, peptide LLWNGPMAV, weight CDR2b
2024-11-14 08:10:58,920 - INFO - Processing rows 200 to 225 for swaps, peptide LLWNGPMAV, weight CDR2b
2024-11-14 08:11:00,751 - INFO - Processing rows 225 to 250 for swaps, peptide LLWNGPMAV, weight CDR2b
2024-11-14 08:11:02,644 - INFO - Processing rows 250 to 275 for swaps, peptide LLWNGPMAV, weight CDR2b
2024-11-14 08:11:04,489 - INFO - Processing rows 275 to 300 for swaps, peptide LLWNGPMAV, weight CDR2b
2024-11-14 08:11:06,291 - INFO - Processing rows 300 to 325 for swaps, peptide LLWNGPMAV, weight CDR2b
2024-11-14 08:11:08,122 - INFO - Processing rows 325 to 350 for swaps, peptide LLWNGPMAV, weight CDR2b
2024-11-14 08:11:09,984 - INFO - Processing rows 350 to 375 for swaps, peptide LLWNGPMAV, weight CDR2b
2024-11-14 08:11:11,802 - INFO - Processing rows 375 to 400 for swaps, peptide LLWNGPMAV, weight CDR2b
2024-11-14 08:11:13,667 - INFO - Processing rows 400 to 425 for swaps, peptide LLWNGPMAV, weight CDR2b
2024-11-14 08:11:15,524 - INFO - Processing rows 425 to 450 for swaps, peptide LLWNGPMAV, weight CDR2b
2024-11-14 08:11:17,358 - INFO - Processing rows 450 to 475 for swaps, peptide LLWNGPMAV, weight CDR2b
2024-11-14 08:11:19,220 - INFO - Processing rows 475 to 500 for swaps, peptide LLWNGPMAV, weight CDR2b
2024-11-14 08:11:21,028 - INFO - Processing rows 500 to 525 for swaps, peptide LLWNGPMAV, weight CDR2b
2024-11-14 08:11:22,841 - INFO - Processing rows 525 to 550 for swaps, peptide LLWNGPMAV, weight CDR2b
2024-11-14 08:11:24,634 - INFO - Processing rows 550 to 575 for swaps, peptide LLWNGPMAV, weight CDR2b
2024-11-14 08:11:26,437 - INFO - Processing rows 575 to 600 for swaps, peptide LLWNGPMAV, weight CDR2b
2024-11-14 08:11:28,219 - INFO - Processing rows 600 to 625 for swaps, peptide LLWNGPMAV, weight CDR2b
2024-11-14 08:11:30,017 - INFO - Processing rows 625 to 650 for swaps, peptide LLWNGPMAV, weight CDR2b
2024-11-14 08:11:31,860 - INFO - Processing rows 650 to 675 for swaps, peptide LLWNGPMAV, weight CDR2b
2024-11-14 08:11:33,664 - INFO - Processing rows 675 to 700 for swaps, peptide LLWNGPMAV, weight CDR2b
2024-11-14 08:11:35,480 - INFO - Processing rows 700 to 725 for swaps, peptide LLWNGPMAV, weight CDR2b
2024-11-14 08:11:37,353 - INFO - Processing rows 725 to 750 for swaps, peptide LLWNGPMAV, weight CDR2b
2024-11-14 08:11:39,165 - INFO - Processing rows 750 to 775 for swaps, peptide LLWNGPMAV, weight CDR2b
2024-11-14 08:11:40,808 - INFO - Processing rows 775 to 800 for swaps, peptide LLWNGPMAV, weight CDR2b
2024-11-14 08:11:42,688 - INFO - Processing rows 800 to 825 for swaps, peptide LLWNGPMAV, weight CDR2b
2024-11-14 08:11:44,521 - INFO - Processing rows 825 to 850 for swaps, peptide LLWNGPMAV, weight CDR2b
2024-11-14 08:11:46,248 - INFO - Processing rows 850 to 875 for swaps, peptide LLWNGPMAV, weight CDR2b
2024-11-14 08:11:48,011 - INFO - Processing rows 875 to 900 for swaps, peptide LLWNGPMAV, weight CDR2b
2024-11-14 08:11:49,730 - INFO - Processing rows 900 to 925 for swaps, peptide LLWNGPMAV, weight CDR2b
2024-11-14 08:11:51,460 - INFO - Processing rows 925 to 950 for swaps, peptide LLWNGPMAV, weight CDR2b
2024-11-14 08:11:53,229 - INFO - Processing rows 950 to 975 for swaps, peptide LLWNGPMAV, weight CDR2b
2024-11-14 08:11:54,969 - INFO - Processing rows 975 to 1000 for swaps, peptide LLWNGPMAV, weight CDR2b
2024-11-14 08:11:56,680 - INFO - Processing rows 1000 to 1025 for swaps, peptide LLWNGPMAV, weight CDR2b
2024-11-14 08:11:58,444 - INFO - Processing rows 1025 to 1050 for swaps, peptide LLWNGPMAV, weight CDR2b
2024-11-14 08:12:00,154 - INFO - Processing rows 1050 to 1075 for swaps, peptide LLWNGPMAV, weight CDR2b
2024-11-14 08:12:01,873 - INFO - Processing rows 1075 to 1100 for swaps, peptide LLWNGPMAV, weight CDR2b
2024-11-14 08:12:03,661 - INFO - Processing rows 1100 to 1125 for swaps, peptide LLWNGPMAV, weight CDR2b
2024-11-14 08:12:05,504 - INFO - Processing rows 1125 to 1150 for swaps, peptide LLWNGPMAV, weight CDR2b
2024-11-14 08:12:07,364 - INFO - Processing rows 1150 to 1175 for swaps, peptide LLWNGPMAV, weight CDR2b
2024-11-14 08:12:09,242 - INFO - Processing rows 1175 to 1200 for swaps, peptide LLWNGPMAV, weight CDR2b
2024-11-14 08:12:11,070 - INFO - Processing rows 1200 to 1225 for swaps, peptide LLWNGPMAV, weight CDR2b
2024-11-14 08:12:12,958 - INFO - Processing rows 1225 to 1250 for swaps, peptide LLWNGPMAV, weight CDR2b
2024-11-14 08:12:14,906 - INFO - Processing rows 1250 to 1275 for swaps, peptide LLWNGPMAV, weight CDR2b
2024-11-14 08:12:16,822 - INFO - Processing rows 1275 to 1300 for swaps, peptide LLWNGPMAV, weight CDR2b
2024-11-14 08:12:18,732 - INFO - Processing rows 1300 to 1325 for swaps, peptide LLWNGPMAV, weight CDR2b
2024-11-14 08:12:20,630 - INFO - Processing rows 1325 to 1350 for swaps, peptide LLWNGPMAV, weight CDR2b
2024-11-14 08:12:22,505 - INFO - Processing rows 1350 to 1375 for swaps, peptide LLWNGPMAV, weight CDR2b
2024-11-14 08:12:24,386 - INFO - Processing rows 1375 to 1400 for swaps, peptide LLWNGPMAV, weight CDR2b
2024-11-14 08:12:26,249 - INFO - Processing rows 1400 to 1425 for swaps, peptide LLWNGPMAV, weight CDR2b
2024-11-14 08:12:28,149 - INFO - Processing rows 1425 to 1450 for swaps, peptide LLWNGPMAV, weight CDR2b
2024-11-14 08:12:30,052 - INFO - Processing rows 1450 to 1475 for swaps, peptide LLWNGPMAV, weight CDR2b
2024-11-14 08:12:31,938 - INFO - Processing rows 1475 to 1500 for swaps, peptide LLWNGPMAV, weight CDR2b
2024-11-14 08:12:33,811 - INFO - Processing rows 1500 to 1525 for swaps, peptide LLWNGPMAV, weight CDR2b
2024-11-14 08:12:35,489 - INFO - Processing rows 1525 to 1550 for swaps, peptide LLWNGPMAV, weight CDR2b
2024-11-14 08:12:37,378 - INFO - Processing rows 1550 to 1575 for swaps, peptide LLWNGPMAV, weight CDR2b
2024-11-14 08:12:39,260 - INFO - Processing rows 1575 to 1600 for swaps, peptide LLWNGPMAV, weight CDR2b
2024-11-14 08:12:41,129 - INFO - Processing rows 1600 to 1625 for swaps, peptide LLWNGPMAV, weight CDR2b
2024-11-14 08:12:43,007 - INFO - Processing rows 1625 to 1650 for swaps, peptide LLWNGPMAV, weight CDR2b
2024-11-14 08:12:44,887 - INFO - Processing rows 1650 to 1675 for swaps, peptide LLWNGPMAV, weight CDR2b
2024-11-14 08:12:46,780 - INFO - Processing rows 1675 to 1700 for swaps, peptide LLWNGPMAV, weight CDR2b
2024-11-14 08:12:48,677 - INFO - Processing rows 1700 to 1725 for swaps, peptide LLWNGPMAV, weight CDR2b
2024-11-14 08:12:50,562 - INFO - Processing rows 1725 to 1750 for swaps, peptide LLWNGPMAV, weight CDR2b
2024-11-14 08:12:52,450 - INFO - Processing rows 1750 to 1775 for swaps, peptide LLWNGPMAV, weight CDR2b
2024-11-14 08:12:54,338 - INFO - Processing rows 1775 to 1800 for swaps, peptide LLWNGPMAV, weight CDR2b
2024-11-14 08:12:56,219 - INFO - Processing rows 1800 to 1825 for swaps, peptide LLWNGPMAV, weight CDR2b
2024-11-14 08:12:58,088 - INFO - Processing rows 1825 to 1850 for swaps, peptide LLWNGPMAV, weight CDR2b
2024-11-14 08:12:59,962 - INFO - Processing rows 1850 to 1875 for swaps, peptide LLWNGPMAV, weight CDR2b
2024-11-14 08:13:01,832 - INFO - Processing rows 1875 to 1900 for swaps, peptide LLWNGPMAV, weight CDR2b
2024-11-14 08:13:03,714 - INFO - Processing rows 1900 to 1925 for swaps, peptide LLWNGPMAV, weight CDR2b
2024-11-14 08:13:05,589 - INFO - Processing rows 1925 to 1950 for swaps, peptide LLWNGPMAV, weight CDR2b
2024-11-14 08:13:07,499 - INFO - Processing rows 1950 to 1975 for swaps, peptide LLWNGPMAV, weight CDR2b
2024-11-14 08:13:09,381 - INFO - Processing rows 1975 to 2000 for swaps, peptide LLWNGPMAV, weight CDR2b
2024-11-14 08:13:11,252 - INFO - Processing rows 2000 to 2025 for swaps, peptide LLWNGPMAV, weight CDR2b
2024-11-14 08:13:13,107 - INFO - Processing rows 2025 to 2050 for swaps, peptide LLWNGPMAV, weight CDR2b
2024-11-14 08:13:14,965 - INFO - Processing rows 2050 to 2075 for swaps, peptide LLWNGPMAV, weight CDR2b
2024-11-14 08:13:16,824 - INFO - Processing rows 2075 to 2100 for swaps, peptide LLWNGPMAV, weight CDR2b
2024-11-14 08:13:18,490 - INFO - Processing rows 2100 to 2125 for swaps, peptide LLWNGPMAV, weight CDR2b
2024-11-14 08:13:20,365 - INFO - Processing rows 2125 to 2150 for swaps, peptide LLWNGPMAV, weight CDR2b
2024-11-14 08:13:22,230 - INFO - Processing rows 2150 to 2175 for swaps, peptide LLWNGPMAV, weight CDR2b
2024-11-14 08:13:24,096 - INFO - Processing rows 2175 to 2200 for swaps, peptide LLWNGPMAV, weight CDR2b
2024-11-14 08:13:25,965 - INFO - Processing rows 2200 to 2225 for swaps, peptide LLWNGPMAV, weight CDR2b
2024-11-14 08:13:27,825 - INFO - Processing rows 2225 to 2226 for swaps, peptide LLWNGPMAV, weight CDR2b
Traceback (most recent call last):
  File "/net/mimer/mnt/tank/projects2/emison/language_model/27th_Oct_new_matrices/04.11_new_esm/12.11/run_esm_swaps.py", line 90, in <module>
    process_sequences(df_filtered, peptide, weight, "swaps")
  File "/net/mimer/mnt/tank/projects2/emison/language_model/27th_Oct_new_matrices/04.11_new_esm/12.11/run_esm_swaps.py", line 82, in process_sequences
    output_df.insert(0, "raw_index", raw_indexes)
  File "/home/projects2/emison/language_model/miniconda3/envs/esm2_emison/lib/python3.12/site-packages/pandas/core/frame.py", line 5171, in insert
    value, refs = self._sanitize_column(value)
                  ^^^^^^^^^^^^^^^^^^^^^^^^^^^^
  File "/home/projects2/emison/language_model/miniconda3/envs/esm2_emison/lib/python3.12/site-packages/pandas/core/frame.py", line 5266, in _sanitize_column
    com.require_length_match(value, self.index)
  File "/home/projects2/emison/language_model/miniconda3/envs/esm2_emison/lib/python3.12/site-packages/pandas/core/common.py", line 573, in require_length_match
    raise ValueError(
ValueError: Length of values (2226) does not match length of index (1)
