2024-11-14 08:29:17,521 - INFO - Loading and filtering dataset for peptide LLWNGPMAV
2024-11-14 08:29:17,888 - INFO - Processing dataset for peptide LLWNGPMAV with weight CDR3a
2024-11-14 08:29:17,890 - INFO - Processing rows 0 to 25 for swaps, peptide LLWNGPMAV, weight CDR3a
2024-11-14 08:29:24,607 - INFO - Processing rows 25 to 50 for swaps, peptide LLWNGPMAV, weight CDR3a
2024-11-14 08:29:30,176 - INFO - Processing rows 50 to 75 for swaps, peptide LLWNGPMAV, weight CDR3a
2024-11-14 08:29:36,348 - INFO - Processing rows 75 to 100 for swaps, peptide LLWNGPMAV, weight CDR3a
2024-11-14 08:29:42,467 - INFO - Processing rows 100 to 125 for swaps, peptide LLWNGPMAV, weight CDR3a
2024-11-14 08:29:48,643 - INFO - Processing rows 125 to 150 for swaps, peptide LLWNGPMAV, weight CDR3a
2024-11-14 08:29:55,187 - INFO - Processing rows 150 to 175 for swaps, peptide LLWNGPMAV, weight CDR3a
2024-11-14 08:30:01,808 - INFO - Processing rows 175 to 200 for swaps, peptide LLWNGPMAV, weight CDR3a
2024-11-14 08:30:07,559 - INFO - Processing rows 200 to 225 for swaps, peptide LLWNGPMAV, weight CDR3a
2024-11-14 08:30:14,041 - INFO - Processing rows 225 to 250 for swaps, peptide LLWNGPMAV, weight CDR3a
2024-11-14 08:30:20,179 - INFO - Processing rows 250 to 275 for swaps, peptide LLWNGPMAV, weight CDR3a
2024-11-14 08:30:25,639 - INFO - Processing rows 275 to 300 for swaps, peptide LLWNGPMAV, weight CDR3a
2024-11-14 08:30:31,370 - INFO - Processing rows 300 to 325 for swaps, peptide LLWNGPMAV, weight CDR3a
2024-11-14 08:30:37,412 - INFO - Processing rows 325 to 350 for swaps, peptide LLWNGPMAV, weight CDR3a
2024-11-14 08:30:44,345 - INFO - Processing rows 350 to 375 for swaps, peptide LLWNGPMAV, weight CDR3a
2024-11-14 08:30:50,955 - INFO - Processing rows 375 to 400 for swaps, peptide LLWNGPMAV, weight CDR3a
2024-11-14 08:30:56,354 - INFO - Processing rows 400 to 425 for swaps, peptide LLWNGPMAV, weight CDR3a
2024-11-14 08:31:04,253 - INFO - Processing rows 425 to 450 for swaps, peptide LLWNGPMAV, weight CDR3a
2024-11-14 08:31:10,528 - INFO - Processing rows 450 to 475 for swaps, peptide LLWNGPMAV, weight CDR3a
2024-11-14 08:31:16,786 - INFO - Processing rows 475 to 500 for swaps, peptide LLWNGPMAV, weight CDR3a
2024-11-14 08:31:23,830 - INFO - Processing rows 500 to 525 for swaps, peptide LLWNGPMAV, weight CDR3a
2024-11-14 08:31:29,527 - INFO - Processing rows 525 to 550 for swaps, peptide LLWNGPMAV, weight CDR3a
2024-11-14 08:31:36,736 - INFO - Processing rows 550 to 575 for swaps, peptide LLWNGPMAV, weight CDR3a
2024-11-14 08:31:44,661 - INFO - Processing rows 575 to 600 for swaps, peptide LLWNGPMAV, weight CDR3a
2024-11-14 08:31:54,089 - INFO - Processing rows 600 to 625 for swaps, peptide LLWNGPMAV, weight CDR3a
2024-11-14 08:31:59,259 - INFO - Processing rows 625 to 650 for swaps, peptide LLWNGPMAV, weight CDR3a
2024-11-14 08:32:04,993 - INFO - Processing rows 650 to 675 for swaps, peptide LLWNGPMAV, weight CDR3a
2024-11-14 08:32:12,702 - INFO - Processing rows 675 to 700 for swaps, peptide LLWNGPMAV, weight CDR3a
2024-11-14 08:32:18,348 - INFO - Processing rows 700 to 725 for swaps, peptide LLWNGPMAV, weight CDR3a
2024-11-14 08:32:24,063 - INFO - Processing rows 725 to 750 for swaps, peptide LLWNGPMAV, weight CDR3a
2024-11-14 08:32:29,970 - INFO - Processing rows 750 to 775 for swaps, peptide LLWNGPMAV, weight CDR3a
2024-11-14 08:32:35,936 - INFO - Processing rows 775 to 800 for swaps, peptide LLWNGPMAV, weight CDR3a
2024-11-14 08:32:41,943 - INFO - Processing rows 800 to 825 for swaps, peptide LLWNGPMAV, weight CDR3a
2024-11-14 08:32:48,139 - INFO - Processing rows 825 to 850 for swaps, peptide LLWNGPMAV, weight CDR3a
2024-11-14 08:32:53,272 - INFO - Processing rows 850 to 875 for swaps, peptide LLWNGPMAV, weight CDR3a
2024-11-14 08:32:58,702 - INFO - Processing rows 875 to 900 for swaps, peptide LLWNGPMAV, weight CDR3a
2024-11-14 08:33:04,335 - INFO - Processing rows 900 to 925 for swaps, peptide LLWNGPMAV, weight CDR3a
2024-11-14 08:33:09,414 - INFO - Processing rows 925 to 950 for swaps, peptide LLWNGPMAV, weight CDR3a
2024-11-14 08:33:15,703 - INFO - Processing rows 950 to 975 for swaps, peptide LLWNGPMAV, weight CDR3a
2024-11-14 08:33:21,325 - INFO - Processing rows 975 to 1000 for swaps, peptide LLWNGPMAV, weight CDR3a
2024-11-14 08:33:29,160 - INFO - Processing rows 1000 to 1025 for swaps, peptide LLWNGPMAV, weight CDR3a
2024-11-14 08:33:34,936 - INFO - Processing rows 1025 to 1050 for swaps, peptide LLWNGPMAV, weight CDR3a
2024-11-14 08:33:40,548 - INFO - Processing rows 1050 to 1075 for swaps, peptide LLWNGPMAV, weight CDR3a
2024-11-14 08:33:46,877 - INFO - Processing rows 1075 to 1100 for swaps, peptide LLWNGPMAV, weight CDR3a
2024-11-14 08:33:52,937 - INFO - Processing rows 1100 to 1125 for swaps, peptide LLWNGPMAV, weight CDR3a
2024-11-14 08:33:59,229 - INFO - Processing rows 1125 to 1150 for swaps, peptide LLWNGPMAV, weight CDR3a
2024-11-14 08:34:04,461 - INFO - Processing rows 1150 to 1175 for swaps, peptide LLWNGPMAV, weight CDR3a
2024-11-14 08:34:09,949 - INFO - Processing rows 1175 to 1200 for swaps, peptide LLWNGPMAV, weight CDR3a
2024-11-14 08:34:15,796 - INFO - Processing rows 1200 to 1225 for swaps, peptide LLWNGPMAV, weight CDR3a
2024-11-14 08:34:21,597 - INFO - Processing rows 1225 to 1250 for swaps, peptide LLWNGPMAV, weight CDR3a
2024-11-14 08:34:27,693 - INFO - Processing rows 1250 to 1275 for swaps, peptide LLWNGPMAV, weight CDR3a
2024-11-14 08:34:34,797 - INFO - Processing rows 1275 to 1300 for swaps, peptide LLWNGPMAV, weight CDR3a
2024-11-14 08:34:44,661 - INFO - Processing rows 1300 to 1325 for swaps, peptide LLWNGPMAV, weight CDR3a
2024-11-14 08:34:52,901 - INFO - Processing rows 1325 to 1350 for swaps, peptide LLWNGPMAV, weight CDR3a
2024-11-14 08:34:58,666 - INFO - Processing rows 1350 to 1375 for swaps, peptide LLWNGPMAV, weight CDR3a
2024-11-14 08:35:03,804 - INFO - Processing rows 1375 to 1400 for swaps, peptide LLWNGPMAV, weight CDR3a
2024-11-14 08:35:10,552 - INFO - Processing rows 1400 to 1425 for swaps, peptide LLWNGPMAV, weight CDR3a
2024-11-14 08:35:16,637 - INFO - Processing rows 1425 to 1450 for swaps, peptide LLWNGPMAV, weight CDR3a
2024-11-14 08:35:22,626 - INFO - Processing rows 1450 to 1475 for swaps, peptide LLWNGPMAV, weight CDR3a
2024-11-14 08:35:29,249 - INFO - Processing rows 1475 to 1500 for swaps, peptide LLWNGPMAV, weight CDR3a
2024-11-14 08:35:36,954 - INFO - Processing rows 1500 to 1525 for swaps, peptide LLWNGPMAV, weight CDR3a
2024-11-14 08:35:43,003 - INFO - Processing rows 1525 to 1550 for swaps, peptide LLWNGPMAV, weight CDR3a
2024-11-14 08:35:49,680 - INFO - Processing rows 1550 to 1575 for swaps, peptide LLWNGPMAV, weight CDR3a
2024-11-14 08:35:55,403 - INFO - Processing rows 1575 to 1600 for swaps, peptide LLWNGPMAV, weight CDR3a
2024-11-14 08:36:01,537 - INFO - Processing rows 1600 to 1625 for swaps, peptide LLWNGPMAV, weight CDR3a
2024-11-14 08:36:07,533 - INFO - Processing rows 1625 to 1650 for swaps, peptide LLWNGPMAV, weight CDR3a
2024-11-14 08:36:14,959 - INFO - Processing rows 1650 to 1675 for swaps, peptide LLWNGPMAV, weight CDR3a
2024-11-14 08:36:21,613 - INFO - Processing rows 1675 to 1700 for swaps, peptide LLWNGPMAV, weight CDR3a
2024-11-14 08:36:27,477 - INFO - Processing rows 1700 to 1725 for swaps, peptide LLWNGPMAV, weight CDR3a
2024-11-14 08:36:34,000 - INFO - Processing rows 1725 to 1750 for swaps, peptide LLWNGPMAV, weight CDR3a
2024-11-14 08:36:39,774 - INFO - Processing rows 1750 to 1775 for swaps, peptide LLWNGPMAV, weight CDR3a
2024-11-14 08:36:45,441 - INFO - Processing rows 1775 to 1800 for swaps, peptide LLWNGPMAV, weight CDR3a
2024-11-14 08:36:51,150 - INFO - Processing rows 1800 to 1825 for swaps, peptide LLWNGPMAV, weight CDR3a
2024-11-14 08:36:57,380 - INFO - Processing rows 1825 to 1850 for swaps, peptide LLWNGPMAV, weight CDR3a
2024-11-14 08:37:04,266 - INFO - Processing rows 1850 to 1875 for swaps, peptide LLWNGPMAV, weight CDR3a
2024-11-14 08:37:09,859 - INFO - Processing rows 1875 to 1900 for swaps, peptide LLWNGPMAV, weight CDR3a
2024-11-14 08:37:14,888 - INFO - Processing rows 1900 to 1925 for swaps, peptide LLWNGPMAV, weight CDR3a
2024-11-14 08:37:20,981 - INFO - Processing rows 1925 to 1950 for swaps, peptide LLWNGPMAV, weight CDR3a
2024-11-14 08:37:27,399 - INFO - Processing rows 1950 to 1975 for swaps, peptide LLWNGPMAV, weight CDR3a
2024-11-14 08:37:32,877 - INFO - Processing rows 1975 to 2000 for swaps, peptide LLWNGPMAV, weight CDR3a
2024-11-14 08:37:38,560 - INFO - Processing rows 2000 to 2025 for swaps, peptide LLWNGPMAV, weight CDR3a
2024-11-14 08:37:47,123 - INFO - Processing rows 2025 to 2050 for swaps, peptide LLWNGPMAV, weight CDR3a
2024-11-14 08:37:58,313 - INFO - Processing rows 2050 to 2075 for swaps, peptide LLWNGPMAV, weight CDR3a
2024-11-14 08:38:10,455 - INFO - Processing rows 2075 to 2100 for swaps, peptide LLWNGPMAV, weight CDR3a
2024-11-14 08:38:20,798 - INFO - Processing rows 2100 to 2125 for swaps, peptide LLWNGPMAV, weight CDR3a
2024-11-14 08:38:31,766 - INFO - Processing rows 2125 to 2150 for swaps, peptide LLWNGPMAV, weight CDR3a
2024-11-14 08:38:41,938 - INFO - Processing rows 2150 to 2175 for swaps, peptide LLWNGPMAV, weight CDR3a
2024-11-14 08:38:49,474 - INFO - Processing rows 2175 to 2200 for swaps, peptide LLWNGPMAV, weight CDR3a
2024-11-14 08:38:55,511 - INFO - Processing rows 2200 to 2225 for swaps, peptide LLWNGPMAV, weight CDR3a
2024-11-14 08:39:00,907 - INFO - Processing rows 2225 to 2226 for swaps, peptide LLWNGPMAV, weight CDR3a
2024-11-14 08:39:01,456 - INFO - ESM finished.. Saving file...
2024-11-14 08:43:16,065 - INFO - Saved to /net/mimer/mnt/tank/projects2/emison/language_model/27th_Oct_new_matrices/04.11_new_esm/12.11/sequence_summed_vectors_swaps_LLWNGPMAV_CDR3a.csv
