2024-11-14 08:26:19,054 - INFO - Loading and filtering dataset for peptide LLWNGPMAV
2024-11-14 08:26:19,515 - INFO - Processing dataset for peptide LLWNGPMAV with weight CDR1b
2024-11-14 08:26:19,518 - INFO - Processing rows 0 to 25 for swaps, peptide LLWNGPMAV, weight CDR1b
2024-11-14 08:26:34,580 - INFO - Processing rows 25 to 50 for swaps, peptide LLWNGPMAV, weight CDR1b
2024-11-14 08:26:49,859 - INFO - Processing rows 50 to 75 for swaps, peptide LLWNGPMAV, weight CDR1b
2024-11-14 08:27:04,956 - INFO - Processing rows 75 to 100 for swaps, peptide LLWNGPMAV, weight CDR1b
2024-11-14 08:27:20,014 - INFO - Processing rows 100 to 125 for swaps, peptide LLWNGPMAV, weight CDR1b
2024-11-14 08:27:34,883 - INFO - Processing rows 125 to 150 for swaps, peptide LLWNGPMAV, weight CDR1b
2024-11-14 08:27:49,715 - INFO - Processing rows 150 to 175 for swaps, peptide LLWNGPMAV, weight CDR1b
2024-11-14 08:28:02,864 - INFO - Processing rows 175 to 200 for swaps, peptide LLWNGPMAV, weight CDR1b
2024-11-14 08:28:17,689 - INFO - Processing rows 200 to 225 for swaps, peptide LLWNGPMAV, weight CDR1b
2024-11-14 08:28:32,595 - INFO - Processing rows 225 to 250 for swaps, peptide LLWNGPMAV, weight CDR1b
2024-11-14 08:28:47,668 - INFO - Processing rows 250 to 275 for swaps, peptide LLWNGPMAV, weight CDR1b
2024-11-14 08:29:02,673 - INFO - Processing rows 275 to 300 for swaps, peptide LLWNGPMAV, weight CDR1b
2024-11-14 08:29:17,755 - INFO - Processing rows 300 to 325 for swaps, peptide LLWNGPMAV, weight CDR1b
2024-11-14 08:29:31,166 - INFO - Processing rows 325 to 350 for swaps, peptide LLWNGPMAV, weight CDR1b
2024-11-14 08:29:46,176 - INFO - Processing rows 350 to 375 for swaps, peptide LLWNGPMAV, weight CDR1b
2024-11-14 08:30:01,183 - INFO - Processing rows 375 to 400 for swaps, peptide LLWNGPMAV, weight CDR1b
2024-11-14 08:30:14,528 - INFO - Processing rows 400 to 425 for swaps, peptide LLWNGPMAV, weight CDR1b
2024-11-14 08:30:29,574 - INFO - Processing rows 425 to 450 for swaps, peptide LLWNGPMAV, weight CDR1b
2024-11-14 08:30:44,607 - INFO - Processing rows 450 to 475 for swaps, peptide LLWNGPMAV, weight CDR1b
2024-11-14 08:30:59,586 - INFO - Processing rows 475 to 500 for swaps, peptide LLWNGPMAV, weight CDR1b
2024-11-14 08:31:14,560 - INFO - Processing rows 500 to 525 for swaps, peptide LLWNGPMAV, weight CDR1b
2024-11-14 08:31:27,894 - INFO - Processing rows 525 to 550 for swaps, peptide LLWNGPMAV, weight CDR1b
2024-11-14 08:31:42,975 - INFO - Processing rows 550 to 575 for swaps, peptide LLWNGPMAV, weight CDR1b
2024-11-14 08:31:57,968 - INFO - Processing rows 575 to 600 for swaps, peptide LLWNGPMAV, weight CDR1b
2024-11-14 08:32:11,313 - INFO - Processing rows 600 to 625 for swaps, peptide LLWNGPMAV, weight CDR1b
2024-11-14 08:32:26,318 - INFO - Processing rows 625 to 650 for swaps, peptide LLWNGPMAV, weight CDR1b
2024-11-14 08:32:41,312 - INFO - Processing rows 650 to 675 for swaps, peptide LLWNGPMAV, weight CDR1b
2024-11-14 08:32:56,156 - INFO - Processing rows 675 to 700 for swaps, peptide LLWNGPMAV, weight CDR1b
2024-11-14 08:33:10,954 - INFO - Processing rows 700 to 725 for swaps, peptide LLWNGPMAV, weight CDR1b
2024-11-14 08:33:25,768 - INFO - Processing rows 725 to 750 for swaps, peptide LLWNGPMAV, weight CDR1b
2024-11-14 08:33:40,585 - INFO - Processing rows 750 to 775 for swaps, peptide LLWNGPMAV, weight CDR1b
2024-11-14 08:33:53,774 - INFO - Processing rows 775 to 800 for swaps, peptide LLWNGPMAV, weight CDR1b
2024-11-14 08:34:08,618 - INFO - Processing rows 800 to 825 for swaps, peptide LLWNGPMAV, weight CDR1b
2024-11-14 08:34:21,794 - INFO - Processing rows 825 to 850 for swaps, peptide LLWNGPMAV, weight CDR1b
2024-11-14 08:34:36,770 - INFO - Processing rows 850 to 875 for swaps, peptide LLWNGPMAV, weight CDR1b
2024-11-14 08:34:51,775 - INFO - Processing rows 875 to 900 for swaps, peptide LLWNGPMAV, weight CDR1b
2024-11-14 08:35:06,791 - INFO - Processing rows 900 to 925 for swaps, peptide LLWNGPMAV, weight CDR1b
2024-11-14 08:35:21,798 - INFO - Processing rows 925 to 950 for swaps, peptide LLWNGPMAV, weight CDR1b
2024-11-14 08:35:36,804 - INFO - Processing rows 950 to 975 for swaps, peptide LLWNGPMAV, weight CDR1b
2024-11-14 08:35:51,806 - INFO - Processing rows 975 to 1000 for swaps, peptide LLWNGPMAV, weight CDR1b
2024-11-14 08:36:06,825 - INFO - Processing rows 1000 to 1025 for swaps, peptide LLWNGPMAV, weight CDR1b
2024-11-14 08:36:21,869 - INFO - Processing rows 1025 to 1050 for swaps, peptide LLWNGPMAV, weight CDR1b
2024-11-14 08:36:36,864 - INFO - Processing rows 1050 to 1075 for swaps, peptide LLWNGPMAV, weight CDR1b
2024-11-14 08:36:51,686 - INFO - Processing rows 1075 to 1100 for swaps, peptide LLWNGPMAV, weight CDR1b
2024-11-14 08:37:06,506 - INFO - Processing rows 1100 to 1125 for swaps, peptide LLWNGPMAV, weight CDR1b
2024-11-14 08:37:21,307 - INFO - Processing rows 1125 to 1150 for swaps, peptide LLWNGPMAV, weight CDR1b
2024-11-14 08:37:36,102 - INFO - Processing rows 1150 to 1175 for swaps, peptide LLWNGPMAV, weight CDR1b
2024-11-14 08:37:50,927 - INFO - Processing rows 1175 to 1200 for swaps, peptide LLWNGPMAV, weight CDR1b
2024-11-14 08:38:05,732 - INFO - Processing rows 1200 to 1225 for swaps, peptide LLWNGPMAV, weight CDR1b
2024-11-14 08:38:20,551 - INFO - Processing rows 1225 to 1250 for swaps, peptide LLWNGPMAV, weight CDR1b
2024-11-14 08:38:35,364 - INFO - Processing rows 1250 to 1275 for swaps, peptide LLWNGPMAV, weight CDR1b
2024-11-14 08:38:50,183 - INFO - Processing rows 1275 to 1300 for swaps, peptide LLWNGPMAV, weight CDR1b
2024-11-14 08:39:05,041 - INFO - Processing rows 1300 to 1325 for swaps, peptide LLWNGPMAV, weight CDR1b
2024-11-14 08:39:20,049 - INFO - Processing rows 1325 to 1350 for swaps, peptide LLWNGPMAV, weight CDR1b
2024-11-14 08:39:35,040 - INFO - Processing rows 1350 to 1375 for swaps, peptide LLWNGPMAV, weight CDR1b
2024-11-14 08:39:50,080 - INFO - Processing rows 1375 to 1400 for swaps, peptide LLWNGPMAV, weight CDR1b
2024-11-14 08:40:05,097 - INFO - Processing rows 1400 to 1425 for swaps, peptide LLWNGPMAV, weight CDR1b
2024-11-14 08:40:20,080 - INFO - Processing rows 1425 to 1450 for swaps, peptide LLWNGPMAV, weight CDR1b
2024-11-14 08:40:33,439 - INFO - Processing rows 1450 to 1475 for swaps, peptide LLWNGPMAV, weight CDR1b
2024-11-14 08:40:48,441 - INFO - Processing rows 1475 to 1500 for swaps, peptide LLWNGPMAV, weight CDR1b
2024-11-14 08:41:03,476 - INFO - Processing rows 1500 to 1525 for swaps, peptide LLWNGPMAV, weight CDR1b
2024-11-14 08:41:16,864 - INFO - Processing rows 1525 to 1550 for swaps, peptide LLWNGPMAV, weight CDR1b
2024-11-14 08:41:30,233 - INFO - Processing rows 1550 to 1575 for swaps, peptide LLWNGPMAV, weight CDR1b
2024-11-14 08:41:45,235 - INFO - Processing rows 1575 to 1600 for swaps, peptide LLWNGPMAV, weight CDR1b
2024-11-14 08:42:00,243 - INFO - Processing rows 1600 to 1625 for swaps, peptide LLWNGPMAV, weight CDR1b
2024-11-14 08:42:15,224 - INFO - Processing rows 1625 to 1650 for swaps, peptide LLWNGPMAV, weight CDR1b
2024-11-14 08:42:30,119 - INFO - Processing rows 1650 to 1675 for swaps, peptide LLWNGPMAV, weight CDR1b
2024-11-14 08:42:44,924 - INFO - Processing rows 1675 to 1700 for swaps, peptide LLWNGPMAV, weight CDR1b
2024-11-14 08:42:59,739 - INFO - Processing rows 1700 to 1725 for swaps, peptide LLWNGPMAV, weight CDR1b
2024-11-14 08:43:14,542 - INFO - Processing rows 1725 to 1750 for swaps, peptide LLWNGPMAV, weight CDR1b
2024-11-14 08:43:29,360 - INFO - Processing rows 1750 to 1775 for swaps, peptide LLWNGPMAV, weight CDR1b
2024-11-14 08:43:44,165 - INFO - Processing rows 1775 to 1800 for swaps, peptide LLWNGPMAV, weight CDR1b
2024-11-14 08:43:59,022 - INFO - Processing rows 1800 to 1825 for swaps, peptide LLWNGPMAV, weight CDR1b
2024-11-14 08:44:13,933 - INFO - Processing rows 1825 to 1850 for swaps, peptide LLWNGPMAV, weight CDR1b
2024-11-14 08:44:28,927 - INFO - Processing rows 1850 to 1875 for swaps, peptide LLWNGPMAV, weight CDR1b
2024-11-14 08:44:43,987 - INFO - Processing rows 1875 to 1900 for swaps, peptide LLWNGPMAV, weight CDR1b
2024-11-14 08:44:58,994 - INFO - Processing rows 1900 to 1925 for swaps, peptide LLWNGPMAV, weight CDR1b
2024-11-14 08:45:14,049 - INFO - Processing rows 1925 to 1950 for swaps, peptide LLWNGPMAV, weight CDR1b
2024-11-14 08:45:29,050 - INFO - Processing rows 1950 to 1975 for swaps, peptide LLWNGPMAV, weight CDR1b
2024-11-14 08:45:44,045 - INFO - Processing rows 1975 to 2000 for swaps, peptide LLWNGPMAV, weight CDR1b
2024-11-14 08:45:59,120 - INFO - Processing rows 2000 to 2025 for swaps, peptide LLWNGPMAV, weight CDR1b
2024-11-14 08:46:14,034 - INFO - Processing rows 2025 to 2050 for swaps, peptide LLWNGPMAV, weight CDR1b
2024-11-14 08:46:28,853 - INFO - Processing rows 2050 to 2075 for swaps, peptide LLWNGPMAV, weight CDR1b
2024-11-14 08:46:43,658 - INFO - Processing rows 2075 to 2100 for swaps, peptide LLWNGPMAV, weight CDR1b
2024-11-14 08:46:56,839 - INFO - Processing rows 2100 to 2125 for swaps, peptide LLWNGPMAV, weight CDR1b
2024-11-14 08:47:11,664 - INFO - Processing rows 2125 to 2150 for swaps, peptide LLWNGPMAV, weight CDR1b
2024-11-14 08:47:26,485 - INFO - Processing rows 2150 to 2175 for swaps, peptide LLWNGPMAV, weight CDR1b
2024-11-14 08:47:41,294 - INFO - Processing rows 2175 to 2200 for swaps, peptide LLWNGPMAV, weight CDR1b
2024-11-14 08:47:54,470 - INFO - Processing rows 2200 to 2225 for swaps, peptide LLWNGPMAV, weight CDR1b
2024-11-14 08:48:09,302 - INFO - Processing rows 2225 to 2226 for swaps, peptide LLWNGPMAV, weight CDR1b
2024-11-14 08:48:10,827 - INFO - ESM finished.. Saving file...
2024-11-14 09:05:48,975 - INFO - Saved to /net/mimer/mnt/tank/projects2/emison/language_model/27th_Oct_new_matrices/04.11_new_esm/12.11/sequence_summed_vectors_swaps_LLWNGPMAV_CDR1b.csv
