2024-11-14 08:29:47,055 - INFO - Loading and filtering dataset for peptide LLWNGPMAV
2024-11-14 08:29:47,473 - INFO - Processing dataset for peptide LLWNGPMAV with weight TCRa
2024-11-14 08:29:47,476 - INFO - Processing rows 0 to 25 for swaps, peptide LLWNGPMAV, weight TCRa
2024-11-14 08:39:01,529 - INFO - Processing rows 25 to 50 for swaps, peptide LLWNGPMAV, weight TCRa
2024-11-14 08:48:16,860 - INFO - Processing rows 50 to 75 for swaps, peptide LLWNGPMAV, weight TCRa
2024-11-14 08:57:11,190 - INFO - Processing rows 75 to 100 for swaps, peptide LLWNGPMAV, weight TCRa
2024-11-14 09:05:58,685 - INFO - Processing rows 100 to 125 for swaps, peptide LLWNGPMAV, weight TCRa
2024-11-14 09:14:45,539 - INFO - Processing rows 125 to 150 for swaps, peptide LLWNGPMAV, weight TCRa
2024-11-14 09:23:24,586 - INFO - Processing rows 150 to 175 for swaps, peptide LLWNGPMAV, weight TCRa
2024-11-14 09:32:11,483 - INFO - Processing rows 175 to 200 for swaps, peptide LLWNGPMAV, weight TCRa
2024-11-14 09:40:58,850 - INFO - Processing rows 200 to 225 for swaps, peptide LLWNGPMAV, weight TCRa
2024-11-14 09:49:55,833 - INFO - Processing rows 225 to 250 for swaps, peptide LLWNGPMAV, weight TCRa
2024-11-14 09:58:43,415 - INFO - Processing rows 250 to 275 for swaps, peptide LLWNGPMAV, weight TCRa
2024-11-14 10:07:18,134 - INFO - Processing rows 275 to 300 for swaps, peptide LLWNGPMAV, weight TCRa
2024-11-14 10:16:01,844 - INFO - Processing rows 300 to 325 for swaps, peptide LLWNGPMAV, weight TCRa
2024-11-14 10:24:43,773 - INFO - Processing rows 325 to 350 for swaps, peptide LLWNGPMAV, weight TCRa
2024-11-14 10:33:48,116 - INFO - Processing rows 350 to 375 for swaps, peptide LLWNGPMAV, weight TCRa
2024-11-14 10:42:36,738 - INFO - Processing rows 375 to 400 for swaps, peptide LLWNGPMAV, weight TCRa
2024-11-14 10:51:22,050 - INFO - Processing rows 400 to 425 for swaps, peptide LLWNGPMAV, weight TCRa
2024-11-14 11:00:02,151 - INFO - Processing rows 425 to 450 for swaps, peptide LLWNGPMAV, weight TCRa
2024-11-14 11:08:44,882 - INFO - Processing rows 450 to 475 for swaps, peptide LLWNGPMAV, weight TCRa
2024-11-14 11:17:27,552 - INFO - Processing rows 475 to 500 for swaps, peptide LLWNGPMAV, weight TCRa
2024-11-14 11:26:13,074 - INFO - Processing rows 500 to 525 for swaps, peptide LLWNGPMAV, weight TCRa
2024-11-14 11:34:56,284 - INFO - Processing rows 525 to 550 for swaps, peptide LLWNGPMAV, weight TCRa
2024-11-14 11:43:54,830 - INFO - Processing rows 550 to 575 for swaps, peptide LLWNGPMAV, weight TCRa
2024-11-14 11:52:44,908 - INFO - Processing rows 575 to 600 for swaps, peptide LLWNGPMAV, weight TCRa
2024-11-14 12:01:18,953 - INFO - Processing rows 600 to 625 for swaps, peptide LLWNGPMAV, weight TCRa
2024-11-14 12:09:52,841 - INFO - Processing rows 625 to 650 for swaps, peptide LLWNGPMAV, weight TCRa
2024-11-14 12:18:31,127 - INFO - Processing rows 650 to 675 for swaps, peptide LLWNGPMAV, weight TCRa
2024-11-14 12:27:31,755 - INFO - Processing rows 675 to 700 for swaps, peptide LLWNGPMAV, weight TCRa
2024-11-14 12:36:07,657 - INFO - Processing rows 700 to 725 for swaps, peptide LLWNGPMAV, weight TCRa
2024-11-14 12:44:50,035 - INFO - Processing rows 725 to 750 for swaps, peptide LLWNGPMAV, weight TCRa
2024-11-14 12:53:26,584 - INFO - Processing rows 750 to 775 for swaps, peptide LLWNGPMAV, weight TCRa
2024-11-14 13:02:00,530 - INFO - Processing rows 775 to 800 for swaps, peptide LLWNGPMAV, weight TCRa
2024-11-14 13:10:40,587 - INFO - Processing rows 800 to 825 for swaps, peptide LLWNGPMAV, weight TCRa
2024-11-14 13:19:22,455 - INFO - Processing rows 825 to 850 for swaps, peptide LLWNGPMAV, weight TCRa
2024-11-14 13:27:53,646 - INFO - Processing rows 850 to 875 for swaps, peptide LLWNGPMAV, weight TCRa
2024-11-14 13:36:26,739 - INFO - Processing rows 875 to 900 for swaps, peptide LLWNGPMAV, weight TCRa
2024-11-14 13:45:11,197 - INFO - Processing rows 900 to 925 for swaps, peptide LLWNGPMAV, weight TCRa
2024-11-14 13:53:44,819 - INFO - Processing rows 925 to 950 for swaps, peptide LLWNGPMAV, weight TCRa
2024-11-14 14:02:30,018 - INFO - Processing rows 950 to 975 for swaps, peptide LLWNGPMAV, weight TCRa
2024-11-14 14:11:08,724 - INFO - Processing rows 975 to 1000 for swaps, peptide LLWNGPMAV, weight TCRa
2024-11-14 14:19:51,390 - INFO - Processing rows 1000 to 1025 for swaps, peptide LLWNGPMAV, weight TCRa
2024-11-14 14:28:24,277 - INFO - Processing rows 1025 to 1050 for swaps, peptide LLWNGPMAV, weight TCRa
2024-11-14 14:37:02,795 - INFO - Processing rows 1050 to 1075 for swaps, peptide LLWNGPMAV, weight TCRa
2024-11-14 14:45:45,141 - INFO - Processing rows 1075 to 1100 for swaps, peptide LLWNGPMAV, weight TCRa
2024-11-14 14:54:25,377 - INFO - Processing rows 1100 to 1125 for swaps, peptide LLWNGPMAV, weight TCRa
2024-11-14 15:03:02,392 - INFO - Processing rows 1125 to 1150 for swaps, peptide LLWNGPMAV, weight TCRa
2024-11-14 15:11:45,479 - INFO - Processing rows 1150 to 1175 for swaps, peptide LLWNGPMAV, weight TCRa
2024-11-14 15:20:25,028 - INFO - Processing rows 1175 to 1200 for swaps, peptide LLWNGPMAV, weight TCRa
2024-11-14 15:28:56,299 - INFO - Processing rows 1200 to 1225 for swaps, peptide LLWNGPMAV, weight TCRa
2024-11-14 15:37:39,375 - INFO - Processing rows 1225 to 1250 for swaps, peptide LLWNGPMAV, weight TCRa
2024-11-14 15:46:22,192 - INFO - Processing rows 1250 to 1275 for swaps, peptide LLWNGPMAV, weight TCRa
2024-11-14 15:55:02,740 - INFO - Processing rows 1275 to 1300 for swaps, peptide LLWNGPMAV, weight TCRa
2024-11-14 16:03:43,400 - INFO - Processing rows 1300 to 1325 for swaps, peptide LLWNGPMAV, weight TCRa
2024-11-14 16:12:28,309 - INFO - Processing rows 1325 to 1350 for swaps, peptide LLWNGPMAV, weight TCRa
2024-11-14 16:21:06,257 - INFO - Processing rows 1350 to 1375 for swaps, peptide LLWNGPMAV, weight TCRa
2024-11-14 16:29:41,564 - INFO - Processing rows 1375 to 1400 for swaps, peptide LLWNGPMAV, weight TCRa
2024-11-14 16:38:15,011 - INFO - Processing rows 1400 to 1425 for swaps, peptide LLWNGPMAV, weight TCRa
2024-11-14 16:46:54,998 - INFO - Processing rows 1425 to 1450 for swaps, peptide LLWNGPMAV, weight TCRa
2024-11-14 16:55:38,281 - INFO - Processing rows 1450 to 1475 for swaps, peptide LLWNGPMAV, weight TCRa
2024-11-14 17:04:12,570 - INFO - Processing rows 1475 to 1500 for swaps, peptide LLWNGPMAV, weight TCRa
2024-11-14 17:13:11,263 - INFO - Processing rows 1500 to 1525 for swaps, peptide LLWNGPMAV, weight TCRa
2024-11-14 17:21:45,388 - INFO - Processing rows 1525 to 1550 for swaps, peptide LLWNGPMAV, weight TCRa
2024-11-14 17:30:31,179 - INFO - Processing rows 1550 to 1575 for swaps, peptide LLWNGPMAV, weight TCRa
2024-11-14 17:39:10,932 - INFO - Processing rows 1575 to 1600 for swaps, peptide LLWNGPMAV, weight TCRa
2024-11-14 17:47:54,175 - INFO - Processing rows 1600 to 1625 for swaps, peptide LLWNGPMAV, weight TCRa
2024-11-14 17:56:31,144 - INFO - Processing rows 1625 to 1650 for swaps, peptide LLWNGPMAV, weight TCRa
2024-11-14 18:05:30,893 - INFO - Processing rows 1650 to 1675 for swaps, peptide LLWNGPMAV, weight TCRa
2024-11-14 18:14:03,606 - INFO - Processing rows 1675 to 1700 for swaps, peptide LLWNGPMAV, weight TCRa
2024-11-14 18:22:47,870 - INFO - Processing rows 1700 to 1725 for swaps, peptide LLWNGPMAV, weight TCRa
2024-11-14 18:31:28,568 - INFO - Processing rows 1725 to 1750 for swaps, peptide LLWNGPMAV, weight TCRa
2024-11-14 18:40:05,362 - INFO - Processing rows 1750 to 1775 for swaps, peptide LLWNGPMAV, weight TCRa
2024-11-14 18:48:48,226 - INFO - Processing rows 1775 to 1800 for swaps, peptide LLWNGPMAV, weight TCRa
2024-11-14 18:57:21,320 - INFO - Processing rows 1800 to 1825 for swaps, peptide LLWNGPMAV, weight TCRa
2024-11-14 19:06:05,347 - INFO - Processing rows 1825 to 1850 for swaps, peptide LLWNGPMAV, weight TCRa
2024-11-14 19:14:47,651 - INFO - Processing rows 1850 to 1875 for swaps, peptide LLWNGPMAV, weight TCRa
2024-11-14 19:23:10,816 - INFO - Processing rows 1875 to 1900 for swaps, peptide LLWNGPMAV, weight TCRa
2024-11-14 19:31:39,529 - INFO - Processing rows 1900 to 1925 for swaps, peptide LLWNGPMAV, weight TCRa
2024-11-14 19:40:21,068 - INFO - Processing rows 1925 to 1950 for swaps, peptide LLWNGPMAV, weight TCRa
2024-11-14 19:49:07,207 - INFO - Processing rows 1950 to 1975 for swaps, peptide LLWNGPMAV, weight TCRa
2024-11-14 19:57:51,213 - INFO - Processing rows 1975 to 2000 for swaps, peptide LLWNGPMAV, weight TCRa
2024-11-14 20:06:30,936 - INFO - Processing rows 2000 to 2025 for swaps, peptide LLWNGPMAV, weight TCRa
2024-11-14 20:15:13,980 - INFO - Processing rows 2025 to 2050 for swaps, peptide LLWNGPMAV, weight TCRa
2024-11-14 20:23:57,835 - INFO - Processing rows 2050 to 2075 for swaps, peptide LLWNGPMAV, weight TCRa
2024-11-14 20:32:38,148 - INFO - Processing rows 2075 to 2100 for swaps, peptide LLWNGPMAV, weight TCRa
2024-11-14 20:41:13,117 - INFO - Processing rows 2100 to 2125 for swaps, peptide LLWNGPMAV, weight TCRa
2024-11-14 20:49:49,952 - INFO - Processing rows 2125 to 2150 for swaps, peptide LLWNGPMAV, weight TCRa
2024-11-14 20:58:26,714 - INFO - Processing rows 2150 to 2175 for swaps, peptide LLWNGPMAV, weight TCRa
2024-11-14 21:07:02,276 - INFO - Processing rows 2175 to 2200 for swaps, peptide LLWNGPMAV, weight TCRa
2024-11-14 21:15:41,746 - INFO - Processing rows 2200 to 2225 for swaps, peptide LLWNGPMAV, weight TCRa
2024-11-14 21:24:13,317 - INFO - Processing rows 2225 to 2226 for swaps, peptide LLWNGPMAV, weight TCRa
2024-11-14 21:24:32,620 - INFO - ESM finished.. Saving file...
2024-11-14 21:39:17,659 - INFO - Saved to /net/mimer/mnt/tank/projects2/emison/language_model/27th_Oct_new_matrices/04.11_new_esm/12.11/sequence_summed_vectors_swaps_LLWNGPMAV_TCRa.csv
