2024-11-14 08:07:41,308 - INFO - Loading and filtering dataset for peptide LLWNGPMAV
2024-11-14 08:07:41,546 - INFO - Processing dataset for peptide LLWNGPMAV with weight CDR1b
2024-11-14 08:07:41,548 - INFO - Processing rows 0 to 25 for swaps, peptide LLWNGPMAV, weight CDR1b
2024-11-14 08:07:43,622 - INFO - Processing rows 25 to 50 for swaps, peptide LLWNGPMAV, weight CDR1b
2024-11-14 08:07:45,686 - INFO - Processing rows 50 to 75 for swaps, peptide LLWNGPMAV, weight CDR1b
2024-11-14 08:07:47,755 - INFO - Processing rows 75 to 100 for swaps, peptide LLWNGPMAV, weight CDR1b
2024-11-14 08:07:49,864 - INFO - Processing rows 100 to 125 for swaps, peptide LLWNGPMAV, weight CDR1b
2024-11-14 08:07:51,632 - INFO - Processing rows 125 to 150 for swaps, peptide LLWNGPMAV, weight CDR1b
2024-11-14 08:07:53,312 - INFO - Processing rows 150 to 175 for swaps, peptide LLWNGPMAV, weight CDR1b
2024-11-14 08:07:54,833 - INFO - Processing rows 175 to 200 for swaps, peptide LLWNGPMAV, weight CDR1b
2024-11-14 08:07:56,511 - INFO - Processing rows 200 to 225 for swaps, peptide LLWNGPMAV, weight CDR1b
2024-11-14 08:07:58,187 - INFO - Processing rows 225 to 250 for swaps, peptide LLWNGPMAV, weight CDR1b
2024-11-14 08:07:59,868 - INFO - Processing rows 250 to 275 for swaps, peptide LLWNGPMAV, weight CDR1b
2024-11-14 08:08:01,569 - INFO - Processing rows 275 to 300 for swaps, peptide LLWNGPMAV, weight CDR1b
2024-11-14 08:08:03,257 - INFO - Processing rows 300 to 325 for swaps, peptide LLWNGPMAV, weight CDR1b
2024-11-14 08:08:04,756 - INFO - Processing rows 325 to 350 for swaps, peptide LLWNGPMAV, weight CDR1b
2024-11-14 08:08:06,421 - INFO - Processing rows 350 to 375 for swaps, peptide LLWNGPMAV, weight CDR1b
2024-11-14 08:08:08,093 - INFO - Processing rows 375 to 400 for swaps, peptide LLWNGPMAV, weight CDR1b
2024-11-14 08:08:09,568 - INFO - Processing rows 400 to 425 for swaps, peptide LLWNGPMAV, weight CDR1b
2024-11-14 08:08:11,317 - INFO - Processing rows 425 to 450 for swaps, peptide LLWNGPMAV, weight CDR1b
2024-11-14 08:08:12,933 - INFO - Processing rows 450 to 475 for swaps, peptide LLWNGPMAV, weight CDR1b
2024-11-14 08:08:14,560 - INFO - Processing rows 475 to 500 for swaps, peptide LLWNGPMAV, weight CDR1b
2024-11-14 08:08:16,183 - INFO - Processing rows 500 to 525 for swaps, peptide LLWNGPMAV, weight CDR1b
2024-11-14 08:08:17,688 - INFO - Processing rows 525 to 550 for swaps, peptide LLWNGPMAV, weight CDR1b
2024-11-14 08:08:19,300 - INFO - Processing rows 550 to 575 for swaps, peptide LLWNGPMAV, weight CDR1b
2024-11-14 08:08:20,892 - INFO - Processing rows 575 to 600 for swaps, peptide LLWNGPMAV, weight CDR1b
2024-11-14 08:08:22,373 - INFO - Processing rows 600 to 625 for swaps, peptide LLWNGPMAV, weight CDR1b
2024-11-14 08:08:23,972 - INFO - Processing rows 625 to 650 for swaps, peptide LLWNGPMAV, weight CDR1b
2024-11-14 08:08:25,599 - INFO - Processing rows 650 to 675 for swaps, peptide LLWNGPMAV, weight CDR1b
2024-11-14 08:08:27,182 - INFO - Processing rows 675 to 700 for swaps, peptide LLWNGPMAV, weight CDR1b
2024-11-14 08:08:28,817 - INFO - Processing rows 700 to 725 for swaps, peptide LLWNGPMAV, weight CDR1b
2024-11-14 08:08:30,400 - INFO - Processing rows 725 to 750 for swaps, peptide LLWNGPMAV, weight CDR1b
2024-11-14 08:08:32,057 - INFO - Processing rows 750 to 775 for swaps, peptide LLWNGPMAV, weight CDR1b
2024-11-14 08:08:33,488 - INFO - Processing rows 775 to 800 for swaps, peptide LLWNGPMAV, weight CDR1b
2024-11-14 08:08:35,087 - INFO - Processing rows 800 to 825 for swaps, peptide LLWNGPMAV, weight CDR1b
2024-11-14 08:08:36,567 - INFO - Processing rows 825 to 850 for swaps, peptide LLWNGPMAV, weight CDR1b
2024-11-14 08:08:38,152 - INFO - Processing rows 850 to 875 for swaps, peptide LLWNGPMAV, weight CDR1b
2024-11-14 08:08:39,782 - INFO - Processing rows 875 to 900 for swaps, peptide LLWNGPMAV, weight CDR1b
2024-11-14 08:08:41,359 - INFO - Processing rows 900 to 925 for swaps, peptide LLWNGPMAV, weight CDR1b
2024-11-14 08:08:42,947 - INFO - Processing rows 925 to 950 for swaps, peptide LLWNGPMAV, weight CDR1b
2024-11-14 08:08:44,529 - INFO - Processing rows 950 to 975 for swaps, peptide LLWNGPMAV, weight CDR1b
2024-11-14 08:08:46,134 - INFO - Processing rows 975 to 1000 for swaps, peptide LLWNGPMAV, weight CDR1b
2024-11-14 08:08:47,721 - INFO - Processing rows 1000 to 1025 for swaps, peptide LLWNGPMAV, weight CDR1b
2024-11-14 08:08:49,285 - INFO - Processing rows 1025 to 1050 for swaps, peptide LLWNGPMAV, weight CDR1b
2024-11-14 08:08:50,861 - INFO - Processing rows 1050 to 1075 for swaps, peptide LLWNGPMAV, weight CDR1b
2024-11-14 08:08:52,450 - INFO - Processing rows 1075 to 1100 for swaps, peptide LLWNGPMAV, weight CDR1b
2024-11-14 08:08:54,026 - INFO - Processing rows 1100 to 1125 for swaps, peptide LLWNGPMAV, weight CDR1b
2024-11-14 08:08:55,611 - INFO - Processing rows 1125 to 1150 for swaps, peptide LLWNGPMAV, weight CDR1b
2024-11-14 08:08:57,200 - INFO - Processing rows 1150 to 1175 for swaps, peptide LLWNGPMAV, weight CDR1b
2024-11-14 08:08:58,789 - INFO - Processing rows 1175 to 1200 for swaps, peptide LLWNGPMAV, weight CDR1b
2024-11-14 08:09:00,368 - INFO - Processing rows 1200 to 1225 for swaps, peptide LLWNGPMAV, weight CDR1b
2024-11-14 08:09:01,939 - INFO - Processing rows 1225 to 1250 for swaps, peptide LLWNGPMAV, weight CDR1b
2024-11-14 08:09:03,492 - INFO - Processing rows 1250 to 1275 for swaps, peptide LLWNGPMAV, weight CDR1b
2024-11-14 08:09:05,082 - INFO - Processing rows 1275 to 1300 for swaps, peptide LLWNGPMAV, weight CDR1b
2024-11-14 08:09:06,652 - INFO - Processing rows 1300 to 1325 for swaps, peptide LLWNGPMAV, weight CDR1b
2024-11-14 08:09:08,223 - INFO - Processing rows 1325 to 1350 for swaps, peptide LLWNGPMAV, weight CDR1b
2024-11-14 08:09:09,797 - INFO - Processing rows 1350 to 1375 for swaps, peptide LLWNGPMAV, weight CDR1b
2024-11-14 08:09:11,376 - INFO - Processing rows 1375 to 1400 for swaps, peptide LLWNGPMAV, weight CDR1b
2024-11-14 08:09:12,960 - INFO - Processing rows 1400 to 1425 for swaps, peptide LLWNGPMAV, weight CDR1b
2024-11-14 08:09:14,526 - INFO - Processing rows 1425 to 1450 for swaps, peptide LLWNGPMAV, weight CDR1b
2024-11-14 08:09:15,959 - INFO - Processing rows 1450 to 1475 for swaps, peptide LLWNGPMAV, weight CDR1b
2024-11-14 08:09:17,536 - INFO - Processing rows 1475 to 1500 for swaps, peptide LLWNGPMAV, weight CDR1b
2024-11-14 08:09:19,126 - INFO - Processing rows 1500 to 1525 for swaps, peptide LLWNGPMAV, weight CDR1b
2024-11-14 08:09:20,580 - INFO - Processing rows 1525 to 1550 for swaps, peptide LLWNGPMAV, weight CDR1b
2024-11-14 08:09:22,004 - INFO - Processing rows 1550 to 1575 for swaps, peptide LLWNGPMAV, weight CDR1b
2024-11-14 08:09:23,611 - INFO - Processing rows 1575 to 1600 for swaps, peptide LLWNGPMAV, weight CDR1b
2024-11-14 08:09:25,211 - INFO - Processing rows 1600 to 1625 for swaps, peptide LLWNGPMAV, weight CDR1b
2024-11-14 08:09:26,803 - INFO - Processing rows 1625 to 1650 for swaps, peptide LLWNGPMAV, weight CDR1b
2024-11-14 08:09:28,396 - INFO - Processing rows 1650 to 1675 for swaps, peptide LLWNGPMAV, weight CDR1b
2024-11-14 08:09:29,966 - INFO - Processing rows 1675 to 1700 for swaps, peptide LLWNGPMAV, weight CDR1b
2024-11-14 08:09:31,567 - INFO - Processing rows 1700 to 1725 for swaps, peptide LLWNGPMAV, weight CDR1b
2024-11-14 08:09:33,167 - INFO - Processing rows 1725 to 1750 for swaps, peptide LLWNGPMAV, weight CDR1b
2024-11-14 08:09:34,743 - INFO - Processing rows 1750 to 1775 for swaps, peptide LLWNGPMAV, weight CDR1b
2024-11-14 08:09:36,341 - INFO - Processing rows 1775 to 1800 for swaps, peptide LLWNGPMAV, weight CDR1b
2024-11-14 08:09:37,928 - INFO - Processing rows 1800 to 1825 for swaps, peptide LLWNGPMAV, weight CDR1b
2024-11-14 08:09:39,519 - INFO - Processing rows 1825 to 1850 for swaps, peptide LLWNGPMAV, weight CDR1b
2024-11-14 08:09:41,122 - INFO - Processing rows 1850 to 1875 for swaps, peptide LLWNGPMAV, weight CDR1b
2024-11-14 08:09:42,721 - INFO - Processing rows 1875 to 1900 for swaps, peptide LLWNGPMAV, weight CDR1b
2024-11-14 08:09:44,278 - INFO - Processing rows 1900 to 1925 for swaps, peptide LLWNGPMAV, weight CDR1b
2024-11-14 08:09:45,892 - INFO - Processing rows 1925 to 1950 for swaps, peptide LLWNGPMAV, weight CDR1b
2024-11-14 08:09:47,468 - INFO - Processing rows 1950 to 1975 for swaps, peptide LLWNGPMAV, weight CDR1b
2024-11-14 08:09:49,038 - INFO - Processing rows 1975 to 2000 for swaps, peptide LLWNGPMAV, weight CDR1b
2024-11-14 08:09:50,686 - INFO - Processing rows 2000 to 2025 for swaps, peptide LLWNGPMAV, weight CDR1b
2024-11-14 08:09:52,291 - INFO - Processing rows 2025 to 2050 for swaps, peptide LLWNGPMAV, weight CDR1b
2024-11-14 08:09:53,889 - INFO - Processing rows 2050 to 2075 for swaps, peptide LLWNGPMAV, weight CDR1b
2024-11-14 08:09:55,479 - INFO - Processing rows 2075 to 2100 for swaps, peptide LLWNGPMAV, weight CDR1b
2024-11-14 08:09:56,948 - INFO - Processing rows 2100 to 2125 for swaps, peptide LLWNGPMAV, weight CDR1b
2024-11-14 08:09:58,541 - INFO - Processing rows 2125 to 2150 for swaps, peptide LLWNGPMAV, weight CDR1b
2024-11-14 08:10:00,110 - INFO - Processing rows 2150 to 2175 for swaps, peptide LLWNGPMAV, weight CDR1b
2024-11-14 08:10:01,737 - INFO - Processing rows 2175 to 2200 for swaps, peptide LLWNGPMAV, weight CDR1b
2024-11-14 08:10:03,183 - INFO - Processing rows 2200 to 2225 for swaps, peptide LLWNGPMAV, weight CDR1b
2024-11-14 08:10:04,778 - INFO - Processing rows 2225 to 2226 for swaps, peptide LLWNGPMAV, weight CDR1b
Traceback (most recent call last):
  File "/net/mimer/mnt/tank/projects2/emison/language_model/27th_Oct_new_matrices/04.11_new_esm/12.11/run_esm_swaps.py", line 90, in <module>
    process_sequences(df_filtered, peptide, weight, "swaps")
  File "/net/mimer/mnt/tank/projects2/emison/language_model/27th_Oct_new_matrices/04.11_new_esm/12.11/run_esm_swaps.py", line 82, in process_sequences
    output_df.insert(0, "raw_index", raw_indexes)
  File "/home/projects2/emison/language_model/miniconda3/envs/esm2_emison/lib/python3.12/site-packages/pandas/core/frame.py", line 5171, in insert
    value, refs = self._sanitize_column(value)
                  ^^^^^^^^^^^^^^^^^^^^^^^^^^^^
  File "/home/projects2/emison/language_model/miniconda3/envs/esm2_emison/lib/python3.12/site-packages/pandas/core/frame.py", line 5266, in _sanitize_column
    com.require_length_match(value, self.index)
  File "/home/projects2/emison/language_model/miniconda3/envs/esm2_emison/lib/python3.12/site-packages/pandas/core/common.py", line 573, in require_length_match
    raise ValueError(
ValueError: Length of values (2226) does not match length of index (1)
