2024-11-14 08:28:46,221 - INFO - Loading and filtering dataset for peptide LLWNGPMAV
2024-11-14 08:28:46,599 - INFO - Processing dataset for peptide LLWNGPMAV with weight CDR2b
2024-11-14 08:28:46,602 - INFO - Processing rows 0 to 25 for swaps, peptide LLWNGPMAV, weight CDR2b
2024-11-14 08:29:00,528 - INFO - Processing rows 25 to 50 for swaps, peptide LLWNGPMAV, weight CDR2b
2024-11-14 08:29:14,571 - INFO - Processing rows 50 to 75 for swaps, peptide LLWNGPMAV, weight CDR2b
2024-11-14 08:29:28,488 - INFO - Processing rows 75 to 100 for swaps, peptide LLWNGPMAV, weight CDR2b
2024-11-14 08:29:42,693 - INFO - Processing rows 100 to 125 for swaps, peptide LLWNGPMAV, weight CDR2b
2024-11-14 08:29:57,369 - INFO - Processing rows 125 to 150 for swaps, peptide LLWNGPMAV, weight CDR2b
2024-11-14 08:30:11,879 - INFO - Processing rows 150 to 175 for swaps, peptide LLWNGPMAV, weight CDR2b
2024-11-14 08:30:26,791 - INFO - Processing rows 175 to 200 for swaps, peptide LLWNGPMAV, weight CDR2b
2024-11-14 08:30:41,620 - INFO - Processing rows 200 to 225 for swaps, peptide LLWNGPMAV, weight CDR2b
2024-11-14 08:30:56,416 - INFO - Processing rows 225 to 250 for swaps, peptide LLWNGPMAV, weight CDR2b
2024-11-14 08:31:11,281 - INFO - Processing rows 250 to 275 for swaps, peptide LLWNGPMAV, weight CDR2b
2024-11-14 08:31:26,038 - INFO - Processing rows 275 to 300 for swaps, peptide LLWNGPMAV, weight CDR2b
2024-11-14 08:31:40,841 - INFO - Processing rows 300 to 325 for swaps, peptide LLWNGPMAV, weight CDR2b
2024-11-14 08:31:55,595 - INFO - Processing rows 325 to 350 for swaps, peptide LLWNGPMAV, weight CDR2b
2024-11-14 08:32:10,275 - INFO - Processing rows 350 to 375 for swaps, peptide LLWNGPMAV, weight CDR2b
2024-11-14 08:32:24,888 - INFO - Processing rows 375 to 400 for swaps, peptide LLWNGPMAV, weight CDR2b
2024-11-14 08:32:39,472 - INFO - Processing rows 400 to 425 for swaps, peptide LLWNGPMAV, weight CDR2b
2024-11-14 08:32:54,103 - INFO - Processing rows 425 to 450 for swaps, peptide LLWNGPMAV, weight CDR2b
2024-11-14 08:33:08,751 - INFO - Processing rows 450 to 475 for swaps, peptide LLWNGPMAV, weight CDR2b
2024-11-14 08:33:23,469 - INFO - Processing rows 475 to 500 for swaps, peptide LLWNGPMAV, weight CDR2b
2024-11-14 08:33:38,253 - INFO - Processing rows 500 to 525 for swaps, peptide LLWNGPMAV, weight CDR2b
2024-11-14 08:33:53,074 - INFO - Processing rows 525 to 550 for swaps, peptide LLWNGPMAV, weight CDR2b
2024-11-14 08:34:07,842 - INFO - Processing rows 550 to 575 for swaps, peptide LLWNGPMAV, weight CDR2b
2024-11-14 08:34:22,600 - INFO - Processing rows 575 to 600 for swaps, peptide LLWNGPMAV, weight CDR2b
2024-11-14 08:34:37,360 - INFO - Processing rows 600 to 625 for swaps, peptide LLWNGPMAV, weight CDR2b
2024-11-14 08:34:52,131 - INFO - Processing rows 625 to 650 for swaps, peptide LLWNGPMAV, weight CDR2b
2024-11-14 08:35:06,938 - INFO - Processing rows 650 to 675 for swaps, peptide LLWNGPMAV, weight CDR2b
2024-11-14 08:35:21,753 - INFO - Processing rows 675 to 700 for swaps, peptide LLWNGPMAV, weight CDR2b
2024-11-14 08:35:36,395 - INFO - Processing rows 700 to 725 for swaps, peptide LLWNGPMAV, weight CDR2b
2024-11-14 08:35:51,080 - INFO - Processing rows 725 to 750 for swaps, peptide LLWNGPMAV, weight CDR2b
2024-11-14 08:36:05,640 - INFO - Processing rows 750 to 775 for swaps, peptide LLWNGPMAV, weight CDR2b
2024-11-14 08:36:18,853 - INFO - Processing rows 775 to 800 for swaps, peptide LLWNGPMAV, weight CDR2b
2024-11-14 08:36:33,456 - INFO - Processing rows 800 to 825 for swaps, peptide LLWNGPMAV, weight CDR2b
2024-11-14 08:36:48,135 - INFO - Processing rows 825 to 850 for swaps, peptide LLWNGPMAV, weight CDR2b
2024-11-14 08:37:02,882 - INFO - Processing rows 850 to 875 for swaps, peptide LLWNGPMAV, weight CDR2b
2024-11-14 08:37:17,672 - INFO - Processing rows 875 to 900 for swaps, peptide LLWNGPMAV, weight CDR2b
2024-11-14 08:37:32,443 - INFO - Processing rows 900 to 925 for swaps, peptide LLWNGPMAV, weight CDR2b
2024-11-14 08:37:47,267 - INFO - Processing rows 925 to 950 for swaps, peptide LLWNGPMAV, weight CDR2b
2024-11-14 08:38:02,044 - INFO - Processing rows 950 to 975 for swaps, peptide LLWNGPMAV, weight CDR2b
2024-11-14 08:38:16,973 - INFO - Processing rows 975 to 1000 for swaps, peptide LLWNGPMAV, weight CDR2b
2024-11-14 08:38:31,755 - INFO - Processing rows 1000 to 1025 for swaps, peptide LLWNGPMAV, weight CDR2b
2024-11-14 08:38:46,541 - INFO - Processing rows 1025 to 1050 for swaps, peptide LLWNGPMAV, weight CDR2b
2024-11-14 08:39:01,060 - INFO - Processing rows 1050 to 1075 for swaps, peptide LLWNGPMAV, weight CDR2b
2024-11-14 08:39:15,836 - INFO - Processing rows 1075 to 1100 for swaps, peptide LLWNGPMAV, weight CDR2b
2024-11-14 08:39:30,645 - INFO - Processing rows 1100 to 1125 for swaps, peptide LLWNGPMAV, weight CDR2b
2024-11-14 08:39:45,431 - INFO - Processing rows 1125 to 1150 for swaps, peptide LLWNGPMAV, weight CDR2b
2024-11-14 08:40:00,180 - INFO - Processing rows 1150 to 1175 for swaps, peptide LLWNGPMAV, weight CDR2b
2024-11-14 08:40:15,003 - INFO - Processing rows 1175 to 1200 for swaps, peptide LLWNGPMAV, weight CDR2b
2024-11-14 08:40:29,774 - INFO - Processing rows 1200 to 1225 for swaps, peptide LLWNGPMAV, weight CDR2b
2024-11-14 08:40:44,695 - INFO - Processing rows 1225 to 1250 for swaps, peptide LLWNGPMAV, weight CDR2b
2024-11-14 08:40:59,293 - INFO - Processing rows 1250 to 1275 for swaps, peptide LLWNGPMAV, weight CDR2b
2024-11-14 08:41:13,898 - INFO - Processing rows 1275 to 1300 for swaps, peptide LLWNGPMAV, weight CDR2b
2024-11-14 08:41:28,699 - INFO - Processing rows 1300 to 1325 for swaps, peptide LLWNGPMAV, weight CDR2b
2024-11-14 08:41:43,451 - INFO - Processing rows 1325 to 1350 for swaps, peptide LLWNGPMAV, weight CDR2b
2024-11-14 08:41:58,179 - INFO - Processing rows 1350 to 1375 for swaps, peptide LLWNGPMAV, weight CDR2b
2024-11-14 08:42:12,948 - INFO - Processing rows 1375 to 1400 for swaps, peptide LLWNGPMAV, weight CDR2b
2024-11-14 08:42:27,711 - INFO - Processing rows 1400 to 1425 for swaps, peptide LLWNGPMAV, weight CDR2b
2024-11-14 08:42:42,356 - INFO - Processing rows 1425 to 1450 for swaps, peptide LLWNGPMAV, weight CDR2b
2024-11-14 08:42:56,965 - INFO - Processing rows 1450 to 1475 for swaps, peptide LLWNGPMAV, weight CDR2b
2024-11-14 08:43:11,582 - INFO - Processing rows 1475 to 1500 for swaps, peptide LLWNGPMAV, weight CDR2b
2024-11-14 08:43:26,350 - INFO - Processing rows 1500 to 1525 for swaps, peptide LLWNGPMAV, weight CDR2b
2024-11-14 08:43:39,439 - INFO - Processing rows 1525 to 1550 for swaps, peptide LLWNGPMAV, weight CDR2b
2024-11-14 08:43:54,238 - INFO - Processing rows 1550 to 1575 for swaps, peptide LLWNGPMAV, weight CDR2b
2024-11-14 08:44:09,016 - INFO - Processing rows 1575 to 1600 for swaps, peptide LLWNGPMAV, weight CDR2b
2024-11-14 08:44:23,838 - INFO - Processing rows 1600 to 1625 for swaps, peptide LLWNGPMAV, weight CDR2b
2024-11-14 08:44:38,613 - INFO - Processing rows 1625 to 1650 for swaps, peptide LLWNGPMAV, weight CDR2b
2024-11-14 08:44:53,402 - INFO - Processing rows 1650 to 1675 for swaps, peptide LLWNGPMAV, weight CDR2b
2024-11-14 08:45:08,210 - INFO - Processing rows 1675 to 1700 for swaps, peptide LLWNGPMAV, weight CDR2b
2024-11-14 08:45:23,021 - INFO - Processing rows 1700 to 1725 for swaps, peptide LLWNGPMAV, weight CDR2b
2024-11-14 08:45:37,837 - INFO - Processing rows 1725 to 1750 for swaps, peptide LLWNGPMAV, weight CDR2b
2024-11-14 08:45:52,561 - INFO - Processing rows 1750 to 1775 for swaps, peptide LLWNGPMAV, weight CDR2b
2024-11-14 08:46:07,304 - INFO - Processing rows 1775 to 1800 for swaps, peptide LLWNGPMAV, weight CDR2b
2024-11-14 08:46:22,082 - INFO - Processing rows 1800 to 1825 for swaps, peptide LLWNGPMAV, weight CDR2b
2024-11-14 08:46:36,716 - INFO - Processing rows 1825 to 1850 for swaps, peptide LLWNGPMAV, weight CDR2b
2024-11-14 08:46:51,306 - INFO - Processing rows 1850 to 1875 for swaps, peptide LLWNGPMAV, weight CDR2b
2024-11-14 08:47:05,807 - INFO - Processing rows 1875 to 1900 for swaps, peptide LLWNGPMAV, weight CDR2b
2024-11-14 08:47:20,347 - INFO - Processing rows 1900 to 1925 for swaps, peptide LLWNGPMAV, weight CDR2b
2024-11-14 08:47:34,882 - INFO - Processing rows 1925 to 1950 for swaps, peptide LLWNGPMAV, weight CDR2b
2024-11-14 08:47:49,544 - INFO - Processing rows 1950 to 1975 for swaps, peptide LLWNGPMAV, weight CDR2b
2024-11-14 08:48:04,290 - INFO - Processing rows 1975 to 2000 for swaps, peptide LLWNGPMAV, weight CDR2b
2024-11-14 08:48:18,908 - INFO - Processing rows 2000 to 2025 for swaps, peptide LLWNGPMAV, weight CDR2b
2024-11-14 08:48:33,650 - INFO - Processing rows 2025 to 2050 for swaps, peptide LLWNGPMAV, weight CDR2b
2024-11-14 08:48:48,470 - INFO - Processing rows 2050 to 2075 for swaps, peptide LLWNGPMAV, weight CDR2b
2024-11-14 08:49:03,305 - INFO - Processing rows 2075 to 2100 for swaps, peptide LLWNGPMAV, weight CDR2b
2024-11-14 08:49:16,430 - INFO - Processing rows 2100 to 2125 for swaps, peptide LLWNGPMAV, weight CDR2b
2024-11-14 08:49:31,265 - INFO - Processing rows 2125 to 2150 for swaps, peptide LLWNGPMAV, weight CDR2b
2024-11-14 08:49:46,019 - INFO - Processing rows 2150 to 2175 for swaps, peptide LLWNGPMAV, weight CDR2b
2024-11-14 08:50:00,832 - INFO - Processing rows 2175 to 2200 for swaps, peptide LLWNGPMAV, weight CDR2b
2024-11-14 08:50:15,615 - INFO - Processing rows 2200 to 2225 for swaps, peptide LLWNGPMAV, weight CDR2b
2024-11-14 08:50:30,294 - INFO - Processing rows 2225 to 2226 for swaps, peptide LLWNGPMAV, weight CDR2b
2024-11-14 08:50:31,632 - INFO - ESM finished.. Saving file...
2024-11-14 09:06:11,064 - INFO - Saved to /net/mimer/mnt/tank/projects2/emison/language_model/27th_Oct_new_matrices/04.11_new_esm/12.11/sequence_summed_vectors_swaps_LLWNGPMAV_CDR2b.csv
