2024-11-13 19:24:18,835 - INFO - Loading and filtering dataset for peptide LLWNGPMAV
2024-11-13 19:24:19,835 - INFO - Processing dataset for peptide LLWNGPMAV with weight CDR3a
2024-11-13 19:24:19,837 - INFO - Processing rows 0 to 25 for swaps, peptide LLWNGPMAV, weight CDR3a
2024-11-13 19:24:50,147 - INFO - Processing rows 25 to 50 for swaps, peptide LLWNGPMAV, weight CDR3a
2024-11-13 19:25:15,530 - INFO - Processing rows 50 to 75 for swaps, peptide LLWNGPMAV, weight CDR3a
2024-11-13 19:25:44,338 - INFO - Processing rows 75 to 100 for swaps, peptide LLWNGPMAV, weight CDR3a
2024-11-13 19:26:13,030 - INFO - Processing rows 100 to 125 for swaps, peptide LLWNGPMAV, weight CDR3a
2024-11-13 19:26:41,636 - INFO - Processing rows 125 to 150 for swaps, peptide LLWNGPMAV, weight CDR3a
2024-11-13 19:27:10,182 - INFO - Processing rows 150 to 175 for swaps, peptide LLWNGPMAV, weight CDR3a
2024-11-13 19:27:40,222 - INFO - Processing rows 175 to 200 for swaps, peptide LLWNGPMAV, weight CDR3a
2024-11-13 19:28:08,116 - INFO - Processing rows 200 to 225 for swaps, peptide LLWNGPMAV, weight CDR3a
2024-11-13 19:28:41,370 - INFO - Processing rows 225 to 250 for swaps, peptide LLWNGPMAV, weight CDR3a
2024-11-13 19:29:12,900 - INFO - Processing rows 250 to 275 for swaps, peptide LLWNGPMAV, weight CDR3a
2024-11-13 19:29:40,769 - INFO - Processing rows 275 to 300 for swaps, peptide LLWNGPMAV, weight CDR3a
2024-11-13 19:30:10,616 - INFO - Processing rows 300 to 325 for swaps, peptide LLWNGPMAV, weight CDR3a
2024-11-13 19:30:42,070 - INFO - Processing rows 325 to 350 for swaps, peptide LLWNGPMAV, weight CDR3a
2024-11-13 19:31:18,927 - INFO - Processing rows 350 to 375 for swaps, peptide LLWNGPMAV, weight CDR3a
2024-11-13 19:31:53,673 - INFO - Processing rows 375 to 400 for swaps, peptide LLWNGPMAV, weight CDR3a
2024-11-13 19:32:21,593 - INFO - Processing rows 400 to 425 for swaps, peptide LLWNGPMAV, weight CDR3a
2024-11-13 19:33:04,051 - INFO - Processing rows 425 to 450 for swaps, peptide LLWNGPMAV, weight CDR3a
2024-11-13 19:33:37,233 - INFO - Processing rows 450 to 475 for swaps, peptide LLWNGPMAV, weight CDR3a
2024-11-13 19:34:10,415 - INFO - Processing rows 475 to 500 for swaps, peptide LLWNGPMAV, weight CDR3a
2024-11-13 19:34:47,393 - INFO - Processing rows 500 to 525 for swaps, peptide LLWNGPMAV, weight CDR3a
2024-11-13 19:35:17,685 - INFO - Processing rows 525 to 550 for swaps, peptide LLWNGPMAV, weight CDR3a
2024-11-13 19:35:56,677 - INFO - Processing rows 550 to 575 for swaps, peptide LLWNGPMAV, weight CDR3a
2024-11-13 19:36:26,491 - INFO - Processing rows 575 to 600 for swaps, peptide LLWNGPMAV, weight CDR3a
2024-11-13 19:36:56,501 - INFO - Processing rows 600 to 625 for swaps, peptide LLWNGPMAV, weight CDR3a
2024-11-13 19:37:24,571 - INFO - Processing rows 625 to 650 for swaps, peptide LLWNGPMAV, weight CDR3a
2024-11-13 19:37:54,616 - INFO - Processing rows 650 to 675 for swaps, peptide LLWNGPMAV, weight CDR3a
2024-11-13 19:38:35,080 - INFO - Processing rows 675 to 700 for swaps, peptide LLWNGPMAV, weight CDR3a
2024-11-13 19:39:05,135 - INFO - Processing rows 700 to 725 for swaps, peptide LLWNGPMAV, weight CDR3a
2024-11-13 19:39:35,166 - INFO - Processing rows 725 to 750 for swaps, peptide LLWNGPMAV, weight CDR3a
2024-11-13 19:40:06,917 - INFO - Processing rows 750 to 775 for swaps, peptide LLWNGPMAV, weight CDR3a
2024-11-13 19:40:38,661 - INFO - Processing rows 775 to 800 for swaps, peptide LLWNGPMAV, weight CDR3a
2024-11-13 19:41:10,437 - INFO - Processing rows 800 to 825 for swaps, peptide LLWNGPMAV, weight CDR3a
2024-11-13 19:41:43,880 - INFO - Processing rows 825 to 850 for swaps, peptide LLWNGPMAV, weight CDR3a
2024-11-13 19:42:12,064 - INFO - Processing rows 850 to 875 for swaps, peptide LLWNGPMAV, weight CDR3a
2024-11-13 19:42:42,252 - INFO - Processing rows 875 to 900 for swaps, peptide LLWNGPMAV, weight CDR3a
2024-11-13 19:43:14,053 - INFO - Processing rows 900 to 925 for swaps, peptide LLWNGPMAV, weight CDR3a
2024-11-13 19:43:42,242 - INFO - Processing rows 925 to 950 for swaps, peptide LLWNGPMAV, weight CDR3a
2024-11-13 19:44:12,418 - INFO - Processing rows 950 to 975 for swaps, peptide LLWNGPMAV, weight CDR3a
2024-11-13 19:44:44,260 - INFO - Processing rows 975 to 1000 for swaps, peptide LLWNGPMAV, weight CDR3a
2024-11-13 19:45:22,979 - INFO - Processing rows 1000 to 1025 for swaps, peptide LLWNGPMAV, weight CDR3a
2024-11-13 19:45:51,651 - INFO - Processing rows 1025 to 1050 for swaps, peptide LLWNGPMAV, weight CDR3a
2024-11-13 19:46:20,270 - INFO - Processing rows 1050 to 1075 for swaps, peptide LLWNGPMAV, weight CDR3a
2024-11-13 19:46:53,685 - INFO - Processing rows 1075 to 1100 for swaps, peptide LLWNGPMAV, weight CDR3a
2024-11-13 19:47:26,207 - INFO - Processing rows 1100 to 1125 for swaps, peptide LLWNGPMAV, weight CDR3a
2024-11-13 19:48:01,656 - INFO - Processing rows 1125 to 1150 for swaps, peptide LLWNGPMAV, weight CDR3a
2024-11-13 19:48:29,847 - INFO - Processing rows 1150 to 1175 for swaps, peptide LLWNGPMAV, weight CDR3a
2024-11-13 19:48:59,937 - INFO - Processing rows 1175 to 1200 for swaps, peptide LLWNGPMAV, weight CDR3a
2024-11-13 19:49:31,604 - INFO - Processing rows 1200 to 1225 for swaps, peptide LLWNGPMAV, weight CDR3a
2024-11-13 19:50:01,646 - INFO - Processing rows 1225 to 1250 for swaps, peptide LLWNGPMAV, weight CDR3a
2024-11-13 19:50:33,363 - INFO - Processing rows 1250 to 1275 for swaps, peptide LLWNGPMAV, weight CDR3a
2024-11-13 19:51:10,506 - INFO - Processing rows 1275 to 1300 for swaps, peptide LLWNGPMAV, weight CDR3a
2024-11-13 19:51:38,608 - INFO - Processing rows 1300 to 1325 for swaps, peptide LLWNGPMAV, weight CDR3a
2024-11-13 19:52:08,690 - INFO - Processing rows 1325 to 1350 for swaps, peptide LLWNGPMAV, weight CDR3a
2024-11-13 19:52:38,762 - INFO - Processing rows 1350 to 1375 for swaps, peptide LLWNGPMAV, weight CDR3a
2024-11-13 19:53:05,463 - INFO - Processing rows 1375 to 1400 for swaps, peptide LLWNGPMAV, weight CDR3a
2024-11-13 19:53:40,520 - INFO - Processing rows 1400 to 1425 for swaps, peptide LLWNGPMAV, weight CDR3a
2024-11-13 19:54:12,322 - INFO - Processing rows 1425 to 1450 for swaps, peptide LLWNGPMAV, weight CDR3a
2024-11-13 19:54:42,430 - INFO - Processing rows 1450 to 1475 for swaps, peptide LLWNGPMAV, weight CDR3a
2024-11-13 19:55:15,912 - INFO - Processing rows 1475 to 1500 for swaps, peptide LLWNGPMAV, weight CDR3a
2024-11-13 19:55:54,805 - INFO - Processing rows 1500 to 1525 for swaps, peptide LLWNGPMAV, weight CDR3a
2024-11-13 19:56:26,521 - INFO - Processing rows 1525 to 1550 for swaps, peptide LLWNGPMAV, weight CDR3a
2024-11-13 19:57:01,547 - INFO - Processing rows 1550 to 1575 for swaps, peptide LLWNGPMAV, weight CDR3a
2024-11-13 19:57:31,626 - INFO - Processing rows 1575 to 1600 for swaps, peptide LLWNGPMAV, weight CDR3a
2024-11-13 19:58:03,346 - INFO - Processing rows 1600 to 1625 for swaps, peptide LLWNGPMAV, weight CDR3a
2024-11-13 19:58:33,422 - INFO - Processing rows 1625 to 1650 for swaps, peptide LLWNGPMAV, weight CDR3a
2024-11-13 19:59:12,681 - INFO - Processing rows 1650 to 1675 for swaps, peptide LLWNGPMAV, weight CDR3a
2024-11-13 19:59:46,621 - INFO - Processing rows 1675 to 1700 for swaps, peptide LLWNGPMAV, weight CDR3a
2024-11-13 20:00:16,635 - INFO - Processing rows 1700 to 1725 for swaps, peptide LLWNGPMAV, weight CDR3a
2024-11-13 20:00:50,056 - INFO - Processing rows 1725 to 1750 for swaps, peptide LLWNGPMAV, weight CDR3a
2024-11-13 20:01:19,030 - INFO - Processing rows 1750 to 1775 for swaps, peptide LLWNGPMAV, weight CDR3a
2024-11-13 20:01:47,715 - INFO - Processing rows 1775 to 1800 for swaps, peptide LLWNGPMAV, weight CDR3a
2024-11-13 20:02:16,423 - INFO - Processing rows 1800 to 1825 for swaps, peptide LLWNGPMAV, weight CDR3a
2024-11-13 20:02:46,692 - INFO - Processing rows 1825 to 1850 for swaps, peptide LLWNGPMAV, weight CDR3a
2024-11-13 20:03:22,179 - INFO - Processing rows 1850 to 1875 for swaps, peptide LLWNGPMAV, weight CDR3a
2024-11-13 20:03:49,015 - INFO - Processing rows 1875 to 1900 for swaps, peptide LLWNGPMAV, weight CDR3a
2024-11-13 20:04:14,319 - INFO - Processing rows 1900 to 1925 for swaps, peptide LLWNGPMAV, weight CDR3a
2024-11-13 20:04:44,433 - INFO - Processing rows 1925 to 1950 for swaps, peptide LLWNGPMAV, weight CDR3a
2024-11-13 20:05:16,172 - INFO - Processing rows 1950 to 1975 for swaps, peptide LLWNGPMAV, weight CDR3a
2024-11-13 20:05:42,865 - INFO - Processing rows 1975 to 2000 for swaps, peptide LLWNGPMAV, weight CDR3a
2024-11-13 20:06:11,376 - INFO - Processing rows 2000 to 2025 for swaps, peptide LLWNGPMAV, weight CDR3a
2024-11-13 20:06:46,672 - INFO - Processing rows 2025 to 2050 for swaps, peptide LLWNGPMAV, weight CDR3a
2024-11-13 20:07:16,758 - INFO - Processing rows 2050 to 2075 for swaps, peptide LLWNGPMAV, weight CDR3a
2024-11-13 20:07:48,464 - INFO - Processing rows 2075 to 2100 for swaps, peptide LLWNGPMAV, weight CDR3a
2024-11-13 20:08:15,132 - INFO - Processing rows 2100 to 2125 for swaps, peptide LLWNGPMAV, weight CDR3a
2024-11-13 20:08:43,675 - INFO - Processing rows 2125 to 2150 for swaps, peptide LLWNGPMAV, weight CDR3a
2024-11-13 20:09:12,145 - INFO - Processing rows 2150 to 2175 for swaps, peptide LLWNGPMAV, weight CDR3a
2024-11-13 20:09:40,623 - INFO - Processing rows 2175 to 2200 for swaps, peptide LLWNGPMAV, weight CDR3a
2024-11-13 20:10:12,292 - INFO - Processing rows 2200 to 2225 for swaps, peptide LLWNGPMAV, weight CDR3a
2024-11-13 20:10:40,961 - INFO - Processing rows 2225 to 2226 for swaps, peptide LLWNGPMAV, weight CDR3a
Traceback (most recent call last):
  File "/net/mimer/mnt/tank/projects2/emison/language_model/27th_Oct_new_matrices/04.11_new_esm/12.11/run_esm_swaps.py", line 90, in <module>
    process_sequences(df_filtered, peptide, weight, "swaps")
  File "/net/mimer/mnt/tank/projects2/emison/language_model/27th_Oct_new_matrices/04.11_new_esm/12.11/run_esm_swaps.py", line 82, in process_sequences
    output_df.insert(0, "raw_index", raw_indexes)
  File "/home/projects2/emison/language_model/miniconda3/envs/esm2_emison/lib/python3.12/site-packages/pandas/core/frame.py", line 5171, in insert
    value, refs = self._sanitize_column(value)
                  ^^^^^^^^^^^^^^^^^^^^^^^^^^^^
  File "/home/projects2/emison/language_model/miniconda3/envs/esm2_emison/lib/python3.12/site-packages/pandas/core/frame.py", line 5266, in _sanitize_column
    com.require_length_match(value, self.index)
  File "/home/projects2/emison/language_model/miniconda3/envs/esm2_emison/lib/python3.12/site-packages/pandas/core/common.py", line 573, in require_length_match
    raise ValueError(
ValueError: Length of values (2226) does not match length of index (1)
