2024-11-13 19:24:18,836 - INFO - Loading and filtering dataset for peptide LLWNGPMAV
2024-11-13 19:24:19,835 - INFO - Processing dataset for peptide LLWNGPMAV with weight CDR3b
2024-11-13 19:24:19,837 - INFO - Processing rows 0 to 25 for swaps, peptide LLWNGPMAV, weight CDR3b
2024-11-13 19:24:50,090 - INFO - Processing rows 25 to 50 for swaps, peptide LLWNGPMAV, weight CDR3b
2024-11-13 19:25:16,869 - INFO - Processing rows 50 to 75 for swaps, peptide LLWNGPMAV, weight CDR3b
2024-11-13 19:25:50,362 - INFO - Processing rows 75 to 100 for swaps, peptide LLWNGPMAV, weight CDR3b
2024-11-13 19:26:20,635 - INFO - Processing rows 100 to 125 for swaps, peptide LLWNGPMAV, weight CDR3b
2024-11-13 19:26:52,409 - INFO - Processing rows 125 to 150 for swaps, peptide LLWNGPMAV, weight CDR3b
2024-11-13 19:27:20,886 - INFO - Processing rows 150 to 175 for swaps, peptide LLWNGPMAV, weight CDR3b
2024-11-13 19:27:49,663 - INFO - Processing rows 175 to 200 for swaps, peptide LLWNGPMAV, weight CDR3b
2024-11-13 19:28:24,440 - INFO - Processing rows 200 to 225 for swaps, peptide LLWNGPMAV, weight CDR3b
2024-11-13 19:28:57,564 - INFO - Processing rows 225 to 250 for swaps, peptide LLWNGPMAV, weight CDR3b
2024-11-13 19:29:25,390 - INFO - Processing rows 250 to 275 for swaps, peptide LLWNGPMAV, weight CDR3b
2024-11-13 19:29:53,155 - INFO - Processing rows 275 to 300 for swaps, peptide LLWNGPMAV, weight CDR3b
2024-11-13 19:30:20,950 - INFO - Processing rows 300 to 325 for swaps, peptide LLWNGPMAV, weight CDR3b
2024-11-13 19:30:53,955 - INFO - Processing rows 325 to 350 for swaps, peptide LLWNGPMAV, weight CDR3b
2024-11-13 19:31:25,291 - INFO - Processing rows 350 to 375 for swaps, peptide LLWNGPMAV, weight CDR3b
2024-11-13 19:31:58,288 - INFO - Processing rows 375 to 400 for swaps, peptide LLWNGPMAV, weight CDR3b
2024-11-13 19:32:28,071 - INFO - Processing rows 400 to 425 for swaps, peptide LLWNGPMAV, weight CDR3b
2024-11-13 19:32:59,428 - INFO - Processing rows 425 to 450 for swaps, peptide LLWNGPMAV, weight CDR3b
2024-11-13 19:33:29,219 - INFO - Processing rows 450 to 475 for swaps, peptide LLWNGPMAV, weight CDR3b
2024-11-13 19:34:02,358 - INFO - Processing rows 475 to 500 for swaps, peptide LLWNGPMAV, weight CDR3b
2024-11-13 19:34:33,805 - INFO - Processing rows 500 to 525 for swaps, peptide LLWNGPMAV, weight CDR3b
2024-11-13 19:35:07,271 - INFO - Processing rows 525 to 550 for swaps, peptide LLWNGPMAV, weight CDR3b
2024-11-13 19:35:39,248 - INFO - Processing rows 550 to 575 for swaps, peptide LLWNGPMAV, weight CDR3b
2024-11-13 19:36:08,830 - INFO - Processing rows 575 to 600 for swaps, peptide LLWNGPMAV, weight CDR3b
2024-11-13 19:36:42,049 - INFO - Processing rows 600 to 625 for swaps, peptide LLWNGPMAV, weight CDR3b
2024-11-13 19:37:11,993 - INFO - Processing rows 625 to 650 for swaps, peptide LLWNGPMAV, weight CDR3b
2024-11-13 19:37:49,423 - INFO - Processing rows 650 to 675 for swaps, peptide LLWNGPMAV, weight CDR3b
2024-11-13 19:38:21,002 - INFO - Processing rows 675 to 700 for swaps, peptide LLWNGPMAV, weight CDR3b
2024-11-13 19:38:54,206 - INFO - Processing rows 700 to 725 for swaps, peptide LLWNGPMAV, weight CDR3b
2024-11-13 19:39:24,186 - INFO - Processing rows 725 to 750 for swaps, peptide LLWNGPMAV, weight CDR3b
2024-11-13 19:39:57,533 - INFO - Processing rows 750 to 775 for swaps, peptide LLWNGPMAV, weight CDR3b
2024-11-13 19:40:32,464 - INFO - Processing rows 775 to 800 for swaps, peptide LLWNGPMAV, weight CDR3b
2024-11-13 19:41:05,795 - INFO - Processing rows 800 to 825 for swaps, peptide LLWNGPMAV, weight CDR3b
2024-11-13 19:41:37,481 - INFO - Processing rows 825 to 850 for swaps, peptide LLWNGPMAV, weight CDR3b
2024-11-13 19:42:07,531 - INFO - Processing rows 850 to 875 for swaps, peptide LLWNGPMAV, weight CDR3b
2024-11-13 19:42:39,234 - INFO - Processing rows 875 to 900 for swaps, peptide LLWNGPMAV, weight CDR3b
2024-11-13 19:43:10,892 - INFO - Processing rows 900 to 925 for swaps, peptide LLWNGPMAV, weight CDR3b
2024-11-13 19:43:42,572 - INFO - Processing rows 925 to 950 for swaps, peptide LLWNGPMAV, weight CDR3b
2024-11-13 19:44:14,291 - INFO - Processing rows 950 to 975 for swaps, peptide LLWNGPMAV, weight CDR3b
2024-11-13 19:44:51,272 - INFO - Processing rows 975 to 1000 for swaps, peptide LLWNGPMAV, weight CDR3b
2024-11-13 19:45:23,021 - INFO - Processing rows 1000 to 1025 for swaps, peptide LLWNGPMAV, weight CDR3b
2024-11-13 19:45:51,630 - INFO - Processing rows 1025 to 1050 for swaps, peptide LLWNGPMAV, weight CDR3b
2024-11-13 19:46:23,420 - INFO - Processing rows 1050 to 1075 for swaps, peptide LLWNGPMAV, weight CDR3b
2024-11-13 19:46:55,248 - INFO - Processing rows 1075 to 1100 for swaps, peptide LLWNGPMAV, weight CDR3b
2024-11-13 19:47:26,109 - INFO - Processing rows 1100 to 1125 for swaps, peptide LLWNGPMAV, weight CDR3b
2024-11-13 19:48:01,470 - INFO - Processing rows 1125 to 1150 for swaps, peptide LLWNGPMAV, weight CDR3b
2024-11-13 19:48:40,562 - INFO - Processing rows 1150 to 1175 for swaps, peptide LLWNGPMAV, weight CDR3b
2024-11-13 19:49:10,512 - INFO - Processing rows 1175 to 1200 for swaps, peptide LLWNGPMAV, weight CDR3b
2024-11-13 19:49:42,060 - INFO - Processing rows 1200 to 1225 for swaps, peptide LLWNGPMAV, weight CDR3b
2024-11-13 19:50:11,998 - INFO - Processing rows 1225 to 1250 for swaps, peptide LLWNGPMAV, weight CDR3b
2024-11-13 19:50:43,569 - INFO - Processing rows 1250 to 1275 for swaps, peptide LLWNGPMAV, weight CDR3b
2024-11-13 19:51:15,073 - INFO - Processing rows 1275 to 1300 for swaps, peptide LLWNGPMAV, weight CDR3b
2024-11-13 19:51:48,326 - INFO - Processing rows 1300 to 1325 for swaps, peptide LLWNGPMAV, weight CDR3b
2024-11-13 19:52:19,966 - INFO - Processing rows 1325 to 1350 for swaps, peptide LLWNGPMAV, weight CDR3b
2024-11-13 19:52:53,232 - INFO - Processing rows 1350 to 1375 for swaps, peptide LLWNGPMAV, weight CDR3b
2024-11-13 19:53:26,508 - INFO - Processing rows 1375 to 1400 for swaps, peptide LLWNGPMAV, weight CDR3b
2024-11-13 19:53:59,884 - INFO - Processing rows 1400 to 1425 for swaps, peptide LLWNGPMAV, weight CDR3b
2024-11-13 19:54:29,958 - INFO - Processing rows 1425 to 1450 for swaps, peptide LLWNGPMAV, weight CDR3b
2024-11-13 19:55:07,207 - INFO - Processing rows 1450 to 1475 for swaps, peptide LLWNGPMAV, weight CDR3b
2024-11-13 19:55:38,889 - INFO - Processing rows 1475 to 1500 for swaps, peptide LLWNGPMAV, weight CDR3b
2024-11-13 19:56:06,947 - INFO - Processing rows 1500 to 1525 for swaps, peptide LLWNGPMAV, weight CDR3b
2024-11-13 19:56:40,216 - INFO - Processing rows 1525 to 1550 for swaps, peptide LLWNGPMAV, weight CDR3b
2024-11-13 19:57:20,780 - INFO - Processing rows 1550 to 1575 for swaps, peptide LLWNGPMAV, weight CDR3b
2024-11-13 19:57:54,060 - INFO - Processing rows 1575 to 1600 for swaps, peptide LLWNGPMAV, weight CDR3b
2024-11-13 19:58:25,658 - INFO - Processing rows 1600 to 1625 for swaps, peptide LLWNGPMAV, weight CDR3b
2024-11-13 19:58:57,323 - INFO - Processing rows 1625 to 1650 for swaps, peptide LLWNGPMAV, weight CDR3b
2024-11-13 19:59:29,408 - INFO - Processing rows 1650 to 1675 for swaps, peptide LLWNGPMAV, weight CDR3b
2024-11-13 20:00:04,591 - INFO - Processing rows 1675 to 1700 for swaps, peptide LLWNGPMAV, weight CDR3b
2024-11-13 20:00:34,655 - INFO - Processing rows 1700 to 1725 for swaps, peptide LLWNGPMAV, weight CDR3b
2024-11-13 20:01:04,268 - INFO - Processing rows 1725 to 1750 for swaps, peptide LLWNGPMAV, weight CDR3b
2024-11-13 20:01:36,119 - INFO - Processing rows 1750 to 1775 for swaps, peptide LLWNGPMAV, weight CDR3b
2024-11-13 20:02:07,958 - INFO - Processing rows 1775 to 1800 for swaps, peptide LLWNGPMAV, weight CDR3b
2024-11-13 20:02:38,164 - INFO - Processing rows 1800 to 1825 for swaps, peptide LLWNGPMAV, weight CDR3b
2024-11-13 20:03:06,787 - INFO - Processing rows 1825 to 1850 for swaps, peptide LLWNGPMAV, weight CDR3b
2024-11-13 20:03:40,171 - INFO - Processing rows 1850 to 1875 for swaps, peptide LLWNGPMAV, weight CDR3b
2024-11-13 20:04:11,877 - INFO - Processing rows 1875 to 1900 for swaps, peptide LLWNGPMAV, weight CDR3b
2024-11-13 20:04:40,337 - INFO - Processing rows 1900 to 1925 for swaps, peptide LLWNGPMAV, weight CDR3b
2024-11-13 20:05:10,318 - INFO - Processing rows 1925 to 1950 for swaps, peptide LLWNGPMAV, weight CDR3b
2024-11-13 20:05:41,925 - INFO - Processing rows 1950 to 1975 for swaps, peptide LLWNGPMAV, weight CDR3b
2024-11-13 20:06:10,332 - INFO - Processing rows 1975 to 2000 for swaps, peptide LLWNGPMAV, weight CDR3b
2024-11-13 20:06:40,310 - INFO - Processing rows 2000 to 2025 for swaps, peptide LLWNGPMAV, weight CDR3b
2024-11-13 20:07:11,907 - INFO - Processing rows 2025 to 2050 for swaps, peptide LLWNGPMAV, weight CDR3b
2024-11-13 20:07:41,876 - INFO - Processing rows 2050 to 2075 for swaps, peptide LLWNGPMAV, weight CDR3b
2024-11-13 20:08:13,492 - INFO - Processing rows 2075 to 2100 for swaps, peptide LLWNGPMAV, weight CDR3b
2024-11-13 20:08:41,895 - INFO - Processing rows 2100 to 2125 for swaps, peptide LLWNGPMAV, weight CDR3b
2024-11-13 20:09:10,293 - INFO - Processing rows 2125 to 2150 for swaps, peptide LLWNGPMAV, weight CDR3b
2024-11-13 20:09:43,408 - INFO - Processing rows 2150 to 2175 for swaps, peptide LLWNGPMAV, weight CDR3b
2024-11-13 20:10:14,992 - INFO - Processing rows 2175 to 2200 for swaps, peptide LLWNGPMAV, weight CDR3b
2024-11-13 20:10:46,825 - INFO - Processing rows 2200 to 2225 for swaps, peptide LLWNGPMAV, weight CDR3b
2024-11-13 20:11:18,176 - INFO - Processing rows 2225 to 2226 for swaps, peptide LLWNGPMAV, weight CDR3b
Traceback (most recent call last):
  File "/net/mimer/mnt/tank/projects2/emison/language_model/27th_Oct_new_matrices/04.11_new_esm/12.11/run_esm_swaps.py", line 90, in <module>
    process_sequences(df_filtered, peptide, weight, "swaps")
  File "/net/mimer/mnt/tank/projects2/emison/language_model/27th_Oct_new_matrices/04.11_new_esm/12.11/run_esm_swaps.py", line 82, in process_sequences
    output_df.insert(0, "raw_index", raw_indexes)
  File "/home/projects2/emison/language_model/miniconda3/envs/esm2_emison/lib/python3.12/site-packages/pandas/core/frame.py", line 5171, in insert
    value, refs = self._sanitize_column(value)
                  ^^^^^^^^^^^^^^^^^^^^^^^^^^^^
  File "/home/projects2/emison/language_model/miniconda3/envs/esm2_emison/lib/python3.12/site-packages/pandas/core/frame.py", line 5266, in _sanitize_column
    com.require_length_match(value, self.index)
  File "/home/projects2/emison/language_model/miniconda3/envs/esm2_emison/lib/python3.12/site-packages/pandas/core/common.py", line 573, in require_length_match
    raise ValueError(
ValueError: Length of values (2226) does not match length of index (1)
