2024-11-14 08:30:17,183 - INFO - Loading and filtering dataset for peptide LLWNGPMAV
2024-11-14 08:30:17,620 - INFO - Processing dataset for peptide LLWNGPMAV with weight TCRb
2024-11-14 08:30:17,623 - INFO - Processing rows 0 to 25 for swaps, peptide LLWNGPMAV, weight TCRb
2024-11-14 08:41:10,826 - INFO - Processing rows 25 to 50 for swaps, peptide LLWNGPMAV, weight TCRb
2024-11-14 08:52:04,454 - INFO - Processing rows 50 to 75 for swaps, peptide LLWNGPMAV, weight TCRb
2024-11-14 09:02:26,006 - INFO - Processing rows 75 to 100 for swaps, peptide LLWNGPMAV, weight TCRb
2024-11-14 09:12:57,576 - INFO - Processing rows 100 to 125 for swaps, peptide LLWNGPMAV, weight TCRb
2024-11-14 09:23:07,230 - INFO - Processing rows 125 to 150 for swaps, peptide LLWNGPMAV, weight TCRb
2024-11-14 09:33:25,532 - INFO - Processing rows 150 to 175 for swaps, peptide LLWNGPMAV, weight TCRb
2024-11-14 09:43:27,297 - INFO - Processing rows 175 to 200 for swaps, peptide LLWNGPMAV, weight TCRb
2024-11-14 09:53:39,666 - INFO - Processing rows 200 to 225 for swaps, peptide LLWNGPMAV, weight TCRb
2024-11-14 10:03:58,249 - INFO - Processing rows 225 to 250 for swaps, peptide LLWNGPMAV, weight TCRb
2024-11-14 10:14:15,637 - INFO - Processing rows 250 to 275 for swaps, peptide LLWNGPMAV, weight TCRb
2024-11-14 10:24:33,260 - INFO - Processing rows 275 to 300 for swaps, peptide LLWNGPMAV, weight TCRb
2024-11-14 10:34:49,995 - INFO - Processing rows 300 to 325 for swaps, peptide LLWNGPMAV, weight TCRb
2024-11-14 10:45:10,475 - INFO - Processing rows 325 to 350 for swaps, peptide LLWNGPMAV, weight TCRb
2024-11-14 10:55:16,714 - INFO - Processing rows 350 to 375 for swaps, peptide LLWNGPMAV, weight TCRb
2024-11-14 11:05:16,943 - INFO - Processing rows 375 to 400 for swaps, peptide LLWNGPMAV, weight TCRb
2024-11-14 11:15:10,598 - INFO - Processing rows 400 to 425 for swaps, peptide LLWNGPMAV, weight TCRb
2024-11-14 11:25:21,531 - INFO - Processing rows 425 to 450 for swaps, peptide LLWNGPMAV, weight TCRb
2024-11-14 11:35:35,616 - INFO - Processing rows 450 to 475 for swaps, peptide LLWNGPMAV, weight TCRb
2024-11-14 11:45:36,916 - INFO - Processing rows 475 to 500 for swaps, peptide LLWNGPMAV, weight TCRb
2024-11-14 11:55:47,236 - INFO - Processing rows 500 to 525 for swaps, peptide LLWNGPMAV, weight TCRb
2024-11-14 12:05:58,683 - INFO - Processing rows 525 to 550 for swaps, peptide LLWNGPMAV, weight TCRb
2024-11-14 12:16:10,860 - INFO - Processing rows 550 to 575 for swaps, peptide LLWNGPMAV, weight TCRb
2024-11-14 12:26:20,487 - INFO - Processing rows 575 to 600 for swaps, peptide LLWNGPMAV, weight TCRb
2024-11-14 12:36:35,483 - INFO - Processing rows 600 to 625 for swaps, peptide LLWNGPMAV, weight TCRb
2024-11-14 12:46:45,559 - INFO - Processing rows 625 to 650 for swaps, peptide LLWNGPMAV, weight TCRb
2024-11-14 12:56:55,730 - INFO - Processing rows 650 to 675 for swaps, peptide LLWNGPMAV, weight TCRb
2024-11-14 13:07:10,806 - INFO - Processing rows 675 to 700 for swaps, peptide LLWNGPMAV, weight TCRb
2024-11-14 13:17:22,740 - INFO - Processing rows 700 to 725 for swaps, peptide LLWNGPMAV, weight TCRb
2024-11-14 13:27:38,408 - INFO - Processing rows 725 to 750 for swaps, peptide LLWNGPMAV, weight TCRb
2024-11-14 13:37:50,570 - INFO - Processing rows 750 to 775 for swaps, peptide LLWNGPMAV, weight TCRb
2024-11-14 13:47:47,962 - INFO - Processing rows 775 to 800 for swaps, peptide LLWNGPMAV, weight TCRb
2024-11-14 13:57:59,652 - INFO - Processing rows 800 to 825 for swaps, peptide LLWNGPMAV, weight TCRb
2024-11-14 14:07:55,119 - INFO - Processing rows 825 to 850 for swaps, peptide LLWNGPMAV, weight TCRb
2024-11-14 14:18:11,624 - INFO - Processing rows 850 to 875 for swaps, peptide LLWNGPMAV, weight TCRb
2024-11-14 14:28:27,491 - INFO - Processing rows 875 to 900 for swaps, peptide LLWNGPMAV, weight TCRb
2024-11-14 14:38:41,333 - INFO - Processing rows 900 to 925 for swaps, peptide LLWNGPMAV, weight TCRb
2024-11-14 14:48:56,873 - INFO - Processing rows 925 to 950 for swaps, peptide LLWNGPMAV, weight TCRb
2024-11-14 14:59:08,582 - INFO - Processing rows 950 to 975 for swaps, peptide LLWNGPMAV, weight TCRb
2024-11-14 15:09:21,014 - INFO - Processing rows 975 to 1000 for swaps, peptide LLWNGPMAV, weight TCRb
2024-11-14 15:19:36,216 - INFO - Processing rows 1000 to 1025 for swaps, peptide LLWNGPMAV, weight TCRb
2024-11-14 15:29:49,567 - INFO - Processing rows 1025 to 1050 for swaps, peptide LLWNGPMAV, weight TCRb
2024-11-14 15:40:02,597 - INFO - Processing rows 1050 to 1075 for swaps, peptide LLWNGPMAV, weight TCRb
2024-11-14 15:50:20,001 - INFO - Processing rows 1075 to 1100 for swaps, peptide LLWNGPMAV, weight TCRb
2024-11-14 16:00:35,129 - INFO - Processing rows 1100 to 1125 for swaps, peptide LLWNGPMAV, weight TCRb
2024-11-14 16:10:46,423 - INFO - Processing rows 1125 to 1150 for swaps, peptide LLWNGPMAV, weight TCRb
2024-11-14 16:20:59,772 - INFO - Processing rows 1150 to 1175 for swaps, peptide LLWNGPMAV, weight TCRb
2024-11-14 16:31:10,754 - INFO - Processing rows 1175 to 1200 for swaps, peptide LLWNGPMAV, weight TCRb
2024-11-14 16:41:22,662 - INFO - Processing rows 1200 to 1225 for swaps, peptide LLWNGPMAV, weight TCRb
2024-11-14 16:51:33,396 - INFO - Processing rows 1225 to 1250 for swaps, peptide LLWNGPMAV, weight TCRb
2024-11-14 17:01:45,032 - INFO - Processing rows 1250 to 1275 for swaps, peptide LLWNGPMAV, weight TCRb
2024-11-14 17:11:59,244 - INFO - Processing rows 1275 to 1300 for swaps, peptide LLWNGPMAV, weight TCRb
2024-11-14 17:22:09,266 - INFO - Processing rows 1300 to 1325 for swaps, peptide LLWNGPMAV, weight TCRb
2024-11-14 17:32:13,031 - INFO - Processing rows 1325 to 1350 for swaps, peptide LLWNGPMAV, weight TCRb
2024-11-14 17:42:21,613 - INFO - Processing rows 1350 to 1375 for swaps, peptide LLWNGPMAV, weight TCRb
2024-11-14 17:52:36,253 - INFO - Processing rows 1375 to 1400 for swaps, peptide LLWNGPMAV, weight TCRb
2024-11-14 18:02:50,179 - INFO - Processing rows 1400 to 1425 for swaps, peptide LLWNGPMAV, weight TCRb
2024-11-14 18:12:57,257 - INFO - Processing rows 1425 to 1450 for swaps, peptide LLWNGPMAV, weight TCRb
2024-11-14 18:23:05,440 - INFO - Processing rows 1450 to 1475 for swaps, peptide LLWNGPMAV, weight TCRb
2024-11-14 18:33:18,579 - INFO - Processing rows 1475 to 1500 for swaps, peptide LLWNGPMAV, weight TCRb
2024-11-14 18:43:21,541 - INFO - Processing rows 1500 to 1525 for swaps, peptide LLWNGPMAV, weight TCRb
2024-11-14 18:53:34,751 - INFO - Processing rows 1525 to 1550 for swaps, peptide LLWNGPMAV, weight TCRb
2024-11-14 19:03:50,574 - INFO - Processing rows 1550 to 1575 for swaps, peptide LLWNGPMAV, weight TCRb
2024-11-14 19:14:09,512 - INFO - Processing rows 1575 to 1600 for swaps, peptide LLWNGPMAV, weight TCRb
2024-11-14 19:24:20,203 - INFO - Processing rows 1600 to 1625 for swaps, peptide LLWNGPMAV, weight TCRb
2024-11-14 19:34:39,237 - INFO - Processing rows 1625 to 1650 for swaps, peptide LLWNGPMAV, weight TCRb
2024-11-14 19:44:51,306 - INFO - Processing rows 1650 to 1675 for swaps, peptide LLWNGPMAV, weight TCRb
2024-11-14 19:55:09,019 - INFO - Processing rows 1675 to 1700 for swaps, peptide LLWNGPMAV, weight TCRb
2024-11-14 20:05:24,470 - INFO - Processing rows 1700 to 1725 for swaps, peptide LLWNGPMAV, weight TCRb
2024-11-14 20:15:40,220 - INFO - Processing rows 1725 to 1750 for swaps, peptide LLWNGPMAV, weight TCRb
2024-11-14 20:25:57,434 - INFO - Processing rows 1750 to 1775 for swaps, peptide LLWNGPMAV, weight TCRb
2024-11-14 20:36:13,090 - INFO - Processing rows 1775 to 1800 for swaps, peptide LLWNGPMAV, weight TCRb
2024-11-14 20:46:28,002 - INFO - Processing rows 1800 to 1825 for swaps, peptide LLWNGPMAV, weight TCRb
2024-11-14 20:56:43,779 - INFO - Processing rows 1825 to 1850 for swaps, peptide LLWNGPMAV, weight TCRb
2024-11-14 21:06:56,702 - INFO - Processing rows 1850 to 1875 for swaps, peptide LLWNGPMAV, weight TCRb
2024-11-14 21:17:12,625 - INFO - Processing rows 1875 to 1900 for swaps, peptide LLWNGPMAV, weight TCRb
2024-11-14 21:27:26,613 - INFO - Processing rows 1900 to 1925 for swaps, peptide LLWNGPMAV, weight TCRb
2024-11-14 21:37:41,924 - INFO - Processing rows 1925 to 1950 for swaps, peptide LLWNGPMAV, weight TCRb
2024-11-14 21:47:42,386 - INFO - Processing rows 1950 to 1975 for swaps, peptide LLWNGPMAV, weight TCRb
2024-11-14 21:57:35,359 - INFO - Processing rows 1975 to 2000 for swaps, peptide LLWNGPMAV, weight TCRb
2024-11-14 22:07:30,015 - INFO - Processing rows 2000 to 2025 for swaps, peptide LLWNGPMAV, weight TCRb
2024-11-14 22:17:22,287 - INFO - Processing rows 2025 to 2050 for swaps, peptide LLWNGPMAV, weight TCRb
2024-11-14 22:27:17,443 - INFO - Processing rows 2050 to 2075 for swaps, peptide LLWNGPMAV, weight TCRb
2024-11-14 22:37:08,484 - INFO - Processing rows 2075 to 2100 for swaps, peptide LLWNGPMAV, weight TCRb
2024-11-14 22:46:43,911 - INFO - Processing rows 2100 to 2125 for swaps, peptide LLWNGPMAV, weight TCRb
2024-11-14 22:56:34,353 - INFO - Processing rows 2125 to 2150 for swaps, peptide LLWNGPMAV, weight TCRb
2024-11-14 23:06:26,687 - INFO - Processing rows 2150 to 2175 for swaps, peptide LLWNGPMAV, weight TCRb
2024-11-14 23:16:18,945 - INFO - Processing rows 2175 to 2200 for swaps, peptide LLWNGPMAV, weight TCRb
2024-11-14 23:26:12,493 - INFO - Processing rows 2200 to 2225 for swaps, peptide LLWNGPMAV, weight TCRb
2024-11-14 23:36:05,814 - INFO - Processing rows 2225 to 2226 for swaps, peptide LLWNGPMAV, weight TCRb
2024-11-14 23:36:27,337 - INFO - ESM finished.. Saving file...
2024-11-14 23:50:45,048 - INFO - Saved to /net/mimer/mnt/tank/projects2/emison/language_model/27th_Oct_new_matrices/04.11_new_esm/12.11/sequence_summed_vectors_swaps_LLWNGPMAV_TCRb.csv
