2024-11-13 19:13:17,505 - INFO - Loading and filtering dataset for peptide RAKFKQLL
2024-11-13 19:13:17,594 - INFO - Processing dataset for peptide RAKFKQLL with weight CDR1a
2024-11-13 19:13:17,597 - INFO - Processing rows 0 to 25 for binders, peptide RAKFKQLL, weight CDR1a
2024-11-13 19:13:34,946 - INFO - Processing rows 25 to 50 for binders, peptide RAKFKQLL, weight CDR1a
2024-11-13 19:13:52,580 - INFO - Processing rows 50 to 75 for binders, peptide RAKFKQLL, weight CDR1a
2024-11-13 19:14:08,068 - INFO - Processing rows 75 to 100 for binders, peptide RAKFKQLL, weight CDR1a
2024-11-13 19:14:25,742 - INFO - Processing rows 100 to 125 for binders, peptide RAKFKQLL, weight CDR1a
2024-11-13 19:14:43,207 - INFO - Processing rows 125 to 150 for binders, peptide RAKFKQLL, weight CDR1a
2024-11-13 19:15:00,654 - INFO - Processing rows 150 to 175 for binders, peptide RAKFKQLL, weight CDR1a
2024-11-13 19:15:18,038 - INFO - Processing rows 175 to 200 for binders, peptide RAKFKQLL, weight CDR1a
2024-11-13 19:15:35,256 - INFO - Processing rows 200 to 225 for binders, peptide RAKFKQLL, weight CDR1a
2024-11-13 19:15:52,514 - INFO - Processing rows 225 to 250 for binders, peptide RAKFKQLL, weight CDR1a
2024-11-13 19:16:09,977 - INFO - Processing rows 250 to 275 for binders, peptide RAKFKQLL, weight CDR1a
2024-11-13 19:16:27,366 - INFO - Processing rows 275 to 300 for binders, peptide RAKFKQLL, weight CDR1a
2024-11-13 19:16:44,795 - INFO - Processing rows 300 to 325 for binders, peptide RAKFKQLL, weight CDR1a
2024-11-13 19:17:02,311 - INFO - Processing rows 325 to 350 for binders, peptide RAKFKQLL, weight CDR1a
2024-11-13 19:17:19,693 - INFO - Processing rows 350 to 375 for binders, peptide RAKFKQLL, weight CDR1a
2024-11-13 19:17:37,074 - INFO - Processing rows 375 to 400 for binders, peptide RAKFKQLL, weight CDR1a
2024-11-13 19:17:54,504 - INFO - Processing rows 400 to 425 for binders, peptide RAKFKQLL, weight CDR1a
2024-11-13 19:18:11,861 - INFO - Processing rows 425 to 450 for binders, peptide RAKFKQLL, weight CDR1a
2024-11-13 19:18:29,326 - INFO - Processing rows 450 to 475 for binders, peptide RAKFKQLL, weight CDR1a
2024-11-13 19:18:46,711 - INFO - Processing rows 475 to 500 for binders, peptide RAKFKQLL, weight CDR1a
2024-11-13 19:19:04,095 - INFO - Processing rows 500 to 525 for binders, peptide RAKFKQLL, weight CDR1a
2024-11-13 19:19:21,611 - INFO - Processing rows 525 to 550 for binders, peptide RAKFKQLL, weight CDR1a
2024-11-13 19:19:38,977 - INFO - Processing rows 550 to 575 for binders, peptide RAKFKQLL, weight CDR1a
2024-11-13 19:19:56,354 - INFO - Processing rows 575 to 600 for binders, peptide RAKFKQLL, weight CDR1a
2024-11-13 19:20:13,796 - INFO - Processing rows 600 to 625 for binders, peptide RAKFKQLL, weight CDR1a
2024-11-13 19:20:31,156 - INFO - Processing rows 625 to 650 for binders, peptide RAKFKQLL, weight CDR1a
2024-11-13 19:20:48,597 - INFO - Processing rows 650 to 675 for binders, peptide RAKFKQLL, weight CDR1a
2024-11-13 19:21:05,994 - INFO - Processing rows 675 to 700 for binders, peptide RAKFKQLL, weight CDR1a
2024-11-13 19:21:23,170 - INFO - Processing rows 700 to 725 for binders, peptide RAKFKQLL, weight CDR1a
2024-11-13 19:21:40,431 - INFO - Processing rows 725 to 750 for binders, peptide RAKFKQLL, weight CDR1a
2024-11-13 19:21:57,600 - INFO - Processing rows 750 to 775 for binders, peptide RAKFKQLL, weight CDR1a
2024-11-13 19:22:14,769 - INFO - Processing rows 775 to 800 for binders, peptide RAKFKQLL, weight CDR1a
2024-11-13 19:22:31,966 - INFO - Processing rows 800 to 825 for binders, peptide RAKFKQLL, weight CDR1a
2024-11-13 19:22:49,143 - INFO - Processing rows 825 to 830 for binders, peptide RAKFKQLL, weight CDR1a
Traceback (most recent call last):
  File "/net/mimer/mnt/tank/projects2/emison/language_model/27th_Oct_new_matrices/04.11_new_esm/12.11/run_esm_binders.py", line 90, in <module>
    process_sequences(df_filtered, peptide, weight, "binders")
  File "/net/mimer/mnt/tank/projects2/emison/language_model/27th_Oct_new_matrices/04.11_new_esm/12.11/run_esm_binders.py", line 82, in process_sequences
    output_df.insert(0, "raw_index", raw_indexes)
  File "/home/projects2/emison/language_model/miniconda3/envs/esm2_emison/lib/python3.12/site-packages/pandas/core/frame.py", line 5171, in insert
    value, refs = self._sanitize_column(value)
                  ^^^^^^^^^^^^^^^^^^^^^^^^^^^^
  File "/home/projects2/emison/language_model/miniconda3/envs/esm2_emison/lib/python3.12/site-packages/pandas/core/frame.py", line 5266, in _sanitize_column
    com.require_length_match(value, self.index)
  File "/home/projects2/emison/language_model/miniconda3/envs/esm2_emison/lib/python3.12/site-packages/pandas/core/common.py", line 573, in require_length_match
    raise ValueError(
ValueError: Length of values (830) does not match length of index (5)
