2024-11-14 07:57:39,790 - INFO - Loading and filtering dataset for peptide RAKFKQLL
2024-11-14 07:57:39,834 - INFO - Processing dataset for peptide RAKFKQLL with weight CDR2b
2024-11-14 07:57:39,835 - INFO - Processing rows 0 to 25 for binders, peptide RAKFKQLL, weight CDR2b
2024-11-14 07:57:42,169 - INFO - Processing rows 25 to 50 for binders, peptide RAKFKQLL, weight CDR2b
2024-11-14 07:57:44,507 - INFO - Processing rows 50 to 75 for binders, peptide RAKFKQLL, weight CDR2b
2024-11-14 07:57:46,852 - INFO - Processing rows 75 to 100 for binders, peptide RAKFKQLL, weight CDR2b
2024-11-14 07:57:49,191 - INFO - Processing rows 100 to 125 for binders, peptide RAKFKQLL, weight CDR2b
2024-11-14 07:57:51,186 - INFO - Processing rows 125 to 150 for binders, peptide RAKFKQLL, weight CDR2b
2024-11-14 07:57:53,104 - INFO - Processing rows 150 to 175 for binders, peptide RAKFKQLL, weight CDR2b
2024-11-14 07:57:55,000 - INFO - Processing rows 175 to 200 for binders, peptide RAKFKQLL, weight CDR2b
2024-11-14 07:57:56,927 - INFO - Processing rows 200 to 225 for binders, peptide RAKFKQLL, weight CDR2b
2024-11-14 07:57:58,853 - INFO - Processing rows 225 to 250 for binders, peptide RAKFKQLL, weight CDR2b
2024-11-14 07:58:00,780 - INFO - Processing rows 250 to 275 for binders, peptide RAKFKQLL, weight CDR2b
2024-11-14 07:58:02,696 - INFO - Processing rows 275 to 300 for binders, peptide RAKFKQLL, weight CDR2b
2024-11-14 07:58:04,578 - INFO - Processing rows 300 to 325 for binders, peptide RAKFKQLL, weight CDR2b
2024-11-14 07:58:06,469 - INFO - Processing rows 325 to 350 for binders, peptide RAKFKQLL, weight CDR2b
2024-11-14 07:58:08,339 - INFO - Processing rows 350 to 375 for binders, peptide RAKFKQLL, weight CDR2b
2024-11-14 07:58:10,248 - INFO - Processing rows 375 to 400 for binders, peptide RAKFKQLL, weight CDR2b
2024-11-14 07:58:12,142 - INFO - Processing rows 400 to 425 for binders, peptide RAKFKQLL, weight CDR2b
2024-11-14 07:58:14,036 - INFO - Processing rows 425 to 450 for binders, peptide RAKFKQLL, weight CDR2b
2024-11-14 07:58:15,966 - INFO - Processing rows 450 to 475 for binders, peptide RAKFKQLL, weight CDR2b
2024-11-14 07:58:17,883 - INFO - Processing rows 475 to 500 for binders, peptide RAKFKQLL, weight CDR2b
2024-11-14 07:58:19,800 - INFO - Processing rows 500 to 525 for binders, peptide RAKFKQLL, weight CDR2b
2024-11-14 07:58:21,671 - INFO - Processing rows 525 to 550 for binders, peptide RAKFKQLL, weight CDR2b
2024-11-14 07:58:23,551 - INFO - Processing rows 550 to 575 for binders, peptide RAKFKQLL, weight CDR2b
2024-11-14 07:58:25,497 - INFO - Processing rows 575 to 600 for binders, peptide RAKFKQLL, weight CDR2b
2024-11-14 07:58:27,387 - INFO - Processing rows 600 to 625 for binders, peptide RAKFKQLL, weight CDR2b
2024-11-14 07:58:29,284 - INFO - Processing rows 625 to 650 for binders, peptide RAKFKQLL, weight CDR2b
2024-11-14 07:58:31,185 - INFO - Processing rows 650 to 675 for binders, peptide RAKFKQLL, weight CDR2b
2024-11-14 07:58:33,075 - INFO - Processing rows 675 to 700 for binders, peptide RAKFKQLL, weight CDR2b
2024-11-14 07:58:34,948 - INFO - Processing rows 700 to 725 for binders, peptide RAKFKQLL, weight CDR2b
2024-11-14 07:58:36,850 - INFO - Processing rows 725 to 750 for binders, peptide RAKFKQLL, weight CDR2b
2024-11-14 07:58:38,742 - INFO - Processing rows 750 to 775 for binders, peptide RAKFKQLL, weight CDR2b
2024-11-14 07:58:40,599 - INFO - Processing rows 775 to 800 for binders, peptide RAKFKQLL, weight CDR2b
2024-11-14 07:58:42,460 - INFO - Processing rows 800 to 825 for binders, peptide RAKFKQLL, weight CDR2b
2024-11-14 07:58:44,332 - INFO - Processing rows 825 to 830 for binders, peptide RAKFKQLL, weight CDR2b
2024-11-14 07:58:44,913 - INFO - ESM finished - Saving file...
Traceback (most recent call last):
  File "/net/mimer/mnt/tank/projects2/emison/language_model/27th_Oct_new_matrices/04.11_new_esm/12.11/run_esm_binders.py", line 90, in <module>
    process_sequences(df_filtered, peptide, weight, "binders")
  File "/net/mimer/mnt/tank/projects2/emison/language_model/27th_Oct_new_matrices/04.11_new_esm/12.11/run_esm_binders.py", line 82, in process_sequences
    output_df.insert(0, "raw_index", raw_indexes)
  File "/home/projects2/emison/language_model/miniconda3/envs/esm2_emison/lib/python3.12/site-packages/pandas/core/frame.py", line 5171, in insert
    value, refs = self._sanitize_column(value)
                  ^^^^^^^^^^^^^^^^^^^^^^^^^^^^
  File "/home/projects2/emison/language_model/miniconda3/envs/esm2_emison/lib/python3.12/site-packages/pandas/core/frame.py", line 5266, in _sanitize_column
    com.require_length_match(value, self.index)
  File "/home/projects2/emison/language_model/miniconda3/envs/esm2_emison/lib/python3.12/site-packages/pandas/core/common.py", line 573, in require_length_match
    raise ValueError(
ValueError: Length of values (830) does not match length of index (5)
