2024-11-13 19:27:25,108 - INFO - Loading and filtering dataset for peptide RAKFKQLL
2024-11-13 19:27:25,641 - INFO - Processing dataset for peptide RAKFKQLL with weight CDR1b
2024-11-13 19:27:25,645 - INFO - Processing rows 0 to 25 for swaps, peptide RAKFKQLL, weight CDR1b
2024-11-13 19:27:41,340 - INFO - Processing rows 25 to 50 for swaps, peptide RAKFKQLL, weight CDR1b
2024-11-13 19:27:56,596 - INFO - Processing rows 50 to 75 for swaps, peptide RAKFKQLL, weight CDR1b
2024-11-13 19:28:12,073 - INFO - Processing rows 75 to 100 for swaps, peptide RAKFKQLL, weight CDR1b
2024-11-13 19:28:35,787 - INFO - Processing rows 100 to 125 for swaps, peptide RAKFKQLL, weight CDR1b
2024-11-13 19:28:51,816 - INFO - Processing rows 125 to 150 for swaps, peptide RAKFKQLL, weight CDR1b
2024-11-13 19:29:07,803 - INFO - Processing rows 150 to 175 for swaps, peptide RAKFKQLL, weight CDR1b
2024-11-13 19:29:23,695 - INFO - Processing rows 175 to 200 for swaps, peptide RAKFKQLL, weight CDR1b
2024-11-13 19:29:39,465 - INFO - Processing rows 200 to 225 for swaps, peptide RAKFKQLL, weight CDR1b
2024-11-13 19:29:55,202 - INFO - Processing rows 225 to 250 for swaps, peptide RAKFKQLL, weight CDR1b
2024-11-13 19:30:10,963 - INFO - Processing rows 250 to 275 for swaps, peptide RAKFKQLL, weight CDR1b
2024-11-13 19:30:26,670 - INFO - Processing rows 275 to 300 for swaps, peptide RAKFKQLL, weight CDR1b
2024-11-13 19:30:42,367 - INFO - Processing rows 300 to 325 for swaps, peptide RAKFKQLL, weight CDR1b
2024-11-13 19:30:58,107 - INFO - Processing rows 325 to 350 for swaps, peptide RAKFKQLL, weight CDR1b
2024-11-13 19:31:13,880 - INFO - Processing rows 350 to 375 for swaps, peptide RAKFKQLL, weight CDR1b
2024-11-13 19:31:29,583 - INFO - Processing rows 375 to 400 for swaps, peptide RAKFKQLL, weight CDR1b
2024-11-13 19:31:45,300 - INFO - Processing rows 400 to 425 for swaps, peptide RAKFKQLL, weight CDR1b
2024-11-13 19:32:01,011 - INFO - Processing rows 425 to 450 for swaps, peptide RAKFKQLL, weight CDR1b
2024-11-13 19:32:16,577 - INFO - Processing rows 450 to 475 for swaps, peptide RAKFKQLL, weight CDR1b
2024-11-13 19:32:32,178 - INFO - Processing rows 475 to 500 for swaps, peptide RAKFKQLL, weight CDR1b
2024-11-13 19:32:47,782 - INFO - Processing rows 500 to 525 for swaps, peptide RAKFKQLL, weight CDR1b
2024-11-13 19:33:01,854 - INFO - Processing rows 525 to 550 for swaps, peptide RAKFKQLL, weight CDR1b
2024-11-13 19:33:18,716 - INFO - Processing rows 550 to 575 for swaps, peptide RAKFKQLL, weight CDR1b
2024-11-13 19:33:34,187 - INFO - Processing rows 575 to 600 for swaps, peptide RAKFKQLL, weight CDR1b
2024-11-13 19:33:49,718 - INFO - Processing rows 600 to 625 for swaps, peptide RAKFKQLL, weight CDR1b
2024-11-13 19:34:05,303 - INFO - Processing rows 625 to 650 for swaps, peptide RAKFKQLL, weight CDR1b
2024-11-13 19:34:20,897 - INFO - Processing rows 650 to 675 for swaps, peptide RAKFKQLL, weight CDR1b
2024-11-13 19:34:36,683 - INFO - Processing rows 675 to 700 for swaps, peptide RAKFKQLL, weight CDR1b
2024-11-13 19:34:52,458 - INFO - Processing rows 700 to 725 for swaps, peptide RAKFKQLL, weight CDR1b
2024-11-13 19:35:08,229 - INFO - Processing rows 725 to 750 for swaps, peptide RAKFKQLL, weight CDR1b
2024-11-13 19:35:23,935 - INFO - Processing rows 750 to 775 for swaps, peptide RAKFKQLL, weight CDR1b
2024-11-13 19:35:39,537 - INFO - Processing rows 775 to 800 for swaps, peptide RAKFKQLL, weight CDR1b
2024-11-13 19:35:55,116 - INFO - Processing rows 800 to 825 for swaps, peptide RAKFKQLL, weight CDR1b
2024-11-13 19:36:09,091 - INFO - Processing rows 825 to 850 for swaps, peptide RAKFKQLL, weight CDR1b
2024-11-13 19:36:24,804 - INFO - Processing rows 850 to 875 for swaps, peptide RAKFKQLL, weight CDR1b
2024-11-13 19:36:40,580 - INFO - Processing rows 875 to 900 for swaps, peptide RAKFKQLL, weight CDR1b
2024-11-13 19:36:56,407 - INFO - Processing rows 900 to 925 for swaps, peptide RAKFKQLL, weight CDR1b
2024-11-13 19:37:12,224 - INFO - Processing rows 925 to 950 for swaps, peptide RAKFKQLL, weight CDR1b
2024-11-13 19:37:26,279 - INFO - Processing rows 950 to 975 for swaps, peptide RAKFKQLL, weight CDR1b
2024-11-13 19:37:41,877 - INFO - Processing rows 975 to 1000 for swaps, peptide RAKFKQLL, weight CDR1b
2024-11-13 19:37:57,480 - INFO - Processing rows 1000 to 1025 for swaps, peptide RAKFKQLL, weight CDR1b
2024-11-13 19:38:13,070 - INFO - Processing rows 1025 to 1050 for swaps, peptide RAKFKQLL, weight CDR1b
2024-11-13 19:38:28,841 - INFO - Processing rows 1050 to 1075 for swaps, peptide RAKFKQLL, weight CDR1b
2024-11-13 19:38:44,641 - INFO - Processing rows 1075 to 1100 for swaps, peptide RAKFKQLL, weight CDR1b
2024-11-13 19:39:00,400 - INFO - Processing rows 1100 to 1125 for swaps, peptide RAKFKQLL, weight CDR1b
2024-11-13 19:39:16,188 - INFO - Processing rows 1125 to 1150 for swaps, peptide RAKFKQLL, weight CDR1b
2024-11-13 19:39:30,263 - INFO - Processing rows 1150 to 1175 for swaps, peptide RAKFKQLL, weight CDR1b
2024-11-13 19:39:46,049 - INFO - Processing rows 1175 to 1200 for swaps, peptide RAKFKQLL, weight CDR1b
2024-11-13 19:40:01,822 - INFO - Processing rows 1200 to 1225 for swaps, peptide RAKFKQLL, weight CDR1b
2024-11-13 19:40:17,651 - INFO - Processing rows 1225 to 1250 for swaps, peptide RAKFKQLL, weight CDR1b
2024-11-13 19:40:33,415 - INFO - Processing rows 1250 to 1275 for swaps, peptide RAKFKQLL, weight CDR1b
2024-11-13 19:40:49,213 - INFO - Processing rows 1275 to 1300 for swaps, peptide RAKFKQLL, weight CDR1b
2024-11-13 19:41:04,997 - INFO - Processing rows 1300 to 1325 for swaps, peptide RAKFKQLL, weight CDR1b
2024-11-13 19:41:20,785 - INFO - Processing rows 1325 to 1350 for swaps, peptide RAKFKQLL, weight CDR1b
2024-11-13 19:41:36,581 - INFO - Processing rows 1350 to 1375 for swaps, peptide RAKFKQLL, weight CDR1b
2024-11-13 19:41:52,390 - INFO - Processing rows 1375 to 1400 for swaps, peptide RAKFKQLL, weight CDR1b
2024-11-13 19:42:08,184 - INFO - Processing rows 1400 to 1425 for swaps, peptide RAKFKQLL, weight CDR1b
2024-11-13 19:42:23,797 - INFO - Processing rows 1425 to 1450 for swaps, peptide RAKFKQLL, weight CDR1b
2024-11-13 19:42:38,856 - INFO - Processing rows 1450 to 1475 for swaps, peptide RAKFKQLL, weight CDR1b
2024-11-13 19:42:53,781 - INFO - Processing rows 1475 to 1500 for swaps, peptide RAKFKQLL, weight CDR1b
2024-11-13 19:43:08,606 - INFO - Processing rows 1500 to 1525 for swaps, peptide RAKFKQLL, weight CDR1b
2024-11-13 19:43:23,461 - INFO - Processing rows 1525 to 1550 for swaps, peptide RAKFKQLL, weight CDR1b
2024-11-13 19:43:38,327 - INFO - Processing rows 1550 to 1575 for swaps, peptide RAKFKQLL, weight CDR1b
2024-11-13 19:43:53,210 - INFO - Processing rows 1575 to 1600 for swaps, peptide RAKFKQLL, weight CDR1b
2024-11-13 19:44:08,084 - INFO - Processing rows 1600 to 1625 for swaps, peptide RAKFKQLL, weight CDR1b
2024-11-13 19:44:22,803 - INFO - Processing rows 1625 to 1650 for swaps, peptide RAKFKQLL, weight CDR1b
2024-11-13 19:44:35,889 - INFO - Processing rows 1650 to 1675 for swaps, peptide RAKFKQLL, weight CDR1b
2024-11-13 19:44:50,733 - INFO - Processing rows 1675 to 1700 for swaps, peptide RAKFKQLL, weight CDR1b
2024-11-13 19:45:05,603 - INFO - Processing rows 1700 to 1725 for swaps, peptide RAKFKQLL, weight CDR1b
2024-11-13 19:45:20,487 - INFO - Processing rows 1725 to 1750 for swaps, peptide RAKFKQLL, weight CDR1b
2024-11-13 19:45:35,358 - INFO - Processing rows 1750 to 1775 for swaps, peptide RAKFKQLL, weight CDR1b
2024-11-13 19:45:50,131 - INFO - Processing rows 1775 to 1800 for swaps, peptide RAKFKQLL, weight CDR1b
2024-11-13 19:46:03,194 - INFO - Processing rows 1800 to 1825 for swaps, peptide RAKFKQLL, weight CDR1b
2024-11-13 19:46:17,879 - INFO - Processing rows 1825 to 1850 for swaps, peptide RAKFKQLL, weight CDR1b
2024-11-13 19:46:32,567 - INFO - Processing rows 1850 to 1875 for swaps, peptide RAKFKQLL, weight CDR1b
2024-11-13 19:46:47,398 - INFO - Processing rows 1875 to 1900 for swaps, peptide RAKFKQLL, weight CDR1b
2024-11-13 19:47:02,258 - INFO - Processing rows 1900 to 1925 for swaps, peptide RAKFKQLL, weight CDR1b
2024-11-13 19:47:17,112 - INFO - Processing rows 1925 to 1950 for swaps, peptide RAKFKQLL, weight CDR1b
2024-11-13 19:47:31,950 - INFO - Processing rows 1950 to 1975 for swaps, peptide RAKFKQLL, weight CDR1b
2024-11-13 19:47:45,179 - INFO - Processing rows 1975 to 2000 for swaps, peptide RAKFKQLL, weight CDR1b
2024-11-13 19:48:00,036 - INFO - Processing rows 2000 to 2025 for swaps, peptide RAKFKQLL, weight CDR1b
2024-11-13 19:48:14,881 - INFO - Processing rows 2025 to 2050 for swaps, peptide RAKFKQLL, weight CDR1b
2024-11-13 19:48:28,115 - INFO - Processing rows 2050 to 2075 for swaps, peptide RAKFKQLL, weight CDR1b
2024-11-13 19:48:42,976 - INFO - Processing rows 2075 to 2100 for swaps, peptide RAKFKQLL, weight CDR1b
2024-11-13 19:48:57,819 - INFO - Processing rows 2100 to 2125 for swaps, peptide RAKFKQLL, weight CDR1b
2024-11-13 19:49:12,638 - INFO - Processing rows 2125 to 2150 for swaps, peptide RAKFKQLL, weight CDR1b
2024-11-13 19:49:27,500 - INFO - Processing rows 2150 to 2175 for swaps, peptide RAKFKQLL, weight CDR1b
2024-11-13 19:49:42,356 - INFO - Processing rows 2175 to 2200 for swaps, peptide RAKFKQLL, weight CDR1b
2024-11-13 19:49:57,198 - INFO - Processing rows 2200 to 2225 for swaps, peptide RAKFKQLL, weight CDR1b
2024-11-13 19:50:10,458 - INFO - Processing rows 2225 to 2250 for swaps, peptide RAKFKQLL, weight CDR1b
2024-11-13 19:50:25,380 - INFO - Processing rows 2250 to 2275 for swaps, peptide RAKFKQLL, weight CDR1b
2024-11-13 19:50:40,240 - INFO - Processing rows 2275 to 2300 for swaps, peptide RAKFKQLL, weight CDR1b
2024-11-13 19:50:55,095 - INFO - Processing rows 2300 to 2325 for swaps, peptide RAKFKQLL, weight CDR1b
2024-11-13 19:51:08,329 - INFO - Processing rows 2325 to 2350 for swaps, peptide RAKFKQLL, weight CDR1b
2024-11-13 19:51:23,174 - INFO - Processing rows 2350 to 2375 for swaps, peptide RAKFKQLL, weight CDR1b
2024-11-13 19:51:38,034 - INFO - Processing rows 2375 to 2400 for swaps, peptide RAKFKQLL, weight CDR1b
2024-11-13 19:51:52,886 - INFO - Processing rows 2400 to 2425 for swaps, peptide RAKFKQLL, weight CDR1b
2024-11-13 19:52:06,127 - INFO - Processing rows 2425 to 2450 for swaps, peptide RAKFKQLL, weight CDR1b
2024-11-13 19:52:20,996 - INFO - Processing rows 2450 to 2475 for swaps, peptide RAKFKQLL, weight CDR1b
2024-11-13 19:52:35,832 - INFO - Processing rows 2475 to 2500 for swaps, peptide RAKFKQLL, weight CDR1b
2024-11-13 19:52:50,677 - INFO - Processing rows 2500 to 2525 for swaps, peptide RAKFKQLL, weight CDR1b
2024-11-13 19:53:05,529 - INFO - Processing rows 2525 to 2550 for swaps, peptide RAKFKQLL, weight CDR1b
2024-11-13 19:53:20,383 - INFO - Processing rows 2550 to 2575 for swaps, peptide RAKFKQLL, weight CDR1b
2024-11-13 19:53:35,219 - INFO - Processing rows 2575 to 2600 for swaps, peptide RAKFKQLL, weight CDR1b
2024-11-13 19:53:50,000 - INFO - Processing rows 2600 to 2625 for swaps, peptide RAKFKQLL, weight CDR1b
2024-11-13 19:54:03,099 - INFO - Processing rows 2625 to 2650 for swaps, peptide RAKFKQLL, weight CDR1b
2024-11-13 19:54:17,798 - INFO - Processing rows 2650 to 2675 for swaps, peptide RAKFKQLL, weight CDR1b
2024-11-13 19:54:30,878 - INFO - Processing rows 2675 to 2700 for swaps, peptide RAKFKQLL, weight CDR1b
2024-11-13 19:54:43,960 - INFO - Processing rows 2700 to 2725 for swaps, peptide RAKFKQLL, weight CDR1b
2024-11-13 19:54:58,648 - INFO - Processing rows 2725 to 2750 for swaps, peptide RAKFKQLL, weight CDR1b
2024-11-13 19:55:13,449 - INFO - Processing rows 2750 to 2775 for swaps, peptide RAKFKQLL, weight CDR1b
2024-11-13 19:55:28,299 - INFO - Processing rows 2775 to 2800 for swaps, peptide RAKFKQLL, weight CDR1b
2024-11-13 19:55:43,144 - INFO - Processing rows 2800 to 2825 for swaps, peptide RAKFKQLL, weight CDR1b
2024-11-13 19:55:56,394 - INFO - Processing rows 2825 to 2850 for swaps, peptide RAKFKQLL, weight CDR1b
2024-11-13 19:56:11,299 - INFO - Processing rows 2850 to 2875 for swaps, peptide RAKFKQLL, weight CDR1b
2024-11-13 19:56:26,176 - INFO - Processing rows 2875 to 2900 for swaps, peptide RAKFKQLL, weight CDR1b
2024-11-13 19:56:41,031 - INFO - Processing rows 2900 to 2925 for swaps, peptide RAKFKQLL, weight CDR1b
2024-11-13 19:56:55,879 - INFO - Processing rows 2925 to 2950 for swaps, peptide RAKFKQLL, weight CDR1b
2024-11-13 19:57:10,720 - INFO - Processing rows 2950 to 2975 for swaps, peptide RAKFKQLL, weight CDR1b
2024-11-13 19:57:25,549 - INFO - Processing rows 2975 to 3000 for swaps, peptide RAKFKQLL, weight CDR1b
2024-11-13 19:57:40,404 - INFO - Processing rows 3000 to 3025 for swaps, peptide RAKFKQLL, weight CDR1b
2024-11-13 19:57:53,645 - INFO - Processing rows 3025 to 3050 for swaps, peptide RAKFKQLL, weight CDR1b
2024-11-13 19:58:08,501 - INFO - Processing rows 3050 to 3075 for swaps, peptide RAKFKQLL, weight CDR1b
2024-11-13 19:58:23,349 - INFO - Processing rows 3075 to 3100 for swaps, peptide RAKFKQLL, weight CDR1b
2024-11-13 19:58:38,184 - INFO - Processing rows 3100 to 3125 for swaps, peptide RAKFKQLL, weight CDR1b
2024-11-13 19:58:53,010 - INFO - Processing rows 3125 to 3150 for swaps, peptide RAKFKQLL, weight CDR1b
2024-11-13 19:59:07,841 - INFO - Processing rows 3150 to 3175 for swaps, peptide RAKFKQLL, weight CDR1b
2024-11-13 19:59:22,662 - INFO - Processing rows 3175 to 3200 for swaps, peptide RAKFKQLL, weight CDR1b
2024-11-13 19:59:35,911 - INFO - Processing rows 3200 to 3225 for swaps, peptide RAKFKQLL, weight CDR1b
2024-11-13 19:59:50,746 - INFO - Processing rows 3225 to 3250 for swaps, peptide RAKFKQLL, weight CDR1b
2024-11-13 20:00:05,611 - INFO - Processing rows 3250 to 3275 for swaps, peptide RAKFKQLL, weight CDR1b
2024-11-13 20:00:18,833 - INFO - Processing rows 3275 to 3300 for swaps, peptide RAKFKQLL, weight CDR1b
2024-11-13 20:00:33,699 - INFO - Processing rows 3300 to 3325 for swaps, peptide RAKFKQLL, weight CDR1b
2024-11-13 20:00:48,556 - INFO - Processing rows 3325 to 3350 for swaps, peptide RAKFKQLL, weight CDR1b
2024-11-13 20:01:03,324 - INFO - Processing rows 3350 to 3375 for swaps, peptide RAKFKQLL, weight CDR1b
2024-11-13 20:01:16,415 - INFO - Processing rows 3375 to 3400 for swaps, peptide RAKFKQLL, weight CDR1b
2024-11-13 20:01:31,124 - INFO - Processing rows 3400 to 3425 for swaps, peptide RAKFKQLL, weight CDR1b
2024-11-13 20:01:45,804 - INFO - Processing rows 3425 to 3450 for swaps, peptide RAKFKQLL, weight CDR1b
2024-11-13 20:02:00,480 - INFO - Processing rows 3450 to 3475 for swaps, peptide RAKFKQLL, weight CDR1b
2024-11-13 20:02:13,558 - INFO - Processing rows 3475 to 3500 for swaps, peptide RAKFKQLL, weight CDR1b
2024-11-13 20:02:28,407 - INFO - Processing rows 3500 to 3525 for swaps, peptide RAKFKQLL, weight CDR1b
2024-11-13 20:02:41,644 - INFO - Processing rows 3525 to 3550 for swaps, peptide RAKFKQLL, weight CDR1b
2024-11-13 20:02:56,496 - INFO - Processing rows 3550 to 3575 for swaps, peptide RAKFKQLL, weight CDR1b
2024-11-13 20:03:11,345 - INFO - Processing rows 3575 to 3600 for swaps, peptide RAKFKQLL, weight CDR1b
2024-11-13 20:03:26,255 - INFO - Processing rows 3600 to 3625 for swaps, peptide RAKFKQLL, weight CDR1b
2024-11-13 20:03:41,043 - INFO - Processing rows 3625 to 3650 for swaps, peptide RAKFKQLL, weight CDR1b
2024-11-13 20:03:54,274 - INFO - Processing rows 3650 to 3675 for swaps, peptide RAKFKQLL, weight CDR1b
2024-11-13 20:04:07,507 - INFO - Processing rows 3675 to 3700 for swaps, peptide RAKFKQLL, weight CDR1b
2024-11-13 20:04:22,377 - INFO - Processing rows 3700 to 3725 for swaps, peptide RAKFKQLL, weight CDR1b
2024-11-13 20:04:37,259 - INFO - Processing rows 3725 to 3750 for swaps, peptide RAKFKQLL, weight CDR1b
2024-11-13 20:04:50,523 - INFO - Processing rows 3750 to 3775 for swaps, peptide RAKFKQLL, weight CDR1b
2024-11-13 20:05:05,399 - INFO - Processing rows 3775 to 3800 for swaps, peptide RAKFKQLL, weight CDR1b
2024-11-13 20:05:20,250 - INFO - Processing rows 3800 to 3825 for swaps, peptide RAKFKQLL, weight CDR1b
2024-11-13 20:05:35,112 - INFO - Processing rows 3825 to 3850 for swaps, peptide RAKFKQLL, weight CDR1b
2024-11-13 20:05:49,941 - INFO - Processing rows 3850 to 3875 for swaps, peptide RAKFKQLL, weight CDR1b
2024-11-13 20:06:04,813 - INFO - Processing rows 3875 to 3900 for swaps, peptide RAKFKQLL, weight CDR1b
2024-11-13 20:06:18,078 - INFO - Processing rows 3900 to 3925 for swaps, peptide RAKFKQLL, weight CDR1b
2024-11-13 20:06:32,938 - INFO - Processing rows 3925 to 3950 for swaps, peptide RAKFKQLL, weight CDR1b
2024-11-13 20:06:47,793 - INFO - Processing rows 3950 to 3975 for swaps, peptide RAKFKQLL, weight CDR1b
2024-11-13 20:07:02,646 - INFO - Processing rows 3975 to 4000 for swaps, peptide RAKFKQLL, weight CDR1b
2024-11-13 20:07:17,518 - INFO - Processing rows 4000 to 4025 for swaps, peptide RAKFKQLL, weight CDR1b
2024-11-13 20:07:32,382 - INFO - Processing rows 4025 to 4050 for swaps, peptide RAKFKQLL, weight CDR1b
2024-11-13 20:07:45,618 - INFO - Processing rows 4050 to 4075 for swaps, peptide RAKFKQLL, weight CDR1b
2024-11-13 20:08:00,480 - INFO - Processing rows 4075 to 4100 for swaps, peptide RAKFKQLL, weight CDR1b
2024-11-13 20:08:15,310 - INFO - Processing rows 4100 to 4125 for swaps, peptide RAKFKQLL, weight CDR1b
2024-11-13 20:08:30,153 - INFO - Processing rows 4125 to 4150 for swaps, peptide RAKFKQLL, weight CDR1b
2024-11-13 20:08:45,004 - INFO - Processing rows 4150 to 4175 for swaps, peptide RAKFKQLL, weight CDR1b
2024-11-13 20:08:59,858 - INFO - Processing rows 4175 to 4200 for swaps, peptide RAKFKQLL, weight CDR1b
2024-11-13 20:09:14,720 - INFO - Processing rows 4200 to 4225 for swaps, peptide RAKFKQLL, weight CDR1b
2024-11-13 20:09:29,488 - INFO - Processing rows 4225 to 4250 for swaps, peptide RAKFKQLL, weight CDR1b
2024-11-13 20:09:44,188 - INFO - Processing rows 4250 to 4275 for swaps, peptide RAKFKQLL, weight CDR1b
2024-11-13 20:09:58,863 - INFO - Processing rows 4275 to 4300 for swaps, peptide RAKFKQLL, weight CDR1b
2024-11-13 20:10:13,602 - INFO - Processing rows 4300 to 4325 for swaps, peptide RAKFKQLL, weight CDR1b
2024-11-13 20:10:28,489 - INFO - Processing rows 4325 to 4350 for swaps, peptide RAKFKQLL, weight CDR1b
2024-11-13 20:10:43,342 - INFO - Processing rows 4350 to 4375 for swaps, peptide RAKFKQLL, weight CDR1b
2024-11-13 20:10:58,193 - INFO - Processing rows 4375 to 4400 for swaps, peptide RAKFKQLL, weight CDR1b
2024-11-13 20:11:13,023 - INFO - Processing rows 4400 to 4425 for swaps, peptide RAKFKQLL, weight CDR1b
2024-11-13 20:11:27,945 - INFO - Processing rows 4425 to 4450 for swaps, peptide RAKFKQLL, weight CDR1b
2024-11-13 20:11:42,804 - INFO - Processing rows 4450 to 4475 for swaps, peptide RAKFKQLL, weight CDR1b
2024-11-13 20:11:57,648 - INFO - Processing rows 4475 to 4500 for swaps, peptide RAKFKQLL, weight CDR1b
2024-11-13 20:12:12,507 - INFO - Processing rows 4500 to 4525 for swaps, peptide RAKFKQLL, weight CDR1b
2024-11-13 20:12:27,346 - INFO - Processing rows 4525 to 4550 for swaps, peptide RAKFKQLL, weight CDR1b
2024-11-13 20:12:42,040 - INFO - Processing rows 4550 to 4575 for swaps, peptide RAKFKQLL, weight CDR1b
2024-11-13 20:12:56,731 - INFO - Processing rows 4575 to 4600 for swaps, peptide RAKFKQLL, weight CDR1b
2024-11-13 20:13:11,409 - INFO - Processing rows 4600 to 4625 for swaps, peptide RAKFKQLL, weight CDR1b
2024-11-13 20:13:26,150 - INFO - Processing rows 4625 to 4650 for swaps, peptide RAKFKQLL, weight CDR1b
2024-11-13 20:13:41,016 - INFO - Processing rows 4650 to 4675 for swaps, peptide RAKFKQLL, weight CDR1b
2024-11-13 20:13:54,241 - INFO - Processing rows 4675 to 4700 for swaps, peptide RAKFKQLL, weight CDR1b
2024-11-13 20:14:09,110 - INFO - Processing rows 4700 to 4725 for swaps, peptide RAKFKQLL, weight CDR1b
2024-11-13 20:14:23,980 - INFO - Processing rows 4725 to 4750 for swaps, peptide RAKFKQLL, weight CDR1b
2024-11-13 20:14:37,193 - INFO - Processing rows 4750 to 4775 for swaps, peptide RAKFKQLL, weight CDR1b
2024-11-13 20:14:52,078 - INFO - Processing rows 4775 to 4800 for swaps, peptide RAKFKQLL, weight CDR1b
2024-11-13 20:15:06,929 - INFO - Processing rows 4800 to 4825 for swaps, peptide RAKFKQLL, weight CDR1b
2024-11-13 20:15:20,158 - INFO - Processing rows 4825 to 4850 for swaps, peptide RAKFKQLL, weight CDR1b
2024-11-13 20:15:35,013 - INFO - Processing rows 4850 to 4875 for swaps, peptide RAKFKQLL, weight CDR1b
2024-11-13 20:15:49,842 - INFO - Processing rows 4875 to 4900 for swaps, peptide RAKFKQLL, weight CDR1b
2024-11-13 20:16:04,709 - INFO - Processing rows 4900 to 4925 for swaps, peptide RAKFKQLL, weight CDR1b
2024-11-13 20:16:19,565 - INFO - Processing rows 4925 to 4950 for swaps, peptide RAKFKQLL, weight CDR1b
2024-11-13 20:16:34,425 - INFO - Processing rows 4950 to 4975 for swaps, peptide RAKFKQLL, weight CDR1b
2024-11-13 20:16:49,270 - INFO - Processing rows 4975 to 4980 for swaps, peptide RAKFKQLL, weight CDR1b
Traceback (most recent call last):
  File "/net/mimer/mnt/tank/projects2/emison/language_model/27th_Oct_new_matrices/04.11_new_esm/12.11/run_esm_swaps.py", line 90, in <module>
    process_sequences(df_filtered, peptide, weight, "swaps")
  File "/net/mimer/mnt/tank/projects2/emison/language_model/27th_Oct_new_matrices/04.11_new_esm/12.11/run_esm_swaps.py", line 82, in process_sequences
    output_df.insert(0, "raw_index", raw_indexes)
  File "/home/projects2/emison/language_model/miniconda3/envs/esm2_emison/lib/python3.12/site-packages/pandas/core/frame.py", line 5171, in insert
    value, refs = self._sanitize_column(value)
                  ^^^^^^^^^^^^^^^^^^^^^^^^^^^^
  File "/home/projects2/emison/language_model/miniconda3/envs/esm2_emison/lib/python3.12/site-packages/pandas/core/frame.py", line 5266, in _sanitize_column
    com.require_length_match(value, self.index)
  File "/home/projects2/emison/language_model/miniconda3/envs/esm2_emison/lib/python3.12/site-packages/pandas/core/common.py", line 573, in require_length_match
    raise ValueError(
ValueError: Length of values (4980) does not match length of index (5)
