2024-11-13 19:12:40,386 - INFO - Loading and filtering dataset for peptide RAKFKQLL
2024-11-13 19:12:40,423 - INFO - Processing dataset for peptide RAKFKQLL with weight CDR3a
2024-11-13 19:12:40,424 - INFO - Processing rows 0 to 25 for binders, peptide RAKFKQLL, weight CDR3a
2024-11-13 19:12:44,312 - INFO - Processing rows 25 to 50 for binders, peptide RAKFKQLL, weight CDR3a
2024-11-13 19:12:48,166 - INFO - Processing rows 50 to 75 for binders, peptide RAKFKQLL, weight CDR3a
2024-11-13 19:12:51,389 - INFO - Processing rows 75 to 100 for binders, peptide RAKFKQLL, weight CDR3a
2024-11-13 19:12:55,089 - INFO - Processing rows 100 to 125 for binders, peptide RAKFKQLL, weight CDR3a
2024-11-13 19:12:58,358 - INFO - Processing rows 125 to 150 for binders, peptide RAKFKQLL, weight CDR3a
2024-11-13 19:13:02,010 - INFO - Processing rows 150 to 175 for binders, peptide RAKFKQLL, weight CDR3a
2024-11-13 19:13:05,701 - INFO - Processing rows 175 to 200 for binders, peptide RAKFKQLL, weight CDR3a
2024-11-13 19:13:09,486 - INFO - Processing rows 200 to 225 for binders, peptide RAKFKQLL, weight CDR3a
2024-11-13 19:13:13,323 - INFO - Processing rows 225 to 250 for binders, peptide RAKFKQLL, weight CDR3a
2024-11-13 19:13:17,080 - INFO - Processing rows 250 to 275 for binders, peptide RAKFKQLL, weight CDR3a
2024-11-13 19:13:20,628 - INFO - Processing rows 275 to 300 for binders, peptide RAKFKQLL, weight CDR3a
2024-11-13 19:13:25,051 - INFO - Processing rows 300 to 325 for binders, peptide RAKFKQLL, weight CDR3a
2024-11-13 19:13:28,541 - INFO - Processing rows 325 to 350 for binders, peptide RAKFKQLL, weight CDR3a
2024-11-13 19:13:31,828 - INFO - Processing rows 350 to 375 for binders, peptide RAKFKQLL, weight CDR3a
2024-11-13 19:13:35,376 - INFO - Processing rows 375 to 400 for binders, peptide RAKFKQLL, weight CDR3a
2024-11-13 19:13:39,688 - INFO - Processing rows 400 to 425 for binders, peptide RAKFKQLL, weight CDR3a
2024-11-13 19:13:43,436 - INFO - Processing rows 425 to 450 for binders, peptide RAKFKQLL, weight CDR3a
2024-11-13 19:13:46,945 - INFO - Processing rows 450 to 475 for binders, peptide RAKFKQLL, weight CDR3a
2024-11-13 19:13:50,531 - INFO - Processing rows 475 to 500 for binders, peptide RAKFKQLL, weight CDR3a
2024-11-13 19:13:53,820 - INFO - Processing rows 500 to 525 for binders, peptide RAKFKQLL, weight CDR3a
2024-11-13 19:13:57,840 - INFO - Processing rows 525 to 550 for binders, peptide RAKFKQLL, weight CDR3a
2024-11-13 19:14:02,274 - INFO - Processing rows 550 to 575 for binders, peptide RAKFKQLL, weight CDR3a
2024-11-13 19:14:05,659 - INFO - Processing rows 575 to 600 for binders, peptide RAKFKQLL, weight CDR3a
2024-11-13 19:14:08,949 - INFO - Processing rows 600 to 625 for binders, peptide RAKFKQLL, weight CDR3a
2024-11-13 19:14:12,536 - INFO - Processing rows 625 to 650 for binders, peptide RAKFKQLL, weight CDR3a
2024-11-13 19:14:16,819 - INFO - Processing rows 650 to 675 for binders, peptide RAKFKQLL, weight CDR3a
2024-11-13 19:14:20,366 - INFO - Processing rows 675 to 700 for binders, peptide RAKFKQLL, weight CDR3a
2024-11-13 19:14:24,784 - INFO - Processing rows 700 to 725 for binders, peptide RAKFKQLL, weight CDR3a
2024-11-13 19:14:28,391 - INFO - Processing rows 725 to 750 for binders, peptide RAKFKQLL, weight CDR3a
2024-11-13 19:14:32,951 - INFO - Processing rows 750 to 775 for binders, peptide RAKFKQLL, weight CDR3a
2024-11-13 19:14:38,131 - INFO - Processing rows 775 to 800 for binders, peptide RAKFKQLL, weight CDR3a
2024-11-13 19:14:41,853 - INFO - Processing rows 800 to 825 for binders, peptide RAKFKQLL, weight CDR3a
2024-11-13 19:14:45,520 - INFO - Processing rows 825 to 830 for binders, peptide RAKFKQLL, weight CDR3a
Traceback (most recent call last):
  File "/net/mimer/mnt/tank/projects2/emison/language_model/27th_Oct_new_matrices/04.11_new_esm/12.11/run_esm_binders.py", line 90, in <module>
    process_sequences(df_filtered, peptide, weight, "binders")
  File "/net/mimer/mnt/tank/projects2/emison/language_model/27th_Oct_new_matrices/04.11_new_esm/12.11/run_esm_binders.py", line 82, in process_sequences
    output_df.insert(0, "raw_index", raw_indexes)
  File "/home/projects2/emison/language_model/miniconda3/envs/esm2_emison/lib/python3.12/site-packages/pandas/core/frame.py", line 5171, in insert
    value, refs = self._sanitize_column(value)
                  ^^^^^^^^^^^^^^^^^^^^^^^^^^^^
  File "/home/projects2/emison/language_model/miniconda3/envs/esm2_emison/lib/python3.12/site-packages/pandas/core/frame.py", line 5266, in _sanitize_column
    com.require_length_match(value, self.index)
  File "/home/projects2/emison/language_model/miniconda3/envs/esm2_emison/lib/python3.12/site-packages/pandas/core/common.py", line 573, in require_length_match
    raise ValueError(
ValueError: Length of values (830) does not match length of index (5)
