2024-11-13 19:25:48,258 - INFO - Loading and filtering dataset for peptide RAKFKQLL
2024-11-13 19:25:48,566 - INFO - Processing dataset for peptide RAKFKQLL with weight CDR1a
2024-11-13 19:25:48,568 - INFO - Processing rows 0 to 25 for swaps, peptide RAKFKQLL, weight CDR1a
2024-11-13 19:25:53,336 - INFO - Processing rows 25 to 50 for swaps, peptide RAKFKQLL, weight CDR1a
2024-11-13 19:25:58,215 - INFO - Processing rows 50 to 75 for swaps, peptide RAKFKQLL, weight CDR1a
2024-11-13 19:26:02,958 - INFO - Processing rows 75 to 100 for swaps, peptide RAKFKQLL, weight CDR1a
2024-11-13 19:26:07,868 - INFO - Processing rows 100 to 125 for swaps, peptide RAKFKQLL, weight CDR1a
2024-11-13 19:26:12,735 - INFO - Processing rows 125 to 150 for swaps, peptide RAKFKQLL, weight CDR1a
2024-11-13 19:26:17,519 - INFO - Processing rows 150 to 175 for swaps, peptide RAKFKQLL, weight CDR1a
2024-11-13 19:26:22,357 - INFO - Processing rows 175 to 200 for swaps, peptide RAKFKQLL, weight CDR1a
2024-11-13 19:26:27,208 - INFO - Processing rows 200 to 225 for swaps, peptide RAKFKQLL, weight CDR1a
2024-11-13 19:26:32,028 - INFO - Processing rows 225 to 250 for swaps, peptide RAKFKQLL, weight CDR1a
2024-11-13 19:26:36,065 - INFO - Processing rows 250 to 275 for swaps, peptide RAKFKQLL, weight CDR1a
2024-11-13 19:26:40,804 - INFO - Processing rows 275 to 300 for swaps, peptide RAKFKQLL, weight CDR1a
2024-11-13 19:26:45,600 - INFO - Processing rows 300 to 325 for swaps, peptide RAKFKQLL, weight CDR1a
2024-11-13 19:26:50,335 - INFO - Processing rows 325 to 350 for swaps, peptide RAKFKQLL, weight CDR1a
2024-11-13 19:26:55,042 - INFO - Processing rows 350 to 375 for swaps, peptide RAKFKQLL, weight CDR1a
2024-11-13 19:26:59,633 - INFO - Processing rows 375 to 400 for swaps, peptide RAKFKQLL, weight CDR1a
2024-11-13 19:27:04,130 - INFO - Processing rows 400 to 425 for swaps, peptide RAKFKQLL, weight CDR1a
2024-11-13 19:27:08,721 - INFO - Processing rows 425 to 450 for swaps, peptide RAKFKQLL, weight CDR1a
2024-11-13 19:27:13,301 - INFO - Processing rows 450 to 475 for swaps, peptide RAKFKQLL, weight CDR1a
2024-11-13 19:27:17,830 - INFO - Processing rows 475 to 500 for swaps, peptide RAKFKQLL, weight CDR1a
2024-11-13 19:27:22,372 - INFO - Processing rows 500 to 525 for swaps, peptide RAKFKQLL, weight CDR1a
2024-11-13 19:27:26,944 - INFO - Processing rows 525 to 550 for swaps, peptide RAKFKQLL, weight CDR1a
2024-11-13 19:27:31,458 - INFO - Processing rows 550 to 575 for swaps, peptide RAKFKQLL, weight CDR1a
2024-11-13 19:27:36,044 - INFO - Processing rows 575 to 600 for swaps, peptide RAKFKQLL, weight CDR1a
2024-11-13 19:27:40,628 - INFO - Processing rows 600 to 625 for swaps, peptide RAKFKQLL, weight CDR1a
2024-11-13 19:27:45,225 - INFO - Processing rows 625 to 650 for swaps, peptide RAKFKQLL, weight CDR1a
2024-11-13 19:27:49,817 - INFO - Processing rows 650 to 675 for swaps, peptide RAKFKQLL, weight CDR1a
2024-11-13 19:27:54,353 - INFO - Processing rows 675 to 700 for swaps, peptide RAKFKQLL, weight CDR1a
2024-11-13 19:27:58,927 - INFO - Processing rows 700 to 725 for swaps, peptide RAKFKQLL, weight CDR1a
2024-11-13 19:28:03,527 - INFO - Processing rows 725 to 750 for swaps, peptide RAKFKQLL, weight CDR1a
2024-11-13 19:28:08,138 - INFO - Processing rows 750 to 775 for swaps, peptide RAKFKQLL, weight CDR1a
2024-11-13 19:28:12,728 - INFO - Processing rows 775 to 800 for swaps, peptide RAKFKQLL, weight CDR1a
2024-11-13 19:28:17,255 - INFO - Processing rows 800 to 825 for swaps, peptide RAKFKQLL, weight CDR1a
2024-11-13 19:28:21,749 - INFO - Processing rows 825 to 850 for swaps, peptide RAKFKQLL, weight CDR1a
2024-11-13 19:28:26,243 - INFO - Processing rows 850 to 875 for swaps, peptide RAKFKQLL, weight CDR1a
2024-11-13 19:28:30,745 - INFO - Processing rows 875 to 900 for swaps, peptide RAKFKQLL, weight CDR1a
2024-11-13 19:28:35,239 - INFO - Processing rows 900 to 925 for swaps, peptide RAKFKQLL, weight CDR1a
2024-11-13 19:28:39,741 - INFO - Processing rows 925 to 950 for swaps, peptide RAKFKQLL, weight CDR1a
2024-11-13 19:28:44,237 - INFO - Processing rows 950 to 975 for swaps, peptide RAKFKQLL, weight CDR1a
2024-11-13 19:28:48,740 - INFO - Processing rows 975 to 1000 for swaps, peptide RAKFKQLL, weight CDR1a
2024-11-13 19:28:53,233 - INFO - Processing rows 1000 to 1025 for swaps, peptide RAKFKQLL, weight CDR1a
2024-11-13 19:28:57,735 - INFO - Processing rows 1025 to 1050 for swaps, peptide RAKFKQLL, weight CDR1a
2024-11-13 19:29:02,223 - INFO - Processing rows 1050 to 1075 for swaps, peptide RAKFKQLL, weight CDR1a
2024-11-13 19:29:06,726 - INFO - Processing rows 1075 to 1100 for swaps, peptide RAKFKQLL, weight CDR1a
2024-11-13 19:29:11,219 - INFO - Processing rows 1100 to 1125 for swaps, peptide RAKFKQLL, weight CDR1a
2024-11-13 19:29:15,721 - INFO - Processing rows 1125 to 1150 for swaps, peptide RAKFKQLL, weight CDR1a
2024-11-13 19:29:20,211 - INFO - Processing rows 1150 to 1175 for swaps, peptide RAKFKQLL, weight CDR1a
2024-11-13 19:29:24,775 - INFO - Processing rows 1175 to 1200 for swaps, peptide RAKFKQLL, weight CDR1a
2024-11-13 19:29:29,368 - INFO - Processing rows 1200 to 1225 for swaps, peptide RAKFKQLL, weight CDR1a
2024-11-13 19:29:33,964 - INFO - Processing rows 1225 to 1250 for swaps, peptide RAKFKQLL, weight CDR1a
2024-11-13 19:29:38,463 - INFO - Processing rows 1250 to 1275 for swaps, peptide RAKFKQLL, weight CDR1a
2024-11-13 19:29:43,078 - INFO - Processing rows 1275 to 1300 for swaps, peptide RAKFKQLL, weight CDR1a
2024-11-13 19:29:47,655 - INFO - Processing rows 1300 to 1325 for swaps, peptide RAKFKQLL, weight CDR1a
2024-11-13 19:29:52,281 - INFO - Processing rows 1325 to 1350 for swaps, peptide RAKFKQLL, weight CDR1a
2024-11-13 19:29:56,858 - INFO - Processing rows 1350 to 1375 for swaps, peptide RAKFKQLL, weight CDR1a
2024-11-13 19:30:01,420 - INFO - Processing rows 1375 to 1400 for swaps, peptide RAKFKQLL, weight CDR1a
2024-11-13 19:30:05,888 - INFO - Processing rows 1400 to 1425 for swaps, peptide RAKFKQLL, weight CDR1a
2024-11-13 19:30:10,448 - INFO - Processing rows 1425 to 1450 for swaps, peptide RAKFKQLL, weight CDR1a
2024-11-13 19:30:14,999 - INFO - Processing rows 1450 to 1475 for swaps, peptide RAKFKQLL, weight CDR1a
2024-11-13 19:30:19,501 - INFO - Processing rows 1475 to 1500 for swaps, peptide RAKFKQLL, weight CDR1a
2024-11-13 19:30:24,022 - INFO - Processing rows 1500 to 1525 for swaps, peptide RAKFKQLL, weight CDR1a
2024-11-13 19:30:28,578 - INFO - Processing rows 1525 to 1550 for swaps, peptide RAKFKQLL, weight CDR1a
2024-11-13 19:30:33,098 - INFO - Processing rows 1550 to 1575 for swaps, peptide RAKFKQLL, weight CDR1a
2024-11-13 19:30:37,687 - INFO - Processing rows 1575 to 1600 for swaps, peptide RAKFKQLL, weight CDR1a
2024-11-13 19:30:42,264 - INFO - Processing rows 1600 to 1625 for swaps, peptide RAKFKQLL, weight CDR1a
2024-11-13 19:30:46,850 - INFO - Processing rows 1625 to 1650 for swaps, peptide RAKFKQLL, weight CDR1a
2024-11-13 19:30:51,427 - INFO - Processing rows 1650 to 1675 for swaps, peptide RAKFKQLL, weight CDR1a
2024-11-13 19:30:55,935 - INFO - Processing rows 1675 to 1700 for swaps, peptide RAKFKQLL, weight CDR1a
2024-11-13 19:31:00,510 - INFO - Processing rows 1700 to 1725 for swaps, peptide RAKFKQLL, weight CDR1a
2024-11-13 19:31:05,098 - INFO - Processing rows 1725 to 1750 for swaps, peptide RAKFKQLL, weight CDR1a
2024-11-13 19:31:09,677 - INFO - Processing rows 1750 to 1775 for swaps, peptide RAKFKQLL, weight CDR1a
2024-11-13 19:31:14,267 - INFO - Processing rows 1775 to 1800 for swaps, peptide RAKFKQLL, weight CDR1a
2024-11-13 19:31:18,793 - INFO - Processing rows 1800 to 1825 for swaps, peptide RAKFKQLL, weight CDR1a
2024-11-13 19:31:23,308 - INFO - Processing rows 1825 to 1850 for swaps, peptide RAKFKQLL, weight CDR1a
2024-11-13 19:31:27,800 - INFO - Processing rows 1850 to 1875 for swaps, peptide RAKFKQLL, weight CDR1a
2024-11-13 19:31:32,328 - INFO - Processing rows 1875 to 1900 for swaps, peptide RAKFKQLL, weight CDR1a
2024-11-13 19:31:36,833 - INFO - Processing rows 1900 to 1925 for swaps, peptide RAKFKQLL, weight CDR1a
2024-11-13 19:31:41,353 - INFO - Processing rows 1925 to 1950 for swaps, peptide RAKFKQLL, weight CDR1a
2024-11-13 19:31:45,844 - INFO - Processing rows 1950 to 1975 for swaps, peptide RAKFKQLL, weight CDR1a
2024-11-13 19:31:50,346 - INFO - Processing rows 1975 to 2000 for swaps, peptide RAKFKQLL, weight CDR1a
2024-11-13 19:31:54,838 - INFO - Processing rows 2000 to 2025 for swaps, peptide RAKFKQLL, weight CDR1a
2024-11-13 19:31:59,340 - INFO - Processing rows 2025 to 2050 for swaps, peptide RAKFKQLL, weight CDR1a
2024-11-13 19:32:03,832 - INFO - Processing rows 2050 to 2075 for swaps, peptide RAKFKQLL, weight CDR1a
2024-11-13 19:32:08,335 - INFO - Processing rows 2075 to 2100 for swaps, peptide RAKFKQLL, weight CDR1a
2024-11-13 19:32:12,824 - INFO - Processing rows 2100 to 2125 for swaps, peptide RAKFKQLL, weight CDR1a
2024-11-13 19:32:17,327 - INFO - Processing rows 2125 to 2150 for swaps, peptide RAKFKQLL, weight CDR1a
2024-11-13 19:32:21,818 - INFO - Processing rows 2150 to 2175 for swaps, peptide RAKFKQLL, weight CDR1a
2024-11-13 19:32:26,323 - INFO - Processing rows 2175 to 2200 for swaps, peptide RAKFKQLL, weight CDR1a
2024-11-13 19:32:30,814 - INFO - Processing rows 2200 to 2225 for swaps, peptide RAKFKQLL, weight CDR1a
2024-11-13 19:32:35,362 - INFO - Processing rows 2225 to 2250 for swaps, peptide RAKFKQLL, weight CDR1a
2024-11-13 19:32:39,945 - INFO - Processing rows 2250 to 2275 for swaps, peptide RAKFKQLL, weight CDR1a
2024-11-13 19:32:44,450 - INFO - Processing rows 2275 to 2300 for swaps, peptide RAKFKQLL, weight CDR1a
2024-11-13 19:32:49,024 - INFO - Processing rows 2300 to 2325 for swaps, peptide RAKFKQLL, weight CDR1a
2024-11-13 19:32:53,612 - INFO - Processing rows 2325 to 2350 for swaps, peptide RAKFKQLL, weight CDR1a
2024-11-13 19:32:58,193 - INFO - Processing rows 2350 to 2375 for swaps, peptide RAKFKQLL, weight CDR1a
2024-11-13 19:33:02,782 - INFO - Processing rows 2375 to 2400 for swaps, peptide RAKFKQLL, weight CDR1a
2024-11-13 19:33:07,359 - INFO - Processing rows 2400 to 2425 for swaps, peptide RAKFKQLL, weight CDR1a
2024-11-13 19:33:11,866 - INFO - Processing rows 2425 to 2450 for swaps, peptide RAKFKQLL, weight CDR1a
2024-11-13 19:33:16,447 - INFO - Processing rows 2450 to 2475 for swaps, peptide RAKFKQLL, weight CDR1a
2024-11-13 19:33:21,035 - INFO - Processing rows 2475 to 2500 for swaps, peptide RAKFKQLL, weight CDR1a
2024-11-13 19:33:25,609 - INFO - Processing rows 2500 to 2525 for swaps, peptide RAKFKQLL, weight CDR1a
2024-11-13 19:33:30,140 - INFO - Processing rows 2525 to 2550 for swaps, peptide RAKFKQLL, weight CDR1a
2024-11-13 19:33:34,630 - INFO - Processing rows 2550 to 2575 for swaps, peptide RAKFKQLL, weight CDR1a
2024-11-13 19:33:39,180 - INFO - Processing rows 2575 to 2600 for swaps, peptide RAKFKQLL, weight CDR1a
2024-11-13 19:33:43,675 - INFO - Processing rows 2600 to 2625 for swaps, peptide RAKFKQLL, weight CDR1a
2024-11-13 19:33:48,267 - INFO - Processing rows 2625 to 2650 for swaps, peptide RAKFKQLL, weight CDR1a
2024-11-13 19:33:52,858 - INFO - Processing rows 2650 to 2675 for swaps, peptide RAKFKQLL, weight CDR1a
2024-11-13 19:33:57,464 - INFO - Processing rows 2675 to 2700 for swaps, peptide RAKFKQLL, weight CDR1a
2024-11-13 19:34:02,032 - INFO - Processing rows 2700 to 2725 for swaps, peptide RAKFKQLL, weight CDR1a
2024-11-13 19:34:06,561 - INFO - Processing rows 2725 to 2750 for swaps, peptide RAKFKQLL, weight CDR1a
2024-11-13 19:34:11,168 - INFO - Processing rows 2750 to 2775 for swaps, peptide RAKFKQLL, weight CDR1a
2024-11-13 19:34:15,777 - INFO - Processing rows 2775 to 2800 for swaps, peptide RAKFKQLL, weight CDR1a
2024-11-13 19:34:20,391 - INFO - Processing rows 2800 to 2825 for swaps, peptide RAKFKQLL, weight CDR1a
2024-11-13 19:34:24,973 - INFO - Processing rows 2825 to 2850 for swaps, peptide RAKFKQLL, weight CDR1a
2024-11-13 19:34:29,487 - INFO - Processing rows 2850 to 2875 for swaps, peptide RAKFKQLL, weight CDR1a
2024-11-13 19:34:34,058 - INFO - Processing rows 2875 to 2900 for swaps, peptide RAKFKQLL, weight CDR1a
2024-11-13 19:34:38,590 - INFO - Processing rows 2900 to 2925 for swaps, peptide RAKFKQLL, weight CDR1a
2024-11-13 19:34:43,106 - INFO - Processing rows 2925 to 2950 for swaps, peptide RAKFKQLL, weight CDR1a
2024-11-13 19:34:47,612 - INFO - Processing rows 2950 to 2975 for swaps, peptide RAKFKQLL, weight CDR1a
2024-11-13 19:34:52,127 - INFO - Processing rows 2975 to 3000 for swaps, peptide RAKFKQLL, weight CDR1a
2024-11-13 19:34:56,630 - INFO - Processing rows 3000 to 3025 for swaps, peptide RAKFKQLL, weight CDR1a
2024-11-13 19:35:01,169 - INFO - Processing rows 3025 to 3050 for swaps, peptide RAKFKQLL, weight CDR1a
2024-11-13 19:35:05,660 - INFO - Processing rows 3050 to 3075 for swaps, peptide RAKFKQLL, weight CDR1a
2024-11-13 19:35:10,170 - INFO - Processing rows 3075 to 3100 for swaps, peptide RAKFKQLL, weight CDR1a
2024-11-13 19:35:14,658 - INFO - Processing rows 3100 to 3125 for swaps, peptide RAKFKQLL, weight CDR1a
2024-11-13 19:35:19,161 - INFO - Processing rows 3125 to 3150 for swaps, peptide RAKFKQLL, weight CDR1a
2024-11-13 19:35:23,654 - INFO - Processing rows 3150 to 3175 for swaps, peptide RAKFKQLL, weight CDR1a
2024-11-13 19:35:28,157 - INFO - Processing rows 3175 to 3200 for swaps, peptide RAKFKQLL, weight CDR1a
2024-11-13 19:35:32,647 - INFO - Processing rows 3200 to 3225 for swaps, peptide RAKFKQLL, weight CDR1a
2024-11-13 19:35:37,149 - INFO - Processing rows 3225 to 3250 for swaps, peptide RAKFKQLL, weight CDR1a
2024-11-13 19:35:41,642 - INFO - Processing rows 3250 to 3275 for swaps, peptide RAKFKQLL, weight CDR1a
2024-11-13 19:35:46,145 - INFO - Processing rows 3275 to 3300 for swaps, peptide RAKFKQLL, weight CDR1a
2024-11-13 19:35:50,635 - INFO - Processing rows 3300 to 3325 for swaps, peptide RAKFKQLL, weight CDR1a
2024-11-13 19:35:55,187 - INFO - Processing rows 3325 to 3350 for swaps, peptide RAKFKQLL, weight CDR1a
2024-11-13 19:35:59,681 - INFO - Processing rows 3350 to 3375 for swaps, peptide RAKFKQLL, weight CDR1a
2024-11-13 19:36:04,271 - INFO - Processing rows 3375 to 3400 for swaps, peptide RAKFKQLL, weight CDR1a
2024-11-13 19:36:08,851 - INFO - Processing rows 3400 to 3425 for swaps, peptide RAKFKQLL, weight CDR1a
2024-11-13 19:36:13,438 - INFO - Processing rows 3425 to 3450 for swaps, peptide RAKFKQLL, weight CDR1a
2024-11-13 19:36:18,012 - INFO - Processing rows 3450 to 3475 for swaps, peptide RAKFKQLL, weight CDR1a
2024-11-13 19:36:22,519 - INFO - Processing rows 3475 to 3500 for swaps, peptide RAKFKQLL, weight CDR1a
2024-11-13 19:36:27,100 - INFO - Processing rows 3500 to 3525 for swaps, peptide RAKFKQLL, weight CDR1a
2024-11-13 19:36:31,690 - INFO - Processing rows 3525 to 3550 for swaps, peptide RAKFKQLL, weight CDR1a
2024-11-13 19:36:36,270 - INFO - Processing rows 3550 to 3575 for swaps, peptide RAKFKQLL, weight CDR1a
2024-11-13 19:36:40,855 - INFO - Processing rows 3575 to 3600 for swaps, peptide RAKFKQLL, weight CDR1a
2024-11-13 19:36:45,370 - INFO - Processing rows 3600 to 3625 for swaps, peptide RAKFKQLL, weight CDR1a
2024-11-13 19:36:49,940 - INFO - Processing rows 3625 to 3650 for swaps, peptide RAKFKQLL, weight CDR1a
2024-11-13 19:36:54,456 - INFO - Processing rows 3650 to 3675 for swaps, peptide RAKFKQLL, weight CDR1a
2024-11-13 19:36:59,000 - INFO - Processing rows 3675 to 3700 for swaps, peptide RAKFKQLL, weight CDR1a
2024-11-13 19:37:03,580 - INFO - Processing rows 3700 to 3725 for swaps, peptide RAKFKQLL, weight CDR1a
2024-11-13 19:37:08,165 - INFO - Processing rows 3725 to 3750 for swaps, peptide RAKFKQLL, weight CDR1a
2024-11-13 19:37:12,659 - INFO - Processing rows 3750 to 3775 for swaps, peptide RAKFKQLL, weight CDR1a
2024-11-13 19:37:17,244 - INFO - Processing rows 3775 to 3800 for swaps, peptide RAKFKQLL, weight CDR1a
2024-11-13 19:37:21,814 - INFO - Processing rows 3800 to 3825 for swaps, peptide RAKFKQLL, weight CDR1a
2024-11-13 19:37:26,400 - INFO - Processing rows 3825 to 3850 for swaps, peptide RAKFKQLL, weight CDR1a
2024-11-13 19:37:30,973 - INFO - Processing rows 3850 to 3875 for swaps, peptide RAKFKQLL, weight CDR1a
2024-11-13 19:37:35,557 - INFO - Processing rows 3875 to 3900 for swaps, peptide RAKFKQLL, weight CDR1a
2024-11-13 19:37:40,045 - INFO - Processing rows 3900 to 3925 for swaps, peptide RAKFKQLL, weight CDR1a
2024-11-13 19:37:44,631 - INFO - Processing rows 3925 to 3950 for swaps, peptide RAKFKQLL, weight CDR1a
2024-11-13 19:37:49,203 - INFO - Processing rows 3950 to 3975 for swaps, peptide RAKFKQLL, weight CDR1a
2024-11-13 19:37:53,732 - INFO - Processing rows 3975 to 4000 for swaps, peptide RAKFKQLL, weight CDR1a
2024-11-13 19:37:58,233 - INFO - Processing rows 4000 to 4025 for swaps, peptide RAKFKQLL, weight CDR1a
2024-11-13 19:38:02,761 - INFO - Processing rows 4025 to 4050 for swaps, peptide RAKFKQLL, weight CDR1a
2024-11-13 19:38:07,285 - INFO - Processing rows 4050 to 4075 for swaps, peptide RAKFKQLL, weight CDR1a
2024-11-13 19:38:11,789 - INFO - Processing rows 4075 to 4100 for swaps, peptide RAKFKQLL, weight CDR1a
2024-11-13 19:38:16,298 - INFO - Processing rows 4100 to 4125 for swaps, peptide RAKFKQLL, weight CDR1a
2024-11-13 19:38:20,824 - INFO - Processing rows 4125 to 4150 for swaps, peptide RAKFKQLL, weight CDR1a
2024-11-13 19:38:25,384 - INFO - Processing rows 4150 to 4175 for swaps, peptide RAKFKQLL, weight CDR1a
2024-11-13 19:38:29,912 - INFO - Processing rows 4175 to 4200 for swaps, peptide RAKFKQLL, weight CDR1a
2024-11-13 19:38:34,383 - INFO - Processing rows 4200 to 4225 for swaps, peptide RAKFKQLL, weight CDR1a
2024-11-13 19:38:38,887 - INFO - Processing rows 4225 to 4250 for swaps, peptide RAKFKQLL, weight CDR1a
2024-11-13 19:38:43,362 - INFO - Processing rows 4250 to 4275 for swaps, peptide RAKFKQLL, weight CDR1a
2024-11-13 19:38:47,860 - INFO - Processing rows 4275 to 4300 for swaps, peptide RAKFKQLL, weight CDR1a
2024-11-13 19:38:52,350 - INFO - Processing rows 4300 to 4325 for swaps, peptide RAKFKQLL, weight CDR1a
2024-11-13 19:38:56,848 - INFO - Processing rows 4325 to 4350 for swaps, peptide RAKFKQLL, weight CDR1a
2024-11-13 19:39:01,342 - INFO - Processing rows 4350 to 4375 for swaps, peptide RAKFKQLL, weight CDR1a
2024-11-13 19:39:05,843 - INFO - Processing rows 4375 to 4400 for swaps, peptide RAKFKQLL, weight CDR1a
2024-11-13 19:39:10,339 - INFO - Processing rows 4400 to 4425 for swaps, peptide RAKFKQLL, weight CDR1a
2024-11-13 19:39:14,839 - INFO - Processing rows 4425 to 4450 for swaps, peptide RAKFKQLL, weight CDR1a
2024-11-13 19:39:19,376 - INFO - Processing rows 4450 to 4475 for swaps, peptide RAKFKQLL, weight CDR1a
2024-11-13 19:39:23,973 - INFO - Processing rows 4475 to 4500 for swaps, peptide RAKFKQLL, weight CDR1a
2024-11-13 19:39:28,519 - INFO - Processing rows 4500 to 4525 for swaps, peptide RAKFKQLL, weight CDR1a
2024-11-13 19:39:33,055 - INFO - Processing rows 4525 to 4550 for swaps, peptide RAKFKQLL, weight CDR1a
2024-11-13 19:39:37,627 - INFO - Processing rows 4550 to 4575 for swaps, peptide RAKFKQLL, weight CDR1a
2024-11-13 19:39:42,217 - INFO - Processing rows 4575 to 4600 for swaps, peptide RAKFKQLL, weight CDR1a
2024-11-13 19:39:46,796 - INFO - Processing rows 4600 to 4625 for swaps, peptide RAKFKQLL, weight CDR1a
2024-11-13 19:39:51,383 - INFO - Processing rows 4625 to 4650 for swaps, peptide RAKFKQLL, weight CDR1a
2024-11-13 19:39:55,882 - INFO - Processing rows 4650 to 4675 for swaps, peptide RAKFKQLL, weight CDR1a
2024-11-13 19:40:00,467 - INFO - Processing rows 4675 to 4700 for swaps, peptide RAKFKQLL, weight CDR1a
2024-11-13 19:40:05,046 - INFO - Processing rows 4700 to 4725 for swaps, peptide RAKFKQLL, weight CDR1a
2024-11-13 19:40:09,631 - INFO - Processing rows 4725 to 4750 for swaps, peptide RAKFKQLL, weight CDR1a
2024-11-13 19:40:14,154 - INFO - Processing rows 4750 to 4775 for swaps, peptide RAKFKQLL, weight CDR1a
2024-11-13 19:40:18,701 - INFO - Processing rows 4775 to 4800 for swaps, peptide RAKFKQLL, weight CDR1a
2024-11-13 19:40:23,199 - INFO - Processing rows 4800 to 4825 for swaps, peptide RAKFKQLL, weight CDR1a
2024-11-13 19:40:27,787 - INFO - Processing rows 4825 to 4850 for swaps, peptide RAKFKQLL, weight CDR1a
2024-11-13 19:40:32,362 - INFO - Processing rows 4850 to 4875 for swaps, peptide RAKFKQLL, weight CDR1a
2024-11-13 19:40:36,949 - INFO - Processing rows 4875 to 4900 for swaps, peptide RAKFKQLL, weight CDR1a
2024-11-13 19:40:41,528 - INFO - Processing rows 4900 to 4925 for swaps, peptide RAKFKQLL, weight CDR1a
2024-11-13 19:40:46,102 - INFO - Processing rows 4925 to 4950 for swaps, peptide RAKFKQLL, weight CDR1a
2024-11-13 19:40:50,611 - INFO - Processing rows 4950 to 4975 for swaps, peptide RAKFKQLL, weight CDR1a
2024-11-13 19:40:55,192 - INFO - Processing rows 4975 to 4980 for swaps, peptide RAKFKQLL, weight CDR1a
Traceback (most recent call last):
  File "/net/mimer/mnt/tank/projects2/emison/language_model/27th_Oct_new_matrices/04.11_new_esm/12.11/run_esm_swaps.py", line 90, in <module>
    process_sequences(df_filtered, peptide, weight, "swaps")
  File "/net/mimer/mnt/tank/projects2/emison/language_model/27th_Oct_new_matrices/04.11_new_esm/12.11/run_esm_swaps.py", line 82, in process_sequences
    output_df.insert(0, "raw_index", raw_indexes)
  File "/home/projects2/emison/language_model/miniconda3/envs/esm2_emison/lib/python3.12/site-packages/pandas/core/frame.py", line 5171, in insert
    value, refs = self._sanitize_column(value)
                  ^^^^^^^^^^^^^^^^^^^^^^^^^^^^
  File "/home/projects2/emison/language_model/miniconda3/envs/esm2_emison/lib/python3.12/site-packages/pandas/core/frame.py", line 5266, in _sanitize_column
    com.require_length_match(value, self.index)
  File "/home/projects2/emison/language_model/miniconda3/envs/esm2_emison/lib/python3.12/site-packages/pandas/core/common.py", line 573, in require_length_match
    raise ValueError(
ValueError: Length of values (4980) does not match length of index (5)
