2024-11-13 19:30:51,711 - INFO - Loading and filtering dataset for peptide RAKFKQLL
2024-11-13 19:30:52,098 - INFO - Processing dataset for peptide RAKFKQLL with weight CDR3b
2024-11-13 19:30:52,100 - INFO - Processing rows 0 to 25 for swaps, peptide RAKFKQLL, weight CDR3b
2024-11-13 19:31:01,462 - INFO - Processing rows 25 to 50 for swaps, peptide RAKFKQLL, weight CDR3b
2024-11-13 19:31:10,840 - INFO - Processing rows 50 to 75 for swaps, peptide RAKFKQLL, weight CDR3b
2024-11-13 19:31:21,200 - INFO - Processing rows 75 to 100 for swaps, peptide RAKFKQLL, weight CDR3b
2024-11-13 19:31:32,154 - INFO - Processing rows 100 to 125 for swaps, peptide RAKFKQLL, weight CDR3b
2024-11-13 19:31:42,955 - INFO - Processing rows 125 to 150 for swaps, peptide RAKFKQLL, weight CDR3b
2024-11-13 19:31:52,464 - INFO - Processing rows 150 to 175 for swaps, peptide RAKFKQLL, weight CDR3b
2024-11-13 19:32:01,992 - INFO - Processing rows 175 to 200 for swaps, peptide RAKFKQLL, weight CDR3b
2024-11-13 19:32:10,470 - INFO - Processing rows 200 to 225 for swaps, peptide RAKFKQLL, weight CDR3b
2024-11-13 19:32:19,509 - INFO - Processing rows 225 to 250 for swaps, peptide RAKFKQLL, weight CDR3b
2024-11-13 19:32:27,967 - INFO - Processing rows 250 to 275 for swaps, peptide RAKFKQLL, weight CDR3b
2024-11-13 19:32:37,443 - INFO - Processing rows 275 to 300 for swaps, peptide RAKFKQLL, weight CDR3b
2024-11-13 19:32:48,037 - INFO - Processing rows 300 to 325 for swaps, peptide RAKFKQLL, weight CDR3b
2024-11-13 19:32:58,805 - INFO - Processing rows 325 to 350 for swaps, peptide RAKFKQLL, weight CDR3b
2024-11-13 19:33:07,399 - INFO - Processing rows 350 to 375 for swaps, peptide RAKFKQLL, weight CDR3b
2024-11-13 19:33:16,681 - INFO - Processing rows 375 to 400 for swaps, peptide RAKFKQLL, weight CDR3b
2024-11-13 19:33:25,986 - INFO - Processing rows 400 to 425 for swaps, peptide RAKFKQLL, weight CDR3b
2024-11-13 19:33:36,204 - INFO - Processing rows 425 to 450 for swaps, peptide RAKFKQLL, weight CDR3b
2024-11-13 19:33:44,831 - INFO - Processing rows 450 to 475 for swaps, peptide RAKFKQLL, weight CDR3b
2024-11-13 19:33:55,575 - INFO - Processing rows 475 to 500 for swaps, peptide RAKFKQLL, weight CDR3b
2024-11-13 19:34:05,532 - INFO - Processing rows 500 to 525 for swaps, peptide RAKFKQLL, weight CDR3b
2024-11-13 19:34:16,419 - INFO - Processing rows 525 to 550 for swaps, peptide RAKFKQLL, weight CDR3b
2024-11-13 19:34:26,959 - INFO - Processing rows 550 to 575 for swaps, peptide RAKFKQLL, weight CDR3b
2024-11-13 19:34:36,226 - INFO - Processing rows 575 to 600 for swaps, peptide RAKFKQLL, weight CDR3b
2024-11-13 19:34:46,817 - INFO - Processing rows 600 to 625 for swaps, peptide RAKFKQLL, weight CDR3b
2024-11-13 19:34:56,554 - INFO - Processing rows 625 to 650 for swaps, peptide RAKFKQLL, weight CDR3b
2024-11-13 19:35:06,303 - INFO - Processing rows 650 to 675 for swaps, peptide RAKFKQLL, weight CDR3b
2024-11-13 19:35:16,713 - INFO - Processing rows 675 to 700 for swaps, peptide RAKFKQLL, weight CDR3b
2024-11-13 19:35:25,950 - INFO - Processing rows 700 to 725 for swaps, peptide RAKFKQLL, weight CDR3b
2024-11-13 19:35:36,334 - INFO - Processing rows 725 to 750 for swaps, peptide RAKFKQLL, weight CDR3b
2024-11-13 19:35:45,957 - INFO - Processing rows 750 to 775 for swaps, peptide RAKFKQLL, weight CDR3b
2024-11-13 19:35:55,523 - INFO - Processing rows 775 to 800 for swaps, peptide RAKFKQLL, weight CDR3b
2024-11-13 19:36:04,714 - INFO - Processing rows 800 to 825 for swaps, peptide RAKFKQLL, weight CDR3b
2024-11-13 19:36:14,287 - INFO - Processing rows 825 to 850 for swaps, peptide RAKFKQLL, weight CDR3b
2024-11-13 19:36:23,985 - INFO - Processing rows 850 to 875 for swaps, peptide RAKFKQLL, weight CDR3b
2024-11-13 19:36:33,105 - INFO - Processing rows 875 to 900 for swaps, peptide RAKFKQLL, weight CDR3b
2024-11-13 19:36:43,712 - INFO - Processing rows 900 to 925 for swaps, peptide RAKFKQLL, weight CDR3b
2024-11-13 19:36:53,861 - INFO - Processing rows 925 to 950 for swaps, peptide RAKFKQLL, weight CDR3b
2024-11-13 19:37:05,407 - INFO - Processing rows 950 to 975 for swaps, peptide RAKFKQLL, weight CDR3b
2024-11-13 19:37:14,551 - INFO - Processing rows 975 to 1000 for swaps, peptide RAKFKQLL, weight CDR3b
2024-11-13 19:37:23,998 - INFO - Processing rows 1000 to 1025 for swaps, peptide RAKFKQLL, weight CDR3b
2024-11-13 19:37:33,074 - INFO - Processing rows 1025 to 1050 for swaps, peptide RAKFKQLL, weight CDR3b
2024-11-13 19:37:43,203 - INFO - Processing rows 1050 to 1075 for swaps, peptide RAKFKQLL, weight CDR3b
2024-11-13 19:37:52,845 - INFO - Processing rows 1075 to 1100 for swaps, peptide RAKFKQLL, weight CDR3b
2024-11-13 19:38:02,491 - INFO - Processing rows 1100 to 1125 for swaps, peptide RAKFKQLL, weight CDR3b
2024-11-13 19:38:12,809 - INFO - Processing rows 1125 to 1150 for swaps, peptide RAKFKQLL, weight CDR3b
2024-11-13 19:38:21,329 - INFO - Processing rows 1150 to 1175 for swaps, peptide RAKFKQLL, weight CDR3b
2024-11-13 19:38:31,728 - INFO - Processing rows 1175 to 1200 for swaps, peptide RAKFKQLL, weight CDR3b
2024-11-13 19:38:42,052 - INFO - Processing rows 1200 to 1225 for swaps, peptide RAKFKQLL, weight CDR3b
2024-11-13 19:38:51,365 - INFO - Processing rows 1225 to 1250 for swaps, peptide RAKFKQLL, weight CDR3b
2024-11-13 19:39:00,508 - INFO - Processing rows 1250 to 1275 for swaps, peptide RAKFKQLL, weight CDR3b
2024-11-13 19:39:09,795 - INFO - Processing rows 1275 to 1300 for swaps, peptide RAKFKQLL, weight CDR3b
2024-11-13 19:39:19,529 - INFO - Processing rows 1300 to 1325 for swaps, peptide RAKFKQLL, weight CDR3b
2024-11-13 19:39:28,746 - INFO - Processing rows 1325 to 1350 for swaps, peptide RAKFKQLL, weight CDR3b
2024-11-13 19:39:39,764 - INFO - Processing rows 1350 to 1375 for swaps, peptide RAKFKQLL, weight CDR3b
2024-11-13 19:39:49,302 - INFO - Processing rows 1375 to 1400 for swaps, peptide RAKFKQLL, weight CDR3b
2024-11-13 19:39:58,920 - INFO - Processing rows 1400 to 1425 for swaps, peptide RAKFKQLL, weight CDR3b
2024-11-13 19:40:08,485 - INFO - Processing rows 1425 to 1450 for swaps, peptide RAKFKQLL, weight CDR3b
2024-11-13 19:40:18,995 - INFO - Processing rows 1450 to 1475 for swaps, peptide RAKFKQLL, weight CDR3b
2024-11-13 19:40:28,411 - INFO - Processing rows 1475 to 1500 for swaps, peptide RAKFKQLL, weight CDR3b
2024-11-13 19:40:38,045 - INFO - Processing rows 1500 to 1525 for swaps, peptide RAKFKQLL, weight CDR3b
2024-11-13 19:40:47,051 - INFO - Processing rows 1525 to 1550 for swaps, peptide RAKFKQLL, weight CDR3b
2024-11-13 19:40:56,585 - INFO - Processing rows 1550 to 1575 for swaps, peptide RAKFKQLL, weight CDR3b
2024-11-13 19:41:04,936 - INFO - Processing rows 1575 to 1600 for swaps, peptide RAKFKQLL, weight CDR3b
2024-11-13 19:41:14,495 - INFO - Processing rows 1600 to 1625 for swaps, peptide RAKFKQLL, weight CDR3b
2024-11-13 19:41:27,492 - INFO - Processing rows 1625 to 1650 for swaps, peptide RAKFKQLL, weight CDR3b
2024-11-13 19:41:36,937 - INFO - Processing rows 1650 to 1675 for swaps, peptide RAKFKQLL, weight CDR3b
2024-11-13 19:41:45,963 - INFO - Processing rows 1675 to 1700 for swaps, peptide RAKFKQLL, weight CDR3b
2024-11-13 19:41:55,070 - INFO - Processing rows 1700 to 1725 for swaps, peptide RAKFKQLL, weight CDR3b
2024-11-13 19:42:05,079 - INFO - Processing rows 1725 to 1750 for swaps, peptide RAKFKQLL, weight CDR3b
2024-11-13 19:42:15,107 - INFO - Processing rows 1750 to 1775 for swaps, peptide RAKFKQLL, weight CDR3b
2024-11-13 19:42:24,970 - INFO - Processing rows 1775 to 1800 for swaps, peptide RAKFKQLL, weight CDR3b
2024-11-13 19:42:34,861 - INFO - Processing rows 1800 to 1825 for swaps, peptide RAKFKQLL, weight CDR3b
2024-11-13 19:42:45,126 - INFO - Processing rows 1825 to 1850 for swaps, peptide RAKFKQLL, weight CDR3b
2024-11-13 19:42:54,022 - INFO - Processing rows 1850 to 1875 for swaps, peptide RAKFKQLL, weight CDR3b
2024-11-13 19:43:03,255 - INFO - Processing rows 1875 to 1900 for swaps, peptide RAKFKQLL, weight CDR3b
2024-11-13 19:43:12,019 - INFO - Processing rows 1900 to 1925 for swaps, peptide RAKFKQLL, weight CDR3b
2024-11-13 19:43:21,821 - INFO - Processing rows 1925 to 1950 for swaps, peptide RAKFKQLL, weight CDR3b
2024-11-13 19:43:30,578 - INFO - Processing rows 1950 to 1975 for swaps, peptide RAKFKQLL, weight CDR3b
2024-11-13 19:43:39,327 - INFO - Processing rows 1975 to 2000 for swaps, peptide RAKFKQLL, weight CDR3b
2024-11-13 19:43:49,072 - INFO - Processing rows 2000 to 2025 for swaps, peptide RAKFKQLL, weight CDR3b
2024-11-13 19:43:57,833 - INFO - Processing rows 2025 to 2050 for swaps, peptide RAKFKQLL, weight CDR3b
2024-11-13 19:44:06,576 - INFO - Processing rows 2050 to 2075 for swaps, peptide RAKFKQLL, weight CDR3b
2024-11-13 19:44:16,467 - INFO - Processing rows 2075 to 2100 for swaps, peptide RAKFKQLL, weight CDR3b
2024-11-13 19:44:26,286 - INFO - Processing rows 2100 to 2125 for swaps, peptide RAKFKQLL, weight CDR3b
2024-11-13 19:44:36,529 - INFO - Processing rows 2125 to 2150 for swaps, peptide RAKFKQLL, weight CDR3b
2024-11-13 19:44:45,932 - INFO - Processing rows 2150 to 2175 for swaps, peptide RAKFKQLL, weight CDR3b
2024-11-13 19:44:55,813 - INFO - Processing rows 2175 to 2200 for swaps, peptide RAKFKQLL, weight CDR3b
2024-11-13 19:45:04,792 - INFO - Processing rows 2200 to 2225 for swaps, peptide RAKFKQLL, weight CDR3b
2024-11-13 19:45:13,694 - INFO - Processing rows 2225 to 2250 for swaps, peptide RAKFKQLL, weight CDR3b
2024-11-13 19:45:23,064 - INFO - Processing rows 2250 to 2275 for swaps, peptide RAKFKQLL, weight CDR3b
2024-11-13 19:45:32,469 - INFO - Processing rows 2275 to 2300 for swaps, peptide RAKFKQLL, weight CDR3b
2024-11-13 19:45:42,294 - INFO - Processing rows 2300 to 2325 for swaps, peptide RAKFKQLL, weight CDR3b
2024-11-13 19:45:51,694 - INFO - Processing rows 2325 to 2350 for swaps, peptide RAKFKQLL, weight CDR3b
2024-11-13 19:46:01,090 - INFO - Processing rows 2350 to 2375 for swaps, peptide RAKFKQLL, weight CDR3b
2024-11-13 19:46:10,088 - INFO - Processing rows 2375 to 2400 for swaps, peptide RAKFKQLL, weight CDR3b
2024-11-13 19:46:20,423 - INFO - Processing rows 2400 to 2425 for swaps, peptide RAKFKQLL, weight CDR3b
2024-11-13 19:46:30,395 - INFO - Processing rows 2425 to 2450 for swaps, peptide RAKFKQLL, weight CDR3b
2024-11-13 19:46:39,231 - INFO - Processing rows 2450 to 2475 for swaps, peptide RAKFKQLL, weight CDR3b
2024-11-13 19:46:49,139 - INFO - Processing rows 2475 to 2500 for swaps, peptide RAKFKQLL, weight CDR3b
2024-11-13 19:47:03,512 - INFO - Processing rows 2500 to 2525 for swaps, peptide RAKFKQLL, weight CDR3b
2024-11-13 19:47:13,263 - INFO - Processing rows 2525 to 2550 for swaps, peptide RAKFKQLL, weight CDR3b
2024-11-13 19:47:22,956 - INFO - Processing rows 2550 to 2575 for swaps, peptide RAKFKQLL, weight CDR3b
2024-11-13 19:47:32,593 - INFO - Processing rows 2575 to 2600 for swaps, peptide RAKFKQLL, weight CDR3b
2024-11-13 19:47:41,764 - INFO - Processing rows 2600 to 2625 for swaps, peptide RAKFKQLL, weight CDR3b
2024-11-13 19:47:51,450 - INFO - Processing rows 2625 to 2650 for swaps, peptide RAKFKQLL, weight CDR3b
2024-11-13 19:47:59,777 - INFO - Processing rows 2650 to 2675 for swaps, peptide RAKFKQLL, weight CDR3b
2024-11-13 19:48:09,981 - INFO - Processing rows 2675 to 2700 for swaps, peptide RAKFKQLL, weight CDR3b
2024-11-13 19:48:19,289 - INFO - Processing rows 2700 to 2725 for swaps, peptide RAKFKQLL, weight CDR3b
2024-11-13 19:48:28,450 - INFO - Processing rows 2725 to 2750 for swaps, peptide RAKFKQLL, weight CDR3b
2024-11-13 19:48:37,198 - INFO - Processing rows 2750 to 2775 for swaps, peptide RAKFKQLL, weight CDR3b
2024-11-13 19:48:46,452 - INFO - Processing rows 2775 to 2800 for swaps, peptide RAKFKQLL, weight CDR3b
2024-11-13 19:48:55,817 - INFO - Processing rows 2800 to 2825 for swaps, peptide RAKFKQLL, weight CDR3b
2024-11-13 19:49:06,621 - INFO - Processing rows 2825 to 2850 for swaps, peptide RAKFKQLL, weight CDR3b
2024-11-13 19:49:15,809 - INFO - Processing rows 2850 to 2875 for swaps, peptide RAKFKQLL, weight CDR3b
2024-11-13 19:49:25,850 - INFO - Processing rows 2875 to 2900 for swaps, peptide RAKFKQLL, weight CDR3b
2024-11-13 19:49:34,938 - INFO - Processing rows 2900 to 2925 for swaps, peptide RAKFKQLL, weight CDR3b
2024-11-13 19:49:44,733 - INFO - Processing rows 2925 to 2950 for swaps, peptide RAKFKQLL, weight CDR3b
2024-11-13 19:49:53,939 - INFO - Processing rows 2950 to 2975 for swaps, peptide RAKFKQLL, weight CDR3b
2024-11-13 19:50:02,698 - INFO - Processing rows 2975 to 3000 for swaps, peptide RAKFKQLL, weight CDR3b
2024-11-13 19:50:12,344 - INFO - Processing rows 3000 to 3025 for swaps, peptide RAKFKQLL, weight CDR3b
2024-11-13 19:50:21,632 - INFO - Processing rows 3025 to 3050 for swaps, peptide RAKFKQLL, weight CDR3b
2024-11-13 19:50:32,849 - INFO - Processing rows 3050 to 3075 for swaps, peptide RAKFKQLL, weight CDR3b
2024-11-13 19:50:42,549 - INFO - Processing rows 3075 to 3100 for swaps, peptide RAKFKQLL, weight CDR3b
2024-11-13 19:50:51,855 - INFO - Processing rows 3100 to 3125 for swaps, peptide RAKFKQLL, weight CDR3b
2024-11-13 19:51:01,932 - INFO - Processing rows 3125 to 3150 for swaps, peptide RAKFKQLL, weight CDR3b
2024-11-13 19:51:11,144 - INFO - Processing rows 3150 to 3175 for swaps, peptide RAKFKQLL, weight CDR3b
2024-11-13 19:51:19,846 - INFO - Processing rows 3175 to 3200 for swaps, peptide RAKFKQLL, weight CDR3b
2024-11-13 19:51:29,438 - INFO - Processing rows 3200 to 3225 for swaps, peptide RAKFKQLL, weight CDR3b
2024-11-13 19:51:38,198 - INFO - Processing rows 3225 to 3250 for swaps, peptide RAKFKQLL, weight CDR3b
2024-11-13 19:51:48,206 - INFO - Processing rows 3250 to 3275 for swaps, peptide RAKFKQLL, weight CDR3b
2024-11-13 19:51:57,220 - INFO - Processing rows 3275 to 3300 for swaps, peptide RAKFKQLL, weight CDR3b
2024-11-13 19:52:07,187 - INFO - Processing rows 3300 to 3325 for swaps, peptide RAKFKQLL, weight CDR3b
2024-11-13 19:52:17,651 - INFO - Processing rows 3325 to 3350 for swaps, peptide RAKFKQLL, weight CDR3b
2024-11-13 19:52:27,170 - INFO - Processing rows 3350 to 3375 for swaps, peptide RAKFKQLL, weight CDR3b
2024-11-13 19:52:36,695 - INFO - Processing rows 3375 to 3400 for swaps, peptide RAKFKQLL, weight CDR3b
2024-11-13 19:52:45,232 - INFO - Processing rows 3400 to 3425 for swaps, peptide RAKFKQLL, weight CDR3b
2024-11-13 19:52:54,289 - INFO - Processing rows 3425 to 3450 for swaps, peptide RAKFKQLL, weight CDR3b
2024-11-13 19:53:02,815 - INFO - Processing rows 3450 to 3475 for swaps, peptide RAKFKQLL, weight CDR3b
2024-11-13 19:53:12,399 - INFO - Processing rows 3475 to 3500 for swaps, peptide RAKFKQLL, weight CDR3b
2024-11-13 19:53:22,866 - INFO - Processing rows 3500 to 3525 for swaps, peptide RAKFKQLL, weight CDR3b
2024-11-13 19:53:32,599 - INFO - Processing rows 3525 to 3550 for swaps, peptide RAKFKQLL, weight CDR3b
2024-11-13 19:53:41,399 - INFO - Processing rows 3550 to 3575 for swaps, peptide RAKFKQLL, weight CDR3b
2024-11-13 19:53:50,995 - INFO - Processing rows 3575 to 3600 for swaps, peptide RAKFKQLL, weight CDR3b
2024-11-13 19:54:00,185 - INFO - Processing rows 3600 to 3625 for swaps, peptide RAKFKQLL, weight CDR3b
2024-11-13 19:54:08,835 - INFO - Processing rows 3625 to 3650 for swaps, peptide RAKFKQLL, weight CDR3b
2024-11-13 19:54:18,554 - INFO - Processing rows 3650 to 3675 for swaps, peptide RAKFKQLL, weight CDR3b
2024-11-13 19:54:27,752 - INFO - Processing rows 3675 to 3700 for swaps, peptide RAKFKQLL, weight CDR3b
2024-11-13 19:54:36,834 - INFO - Processing rows 3700 to 3725 for swaps, peptide RAKFKQLL, weight CDR3b
2024-11-13 19:54:45,569 - INFO - Processing rows 3725 to 3750 for swaps, peptide RAKFKQLL, weight CDR3b
2024-11-13 19:54:54,676 - INFO - Processing rows 3750 to 3775 for swaps, peptide RAKFKQLL, weight CDR3b
2024-11-13 19:55:03,950 - INFO - Processing rows 3775 to 3800 for swaps, peptide RAKFKQLL, weight CDR3b
2024-11-13 19:55:13,553 - INFO - Processing rows 3800 to 3825 for swaps, peptide RAKFKQLL, weight CDR3b
2024-11-13 19:55:22,729 - INFO - Processing rows 3825 to 3850 for swaps, peptide RAKFKQLL, weight CDR3b
2024-11-13 19:55:31,725 - INFO - Processing rows 3850 to 3875 for swaps, peptide RAKFKQLL, weight CDR3b
2024-11-13 19:55:40,787 - INFO - Processing rows 3875 to 3900 for swaps, peptide RAKFKQLL, weight CDR3b
2024-11-13 19:55:49,314 - INFO - Processing rows 3900 to 3925 for swaps, peptide RAKFKQLL, weight CDR3b
2024-11-13 19:55:57,869 - INFO - Processing rows 3925 to 3950 for swaps, peptide RAKFKQLL, weight CDR3b
2024-11-13 19:56:06,926 - INFO - Processing rows 3950 to 3975 for swaps, peptide RAKFKQLL, weight CDR3b
2024-11-13 19:56:15,978 - INFO - Processing rows 3975 to 4000 for swaps, peptide RAKFKQLL, weight CDR3b
2024-11-13 19:56:24,977 - INFO - Processing rows 4000 to 4025 for swaps, peptide RAKFKQLL, weight CDR3b
2024-11-13 19:56:34,470 - INFO - Processing rows 4025 to 4050 for swaps, peptide RAKFKQLL, weight CDR3b
2024-11-13 19:56:44,031 - INFO - Processing rows 4050 to 4075 for swaps, peptide RAKFKQLL, weight CDR3b
2024-11-13 19:56:53,787 - INFO - Processing rows 4075 to 4100 for swaps, peptide RAKFKQLL, weight CDR3b
2024-11-13 19:57:02,970 - INFO - Processing rows 4100 to 4125 for swaps, peptide RAKFKQLL, weight CDR3b
2024-11-13 19:57:12,096 - INFO - Processing rows 4125 to 4150 for swaps, peptide RAKFKQLL, weight CDR3b
2024-11-13 19:57:23,238 - INFO - Processing rows 4150 to 4175 for swaps, peptide RAKFKQLL, weight CDR3b
2024-11-13 19:57:32,938 - INFO - Processing rows 4175 to 4200 for swaps, peptide RAKFKQLL, weight CDR3b
2024-11-13 19:57:43,042 - INFO - Processing rows 4200 to 4225 for swaps, peptide RAKFKQLL, weight CDR3b
2024-11-13 19:57:53,162 - INFO - Processing rows 4225 to 4250 for swaps, peptide RAKFKQLL, weight CDR3b
2024-11-13 19:58:02,335 - INFO - Processing rows 4250 to 4275 for swaps, peptide RAKFKQLL, weight CDR3b
2024-11-13 19:58:12,123 - INFO - Processing rows 4275 to 4300 for swaps, peptide RAKFKQLL, weight CDR3b
2024-11-13 19:58:21,838 - INFO - Processing rows 4300 to 4325 for swaps, peptide RAKFKQLL, weight CDR3b
2024-11-13 19:58:30,633 - INFO - Processing rows 4325 to 4350 for swaps, peptide RAKFKQLL, weight CDR3b
2024-11-13 19:58:40,674 - INFO - Processing rows 4350 to 4375 for swaps, peptide RAKFKQLL, weight CDR3b
2024-11-13 19:58:49,782 - INFO - Processing rows 4375 to 4400 for swaps, peptide RAKFKQLL, weight CDR3b
2024-11-13 19:58:58,871 - INFO - Processing rows 4400 to 4425 for swaps, peptide RAKFKQLL, weight CDR3b
2024-11-13 19:59:07,599 - INFO - Processing rows 4425 to 4450 for swaps, peptide RAKFKQLL, weight CDR3b
2024-11-13 19:59:18,313 - INFO - Processing rows 4450 to 4475 for swaps, peptide RAKFKQLL, weight CDR3b
2024-11-13 19:59:28,453 - INFO - Processing rows 4475 to 4500 for swaps, peptide RAKFKQLL, weight CDR3b
2024-11-13 19:59:38,468 - INFO - Processing rows 4500 to 4525 for swaps, peptide RAKFKQLL, weight CDR3b
2024-11-13 19:59:47,664 - INFO - Processing rows 4525 to 4550 for swaps, peptide RAKFKQLL, weight CDR3b
2024-11-13 19:59:57,371 - INFO - Processing rows 4550 to 4575 for swaps, peptide RAKFKQLL, weight CDR3b
2024-11-13 20:00:05,434 - INFO - Processing rows 4575 to 4600 for swaps, peptide RAKFKQLL, weight CDR3b
2024-11-13 20:00:15,636 - INFO - Processing rows 4600 to 4625 for swaps, peptide RAKFKQLL, weight CDR3b
2024-11-13 20:00:25,308 - INFO - Processing rows 4625 to 4650 for swaps, peptide RAKFKQLL, weight CDR3b
2024-11-13 20:00:35,999 - INFO - Processing rows 4650 to 4675 for swaps, peptide RAKFKQLL, weight CDR3b
2024-11-13 20:00:46,147 - INFO - Processing rows 4675 to 4700 for swaps, peptide RAKFKQLL, weight CDR3b
2024-11-13 20:00:56,198 - INFO - Processing rows 4700 to 4725 for swaps, peptide RAKFKQLL, weight CDR3b
2024-11-13 20:01:06,161 - INFO - Processing rows 4725 to 4750 for swaps, peptide RAKFKQLL, weight CDR3b
2024-11-13 20:01:14,155 - INFO - Processing rows 4750 to 4775 for swaps, peptide RAKFKQLL, weight CDR3b
2024-11-13 20:01:22,740 - INFO - Processing rows 4775 to 4800 for swaps, peptide RAKFKQLL, weight CDR3b
2024-11-13 20:01:32,270 - INFO - Processing rows 4800 to 4825 for swaps, peptide RAKFKQLL, weight CDR3b
2024-11-13 20:01:43,827 - INFO - Processing rows 4825 to 4850 for swaps, peptide RAKFKQLL, weight CDR3b
2024-11-13 20:01:52,362 - INFO - Processing rows 4850 to 4875 for swaps, peptide RAKFKQLL, weight CDR3b
2024-11-13 20:02:01,364 - INFO - Processing rows 4875 to 4900 for swaps, peptide RAKFKQLL, weight CDR3b
2024-11-13 20:02:10,933 - INFO - Processing rows 4900 to 4925 for swaps, peptide RAKFKQLL, weight CDR3b
2024-11-13 20:02:20,467 - INFO - Processing rows 4925 to 4950 for swaps, peptide RAKFKQLL, weight CDR3b
2024-11-13 20:02:31,963 - INFO - Processing rows 4950 to 4975 for swaps, peptide RAKFKQLL, weight CDR3b
2024-11-13 20:02:41,278 - INFO - Processing rows 4975 to 4980 for swaps, peptide RAKFKQLL, weight CDR3b
Traceback (most recent call last):
  File "/net/mimer/mnt/tank/projects2/emison/language_model/27th_Oct_new_matrices/04.11_new_esm/12.11/run_esm_swaps.py", line 90, in <module>
    process_sequences(df_filtered, peptide, weight, "swaps")
  File "/net/mimer/mnt/tank/projects2/emison/language_model/27th_Oct_new_matrices/04.11_new_esm/12.11/run_esm_swaps.py", line 82, in process_sequences
    output_df.insert(0, "raw_index", raw_indexes)
  File "/home/projects2/emison/language_model/miniconda3/envs/esm2_emison/lib/python3.12/site-packages/pandas/core/frame.py", line 5171, in insert
    value, refs = self._sanitize_column(value)
                  ^^^^^^^^^^^^^^^^^^^^^^^^^^^^
  File "/home/projects2/emison/language_model/miniconda3/envs/esm2_emison/lib/python3.12/site-packages/pandas/core/frame.py", line 5266, in _sanitize_column
    com.require_length_match(value, self.index)
  File "/home/projects2/emison/language_model/miniconda3/envs/esm2_emison/lib/python3.12/site-packages/pandas/core/common.py", line 573, in require_length_match
    raise ValueError(
ValueError: Length of values (4980) does not match length of index (5)
