2024-11-14 08:30:28,486 - INFO - Loading and filtering dataset for peptide RAKFKQLL
2024-11-14 08:30:29,137 - INFO - Processing dataset for peptide RAKFKQLL with weight CDR1a
2024-11-14 08:30:29,141 - INFO - Processing rows 0 to 25 for swaps, peptide RAKFKQLL, weight CDR1a
2024-11-14 08:31:05,169 - INFO - Processing rows 25 to 50 for swaps, peptide RAKFKQLL, weight CDR1a
2024-11-14 08:31:41,708 - INFO - Processing rows 50 to 75 for swaps, peptide RAKFKQLL, weight CDR1a
2024-11-14 08:32:18,477 - INFO - Processing rows 75 to 100 for swaps, peptide RAKFKQLL, weight CDR1a
2024-11-14 08:32:54,770 - INFO - Processing rows 100 to 125 for swaps, peptide RAKFKQLL, weight CDR1a
2024-11-14 08:33:31,013 - INFO - Processing rows 125 to 150 for swaps, peptide RAKFKQLL, weight CDR1a
2024-11-14 08:34:07,070 - INFO - Processing rows 150 to 175 for swaps, peptide RAKFKQLL, weight CDR1a
2024-11-14 08:34:42,872 - INFO - Processing rows 175 to 200 for swaps, peptide RAKFKQLL, weight CDR1a
2024-11-14 08:35:18,485 - INFO - Processing rows 200 to 225 for swaps, peptide RAKFKQLL, weight CDR1a
2024-11-14 08:35:53,899 - INFO - Processing rows 225 to 250 for swaps, peptide RAKFKQLL, weight CDR1a
2024-11-14 08:36:25,496 - INFO - Processing rows 250 to 275 for swaps, peptide RAKFKQLL, weight CDR1a
2024-11-14 08:37:01,282 - INFO - Processing rows 275 to 300 for swaps, peptide RAKFKQLL, weight CDR1a
2024-11-14 08:37:37,391 - INFO - Processing rows 300 to 325 for swaps, peptide RAKFKQLL, weight CDR1a
2024-11-14 08:38:13,166 - INFO - Processing rows 325 to 350 for swaps, peptide RAKFKQLL, weight CDR1a
2024-11-14 08:38:48,886 - INFO - Processing rows 350 to 375 for swaps, peptide RAKFKQLL, weight CDR1a
2024-11-14 08:39:24,386 - INFO - Processing rows 375 to 400 for swaps, peptide RAKFKQLL, weight CDR1a
2024-11-14 08:40:00,081 - INFO - Processing rows 400 to 425 for swaps, peptide RAKFKQLL, weight CDR1a
2024-11-14 08:40:36,013 - INFO - Processing rows 425 to 450 for swaps, peptide RAKFKQLL, weight CDR1a
2024-11-14 08:41:12,109 - INFO - Processing rows 450 to 475 for swaps, peptide RAKFKQLL, weight CDR1a
2024-11-14 08:41:48,036 - INFO - Processing rows 475 to 500 for swaps, peptide RAKFKQLL, weight CDR1a
2024-11-14 08:42:24,234 - INFO - Processing rows 500 to 525 for swaps, peptide RAKFKQLL, weight CDR1a
2024-11-14 08:42:43,270 - INFO - Processing rows 525 to 550 for swaps, peptide RAKFKQLL, weight CDR1a
2024-11-14 08:42:59,019 - INFO - Processing rows 550 to 575 for swaps, peptide RAKFKQLL, weight CDR1a
2024-11-14 08:43:14,796 - INFO - Processing rows 575 to 600 for swaps, peptide RAKFKQLL, weight CDR1a
2024-11-14 08:43:30,553 - INFO - Processing rows 600 to 625 for swaps, peptide RAKFKQLL, weight CDR1a
2024-11-14 08:43:46,203 - INFO - Processing rows 625 to 650 for swaps, peptide RAKFKQLL, weight CDR1a
2024-11-14 08:44:01,811 - INFO - Processing rows 650 to 675 for swaps, peptide RAKFKQLL, weight CDR1a
2024-11-14 08:44:17,471 - INFO - Processing rows 675 to 700 for swaps, peptide RAKFKQLL, weight CDR1a
2024-11-14 08:44:33,427 - INFO - Processing rows 700 to 725 for swaps, peptide RAKFKQLL, weight CDR1a
2024-11-14 08:44:49,401 - INFO - Processing rows 725 to 750 for swaps, peptide RAKFKQLL, weight CDR1a
2024-11-14 08:45:05,210 - INFO - Processing rows 750 to 775 for swaps, peptide RAKFKQLL, weight CDR1a
2024-11-14 08:45:21,086 - INFO - Processing rows 775 to 800 for swaps, peptide RAKFKQLL, weight CDR1a
2024-11-14 08:45:36,991 - INFO - Processing rows 800 to 825 for swaps, peptide RAKFKQLL, weight CDR1a
2024-11-14 08:45:52,807 - INFO - Processing rows 825 to 850 for swaps, peptide RAKFKQLL, weight CDR1a
2024-11-14 08:46:08,683 - INFO - Processing rows 850 to 875 for swaps, peptide RAKFKQLL, weight CDR1a
2024-11-14 08:46:24,481 - INFO - Processing rows 875 to 900 for swaps, peptide RAKFKQLL, weight CDR1a
2024-11-14 08:46:40,399 - INFO - Processing rows 900 to 925 for swaps, peptide RAKFKQLL, weight CDR1a
2024-11-14 08:46:56,283 - INFO - Processing rows 925 to 950 for swaps, peptide RAKFKQLL, weight CDR1a
2024-11-14 08:47:12,194 - INFO - Processing rows 950 to 975 for swaps, peptide RAKFKQLL, weight CDR1a
2024-11-14 08:47:28,198 - INFO - Processing rows 975 to 1000 for swaps, peptide RAKFKQLL, weight CDR1a
2024-11-14 08:47:44,253 - INFO - Processing rows 1000 to 1025 for swaps, peptide RAKFKQLL, weight CDR1a
2024-11-14 08:48:00,208 - INFO - Processing rows 1025 to 1050 for swaps, peptide RAKFKQLL, weight CDR1a
2024-11-14 08:48:16,179 - INFO - Processing rows 1050 to 1075 for swaps, peptide RAKFKQLL, weight CDR1a
2024-11-14 08:48:32,246 - INFO - Processing rows 1075 to 1100 for swaps, peptide RAKFKQLL, weight CDR1a
2024-11-14 08:48:48,207 - INFO - Processing rows 1100 to 1125 for swaps, peptide RAKFKQLL, weight CDR1a
2024-11-14 08:49:04,195 - INFO - Processing rows 1125 to 1150 for swaps, peptide RAKFKQLL, weight CDR1a
2024-11-14 08:49:20,189 - INFO - Processing rows 1150 to 1175 for swaps, peptide RAKFKQLL, weight CDR1a
2024-11-14 08:49:36,085 - INFO - Processing rows 1175 to 1200 for swaps, peptide RAKFKQLL, weight CDR1a
2024-11-14 08:49:51,883 - INFO - Processing rows 1200 to 1225 for swaps, peptide RAKFKQLL, weight CDR1a
2024-11-14 08:50:07,691 - INFO - Processing rows 1225 to 1250 for swaps, peptide RAKFKQLL, weight CDR1a
2024-11-14 08:50:23,503 - INFO - Processing rows 1250 to 1275 for swaps, peptide RAKFKQLL, weight CDR1a
2024-11-14 08:50:39,349 - INFO - Processing rows 1275 to 1300 for swaps, peptide RAKFKQLL, weight CDR1a
2024-11-14 08:50:55,352 - INFO - Processing rows 1300 to 1325 for swaps, peptide RAKFKQLL, weight CDR1a
2024-11-14 08:51:11,329 - INFO - Processing rows 1325 to 1350 for swaps, peptide RAKFKQLL, weight CDR1a
2024-11-14 08:51:27,276 - INFO - Processing rows 1350 to 1375 for swaps, peptide RAKFKQLL, weight CDR1a
2024-11-14 08:51:43,355 - INFO - Processing rows 1375 to 1400 for swaps, peptide RAKFKQLL, weight CDR1a
2024-11-14 08:51:59,312 - INFO - Processing rows 1400 to 1425 for swaps, peptide RAKFKQLL, weight CDR1a
2024-11-14 08:52:15,263 - INFO - Processing rows 1425 to 1450 for swaps, peptide RAKFKQLL, weight CDR1a
2024-11-14 08:52:31,280 - INFO - Processing rows 1450 to 1475 for swaps, peptide RAKFKQLL, weight CDR1a
2024-11-14 08:52:47,170 - INFO - Processing rows 1475 to 1500 for swaps, peptide RAKFKQLL, weight CDR1a
2024-11-14 08:53:02,968 - INFO - Processing rows 1500 to 1525 for swaps, peptide RAKFKQLL, weight CDR1a
2024-11-14 08:53:18,774 - INFO - Processing rows 1525 to 1550 for swaps, peptide RAKFKQLL, weight CDR1a
2024-11-14 08:53:34,572 - INFO - Processing rows 1550 to 1575 for swaps, peptide RAKFKQLL, weight CDR1a
2024-11-14 08:53:50,370 - INFO - Processing rows 1575 to 1600 for swaps, peptide RAKFKQLL, weight CDR1a
2024-11-14 08:54:06,167 - INFO - Processing rows 1600 to 1625 for swaps, peptide RAKFKQLL, weight CDR1a
2024-11-14 08:54:21,965 - INFO - Processing rows 1625 to 1650 for swaps, peptide RAKFKQLL, weight CDR1a
2024-11-14 08:54:37,761 - INFO - Processing rows 1650 to 1675 for swaps, peptide RAKFKQLL, weight CDR1a
2024-11-14 08:54:53,563 - INFO - Processing rows 1675 to 1700 for swaps, peptide RAKFKQLL, weight CDR1a
2024-11-14 08:55:09,363 - INFO - Processing rows 1700 to 1725 for swaps, peptide RAKFKQLL, weight CDR1a
2024-11-14 08:55:25,168 - INFO - Processing rows 1725 to 1750 for swaps, peptide RAKFKQLL, weight CDR1a
2024-11-14 08:55:40,967 - INFO - Processing rows 1750 to 1775 for swaps, peptide RAKFKQLL, weight CDR1a
2024-11-14 08:56:03,652 - INFO - Processing rows 1775 to 1800 for swaps, peptide RAKFKQLL, weight CDR1a
2024-11-14 08:56:39,807 - INFO - Processing rows 1800 to 1825 for swaps, peptide RAKFKQLL, weight CDR1a
2024-11-14 08:57:16,131 - INFO - Processing rows 1825 to 1850 for swaps, peptide RAKFKQLL, weight CDR1a
2024-11-14 08:57:52,132 - INFO - Processing rows 1850 to 1875 for swaps, peptide RAKFKQLL, weight CDR1a
2024-11-14 08:58:27,970 - INFO - Processing rows 1875 to 1900 for swaps, peptide RAKFKQLL, weight CDR1a
2024-11-14 08:59:04,199 - INFO - Processing rows 1900 to 1925 for swaps, peptide RAKFKQLL, weight CDR1a
2024-11-14 08:59:40,559 - INFO - Processing rows 1925 to 1950 for swaps, peptide RAKFKQLL, weight CDR1a
2024-11-14 09:00:17,002 - INFO - Processing rows 1950 to 1975 for swaps, peptide RAKFKQLL, weight CDR1a
2024-11-14 09:00:53,186 - INFO - Processing rows 1975 to 2000 for swaps, peptide RAKFKQLL, weight CDR1a
2024-11-14 09:01:28,416 - INFO - Processing rows 2000 to 2025 for swaps, peptide RAKFKQLL, weight CDR1a
2024-11-14 09:02:03,532 - INFO - Processing rows 2025 to 2050 for swaps, peptide RAKFKQLL, weight CDR1a
2024-11-14 09:02:39,291 - INFO - Processing rows 2050 to 2075 for swaps, peptide RAKFKQLL, weight CDR1a
2024-11-14 09:03:15,285 - INFO - Processing rows 2075 to 2100 for swaps, peptide RAKFKQLL, weight CDR1a
2024-11-14 09:03:50,716 - INFO - Processing rows 2100 to 2125 for swaps, peptide RAKFKQLL, weight CDR1a
2024-11-14 09:04:26,718 - INFO - Processing rows 2125 to 2150 for swaps, peptide RAKFKQLL, weight CDR1a
2024-11-14 09:05:02,417 - INFO - Processing rows 2150 to 2175 for swaps, peptide RAKFKQLL, weight CDR1a
2024-11-14 09:05:38,228 - INFO - Processing rows 2175 to 2200 for swaps, peptide RAKFKQLL, weight CDR1a
2024-11-14 09:06:13,864 - INFO - Processing rows 2200 to 2225 for swaps, peptide RAKFKQLL, weight CDR1a
2024-11-14 09:06:49,543 - INFO - Processing rows 2225 to 2250 for swaps, peptide RAKFKQLL, weight CDR1a
2024-11-14 09:07:25,079 - INFO - Processing rows 2250 to 2275 for swaps, peptide RAKFKQLL, weight CDR1a
2024-11-14 09:08:00,704 - INFO - Processing rows 2275 to 2300 for swaps, peptide RAKFKQLL, weight CDR1a
2024-11-14 09:08:36,603 - INFO - Processing rows 2300 to 2325 for swaps, peptide RAKFKQLL, weight CDR1a
2024-11-14 09:09:12,474 - INFO - Processing rows 2325 to 2350 for swaps, peptide RAKFKQLL, weight CDR1a
2024-11-14 09:09:48,424 - INFO - Processing rows 2350 to 2375 for swaps, peptide RAKFKQLL, weight CDR1a
2024-11-14 09:10:23,941 - INFO - Processing rows 2375 to 2400 for swaps, peptide RAKFKQLL, weight CDR1a
2024-11-14 09:11:00,600 - INFO - Processing rows 2400 to 2425 for swaps, peptide RAKFKQLL, weight CDR1a
2024-11-14 09:11:37,228 - INFO - Processing rows 2425 to 2450 for swaps, peptide RAKFKQLL, weight CDR1a
2024-11-14 09:12:13,219 - INFO - Processing rows 2450 to 2475 for swaps, peptide RAKFKQLL, weight CDR1a
2024-11-14 09:12:49,380 - INFO - Processing rows 2475 to 2500 for swaps, peptide RAKFKQLL, weight CDR1a
2024-11-14 09:13:25,492 - INFO - Processing rows 2500 to 2525 for swaps, peptide RAKFKQLL, weight CDR1a
2024-11-14 09:14:01,651 - INFO - Processing rows 2525 to 2550 for swaps, peptide RAKFKQLL, weight CDR1a
2024-11-14 09:14:37,460 - INFO - Processing rows 2550 to 2575 for swaps, peptide RAKFKQLL, weight CDR1a
2024-11-14 09:15:13,478 - INFO - Processing rows 2575 to 2600 for swaps, peptide RAKFKQLL, weight CDR1a
2024-11-14 09:15:48,670 - INFO - Processing rows 2600 to 2625 for swaps, peptide RAKFKQLL, weight CDR1a
2024-11-14 09:16:24,511 - INFO - Processing rows 2625 to 2650 for swaps, peptide RAKFKQLL, weight CDR1a
2024-11-14 09:17:00,421 - INFO - Processing rows 2650 to 2675 for swaps, peptide RAKFKQLL, weight CDR1a
2024-11-14 09:17:36,585 - INFO - Processing rows 2675 to 2700 for swaps, peptide RAKFKQLL, weight CDR1a
2024-11-14 09:18:13,488 - INFO - Processing rows 2700 to 2725 for swaps, peptide RAKFKQLL, weight CDR1a
2024-11-14 09:18:50,101 - INFO - Processing rows 2725 to 2750 for swaps, peptide RAKFKQLL, weight CDR1a
2024-11-14 09:19:26,791 - INFO - Processing rows 2750 to 2775 for swaps, peptide RAKFKQLL, weight CDR1a
2024-11-14 09:20:03,156 - INFO - Processing rows 2775 to 2800 for swaps, peptide RAKFKQLL, weight CDR1a
2024-11-14 09:20:39,408 - INFO - Processing rows 2800 to 2825 for swaps, peptide RAKFKQLL, weight CDR1a
2024-11-14 09:21:16,155 - INFO - Processing rows 2825 to 2850 for swaps, peptide RAKFKQLL, weight CDR1a
2024-11-14 09:21:52,710 - INFO - Processing rows 2850 to 2875 for swaps, peptide RAKFKQLL, weight CDR1a
2024-11-14 09:22:29,123 - INFO - Processing rows 2875 to 2900 for swaps, peptide RAKFKQLL, weight CDR1a
2024-11-14 09:23:05,743 - INFO - Processing rows 2900 to 2925 for swaps, peptide RAKFKQLL, weight CDR1a
2024-11-14 09:23:42,174 - INFO - Processing rows 2925 to 2950 for swaps, peptide RAKFKQLL, weight CDR1a
2024-11-14 09:24:19,242 - INFO - Processing rows 2950 to 2975 for swaps, peptide RAKFKQLL, weight CDR1a
2024-11-14 09:24:55,958 - INFO - Processing rows 2975 to 3000 for swaps, peptide RAKFKQLL, weight CDR1a
2024-11-14 09:25:32,253 - INFO - Processing rows 3000 to 3025 for swaps, peptide RAKFKQLL, weight CDR1a
2024-11-14 09:26:08,474 - INFO - Processing rows 3025 to 3050 for swaps, peptide RAKFKQLL, weight CDR1a
2024-11-14 09:26:44,360 - INFO - Processing rows 3050 to 3075 for swaps, peptide RAKFKQLL, weight CDR1a
2024-11-14 09:27:20,634 - INFO - Processing rows 3075 to 3100 for swaps, peptide RAKFKQLL, weight CDR1a
2024-11-14 09:27:46,566 - INFO - Processing rows 3100 to 3125 for swaps, peptide RAKFKQLL, weight CDR1a
2024-11-14 09:28:10,186 - INFO - Processing rows 3125 to 3150 for swaps, peptide RAKFKQLL, weight CDR1a
2024-11-14 09:28:46,043 - INFO - Processing rows 3150 to 3175 for swaps, peptide RAKFKQLL, weight CDR1a
2024-11-14 09:29:21,685 - INFO - Processing rows 3175 to 3200 for swaps, peptide RAKFKQLL, weight CDR1a
2024-11-14 09:29:56,792 - INFO - Processing rows 3200 to 3225 for swaps, peptide RAKFKQLL, weight CDR1a
2024-11-14 09:30:33,011 - INFO - Processing rows 3225 to 3250 for swaps, peptide RAKFKQLL, weight CDR1a
2024-11-14 09:31:09,124 - INFO - Processing rows 3250 to 3275 for swaps, peptide RAKFKQLL, weight CDR1a
2024-11-14 09:31:45,403 - INFO - Processing rows 3275 to 3300 for swaps, peptide RAKFKQLL, weight CDR1a
2024-11-14 09:32:13,661 - INFO - Processing rows 3300 to 3325 for swaps, peptide RAKFKQLL, weight CDR1a
2024-11-14 09:32:29,477 - INFO - Processing rows 3325 to 3350 for swaps, peptide RAKFKQLL, weight CDR1a
2024-11-14 09:33:02,458 - INFO - Processing rows 3350 to 3375 for swaps, peptide RAKFKQLL, weight CDR1a
2024-11-14 09:33:38,739 - INFO - Processing rows 3375 to 3400 for swaps, peptide RAKFKQLL, weight CDR1a
2024-11-14 09:34:15,171 - INFO - Processing rows 3400 to 3425 for swaps, peptide RAKFKQLL, weight CDR1a
2024-11-14 09:34:51,958 - INFO - Processing rows 3425 to 3450 for swaps, peptide RAKFKQLL, weight CDR1a
2024-11-14 09:35:28,143 - INFO - Processing rows 3450 to 3475 for swaps, peptide RAKFKQLL, weight CDR1a
2024-11-14 09:36:04,991 - INFO - Processing rows 3475 to 3500 for swaps, peptide RAKFKQLL, weight CDR1a
2024-11-14 09:36:41,301 - INFO - Processing rows 3500 to 3525 for swaps, peptide RAKFKQLL, weight CDR1a
2024-11-14 09:37:17,383 - INFO - Processing rows 3525 to 3550 for swaps, peptide RAKFKQLL, weight CDR1a
2024-11-14 09:37:53,253 - INFO - Processing rows 3550 to 3575 for swaps, peptide RAKFKQLL, weight CDR1a
2024-11-14 09:38:29,010 - INFO - Processing rows 3575 to 3600 for swaps, peptide RAKFKQLL, weight CDR1a
2024-11-14 09:39:05,017 - INFO - Processing rows 3600 to 3625 for swaps, peptide RAKFKQLL, weight CDR1a
2024-11-14 09:39:40,864 - INFO - Processing rows 3625 to 3650 for swaps, peptide RAKFKQLL, weight CDR1a
2024-11-14 09:40:16,869 - INFO - Processing rows 3650 to 3675 for swaps, peptide RAKFKQLL, weight CDR1a
2024-11-14 09:40:52,637 - INFO - Processing rows 3675 to 3700 for swaps, peptide RAKFKQLL, weight CDR1a
2024-11-14 09:41:28,143 - INFO - Processing rows 3700 to 3725 for swaps, peptide RAKFKQLL, weight CDR1a
2024-11-14 09:42:03,587 - INFO - Processing rows 3725 to 3750 for swaps, peptide RAKFKQLL, weight CDR1a
2024-11-14 09:42:38,592 - INFO - Processing rows 3750 to 3775 for swaps, peptide RAKFKQLL, weight CDR1a
2024-11-14 09:43:13,683 - INFO - Processing rows 3775 to 3800 for swaps, peptide RAKFKQLL, weight CDR1a
2024-11-14 09:43:48,745 - INFO - Processing rows 3800 to 3825 for swaps, peptide RAKFKQLL, weight CDR1a
2024-11-14 09:44:23,961 - INFO - Processing rows 3825 to 3850 for swaps, peptide RAKFKQLL, weight CDR1a
2024-11-14 09:44:59,401 - INFO - Processing rows 3850 to 3875 for swaps, peptide RAKFKQLL, weight CDR1a
2024-11-14 09:45:35,207 - INFO - Processing rows 3875 to 3900 for swaps, peptide RAKFKQLL, weight CDR1a
2024-11-14 09:46:10,479 - INFO - Processing rows 3900 to 3925 for swaps, peptide RAKFKQLL, weight CDR1a
2024-11-14 09:46:46,113 - INFO - Processing rows 3925 to 3950 for swaps, peptide RAKFKQLL, weight CDR1a
2024-11-14 09:47:21,634 - INFO - Processing rows 3950 to 3975 for swaps, peptide RAKFKQLL, weight CDR1a
2024-11-14 09:47:57,469 - INFO - Processing rows 3975 to 4000 for swaps, peptide RAKFKQLL, weight CDR1a
2024-11-14 09:48:33,339 - INFO - Processing rows 4000 to 4025 for swaps, peptide RAKFKQLL, weight CDR1a
2024-11-14 09:49:08,326 - INFO - Processing rows 4025 to 4050 for swaps, peptide RAKFKQLL, weight CDR1a
2024-11-14 09:49:43,965 - INFO - Processing rows 4050 to 4075 for swaps, peptide RAKFKQLL, weight CDR1a
2024-11-14 09:50:19,613 - INFO - Processing rows 4075 to 4100 for swaps, peptide RAKFKQLL, weight CDR1a
2024-11-14 09:50:55,106 - INFO - Processing rows 4100 to 4125 for swaps, peptide RAKFKQLL, weight CDR1a
2024-11-14 09:51:30,257 - INFO - Processing rows 4125 to 4150 for swaps, peptide RAKFKQLL, weight CDR1a
2024-11-14 09:52:05,281 - INFO - Processing rows 4150 to 4175 for swaps, peptide RAKFKQLL, weight CDR1a
2024-11-14 09:52:40,326 - INFO - Processing rows 4175 to 4200 for swaps, peptide RAKFKQLL, weight CDR1a
2024-11-14 09:53:15,644 - INFO - Processing rows 4200 to 4225 for swaps, peptide RAKFKQLL, weight CDR1a
2024-11-14 09:53:50,492 - INFO - Processing rows 4225 to 4250 for swaps, peptide RAKFKQLL, weight CDR1a
2024-11-14 09:54:25,549 - INFO - Processing rows 4250 to 4275 for swaps, peptide RAKFKQLL, weight CDR1a
2024-11-14 09:55:00,780 - INFO - Processing rows 4275 to 4300 for swaps, peptide RAKFKQLL, weight CDR1a
2024-11-14 09:55:35,974 - INFO - Processing rows 4300 to 4325 for swaps, peptide RAKFKQLL, weight CDR1a
2024-11-14 09:56:11,094 - INFO - Processing rows 4325 to 4350 for swaps, peptide RAKFKQLL, weight CDR1a
2024-11-14 09:56:46,164 - INFO - Processing rows 4350 to 4375 for swaps, peptide RAKFKQLL, weight CDR1a
2024-11-14 09:57:21,276 - INFO - Processing rows 4375 to 4400 for swaps, peptide RAKFKQLL, weight CDR1a
2024-11-14 09:57:56,336 - INFO - Processing rows 4400 to 4425 for swaps, peptide RAKFKQLL, weight CDR1a
2024-11-14 09:58:31,230 - INFO - Processing rows 4425 to 4450 for swaps, peptide RAKFKQLL, weight CDR1a
2024-11-14 09:59:06,704 - INFO - Processing rows 4450 to 4475 for swaps, peptide RAKFKQLL, weight CDR1a
2024-11-14 09:59:42,310 - INFO - Processing rows 4475 to 4500 for swaps, peptide RAKFKQLL, weight CDR1a
2024-11-14 10:00:18,177 - INFO - Processing rows 4500 to 4525 for swaps, peptide RAKFKQLL, weight CDR1a
2024-11-14 10:00:53,937 - INFO - Processing rows 4525 to 4550 for swaps, peptide RAKFKQLL, weight CDR1a
2024-11-14 10:01:29,723 - INFO - Processing rows 4550 to 4575 for swaps, peptide RAKFKQLL, weight CDR1a
2024-11-14 10:02:05,509 - INFO - Processing rows 4575 to 4600 for swaps, peptide RAKFKQLL, weight CDR1a
2024-11-14 10:02:40,839 - INFO - Processing rows 4600 to 4625 for swaps, peptide RAKFKQLL, weight CDR1a
2024-11-14 10:03:16,054 - INFO - Processing rows 4625 to 4650 for swaps, peptide RAKFKQLL, weight CDR1a
2024-11-14 10:03:50,088 - INFO - Processing rows 4650 to 4675 for swaps, peptide RAKFKQLL, weight CDR1a
2024-11-14 10:04:25,393 - INFO - Processing rows 4675 to 4700 for swaps, peptide RAKFKQLL, weight CDR1a
2024-11-14 10:05:01,210 - INFO - Processing rows 4700 to 4725 for swaps, peptide RAKFKQLL, weight CDR1a
2024-11-14 10:05:37,016 - INFO - Processing rows 4725 to 4750 for swaps, peptide RAKFKQLL, weight CDR1a
2024-11-14 10:06:13,036 - INFO - Processing rows 4750 to 4775 for swaps, peptide RAKFKQLL, weight CDR1a
2024-11-14 10:06:48,473 - INFO - Processing rows 4775 to 4800 for swaps, peptide RAKFKQLL, weight CDR1a
2024-11-14 10:07:23,923 - INFO - Processing rows 4800 to 4825 for swaps, peptide RAKFKQLL, weight CDR1a
2024-11-14 10:07:59,142 - INFO - Processing rows 4825 to 4850 for swaps, peptide RAKFKQLL, weight CDR1a
2024-11-14 10:08:34,433 - INFO - Processing rows 4850 to 4875 for swaps, peptide RAKFKQLL, weight CDR1a
2024-11-14 10:09:09,555 - INFO - Processing rows 4875 to 4900 for swaps, peptide RAKFKQLL, weight CDR1a
2024-11-14 10:09:45,047 - INFO - Processing rows 4900 to 4925 for swaps, peptide RAKFKQLL, weight CDR1a
2024-11-14 10:10:20,603 - INFO - Processing rows 4925 to 4950 for swaps, peptide RAKFKQLL, weight CDR1a
2024-11-14 10:10:56,377 - INFO - Processing rows 4950 to 4975 for swaps, peptide RAKFKQLL, weight CDR1a
2024-11-14 10:11:32,071 - INFO - Processing rows 4975 to 4980 for swaps, peptide RAKFKQLL, weight CDR1a
2024-11-14 10:11:39,910 - INFO - ESM finished.. Saving file...
2024-11-14 10:56:58,877 - INFO - Saved to /net/mimer/mnt/tank/projects2/emison/language_model/27th_Oct_new_matrices/04.11_new_esm/12.11/sequence_summed_vectors_swaps_RAKFKQLL_CDR1a.csv
