2024-11-14 08:36:17,959 - INFO - Loading and filtering dataset for peptide RAKFKQLL
2024-11-14 08:36:18,398 - INFO - Processing dataset for peptide RAKFKQLL with weight TCRa
2024-11-14 08:36:18,400 - INFO - Processing rows 0 to 25 for swaps, peptide RAKFKQLL, weight TCRa
2024-11-14 08:39:19,017 - INFO - Processing rows 25 to 50 for swaps, peptide RAKFKQLL, weight TCRa
2024-11-14 08:42:12,343 - INFO - Processing rows 50 to 75 for swaps, peptide RAKFKQLL, weight TCRa
2024-11-14 08:45:13,262 - INFO - Processing rows 75 to 100 for swaps, peptide RAKFKQLL, weight TCRa
2024-11-14 08:49:12,459 - INFO - Processing rows 100 to 125 for swaps, peptide RAKFKQLL, weight TCRa
2024-11-14 08:52:37,017 - INFO - Processing rows 125 to 150 for swaps, peptide RAKFKQLL, weight TCRa
2024-11-14 08:55:43,084 - INFO - Processing rows 150 to 175 for swaps, peptide RAKFKQLL, weight TCRa
2024-11-14 08:59:06,396 - INFO - Processing rows 175 to 200 for swaps, peptide RAKFKQLL, weight TCRa
2024-11-14 09:03:11,897 - INFO - Processing rows 200 to 225 for swaps, peptide RAKFKQLL, weight TCRa
2024-11-14 09:05:59,439 - INFO - Processing rows 225 to 250 for swaps, peptide RAKFKQLL, weight TCRa
2024-11-14 09:08:45,715 - INFO - Processing rows 250 to 275 for swaps, peptide RAKFKQLL, weight TCRa
2024-11-14 09:11:40,113 - INFO - Processing rows 275 to 300 for swaps, peptide RAKFKQLL, weight TCRa
2024-11-14 09:14:41,252 - INFO - Processing rows 300 to 325 for swaps, peptide RAKFKQLL, weight TCRa
2024-11-14 09:18:26,215 - INFO - Processing rows 325 to 350 for swaps, peptide RAKFKQLL, weight TCRa
2024-11-14 09:21:36,826 - INFO - Processing rows 350 to 375 for swaps, peptide RAKFKQLL, weight TCRa
2024-11-14 09:26:41,448 - INFO - Processing rows 375 to 400 for swaps, peptide RAKFKQLL, weight TCRa
2024-11-14 09:29:23,782 - INFO - Processing rows 400 to 425 for swaps, peptide RAKFKQLL, weight TCRa
2024-11-14 09:32:13,688 - INFO - Processing rows 425 to 450 for swaps, peptide RAKFKQLL, weight TCRa
2024-11-14 09:35:01,943 - INFO - Processing rows 450 to 475 for swaps, peptide RAKFKQLL, weight TCRa
2024-11-14 09:37:58,735 - INFO - Processing rows 475 to 500 for swaps, peptide RAKFKQLL, weight TCRa
2024-11-14 09:40:49,137 - INFO - Processing rows 500 to 525 for swaps, peptide RAKFKQLL, weight TCRa
2024-11-14 09:43:54,526 - INFO - Processing rows 525 to 550 for swaps, peptide RAKFKQLL, weight TCRa
2024-11-14 09:46:47,724 - INFO - Processing rows 550 to 575 for swaps, peptide RAKFKQLL, weight TCRa
2024-11-14 09:49:47,585 - INFO - Processing rows 575 to 600 for swaps, peptide RAKFKQLL, weight TCRa
2024-11-14 09:52:52,387 - INFO - Processing rows 600 to 625 for swaps, peptide RAKFKQLL, weight TCRa
2024-11-14 09:58:03,891 - INFO - Processing rows 625 to 650 for swaps, peptide RAKFKQLL, weight TCRa
2024-11-14 10:03:24,798 - INFO - Processing rows 650 to 675 for swaps, peptide RAKFKQLL, weight TCRa
2024-11-14 10:08:40,767 - INFO - Processing rows 675 to 700 for swaps, peptide RAKFKQLL, weight TCRa
2024-11-14 10:13:58,199 - INFO - Processing rows 700 to 725 for swaps, peptide RAKFKQLL, weight TCRa
2024-11-14 10:17:39,085 - INFO - Processing rows 725 to 750 for swaps, peptide RAKFKQLL, weight TCRa
2024-11-14 10:20:15,161 - INFO - Processing rows 750 to 775 for swaps, peptide RAKFKQLL, weight TCRa
2024-11-14 10:23:00,981 - INFO - Processing rows 775 to 800 for swaps, peptide RAKFKQLL, weight TCRa
2024-11-14 10:25:32,760 - INFO - Processing rows 800 to 825 for swaps, peptide RAKFKQLL, weight TCRa
2024-11-14 10:28:16,984 - INFO - Processing rows 825 to 850 for swaps, peptide RAKFKQLL, weight TCRa
2024-11-14 10:31:33,104 - INFO - Processing rows 850 to 875 for swaps, peptide RAKFKQLL, weight TCRa
2024-11-14 10:34:57,097 - INFO - Processing rows 875 to 900 for swaps, peptide RAKFKQLL, weight TCRa
2024-11-14 10:38:10,589 - INFO - Processing rows 900 to 925 for swaps, peptide RAKFKQLL, weight TCRa
2024-11-14 10:41:14,228 - INFO - Processing rows 925 to 950 for swaps, peptide RAKFKQLL, weight TCRa
2024-11-14 10:44:22,534 - INFO - Processing rows 950 to 975 for swaps, peptide RAKFKQLL, weight TCRa
2024-11-14 10:47:24,321 - INFO - Processing rows 975 to 1000 for swaps, peptide RAKFKQLL, weight TCRa
2024-11-14 10:50:32,742 - INFO - Processing rows 1000 to 1025 for swaps, peptide RAKFKQLL, weight TCRa
2024-11-14 10:53:16,288 - INFO - Processing rows 1025 to 1050 for swaps, peptide RAKFKQLL, weight TCRa
2024-11-14 10:56:00,838 - INFO - Processing rows 1050 to 1075 for swaps, peptide RAKFKQLL, weight TCRa
2024-11-14 10:58:46,270 - INFO - Processing rows 1075 to 1100 for swaps, peptide RAKFKQLL, weight TCRa
2024-11-14 11:01:19,513 - INFO - Processing rows 1100 to 1125 for swaps, peptide RAKFKQLL, weight TCRa
2024-11-14 11:03:41,784 - INFO - Processing rows 1125 to 1150 for swaps, peptide RAKFKQLL, weight TCRa
2024-11-14 11:06:20,639 - INFO - Processing rows 1150 to 1175 for swaps, peptide RAKFKQLL, weight TCRa
2024-11-14 11:08:57,845 - INFO - Processing rows 1175 to 1200 for swaps, peptide RAKFKQLL, weight TCRa
2024-11-14 11:11:23,907 - INFO - Processing rows 1200 to 1225 for swaps, peptide RAKFKQLL, weight TCRa
2024-11-14 11:14:02,644 - INFO - Processing rows 1225 to 1250 for swaps, peptide RAKFKQLL, weight TCRa
2024-11-14 11:16:30,057 - INFO - Processing rows 1250 to 1275 for swaps, peptide RAKFKQLL, weight TCRa
2024-11-14 11:19:02,961 - INFO - Processing rows 1275 to 1300 for swaps, peptide RAKFKQLL, weight TCRa
2024-11-14 11:21:41,222 - INFO - Processing rows 1300 to 1325 for swaps, peptide RAKFKQLL, weight TCRa
2024-11-14 11:24:14,584 - INFO - Processing rows 1325 to 1350 for swaps, peptide RAKFKQLL, weight TCRa
2024-11-14 11:26:51,573 - INFO - Processing rows 1350 to 1375 for swaps, peptide RAKFKQLL, weight TCRa
2024-11-14 11:29:31,393 - INFO - Processing rows 1375 to 1400 for swaps, peptide RAKFKQLL, weight TCRa
2024-11-14 11:32:01,148 - INFO - Processing rows 1400 to 1425 for swaps, peptide RAKFKQLL, weight TCRa
2024-11-14 11:34:26,761 - INFO - Processing rows 1425 to 1450 for swaps, peptide RAKFKQLL, weight TCRa
2024-11-14 11:36:45,539 - INFO - Processing rows 1450 to 1475 for swaps, peptide RAKFKQLL, weight TCRa
2024-11-14 11:39:06,766 - INFO - Processing rows 1475 to 1500 for swaps, peptide RAKFKQLL, weight TCRa
2024-11-14 11:41:25,875 - INFO - Processing rows 1500 to 1525 for swaps, peptide RAKFKQLL, weight TCRa
2024-11-14 11:43:52,656 - INFO - Processing rows 1525 to 1550 for swaps, peptide RAKFKQLL, weight TCRa
2024-11-14 11:46:19,319 - INFO - Processing rows 1550 to 1575 for swaps, peptide RAKFKQLL, weight TCRa
2024-11-14 11:49:14,158 - INFO - Processing rows 1575 to 1600 for swaps, peptide RAKFKQLL, weight TCRa
2024-11-14 11:51:40,762 - INFO - Processing rows 1600 to 1625 for swaps, peptide RAKFKQLL, weight TCRa
2024-11-14 11:54:10,618 - INFO - Processing rows 1625 to 1650 for swaps, peptide RAKFKQLL, weight TCRa
2024-11-14 11:56:38,226 - INFO - Processing rows 1650 to 1675 for swaps, peptide RAKFKQLL, weight TCRa
2024-11-14 11:59:26,855 - INFO - Processing rows 1675 to 1700 for swaps, peptide RAKFKQLL, weight TCRa
2024-11-14 12:01:47,993 - INFO - Processing rows 1700 to 1725 for swaps, peptide RAKFKQLL, weight TCRa
2024-11-14 12:04:20,019 - INFO - Processing rows 1725 to 1750 for swaps, peptide RAKFKQLL, weight TCRa
2024-11-14 12:06:40,279 - INFO - Processing rows 1750 to 1775 for swaps, peptide RAKFKQLL, weight TCRa
2024-11-14 12:09:03,871 - INFO - Processing rows 1775 to 1800 for swaps, peptide RAKFKQLL, weight TCRa
2024-11-14 12:11:28,827 - INFO - Processing rows 1800 to 1825 for swaps, peptide RAKFKQLL, weight TCRa
2024-11-14 12:14:04,444 - INFO - Processing rows 1825 to 1850 for swaps, peptide RAKFKQLL, weight TCRa
2024-11-14 12:16:44,864 - INFO - Processing rows 1850 to 1875 for swaps, peptide RAKFKQLL, weight TCRa
2024-11-14 12:19:59,113 - INFO - Processing rows 1875 to 1900 for swaps, peptide RAKFKQLL, weight TCRa
2024-11-14 12:22:38,857 - INFO - Processing rows 1900 to 1925 for swaps, peptide RAKFKQLL, weight TCRa
2024-11-14 12:25:40,064 - INFO - Processing rows 1925 to 1950 for swaps, peptide RAKFKQLL, weight TCRa
2024-11-14 12:28:04,875 - INFO - Processing rows 1950 to 1975 for swaps, peptide RAKFKQLL, weight TCRa
2024-11-14 12:30:22,791 - INFO - Processing rows 1975 to 2000 for swaps, peptide RAKFKQLL, weight TCRa
2024-11-14 12:32:43,455 - INFO - Processing rows 2000 to 2025 for swaps, peptide RAKFKQLL, weight TCRa
2024-11-14 12:35:09,741 - INFO - Processing rows 2025 to 2050 for swaps, peptide RAKFKQLL, weight TCRa
2024-11-14 12:37:36,336 - INFO - Processing rows 2050 to 2075 for swaps, peptide RAKFKQLL, weight TCRa
2024-11-14 12:39:54,580 - INFO - Processing rows 2075 to 2100 for swaps, peptide RAKFKQLL, weight TCRa
2024-11-14 12:42:15,990 - INFO - Processing rows 2100 to 2125 for swaps, peptide RAKFKQLL, weight TCRa
2024-11-14 12:44:19,231 - INFO - Processing rows 2125 to 2150 for swaps, peptide RAKFKQLL, weight TCRa
2024-11-14 12:46:31,423 - INFO - Processing rows 2150 to 2175 for swaps, peptide RAKFKQLL, weight TCRa
2024-11-14 12:48:56,317 - INFO - Processing rows 2175 to 2200 for swaps, peptide RAKFKQLL, weight TCRa
2024-11-14 12:51:15,596 - INFO - Processing rows 2200 to 2225 for swaps, peptide RAKFKQLL, weight TCRa
2024-11-14 12:53:40,304 - INFO - Processing rows 2225 to 2250 for swaps, peptide RAKFKQLL, weight TCRa
2024-11-14 12:55:55,660 - INFO - Processing rows 2250 to 2275 for swaps, peptide RAKFKQLL, weight TCRa
2024-11-14 12:58:06,558 - INFO - Processing rows 2275 to 2300 for swaps, peptide RAKFKQLL, weight TCRa
2024-11-14 13:00:17,247 - INFO - Processing rows 2300 to 2325 for swaps, peptide RAKFKQLL, weight TCRa
2024-11-14 13:02:32,163 - INFO - Processing rows 2325 to 2350 for swaps, peptide RAKFKQLL, weight TCRa
2024-11-14 13:04:53,798 - INFO - Processing rows 2350 to 2375 for swaps, peptide RAKFKQLL, weight TCRa
2024-11-14 13:07:40,944 - INFO - Processing rows 2375 to 2400 for swaps, peptide RAKFKQLL, weight TCRa
2024-11-14 13:12:21,672 - INFO - Processing rows 2400 to 2425 for swaps, peptide RAKFKQLL, weight TCRa
2024-11-14 13:16:17,621 - INFO - Processing rows 2425 to 2450 for swaps, peptide RAKFKQLL, weight TCRa
2024-11-14 13:19:48,741 - INFO - Processing rows 2450 to 2475 for swaps, peptide RAKFKQLL, weight TCRa
2024-11-14 13:24:18,949 - INFO - Processing rows 2475 to 2500 for swaps, peptide RAKFKQLL, weight TCRa
2024-11-14 13:28:54,323 - INFO - Processing rows 2500 to 2525 for swaps, peptide RAKFKQLL, weight TCRa
2024-11-14 13:34:21,812 - INFO - Processing rows 2525 to 2550 for swaps, peptide RAKFKQLL, weight TCRa
2024-11-14 13:37:51,654 - INFO - Processing rows 2550 to 2575 for swaps, peptide RAKFKQLL, weight TCRa
2024-11-14 13:41:25,200 - INFO - Processing rows 2575 to 2600 for swaps, peptide RAKFKQLL, weight TCRa
2024-11-14 13:47:22,733 - INFO - Processing rows 2600 to 2625 for swaps, peptide RAKFKQLL, weight TCRa
2024-11-14 13:53:11,902 - INFO - Processing rows 2625 to 2650 for swaps, peptide RAKFKQLL, weight TCRa
2024-11-14 13:59:00,494 - INFO - Processing rows 2650 to 2675 for swaps, peptide RAKFKQLL, weight TCRa
2024-11-14 14:05:08,300 - INFO - Processing rows 2675 to 2700 for swaps, peptide RAKFKQLL, weight TCRa
2024-11-14 14:10:29,270 - INFO - Processing rows 2700 to 2725 for swaps, peptide RAKFKQLL, weight TCRa
2024-11-14 14:14:57,678 - INFO - Processing rows 2725 to 2750 for swaps, peptide RAKFKQLL, weight TCRa
2024-11-14 14:17:48,515 - INFO - Processing rows 2750 to 2775 for swaps, peptide RAKFKQLL, weight TCRa
2024-11-14 14:20:52,744 - INFO - Processing rows 2775 to 2800 for swaps, peptide RAKFKQLL, weight TCRa
2024-11-14 14:23:44,358 - INFO - Processing rows 2800 to 2825 for swaps, peptide RAKFKQLL, weight TCRa
2024-11-14 14:26:34,137 - INFO - Processing rows 2825 to 2850 for swaps, peptide RAKFKQLL, weight TCRa
2024-11-14 14:29:23,318 - INFO - Processing rows 2850 to 2875 for swaps, peptide RAKFKQLL, weight TCRa
2024-11-14 14:31:59,357 - INFO - Processing rows 2875 to 2900 for swaps, peptide RAKFKQLL, weight TCRa
2024-11-14 14:35:20,454 - INFO - Processing rows 2900 to 2925 for swaps, peptide RAKFKQLL, weight TCRa
2024-11-14 14:39:48,536 - INFO - Processing rows 2925 to 2950 for swaps, peptide RAKFKQLL, weight TCRa
2024-11-14 14:43:04,077 - INFO - Processing rows 2950 to 2975 for swaps, peptide RAKFKQLL, weight TCRa
2024-11-14 14:46:37,108 - INFO - Processing rows 2975 to 3000 for swaps, peptide RAKFKQLL, weight TCRa
2024-11-14 14:50:23,364 - INFO - Processing rows 3000 to 3025 for swaps, peptide RAKFKQLL, weight TCRa
2024-11-14 14:53:48,596 - INFO - Processing rows 3025 to 3050 for swaps, peptide RAKFKQLL, weight TCRa
2024-11-14 14:57:29,306 - INFO - Processing rows 3050 to 3075 for swaps, peptide RAKFKQLL, weight TCRa
2024-11-14 15:00:53,928 - INFO - Processing rows 3075 to 3100 for swaps, peptide RAKFKQLL, weight TCRa
2024-11-14 15:04:18,027 - INFO - Processing rows 3100 to 3125 for swaps, peptide RAKFKQLL, weight TCRa
2024-11-14 15:07:33,978 - INFO - Processing rows 3125 to 3150 for swaps, peptide RAKFKQLL, weight TCRa
2024-11-14 15:10:45,252 - INFO - Processing rows 3150 to 3175 for swaps, peptide RAKFKQLL, weight TCRa
2024-11-14 15:14:11,391 - INFO - Processing rows 3175 to 3200 for swaps, peptide RAKFKQLL, weight TCRa
2024-11-14 15:17:40,924 - INFO - Processing rows 3200 to 3225 for swaps, peptide RAKFKQLL, weight TCRa
2024-11-14 15:21:23,179 - INFO - Processing rows 3225 to 3250 for swaps, peptide RAKFKQLL, weight TCRa
2024-11-14 15:24:43,769 - INFO - Processing rows 3250 to 3275 for swaps, peptide RAKFKQLL, weight TCRa
2024-11-14 15:27:59,936 - INFO - Processing rows 3275 to 3300 for swaps, peptide RAKFKQLL, weight TCRa
2024-11-14 15:30:39,779 - INFO - Processing rows 3300 to 3325 for swaps, peptide RAKFKQLL, weight TCRa
2024-11-14 15:34:10,197 - INFO - Processing rows 3325 to 3350 for swaps, peptide RAKFKQLL, weight TCRa
2024-11-14 15:37:07,256 - INFO - Processing rows 3350 to 3375 for swaps, peptide RAKFKQLL, weight TCRa
2024-11-14 15:40:14,244 - INFO - Processing rows 3375 to 3400 for swaps, peptide RAKFKQLL, weight TCRa
2024-11-14 15:43:08,942 - INFO - Processing rows 3400 to 3425 for swaps, peptide RAKFKQLL, weight TCRa
2024-11-14 15:46:11,082 - INFO - Processing rows 3425 to 3450 for swaps, peptide RAKFKQLL, weight TCRa
2024-11-14 15:49:25,964 - INFO - Processing rows 3450 to 3475 for swaps, peptide RAKFKQLL, weight TCRa
2024-11-14 15:52:30,662 - INFO - Processing rows 3475 to 3500 for swaps, peptide RAKFKQLL, weight TCRa
2024-11-14 15:56:37,922 - INFO - Processing rows 3500 to 3525 for swaps, peptide RAKFKQLL, weight TCRa
2024-11-14 16:02:13,301 - INFO - Processing rows 3525 to 3550 for swaps, peptide RAKFKQLL, weight TCRa
2024-11-14 16:07:54,690 - INFO - Processing rows 3550 to 3575 for swaps, peptide RAKFKQLL, weight TCRa
2024-11-14 16:11:37,737 - INFO - Processing rows 3575 to 3600 for swaps, peptide RAKFKQLL, weight TCRa
2024-11-14 16:17:08,392 - INFO - Processing rows 3600 to 3625 for swaps, peptide RAKFKQLL, weight TCRa
2024-11-14 16:21:16,812 - INFO - Processing rows 3625 to 3650 for swaps, peptide RAKFKQLL, weight TCRa
2024-11-14 16:25:12,625 - INFO - Processing rows 3650 to 3675 for swaps, peptide RAKFKQLL, weight TCRa
2024-11-14 16:29:30,414 - INFO - Processing rows 3675 to 3700 for swaps, peptide RAKFKQLL, weight TCRa
2024-11-14 16:34:24,347 - INFO - Processing rows 3700 to 3725 for swaps, peptide RAKFKQLL, weight TCRa
2024-11-14 16:37:42,716 - INFO - Processing rows 3725 to 3750 for swaps, peptide RAKFKQLL, weight TCRa
2024-11-14 16:40:04,683 - INFO - Processing rows 3750 to 3775 for swaps, peptide RAKFKQLL, weight TCRa
2024-11-14 16:42:31,537 - INFO - Processing rows 3775 to 3800 for swaps, peptide RAKFKQLL, weight TCRa
2024-11-14 16:45:33,421 - INFO - Processing rows 3800 to 3825 for swaps, peptide RAKFKQLL, weight TCRa
2024-11-14 16:49:22,195 - INFO - Processing rows 3825 to 3850 for swaps, peptide RAKFKQLL, weight TCRa
2024-11-14 16:52:14,303 - INFO - Processing rows 3850 to 3875 for swaps, peptide RAKFKQLL, weight TCRa
2024-11-14 16:54:41,075 - INFO - Processing rows 3875 to 3900 for swaps, peptide RAKFKQLL, weight TCRa
2024-11-14 16:57:20,950 - INFO - Processing rows 3900 to 3925 for swaps, peptide RAKFKQLL, weight TCRa
2024-11-14 16:59:49,715 - INFO - Processing rows 3925 to 3950 for swaps, peptide RAKFKQLL, weight TCRa
2024-11-14 17:02:19,784 - INFO - Processing rows 3950 to 3975 for swaps, peptide RAKFKQLL, weight TCRa
2024-11-14 17:05:02,643 - INFO - Processing rows 3975 to 4000 for swaps, peptide RAKFKQLL, weight TCRa
2024-11-14 17:07:48,763 - INFO - Processing rows 4000 to 4025 for swaps, peptide RAKFKQLL, weight TCRa
2024-11-14 17:11:42,657 - INFO - Processing rows 4025 to 4050 for swaps, peptide RAKFKQLL, weight TCRa
2024-11-14 17:17:02,406 - INFO - Processing rows 4050 to 4075 for swaps, peptide RAKFKQLL, weight TCRa
2024-11-14 17:22:30,272 - INFO - Processing rows 4075 to 4100 for swaps, peptide RAKFKQLL, weight TCRa
2024-11-14 17:27:48,722 - INFO - Processing rows 4100 to 4125 for swaps, peptide RAKFKQLL, weight TCRa
2024-11-14 17:32:05,697 - INFO - Processing rows 4125 to 4150 for swaps, peptide RAKFKQLL, weight TCRa
2024-11-14 17:35:05,340 - INFO - Processing rows 4150 to 4175 for swaps, peptide RAKFKQLL, weight TCRa
2024-11-14 17:38:07,745 - INFO - Processing rows 4175 to 4200 for swaps, peptide RAKFKQLL, weight TCRa
2024-11-14 17:41:05,195 - INFO - Processing rows 4200 to 4225 for swaps, peptide RAKFKQLL, weight TCRa
2024-11-14 17:44:09,946 - INFO - Processing rows 4225 to 4250 for swaps, peptide RAKFKQLL, weight TCRa
2024-11-14 17:47:11,596 - INFO - Processing rows 4250 to 4275 for swaps, peptide RAKFKQLL, weight TCRa
2024-11-14 17:50:26,413 - INFO - Processing rows 4275 to 4300 for swaps, peptide RAKFKQLL, weight TCRa
2024-11-14 17:53:15,587 - INFO - Processing rows 4300 to 4325 for swaps, peptide RAKFKQLL, weight TCRa
2024-11-14 17:56:17,042 - INFO - Processing rows 4325 to 4350 for swaps, peptide RAKFKQLL, weight TCRa
2024-11-14 17:58:58,126 - INFO - Processing rows 4350 to 4375 for swaps, peptide RAKFKQLL, weight TCRa
2024-11-14 18:01:46,510 - INFO - Processing rows 4375 to 4400 for swaps, peptide RAKFKQLL, weight TCRa
2024-11-14 18:04:30,515 - INFO - Processing rows 4400 to 4425 for swaps, peptide RAKFKQLL, weight TCRa
2024-11-14 18:07:22,409 - INFO - Processing rows 4425 to 4450 for swaps, peptide RAKFKQLL, weight TCRa
2024-11-14 18:10:04,326 - INFO - Processing rows 4450 to 4475 for swaps, peptide RAKFKQLL, weight TCRa
2024-11-14 18:12:45,016 - INFO - Processing rows 4475 to 4500 for swaps, peptide RAKFKQLL, weight TCRa
2024-11-14 18:15:36,831 - INFO - Processing rows 4500 to 4525 for swaps, peptide RAKFKQLL, weight TCRa
2024-11-14 18:18:24,943 - INFO - Processing rows 4525 to 4550 for swaps, peptide RAKFKQLL, weight TCRa
2024-11-14 18:21:33,677 - INFO - Processing rows 4550 to 4575 for swaps, peptide RAKFKQLL, weight TCRa
2024-11-14 18:25:21,022 - INFO - Processing rows 4575 to 4600 for swaps, peptide RAKFKQLL, weight TCRa
2024-11-14 18:30:38,369 - INFO - Processing rows 4600 to 4625 for swaps, peptide RAKFKQLL, weight TCRa
2024-11-14 18:35:23,339 - INFO - Processing rows 4625 to 4650 for swaps, peptide RAKFKQLL, weight TCRa
2024-11-14 18:40:28,945 - INFO - Processing rows 4650 to 4675 for swaps, peptide RAKFKQLL, weight TCRa
2024-11-14 18:44:12,033 - INFO - Processing rows 4675 to 4700 for swaps, peptide RAKFKQLL, weight TCRa
2024-11-14 18:47:06,248 - INFO - Processing rows 4700 to 4725 for swaps, peptide RAKFKQLL, weight TCRa
2024-11-14 18:50:15,669 - INFO - Processing rows 4725 to 4750 for swaps, peptide RAKFKQLL, weight TCRa
2024-11-14 18:53:22,740 - INFO - Processing rows 4750 to 4775 for swaps, peptide RAKFKQLL, weight TCRa
2024-11-14 18:56:29,048 - INFO - Processing rows 4775 to 4800 for swaps, peptide RAKFKQLL, weight TCRa
2024-11-14 19:01:44,841 - INFO - Processing rows 4800 to 4825 for swaps, peptide RAKFKQLL, weight TCRa
2024-11-14 19:06:47,529 - INFO - Processing rows 4825 to 4850 for swaps, peptide RAKFKQLL, weight TCRa
2024-11-14 19:11:17,742 - INFO - Processing rows 4850 to 4875 for swaps, peptide RAKFKQLL, weight TCRa
2024-11-14 19:14:39,589 - INFO - Processing rows 4875 to 4900 for swaps, peptide RAKFKQLL, weight TCRa
2024-11-14 19:17:22,020 - INFO - Processing rows 4900 to 4925 for swaps, peptide RAKFKQLL, weight TCRa
2024-11-14 19:20:02,073 - INFO - Processing rows 4925 to 4950 for swaps, peptide RAKFKQLL, weight TCRa
2024-11-14 19:23:14,984 - INFO - Processing rows 4950 to 4975 for swaps, peptide RAKFKQLL, weight TCRa
2024-11-14 19:26:14,172 - INFO - Processing rows 4975 to 4980 for swaps, peptide RAKFKQLL, weight TCRa
2024-11-14 19:26:44,964 - INFO - ESM finished.. Saving file...
2024-11-14 19:36:06,313 - INFO - Saved to /net/mimer/mnt/tank/projects2/emison/language_model/27th_Oct_new_matrices/04.11_new_esm/12.11/sequence_summed_vectors_swaps_RAKFKQLL_TCRa.csv
