2024-11-13 19:29:19,752 - INFO - Loading and filtering dataset for peptide RAKFKQLL
2024-11-13 19:29:20,475 - INFO - Processing dataset for peptide RAKFKQLL with weight CDR3a
2024-11-13 19:29:20,478 - INFO - Processing rows 0 to 25 for swaps, peptide RAKFKQLL, weight CDR3a
2024-11-13 19:29:56,827 - INFO - Processing rows 25 to 50 for swaps, peptide RAKFKQLL, weight CDR3a
2024-11-13 19:30:31,703 - INFO - Processing rows 50 to 75 for swaps, peptide RAKFKQLL, weight CDR3a
2024-11-13 19:31:04,976 - INFO - Processing rows 75 to 100 for swaps, peptide RAKFKQLL, weight CDR3a
2024-11-13 19:31:38,119 - INFO - Processing rows 100 to 125 for swaps, peptide RAKFKQLL, weight CDR3a
2024-11-13 19:32:12,821 - INFO - Processing rows 125 to 150 for swaps, peptide RAKFKQLL, weight CDR3a
2024-11-13 19:32:47,810 - INFO - Processing rows 150 to 175 for swaps, peptide RAKFKQLL, weight CDR3a
2024-11-13 19:33:21,187 - INFO - Processing rows 175 to 200 for swaps, peptide RAKFKQLL, weight CDR3a
2024-11-13 19:33:53,653 - INFO - Processing rows 200 to 225 for swaps, peptide RAKFKQLL, weight CDR3a
2024-11-13 19:34:26,335 - INFO - Processing rows 225 to 250 for swaps, peptide RAKFKQLL, weight CDR3a
2024-11-13 19:35:03,176 - INFO - Processing rows 250 to 275 for swaps, peptide RAKFKQLL, weight CDR3a
2024-11-13 19:35:38,129 - INFO - Processing rows 275 to 300 for swaps, peptide RAKFKQLL, weight CDR3a
2024-11-13 19:36:12,953 - INFO - Processing rows 300 to 325 for swaps, peptide RAKFKQLL, weight CDR3a
2024-11-13 19:36:57,655 - INFO - Processing rows 325 to 350 for swaps, peptide RAKFKQLL, weight CDR3a
2024-11-13 19:37:28,642 - INFO - Processing rows 350 to 375 for swaps, peptide RAKFKQLL, weight CDR3a
2024-11-13 19:38:01,848 - INFO - Processing rows 375 to 400 for swaps, peptide RAKFKQLL, weight CDR3a
2024-11-13 19:38:36,731 - INFO - Processing rows 400 to 425 for swaps, peptide RAKFKQLL, weight CDR3a
2024-11-13 19:39:17,683 - INFO - Processing rows 425 to 450 for swaps, peptide RAKFKQLL, weight CDR3a
2024-11-13 19:39:50,944 - INFO - Processing rows 450 to 475 for swaps, peptide RAKFKQLL, weight CDR3a
2024-11-13 19:40:27,598 - INFO - Processing rows 475 to 500 for swaps, peptide RAKFKQLL, weight CDR3a
2024-11-13 19:40:58,351 - INFO - Processing rows 500 to 525 for swaps, peptide RAKFKQLL, weight CDR3a
2024-11-13 19:41:31,095 - INFO - Processing rows 525 to 550 for swaps, peptide RAKFKQLL, weight CDR3a
2024-11-13 19:42:05,928 - INFO - Processing rows 550 to 575 for swaps, peptide RAKFKQLL, weight CDR3a
2024-11-13 19:42:41,957 - INFO - Processing rows 575 to 600 for swaps, peptide RAKFKQLL, weight CDR3a
2024-11-13 19:43:18,448 - INFO - Processing rows 600 to 625 for swaps, peptide RAKFKQLL, weight CDR3a
2024-11-13 19:43:57,245 - INFO - Processing rows 625 to 650 for swaps, peptide RAKFKQLL, weight CDR3a
2024-11-13 19:44:30,289 - INFO - Processing rows 650 to 675 for swaps, peptide RAKFKQLL, weight CDR3a
2024-11-13 19:45:12,428 - INFO - Processing rows 675 to 700 for swaps, peptide RAKFKQLL, weight CDR3a
2024-11-13 19:45:45,528 - INFO - Processing rows 700 to 725 for swaps, peptide RAKFKQLL, weight CDR3a
2024-11-13 19:46:21,937 - INFO - Processing rows 725 to 750 for swaps, peptide RAKFKQLL, weight CDR3a
2024-11-13 19:46:53,345 - INFO - Processing rows 750 to 775 for swaps, peptide RAKFKQLL, weight CDR3a
2024-11-13 19:47:22,525 - INFO - Processing rows 775 to 800 for swaps, peptide RAKFKQLL, weight CDR3a
2024-11-13 19:47:53,845 - INFO - Processing rows 800 to 825 for swaps, peptide RAKFKQLL, weight CDR3a
2024-11-13 19:48:26,804 - INFO - Processing rows 825 to 850 for swaps, peptide RAKFKQLL, weight CDR3a
2024-11-13 19:48:56,072 - INFO - Processing rows 850 to 875 for swaps, peptide RAKFKQLL, weight CDR3a
2024-11-13 19:49:30,893 - INFO - Processing rows 875 to 900 for swaps, peptide RAKFKQLL, weight CDR3a
2024-11-13 19:50:03,919 - INFO - Processing rows 900 to 925 for swaps, peptide RAKFKQLL, weight CDR3a
2024-11-13 19:50:36,921 - INFO - Processing rows 925 to 950 for swaps, peptide RAKFKQLL, weight CDR3a
2024-11-13 19:51:08,126 - INFO - Processing rows 950 to 975 for swaps, peptide RAKFKQLL, weight CDR3a
2024-11-13 19:51:39,455 - INFO - Processing rows 975 to 1000 for swaps, peptide RAKFKQLL, weight CDR3a
2024-11-13 19:52:10,601 - INFO - Processing rows 1000 to 1025 for swaps, peptide RAKFKQLL, weight CDR3a
2024-11-13 19:52:38,366 - INFO - Processing rows 1025 to 1050 for swaps, peptide RAKFKQLL, weight CDR3a
2024-11-13 19:53:09,514 - INFO - Processing rows 1050 to 1075 for swaps, peptide RAKFKQLL, weight CDR3a
2024-11-13 19:53:40,793 - INFO - Processing rows 1075 to 1100 for swaps, peptide RAKFKQLL, weight CDR3a
2024-11-13 19:54:10,006 - INFO - Processing rows 1100 to 1125 for swaps, peptide RAKFKQLL, weight CDR3a
2024-11-13 19:54:39,277 - INFO - Processing rows 1125 to 1150 for swaps, peptide RAKFKQLL, weight CDR3a
2024-11-13 19:55:15,816 - INFO - Processing rows 1150 to 1175 for swaps, peptide RAKFKQLL, weight CDR3a
2024-11-13 19:55:52,413 - INFO - Processing rows 1175 to 1200 for swaps, peptide RAKFKQLL, weight CDR3a
2024-11-13 19:56:21,607 - INFO - Processing rows 1200 to 1225 for swaps, peptide RAKFKQLL, weight CDR3a
2024-11-13 19:56:56,526 - INFO - Processing rows 1225 to 1250 for swaps, peptide RAKFKQLL, weight CDR3a
2024-11-13 19:57:29,390 - INFO - Processing rows 1250 to 1275 for swaps, peptide RAKFKQLL, weight CDR3a
2024-11-13 19:58:02,129 - INFO - Processing rows 1275 to 1300 for swaps, peptide RAKFKQLL, weight CDR3a
2024-11-13 19:58:36,512 - INFO - Processing rows 1300 to 1325 for swaps, peptide RAKFKQLL, weight CDR3a
2024-11-13 19:59:19,965 - INFO - Processing rows 1325 to 1350 for swaps, peptide RAKFKQLL, weight CDR3a
2024-11-13 19:59:58,635 - INFO - Processing rows 1350 to 1375 for swaps, peptide RAKFKQLL, weight CDR3a
2024-11-13 20:00:33,549 - INFO - Processing rows 1375 to 1400 for swaps, peptide RAKFKQLL, weight CDR3a
2024-11-13 20:01:12,248 - INFO - Processing rows 1400 to 1425 for swaps, peptide RAKFKQLL, weight CDR3a
2024-11-13 20:01:47,012 - INFO - Processing rows 1425 to 1450 for swaps, peptide RAKFKQLL, weight CDR3a
2024-11-13 20:02:20,123 - INFO - Processing rows 1450 to 1475 for swaps, peptide RAKFKQLL, weight CDR3a
2024-11-13 20:02:51,318 - INFO - Processing rows 1475 to 1500 for swaps, peptide RAKFKQLL, weight CDR3a
2024-11-13 20:03:20,597 - INFO - Processing rows 1500 to 1525 for swaps, peptide RAKFKQLL, weight CDR3a
2024-11-13 20:03:49,760 - INFO - Processing rows 1525 to 1550 for swaps, peptide RAKFKQLL, weight CDR3a
2024-11-13 20:04:19,121 - INFO - Processing rows 1550 to 1575 for swaps, peptide RAKFKQLL, weight CDR3a
2024-11-13 20:04:50,283 - INFO - Processing rows 1575 to 1600 for swaps, peptide RAKFKQLL, weight CDR3a
2024-11-13 20:05:19,365 - INFO - Processing rows 1600 to 1625 for swaps, peptide RAKFKQLL, weight CDR3a
2024-11-13 20:05:50,223 - INFO - Processing rows 1625 to 1650 for swaps, peptide RAKFKQLL, weight CDR3a
2024-11-13 20:06:21,196 - INFO - Processing rows 1650 to 1675 for swaps, peptide RAKFKQLL, weight CDR3a
2024-11-13 20:07:01,523 - INFO - Processing rows 1675 to 1700 for swaps, peptide RAKFKQLL, weight CDR3a
2024-11-13 20:07:40,359 - INFO - Processing rows 1700 to 1725 for swaps, peptide RAKFKQLL, weight CDR3a
2024-11-13 20:08:13,213 - INFO - Processing rows 1725 to 1750 for swaps, peptide RAKFKQLL, weight CDR3a
2024-11-13 20:08:42,215 - INFO - Processing rows 1750 to 1775 for swaps, peptide RAKFKQLL, weight CDR3a
2024-11-13 20:09:14,860 - INFO - Processing rows 1775 to 1800 for swaps, peptide RAKFKQLL, weight CDR3a
2024-11-13 20:09:44,034 - INFO - Processing rows 1800 to 1825 for swaps, peptide RAKFKQLL, weight CDR3a
2024-11-13 20:10:20,568 - INFO - Processing rows 1825 to 1850 for swaps, peptide RAKFKQLL, weight CDR3a
2024-11-13 20:10:59,218 - INFO - Processing rows 1850 to 1875 for swaps, peptide RAKFKQLL, weight CDR3a
2024-11-13 20:11:28,548 - INFO - Processing rows 1875 to 1900 for swaps, peptide RAKFKQLL, weight CDR3a
2024-11-13 20:12:01,425 - INFO - Processing rows 1900 to 1925 for swaps, peptide RAKFKQLL, weight CDR3a
2024-11-13 20:12:32,543 - INFO - Processing rows 1925 to 1950 for swaps, peptide RAKFKQLL, weight CDR3a
2024-11-13 20:13:01,428 - INFO - Processing rows 1950 to 1975 for swaps, peptide RAKFKQLL, weight CDR3a
2024-11-13 20:13:34,135 - INFO - Processing rows 1975 to 2000 for swaps, peptide RAKFKQLL, weight CDR3a
2024-11-13 20:14:03,272 - INFO - Processing rows 2000 to 2025 for swaps, peptide RAKFKQLL, weight CDR3a
2024-11-13 20:14:43,801 - INFO - Processing rows 2025 to 2050 for swaps, peptide RAKFKQLL, weight CDR3a
2024-11-13 20:15:18,539 - INFO - Processing rows 2050 to 2075 for swaps, peptide RAKFKQLL, weight CDR3a
2024-11-13 20:15:55,151 - INFO - Processing rows 2075 to 2100 for swaps, peptide RAKFKQLL, weight CDR3a
2024-11-13 20:16:26,410 - INFO - Processing rows 2100 to 2125 for swaps, peptide RAKFKQLL, weight CDR3a
2024-11-13 20:16:57,514 - INFO - Processing rows 2125 to 2150 for swaps, peptide RAKFKQLL, weight CDR3a
2024-11-13 20:17:29,249 - INFO - Processing rows 2150 to 2175 for swaps, peptide RAKFKQLL, weight CDR3a
2024-11-13 20:18:01,025 - INFO - Processing rows 2175 to 2200 for swaps, peptide RAKFKQLL, weight CDR3a
2024-11-13 20:18:38,287 - INFO - Processing rows 2200 to 2225 for swaps, peptide RAKFKQLL, weight CDR3a
2024-11-13 20:19:13,349 - INFO - Processing rows 2225 to 2250 for swaps, peptide RAKFKQLL, weight CDR3a
2024-11-13 20:19:43,568 - INFO - Processing rows 2250 to 2275 for swaps, peptide RAKFKQLL, weight CDR3a
2024-11-13 20:20:11,654 - INFO - Processing rows 2275 to 2300 for swaps, peptide RAKFKQLL, weight CDR3a
2024-11-13 20:20:43,258 - INFO - Processing rows 2300 to 2325 for swaps, peptide RAKFKQLL, weight CDR3a
2024-11-13 20:21:12,958 - INFO - Processing rows 2325 to 2350 for swaps, peptide RAKFKQLL, weight CDR3a
2024-11-13 20:21:47,798 - INFO - Processing rows 2350 to 2375 for swaps, peptide RAKFKQLL, weight CDR3a
2024-11-13 20:22:21,244 - INFO - Processing rows 2375 to 2400 for swaps, peptide RAKFKQLL, weight CDR3a
2024-11-13 20:22:51,275 - INFO - Processing rows 2400 to 2425 for swaps, peptide RAKFKQLL, weight CDR3a
2024-11-13 20:23:17,925 - INFO - Processing rows 2425 to 2450 for swaps, peptide RAKFKQLL, weight CDR3a
2024-11-13 20:23:47,995 - INFO - Processing rows 2450 to 2475 for swaps, peptide RAKFKQLL, weight CDR3a
2024-11-13 20:24:25,157 - INFO - Processing rows 2475 to 2500 for swaps, peptide RAKFKQLL, weight CDR3a
2024-11-13 20:24:55,221 - INFO - Processing rows 2500 to 2525 for swaps, peptide RAKFKQLL, weight CDR3a
2024-11-13 20:25:28,716 - INFO - Processing rows 2525 to 2550 for swaps, peptide RAKFKQLL, weight CDR3a
2024-11-13 20:25:58,897 - INFO - Processing rows 2550 to 2575 for swaps, peptide RAKFKQLL, weight CDR3a
2024-11-13 20:26:28,955 - INFO - Processing rows 2575 to 2600 for swaps, peptide RAKFKQLL, weight CDR3a
2024-11-13 20:26:59,069 - INFO - Processing rows 2600 to 2625 for swaps, peptide RAKFKQLL, weight CDR3a
2024-11-13 20:27:28,715 - INFO - Processing rows 2625 to 2650 for swaps, peptide RAKFKQLL, weight CDR3a
2024-11-13 20:27:56,070 - INFO - Processing rows 2650 to 2675 for swaps, peptide RAKFKQLL, weight CDR3a
2024-11-13 20:28:25,062 - INFO - Processing rows 2675 to 2700 for swaps, peptide RAKFKQLL, weight CDR3a
2024-11-13 20:28:52,134 - INFO - Processing rows 2700 to 2725 for swaps, peptide RAKFKQLL, weight CDR3a
2024-11-13 20:29:27,637 - INFO - Processing rows 2725 to 2750 for swaps, peptide RAKFKQLL, weight CDR3a
2024-11-13 20:30:03,418 - INFO - Processing rows 2750 to 2775 for swaps, peptide RAKFKQLL, weight CDR3a
2024-11-13 20:30:39,303 - INFO - Processing rows 2775 to 2800 for swaps, peptide RAKFKQLL, weight CDR3a
2024-11-13 20:31:08,509 - INFO - Processing rows 2800 to 2825 for swaps, peptide RAKFKQLL, weight CDR3a
2024-11-13 20:31:40,921 - INFO - Processing rows 2825 to 2850 for swaps, peptide RAKFKQLL, weight CDR3a
2024-11-13 20:32:10,024 - INFO - Processing rows 2850 to 2875 for swaps, peptide RAKFKQLL, weight CDR3a
2024-11-13 20:32:39,070 - INFO - Processing rows 2875 to 2900 for swaps, peptide RAKFKQLL, weight CDR3a
2024-11-13 20:33:11,492 - INFO - Processing rows 2900 to 2925 for swaps, peptide RAKFKQLL, weight CDR3a
2024-11-13 20:33:42,082 - INFO - Processing rows 2925 to 2950 for swaps, peptide RAKFKQLL, weight CDR3a
2024-11-13 20:34:16,121 - INFO - Processing rows 2950 to 2975 for swaps, peptide RAKFKQLL, weight CDR3a
2024-11-13 20:34:46,803 - INFO - Processing rows 2975 to 3000 for swaps, peptide RAKFKQLL, weight CDR3a
2024-11-13 20:35:15,947 - INFO - Processing rows 3000 to 3025 for swaps, peptide RAKFKQLL, weight CDR3a
2024-11-13 20:35:45,063 - INFO - Processing rows 3025 to 3050 for swaps, peptide RAKFKQLL, weight CDR3a
2024-11-13 20:36:15,738 - INFO - Processing rows 3050 to 3075 for swaps, peptide RAKFKQLL, weight CDR3a
2024-11-13 20:36:44,892 - INFO - Processing rows 3075 to 3100 for swaps, peptide RAKFKQLL, weight CDR3a
2024-11-13 20:37:18,878 - INFO - Processing rows 3100 to 3125 for swaps, peptide RAKFKQLL, weight CDR3a
2024-11-13 20:37:48,102 - INFO - Processing rows 3125 to 3150 for swaps, peptide RAKFKQLL, weight CDR3a
2024-11-13 20:38:20,426 - INFO - Processing rows 3150 to 3175 for swaps, peptide RAKFKQLL, weight CDR3a
2024-11-13 20:38:49,342 - INFO - Processing rows 3175 to 3200 for swaps, peptide RAKFKQLL, weight CDR3a
2024-11-13 20:39:21,384 - INFO - Processing rows 3200 to 3225 for swaps, peptide RAKFKQLL, weight CDR3a
2024-11-13 20:39:55,250 - INFO - Processing rows 3225 to 3250 for swaps, peptide RAKFKQLL, weight CDR3a
2024-11-13 20:40:24,275 - INFO - Processing rows 3250 to 3275 for swaps, peptide RAKFKQLL, weight CDR3a
2024-11-13 20:40:55,081 - INFO - Processing rows 3275 to 3300 for swaps, peptide RAKFKQLL, weight CDR3a
2024-11-13 20:41:32,556 - INFO - Processing rows 3300 to 3325 for swaps, peptide RAKFKQLL, weight CDR3a
2024-11-13 20:42:06,636 - INFO - Processing rows 3325 to 3350 for swaps, peptide RAKFKQLL, weight CDR3a
2024-11-13 20:42:35,809 - INFO - Processing rows 3350 to 3375 for swaps, peptide RAKFKQLL, weight CDR3a
2024-11-13 20:43:06,487 - INFO - Processing rows 3375 to 3400 for swaps, peptide RAKFKQLL, weight CDR3a
2024-11-13 20:43:37,140 - INFO - Processing rows 3400 to 3425 for swaps, peptide RAKFKQLL, weight CDR3a
2024-11-13 20:44:11,086 - INFO - Processing rows 3425 to 3450 for swaps, peptide RAKFKQLL, weight CDR3a
2024-11-13 20:44:38,401 - INFO - Processing rows 3450 to 3475 for swaps, peptide RAKFKQLL, weight CDR3a
2024-11-13 20:45:14,292 - INFO - Processing rows 3475 to 3500 for swaps, peptide RAKFKQLL, weight CDR3a
2024-11-13 20:45:50,364 - INFO - Processing rows 3500 to 3525 for swaps, peptide RAKFKQLL, weight CDR3a
2024-11-13 20:46:22,727 - INFO - Processing rows 3525 to 3550 for swaps, peptide RAKFKQLL, weight CDR3a
2024-11-13 20:46:51,822 - INFO - Processing rows 3550 to 3575 for swaps, peptide RAKFKQLL, weight CDR3a
2024-11-13 20:47:20,802 - INFO - Processing rows 3575 to 3600 for swaps, peptide RAKFKQLL, weight CDR3a
2024-11-13 20:48:00,034 - INFO - Processing rows 3600 to 3625 for swaps, peptide RAKFKQLL, weight CDR3a
2024-11-13 20:48:29,132 - INFO - Processing rows 3625 to 3650 for swaps, peptide RAKFKQLL, weight CDR3a
2024-11-13 20:48:59,827 - INFO - Processing rows 3650 to 3675 for swaps, peptide RAKFKQLL, weight CDR3a
2024-11-13 20:49:28,871 - INFO - Processing rows 3675 to 3700 for swaps, peptide RAKFKQLL, weight CDR3a
2024-11-13 20:49:59,575 - INFO - Processing rows 3700 to 3725 for swaps, peptide RAKFKQLL, weight CDR3a
2024-11-13 20:50:35,512 - INFO - Processing rows 3725 to 3750 for swaps, peptide RAKFKQLL, weight CDR3a
2024-11-13 20:51:07,921 - INFO - Processing rows 3750 to 3775 for swaps, peptide RAKFKQLL, weight CDR3a
2024-11-13 20:51:35,294 - INFO - Processing rows 3775 to 3800 for swaps, peptide RAKFKQLL, weight CDR3a
2024-11-13 20:52:09,189 - INFO - Processing rows 3800 to 3825 for swaps, peptide RAKFKQLL, weight CDR3a
2024-11-13 20:52:38,174 - INFO - Processing rows 3825 to 3850 for swaps, peptide RAKFKQLL, weight CDR3a
2024-11-13 20:53:13,750 - INFO - Processing rows 3850 to 3875 for swaps, peptide RAKFKQLL, weight CDR3a
2024-11-13 20:53:45,947 - INFO - Processing rows 3875 to 3900 for swaps, peptide RAKFKQLL, weight CDR3a
2024-11-13 20:54:19,892 - INFO - Processing rows 3900 to 3925 for swaps, peptide RAKFKQLL, weight CDR3a
2024-11-13 20:54:47,246 - INFO - Processing rows 3925 to 3950 for swaps, peptide RAKFKQLL, weight CDR3a
2024-11-13 20:55:16,246 - INFO - Processing rows 3950 to 3975 for swaps, peptide RAKFKQLL, weight CDR3a
2024-11-13 20:55:46,754 - INFO - Processing rows 3975 to 4000 for swaps, peptide RAKFKQLL, weight CDR3a
2024-11-13 20:56:15,418 - INFO - Processing rows 4000 to 4025 for swaps, peptide RAKFKQLL, weight CDR3a
2024-11-13 20:56:45,718 - INFO - Processing rows 4025 to 4050 for swaps, peptide RAKFKQLL, weight CDR3a
2024-11-13 20:57:21,207 - INFO - Processing rows 4050 to 4075 for swaps, peptide RAKFKQLL, weight CDR3a
2024-11-13 20:57:50,097 - INFO - Processing rows 4075 to 4100 for swaps, peptide RAKFKQLL, weight CDR3a
2024-11-13 20:58:27,559 - INFO - Processing rows 4100 to 4125 for swaps, peptide RAKFKQLL, weight CDR3a
2024-11-13 20:59:03,673 - INFO - Processing rows 4125 to 4150 for swaps, peptide RAKFKQLL, weight CDR3a
2024-11-13 20:59:34,383 - INFO - Processing rows 4150 to 4175 for swaps, peptide RAKFKQLL, weight CDR3a
2024-11-13 21:00:08,369 - INFO - Processing rows 4175 to 4200 for swaps, peptide RAKFKQLL, weight CDR3a
2024-11-13 21:00:37,540 - INFO - Processing rows 4200 to 4225 for swaps, peptide RAKFKQLL, weight CDR3a
2024-11-13 21:01:06,609 - INFO - Processing rows 4225 to 4250 for swaps, peptide RAKFKQLL, weight CDR3a
2024-11-13 21:01:37,398 - INFO - Processing rows 4250 to 4275 for swaps, peptide RAKFKQLL, weight CDR3a
2024-11-13 21:02:07,980 - INFO - Processing rows 4275 to 4300 for swaps, peptide RAKFKQLL, weight CDR3a
2024-11-13 21:02:38,712 - INFO - Processing rows 4300 to 4325 for swaps, peptide RAKFKQLL, weight CDR3a
2024-11-13 21:03:05,840 - INFO - Processing rows 4325 to 4350 for swaps, peptide RAKFKQLL, weight CDR3a
2024-11-13 21:03:38,376 - INFO - Processing rows 4350 to 4375 for swaps, peptide RAKFKQLL, weight CDR3a
2024-11-13 21:04:05,553 - INFO - Processing rows 4375 to 4400 for swaps, peptide RAKFKQLL, weight CDR3a
2024-11-13 21:04:31,316 - INFO - Processing rows 4400 to 4425 for swaps, peptide RAKFKQLL, weight CDR3a
2024-11-13 21:05:05,235 - INFO - Processing rows 4425 to 4450 for swaps, peptide RAKFKQLL, weight CDR3a
2024-11-13 21:05:32,608 - INFO - Processing rows 4450 to 4475 for swaps, peptide RAKFKQLL, weight CDR3a
2024-11-13 21:06:06,589 - INFO - Processing rows 4475 to 4500 for swaps, peptide RAKFKQLL, weight CDR3a
2024-11-13 21:06:33,860 - INFO - Processing rows 4500 to 4525 for swaps, peptide RAKFKQLL, weight CDR3a
2024-11-13 21:07:09,818 - INFO - Processing rows 4525 to 4550 for swaps, peptide RAKFKQLL, weight CDR3a
2024-11-13 21:07:38,968 - INFO - Processing rows 4550 to 4575 for swaps, peptide RAKFKQLL, weight CDR3a
2024-11-13 21:08:09,637 - INFO - Processing rows 4575 to 4600 for swaps, peptide RAKFKQLL, weight CDR3a
2024-11-13 21:08:40,331 - INFO - Processing rows 4600 to 4625 for swaps, peptide RAKFKQLL, weight CDR3a
2024-11-13 21:09:16,179 - INFO - Processing rows 4625 to 4650 for swaps, peptide RAKFKQLL, weight CDR3a
2024-11-13 21:09:45,302 - INFO - Processing rows 4650 to 4675 for swaps, peptide RAKFKQLL, weight CDR3a
2024-11-13 21:10:14,398 - INFO - Processing rows 4675 to 4700 for swaps, peptide RAKFKQLL, weight CDR3a
2024-11-13 21:10:41,617 - INFO - Processing rows 4700 to 4725 for swaps, peptide RAKFKQLL, weight CDR3a
2024-11-13 21:11:15,627 - INFO - Processing rows 4725 to 4750 for swaps, peptide RAKFKQLL, weight CDR3a
2024-11-13 21:11:46,364 - INFO - Processing rows 4750 to 4775 for swaps, peptide RAKFKQLL, weight CDR3a
2024-11-13 21:12:13,557 - INFO - Processing rows 4775 to 4800 for swaps, peptide RAKFKQLL, weight CDR3a
2024-11-13 21:12:40,834 - INFO - Processing rows 4800 to 4825 for swaps, peptide RAKFKQLL, weight CDR3a
2024-11-13 21:13:11,374 - INFO - Processing rows 4825 to 4850 for swaps, peptide RAKFKQLL, weight CDR3a
2024-11-13 21:13:38,653 - INFO - Processing rows 4850 to 4875 for swaps, peptide RAKFKQLL, weight CDR3a
2024-11-13 21:14:07,661 - INFO - Processing rows 4875 to 4900 for swaps, peptide RAKFKQLL, weight CDR3a
2024-11-13 21:14:35,011 - INFO - Processing rows 4900 to 4925 for swaps, peptide RAKFKQLL, weight CDR3a
2024-11-13 21:15:07,354 - INFO - Processing rows 4925 to 4950 for swaps, peptide RAKFKQLL, weight CDR3a
2024-11-13 21:15:36,306 - INFO - Processing rows 4950 to 4975 for swaps, peptide RAKFKQLL, weight CDR3a
2024-11-13 21:16:03,172 - INFO - Processing rows 4975 to 4980 for swaps, peptide RAKFKQLL, weight CDR3a
Traceback (most recent call last):
  File "/net/mimer/mnt/tank/projects2/emison/language_model/27th_Oct_new_matrices/04.11_new_esm/12.11/run_esm_swaps.py", line 90, in <module>
    process_sequences(df_filtered, peptide, weight, "swaps")
  File "/net/mimer/mnt/tank/projects2/emison/language_model/27th_Oct_new_matrices/04.11_new_esm/12.11/run_esm_swaps.py", line 82, in process_sequences
    output_df.insert(0, "raw_index", raw_indexes)
  File "/home/projects2/emison/language_model/miniconda3/envs/esm2_emison/lib/python3.12/site-packages/pandas/core/frame.py", line 5171, in insert
    value, refs = self._sanitize_column(value)
                  ^^^^^^^^^^^^^^^^^^^^^^^^^^^^
  File "/home/projects2/emison/language_model/miniconda3/envs/esm2_emison/lib/python3.12/site-packages/pandas/core/frame.py", line 5266, in _sanitize_column
    com.require_length_match(value, self.index)
  File "/home/projects2/emison/language_model/miniconda3/envs/esm2_emison/lib/python3.12/site-packages/pandas/core/common.py", line 573, in require_length_match
    raise ValueError(
ValueError: Length of values (4980) does not match length of index (5)
