2024-11-13 19:13:16,864 - INFO - Loading and filtering dataset for peptide RAKFKQLL
2024-11-13 19:13:16,983 - INFO - Processing dataset for peptide RAKFKQLL with weight CDR2b
2024-11-13 19:13:16,986 - INFO - Processing rows 0 to 25 for binders, peptide RAKFKQLL, weight CDR2b
2024-11-13 19:13:34,169 - INFO - Processing rows 25 to 50 for binders, peptide RAKFKQLL, weight CDR2b
2024-11-13 19:13:51,576 - INFO - Processing rows 50 to 75 for binders, peptide RAKFKQLL, weight CDR2b
2024-11-13 19:14:08,913 - INFO - Processing rows 75 to 100 for binders, peptide RAKFKQLL, weight CDR2b
2024-11-13 19:14:26,333 - INFO - Processing rows 100 to 125 for binders, peptide RAKFKQLL, weight CDR2b
2024-11-13 19:14:43,621 - INFO - Processing rows 125 to 150 for binders, peptide RAKFKQLL, weight CDR2b
2024-11-13 19:15:00,900 - INFO - Processing rows 150 to 175 for binders, peptide RAKFKQLL, weight CDR2b
2024-11-13 19:15:18,223 - INFO - Processing rows 175 to 200 for binders, peptide RAKFKQLL, weight CDR2b
2024-11-13 19:15:35,477 - INFO - Processing rows 200 to 225 for binders, peptide RAKFKQLL, weight CDR2b
2024-11-13 19:15:52,672 - INFO - Processing rows 225 to 250 for binders, peptide RAKFKQLL, weight CDR2b
2024-11-13 19:16:09,980 - INFO - Processing rows 250 to 275 for binders, peptide RAKFKQLL, weight CDR2b
2024-11-13 19:16:27,160 - INFO - Processing rows 275 to 300 for binders, peptide RAKFKQLL, weight CDR2b
2024-11-13 19:16:44,381 - INFO - Processing rows 300 to 325 for binders, peptide RAKFKQLL, weight CDR2b
2024-11-13 19:17:01,594 - INFO - Processing rows 325 to 350 for binders, peptide RAKFKQLL, weight CDR2b
2024-11-13 19:17:18,709 - INFO - Processing rows 350 to 375 for binders, peptide RAKFKQLL, weight CDR2b
2024-11-13 19:17:35,740 - INFO - Processing rows 375 to 400 for binders, peptide RAKFKQLL, weight CDR2b
2024-11-13 19:17:52,785 - INFO - Processing rows 400 to 425 for binders, peptide RAKFKQLL, weight CDR2b
2024-11-13 19:18:09,942 - INFO - Processing rows 425 to 450 for binders, peptide RAKFKQLL, weight CDR2b
2024-11-13 19:18:27,108 - INFO - Processing rows 450 to 475 for binders, peptide RAKFKQLL, weight CDR2b
2024-11-13 19:18:44,294 - INFO - Processing rows 475 to 500 for binders, peptide RAKFKQLL, weight CDR2b
2024-11-13 19:19:01,554 - INFO - Processing rows 500 to 525 for binders, peptide RAKFKQLL, weight CDR2b
2024-11-13 19:19:18,775 - INFO - Processing rows 525 to 550 for binders, peptide RAKFKQLL, weight CDR2b
2024-11-13 19:19:35,954 - INFO - Processing rows 550 to 575 for binders, peptide RAKFKQLL, weight CDR2b
2024-11-13 19:19:53,215 - INFO - Processing rows 575 to 600 for binders, peptide RAKFKQLL, weight CDR2b
2024-11-13 19:20:10,387 - INFO - Processing rows 600 to 625 for binders, peptide RAKFKQLL, weight CDR2b
2024-11-13 19:20:27,482 - INFO - Processing rows 625 to 650 for binders, peptide RAKFKQLL, weight CDR2b
2024-11-13 19:20:44,524 - INFO - Processing rows 650 to 675 for binders, peptide RAKFKQLL, weight CDR2b
2024-11-13 19:21:01,555 - INFO - Processing rows 675 to 700 for binders, peptide RAKFKQLL, weight CDR2b
2024-11-13 19:21:18,719 - INFO - Processing rows 700 to 725 for binders, peptide RAKFKQLL, weight CDR2b
2024-11-13 19:21:35,102 - INFO - Processing rows 725 to 750 for binders, peptide RAKFKQLL, weight CDR2b
2024-11-13 19:21:52,086 - INFO - Processing rows 750 to 775 for binders, peptide RAKFKQLL, weight CDR2b
2024-11-13 19:22:09,290 - INFO - Processing rows 775 to 800 for binders, peptide RAKFKQLL, weight CDR2b
2024-11-13 19:22:26,479 - INFO - Processing rows 800 to 825 for binders, peptide RAKFKQLL, weight CDR2b
2024-11-13 19:22:43,527 - INFO - Processing rows 825 to 830 for binders, peptide RAKFKQLL, weight CDR2b
Traceback (most recent call last):
  File "/net/mimer/mnt/tank/projects2/emison/language_model/27th_Oct_new_matrices/04.11_new_esm/12.11/run_esm_binders.py", line 90, in <module>
    process_sequences(df_filtered, peptide, weight, "binders")
  File "/net/mimer/mnt/tank/projects2/emison/language_model/27th_Oct_new_matrices/04.11_new_esm/12.11/run_esm_binders.py", line 82, in process_sequences
    output_df.insert(0, "raw_index", raw_indexes)
  File "/home/projects2/emison/language_model/miniconda3/envs/esm2_emison/lib/python3.12/site-packages/pandas/core/frame.py", line 5171, in insert
    value, refs = self._sanitize_column(value)
                  ^^^^^^^^^^^^^^^^^^^^^^^^^^^^
  File "/home/projects2/emison/language_model/miniconda3/envs/esm2_emison/lib/python3.12/site-packages/pandas/core/frame.py", line 5266, in _sanitize_column
    com.require_length_match(value, self.index)
  File "/home/projects2/emison/language_model/miniconda3/envs/esm2_emison/lib/python3.12/site-packages/pandas/core/common.py", line 573, in require_length_match
    raise ValueError(
ValueError: Length of values (830) does not match length of index (5)
