2024-11-13 19:31:09,932 - INFO - Loading and filtering dataset for peptide RAKFKQLL
2024-11-13 19:31:10,343 - INFO - Processing dataset for peptide RAKFKQLL with weight TCRa
2024-11-13 19:31:10,345 - INFO - Processing rows 0 to 25 for swaps, peptide RAKFKQLL, weight TCRa
2024-11-13 19:33:14,632 - INFO - Processing rows 25 to 50 for swaps, peptide RAKFKQLL, weight TCRa
2024-11-13 19:35:06,962 - INFO - Processing rows 50 to 75 for swaps, peptide RAKFKQLL, weight TCRa
2024-11-13 19:36:53,463 - INFO - Processing rows 75 to 100 for swaps, peptide RAKFKQLL, weight TCRa
2024-11-13 19:38:36,605 - INFO - Processing rows 100 to 125 for swaps, peptide RAKFKQLL, weight TCRa
2024-11-13 19:41:11,493 - INFO - Processing rows 125 to 150 for swaps, peptide RAKFKQLL, weight TCRa
2024-11-13 19:43:21,613 - INFO - Processing rows 150 to 175 for swaps, peptide RAKFKQLL, weight TCRa
2024-11-13 19:45:03,562 - INFO - Processing rows 175 to 200 for swaps, peptide RAKFKQLL, weight TCRa
2024-11-13 19:46:52,374 - INFO - Processing rows 200 to 225 for swaps, peptide RAKFKQLL, weight TCRa
2024-11-13 19:48:36,588 - INFO - Processing rows 225 to 250 for swaps, peptide RAKFKQLL, weight TCRa
2024-11-13 19:50:19,482 - INFO - Processing rows 250 to 275 for swaps, peptide RAKFKQLL, weight TCRa
2024-11-13 19:52:08,717 - INFO - Processing rows 275 to 300 for swaps, peptide RAKFKQLL, weight TCRa
2024-11-13 19:53:55,599 - INFO - Processing rows 300 to 325 for swaps, peptide RAKFKQLL, weight TCRa
2024-11-13 19:55:48,998 - INFO - Processing rows 325 to 350 for swaps, peptide RAKFKQLL, weight TCRa
2024-11-13 19:57:35,059 - INFO - Processing rows 350 to 375 for swaps, peptide RAKFKQLL, weight TCRa
2024-11-13 19:59:23,699 - INFO - Processing rows 375 to 400 for swaps, peptide RAKFKQLL, weight TCRa
2024-11-13 20:01:06,748 - INFO - Processing rows 400 to 425 for swaps, peptide RAKFKQLL, weight TCRa
2024-11-13 20:02:54,875 - INFO - Processing rows 425 to 450 for swaps, peptide RAKFKQLL, weight TCRa
2024-11-13 20:05:50,306 - INFO - Processing rows 450 to 475 for swaps, peptide RAKFKQLL, weight TCRa
2024-11-13 20:07:56,119 - INFO - Processing rows 475 to 500 for swaps, peptide RAKFKQLL, weight TCRa
2024-11-13 20:09:39,685 - INFO - Processing rows 500 to 525 for swaps, peptide RAKFKQLL, weight TCRa
2024-11-13 20:11:26,967 - INFO - Processing rows 525 to 550 for swaps, peptide RAKFKQLL, weight TCRa
2024-11-13 20:13:15,193 - INFO - Processing rows 550 to 575 for swaps, peptide RAKFKQLL, weight TCRa
2024-11-13 20:16:55,297 - INFO - Processing rows 575 to 600 for swaps, peptide RAKFKQLL, weight TCRa
2024-11-13 20:19:11,514 - INFO - Processing rows 600 to 625 for swaps, peptide RAKFKQLL, weight TCRa
2024-11-13 20:20:56,390 - INFO - Processing rows 625 to 650 for swaps, peptide RAKFKQLL, weight TCRa
2024-11-13 20:22:38,280 - INFO - Processing rows 650 to 675 for swaps, peptide RAKFKQLL, weight TCRa
2024-11-13 20:24:18,208 - INFO - Processing rows 675 to 700 for swaps, peptide RAKFKQLL, weight TCRa
2024-11-13 20:26:02,118 - INFO - Processing rows 700 to 725 for swaps, peptide RAKFKQLL, weight TCRa
2024-11-13 20:27:45,350 - INFO - Processing rows 725 to 750 for swaps, peptide RAKFKQLL, weight TCRa
2024-11-13 20:29:25,299 - INFO - Processing rows 750 to 775 for swaps, peptide RAKFKQLL, weight TCRa
2024-11-13 20:31:09,430 - INFO - Processing rows 775 to 800 for swaps, peptide RAKFKQLL, weight TCRa
2024-11-13 20:32:54,292 - INFO - Processing rows 800 to 825 for swaps, peptide RAKFKQLL, weight TCRa
2024-11-13 20:34:39,695 - INFO - Processing rows 825 to 850 for swaps, peptide RAKFKQLL, weight TCRa
2024-11-13 20:36:23,444 - INFO - Processing rows 850 to 875 for swaps, peptide RAKFKQLL, weight TCRa
2024-11-13 20:38:05,982 - INFO - Processing rows 875 to 900 for swaps, peptide RAKFKQLL, weight TCRa
2024-11-13 20:40:46,333 - INFO - Processing rows 900 to 925 for swaps, peptide RAKFKQLL, weight TCRa
2024-11-13 20:43:40,626 - INFO - Processing rows 925 to 950 for swaps, peptide RAKFKQLL, weight TCRa
2024-11-13 20:45:28,199 - INFO - Processing rows 950 to 975 for swaps, peptide RAKFKQLL, weight TCRa
2024-11-13 20:47:18,326 - INFO - Processing rows 975 to 1000 for swaps, peptide RAKFKQLL, weight TCRa
2024-11-13 20:49:05,743 - INFO - Processing rows 1000 to 1025 for swaps, peptide RAKFKQLL, weight TCRa
2024-11-13 20:50:45,921 - INFO - Processing rows 1025 to 1050 for swaps, peptide RAKFKQLL, weight TCRa
2024-11-13 20:52:32,290 - INFO - Processing rows 1050 to 1075 for swaps, peptide RAKFKQLL, weight TCRa
2024-11-13 20:55:19,876 - INFO - Processing rows 1075 to 1100 for swaps, peptide RAKFKQLL, weight TCRa
2024-11-13 20:57:22,664 - INFO - Processing rows 1100 to 1125 for swaps, peptide RAKFKQLL, weight TCRa
2024-11-13 20:59:03,243 - INFO - Processing rows 1125 to 1150 for swaps, peptide RAKFKQLL, weight TCRa
2024-11-13 21:00:44,829 - INFO - Processing rows 1150 to 1175 for swaps, peptide RAKFKQLL, weight TCRa
2024-11-13 21:03:47,809 - INFO - Processing rows 1175 to 1200 for swaps, peptide RAKFKQLL, weight TCRa
2024-11-13 21:05:28,137 - INFO - Processing rows 1200 to 1225 for swaps, peptide RAKFKQLL, weight TCRa
2024-11-13 21:07:11,807 - INFO - Processing rows 1225 to 1250 for swaps, peptide RAKFKQLL, weight TCRa
2024-11-13 21:08:48,652 - INFO - Processing rows 1250 to 1275 for swaps, peptide RAKFKQLL, weight TCRa
2024-11-13 21:10:23,087 - INFO - Processing rows 1275 to 1300 for swaps, peptide RAKFKQLL, weight TCRa
2024-11-13 21:12:00,454 - INFO - Processing rows 1300 to 1325 for swaps, peptide RAKFKQLL, weight TCRa
2024-11-13 21:13:38,520 - INFO - Processing rows 1325 to 1350 for swaps, peptide RAKFKQLL, weight TCRa
2024-11-13 21:15:17,518 - INFO - Processing rows 1350 to 1375 for swaps, peptide RAKFKQLL, weight TCRa
2024-11-13 21:16:54,070 - INFO - Processing rows 1375 to 1400 for swaps, peptide RAKFKQLL, weight TCRa
2024-11-13 21:18:27,903 - INFO - Processing rows 1400 to 1425 for swaps, peptide RAKFKQLL, weight TCRa
2024-11-13 21:19:58,465 - INFO - Processing rows 1425 to 1450 for swaps, peptide RAKFKQLL, weight TCRa
2024-11-13 21:21:25,373 - INFO - Processing rows 1450 to 1475 for swaps, peptide RAKFKQLL, weight TCRa
2024-11-13 21:22:53,501 - INFO - Processing rows 1475 to 1500 for swaps, peptide RAKFKQLL, weight TCRa
2024-11-13 21:24:21,151 - INFO - Processing rows 1500 to 1525 for swaps, peptide RAKFKQLL, weight TCRa
2024-11-13 21:25:48,012 - INFO - Processing rows 1525 to 1550 for swaps, peptide RAKFKQLL, weight TCRa
2024-11-13 21:27:15,792 - INFO - Processing rows 1550 to 1575 for swaps, peptide RAKFKQLL, weight TCRa
2024-11-13 21:28:41,573 - INFO - Processing rows 1575 to 1600 for swaps, peptide RAKFKQLL, weight TCRa
2024-11-13 21:30:08,083 - INFO - Processing rows 1600 to 1625 for swaps, peptide RAKFKQLL, weight TCRa
2024-11-13 21:31:35,446 - INFO - Processing rows 1625 to 1650 for swaps, peptide RAKFKQLL, weight TCRa
2024-11-13 21:33:02,737 - INFO - Processing rows 1650 to 1675 for swaps, peptide RAKFKQLL, weight TCRa
2024-11-13 21:34:34,297 - INFO - Processing rows 1675 to 1700 for swaps, peptide RAKFKQLL, weight TCRa
2024-11-13 21:35:59,814 - INFO - Processing rows 1700 to 1725 for swaps, peptide RAKFKQLL, weight TCRa
2024-11-13 21:37:27,487 - INFO - Processing rows 1725 to 1750 for swaps, peptide RAKFKQLL, weight TCRa
2024-11-13 21:38:51,516 - INFO - Processing rows 1750 to 1775 for swaps, peptide RAKFKQLL, weight TCRa
2024-11-13 21:40:17,847 - INFO - Processing rows 1775 to 1800 for swaps, peptide RAKFKQLL, weight TCRa
2024-11-13 21:41:41,722 - INFO - Processing rows 1800 to 1825 for swaps, peptide RAKFKQLL, weight TCRa
2024-11-13 21:43:09,879 - INFO - Processing rows 1825 to 1850 for swaps, peptide RAKFKQLL, weight TCRa
2024-11-13 21:44:37,046 - INFO - Processing rows 1850 to 1875 for swaps, peptide RAKFKQLL, weight TCRa
2024-11-13 21:46:02,641 - INFO - Processing rows 1875 to 1900 for swaps, peptide RAKFKQLL, weight TCRa
2024-11-13 21:47:29,388 - INFO - Processing rows 1900 to 1925 for swaps, peptide RAKFKQLL, weight TCRa
2024-11-13 21:48:55,822 - INFO - Processing rows 1925 to 1950 for swaps, peptide RAKFKQLL, weight TCRa
2024-11-13 21:50:20,750 - INFO - Processing rows 1950 to 1975 for swaps, peptide RAKFKQLL, weight TCRa
2024-11-13 21:51:46,617 - INFO - Processing rows 1975 to 2000 for swaps, peptide RAKFKQLL, weight TCRa
2024-11-13 21:53:11,560 - INFO - Processing rows 2000 to 2025 for swaps, peptide RAKFKQLL, weight TCRa
2024-11-13 21:54:38,763 - INFO - Processing rows 2025 to 2050 for swaps, peptide RAKFKQLL, weight TCRa
2024-11-13 21:56:07,294 - INFO - Processing rows 2050 to 2075 for swaps, peptide RAKFKQLL, weight TCRa
2024-11-13 21:57:35,794 - INFO - Processing rows 2075 to 2100 for swaps, peptide RAKFKQLL, weight TCRa
2024-11-13 21:59:03,624 - INFO - Processing rows 2100 to 2125 for swaps, peptide RAKFKQLL, weight TCRa
2024-11-13 22:00:31,404 - INFO - Processing rows 2125 to 2150 for swaps, peptide RAKFKQLL, weight TCRa
2024-11-13 22:01:58,186 - INFO - Processing rows 2150 to 2175 for swaps, peptide RAKFKQLL, weight TCRa
2024-11-13 22:03:26,881 - INFO - Processing rows 2175 to 2200 for swaps, peptide RAKFKQLL, weight TCRa
2024-11-13 22:04:53,648 - INFO - Processing rows 2200 to 2225 for swaps, peptide RAKFKQLL, weight TCRa
2024-11-13 22:06:22,379 - INFO - Processing rows 2225 to 2250 for swaps, peptide RAKFKQLL, weight TCRa
2024-11-13 22:07:49,401 - INFO - Processing rows 2250 to 2275 for swaps, peptide RAKFKQLL, weight TCRa
2024-11-13 22:09:16,109 - INFO - Processing rows 2275 to 2300 for swaps, peptide RAKFKQLL, weight TCRa
2024-11-13 22:10:44,516 - INFO - Processing rows 2300 to 2325 for swaps, peptide RAKFKQLL, weight TCRa
2024-11-13 22:12:12,309 - INFO - Processing rows 2325 to 2350 for swaps, peptide RAKFKQLL, weight TCRa
2024-11-13 22:13:38,985 - INFO - Processing rows 2350 to 2375 for swaps, peptide RAKFKQLL, weight TCRa
2024-11-13 22:15:09,473 - INFO - Processing rows 2375 to 2400 for swaps, peptide RAKFKQLL, weight TCRa
2024-11-13 22:16:36,816 - INFO - Processing rows 2400 to 2425 for swaps, peptide RAKFKQLL, weight TCRa
2024-11-13 22:18:01,991 - INFO - Processing rows 2425 to 2450 for swaps, peptide RAKFKQLL, weight TCRa
2024-11-13 22:19:28,547 - INFO - Processing rows 2450 to 2475 for swaps, peptide RAKFKQLL, weight TCRa
2024-11-13 22:20:59,078 - INFO - Processing rows 2475 to 2500 for swaps, peptide RAKFKQLL, weight TCRa
2024-11-13 22:22:27,895 - INFO - Processing rows 2500 to 2525 for swaps, peptide RAKFKQLL, weight TCRa
2024-11-13 22:23:55,935 - INFO - Processing rows 2525 to 2550 for swaps, peptide RAKFKQLL, weight TCRa
2024-11-13 22:25:23,363 - INFO - Processing rows 2550 to 2575 for swaps, peptide RAKFKQLL, weight TCRa
2024-11-13 22:26:50,805 - INFO - Processing rows 2575 to 2600 for swaps, peptide RAKFKQLL, weight TCRa
2024-11-13 22:28:18,248 - INFO - Processing rows 2600 to 2625 for swaps, peptide RAKFKQLL, weight TCRa
2024-11-13 22:29:47,074 - INFO - Processing rows 2625 to 2650 for swaps, peptide RAKFKQLL, weight TCRa
2024-11-13 22:31:14,787 - INFO - Processing rows 2650 to 2675 for swaps, peptide RAKFKQLL, weight TCRa
2024-11-13 22:32:42,262 - INFO - Processing rows 2675 to 2700 for swaps, peptide RAKFKQLL, weight TCRa
2024-11-13 22:34:07,229 - INFO - Processing rows 2700 to 2725 for swaps, peptide RAKFKQLL, weight TCRa
2024-11-13 22:35:34,273 - INFO - Processing rows 2725 to 2750 for swaps, peptide RAKFKQLL, weight TCRa
2024-11-13 22:37:00,444 - INFO - Processing rows 2750 to 2775 for swaps, peptide RAKFKQLL, weight TCRa
2024-11-13 22:38:25,487 - INFO - Processing rows 2775 to 2800 for swaps, peptide RAKFKQLL, weight TCRa
2024-11-13 22:39:49,933 - INFO - Processing rows 2800 to 2825 for swaps, peptide RAKFKQLL, weight TCRa
2024-11-13 22:41:17,012 - INFO - Processing rows 2825 to 2850 for swaps, peptide RAKFKQLL, weight TCRa
2024-11-13 22:42:42,654 - INFO - Processing rows 2850 to 2875 for swaps, peptide RAKFKQLL, weight TCRa
2024-11-13 22:44:08,795 - INFO - Processing rows 2875 to 2900 for swaps, peptide RAKFKQLL, weight TCRa
2024-11-13 22:45:36,637 - INFO - Processing rows 2900 to 2925 for swaps, peptide RAKFKQLL, weight TCRa
2024-11-13 22:47:01,377 - INFO - Processing rows 2925 to 2950 for swaps, peptide RAKFKQLL, weight TCRa
2024-11-13 22:48:26,098 - INFO - Processing rows 2950 to 2975 for swaps, peptide RAKFKQLL, weight TCRa
2024-11-13 22:49:51,072 - INFO - Processing rows 2975 to 3000 for swaps, peptide RAKFKQLL, weight TCRa
2024-11-13 22:51:16,602 - INFO - Processing rows 3000 to 3025 for swaps, peptide RAKFKQLL, weight TCRa
2024-11-13 22:52:39,582 - INFO - Processing rows 3025 to 3050 for swaps, peptide RAKFKQLL, weight TCRa
2024-11-13 22:54:04,932 - INFO - Processing rows 3050 to 3075 for swaps, peptide RAKFKQLL, weight TCRa
2024-11-13 22:55:29,637 - INFO - Processing rows 3075 to 3100 for swaps, peptide RAKFKQLL, weight TCRa
2024-11-13 22:56:55,581 - INFO - Processing rows 3100 to 3125 for swaps, peptide RAKFKQLL, weight TCRa
2024-11-13 22:58:18,066 - INFO - Processing rows 3125 to 3150 for swaps, peptide RAKFKQLL, weight TCRa
2024-11-13 22:59:41,885 - INFO - Processing rows 3150 to 3175 for swaps, peptide RAKFKQLL, weight TCRa
2024-11-13 23:01:09,654 - INFO - Processing rows 3175 to 3200 for swaps, peptide RAKFKQLL, weight TCRa
2024-11-13 23:02:36,159 - INFO - Processing rows 3200 to 3225 for swaps, peptide RAKFKQLL, weight TCRa
2024-11-13 23:04:03,724 - INFO - Processing rows 3225 to 3250 for swaps, peptide RAKFKQLL, weight TCRa
2024-11-13 23:05:31,814 - INFO - Processing rows 3250 to 3275 for swaps, peptide RAKFKQLL, weight TCRa
2024-11-13 23:06:58,081 - INFO - Processing rows 3275 to 3300 for swaps, peptide RAKFKQLL, weight TCRa
2024-11-13 23:08:28,598 - INFO - Processing rows 3300 to 3325 for swaps, peptide RAKFKQLL, weight TCRa
2024-11-13 23:09:59,440 - INFO - Processing rows 3325 to 3350 for swaps, peptide RAKFKQLL, weight TCRa
2024-11-13 23:11:28,374 - INFO - Processing rows 3350 to 3375 for swaps, peptide RAKFKQLL, weight TCRa
2024-11-13 23:12:57,972 - INFO - Processing rows 3375 to 3400 for swaps, peptide RAKFKQLL, weight TCRa
2024-11-13 23:14:29,324 - INFO - Processing rows 3400 to 3425 for swaps, peptide RAKFKQLL, weight TCRa
2024-11-13 23:16:00,339 - INFO - Processing rows 3425 to 3450 for swaps, peptide RAKFKQLL, weight TCRa
2024-11-13 23:17:30,098 - INFO - Processing rows 3450 to 3475 for swaps, peptide RAKFKQLL, weight TCRa
2024-11-13 23:18:59,522 - INFO - Processing rows 3475 to 3500 for swaps, peptide RAKFKQLL, weight TCRa
2024-11-13 23:20:26,933 - INFO - Processing rows 3500 to 3525 for swaps, peptide RAKFKQLL, weight TCRa
2024-11-13 23:21:56,633 - INFO - Processing rows 3525 to 3550 for swaps, peptide RAKFKQLL, weight TCRa
2024-11-13 23:23:22,878 - INFO - Processing rows 3550 to 3575 for swaps, peptide RAKFKQLL, weight TCRa
2024-11-13 23:24:48,658 - INFO - Processing rows 3575 to 3600 for swaps, peptide RAKFKQLL, weight TCRa
2024-11-13 23:26:15,800 - INFO - Processing rows 3600 to 3625 for swaps, peptide RAKFKQLL, weight TCRa
2024-11-13 23:27:42,148 - INFO - Processing rows 3625 to 3650 for swaps, peptide RAKFKQLL, weight TCRa
2024-11-13 23:29:08,710 - INFO - Processing rows 3650 to 3675 for swaps, peptide RAKFKQLL, weight TCRa
2024-11-13 23:30:34,627 - INFO - Processing rows 3675 to 3700 for swaps, peptide RAKFKQLL, weight TCRa
2024-11-13 23:32:00,917 - INFO - Processing rows 3700 to 3725 for swaps, peptide RAKFKQLL, weight TCRa
2024-11-13 23:33:26,616 - INFO - Processing rows 3725 to 3750 for swaps, peptide RAKFKQLL, weight TCRa
2024-11-13 23:34:54,070 - INFO - Processing rows 3750 to 3775 for swaps, peptide RAKFKQLL, weight TCRa
2024-11-13 23:36:23,755 - INFO - Processing rows 3775 to 3800 for swaps, peptide RAKFKQLL, weight TCRa
2024-11-13 23:37:50,151 - INFO - Processing rows 3800 to 3825 for swaps, peptide RAKFKQLL, weight TCRa
2024-11-13 23:39:15,154 - INFO - Processing rows 3825 to 3850 for swaps, peptide RAKFKQLL, weight TCRa
2024-11-13 23:40:44,264 - INFO - Processing rows 3850 to 3875 for swaps, peptide RAKFKQLL, weight TCRa
2024-11-13 23:42:09,228 - INFO - Processing rows 3875 to 3900 for swaps, peptide RAKFKQLL, weight TCRa
2024-11-13 23:43:38,554 - INFO - Processing rows 3900 to 3925 for swaps, peptide RAKFKQLL, weight TCRa
2024-11-13 23:45:02,489 - INFO - Processing rows 3925 to 3950 for swaps, peptide RAKFKQLL, weight TCRa
2024-11-13 23:46:30,387 - INFO - Processing rows 3950 to 3975 for swaps, peptide RAKFKQLL, weight TCRa
2024-11-13 23:47:56,664 - INFO - Processing rows 3975 to 4000 for swaps, peptide RAKFKQLL, weight TCRa
2024-11-13 23:49:23,061 - INFO - Processing rows 4000 to 4025 for swaps, peptide RAKFKQLL, weight TCRa
2024-11-13 23:50:49,234 - INFO - Processing rows 4025 to 4050 for swaps, peptide RAKFKQLL, weight TCRa
2024-11-13 23:52:17,106 - INFO - Processing rows 4050 to 4075 for swaps, peptide RAKFKQLL, weight TCRa
2024-11-13 23:53:45,412 - INFO - Processing rows 4075 to 4100 for swaps, peptide RAKFKQLL, weight TCRa
2024-11-13 23:55:13,687 - INFO - Processing rows 4100 to 4125 for swaps, peptide RAKFKQLL, weight TCRa
2024-11-13 23:56:41,402 - INFO - Processing rows 4125 to 4150 for swaps, peptide RAKFKQLL, weight TCRa
2024-11-13 23:58:07,817 - INFO - Processing rows 4150 to 4175 for swaps, peptide RAKFKQLL, weight TCRa
2024-11-13 23:59:33,774 - INFO - Processing rows 4175 to 4200 for swaps, peptide RAKFKQLL, weight TCRa
2024-11-14 00:01:00,807 - INFO - Processing rows 4200 to 4225 for swaps, peptide RAKFKQLL, weight TCRa
2024-11-14 00:02:28,787 - INFO - Processing rows 4225 to 4250 for swaps, peptide RAKFKQLL, weight TCRa
2024-11-14 00:03:56,185 - INFO - Processing rows 4250 to 4275 for swaps, peptide RAKFKQLL, weight TCRa
2024-11-14 00:05:23,748 - INFO - Processing rows 4275 to 4300 for swaps, peptide RAKFKQLL, weight TCRa
2024-11-14 00:06:51,329 - INFO - Processing rows 4300 to 4325 for swaps, peptide RAKFKQLL, weight TCRa
2024-11-14 00:08:17,782 - INFO - Processing rows 4325 to 4350 for swaps, peptide RAKFKQLL, weight TCRa
2024-11-14 00:09:43,782 - INFO - Processing rows 4350 to 4375 for swaps, peptide RAKFKQLL, weight TCRa
2024-11-14 00:11:10,039 - INFO - Processing rows 4375 to 4400 for swaps, peptide RAKFKQLL, weight TCRa
2024-11-14 00:12:32,913 - INFO - Processing rows 4400 to 4425 for swaps, peptide RAKFKQLL, weight TCRa
2024-11-14 00:13:58,341 - INFO - Processing rows 4425 to 4450 for swaps, peptide RAKFKQLL, weight TCRa
2024-11-14 00:15:23,239 - INFO - Processing rows 4450 to 4475 for swaps, peptide RAKFKQLL, weight TCRa
2024-11-14 00:16:47,925 - INFO - Processing rows 4475 to 4500 for swaps, peptide RAKFKQLL, weight TCRa
2024-11-14 00:18:10,675 - INFO - Processing rows 4500 to 4525 for swaps, peptide RAKFKQLL, weight TCRa
2024-11-14 00:19:35,269 - INFO - Processing rows 4525 to 4550 for swaps, peptide RAKFKQLL, weight TCRa
2024-11-14 00:20:59,038 - INFO - Processing rows 4550 to 4575 for swaps, peptide RAKFKQLL, weight TCRa
2024-11-14 00:22:25,251 - INFO - Processing rows 4575 to 4600 for swaps, peptide RAKFKQLL, weight TCRa
2024-11-14 00:23:50,748 - INFO - Processing rows 4600 to 4625 for swaps, peptide RAKFKQLL, weight TCRa
2024-11-14 00:25:17,173 - INFO - Processing rows 4625 to 4650 for swaps, peptide RAKFKQLL, weight TCRa
2024-11-14 00:26:41,378 - INFO - Processing rows 4650 to 4675 for swaps, peptide RAKFKQLL, weight TCRa
2024-11-14 00:28:10,514 - INFO - Processing rows 4675 to 4700 for swaps, peptide RAKFKQLL, weight TCRa
2024-11-14 00:29:34,888 - INFO - Processing rows 4700 to 4725 for swaps, peptide RAKFKQLL, weight TCRa
2024-11-14 00:31:00,024 - INFO - Processing rows 4725 to 4750 for swaps, peptide RAKFKQLL, weight TCRa
2024-11-14 00:32:28,275 - INFO - Processing rows 4750 to 4775 for swaps, peptide RAKFKQLL, weight TCRa
2024-11-14 00:33:51,917 - INFO - Processing rows 4775 to 4800 for swaps, peptide RAKFKQLL, weight TCRa
2024-11-14 00:35:19,065 - INFO - Processing rows 4800 to 4825 for swaps, peptide RAKFKQLL, weight TCRa
2024-11-14 00:36:44,791 - INFO - Processing rows 4825 to 4850 for swaps, peptide RAKFKQLL, weight TCRa
2024-11-14 00:38:08,119 - INFO - Processing rows 4850 to 4875 for swaps, peptide RAKFKQLL, weight TCRa
2024-11-14 00:39:34,171 - INFO - Processing rows 4875 to 4900 for swaps, peptide RAKFKQLL, weight TCRa
2024-11-14 00:40:59,299 - INFO - Processing rows 4900 to 4925 for swaps, peptide RAKFKQLL, weight TCRa
2024-11-14 00:42:24,886 - INFO - Processing rows 4925 to 4950 for swaps, peptide RAKFKQLL, weight TCRa
2024-11-14 00:43:49,341 - INFO - Processing rows 4950 to 4975 for swaps, peptide RAKFKQLL, weight TCRa
2024-11-14 00:45:11,554 - INFO - Processing rows 4975 to 4980 for swaps, peptide RAKFKQLL, weight TCRa
Traceback (most recent call last):
  File "/net/mimer/mnt/tank/projects2/emison/language_model/27th_Oct_new_matrices/04.11_new_esm/12.11/run_esm_swaps.py", line 90, in <module>
    process_sequences(df_filtered, peptide, weight, "swaps")
  File "/net/mimer/mnt/tank/projects2/emison/language_model/27th_Oct_new_matrices/04.11_new_esm/12.11/run_esm_swaps.py", line 82, in process_sequences
    output_df.insert(0, "raw_index", raw_indexes)
  File "/home/projects2/emison/language_model/miniconda3/envs/esm2_emison/lib/python3.12/site-packages/pandas/core/frame.py", line 5171, in insert
    value, refs = self._sanitize_column(value)
                  ^^^^^^^^^^^^^^^^^^^^^^^^^^^^
  File "/home/projects2/emison/language_model/miniconda3/envs/esm2_emison/lib/python3.12/site-packages/pandas/core/frame.py", line 5266, in _sanitize_column
    com.require_length_match(value, self.index)
  File "/home/projects2/emison/language_model/miniconda3/envs/esm2_emison/lib/python3.12/site-packages/pandas/core/common.py", line 573, in require_length_match
    raise ValueError(
ValueError: Length of values (4980) does not match length of index (5)
