2024-11-14 07:55:14,145 - INFO - Loading and filtering dataset for peptide RAKFKQLL
2024-11-14 07:55:14,202 - INFO - Processing dataset for peptide RAKFKQLL with weight CDR1a
2024-11-14 07:55:14,204 - INFO - Processing rows 0 to 25 for binders, peptide RAKFKQLL, weight CDR1a
2024-11-14 07:55:18,864 - INFO - Processing rows 25 to 50 for binders, peptide RAKFKQLL, weight CDR1a
2024-11-14 07:55:23,651 - INFO - Processing rows 50 to 75 for binders, peptide RAKFKQLL, weight CDR1a
2024-11-14 07:55:27,826 - INFO - Processing rows 75 to 100 for binders, peptide RAKFKQLL, weight CDR1a
2024-11-14 07:55:32,626 - INFO - Processing rows 100 to 125 for binders, peptide RAKFKQLL, weight CDR1a
2024-11-14 07:55:37,320 - INFO - Processing rows 125 to 150 for binders, peptide RAKFKQLL, weight CDR1a
2024-11-14 07:55:42,102 - INFO - Processing rows 150 to 175 for binders, peptide RAKFKQLL, weight CDR1a
2024-11-14 07:55:46,806 - INFO - Processing rows 175 to 200 for binders, peptide RAKFKQLL, weight CDR1a
2024-11-14 07:55:51,491 - INFO - Processing rows 200 to 225 for binders, peptide RAKFKQLL, weight CDR1a
2024-11-14 07:55:56,277 - INFO - Processing rows 225 to 250 for binders, peptide RAKFKQLL, weight CDR1a
2024-11-14 07:56:00,975 - INFO - Processing rows 250 to 275 for binders, peptide RAKFKQLL, weight CDR1a
2024-11-14 07:56:05,675 - INFO - Processing rows 275 to 300 for binders, peptide RAKFKQLL, weight CDR1a
2024-11-14 07:56:10,377 - INFO - Processing rows 300 to 325 for binders, peptide RAKFKQLL, weight CDR1a
2024-11-14 07:56:15,085 - INFO - Processing rows 325 to 350 for binders, peptide RAKFKQLL, weight CDR1a
2024-11-14 07:56:19,869 - INFO - Processing rows 350 to 375 for binders, peptide RAKFKQLL, weight CDR1a
2024-11-14 07:56:24,575 - INFO - Processing rows 375 to 400 for binders, peptide RAKFKQLL, weight CDR1a
2024-11-14 07:56:29,205 - INFO - Processing rows 400 to 425 for binders, peptide RAKFKQLL, weight CDR1a
2024-11-14 07:56:33,853 - INFO - Processing rows 425 to 450 for binders, peptide RAKFKQLL, weight CDR1a
2024-11-14 07:56:38,558 - INFO - Processing rows 450 to 475 for binders, peptide RAKFKQLL, weight CDR1a
2024-11-14 07:56:43,255 - INFO - Processing rows 475 to 500 for binders, peptide RAKFKQLL, weight CDR1a
2024-11-14 07:56:47,948 - INFO - Processing rows 500 to 525 for binders, peptide RAKFKQLL, weight CDR1a
2024-11-14 07:56:52,644 - INFO - Processing rows 525 to 550 for binders, peptide RAKFKQLL, weight CDR1a
2024-11-14 07:56:57,349 - INFO - Processing rows 550 to 575 for binders, peptide RAKFKQLL, weight CDR1a
2024-11-14 07:57:02,043 - INFO - Processing rows 575 to 600 for binders, peptide RAKFKQLL, weight CDR1a
2024-11-14 07:57:06,746 - INFO - Processing rows 600 to 625 for binders, peptide RAKFKQLL, weight CDR1a
2024-11-14 07:57:11,443 - INFO - Processing rows 625 to 650 for binders, peptide RAKFKQLL, weight CDR1a
2024-11-14 07:57:16,143 - INFO - Processing rows 650 to 675 for binders, peptide RAKFKQLL, weight CDR1a
2024-11-14 07:57:20,778 - INFO - Processing rows 675 to 700 for binders, peptide RAKFKQLL, weight CDR1a
2024-11-14 07:57:25,385 - INFO - Processing rows 700 to 725 for binders, peptide RAKFKQLL, weight CDR1a
2024-11-14 07:57:29,977 - INFO - Processing rows 725 to 750 for binders, peptide RAKFKQLL, weight CDR1a
2024-11-14 07:57:34,583 - INFO - Processing rows 750 to 775 for binders, peptide RAKFKQLL, weight CDR1a
2024-11-14 07:57:39,184 - INFO - Processing rows 775 to 800 for binders, peptide RAKFKQLL, weight CDR1a
2024-11-14 07:57:43,768 - INFO - Processing rows 800 to 825 for binders, peptide RAKFKQLL, weight CDR1a
2024-11-14 07:57:48,389 - INFO - Processing rows 825 to 830 for binders, peptide RAKFKQLL, weight CDR1a
Traceback (most recent call last):
  File "/net/mimer/mnt/tank/projects2/emison/language_model/27th_Oct_new_matrices/04.11_new_esm/12.11/run_esm_binders.py", line 90, in <module>
    process_sequences(df_filtered, peptide, weight, "binders")
  File "/net/mimer/mnt/tank/projects2/emison/language_model/27th_Oct_new_matrices/04.11_new_esm/12.11/run_esm_binders.py", line 82, in process_sequences
    output_df.insert(0, "raw_index", raw_indexes)
  File "/home/projects2/emison/language_model/miniconda3/envs/esm2_emison/lib/python3.12/site-packages/pandas/core/frame.py", line 5171, in insert
    value, refs = self._sanitize_column(value)
                  ^^^^^^^^^^^^^^^^^^^^^^^^^^^^
  File "/home/projects2/emison/language_model/miniconda3/envs/esm2_emison/lib/python3.12/site-packages/pandas/core/frame.py", line 5266, in _sanitize_column
    com.require_length_match(value, self.index)
  File "/home/projects2/emison/language_model/miniconda3/envs/esm2_emison/lib/python3.12/site-packages/pandas/core/common.py", line 573, in require_length_match
    raise ValueError(
ValueError: Length of values (830) does not match length of index (5)
