2024-11-14 08:35:50,072 - INFO - Loading and filtering dataset for peptide RAKFKQLL
2024-11-14 08:35:50,542 - INFO - Processing dataset for peptide RAKFKQLL with weight CDR3a
2024-11-14 08:35:50,544 - INFO - Processing rows 0 to 25 for swaps, peptide RAKFKQLL, weight CDR3a
2024-11-14 08:36:00,123 - INFO - Processing rows 25 to 50 for swaps, peptide RAKFKQLL, weight CDR3a
2024-11-14 08:36:06,300 - INFO - Processing rows 50 to 75 for swaps, peptide RAKFKQLL, weight CDR3a
2024-11-14 08:36:12,060 - INFO - Processing rows 75 to 100 for swaps, peptide RAKFKQLL, weight CDR3a
2024-11-14 08:36:18,012 - INFO - Processing rows 100 to 125 for swaps, peptide RAKFKQLL, weight CDR3a
2024-11-14 08:36:24,098 - INFO - Processing rows 125 to 150 for swaps, peptide RAKFKQLL, weight CDR3a
2024-11-14 08:36:30,226 - INFO - Processing rows 150 to 175 for swaps, peptide RAKFKQLL, weight CDR3a
2024-11-14 08:36:35,956 - INFO - Processing rows 175 to 200 for swaps, peptide RAKFKQLL, weight CDR3a
2024-11-14 08:36:41,619 - INFO - Processing rows 200 to 225 for swaps, peptide RAKFKQLL, weight CDR3a
2024-11-14 08:36:47,138 - INFO - Processing rows 225 to 250 for swaps, peptide RAKFKQLL, weight CDR3a
2024-11-14 08:36:53,550 - INFO - Processing rows 250 to 275 for swaps, peptide RAKFKQLL, weight CDR3a
2024-11-14 08:36:59,600 - INFO - Processing rows 275 to 300 for swaps, peptide RAKFKQLL, weight CDR3a
2024-11-14 08:37:05,398 - INFO - Processing rows 300 to 325 for swaps, peptide RAKFKQLL, weight CDR3a
2024-11-14 08:37:12,791 - INFO - Processing rows 325 to 350 for swaps, peptide RAKFKQLL, weight CDR3a
2024-11-14 08:37:18,070 - INFO - Processing rows 350 to 375 for swaps, peptide RAKFKQLL, weight CDR3a
2024-11-14 08:37:23,710 - INFO - Processing rows 375 to 400 for swaps, peptide RAKFKQLL, weight CDR3a
2024-11-14 08:37:29,679 - INFO - Processing rows 400 to 425 for swaps, peptide RAKFKQLL, weight CDR3a
2024-11-14 08:37:36,477 - INFO - Processing rows 425 to 450 for swaps, peptide RAKFKQLL, weight CDR3a
2024-11-14 08:37:42,208 - INFO - Processing rows 450 to 475 for swaps, peptide RAKFKQLL, weight CDR3a
2024-11-14 08:37:48,442 - INFO - Processing rows 475 to 500 for swaps, peptide RAKFKQLL, weight CDR3a
2024-11-14 08:37:53,743 - INFO - Processing rows 500 to 525 for swaps, peptide RAKFKQLL, weight CDR3a
2024-11-14 08:37:59,428 - INFO - Processing rows 525 to 550 for swaps, peptide RAKFKQLL, weight CDR3a
2024-11-14 08:38:05,507 - INFO - Processing rows 550 to 575 for swaps, peptide RAKFKQLL, weight CDR3a
2024-11-14 08:38:11,962 - INFO - Processing rows 575 to 600 for swaps, peptide RAKFKQLL, weight CDR3a
2024-11-14 08:38:19,648 - INFO - Processing rows 600 to 625 for swaps, peptide RAKFKQLL, weight CDR3a
2024-11-14 08:38:26,719 - INFO - Processing rows 625 to 650 for swaps, peptide RAKFKQLL, weight CDR3a
2024-11-14 08:38:34,369 - INFO - Processing rows 650 to 675 for swaps, peptide RAKFKQLL, weight CDR3a
2024-11-14 08:38:41,604 - INFO - Processing rows 675 to 700 for swaps, peptide RAKFKQLL, weight CDR3a
2024-11-14 08:38:47,327 - INFO - Processing rows 700 to 725 for swaps, peptide RAKFKQLL, weight CDR3a
2024-11-14 08:38:53,658 - INFO - Processing rows 725 to 750 for swaps, peptide RAKFKQLL, weight CDR3a
2024-11-14 08:38:59,204 - INFO - Processing rows 750 to 775 for swaps, peptide RAKFKQLL, weight CDR3a
2024-11-14 08:39:04,349 - INFO - Processing rows 775 to 800 for swaps, peptide RAKFKQLL, weight CDR3a
2024-11-14 08:39:09,801 - INFO - Processing rows 800 to 825 for swaps, peptide RAKFKQLL, weight CDR3a
2024-11-14 08:39:15,495 - INFO - Processing rows 825 to 850 for swaps, peptide RAKFKQLL, weight CDR3a
2024-11-14 08:39:20,625 - INFO - Processing rows 850 to 875 for swaps, peptide RAKFKQLL, weight CDR3a
2024-11-14 08:39:26,369 - INFO - Processing rows 875 to 900 for swaps, peptide RAKFKQLL, weight CDR3a
2024-11-14 08:39:31,859 - INFO - Processing rows 900 to 925 for swaps, peptide RAKFKQLL, weight CDR3a
2024-11-14 08:39:37,362 - INFO - Processing rows 925 to 950 for swaps, peptide RAKFKQLL, weight CDR3a
2024-11-14 08:39:42,735 - INFO - Processing rows 950 to 975 for swaps, peptide RAKFKQLL, weight CDR3a
2024-11-14 08:39:48,143 - INFO - Processing rows 975 to 1000 for swaps, peptide RAKFKQLL, weight CDR3a
2024-11-14 08:39:53,481 - INFO - Processing rows 1000 to 1025 for swaps, peptide RAKFKQLL, weight CDR3a
2024-11-14 08:39:58,232 - INFO - Processing rows 1025 to 1050 for swaps, peptide RAKFKQLL, weight CDR3a
2024-11-14 08:40:03,524 - INFO - Processing rows 1050 to 1075 for swaps, peptide RAKFKQLL, weight CDR3a
2024-11-14 08:40:08,833 - INFO - Processing rows 1075 to 1100 for swaps, peptide RAKFKQLL, weight CDR3a
2024-11-14 08:40:13,873 - INFO - Processing rows 1100 to 1125 for swaps, peptide RAKFKQLL, weight CDR3a
2024-11-14 08:40:18,880 - INFO - Processing rows 1125 to 1150 for swaps, peptide RAKFKQLL, weight CDR3a
2024-11-14 08:40:25,258 - INFO - Processing rows 1150 to 1175 for swaps, peptide RAKFKQLL, weight CDR3a
2024-11-14 08:40:31,561 - INFO - Processing rows 1175 to 1200 for swaps, peptide RAKFKQLL, weight CDR3a
2024-11-14 08:40:36,523 - INFO - Processing rows 1200 to 1225 for swaps, peptide RAKFKQLL, weight CDR3a
2024-11-14 08:40:42,235 - INFO - Processing rows 1225 to 1250 for swaps, peptide RAKFKQLL, weight CDR3a
2024-11-14 08:40:47,648 - INFO - Processing rows 1250 to 1275 for swaps, peptide RAKFKQLL, weight CDR3a
2024-11-14 08:40:53,166 - INFO - Processing rows 1275 to 1300 for swaps, peptide RAKFKQLL, weight CDR3a
2024-11-14 08:40:58,974 - INFO - Processing rows 1300 to 1325 for swaps, peptide RAKFKQLL, weight CDR3a
2024-11-14 08:41:06,132 - INFO - Processing rows 1325 to 1350 for swaps, peptide RAKFKQLL, weight CDR3a
2024-11-14 08:41:12,668 - INFO - Processing rows 1350 to 1375 for swaps, peptide RAKFKQLL, weight CDR3a
2024-11-14 08:41:18,362 - INFO - Processing rows 1375 to 1400 for swaps, peptide RAKFKQLL, weight CDR3a
2024-11-14 08:41:24,970 - INFO - Processing rows 1400 to 1425 for swaps, peptide RAKFKQLL, weight CDR3a
2024-11-14 08:41:30,980 - INFO - Processing rows 1425 to 1450 for swaps, peptide RAKFKQLL, weight CDR3a
2024-11-14 08:41:36,749 - INFO - Processing rows 1450 to 1475 for swaps, peptide RAKFKQLL, weight CDR3a
2024-11-14 08:41:42,179 - INFO - Processing rows 1475 to 1500 for swaps, peptide RAKFKQLL, weight CDR3a
2024-11-14 08:41:47,131 - INFO - Processing rows 1500 to 1525 for swaps, peptide RAKFKQLL, weight CDR3a
2024-11-14 08:41:52,007 - INFO - Processing rows 1525 to 1550 for swaps, peptide RAKFKQLL, weight CDR3a
2024-11-14 08:41:56,975 - INFO - Processing rows 1550 to 1575 for swaps, peptide RAKFKQLL, weight CDR3a
2024-11-14 08:42:02,091 - INFO - Processing rows 1575 to 1600 for swaps, peptide RAKFKQLL, weight CDR3a
2024-11-14 08:42:07,054 - INFO - Processing rows 1600 to 1625 for swaps, peptide RAKFKQLL, weight CDR3a
2024-11-14 08:42:12,354 - INFO - Processing rows 1625 to 1650 for swaps, peptide RAKFKQLL, weight CDR3a
2024-11-14 08:42:17,626 - INFO - Processing rows 1650 to 1675 for swaps, peptide RAKFKQLL, weight CDR3a
2024-11-14 08:42:24,251 - INFO - Processing rows 1675 to 1700 for swaps, peptide RAKFKQLL, weight CDR3a
2024-11-14 08:42:31,000 - INFO - Processing rows 1700 to 1725 for swaps, peptide RAKFKQLL, weight CDR3a
2024-11-14 08:42:36,948 - INFO - Processing rows 1725 to 1750 for swaps, peptide RAKFKQLL, weight CDR3a
2024-11-14 08:42:42,361 - INFO - Processing rows 1750 to 1775 for swaps, peptide RAKFKQLL, weight CDR3a
2024-11-14 08:42:48,293 - INFO - Processing rows 1775 to 1800 for swaps, peptide RAKFKQLL, weight CDR3a
2024-11-14 08:42:53,629 - INFO - Processing rows 1800 to 1825 for swaps, peptide RAKFKQLL, weight CDR3a
2024-11-14 08:43:00,140 - INFO - Processing rows 1825 to 1850 for swaps, peptide RAKFKQLL, weight CDR3a
2024-11-14 08:43:08,551 - INFO - Processing rows 1850 to 1875 for swaps, peptide RAKFKQLL, weight CDR3a
2024-11-14 08:43:18,208 - INFO - Processing rows 1875 to 1900 for swaps, peptide RAKFKQLL, weight CDR3a
2024-11-14 08:43:24,157 - INFO - Processing rows 1900 to 1925 for swaps, peptide RAKFKQLL, weight CDR3a
2024-11-14 08:43:29,876 - INFO - Processing rows 1925 to 1950 for swaps, peptide RAKFKQLL, weight CDR3a
2024-11-14 08:43:35,339 - INFO - Processing rows 1950 to 1975 for swaps, peptide RAKFKQLL, weight CDR3a
2024-11-14 08:43:41,200 - INFO - Processing rows 1975 to 2000 for swaps, peptide RAKFKQLL, weight CDR3a
2024-11-14 08:43:46,381 - INFO - Processing rows 2000 to 2025 for swaps, peptide RAKFKQLL, weight CDR3a
2024-11-14 08:43:53,585 - INFO - Processing rows 2025 to 2050 for swaps, peptide RAKFKQLL, weight CDR3a
2024-11-14 08:43:59,738 - INFO - Processing rows 2050 to 2075 for swaps, peptide RAKFKQLL, weight CDR3a
2024-11-14 08:44:06,014 - INFO - Processing rows 2075 to 2100 for swaps, peptide RAKFKQLL, weight CDR3a
2024-11-14 08:44:11,619 - INFO - Processing rows 2100 to 2125 for swaps, peptide RAKFKQLL, weight CDR3a
2024-11-14 08:44:17,299 - INFO - Processing rows 2125 to 2150 for swaps, peptide RAKFKQLL, weight CDR3a
2024-11-14 08:44:23,313 - INFO - Processing rows 2150 to 2175 for swaps, peptide RAKFKQLL, weight CDR3a
2024-11-14 08:44:29,345 - INFO - Processing rows 2175 to 2200 for swaps, peptide RAKFKQLL, weight CDR3a
2024-11-14 08:44:36,424 - INFO - Processing rows 2200 to 2225 for swaps, peptide RAKFKQLL, weight CDR3a
2024-11-14 08:44:43,247 - INFO - Processing rows 2225 to 2250 for swaps, peptide RAKFKQLL, weight CDR3a
2024-11-14 08:44:48,960 - INFO - Processing rows 2250 to 2275 for swaps, peptide RAKFKQLL, weight CDR3a
2024-11-14 08:44:54,381 - INFO - Processing rows 2275 to 2300 for swaps, peptide RAKFKQLL, weight CDR3a
2024-11-14 08:45:00,549 - INFO - Processing rows 2300 to 2325 for swaps, peptide RAKFKQLL, weight CDR3a
2024-11-14 08:45:06,387 - INFO - Processing rows 2325 to 2350 for swaps, peptide RAKFKQLL, weight CDR3a
2024-11-14 08:45:12,972 - INFO - Processing rows 2350 to 2375 for swaps, peptide RAKFKQLL, weight CDR3a
2024-11-14 08:45:19,909 - INFO - Processing rows 2375 to 2400 for swaps, peptide RAKFKQLL, weight CDR3a
2024-11-14 08:45:26,144 - INFO - Processing rows 2400 to 2425 for swaps, peptide RAKFKQLL, weight CDR3a
2024-11-14 08:45:31,563 - INFO - Processing rows 2425 to 2450 for swaps, peptide RAKFKQLL, weight CDR3a
2024-11-14 08:45:37,697 - INFO - Processing rows 2450 to 2475 for swaps, peptide RAKFKQLL, weight CDR3a
2024-11-14 08:45:44,905 - INFO - Processing rows 2475 to 2500 for swaps, peptide RAKFKQLL, weight CDR3a
2024-11-14 08:45:50,618 - INFO - Processing rows 2500 to 2525 for swaps, peptide RAKFKQLL, weight CDR3a
2024-11-14 08:45:56,863 - INFO - Processing rows 2525 to 2550 for swaps, peptide RAKFKQLL, weight CDR3a
2024-11-14 08:46:02,549 - INFO - Processing rows 2550 to 2575 for swaps, peptide RAKFKQLL, weight CDR3a
2024-11-14 08:46:08,228 - INFO - Processing rows 2575 to 2600 for swaps, peptide RAKFKQLL, weight CDR3a
2024-11-14 08:46:13,777 - INFO - Processing rows 2600 to 2625 for swaps, peptide RAKFKQLL, weight CDR3a
2024-11-14 08:46:19,457 - INFO - Processing rows 2625 to 2650 for swaps, peptide RAKFKQLL, weight CDR3a
2024-11-14 08:46:24,916 - INFO - Processing rows 2650 to 2675 for swaps, peptide RAKFKQLL, weight CDR3a
2024-11-14 08:46:30,714 - INFO - Processing rows 2675 to 2700 for swaps, peptide RAKFKQLL, weight CDR3a
2024-11-14 08:46:36,290 - INFO - Processing rows 2700 to 2725 for swaps, peptide RAKFKQLL, weight CDR3a
2024-11-14 08:46:43,648 - INFO - Processing rows 2725 to 2750 for swaps, peptide RAKFKQLL, weight CDR3a
2024-11-14 08:46:51,022 - INFO - Processing rows 2750 to 2775 for swaps, peptide RAKFKQLL, weight CDR3a
2024-11-14 08:46:58,475 - INFO - Processing rows 2775 to 2800 for swaps, peptide RAKFKQLL, weight CDR3a
2024-11-14 08:47:04,572 - INFO - Processing rows 2800 to 2825 for swaps, peptide RAKFKQLL, weight CDR3a
2024-11-14 08:47:12,350 - INFO - Processing rows 2825 to 2850 for swaps, peptide RAKFKQLL, weight CDR3a
2024-11-14 08:47:18,906 - INFO - Processing rows 2850 to 2875 for swaps, peptide RAKFKQLL, weight CDR3a
2024-11-14 08:47:24,927 - INFO - Processing rows 2875 to 2900 for swaps, peptide RAKFKQLL, weight CDR3a
2024-11-14 08:47:31,766 - INFO - Processing rows 2900 to 2925 for swaps, peptide RAKFKQLL, weight CDR3a
2024-11-14 08:47:38,103 - INFO - Processing rows 2925 to 2950 for swaps, peptide RAKFKQLL, weight CDR3a
2024-11-14 08:47:45,077 - INFO - Processing rows 2950 to 2975 for swaps, peptide RAKFKQLL, weight CDR3a
2024-11-14 08:47:51,601 - INFO - Processing rows 2975 to 3000 for swaps, peptide RAKFKQLL, weight CDR3a
2024-11-14 08:47:57,792 - INFO - Processing rows 3000 to 3025 for swaps, peptide RAKFKQLL, weight CDR3a
2024-11-14 08:48:04,130 - INFO - Processing rows 3025 to 3050 for swaps, peptide RAKFKQLL, weight CDR3a
2024-11-14 08:48:10,788 - INFO - Processing rows 3050 to 3075 for swaps, peptide RAKFKQLL, weight CDR3a
2024-11-14 08:48:17,198 - INFO - Processing rows 3075 to 3100 for swaps, peptide RAKFKQLL, weight CDR3a
2024-11-14 08:48:24,488 - INFO - Processing rows 3100 to 3125 for swaps, peptide RAKFKQLL, weight CDR3a
2024-11-14 08:48:30,776 - INFO - Processing rows 3125 to 3150 for swaps, peptide RAKFKQLL, weight CDR3a
2024-11-14 08:48:37,739 - INFO - Processing rows 3150 to 3175 for swaps, peptide RAKFKQLL, weight CDR3a
2024-11-14 08:48:44,062 - INFO - Processing rows 3175 to 3200 for swaps, peptide RAKFKQLL, weight CDR3a
2024-11-14 08:48:54,972 - INFO - Processing rows 3200 to 3225 for swaps, peptide RAKFKQLL, weight CDR3a
2024-11-14 08:49:01,845 - INFO - Processing rows 3225 to 3250 for swaps, peptide RAKFKQLL, weight CDR3a
2024-11-14 08:49:07,672 - INFO - Processing rows 3250 to 3275 for swaps, peptide RAKFKQLL, weight CDR3a
2024-11-14 08:49:13,748 - INFO - Processing rows 3275 to 3300 for swaps, peptide RAKFKQLL, weight CDR3a
2024-11-14 08:49:21,215 - INFO - Processing rows 3300 to 3325 for swaps, peptide RAKFKQLL, weight CDR3a
2024-11-14 08:49:30,426 - INFO - Processing rows 3325 to 3350 for swaps, peptide RAKFKQLL, weight CDR3a
2024-11-14 08:49:36,320 - INFO - Processing rows 3350 to 3375 for swaps, peptide RAKFKQLL, weight CDR3a
2024-11-14 08:49:42,269 - INFO - Processing rows 3375 to 3400 for swaps, peptide RAKFKQLL, weight CDR3a
2024-11-14 08:49:48,123 - INFO - Processing rows 3400 to 3425 for swaps, peptide RAKFKQLL, weight CDR3a
2024-11-14 08:49:54,615 - INFO - Processing rows 3425 to 3450 for swaps, peptide RAKFKQLL, weight CDR3a
2024-11-14 08:49:59,952 - INFO - Processing rows 3450 to 3475 for swaps, peptide RAKFKQLL, weight CDR3a
2024-11-14 08:50:06,616 - INFO - Processing rows 3475 to 3500 for swaps, peptide RAKFKQLL, weight CDR3a
2024-11-14 08:50:13,248 - INFO - Processing rows 3500 to 3525 for swaps, peptide RAKFKQLL, weight CDR3a
2024-11-14 08:50:19,324 - INFO - Processing rows 3525 to 3550 for swaps, peptide RAKFKQLL, weight CDR3a
2024-11-14 08:50:24,861 - INFO - Processing rows 3550 to 3575 for swaps, peptide RAKFKQLL, weight CDR3a
2024-11-14 08:50:30,270 - INFO - Processing rows 3575 to 3600 for swaps, peptide RAKFKQLL, weight CDR3a
2024-11-14 08:50:37,265 - INFO - Processing rows 3600 to 3625 for swaps, peptide RAKFKQLL, weight CDR3a
2024-11-14 08:50:42,585 - INFO - Processing rows 3625 to 3650 for swaps, peptide RAKFKQLL, weight CDR3a
2024-11-14 08:50:48,085 - INFO - Processing rows 3650 to 3675 for swaps, peptide RAKFKQLL, weight CDR3a
2024-11-14 08:50:53,307 - INFO - Processing rows 3675 to 3700 for swaps, peptide RAKFKQLL, weight CDR3a
2024-11-14 08:50:58,812 - INFO - Processing rows 3700 to 3725 for swaps, peptide RAKFKQLL, weight CDR3a
2024-11-14 08:51:04,977 - INFO - Processing rows 3725 to 3750 for swaps, peptide RAKFKQLL, weight CDR3a
2024-11-14 08:51:10,663 - INFO - Processing rows 3750 to 3775 for swaps, peptide RAKFKQLL, weight CDR3a
2024-11-14 08:51:15,538 - INFO - Processing rows 3775 to 3800 for swaps, peptide RAKFKQLL, weight CDR3a
2024-11-14 08:51:21,574 - INFO - Processing rows 3800 to 3825 for swaps, peptide RAKFKQLL, weight CDR3a
2024-11-14 08:51:28,241 - INFO - Processing rows 3825 to 3850 for swaps, peptide RAKFKQLL, weight CDR3a
2024-11-14 08:51:35,017 - INFO - Processing rows 3850 to 3875 for swaps, peptide RAKFKQLL, weight CDR3a
2024-11-14 08:51:40,679 - INFO - Processing rows 3875 to 3900 for swaps, peptide RAKFKQLL, weight CDR3a
2024-11-14 08:51:46,614 - INFO - Processing rows 3900 to 3925 for swaps, peptide RAKFKQLL, weight CDR3a
2024-11-14 08:51:51,435 - INFO - Processing rows 3925 to 3950 for swaps, peptide RAKFKQLL, weight CDR3a
2024-11-14 08:51:56,504 - INFO - Processing rows 3950 to 3975 for swaps, peptide RAKFKQLL, weight CDR3a
2024-11-14 08:52:01,872 - INFO - Processing rows 3975 to 4000 for swaps, peptide RAKFKQLL, weight CDR3a
2024-11-14 08:52:06,905 - INFO - Processing rows 4000 to 4025 for swaps, peptide RAKFKQLL, weight CDR3a
2024-11-14 08:52:12,247 - INFO - Processing rows 4025 to 4050 for swaps, peptide RAKFKQLL, weight CDR3a
2024-11-14 08:52:18,237 - INFO - Processing rows 4050 to 4075 for swaps, peptide RAKFKQLL, weight CDR3a
2024-11-14 08:52:22,996 - INFO - Processing rows 4075 to 4100 for swaps, peptide RAKFKQLL, weight CDR3a
2024-11-14 08:52:29,092 - INFO - Processing rows 4100 to 4125 for swaps, peptide RAKFKQLL, weight CDR3a
2024-11-14 08:52:34,945 - INFO - Processing rows 4125 to 4150 for swaps, peptide RAKFKQLL, weight CDR3a
2024-11-14 08:52:39,946 - INFO - Processing rows 4150 to 4175 for swaps, peptide RAKFKQLL, weight CDR3a
2024-11-14 08:52:45,724 - INFO - Processing rows 4175 to 4200 for swaps, peptide RAKFKQLL, weight CDR3a
2024-11-14 08:52:50,486 - INFO - Processing rows 4200 to 4225 for swaps, peptide RAKFKQLL, weight CDR3a
2024-11-14 08:52:55,295 - INFO - Processing rows 4225 to 4250 for swaps, peptide RAKFKQLL, weight CDR3a
2024-11-14 08:53:00,810 - INFO - Processing rows 4250 to 4275 for swaps, peptide RAKFKQLL, weight CDR3a
2024-11-14 08:53:06,176 - INFO - Processing rows 4275 to 4300 for swaps, peptide RAKFKQLL, weight CDR3a
2024-11-14 08:53:11,088 - INFO - Processing rows 4300 to 4325 for swaps, peptide RAKFKQLL, weight CDR3a
2024-11-14 08:53:15,516 - INFO - Processing rows 4325 to 4350 for swaps, peptide RAKFKQLL, weight CDR3a
2024-11-14 08:53:20,817 - INFO - Processing rows 4350 to 4375 for swaps, peptide RAKFKQLL, weight CDR3a
2024-11-14 08:53:25,284 - INFO - Processing rows 4375 to 4400 for swaps, peptide RAKFKQLL, weight CDR3a
2024-11-14 08:53:29,553 - INFO - Processing rows 4400 to 4425 for swaps, peptide RAKFKQLL, weight CDR3a
2024-11-14 08:53:35,184 - INFO - Processing rows 4425 to 4450 for swaps, peptide RAKFKQLL, weight CDR3a
2024-11-14 08:53:39,688 - INFO - Processing rows 4450 to 4475 for swaps, peptide RAKFKQLL, weight CDR3a
2024-11-14 08:53:45,140 - INFO - Processing rows 4475 to 4500 for swaps, peptide RAKFKQLL, weight CDR3a
2024-11-14 08:53:49,584 - INFO - Processing rows 4500 to 4525 for swaps, peptide RAKFKQLL, weight CDR3a
2024-11-14 08:53:55,505 - INFO - Processing rows 4525 to 4550 for swaps, peptide RAKFKQLL, weight CDR3a
2024-11-14 08:54:00,491 - INFO - Processing rows 4550 to 4575 for swaps, peptide RAKFKQLL, weight CDR3a
2024-11-14 08:54:05,779 - INFO - Processing rows 4575 to 4600 for swaps, peptide RAKFKQLL, weight CDR3a
2024-11-14 08:54:10,985 - INFO - Processing rows 4600 to 4625 for swaps, peptide RAKFKQLL, weight CDR3a
2024-11-14 08:54:16,869 - INFO - Processing rows 4625 to 4650 for swaps, peptide RAKFKQLL, weight CDR3a
2024-11-14 08:54:21,740 - INFO - Processing rows 4650 to 4675 for swaps, peptide RAKFKQLL, weight CDR3a
2024-11-14 08:54:26,571 - INFO - Processing rows 4675 to 4700 for swaps, peptide RAKFKQLL, weight CDR3a
2024-11-14 08:54:31,426 - INFO - Processing rows 4700 to 4725 for swaps, peptide RAKFKQLL, weight CDR3a
2024-11-14 08:54:37,174 - INFO - Processing rows 4725 to 4750 for swaps, peptide RAKFKQLL, weight CDR3a
2024-11-14 08:54:42,376 - INFO - Processing rows 4750 to 4775 for swaps, peptide RAKFKQLL, weight CDR3a
2024-11-14 08:54:47,022 - INFO - Processing rows 4775 to 4800 for swaps, peptide RAKFKQLL, weight CDR3a
2024-11-14 08:54:51,614 - INFO - Processing rows 4800 to 4825 for swaps, peptide RAKFKQLL, weight CDR3a
2024-11-14 08:54:56,627 - INFO - Processing rows 4825 to 4850 for swaps, peptide RAKFKQLL, weight CDR3a
2024-11-14 08:55:01,012 - INFO - Processing rows 4850 to 4875 for swaps, peptide RAKFKQLL, weight CDR3a
2024-11-14 08:55:05,842 - INFO - Processing rows 4875 to 4900 for swaps, peptide RAKFKQLL, weight CDR3a
2024-11-14 08:55:10,420 - INFO - Processing rows 4900 to 4925 for swaps, peptide RAKFKQLL, weight CDR3a
2024-11-14 08:55:15,650 - INFO - Processing rows 4925 to 4950 for swaps, peptide RAKFKQLL, weight CDR3a
2024-11-14 08:55:20,454 - INFO - Processing rows 4950 to 4975 for swaps, peptide RAKFKQLL, weight CDR3a
2024-11-14 08:55:24,882 - INFO - Processing rows 4975 to 4980 for swaps, peptide RAKFKQLL, weight CDR3a
2024-11-14 08:55:25,976 - INFO - ESM finished.. Saving file...
2024-11-14 09:03:12,763 - INFO - Saved to /net/mimer/mnt/tank/projects2/emison/language_model/27th_Oct_new_matrices/04.11_new_esm/12.11/sequence_summed_vectors_swaps_RAKFKQLL_CDR3a.csv
