2024-11-14 07:57:44,904 - INFO - Loading and filtering dataset for peptide RAKFKQLL
2024-11-14 07:57:44,962 - INFO - Processing dataset for peptide RAKFKQLL with weight CDR2a
2024-11-14 07:57:44,964 - INFO - Processing rows 0 to 25 for binders, peptide RAKFKQLL, weight CDR2a
2024-11-14 07:57:50,352 - INFO - Processing rows 25 to 50 for binders, peptide RAKFKQLL, weight CDR2a
2024-11-14 07:57:56,052 - INFO - Processing rows 50 to 75 for binders, peptide RAKFKQLL, weight CDR2a
2024-11-14 07:58:01,347 - INFO - Processing rows 75 to 100 for binders, peptide RAKFKQLL, weight CDR2a
2024-11-14 07:58:06,616 - INFO - Processing rows 100 to 125 for binders, peptide RAKFKQLL, weight CDR2a
2024-11-14 07:58:11,976 - INFO - Processing rows 125 to 150 for binders, peptide RAKFKQLL, weight CDR2a
2024-11-14 07:58:17,199 - INFO - Processing rows 150 to 175 for binders, peptide RAKFKQLL, weight CDR2a
2024-11-14 07:58:22,417 - INFO - Processing rows 175 to 200 for binders, peptide RAKFKQLL, weight CDR2a
2024-11-14 07:58:27,717 - INFO - Processing rows 200 to 225 for binders, peptide RAKFKQLL, weight CDR2a
2024-11-14 07:58:33,040 - INFO - Processing rows 225 to 250 for binders, peptide RAKFKQLL, weight CDR2a
2024-11-14 07:58:38,355 - INFO - Processing rows 250 to 275 for binders, peptide RAKFKQLL, weight CDR2a
2024-11-14 07:58:43,531 - INFO - Processing rows 275 to 300 for binders, peptide RAKFKQLL, weight CDR2a
2024-11-14 07:58:48,725 - INFO - Processing rows 300 to 325 for binders, peptide RAKFKQLL, weight CDR2a
2024-11-14 07:58:53,917 - INFO - Processing rows 325 to 350 for binders, peptide RAKFKQLL, weight CDR2a
2024-11-14 07:58:59,035 - INFO - Processing rows 350 to 375 for binders, peptide RAKFKQLL, weight CDR2a
2024-11-14 07:59:04,249 - INFO - Processing rows 375 to 400 for binders, peptide RAKFKQLL, weight CDR2a
2024-11-14 07:59:09,514 - INFO - Processing rows 400 to 425 for binders, peptide RAKFKQLL, weight CDR2a
2024-11-14 07:59:14,731 - INFO - Processing rows 425 to 450 for binders, peptide RAKFKQLL, weight CDR2a
2024-11-14 07:59:19,906 - INFO - Processing rows 450 to 475 for binders, peptide RAKFKQLL, weight CDR2a
2024-11-14 07:59:25,023 - INFO - Processing rows 475 to 500 for binders, peptide RAKFKQLL, weight CDR2a
2024-11-14 07:59:30,153 - INFO - Processing rows 500 to 525 for binders, peptide RAKFKQLL, weight CDR2a
2024-11-14 07:59:35,277 - INFO - Processing rows 525 to 550 for binders, peptide RAKFKQLL, weight CDR2a
2024-11-14 07:59:39,958 - INFO - Processing rows 550 to 575 for binders, peptide RAKFKQLL, weight CDR2a
2024-11-14 07:59:45,079 - INFO - Processing rows 575 to 600 for binders, peptide RAKFKQLL, weight CDR2a
2024-11-14 07:59:50,204 - INFO - Processing rows 600 to 625 for binders, peptide RAKFKQLL, weight CDR2a
2024-11-14 07:59:55,451 - INFO - Processing rows 625 to 650 for binders, peptide RAKFKQLL, weight CDR2a
2024-11-14 08:00:00,575 - INFO - Processing rows 650 to 675 for binders, peptide RAKFKQLL, weight CDR2a
2024-11-14 08:00:05,968 - INFO - Processing rows 675 to 700 for binders, peptide RAKFKQLL, weight CDR2a
2024-11-14 08:00:11,327 - INFO - Processing rows 700 to 725 for binders, peptide RAKFKQLL, weight CDR2a
2024-11-14 08:00:16,512 - INFO - Processing rows 725 to 750 for binders, peptide RAKFKQLL, weight CDR2a
2024-11-14 08:00:21,684 - INFO - Processing rows 750 to 775 for binders, peptide RAKFKQLL, weight CDR2a
2024-11-14 08:00:26,785 - INFO - Processing rows 775 to 800 for binders, peptide RAKFKQLL, weight CDR2a
2024-11-14 08:00:31,959 - INFO - Processing rows 800 to 825 for binders, peptide RAKFKQLL, weight CDR2a
2024-11-14 08:00:37,229 - INFO - Processing rows 825 to 830 for binders, peptide RAKFKQLL, weight CDR2a
2024-11-14 08:00:38,614 - INFO - ESM finished - Saving file...
Traceback (most recent call last):
  File "/net/mimer/mnt/tank/projects2/emison/language_model/27th_Oct_new_matrices/04.11_new_esm/12.11/run_esm_binders.py", line 90, in <module>
    process_sequences(df_filtered, peptide, weight, "binders")
  File "/net/mimer/mnt/tank/projects2/emison/language_model/27th_Oct_new_matrices/04.11_new_esm/12.11/run_esm_binders.py", line 82, in process_sequences
    output_df.insert(0, "raw_index", raw_indexes)
  File "/home/projects2/emison/language_model/miniconda3/envs/esm2_emison/lib/python3.12/site-packages/pandas/core/frame.py", line 5171, in insert
    value, refs = self._sanitize_column(value)
                  ^^^^^^^^^^^^^^^^^^^^^^^^^^^^
  File "/home/projects2/emison/language_model/miniconda3/envs/esm2_emison/lib/python3.12/site-packages/pandas/core/frame.py", line 5266, in _sanitize_column
    com.require_length_match(value, self.index)
  File "/home/projects2/emison/language_model/miniconda3/envs/esm2_emison/lib/python3.12/site-packages/pandas/core/common.py", line 573, in require_length_match
    raise ValueError(
ValueError: Length of values (830) does not match length of index (5)
