2024-11-13 19:28:50,477 - INFO - Loading and filtering dataset for peptide RAKFKQLL
2024-11-13 19:28:51,130 - INFO - Processing dataset for peptide RAKFKQLL with weight CDR2b
2024-11-13 19:28:51,132 - INFO - Processing rows 0 to 25 for swaps, peptide RAKFKQLL, weight CDR2b
2024-11-13 19:28:59,789 - INFO - Processing rows 25 to 50 for swaps, peptide RAKFKQLL, weight CDR2b
2024-11-13 19:29:08,519 - INFO - Processing rows 50 to 75 for swaps, peptide RAKFKQLL, weight CDR2b
2024-11-13 19:29:17,311 - INFO - Processing rows 75 to 100 for swaps, peptide RAKFKQLL, weight CDR2b
2024-11-13 19:29:26,085 - INFO - Processing rows 100 to 125 for swaps, peptide RAKFKQLL, weight CDR2b
2024-11-13 19:29:34,898 - INFO - Processing rows 125 to 150 for swaps, peptide RAKFKQLL, weight CDR2b
2024-11-13 19:29:43,639 - INFO - Processing rows 150 to 175 for swaps, peptide RAKFKQLL, weight CDR2b
2024-11-13 19:29:52,373 - INFO - Processing rows 175 to 200 for swaps, peptide RAKFKQLL, weight CDR2b
2024-11-13 19:30:01,135 - INFO - Processing rows 200 to 225 for swaps, peptide RAKFKQLL, weight CDR2b
2024-11-13 19:30:09,814 - INFO - Processing rows 225 to 250 for swaps, peptide RAKFKQLL, weight CDR2b
2024-11-13 19:30:18,505 - INFO - Processing rows 250 to 275 for swaps, peptide RAKFKQLL, weight CDR2b
2024-11-13 19:30:27,088 - INFO - Processing rows 275 to 300 for swaps, peptide RAKFKQLL, weight CDR2b
2024-11-13 19:30:35,670 - INFO - Processing rows 300 to 325 for swaps, peptide RAKFKQLL, weight CDR2b
2024-11-13 19:30:44,257 - INFO - Processing rows 325 to 350 for swaps, peptide RAKFKQLL, weight CDR2b
2024-11-13 19:30:52,841 - INFO - Processing rows 350 to 375 for swaps, peptide RAKFKQLL, weight CDR2b
2024-11-13 19:31:01,434 - INFO - Processing rows 375 to 400 for swaps, peptide RAKFKQLL, weight CDR2b
2024-11-13 19:31:10,032 - INFO - Processing rows 400 to 425 for swaps, peptide RAKFKQLL, weight CDR2b
2024-11-13 19:31:18,623 - INFO - Processing rows 425 to 450 for swaps, peptide RAKFKQLL, weight CDR2b
2024-11-13 19:31:27,281 - INFO - Processing rows 450 to 475 for swaps, peptide RAKFKQLL, weight CDR2b
2024-11-13 19:31:35,982 - INFO - Processing rows 475 to 500 for swaps, peptide RAKFKQLL, weight CDR2b
2024-11-13 19:31:44,683 - INFO - Processing rows 500 to 525 for swaps, peptide RAKFKQLL, weight CDR2b
2024-11-13 19:31:53,467 - INFO - Processing rows 525 to 550 for swaps, peptide RAKFKQLL, weight CDR2b
2024-11-13 19:32:02,152 - INFO - Processing rows 550 to 575 for swaps, peptide RAKFKQLL, weight CDR2b
2024-11-13 19:32:10,826 - INFO - Processing rows 575 to 600 for swaps, peptide RAKFKQLL, weight CDR2b
2024-11-13 19:32:19,597 - INFO - Processing rows 600 to 625 for swaps, peptide RAKFKQLL, weight CDR2b
2024-11-13 19:32:28,276 - INFO - Processing rows 625 to 650 for swaps, peptide RAKFKQLL, weight CDR2b
2024-11-13 19:32:36,951 - INFO - Processing rows 650 to 675 for swaps, peptide RAKFKQLL, weight CDR2b
2024-11-13 19:32:45,663 - INFO - Processing rows 675 to 700 for swaps, peptide RAKFKQLL, weight CDR2b
2024-11-13 19:32:54,444 - INFO - Processing rows 700 to 725 for swaps, peptide RAKFKQLL, weight CDR2b
2024-11-13 19:33:03,156 - INFO - Processing rows 725 to 750 for swaps, peptide RAKFKQLL, weight CDR2b
2024-11-13 19:33:11,852 - INFO - Processing rows 750 to 775 for swaps, peptide RAKFKQLL, weight CDR2b
2024-11-13 19:33:20,650 - INFO - Processing rows 775 to 800 for swaps, peptide RAKFKQLL, weight CDR2b
2024-11-13 19:33:29,338 - INFO - Processing rows 800 to 825 for swaps, peptide RAKFKQLL, weight CDR2b
2024-11-13 19:33:37,027 - INFO - Processing rows 825 to 850 for swaps, peptide RAKFKQLL, weight CDR2b
2024-11-13 19:33:45,701 - INFO - Processing rows 850 to 875 for swaps, peptide RAKFKQLL, weight CDR2b
2024-11-13 19:33:54,485 - INFO - Processing rows 875 to 900 for swaps, peptide RAKFKQLL, weight CDR2b
2024-11-13 19:34:02,187 - INFO - Processing rows 900 to 925 for swaps, peptide RAKFKQLL, weight CDR2b
2024-11-13 19:34:10,906 - INFO - Processing rows 925 to 950 for swaps, peptide RAKFKQLL, weight CDR2b
2024-11-13 19:34:19,593 - INFO - Processing rows 950 to 975 for swaps, peptide RAKFKQLL, weight CDR2b
2024-11-13 19:34:28,478 - INFO - Processing rows 975 to 1000 for swaps, peptide RAKFKQLL, weight CDR2b
2024-11-13 19:34:37,203 - INFO - Processing rows 1000 to 1025 for swaps, peptide RAKFKQLL, weight CDR2b
2024-11-13 19:34:45,854 - INFO - Processing rows 1025 to 1050 for swaps, peptide RAKFKQLL, weight CDR2b
2024-11-13 19:34:54,427 - INFO - Processing rows 1050 to 1075 for swaps, peptide RAKFKQLL, weight CDR2b
2024-11-13 19:35:03,103 - INFO - Processing rows 1075 to 1100 for swaps, peptide RAKFKQLL, weight CDR2b
2024-11-13 19:35:11,792 - INFO - Processing rows 1100 to 1125 for swaps, peptide RAKFKQLL, weight CDR2b
2024-11-13 19:35:20,572 - INFO - Processing rows 1125 to 1150 for swaps, peptide RAKFKQLL, weight CDR2b
2024-11-13 19:35:29,255 - INFO - Processing rows 1150 to 1175 for swaps, peptide RAKFKQLL, weight CDR2b
2024-11-13 19:35:37,927 - INFO - Processing rows 1175 to 1200 for swaps, peptide RAKFKQLL, weight CDR2b
2024-11-13 19:35:46,685 - INFO - Processing rows 1200 to 1225 for swaps, peptide RAKFKQLL, weight CDR2b
2024-11-13 19:35:55,363 - INFO - Processing rows 1225 to 1250 for swaps, peptide RAKFKQLL, weight CDR2b
2024-11-13 19:36:04,021 - INFO - Processing rows 1250 to 1275 for swaps, peptide RAKFKQLL, weight CDR2b
2024-11-13 19:36:12,709 - INFO - Processing rows 1275 to 1300 for swaps, peptide RAKFKQLL, weight CDR2b
2024-11-13 19:36:21,493 - INFO - Processing rows 1300 to 1325 for swaps, peptide RAKFKQLL, weight CDR2b
2024-11-13 19:36:30,175 - INFO - Processing rows 1325 to 1350 for swaps, peptide RAKFKQLL, weight CDR2b
2024-11-13 19:36:38,857 - INFO - Processing rows 1350 to 1375 for swaps, peptide RAKFKQLL, weight CDR2b
2024-11-13 19:36:47,620 - INFO - Processing rows 1375 to 1400 for swaps, peptide RAKFKQLL, weight CDR2b
2024-11-13 19:36:56,295 - INFO - Processing rows 1400 to 1425 for swaps, peptide RAKFKQLL, weight CDR2b
2024-11-13 19:37:04,977 - INFO - Processing rows 1425 to 1450 for swaps, peptide RAKFKQLL, weight CDR2b
2024-11-13 19:37:13,583 - INFO - Processing rows 1450 to 1475 for swaps, peptide RAKFKQLL, weight CDR2b
2024-11-13 19:37:22,178 - INFO - Processing rows 1475 to 1500 for swaps, peptide RAKFKQLL, weight CDR2b
2024-11-13 19:37:30,756 - INFO - Processing rows 1500 to 1525 for swaps, peptide RAKFKQLL, weight CDR2b
2024-11-13 19:37:39,343 - INFO - Processing rows 1525 to 1550 for swaps, peptide RAKFKQLL, weight CDR2b
2024-11-13 19:37:47,933 - INFO - Processing rows 1550 to 1575 for swaps, peptide RAKFKQLL, weight CDR2b
2024-11-13 19:37:56,512 - INFO - Processing rows 1575 to 1600 for swaps, peptide RAKFKQLL, weight CDR2b
2024-11-13 19:38:05,095 - INFO - Processing rows 1600 to 1625 for swaps, peptide RAKFKQLL, weight CDR2b
2024-11-13 19:38:12,695 - INFO - Processing rows 1625 to 1650 for swaps, peptide RAKFKQLL, weight CDR2b
2024-11-13 19:38:21,343 - INFO - Processing rows 1650 to 1675 for swaps, peptide RAKFKQLL, weight CDR2b
2024-11-13 19:38:30,035 - INFO - Processing rows 1675 to 1700 for swaps, peptide RAKFKQLL, weight CDR2b
2024-11-13 19:38:38,811 - INFO - Processing rows 1700 to 1725 for swaps, peptide RAKFKQLL, weight CDR2b
2024-11-13 19:38:47,504 - INFO - Processing rows 1725 to 1750 for swaps, peptide RAKFKQLL, weight CDR2b
2024-11-13 19:38:56,184 - INFO - Processing rows 1750 to 1775 for swaps, peptide RAKFKQLL, weight CDR2b
2024-11-13 19:39:04,947 - INFO - Processing rows 1775 to 1800 for swaps, peptide RAKFKQLL, weight CDR2b
2024-11-13 19:39:12,628 - INFO - Processing rows 1800 to 1825 for swaps, peptide RAKFKQLL, weight CDR2b
2024-11-13 19:39:21,310 - INFO - Processing rows 1825 to 1850 for swaps, peptide RAKFKQLL, weight CDR2b
2024-11-13 19:39:29,922 - INFO - Processing rows 1850 to 1875 for swaps, peptide RAKFKQLL, weight CDR2b
2024-11-13 19:39:38,501 - INFO - Processing rows 1875 to 1900 for swaps, peptide RAKFKQLL, weight CDR2b
2024-11-13 19:39:47,151 - INFO - Processing rows 1900 to 1925 for swaps, peptide RAKFKQLL, weight CDR2b
2024-11-13 19:39:54,918 - INFO - Processing rows 1925 to 1950 for swaps, peptide RAKFKQLL, weight CDR2b
2024-11-13 19:40:03,672 - INFO - Processing rows 1950 to 1975 for swaps, peptide RAKFKQLL, weight CDR2b
2024-11-13 19:40:12,378 - INFO - Processing rows 1975 to 2000 for swaps, peptide RAKFKQLL, weight CDR2b
2024-11-13 19:40:21,096 - INFO - Processing rows 2000 to 2025 for swaps, peptide RAKFKQLL, weight CDR2b
2024-11-13 19:40:29,873 - INFO - Processing rows 2025 to 2050 for swaps, peptide RAKFKQLL, weight CDR2b
2024-11-13 19:40:37,557 - INFO - Processing rows 2050 to 2075 for swaps, peptide RAKFKQLL, weight CDR2b
2024-11-13 19:40:46,268 - INFO - Processing rows 2075 to 2100 for swaps, peptide RAKFKQLL, weight CDR2b
2024-11-13 19:40:54,971 - INFO - Processing rows 2100 to 2125 for swaps, peptide RAKFKQLL, weight CDR2b
2024-11-13 19:41:03,703 - INFO - Processing rows 2125 to 2150 for swaps, peptide RAKFKQLL, weight CDR2b
2024-11-13 19:41:12,343 - INFO - Processing rows 2150 to 2175 for swaps, peptide RAKFKQLL, weight CDR2b
2024-11-13 19:41:21,039 - INFO - Processing rows 2175 to 2200 for swaps, peptide RAKFKQLL, weight CDR2b
2024-11-13 19:41:29,802 - INFO - Processing rows 2200 to 2225 for swaps, peptide RAKFKQLL, weight CDR2b
2024-11-13 19:41:37,481 - INFO - Processing rows 2225 to 2250 for swaps, peptide RAKFKQLL, weight CDR2b
2024-11-13 19:41:46,162 - INFO - Processing rows 2250 to 2275 for swaps, peptide RAKFKQLL, weight CDR2b
2024-11-13 19:41:54,858 - INFO - Processing rows 2275 to 2300 for swaps, peptide RAKFKQLL, weight CDR2b
2024-11-13 19:42:03,490 - INFO - Processing rows 2300 to 2325 for swaps, peptide RAKFKQLL, weight CDR2b
2024-11-13 19:42:12,172 - INFO - Processing rows 2325 to 2350 for swaps, peptide RAKFKQLL, weight CDR2b
2024-11-13 19:42:20,858 - INFO - Processing rows 2350 to 2375 for swaps, peptide RAKFKQLL, weight CDR2b
2024-11-13 19:42:29,634 - INFO - Processing rows 2375 to 2400 for swaps, peptide RAKFKQLL, weight CDR2b
2024-11-13 19:42:38,312 - INFO - Processing rows 2400 to 2425 for swaps, peptide RAKFKQLL, weight CDR2b
2024-11-13 19:42:46,989 - INFO - Processing rows 2425 to 2450 for swaps, peptide RAKFKQLL, weight CDR2b
2024-11-13 19:42:55,742 - INFO - Processing rows 2450 to 2475 for swaps, peptide RAKFKQLL, weight CDR2b
2024-11-13 19:43:04,416 - INFO - Processing rows 2475 to 2500 for swaps, peptide RAKFKQLL, weight CDR2b
2024-11-13 19:43:13,073 - INFO - Processing rows 2500 to 2525 for swaps, peptide RAKFKQLL, weight CDR2b
2024-11-13 19:43:21,822 - INFO - Processing rows 2525 to 2550 for swaps, peptide RAKFKQLL, weight CDR2b
2024-11-13 19:43:30,564 - INFO - Processing rows 2550 to 2575 for swaps, peptide RAKFKQLL, weight CDR2b
2024-11-13 19:43:39,247 - INFO - Processing rows 2575 to 2600 for swaps, peptide RAKFKQLL, weight CDR2b
2024-11-13 19:43:47,941 - INFO - Processing rows 2600 to 2625 for swaps, peptide RAKFKQLL, weight CDR2b
2024-11-13 19:43:55,693 - INFO - Processing rows 2625 to 2650 for swaps, peptide RAKFKQLL, weight CDR2b
2024-11-13 19:44:04,366 - INFO - Processing rows 2650 to 2675 for swaps, peptide RAKFKQLL, weight CDR2b
2024-11-13 19:44:13,040 - INFO - Processing rows 2675 to 2700 for swaps, peptide RAKFKQLL, weight CDR2b
2024-11-13 19:44:21,708 - INFO - Processing rows 2700 to 2725 for swaps, peptide RAKFKQLL, weight CDR2b
2024-11-13 19:44:30,487 - INFO - Processing rows 2725 to 2750 for swaps, peptide RAKFKQLL, weight CDR2b
2024-11-13 19:44:39,178 - INFO - Processing rows 2750 to 2775 for swaps, peptide RAKFKQLL, weight CDR2b
2024-11-13 19:44:47,860 - INFO - Processing rows 2775 to 2800 for swaps, peptide RAKFKQLL, weight CDR2b
2024-11-13 19:44:55,641 - INFO - Processing rows 2800 to 2825 for swaps, peptide RAKFKQLL, weight CDR2b
2024-11-13 19:45:04,320 - INFO - Processing rows 2825 to 2850 for swaps, peptide RAKFKQLL, weight CDR2b
2024-11-13 19:45:12,998 - INFO - Processing rows 2850 to 2875 for swaps, peptide RAKFKQLL, weight CDR2b
2024-11-13 19:45:21,689 - INFO - Processing rows 2875 to 2900 for swaps, peptide RAKFKQLL, weight CDR2b
2024-11-13 19:45:30,420 - INFO - Processing rows 2900 to 2925 for swaps, peptide RAKFKQLL, weight CDR2b
2024-11-13 19:45:39,113 - INFO - Processing rows 2925 to 2950 for swaps, peptide RAKFKQLL, weight CDR2b
2024-11-13 19:45:47,810 - INFO - Processing rows 2950 to 2975 for swaps, peptide RAKFKQLL, weight CDR2b
2024-11-13 19:45:56,584 - INFO - Processing rows 2975 to 3000 for swaps, peptide RAKFKQLL, weight CDR2b
2024-11-13 19:46:05,252 - INFO - Processing rows 3000 to 3025 for swaps, peptide RAKFKQLL, weight CDR2b
2024-11-13 19:46:12,926 - INFO - Processing rows 3025 to 3050 for swaps, peptide RAKFKQLL, weight CDR2b
2024-11-13 19:46:21,641 - INFO - Processing rows 3050 to 3075 for swaps, peptide RAKFKQLL, weight CDR2b
2024-11-13 19:46:30,320 - INFO - Processing rows 3075 to 3100 for swaps, peptide RAKFKQLL, weight CDR2b
2024-11-13 19:46:39,043 - INFO - Processing rows 3100 to 3125 for swaps, peptide RAKFKQLL, weight CDR2b
2024-11-13 19:46:47,769 - INFO - Processing rows 3125 to 3150 for swaps, peptide RAKFKQLL, weight CDR2b
2024-11-13 19:46:56,499 - INFO - Processing rows 3150 to 3175 for swaps, peptide RAKFKQLL, weight CDR2b
2024-11-13 19:47:05,248 - INFO - Processing rows 3175 to 3200 for swaps, peptide RAKFKQLL, weight CDR2b
2024-11-13 19:47:12,954 - INFO - Processing rows 3200 to 3225 for swaps, peptide RAKFKQLL, weight CDR2b
2024-11-13 19:47:21,577 - INFO - Processing rows 3225 to 3250 for swaps, peptide RAKFKQLL, weight CDR2b
2024-11-13 19:47:30,281 - INFO - Processing rows 3250 to 3275 for swaps, peptide RAKFKQLL, weight CDR2b
2024-11-13 19:47:37,880 - INFO - Processing rows 3275 to 3300 for swaps, peptide RAKFKQLL, weight CDR2b
2024-11-13 19:47:46,463 - INFO - Processing rows 3300 to 3325 for swaps, peptide RAKFKQLL, weight CDR2b
2024-11-13 19:47:55,045 - INFO - Processing rows 3325 to 3350 for swaps, peptide RAKFKQLL, weight CDR2b
2024-11-13 19:48:03,621 - INFO - Processing rows 3350 to 3375 for swaps, peptide RAKFKQLL, weight CDR2b
2024-11-13 19:48:11,207 - INFO - Processing rows 3375 to 3400 for swaps, peptide RAKFKQLL, weight CDR2b
2024-11-13 19:48:19,790 - INFO - Processing rows 3400 to 3425 for swaps, peptide RAKFKQLL, weight CDR2b
2024-11-13 19:48:28,370 - INFO - Processing rows 3425 to 3450 for swaps, peptide RAKFKQLL, weight CDR2b
2024-11-13 19:48:36,943 - INFO - Processing rows 3450 to 3475 for swaps, peptide RAKFKQLL, weight CDR2b
2024-11-13 19:48:44,527 - INFO - Processing rows 3475 to 3500 for swaps, peptide RAKFKQLL, weight CDR2b
2024-11-13 19:48:53,113 - INFO - Processing rows 3500 to 3525 for swaps, peptide RAKFKQLL, weight CDR2b
2024-11-13 19:49:01,696 - INFO - Processing rows 3525 to 3550 for swaps, peptide RAKFKQLL, weight CDR2b
2024-11-13 19:49:10,303 - INFO - Processing rows 3550 to 3575 for swaps, peptide RAKFKQLL, weight CDR2b
2024-11-13 19:49:19,004 - INFO - Processing rows 3575 to 3600 for swaps, peptide RAKFKQLL, weight CDR2b
2024-11-13 19:49:27,693 - INFO - Processing rows 3600 to 3625 for swaps, peptide RAKFKQLL, weight CDR2b
2024-11-13 19:49:36,420 - INFO - Processing rows 3625 to 3650 for swaps, peptide RAKFKQLL, weight CDR2b
2024-11-13 19:49:44,150 - INFO - Processing rows 3650 to 3675 for swaps, peptide RAKFKQLL, weight CDR2b
2024-11-13 19:49:52,829 - INFO - Processing rows 3675 to 3700 for swaps, peptide RAKFKQLL, weight CDR2b
2024-11-13 19:50:01,502 - INFO - Processing rows 3700 to 3725 for swaps, peptide RAKFKQLL, weight CDR2b
2024-11-13 19:50:10,265 - INFO - Processing rows 3725 to 3750 for swaps, peptide RAKFKQLL, weight CDR2b
2024-11-13 19:50:18,929 - INFO - Processing rows 3750 to 3775 for swaps, peptide RAKFKQLL, weight CDR2b
2024-11-13 19:50:27,610 - INFO - Processing rows 3775 to 3800 for swaps, peptide RAKFKQLL, weight CDR2b
2024-11-13 19:50:36,301 - INFO - Processing rows 3800 to 3825 for swaps, peptide RAKFKQLL, weight CDR2b
2024-11-13 19:50:45,078 - INFO - Processing rows 3825 to 3850 for swaps, peptide RAKFKQLL, weight CDR2b
2024-11-13 19:50:53,756 - INFO - Processing rows 3850 to 3875 for swaps, peptide RAKFKQLL, weight CDR2b
2024-11-13 19:51:02,430 - INFO - Processing rows 3875 to 3900 for swaps, peptide RAKFKQLL, weight CDR2b
2024-11-13 19:51:11,186 - INFO - Processing rows 3900 to 3925 for swaps, peptide RAKFKQLL, weight CDR2b
2024-11-13 19:51:19,864 - INFO - Processing rows 3925 to 3950 for swaps, peptide RAKFKQLL, weight CDR2b
2024-11-13 19:51:28,465 - INFO - Processing rows 3950 to 3975 for swaps, peptide RAKFKQLL, weight CDR2b
2024-11-13 19:51:36,059 - INFO - Processing rows 3975 to 4000 for swaps, peptide RAKFKQLL, weight CDR2b
2024-11-13 19:51:44,705 - INFO - Processing rows 4000 to 4025 for swaps, peptide RAKFKQLL, weight CDR2b
2024-11-13 19:51:53,397 - INFO - Processing rows 4025 to 4050 for swaps, peptide RAKFKQLL, weight CDR2b
2024-11-13 19:52:02,168 - INFO - Processing rows 4050 to 4075 for swaps, peptide RAKFKQLL, weight CDR2b
2024-11-13 19:52:10,855 - INFO - Processing rows 4075 to 4100 for swaps, peptide RAKFKQLL, weight CDR2b
2024-11-13 19:52:19,535 - INFO - Processing rows 4100 to 4125 for swaps, peptide RAKFKQLL, weight CDR2b
2024-11-13 19:52:28,311 - INFO - Processing rows 4125 to 4150 for swaps, peptide RAKFKQLL, weight CDR2b
2024-11-13 19:52:36,996 - INFO - Processing rows 4150 to 4175 for swaps, peptide RAKFKQLL, weight CDR2b
2024-11-13 19:52:45,700 - INFO - Processing rows 4175 to 4200 for swaps, peptide RAKFKQLL, weight CDR2b
2024-11-13 19:52:54,287 - INFO - Processing rows 4200 to 4225 for swaps, peptide RAKFKQLL, weight CDR2b
2024-11-13 19:53:02,889 - INFO - Processing rows 4225 to 4250 for swaps, peptide RAKFKQLL, weight CDR2b
2024-11-13 19:53:11,468 - INFO - Processing rows 4250 to 4275 for swaps, peptide RAKFKQLL, weight CDR2b
2024-11-13 19:53:20,066 - INFO - Processing rows 4275 to 4300 for swaps, peptide RAKFKQLL, weight CDR2b
2024-11-13 19:53:27,693 - INFO - Processing rows 4300 to 4325 for swaps, peptide RAKFKQLL, weight CDR2b
2024-11-13 19:53:36,227 - INFO - Processing rows 4325 to 4350 for swaps, peptide RAKFKQLL, weight CDR2b
2024-11-13 19:53:44,798 - INFO - Processing rows 4350 to 4375 for swaps, peptide RAKFKQLL, weight CDR2b
2024-11-13 19:53:53,480 - INFO - Processing rows 4375 to 4400 for swaps, peptide RAKFKQLL, weight CDR2b
2024-11-13 19:54:02,234 - INFO - Processing rows 4400 to 4425 for swaps, peptide RAKFKQLL, weight CDR2b
2024-11-13 19:54:10,968 - INFO - Processing rows 4425 to 4450 for swaps, peptide RAKFKQLL, weight CDR2b
2024-11-13 19:54:19,644 - INFO - Processing rows 4450 to 4475 for swaps, peptide RAKFKQLL, weight CDR2b
2024-11-13 19:54:28,370 - INFO - Processing rows 4475 to 4500 for swaps, peptide RAKFKQLL, weight CDR2b
2024-11-13 19:54:37,073 - INFO - Processing rows 4500 to 4525 for swaps, peptide RAKFKQLL, weight CDR2b
2024-11-13 19:54:45,749 - INFO - Processing rows 4525 to 4550 for swaps, peptide RAKFKQLL, weight CDR2b
2024-11-13 19:54:54,410 - INFO - Processing rows 4550 to 4575 for swaps, peptide RAKFKQLL, weight CDR2b
2024-11-13 19:55:03,198 - INFO - Processing rows 4575 to 4600 for swaps, peptide RAKFKQLL, weight CDR2b
2024-11-13 19:55:11,877 - INFO - Processing rows 4600 to 4625 for swaps, peptide RAKFKQLL, weight CDR2b
2024-11-13 19:55:20,568 - INFO - Processing rows 4625 to 4650 for swaps, peptide RAKFKQLL, weight CDR2b
2024-11-13 19:55:29,321 - INFO - Processing rows 4650 to 4675 for swaps, peptide RAKFKQLL, weight CDR2b
2024-11-13 19:55:38,003 - INFO - Processing rows 4675 to 4700 for swaps, peptide RAKFKQLL, weight CDR2b
2024-11-13 19:55:46,675 - INFO - Processing rows 4700 to 4725 for swaps, peptide RAKFKQLL, weight CDR2b
2024-11-13 19:55:55,367 - INFO - Processing rows 4725 to 4750 for swaps, peptide RAKFKQLL, weight CDR2b
2024-11-13 19:56:04,011 - INFO - Processing rows 4750 to 4775 for swaps, peptide RAKFKQLL, weight CDR2b
2024-11-13 19:56:12,696 - INFO - Processing rows 4775 to 4800 for swaps, peptide RAKFKQLL, weight CDR2b
2024-11-13 19:56:21,386 - INFO - Processing rows 4800 to 4825 for swaps, peptide RAKFKQLL, weight CDR2b
2024-11-13 19:56:29,163 - INFO - Processing rows 4825 to 4850 for swaps, peptide RAKFKQLL, weight CDR2b
2024-11-13 19:56:37,851 - INFO - Processing rows 4850 to 4875 for swaps, peptide RAKFKQLL, weight CDR2b
2024-11-13 19:56:46,525 - INFO - Processing rows 4875 to 4900 for swaps, peptide RAKFKQLL, weight CDR2b
2024-11-13 19:56:55,283 - INFO - Processing rows 4900 to 4925 for swaps, peptide RAKFKQLL, weight CDR2b
2024-11-13 19:57:03,960 - INFO - Processing rows 4925 to 4950 for swaps, peptide RAKFKQLL, weight CDR2b
2024-11-13 19:57:12,620 - INFO - Processing rows 4950 to 4975 for swaps, peptide RAKFKQLL, weight CDR2b
2024-11-13 19:57:21,304 - INFO - Processing rows 4975 to 4980 for swaps, peptide RAKFKQLL, weight CDR2b
Traceback (most recent call last):
  File "/net/mimer/mnt/tank/projects2/emison/language_model/27th_Oct_new_matrices/04.11_new_esm/12.11/run_esm_swaps.py", line 90, in <module>
    process_sequences(df_filtered, peptide, weight, "swaps")
  File "/net/mimer/mnt/tank/projects2/emison/language_model/27th_Oct_new_matrices/04.11_new_esm/12.11/run_esm_swaps.py", line 82, in process_sequences
    output_df.insert(0, "raw_index", raw_indexes)
  File "/home/projects2/emison/language_model/miniconda3/envs/esm2_emison/lib/python3.12/site-packages/pandas/core/frame.py", line 5171, in insert
    value, refs = self._sanitize_column(value)
                  ^^^^^^^^^^^^^^^^^^^^^^^^^^^^
  File "/home/projects2/emison/language_model/miniconda3/envs/esm2_emison/lib/python3.12/site-packages/pandas/core/frame.py", line 5266, in _sanitize_column
    com.require_length_match(value, self.index)
  File "/home/projects2/emison/language_model/miniconda3/envs/esm2_emison/lib/python3.12/site-packages/pandas/core/common.py", line 573, in require_length_match
    raise ValueError(
ValueError: Length of values (4980) does not match length of index (5)
