2024-11-13 19:13:16,863 - INFO - Loading and filtering dataset for peptide RAKFKQLL
2024-11-13 19:13:16,983 - INFO - Processing dataset for peptide RAKFKQLL with weight CDR1b
2024-11-13 19:13:16,986 - INFO - Processing rows 0 to 25 for binders, peptide RAKFKQLL, weight CDR1b
2024-11-13 19:13:30,562 - INFO - Processing rows 25 to 50 for binders, peptide RAKFKQLL, weight CDR1b
2024-11-13 19:13:44,312 - INFO - Processing rows 50 to 75 for binders, peptide RAKFKQLL, weight CDR1b
2024-11-13 19:13:59,659 - INFO - Processing rows 75 to 100 for binders, peptide RAKFKQLL, weight CDR1b
2024-11-13 19:14:14,993 - INFO - Processing rows 100 to 125 for binders, peptide RAKFKQLL, weight CDR1b
2024-11-13 19:14:28,718 - INFO - Processing rows 125 to 150 for binders, peptide RAKFKQLL, weight CDR1b
2024-11-13 19:14:42,434 - INFO - Processing rows 150 to 175 for binders, peptide RAKFKQLL, weight CDR1b
2024-11-13 19:14:56,027 - INFO - Processing rows 175 to 200 for binders, peptide RAKFKQLL, weight CDR1b
2024-11-13 19:15:11,391 - INFO - Processing rows 200 to 225 for binders, peptide RAKFKQLL, weight CDR1b
2024-11-13 19:15:26,727 - INFO - Processing rows 225 to 250 for binders, peptide RAKFKQLL, weight CDR1b
2024-11-13 19:15:41,930 - INFO - Processing rows 250 to 275 for binders, peptide RAKFKQLL, weight CDR1b
2024-11-13 19:15:57,256 - INFO - Processing rows 275 to 300 for binders, peptide RAKFKQLL, weight CDR1b
2024-11-13 19:16:12,478 - INFO - Processing rows 300 to 325 for binders, peptide RAKFKQLL, weight CDR1b
2024-11-13 19:16:26,042 - INFO - Processing rows 325 to 350 for binders, peptide RAKFKQLL, weight CDR1b
2024-11-13 19:16:41,263 - INFO - Processing rows 350 to 375 for binders, peptide RAKFKQLL, weight CDR1b
2024-11-13 19:16:56,470 - INFO - Processing rows 375 to 400 for binders, peptide RAKFKQLL, weight CDR1b
2024-11-13 19:17:10,063 - INFO - Processing rows 400 to 425 for binders, peptide RAKFKQLL, weight CDR1b
2024-11-13 19:17:25,322 - INFO - Processing rows 425 to 450 for binders, peptide RAKFKQLL, weight CDR1b
2024-11-13 19:17:38,888 - INFO - Processing rows 450 to 475 for binders, peptide RAKFKQLL, weight CDR1b
2024-11-13 19:17:52,562 - INFO - Processing rows 475 to 500 for binders, peptide RAKFKQLL, weight CDR1b
2024-11-13 19:18:07,767 - INFO - Processing rows 500 to 525 for binders, peptide RAKFKQLL, weight CDR1b
2024-11-13 19:18:22,852 - INFO - Processing rows 525 to 550 for binders, peptide RAKFKQLL, weight CDR1b
2024-11-13 19:18:37,880 - INFO - Processing rows 550 to 575 for binders, peptide RAKFKQLL, weight CDR1b
2024-11-13 19:18:51,280 - INFO - Processing rows 575 to 600 for binders, peptide RAKFKQLL, weight CDR1b
2024-11-13 19:19:04,679 - INFO - Processing rows 600 to 625 for binders, peptide RAKFKQLL, weight CDR1b
2024-11-13 19:19:19,733 - INFO - Processing rows 625 to 650 for binders, peptide RAKFKQLL, weight CDR1b
2024-11-13 19:19:33,235 - INFO - Processing rows 650 to 675 for binders, peptide RAKFKQLL, weight CDR1b
2024-11-13 19:19:48,493 - INFO - Processing rows 675 to 700 for binders, peptide RAKFKQLL, weight CDR1b
2024-11-13 19:20:03,703 - INFO - Processing rows 700 to 725 for binders, peptide RAKFKQLL, weight CDR1b
2024-11-13 19:20:18,900 - INFO - Processing rows 725 to 750 for binders, peptide RAKFKQLL, weight CDR1b
2024-11-13 19:20:34,151 - INFO - Processing rows 750 to 775 for binders, peptide RAKFKQLL, weight CDR1b
2024-11-13 19:20:47,735 - INFO - Processing rows 775 to 800 for binders, peptide RAKFKQLL, weight CDR1b
2024-11-13 19:21:02,961 - INFO - Processing rows 800 to 825 for binders, peptide RAKFKQLL, weight CDR1b
2024-11-13 19:21:16,525 - INFO - Processing rows 825 to 830 for binders, peptide RAKFKQLL, weight CDR1b
Traceback (most recent call last):
  File "/net/mimer/mnt/tank/projects2/emison/language_model/27th_Oct_new_matrices/04.11_new_esm/12.11/run_esm_binders.py", line 90, in <module>
    process_sequences(df_filtered, peptide, weight, "binders")
  File "/net/mimer/mnt/tank/projects2/emison/language_model/27th_Oct_new_matrices/04.11_new_esm/12.11/run_esm_binders.py", line 82, in process_sequences
    output_df.insert(0, "raw_index", raw_indexes)
  File "/home/projects2/emison/language_model/miniconda3/envs/esm2_emison/lib/python3.12/site-packages/pandas/core/frame.py", line 5171, in insert
    value, refs = self._sanitize_column(value)
                  ^^^^^^^^^^^^^^^^^^^^^^^^^^^^
  File "/home/projects2/emison/language_model/miniconda3/envs/esm2_emison/lib/python3.12/site-packages/pandas/core/frame.py", line 5266, in _sanitize_column
    com.require_length_match(value, self.index)
  File "/home/projects2/emison/language_model/miniconda3/envs/esm2_emison/lib/python3.12/site-packages/pandas/core/common.py", line 573, in require_length_match
    raise ValueError(
ValueError: Length of values (830) does not match length of index (5)
