2024-11-14 07:58:14,834 - INFO - Loading and filtering dataset for peptide RAKFKQLL
2024-11-14 07:58:14,891 - INFO - Processing dataset for peptide RAKFKQLL with weight CDR3b
2024-11-14 07:58:14,893 - INFO - Processing rows 0 to 25 for binders, peptide RAKFKQLL, weight CDR3b
2024-11-14 07:58:23,058 - INFO - Processing rows 25 to 50 for binders, peptide RAKFKQLL, weight CDR3b
2024-11-14 07:58:30,813 - INFO - Processing rows 50 to 75 for binders, peptide RAKFKQLL, weight CDR3b
2024-11-14 07:58:38,331 - INFO - Processing rows 75 to 100 for binders, peptide RAKFKQLL, weight CDR3b
2024-11-14 07:58:47,885 - INFO - Processing rows 100 to 125 for binders, peptide RAKFKQLL, weight CDR3b
2024-11-14 07:58:55,990 - INFO - Processing rows 125 to 150 for binders, peptide RAKFKQLL, weight CDR3b
2024-11-14 07:59:04,420 - INFO - Processing rows 150 to 175 for binders, peptide RAKFKQLL, weight CDR3b
2024-11-14 07:59:12,655 - INFO - Processing rows 175 to 200 for binders, peptide RAKFKQLL, weight CDR3b
2024-11-14 07:59:20,909 - INFO - Processing rows 200 to 225 for binders, peptide RAKFKQLL, weight CDR3b
2024-11-14 07:59:29,591 - INFO - Processing rows 225 to 250 for binders, peptide RAKFKQLL, weight CDR3b
2024-11-14 07:59:37,211 - INFO - Processing rows 250 to 275 for binders, peptide RAKFKQLL, weight CDR3b
2024-11-14 07:59:45,328 - INFO - Processing rows 275 to 300 for binders, peptide RAKFKQLL, weight CDR3b
2024-11-14 07:59:54,930 - INFO - Processing rows 300 to 325 for binders, peptide RAKFKQLL, weight CDR3b
2024-11-14 08:00:02,817 - INFO - Processing rows 325 to 350 for binders, peptide RAKFKQLL, weight CDR3b
2024-11-14 08:00:10,751 - INFO - Processing rows 350 to 375 for binders, peptide RAKFKQLL, weight CDR3b
2024-11-14 08:00:19,051 - INFO - Processing rows 375 to 400 for binders, peptide RAKFKQLL, weight CDR3b
2024-11-14 08:00:28,223 - INFO - Processing rows 400 to 425 for binders, peptide RAKFKQLL, weight CDR3b
2024-11-14 08:00:37,012 - INFO - Processing rows 425 to 450 for binders, peptide RAKFKQLL, weight CDR3b
2024-11-14 08:00:46,174 - INFO - Processing rows 450 to 475 for binders, peptide RAKFKQLL, weight CDR3b
2024-11-14 08:00:54,387 - INFO - Processing rows 475 to 500 for binders, peptide RAKFKQLL, weight CDR3b
2024-11-14 08:01:03,166 - INFO - Processing rows 500 to 525 for binders, peptide RAKFKQLL, weight CDR3b
2024-11-14 08:01:11,459 - INFO - Processing rows 525 to 550 for binders, peptide RAKFKQLL, weight CDR3b
2024-11-14 08:01:20,286 - INFO - Processing rows 550 to 575 for binders, peptide RAKFKQLL, weight CDR3b
2024-11-14 08:01:28,065 - INFO - Processing rows 575 to 600 for binders, peptide RAKFKQLL, weight CDR3b
2024-11-14 08:01:36,753 - INFO - Processing rows 600 to 625 for binders, peptide RAKFKQLL, weight CDR3b
2024-11-14 08:01:45,442 - INFO - Processing rows 625 to 650 for binders, peptide RAKFKQLL, weight CDR3b
2024-11-14 08:01:52,695 - INFO - Processing rows 650 to 675 for binders, peptide RAKFKQLL, weight CDR3b
2024-11-14 08:02:02,883 - INFO - Processing rows 675 to 700 for binders, peptide RAKFKQLL, weight CDR3b
2024-11-14 08:02:10,141 - INFO - Processing rows 700 to 725 for binders, peptide RAKFKQLL, weight CDR3b
2024-11-14 08:02:18,834 - INFO - Processing rows 725 to 750 for binders, peptide RAKFKQLL, weight CDR3b
2024-11-14 08:02:26,719 - INFO - Processing rows 750 to 775 for binders, peptide RAKFKQLL, weight CDR3b
2024-11-14 08:02:36,662 - INFO - Processing rows 775 to 800 for binders, peptide RAKFKQLL, weight CDR3b
2024-11-14 08:02:44,599 - INFO - Processing rows 800 to 825 for binders, peptide RAKFKQLL, weight CDR3b
2024-11-14 08:02:53,582 - INFO - Processing rows 825 to 830 for binders, peptide RAKFKQLL, weight CDR3b
2024-11-14 08:02:55,441 - INFO - ESM finished - Saving file...
Traceback (most recent call last):
  File "/net/mimer/mnt/tank/projects2/emison/language_model/27th_Oct_new_matrices/04.11_new_esm/12.11/run_esm_binders.py", line 90, in <module>
    process_sequences(df_filtered, peptide, weight, "binders")
  File "/net/mimer/mnt/tank/projects2/emison/language_model/27th_Oct_new_matrices/04.11_new_esm/12.11/run_esm_binders.py", line 82, in process_sequences
    output_df.insert(0, "raw_index", raw_indexes)
  File "/home/projects2/emison/language_model/miniconda3/envs/esm2_emison/lib/python3.12/site-packages/pandas/core/frame.py", line 5171, in insert
    value, refs = self._sanitize_column(value)
                  ^^^^^^^^^^^^^^^^^^^^^^^^^^^^
  File "/home/projects2/emison/language_model/miniconda3/envs/esm2_emison/lib/python3.12/site-packages/pandas/core/frame.py", line 5266, in _sanitize_column
    com.require_length_match(value, self.index)
  File "/home/projects2/emison/language_model/miniconda3/envs/esm2_emison/lib/python3.12/site-packages/pandas/core/common.py", line 573, in require_length_match
    raise ValueError(
ValueError: Length of values (830) does not match length of index (5)
