2024-11-14 07:57:38,338 - INFO - Loading and filtering dataset for peptide RAKFKQLL
2024-11-14 07:57:38,372 - INFO - Processing dataset for peptide RAKFKQLL with weight CDR3a
2024-11-14 07:57:38,373 - INFO - Processing rows 0 to 25 for binders, peptide RAKFKQLL, weight CDR3a
2024-11-14 07:57:41,984 - INFO - Processing rows 25 to 50 for binders, peptide RAKFKQLL, weight CDR3a
2024-11-14 07:57:45,590 - INFO - Processing rows 50 to 75 for binders, peptide RAKFKQLL, weight CDR3a
2024-11-14 07:57:48,702 - INFO - Processing rows 75 to 100 for binders, peptide RAKFKQLL, weight CDR3a
2024-11-14 07:57:52,212 - INFO - Processing rows 100 to 125 for binders, peptide RAKFKQLL, weight CDR3a
2024-11-14 07:57:55,277 - INFO - Processing rows 125 to 150 for binders, peptide RAKFKQLL, weight CDR3a
2024-11-14 07:57:58,814 - INFO - Processing rows 150 to 175 for binders, peptide RAKFKQLL, weight CDR3a
2024-11-14 07:58:02,303 - INFO - Processing rows 175 to 200 for binders, peptide RAKFKQLL, weight CDR3a
2024-11-14 07:58:05,816 - INFO - Processing rows 200 to 225 for binders, peptide RAKFKQLL, weight CDR3a
2024-11-14 07:58:09,237 - INFO - Processing rows 225 to 250 for binders, peptide RAKFKQLL, weight CDR3a
2024-11-14 07:58:12,708 - INFO - Processing rows 250 to 275 for binders, peptide RAKFKQLL, weight CDR3a
2024-11-14 07:58:16,051 - INFO - Processing rows 275 to 300 for binders, peptide RAKFKQLL, weight CDR3a
2024-11-14 07:58:20,294 - INFO - Processing rows 300 to 325 for binders, peptide RAKFKQLL, weight CDR3a
2024-11-14 07:58:23,604 - INFO - Processing rows 325 to 350 for binders, peptide RAKFKQLL, weight CDR3a
2024-11-14 07:58:26,684 - INFO - Processing rows 350 to 375 for binders, peptide RAKFKQLL, weight CDR3a
2024-11-14 07:58:29,979 - INFO - Processing rows 375 to 400 for binders, peptide RAKFKQLL, weight CDR3a
2024-11-14 07:58:34,074 - INFO - Processing rows 400 to 425 for binders, peptide RAKFKQLL, weight CDR3a
2024-11-14 07:58:37,576 - INFO - Processing rows 425 to 450 for binders, peptide RAKFKQLL, weight CDR3a
2024-11-14 07:58:40,866 - INFO - Processing rows 450 to 475 for binders, peptide RAKFKQLL, weight CDR3a
2024-11-14 07:58:44,141 - INFO - Processing rows 475 to 500 for binders, peptide RAKFKQLL, weight CDR3a
2024-11-14 07:58:47,238 - INFO - Processing rows 500 to 525 for binders, peptide RAKFKQLL, weight CDR3a
2024-11-14 07:58:50,838 - INFO - Processing rows 525 to 550 for binders, peptide RAKFKQLL, weight CDR3a
2024-11-14 07:58:54,799 - INFO - Processing rows 550 to 575 for binders, peptide RAKFKQLL, weight CDR3a
2024-11-14 07:58:57,849 - INFO - Processing rows 575 to 600 for binders, peptide RAKFKQLL, weight CDR3a
2024-11-14 07:59:00,812 - INFO - Processing rows 600 to 625 for binders, peptide RAKFKQLL, weight CDR3a
2024-11-14 07:59:03,978 - INFO - Processing rows 625 to 650 for binders, peptide RAKFKQLL, weight CDR3a
2024-11-14 07:59:07,667 - INFO - Processing rows 650 to 675 for binders, peptide RAKFKQLL, weight CDR3a
2024-11-14 07:59:10,819 - INFO - Processing rows 675 to 700 for binders, peptide RAKFKQLL, weight CDR3a
2024-11-14 07:59:14,699 - INFO - Processing rows 700 to 725 for binders, peptide RAKFKQLL, weight CDR3a
2024-11-14 07:59:17,876 - INFO - Processing rows 725 to 750 for binders, peptide RAKFKQLL, weight CDR3a
2024-11-14 07:59:21,951 - INFO - Processing rows 750 to 775 for binders, peptide RAKFKQLL, weight CDR3a
2024-11-14 07:59:26,009 - INFO - Processing rows 775 to 800 for binders, peptide RAKFKQLL, weight CDR3a
2024-11-14 07:59:29,393 - INFO - Processing rows 800 to 825 for binders, peptide RAKFKQLL, weight CDR3a
2024-11-14 07:59:32,681 - INFO - Processing rows 825 to 830 for binders, peptide RAKFKQLL, weight CDR3a
2024-11-14 07:59:33,410 - INFO - ESM finished - Saving file...
Traceback (most recent call last):
  File "/net/mimer/mnt/tank/projects2/emison/language_model/27th_Oct_new_matrices/04.11_new_esm/12.11/run_esm_binders.py", line 90, in <module>
    process_sequences(df_filtered, peptide, weight, "binders")
  File "/net/mimer/mnt/tank/projects2/emison/language_model/27th_Oct_new_matrices/04.11_new_esm/12.11/run_esm_binders.py", line 82, in process_sequences
    output_df.insert(0, "raw_index", raw_indexes)
  File "/home/projects2/emison/language_model/miniconda3/envs/esm2_emison/lib/python3.12/site-packages/pandas/core/frame.py", line 5171, in insert
    value, refs = self._sanitize_column(value)
                  ^^^^^^^^^^^^^^^^^^^^^^^^^^^^
  File "/home/projects2/emison/language_model/miniconda3/envs/esm2_emison/lib/python3.12/site-packages/pandas/core/frame.py", line 5266, in _sanitize_column
    com.require_length_match(value, self.index)
  File "/home/projects2/emison/language_model/miniconda3/envs/esm2_emison/lib/python3.12/site-packages/pandas/core/common.py", line 573, in require_length_match
    raise ValueError(
ValueError: Length of values (830) does not match length of index (5)
