2024-11-14 07:55:14,143 - INFO - Loading and filtering dataset for peptide RAKFKQLL
2024-11-14 07:55:14,199 - INFO - Processing dataset for peptide RAKFKQLL with weight CDR1b
2024-11-14 07:55:14,201 - INFO - Processing rows 0 to 25 for binders, peptide RAKFKQLL, weight CDR1b
2024-11-14 07:55:18,049 - INFO - Processing rows 25 to 50 for binders, peptide RAKFKQLL, weight CDR1b
2024-11-14 07:55:21,893 - INFO - Processing rows 50 to 75 for binders, peptide RAKFKQLL, weight CDR1b
2024-11-14 07:55:26,060 - INFO - Processing rows 75 to 100 for binders, peptide RAKFKQLL, weight CDR1b
2024-11-14 07:55:30,343 - INFO - Processing rows 100 to 125 for binders, peptide RAKFKQLL, weight CDR1b
2024-11-14 07:55:34,147 - INFO - Processing rows 125 to 150 for binders, peptide RAKFKQLL, weight CDR1b
2024-11-14 07:55:38,022 - INFO - Processing rows 150 to 175 for binders, peptide RAKFKQLL, weight CDR1b
2024-11-14 07:55:41,808 - INFO - Processing rows 175 to 200 for binders, peptide RAKFKQLL, weight CDR1b
2024-11-14 07:55:46,080 - INFO - Processing rows 200 to 225 for binders, peptide RAKFKQLL, weight CDR1b
2024-11-14 07:55:50,254 - INFO - Processing rows 225 to 250 for binders, peptide RAKFKQLL, weight CDR1b
2024-11-14 07:55:54,405 - INFO - Processing rows 250 to 275 for binders, peptide RAKFKQLL, weight CDR1b
2024-11-14 07:55:58,583 - INFO - Processing rows 275 to 300 for binders, peptide RAKFKQLL, weight CDR1b
2024-11-14 07:56:02,762 - INFO - Processing rows 300 to 325 for binders, peptide RAKFKQLL, weight CDR1b
2024-11-14 07:56:06,540 - INFO - Processing rows 325 to 350 for binders, peptide RAKFKQLL, weight CDR1b
2024-11-14 07:56:10,807 - INFO - Processing rows 350 to 375 for binders, peptide RAKFKQLL, weight CDR1b
2024-11-14 07:56:14,988 - INFO - Processing rows 375 to 400 for binders, peptide RAKFKQLL, weight CDR1b
2024-11-14 07:56:18,780 - INFO - Processing rows 400 to 425 for binders, peptide RAKFKQLL, weight CDR1b
2024-11-14 07:56:22,964 - INFO - Processing rows 425 to 450 for binders, peptide RAKFKQLL, weight CDR1b
2024-11-14 07:56:26,782 - INFO - Processing rows 450 to 475 for binders, peptide RAKFKQLL, weight CDR1b
2024-11-14 07:56:30,527 - INFO - Processing rows 475 to 500 for binders, peptide RAKFKQLL, weight CDR1b
2024-11-14 07:56:34,714 - INFO - Processing rows 500 to 525 for binders, peptide RAKFKQLL, weight CDR1b
2024-11-14 07:56:38,887 - INFO - Processing rows 525 to 550 for binders, peptide RAKFKQLL, weight CDR1b
2024-11-14 07:56:43,046 - INFO - Processing rows 550 to 575 for binders, peptide RAKFKQLL, weight CDR1b
2024-11-14 07:56:46,836 - INFO - Processing rows 575 to 600 for binders, peptide RAKFKQLL, weight CDR1b
2024-11-14 07:56:50,623 - INFO - Processing rows 600 to 625 for binders, peptide RAKFKQLL, weight CDR1b
2024-11-14 07:56:54,805 - INFO - Processing rows 625 to 650 for binders, peptide RAKFKQLL, weight CDR1b
2024-11-14 07:56:58,597 - INFO - Processing rows 650 to 675 for binders, peptide RAKFKQLL, weight CDR1b
2024-11-14 07:57:02,776 - INFO - Processing rows 675 to 700 for binders, peptide RAKFKQLL, weight CDR1b
2024-11-14 07:57:06,956 - INFO - Processing rows 700 to 725 for binders, peptide RAKFKQLL, weight CDR1b
2024-11-14 07:57:11,066 - INFO - Processing rows 725 to 750 for binders, peptide RAKFKQLL, weight CDR1b
2024-11-14 07:57:15,150 - INFO - Processing rows 750 to 775 for binders, peptide RAKFKQLL, weight CDR1b
2024-11-14 07:57:18,847 - INFO - Processing rows 775 to 800 for binders, peptide RAKFKQLL, weight CDR1b
2024-11-14 07:57:22,938 - INFO - Processing rows 800 to 825 for binders, peptide RAKFKQLL, weight CDR1b
2024-11-14 07:57:26,633 - INFO - Processing rows 825 to 830 for binders, peptide RAKFKQLL, weight CDR1b
Traceback (most recent call last):
  File "/net/mimer/mnt/tank/projects2/emison/language_model/27th_Oct_new_matrices/04.11_new_esm/12.11/run_esm_binders.py", line 90, in <module>
    process_sequences(df_filtered, peptide, weight, "binders")
  File "/net/mimer/mnt/tank/projects2/emison/language_model/27th_Oct_new_matrices/04.11_new_esm/12.11/run_esm_binders.py", line 82, in process_sequences
    output_df.insert(0, "raw_index", raw_indexes)
  File "/home/projects2/emison/language_model/miniconda3/envs/esm2_emison/lib/python3.12/site-packages/pandas/core/frame.py", line 5171, in insert
    value, refs = self._sanitize_column(value)
                  ^^^^^^^^^^^^^^^^^^^^^^^^^^^^
  File "/home/projects2/emison/language_model/miniconda3/envs/esm2_emison/lib/python3.12/site-packages/pandas/core/frame.py", line 5266, in _sanitize_column
    com.require_length_match(value, self.index)
  File "/home/projects2/emison/language_model/miniconda3/envs/esm2_emison/lib/python3.12/site-packages/pandas/core/common.py", line 573, in require_length_match
    raise ValueError(
ValueError: Length of values (830) does not match length of index (5)
