2024-11-13 19:12:40,388 - INFO - Loading and filtering dataset for peptide RAKFKQLL
2024-11-13 19:12:40,424 - INFO - Processing dataset for peptide RAKFKQLL with weight CDR3b
2024-11-13 19:12:40,425 - INFO - Processing rows 0 to 25 for binders, peptide RAKFKQLL, weight CDR3b
2024-11-13 19:12:44,096 - INFO - Processing rows 25 to 50 for binders, peptide RAKFKQLL, weight CDR3b
2024-11-13 19:12:47,527 - INFO - Processing rows 50 to 75 for binders, peptide RAKFKQLL, weight CDR3b
2024-11-13 19:12:50,925 - INFO - Processing rows 75 to 100 for binders, peptide RAKFKQLL, weight CDR3b
2024-11-13 19:12:55,153 - INFO - Processing rows 100 to 125 for binders, peptide RAKFKQLL, weight CDR3b
2024-11-13 19:12:58,806 - INFO - Processing rows 125 to 150 for binders, peptide RAKFKQLL, weight CDR3b
2024-11-13 19:13:02,655 - INFO - Processing rows 150 to 175 for binders, peptide RAKFKQLL, weight CDR3b
2024-11-13 19:13:06,328 - INFO - Processing rows 175 to 200 for binders, peptide RAKFKQLL, weight CDR3b
2024-11-13 19:13:10,127 - INFO - Processing rows 200 to 225 for binders, peptide RAKFKQLL, weight CDR3b
2024-11-13 19:13:14,065 - INFO - Processing rows 225 to 250 for binders, peptide RAKFKQLL, weight CDR3b
2024-11-13 19:13:17,542 - INFO - Processing rows 250 to 275 for binders, peptide RAKFKQLL, weight CDR3b
2024-11-13 19:13:21,256 - INFO - Processing rows 275 to 300 for binders, peptide RAKFKQLL, weight CDR3b
2024-11-13 19:13:25,488 - INFO - Processing rows 300 to 325 for binders, peptide RAKFKQLL, weight CDR3b
2024-11-13 19:13:29,159 - INFO - Processing rows 325 to 350 for binders, peptide RAKFKQLL, weight CDR3b
2024-11-13 19:13:32,808 - INFO - Processing rows 350 to 375 for binders, peptide RAKFKQLL, weight CDR3b
2024-11-13 19:13:36,660 - INFO - Processing rows 375 to 400 for binders, peptide RAKFKQLL, weight CDR3b
2024-11-13 19:13:40,828 - INFO - Processing rows 400 to 425 for binders, peptide RAKFKQLL, weight CDR3b
2024-11-13 19:13:44,892 - INFO - Processing rows 425 to 450 for binders, peptide RAKFKQLL, weight CDR3b
2024-11-13 19:13:49,167 - INFO - Processing rows 450 to 475 for binders, peptide RAKFKQLL, weight CDR3b
2024-11-13 19:13:53,056 - INFO - Processing rows 475 to 500 for binders, peptide RAKFKQLL, weight CDR3b
2024-11-13 19:13:57,096 - INFO - Processing rows 500 to 525 for binders, peptide RAKFKQLL, weight CDR3b
2024-11-13 19:14:00,969 - INFO - Processing rows 525 to 550 for binders, peptide RAKFKQLL, weight CDR3b
2024-11-13 19:14:05,074 - INFO - Processing rows 550 to 575 for binders, peptide RAKFKQLL, weight CDR3b
2024-11-13 19:14:08,728 - INFO - Processing rows 575 to 600 for binders, peptide RAKFKQLL, weight CDR3b
2024-11-13 19:14:12,908 - INFO - Processing rows 600 to 625 for binders, peptide RAKFKQLL, weight CDR3b
2024-11-13 19:14:16,982 - INFO - Processing rows 625 to 650 for binders, peptide RAKFKQLL, weight CDR3b
2024-11-13 19:14:20,463 - INFO - Processing rows 650 to 675 for binders, peptide RAKFKQLL, weight CDR3b
2024-11-13 19:14:25,332 - INFO - Processing rows 675 to 700 for binders, peptide RAKFKQLL, weight CDR3b
2024-11-13 19:14:28,795 - INFO - Processing rows 700 to 725 for binders, peptide RAKFKQLL, weight CDR3b
2024-11-13 19:14:32,803 - INFO - Processing rows 725 to 750 for binders, peptide RAKFKQLL, weight CDR3b
2024-11-13 19:14:36,411 - INFO - Processing rows 750 to 775 for binders, peptide RAKFKQLL, weight CDR3b
2024-11-13 19:14:40,805 - INFO - Processing rows 775 to 800 for binders, peptide RAKFKQLL, weight CDR3b
2024-11-13 19:14:44,579 - INFO - Processing rows 800 to 825 for binders, peptide RAKFKQLL, weight CDR3b
2024-11-13 19:14:48,583 - INFO - Processing rows 825 to 830 for binders, peptide RAKFKQLL, weight CDR3b
Traceback (most recent call last):
  File "/net/mimer/mnt/tank/projects2/emison/language_model/27th_Oct_new_matrices/04.11_new_esm/12.11/run_esm_binders.py", line 90, in <module>
    process_sequences(df_filtered, peptide, weight, "binders")
  File "/net/mimer/mnt/tank/projects2/emison/language_model/27th_Oct_new_matrices/04.11_new_esm/12.11/run_esm_binders.py", line 82, in process_sequences
    output_df.insert(0, "raw_index", raw_indexes)
  File "/home/projects2/emison/language_model/miniconda3/envs/esm2_emison/lib/python3.12/site-packages/pandas/core/frame.py", line 5171, in insert
    value, refs = self._sanitize_column(value)
                  ^^^^^^^^^^^^^^^^^^^^^^^^^^^^
  File "/home/projects2/emison/language_model/miniconda3/envs/esm2_emison/lib/python3.12/site-packages/pandas/core/frame.py", line 5266, in _sanitize_column
    com.require_length_match(value, self.index)
  File "/home/projects2/emison/language_model/miniconda3/envs/esm2_emison/lib/python3.12/site-packages/pandas/core/common.py", line 573, in require_length_match
    raise ValueError(
ValueError: Length of values (830) does not match length of index (5)
