2024-11-14 08:36:19,851 - INFO - Loading and filtering dataset for peptide RAKFKQLL
2024-11-14 08:36:20,280 - INFO - Processing dataset for peptide RAKFKQLL with weight CDR3b
2024-11-14 08:36:20,282 - INFO - Processing rows 0 to 25 for swaps, peptide RAKFKQLL, weight CDR3b
2024-11-14 08:36:32,513 - INFO - Processing rows 25 to 50 for swaps, peptide RAKFKQLL, weight CDR3b
2024-11-14 08:36:44,522 - INFO - Processing rows 50 to 75 for swaps, peptide RAKFKQLL, weight CDR3b
2024-11-14 08:36:58,562 - INFO - Processing rows 75 to 100 for swaps, peptide RAKFKQLL, weight CDR3b
2024-11-14 08:37:12,242 - INFO - Processing rows 100 to 125 for swaps, peptide RAKFKQLL, weight CDR3b
2024-11-14 08:37:25,366 - INFO - Processing rows 125 to 150 for swaps, peptide RAKFKQLL, weight CDR3b
2024-11-14 08:37:37,160 - INFO - Processing rows 150 to 175 for swaps, peptide RAKFKQLL, weight CDR3b
2024-11-14 08:37:49,024 - INFO - Processing rows 175 to 200 for swaps, peptide RAKFKQLL, weight CDR3b
2024-11-14 08:38:00,190 - INFO - Processing rows 200 to 225 for swaps, peptide RAKFKQLL, weight CDR3b
2024-11-14 08:38:11,323 - INFO - Processing rows 225 to 250 for swaps, peptide RAKFKQLL, weight CDR3b
2024-11-14 08:38:21,705 - INFO - Processing rows 250 to 275 for swaps, peptide RAKFKQLL, weight CDR3b
2024-11-14 08:38:30,478 - INFO - Processing rows 275 to 300 for swaps, peptide RAKFKQLL, weight CDR3b
2024-11-14 08:38:40,750 - INFO - Processing rows 300 to 325 for swaps, peptide RAKFKQLL, weight CDR3b
2024-11-14 08:38:54,535 - INFO - Processing rows 325 to 350 for swaps, peptide RAKFKQLL, weight CDR3b
2024-11-14 08:39:06,203 - INFO - Processing rows 350 to 375 for swaps, peptide RAKFKQLL, weight CDR3b
2024-11-14 08:39:18,114 - INFO - Processing rows 375 to 400 for swaps, peptide RAKFKQLL, weight CDR3b
2024-11-14 08:39:29,828 - INFO - Processing rows 400 to 425 for swaps, peptide RAKFKQLL, weight CDR3b
2024-11-14 08:39:43,195 - INFO - Processing rows 425 to 450 for swaps, peptide RAKFKQLL, weight CDR3b
2024-11-14 08:39:55,415 - INFO - Processing rows 450 to 475 for swaps, peptide RAKFKQLL, weight CDR3b
2024-11-14 08:40:10,233 - INFO - Processing rows 475 to 500 for swaps, peptide RAKFKQLL, weight CDR3b
2024-11-14 08:40:23,558 - INFO - Processing rows 500 to 525 for swaps, peptide RAKFKQLL, weight CDR3b
2024-11-14 08:40:38,021 - INFO - Processing rows 525 to 550 for swaps, peptide RAKFKQLL, weight CDR3b
2024-11-14 08:40:51,901 - INFO - Processing rows 550 to 575 for swaps, peptide RAKFKQLL, weight CDR3b
2024-11-14 08:41:04,573 - INFO - Processing rows 575 to 600 for swaps, peptide RAKFKQLL, weight CDR3b
2024-11-14 08:41:18,428 - INFO - Processing rows 600 to 625 for swaps, peptide RAKFKQLL, weight CDR3b
2024-11-14 08:41:31,976 - INFO - Processing rows 625 to 650 for swaps, peptide RAKFKQLL, weight CDR3b
2024-11-14 08:41:45,975 - INFO - Processing rows 650 to 675 for swaps, peptide RAKFKQLL, weight CDR3b
2024-11-14 08:42:00,876 - INFO - Processing rows 675 to 700 for swaps, peptide RAKFKQLL, weight CDR3b
2024-11-14 08:42:12,489 - INFO - Processing rows 700 to 725 for swaps, peptide RAKFKQLL, weight CDR3b
2024-11-14 08:42:26,222 - INFO - Processing rows 725 to 750 for swaps, peptide RAKFKQLL, weight CDR3b
2024-11-14 08:42:40,278 - INFO - Processing rows 750 to 775 for swaps, peptide RAKFKQLL, weight CDR3b
2024-11-14 08:42:54,106 - INFO - Processing rows 775 to 800 for swaps, peptide RAKFKQLL, weight CDR3b
2024-11-14 08:43:07,766 - INFO - Processing rows 800 to 825 for swaps, peptide RAKFKQLL, weight CDR3b
2024-11-14 08:43:21,882 - INFO - Processing rows 825 to 850 for swaps, peptide RAKFKQLL, weight CDR3b
2024-11-14 08:43:35,365 - INFO - Processing rows 850 to 875 for swaps, peptide RAKFKQLL, weight CDR3b
2024-11-14 08:43:48,838 - INFO - Processing rows 875 to 900 for swaps, peptide RAKFKQLL, weight CDR3b
2024-11-14 08:44:03,963 - INFO - Processing rows 900 to 925 for swaps, peptide RAKFKQLL, weight CDR3b
2024-11-14 08:44:18,510 - INFO - Processing rows 925 to 950 for swaps, peptide RAKFKQLL, weight CDR3b
2024-11-14 08:44:34,778 - INFO - Processing rows 950 to 975 for swaps, peptide RAKFKQLL, weight CDR3b
2024-11-14 08:44:48,674 - INFO - Processing rows 975 to 1000 for swaps, peptide RAKFKQLL, weight CDR3b
2024-11-14 08:45:03,761 - INFO - Processing rows 1000 to 1025 for swaps, peptide RAKFKQLL, weight CDR3b
2024-11-14 08:45:18,282 - INFO - Processing rows 1025 to 1050 for swaps, peptide RAKFKQLL, weight CDR3b
2024-11-14 08:45:34,109 - INFO - Processing rows 1050 to 1075 for swaps, peptide RAKFKQLL, weight CDR3b
2024-11-14 08:45:49,525 - INFO - Processing rows 1075 to 1100 for swaps, peptide RAKFKQLL, weight CDR3b
2024-11-14 08:46:05,182 - INFO - Processing rows 1100 to 1125 for swaps, peptide RAKFKQLL, weight CDR3b
2024-11-14 08:46:21,239 - INFO - Processing rows 1125 to 1150 for swaps, peptide RAKFKQLL, weight CDR3b
2024-11-14 08:46:34,991 - INFO - Processing rows 1150 to 1175 for swaps, peptide RAKFKQLL, weight CDR3b
2024-11-14 08:46:51,089 - INFO - Processing rows 1175 to 1200 for swaps, peptide RAKFKQLL, weight CDR3b
2024-11-14 08:47:07,310 - INFO - Processing rows 1200 to 1225 for swaps, peptide RAKFKQLL, weight CDR3b
2024-11-14 08:47:21,709 - INFO - Processing rows 1225 to 1250 for swaps, peptide RAKFKQLL, weight CDR3b
2024-11-14 08:47:35,749 - INFO - Processing rows 1250 to 1275 for swaps, peptide RAKFKQLL, weight CDR3b
2024-11-14 08:47:50,207 - INFO - Processing rows 1275 to 1300 for swaps, peptide RAKFKQLL, weight CDR3b
2024-11-14 08:48:04,789 - INFO - Processing rows 1300 to 1325 for swaps, peptide RAKFKQLL, weight CDR3b
2024-11-14 08:48:19,721 - INFO - Processing rows 1325 to 1350 for swaps, peptide RAKFKQLL, weight CDR3b
2024-11-14 08:48:36,773 - INFO - Processing rows 1350 to 1375 for swaps, peptide RAKFKQLL, weight CDR3b
2024-11-14 08:48:52,145 - INFO - Processing rows 1375 to 1400 for swaps, peptide RAKFKQLL, weight CDR3b
2024-11-14 08:49:07,512 - INFO - Processing rows 1400 to 1425 for swaps, peptide RAKFKQLL, weight CDR3b
2024-11-14 08:49:22,393 - INFO - Processing rows 1425 to 1450 for swaps, peptide RAKFKQLL, weight CDR3b
2024-11-14 08:49:37,304 - INFO - Processing rows 1450 to 1475 for swaps, peptide RAKFKQLL, weight CDR3b
2024-11-14 08:49:51,783 - INFO - Processing rows 1475 to 1500 for swaps, peptide RAKFKQLL, weight CDR3b
2024-11-14 08:50:06,736 - INFO - Processing rows 1500 to 1525 for swaps, peptide RAKFKQLL, weight CDR3b
2024-11-14 08:50:20,785 - INFO - Processing rows 1525 to 1550 for swaps, peptide RAKFKQLL, weight CDR3b
2024-11-14 08:50:35,793 - INFO - Processing rows 1550 to 1575 for swaps, peptide RAKFKQLL, weight CDR3b
2024-11-14 08:50:49,486 - INFO - Processing rows 1575 to 1600 for swaps, peptide RAKFKQLL, weight CDR3b
2024-11-14 08:51:04,717 - INFO - Processing rows 1600 to 1625 for swaps, peptide RAKFKQLL, weight CDR3b
2024-11-14 08:51:25,493 - INFO - Processing rows 1625 to 1650 for swaps, peptide RAKFKQLL, weight CDR3b
2024-11-14 08:51:40,731 - INFO - Processing rows 1650 to 1675 for swaps, peptide RAKFKQLL, weight CDR3b
2024-11-14 08:51:54,591 - INFO - Processing rows 1675 to 1700 for swaps, peptide RAKFKQLL, weight CDR3b
2024-11-14 08:52:08,958 - INFO - Processing rows 1700 to 1725 for swaps, peptide RAKFKQLL, weight CDR3b
2024-11-14 08:52:24,632 - INFO - Processing rows 1725 to 1750 for swaps, peptide RAKFKQLL, weight CDR3b
2024-11-14 08:52:40,717 - INFO - Processing rows 1750 to 1775 for swaps, peptide RAKFKQLL, weight CDR3b
2024-11-14 08:52:56,419 - INFO - Processing rows 1775 to 1800 for swaps, peptide RAKFKQLL, weight CDR3b
2024-11-14 08:53:12,299 - INFO - Processing rows 1800 to 1825 for swaps, peptide RAKFKQLL, weight CDR3b
2024-11-14 08:53:28,569 - INFO - Processing rows 1825 to 1850 for swaps, peptide RAKFKQLL, weight CDR3b
2024-11-14 08:53:42,614 - INFO - Processing rows 1850 to 1875 for swaps, peptide RAKFKQLL, weight CDR3b
2024-11-14 08:53:57,051 - INFO - Processing rows 1875 to 1900 for swaps, peptide RAKFKQLL, weight CDR3b
2024-11-14 08:54:10,798 - INFO - Processing rows 1900 to 1925 for swaps, peptide RAKFKQLL, weight CDR3b
2024-11-14 08:54:26,307 - INFO - Processing rows 1925 to 1950 for swaps, peptide RAKFKQLL, weight CDR3b
2024-11-14 08:54:40,657 - INFO - Processing rows 1950 to 1975 for swaps, peptide RAKFKQLL, weight CDR3b
2024-11-14 08:54:54,665 - INFO - Processing rows 1975 to 2000 for swaps, peptide RAKFKQLL, weight CDR3b
2024-11-14 08:55:09,330 - INFO - Processing rows 2000 to 2025 for swaps, peptide RAKFKQLL, weight CDR3b
2024-11-14 08:55:22,767 - INFO - Processing rows 2025 to 2050 for swaps, peptide RAKFKQLL, weight CDR3b
2024-11-14 08:55:36,593 - INFO - Processing rows 2050 to 2075 for swaps, peptide RAKFKQLL, weight CDR3b
2024-11-14 08:55:52,029 - INFO - Processing rows 2075 to 2100 for swaps, peptide RAKFKQLL, weight CDR3b
2024-11-14 08:56:07,430 - INFO - Processing rows 2100 to 2125 for swaps, peptide RAKFKQLL, weight CDR3b
2024-11-14 08:56:23,982 - INFO - Processing rows 2125 to 2150 for swaps, peptide RAKFKQLL, weight CDR3b
2024-11-14 08:56:39,114 - INFO - Processing rows 2150 to 2175 for swaps, peptide RAKFKQLL, weight CDR3b
2024-11-14 08:56:54,685 - INFO - Processing rows 2175 to 2200 for swaps, peptide RAKFKQLL, weight CDR3b
2024-11-14 08:57:09,054 - INFO - Processing rows 2200 to 2225 for swaps, peptide RAKFKQLL, weight CDR3b
2024-11-14 08:57:23,241 - INFO - Processing rows 2225 to 2250 for swaps, peptide RAKFKQLL, weight CDR3b
2024-11-14 08:57:38,592 - INFO - Processing rows 2250 to 2275 for swaps, peptide RAKFKQLL, weight CDR3b
2024-11-14 08:57:53,443 - INFO - Processing rows 2275 to 2300 for swaps, peptide RAKFKQLL, weight CDR3b
2024-11-14 08:58:08,973 - INFO - Processing rows 2300 to 2325 for swaps, peptide RAKFKQLL, weight CDR3b
2024-11-14 08:58:23,710 - INFO - Processing rows 2325 to 2350 for swaps, peptide RAKFKQLL, weight CDR3b
2024-11-14 08:58:38,962 - INFO - Processing rows 2350 to 2375 for swaps, peptide RAKFKQLL, weight CDR3b
2024-11-14 08:58:53,829 - INFO - Processing rows 2375 to 2400 for swaps, peptide RAKFKQLL, weight CDR3b
2024-11-14 08:59:10,116 - INFO - Processing rows 2400 to 2425 for swaps, peptide RAKFKQLL, weight CDR3b
2024-11-14 08:59:19,296 - INFO - Processing rows 2425 to 2450 for swaps, peptide RAKFKQLL, weight CDR3b
2024-11-14 08:59:28,173 - INFO - Processing rows 2450 to 2475 for swaps, peptide RAKFKQLL, weight CDR3b
2024-11-14 08:59:36,904 - INFO - Processing rows 2475 to 2500 for swaps, peptide RAKFKQLL, weight CDR3b
2024-11-14 08:59:44,273 - INFO - Processing rows 2500 to 2525 for swaps, peptide RAKFKQLL, weight CDR3b
2024-11-14 08:59:58,938 - INFO - Processing rows 2525 to 2550 for swaps, peptide RAKFKQLL, weight CDR3b
2024-11-14 09:00:13,994 - INFO - Processing rows 2550 to 2575 for swaps, peptide RAKFKQLL, weight CDR3b
2024-11-14 09:00:29,019 - INFO - Processing rows 2575 to 2600 for swaps, peptide RAKFKQLL, weight CDR3b
2024-11-14 09:00:43,240 - INFO - Processing rows 2600 to 2625 for swaps, peptide RAKFKQLL, weight CDR3b
2024-11-14 09:00:58,462 - INFO - Processing rows 2625 to 2650 for swaps, peptide RAKFKQLL, weight CDR3b
2024-11-14 09:01:11,621 - INFO - Processing rows 2650 to 2675 for swaps, peptide RAKFKQLL, weight CDR3b
2024-11-14 09:01:27,946 - INFO - Processing rows 2675 to 2700 for swaps, peptide RAKFKQLL, weight CDR3b
2024-11-14 09:01:42,954 - INFO - Processing rows 2700 to 2725 for swaps, peptide RAKFKQLL, weight CDR3b
2024-11-14 09:01:57,547 - INFO - Processing rows 2725 to 2750 for swaps, peptide RAKFKQLL, weight CDR3b
2024-11-14 09:02:11,550 - INFO - Processing rows 2750 to 2775 for swaps, peptide RAKFKQLL, weight CDR3b
2024-11-14 09:02:26,278 - INFO - Processing rows 2775 to 2800 for swaps, peptide RAKFKQLL, weight CDR3b
2024-11-14 09:02:40,999 - INFO - Processing rows 2800 to 2825 for swaps, peptide RAKFKQLL, weight CDR3b
2024-11-14 09:02:58,046 - INFO - Processing rows 2825 to 2850 for swaps, peptide RAKFKQLL, weight CDR3b
2024-11-14 09:03:13,054 - INFO - Processing rows 2850 to 2875 for swaps, peptide RAKFKQLL, weight CDR3b
2024-11-14 09:03:28,788 - INFO - Processing rows 2875 to 2900 for swaps, peptide RAKFKQLL, weight CDR3b
2024-11-14 09:03:43,173 - INFO - Processing rows 2900 to 2925 for swaps, peptide RAKFKQLL, weight CDR3b
2024-11-14 09:03:58,687 - INFO - Processing rows 2925 to 2950 for swaps, peptide RAKFKQLL, weight CDR3b
2024-11-14 09:04:13,644 - INFO - Processing rows 2950 to 2975 for swaps, peptide RAKFKQLL, weight CDR3b
2024-11-14 09:04:27,444 - INFO - Processing rows 2975 to 3000 for swaps, peptide RAKFKQLL, weight CDR3b
2024-11-14 09:04:42,777 - INFO - Processing rows 3000 to 3025 for swaps, peptide RAKFKQLL, weight CDR3b
2024-11-14 09:04:57,414 - INFO - Processing rows 3025 to 3050 for swaps, peptide RAKFKQLL, weight CDR3b
2024-11-14 09:05:14,996 - INFO - Processing rows 3050 to 3075 for swaps, peptide RAKFKQLL, weight CDR3b
2024-11-14 09:05:30,285 - INFO - Processing rows 3075 to 3100 for swaps, peptide RAKFKQLL, weight CDR3b
2024-11-14 09:05:45,132 - INFO - Processing rows 3100 to 3125 for swaps, peptide RAKFKQLL, weight CDR3b
2024-11-14 09:06:01,964 - INFO - Processing rows 3125 to 3150 for swaps, peptide RAKFKQLL, weight CDR3b
2024-11-14 09:06:17,282 - INFO - Processing rows 3150 to 3175 for swaps, peptide RAKFKQLL, weight CDR3b
2024-11-14 09:06:31,628 - INFO - Processing rows 3175 to 3200 for swaps, peptide RAKFKQLL, weight CDR3b
2024-11-14 09:06:47,050 - INFO - Processing rows 3200 to 3225 for swaps, peptide RAKFKQLL, weight CDR3b
2024-11-14 09:07:01,053 - INFO - Processing rows 3225 to 3250 for swaps, peptide RAKFKQLL, weight CDR3b
2024-11-14 09:07:16,881 - INFO - Processing rows 3250 to 3275 for swaps, peptide RAKFKQLL, weight CDR3b
2024-11-14 09:07:31,533 - INFO - Processing rows 3275 to 3300 for swaps, peptide RAKFKQLL, weight CDR3b
2024-11-14 09:07:47,531 - INFO - Processing rows 3300 to 3325 for swaps, peptide RAKFKQLL, weight CDR3b
2024-11-14 09:08:03,986 - INFO - Processing rows 3325 to 3350 for swaps, peptide RAKFKQLL, weight CDR3b
2024-11-14 09:08:19,154 - INFO - Processing rows 3350 to 3375 for swaps, peptide RAKFKQLL, weight CDR3b
2024-11-14 09:08:34,149 - INFO - Processing rows 3375 to 3400 for swaps, peptide RAKFKQLL, weight CDR3b
2024-11-14 09:08:48,316 - INFO - Processing rows 3400 to 3425 for swaps, peptide RAKFKQLL, weight CDR3b
2024-11-14 09:09:02,843 - INFO - Processing rows 3425 to 3450 for swaps, peptide RAKFKQLL, weight CDR3b
2024-11-14 09:09:16,556 - INFO - Processing rows 3450 to 3475 for swaps, peptide RAKFKQLL, weight CDR3b
2024-11-14 09:09:31,468 - INFO - Processing rows 3475 to 3500 for swaps, peptide RAKFKQLL, weight CDR3b
2024-11-14 09:09:48,165 - INFO - Processing rows 3500 to 3525 for swaps, peptide RAKFKQLL, weight CDR3b
2024-11-14 09:10:03,432 - INFO - Processing rows 3525 to 3550 for swaps, peptide RAKFKQLL, weight CDR3b
2024-11-14 09:10:17,146 - INFO - Processing rows 3550 to 3575 for swaps, peptide RAKFKQLL, weight CDR3b
2024-11-14 09:10:31,580 - INFO - Processing rows 3575 to 3600 for swaps, peptide RAKFKQLL, weight CDR3b
2024-11-14 09:10:45,505 - INFO - Processing rows 3600 to 3625 for swaps, peptide RAKFKQLL, weight CDR3b
2024-11-14 09:10:58,728 - INFO - Processing rows 3625 to 3650 for swaps, peptide RAKFKQLL, weight CDR3b
2024-11-14 09:11:13,958 - INFO - Processing rows 3650 to 3675 for swaps, peptide RAKFKQLL, weight CDR3b
2024-11-14 09:11:28,776 - INFO - Processing rows 3675 to 3700 for swaps, peptide RAKFKQLL, weight CDR3b
2024-11-14 09:11:43,012 - INFO - Processing rows 3700 to 3725 for swaps, peptide RAKFKQLL, weight CDR3b
2024-11-14 09:11:56,765 - INFO - Processing rows 3725 to 3750 for swaps, peptide RAKFKQLL, weight CDR3b
2024-11-14 09:12:11,172 - INFO - Processing rows 3750 to 3775 for swaps, peptide RAKFKQLL, weight CDR3b
2024-11-14 09:12:25,668 - INFO - Processing rows 3775 to 3800 for swaps, peptide RAKFKQLL, weight CDR3b
2024-11-14 09:12:41,176 - INFO - Processing rows 3800 to 3825 for swaps, peptide RAKFKQLL, weight CDR3b
2024-11-14 09:12:55,800 - INFO - Processing rows 3825 to 3850 for swaps, peptide RAKFKQLL, weight CDR3b
2024-11-14 09:13:10,443 - INFO - Processing rows 3850 to 3875 for swaps, peptide RAKFKQLL, weight CDR3b
2024-11-14 09:13:25,629 - INFO - Processing rows 3875 to 3900 for swaps, peptide RAKFKQLL, weight CDR3b
2024-11-14 09:13:38,842 - INFO - Processing rows 3900 to 3925 for swaps, peptide RAKFKQLL, weight CDR3b
2024-11-14 09:13:46,774 - INFO - Processing rows 3925 to 3950 for swaps, peptide RAKFKQLL, weight CDR3b
2024-11-14 09:13:55,500 - INFO - Processing rows 3950 to 3975 for swaps, peptide RAKFKQLL, weight CDR3b
2024-11-14 09:14:04,985 - INFO - Processing rows 3975 to 4000 for swaps, peptide RAKFKQLL, weight CDR3b
2024-11-14 09:14:14,804 - INFO - Processing rows 4000 to 4025 for swaps, peptide RAKFKQLL, weight CDR3b
2024-11-14 09:14:23,397 - INFO - Processing rows 4025 to 4050 for swaps, peptide RAKFKQLL, weight CDR3b
2024-11-14 09:14:33,741 - INFO - Processing rows 4050 to 4075 for swaps, peptide RAKFKQLL, weight CDR3b
2024-11-14 09:14:44,016 - INFO - Processing rows 4075 to 4100 for swaps, peptide RAKFKQLL, weight CDR3b
2024-11-14 09:14:53,393 - INFO - Processing rows 4100 to 4125 for swaps, peptide RAKFKQLL, weight CDR3b
2024-11-14 09:15:01,498 - INFO - Processing rows 4125 to 4150 for swaps, peptide RAKFKQLL, weight CDR3b
2024-11-14 09:15:13,536 - INFO - Processing rows 4150 to 4175 for swaps, peptide RAKFKQLL, weight CDR3b
2024-11-14 09:15:24,391 - INFO - Processing rows 4175 to 4200 for swaps, peptide RAKFKQLL, weight CDR3b
2024-11-14 09:15:35,915 - INFO - Processing rows 4200 to 4225 for swaps, peptide RAKFKQLL, weight CDR3b
2024-11-14 09:15:47,610 - INFO - Processing rows 4225 to 4250 for swaps, peptide RAKFKQLL, weight CDR3b
2024-11-14 09:15:58,746 - INFO - Processing rows 4250 to 4275 for swaps, peptide RAKFKQLL, weight CDR3b
2024-11-14 09:16:07,789 - INFO - Processing rows 4275 to 4300 for swaps, peptide RAKFKQLL, weight CDR3b
2024-11-14 09:16:16,095 - INFO - Processing rows 4300 to 4325 for swaps, peptide RAKFKQLL, weight CDR3b
2024-11-14 09:16:23,610 - INFO - Processing rows 4325 to 4350 for swaps, peptide RAKFKQLL, weight CDR3b
2024-11-14 09:16:32,716 - INFO - Processing rows 4350 to 4375 for swaps, peptide RAKFKQLL, weight CDR3b
2024-11-14 09:16:40,591 - INFO - Processing rows 4375 to 4400 for swaps, peptide RAKFKQLL, weight CDR3b
2024-11-14 09:16:48,372 - INFO - Processing rows 4400 to 4425 for swaps, peptide RAKFKQLL, weight CDR3b
2024-11-14 09:16:55,876 - INFO - Processing rows 4425 to 4450 for swaps, peptide RAKFKQLL, weight CDR3b
2024-11-14 09:17:04,770 - INFO - Processing rows 4450 to 4475 for swaps, peptide RAKFKQLL, weight CDR3b
2024-11-14 09:17:13,409 - INFO - Processing rows 4475 to 4500 for swaps, peptide RAKFKQLL, weight CDR3b
2024-11-14 09:17:24,970 - INFO - Processing rows 4500 to 4525 for swaps, peptide RAKFKQLL, weight CDR3b
2024-11-14 09:17:40,429 - INFO - Processing rows 4525 to 4550 for swaps, peptide RAKFKQLL, weight CDR3b
2024-11-14 09:17:56,554 - INFO - Processing rows 4550 to 4575 for swaps, peptide RAKFKQLL, weight CDR3b
2024-11-14 09:18:09,970 - INFO - Processing rows 4575 to 4600 for swaps, peptide RAKFKQLL, weight CDR3b
2024-11-14 09:18:25,573 - INFO - Processing rows 4600 to 4625 for swaps, peptide RAKFKQLL, weight CDR3b
2024-11-14 09:18:40,581 - INFO - Processing rows 4625 to 4650 for swaps, peptide RAKFKQLL, weight CDR3b
2024-11-14 09:18:57,596 - INFO - Processing rows 4650 to 4675 for swaps, peptide RAKFKQLL, weight CDR3b
2024-11-14 09:19:14,217 - INFO - Processing rows 4675 to 4700 for swaps, peptide RAKFKQLL, weight CDR3b
2024-11-14 09:19:31,002 - INFO - Processing rows 4700 to 4725 for swaps, peptide RAKFKQLL, weight CDR3b
2024-11-14 09:19:48,094 - INFO - Processing rows 4725 to 4750 for swaps, peptide RAKFKQLL, weight CDR3b
2024-11-14 09:20:01,821 - INFO - Processing rows 4750 to 4775 for swaps, peptide RAKFKQLL, weight CDR3b
2024-11-14 09:20:16,380 - INFO - Processing rows 4775 to 4800 for swaps, peptide RAKFKQLL, weight CDR3b
2024-11-14 09:20:32,873 - INFO - Processing rows 4800 to 4825 for swaps, peptide RAKFKQLL, weight CDR3b
2024-11-14 09:20:52,470 - INFO - Processing rows 4825 to 4850 for swaps, peptide RAKFKQLL, weight CDR3b
2024-11-14 09:21:07,527 - INFO - Processing rows 4850 to 4875 for swaps, peptide RAKFKQLL, weight CDR3b
2024-11-14 09:21:23,004 - INFO - Processing rows 4875 to 4900 for swaps, peptide RAKFKQLL, weight CDR3b
2024-11-14 09:21:39,397 - INFO - Processing rows 4900 to 4925 for swaps, peptide RAKFKQLL, weight CDR3b
2024-11-14 09:21:56,239 - INFO - Processing rows 4925 to 4950 for swaps, peptide RAKFKQLL, weight CDR3b
2024-11-14 09:22:16,479 - INFO - Processing rows 4950 to 4975 for swaps, peptide RAKFKQLL, weight CDR3b
2024-11-14 09:22:31,987 - INFO - Processing rows 4975 to 4980 for swaps, peptide RAKFKQLL, weight CDR3b
2024-11-14 09:22:35,341 - INFO - ESM finished.. Saving file...
2024-11-14 09:45:06,253 - INFO - Saved to /net/mimer/mnt/tank/projects2/emison/language_model/27th_Oct_new_matrices/04.11_new_esm/12.11/sequence_summed_vectors_swaps_RAKFKQLL_CDR3b.csv
