2024-11-13 19:28:30,647 - INFO - Loading and filtering dataset for peptide RAKFKQLL
2024-11-13 19:28:31,027 - INFO - Processing dataset for peptide RAKFKQLL with weight CDR2a
2024-11-13 19:28:31,029 - INFO - Processing rows 0 to 25 for swaps, peptide RAKFKQLL, weight CDR2a
2024-11-13 19:28:36,607 - INFO - Processing rows 25 to 50 for swaps, peptide RAKFKQLL, weight CDR2a
2024-11-13 19:28:42,607 - INFO - Processing rows 50 to 75 for swaps, peptide RAKFKQLL, weight CDR2a
2024-11-13 19:28:48,703 - INFO - Processing rows 75 to 100 for swaps, peptide RAKFKQLL, weight CDR2a
2024-11-13 19:28:54,804 - INFO - Processing rows 100 to 125 for swaps, peptide RAKFKQLL, weight CDR2a
2024-11-13 19:29:00,813 - INFO - Processing rows 125 to 150 for swaps, peptide RAKFKQLL, weight CDR2a
2024-11-13 19:29:06,865 - INFO - Processing rows 150 to 175 for swaps, peptide RAKFKQLL, weight CDR2a
2024-11-13 19:29:12,956 - INFO - Processing rows 175 to 200 for swaps, peptide RAKFKQLL, weight CDR2a
2024-11-13 19:29:18,898 - INFO - Processing rows 200 to 225 for swaps, peptide RAKFKQLL, weight CDR2a
2024-11-13 19:29:24,936 - INFO - Processing rows 225 to 250 for swaps, peptide RAKFKQLL, weight CDR2a
2024-11-13 19:29:30,922 - INFO - Processing rows 250 to 275 for swaps, peptide RAKFKQLL, weight CDR2a
2024-11-13 19:29:36,720 - INFO - Processing rows 275 to 300 for swaps, peptide RAKFKQLL, weight CDR2a
2024-11-13 19:29:42,548 - INFO - Processing rows 300 to 325 for swaps, peptide RAKFKQLL, weight CDR2a
2024-11-13 19:29:48,522 - INFO - Processing rows 325 to 350 for swaps, peptide RAKFKQLL, weight CDR2a
2024-11-13 19:29:54,480 - INFO - Processing rows 350 to 375 for swaps, peptide RAKFKQLL, weight CDR2a
2024-11-13 19:30:00,326 - INFO - Processing rows 375 to 400 for swaps, peptide RAKFKQLL, weight CDR2a
2024-11-13 19:30:06,207 - INFO - Processing rows 400 to 425 for swaps, peptide RAKFKQLL, weight CDR2a
2024-11-13 19:30:12,209 - INFO - Processing rows 425 to 450 for swaps, peptide RAKFKQLL, weight CDR2a
2024-11-13 19:30:18,054 - INFO - Processing rows 450 to 475 for swaps, peptide RAKFKQLL, weight CDR2a
2024-11-13 19:30:23,932 - INFO - Processing rows 475 to 500 for swaps, peptide RAKFKQLL, weight CDR2a
2024-11-13 19:30:29,773 - INFO - Processing rows 500 to 525 for swaps, peptide RAKFKQLL, weight CDR2a
2024-11-13 19:30:35,563 - INFO - Processing rows 525 to 550 for swaps, peptide RAKFKQLL, weight CDR2a
2024-11-13 19:30:41,564 - INFO - Processing rows 550 to 575 for swaps, peptide RAKFKQLL, weight CDR2a
2024-11-13 19:30:47,501 - INFO - Processing rows 575 to 600 for swaps, peptide RAKFKQLL, weight CDR2a
2024-11-13 19:30:53,380 - INFO - Processing rows 600 to 625 for swaps, peptide RAKFKQLL, weight CDR2a
2024-11-13 19:30:59,423 - INFO - Processing rows 625 to 650 for swaps, peptide RAKFKQLL, weight CDR2a
2024-11-13 19:31:05,534 - INFO - Processing rows 650 to 675 for swaps, peptide RAKFKQLL, weight CDR2a
2024-11-13 19:31:11,456 - INFO - Processing rows 675 to 700 for swaps, peptide RAKFKQLL, weight CDR2a
2024-11-13 19:31:17,230 - INFO - Processing rows 700 to 725 for swaps, peptide RAKFKQLL, weight CDR2a
2024-11-13 19:31:23,046 - INFO - Processing rows 725 to 750 for swaps, peptide RAKFKQLL, weight CDR2a
2024-11-13 19:31:28,813 - INFO - Processing rows 750 to 775 for swaps, peptide RAKFKQLL, weight CDR2a
2024-11-13 19:31:34,573 - INFO - Processing rows 775 to 800 for swaps, peptide RAKFKQLL, weight CDR2a
2024-11-13 19:31:40,365 - INFO - Processing rows 800 to 825 for swaps, peptide RAKFKQLL, weight CDR2a
2024-11-13 19:31:46,205 - INFO - Processing rows 825 to 850 for swaps, peptide RAKFKQLL, weight CDR2a
2024-11-13 19:31:52,002 - INFO - Processing rows 850 to 875 for swaps, peptide RAKFKQLL, weight CDR2a
2024-11-13 19:31:57,726 - INFO - Processing rows 875 to 900 for swaps, peptide RAKFKQLL, weight CDR2a
2024-11-13 19:32:03,551 - INFO - Processing rows 900 to 925 for swaps, peptide RAKFKQLL, weight CDR2a
2024-11-13 19:32:09,427 - INFO - Processing rows 925 to 950 for swaps, peptide RAKFKQLL, weight CDR2a
2024-11-13 19:32:15,316 - INFO - Processing rows 950 to 975 for swaps, peptide RAKFKQLL, weight CDR2a
2024-11-13 19:32:21,180 - INFO - Processing rows 975 to 1000 for swaps, peptide RAKFKQLL, weight CDR2a
2024-11-13 19:32:26,886 - INFO - Processing rows 1000 to 1025 for swaps, peptide RAKFKQLL, weight CDR2a
2024-11-13 19:32:32,588 - INFO - Processing rows 1025 to 1050 for swaps, peptide RAKFKQLL, weight CDR2a
2024-11-13 19:32:38,290 - INFO - Processing rows 1050 to 1075 for swaps, peptide RAKFKQLL, weight CDR2a
2024-11-13 19:32:44,012 - INFO - Processing rows 1075 to 1100 for swaps, peptide RAKFKQLL, weight CDR2a
2024-11-13 19:32:49,824 - INFO - Processing rows 1100 to 1125 for swaps, peptide RAKFKQLL, weight CDR2a
2024-11-13 19:32:55,798 - INFO - Processing rows 1125 to 1150 for swaps, peptide RAKFKQLL, weight CDR2a
2024-11-13 19:33:01,737 - INFO - Processing rows 1150 to 1175 for swaps, peptide RAKFKQLL, weight CDR2a
2024-11-13 19:33:07,760 - INFO - Processing rows 1175 to 1200 for swaps, peptide RAKFKQLL, weight CDR2a
2024-11-13 19:33:13,789 - INFO - Processing rows 1200 to 1225 for swaps, peptide RAKFKQLL, weight CDR2a
2024-11-13 19:33:19,812 - INFO - Processing rows 1225 to 1250 for swaps, peptide RAKFKQLL, weight CDR2a
2024-11-13 19:33:25,847 - INFO - Processing rows 1250 to 1275 for swaps, peptide RAKFKQLL, weight CDR2a
2024-11-13 19:33:31,840 - INFO - Processing rows 1275 to 1300 for swaps, peptide RAKFKQLL, weight CDR2a
2024-11-13 19:33:37,875 - INFO - Processing rows 1300 to 1325 for swaps, peptide RAKFKQLL, weight CDR2a
2024-11-13 19:33:43,930 - INFO - Processing rows 1325 to 1350 for swaps, peptide RAKFKQLL, weight CDR2a
2024-11-13 19:33:49,911 - INFO - Processing rows 1350 to 1375 for swaps, peptide RAKFKQLL, weight CDR2a
2024-11-13 19:33:55,967 - INFO - Processing rows 1375 to 1400 for swaps, peptide RAKFKQLL, weight CDR2a
2024-11-13 19:34:02,061 - INFO - Processing rows 1400 to 1425 for swaps, peptide RAKFKQLL, weight CDR2a
2024-11-13 19:34:08,162 - INFO - Processing rows 1425 to 1450 for swaps, peptide RAKFKQLL, weight CDR2a
2024-11-13 19:34:14,185 - INFO - Processing rows 1450 to 1475 for swaps, peptide RAKFKQLL, weight CDR2a
2024-11-13 19:34:20,338 - INFO - Processing rows 1475 to 1500 for swaps, peptide RAKFKQLL, weight CDR2a
2024-11-13 19:34:26,411 - INFO - Processing rows 1500 to 1525 for swaps, peptide RAKFKQLL, weight CDR2a
2024-11-13 19:34:32,459 - INFO - Processing rows 1525 to 1550 for swaps, peptide RAKFKQLL, weight CDR2a
2024-11-13 19:34:38,530 - INFO - Processing rows 1550 to 1575 for swaps, peptide RAKFKQLL, weight CDR2a
2024-11-13 19:34:44,571 - INFO - Processing rows 1575 to 1600 for swaps, peptide RAKFKQLL, weight CDR2a
2024-11-13 19:34:50,657 - INFO - Processing rows 1600 to 1625 for swaps, peptide RAKFKQLL, weight CDR2a
2024-11-13 19:34:56,618 - INFO - Processing rows 1625 to 1650 for swaps, peptide RAKFKQLL, weight CDR2a
2024-11-13 19:35:02,611 - INFO - Processing rows 1650 to 1675 for swaps, peptide RAKFKQLL, weight CDR2a
2024-11-13 19:35:08,545 - INFO - Processing rows 1675 to 1700 for swaps, peptide RAKFKQLL, weight CDR2a
2024-11-13 19:35:14,492 - INFO - Processing rows 1700 to 1725 for swaps, peptide RAKFKQLL, weight CDR2a
2024-11-13 19:35:20,475 - INFO - Processing rows 1725 to 1750 for swaps, peptide RAKFKQLL, weight CDR2a
2024-11-13 19:35:26,430 - INFO - Processing rows 1750 to 1775 for swaps, peptide RAKFKQLL, weight CDR2a
2024-11-13 19:35:32,414 - INFO - Processing rows 1775 to 1800 for swaps, peptide RAKFKQLL, weight CDR2a
2024-11-13 19:35:38,323 - INFO - Processing rows 1800 to 1825 for swaps, peptide RAKFKQLL, weight CDR2a
2024-11-13 19:35:44,235 - INFO - Processing rows 1825 to 1850 for swaps, peptide RAKFKQLL, weight CDR2a
2024-11-13 19:35:50,124 - INFO - Processing rows 1850 to 1875 for swaps, peptide RAKFKQLL, weight CDR2a
2024-11-13 19:35:56,042 - INFO - Processing rows 1875 to 1900 for swaps, peptide RAKFKQLL, weight CDR2a
2024-11-13 19:36:02,005 - INFO - Processing rows 1900 to 1925 for swaps, peptide RAKFKQLL, weight CDR2a
2024-11-13 19:36:07,916 - INFO - Processing rows 1925 to 1950 for swaps, peptide RAKFKQLL, weight CDR2a
2024-11-13 19:36:13,866 - INFO - Processing rows 1950 to 1975 for swaps, peptide RAKFKQLL, weight CDR2a
2024-11-13 19:36:19,814 - INFO - Processing rows 1975 to 2000 for swaps, peptide RAKFKQLL, weight CDR2a
2024-11-13 19:36:25,850 - INFO - Processing rows 2000 to 2025 for swaps, peptide RAKFKQLL, weight CDR2a
2024-11-13 19:36:31,783 - INFO - Processing rows 2025 to 2050 for swaps, peptide RAKFKQLL, weight CDR2a
2024-11-13 19:36:37,743 - INFO - Processing rows 2050 to 2075 for swaps, peptide RAKFKQLL, weight CDR2a
2024-11-13 19:36:43,658 - INFO - Processing rows 2075 to 2100 for swaps, peptide RAKFKQLL, weight CDR2a
2024-11-13 19:36:49,566 - INFO - Processing rows 2100 to 2125 for swaps, peptide RAKFKQLL, weight CDR2a
2024-11-13 19:36:55,504 - INFO - Processing rows 2125 to 2150 for swaps, peptide RAKFKQLL, weight CDR2a
2024-11-13 19:37:01,436 - INFO - Processing rows 2150 to 2175 for swaps, peptide RAKFKQLL, weight CDR2a
2024-11-13 19:37:07,432 - INFO - Processing rows 2175 to 2200 for swaps, peptide RAKFKQLL, weight CDR2a
2024-11-13 19:37:13,387 - INFO - Processing rows 2200 to 2225 for swaps, peptide RAKFKQLL, weight CDR2a
2024-11-13 19:37:19,384 - INFO - Processing rows 2225 to 2250 for swaps, peptide RAKFKQLL, weight CDR2a
2024-11-13 19:37:25,773 - INFO - Processing rows 2250 to 2275 for swaps, peptide RAKFKQLL, weight CDR2a
2024-11-13 19:37:31,879 - INFO - Processing rows 2275 to 2300 for swaps, peptide RAKFKQLL, weight CDR2a
2024-11-13 19:37:37,963 - INFO - Processing rows 2300 to 2325 for swaps, peptide RAKFKQLL, weight CDR2a
2024-11-13 19:37:43,831 - INFO - Processing rows 2325 to 2350 for swaps, peptide RAKFKQLL, weight CDR2a
2024-11-13 19:37:52,058 - INFO - Processing rows 2350 to 2375 for swaps, peptide RAKFKQLL, weight CDR2a
2024-11-13 19:37:58,062 - INFO - Processing rows 2375 to 2400 for swaps, peptide RAKFKQLL, weight CDR2a
2024-11-13 19:38:04,442 - INFO - Processing rows 2400 to 2425 for swaps, peptide RAKFKQLL, weight CDR2a
2024-11-13 19:38:10,584 - INFO - Processing rows 2425 to 2450 for swaps, peptide RAKFKQLL, weight CDR2a
2024-11-13 19:38:16,626 - INFO - Processing rows 2450 to 2475 for swaps, peptide RAKFKQLL, weight CDR2a
2024-11-13 19:38:22,645 - INFO - Processing rows 2475 to 2500 for swaps, peptide RAKFKQLL, weight CDR2a
2024-11-13 19:38:28,674 - INFO - Processing rows 2500 to 2525 for swaps, peptide RAKFKQLL, weight CDR2a
2024-11-13 19:38:34,713 - INFO - Processing rows 2525 to 2550 for swaps, peptide RAKFKQLL, weight CDR2a
2024-11-13 19:38:40,718 - INFO - Processing rows 2550 to 2575 for swaps, peptide RAKFKQLL, weight CDR2a
2024-11-13 19:38:46,695 - INFO - Processing rows 2575 to 2600 for swaps, peptide RAKFKQLL, weight CDR2a
2024-11-13 19:38:52,752 - INFO - Processing rows 2600 to 2625 for swaps, peptide RAKFKQLL, weight CDR2a
2024-11-13 19:38:59,021 - INFO - Processing rows 2625 to 2650 for swaps, peptide RAKFKQLL, weight CDR2a
2024-11-13 19:39:04,960 - INFO - Processing rows 2650 to 2675 for swaps, peptide RAKFKQLL, weight CDR2a
2024-11-13 19:39:10,872 - INFO - Processing rows 2675 to 2700 for swaps, peptide RAKFKQLL, weight CDR2a
2024-11-13 19:39:16,879 - INFO - Processing rows 2700 to 2725 for swaps, peptide RAKFKQLL, weight CDR2a
2024-11-13 19:39:22,771 - INFO - Processing rows 2725 to 2750 for swaps, peptide RAKFKQLL, weight CDR2a
2024-11-13 19:39:28,665 - INFO - Processing rows 2750 to 2775 for swaps, peptide RAKFKQLL, weight CDR2a
2024-11-13 19:39:34,384 - INFO - Processing rows 2775 to 2800 for swaps, peptide RAKFKQLL, weight CDR2a
2024-11-13 19:39:40,146 - INFO - Processing rows 2800 to 2825 for swaps, peptide RAKFKQLL, weight CDR2a
2024-11-13 19:39:45,956 - INFO - Processing rows 2825 to 2850 for swaps, peptide RAKFKQLL, weight CDR2a
2024-11-13 19:39:51,697 - INFO - Processing rows 2850 to 2875 for swaps, peptide RAKFKQLL, weight CDR2a
2024-11-13 19:39:57,459 - INFO - Processing rows 2875 to 2900 for swaps, peptide RAKFKQLL, weight CDR2a
2024-11-13 19:40:03,300 - INFO - Processing rows 2900 to 2925 for swaps, peptide RAKFKQLL, weight CDR2a
2024-11-13 19:40:09,260 - INFO - Processing rows 2925 to 2950 for swaps, peptide RAKFKQLL, weight CDR2a
2024-11-13 19:40:15,245 - INFO - Processing rows 2950 to 2975 for swaps, peptide RAKFKQLL, weight CDR2a
2024-11-13 19:40:21,404 - INFO - Processing rows 2975 to 3000 for swaps, peptide RAKFKQLL, weight CDR2a
2024-11-13 19:40:27,554 - INFO - Processing rows 3000 to 3025 for swaps, peptide RAKFKQLL, weight CDR2a
2024-11-13 19:40:33,569 - INFO - Processing rows 3025 to 3050 for swaps, peptide RAKFKQLL, weight CDR2a
2024-11-13 19:40:39,467 - INFO - Processing rows 3050 to 3075 for swaps, peptide RAKFKQLL, weight CDR2a
2024-11-13 19:40:45,340 - INFO - Processing rows 3075 to 3100 for swaps, peptide RAKFKQLL, weight CDR2a
2024-11-13 19:40:51,217 - INFO - Processing rows 3100 to 3125 for swaps, peptide RAKFKQLL, weight CDR2a
2024-11-13 19:40:57,049 - INFO - Processing rows 3125 to 3150 for swaps, peptide RAKFKQLL, weight CDR2a
2024-11-13 19:41:02,965 - INFO - Processing rows 3150 to 3175 for swaps, peptide RAKFKQLL, weight CDR2a
2024-11-13 19:41:08,790 - INFO - Processing rows 3175 to 3200 for swaps, peptide RAKFKQLL, weight CDR2a
2024-11-13 19:41:14,577 - INFO - Processing rows 3200 to 3225 for swaps, peptide RAKFKQLL, weight CDR2a
2024-11-13 19:41:20,382 - INFO - Processing rows 3225 to 3250 for swaps, peptide RAKFKQLL, weight CDR2a
2024-11-13 19:41:26,289 - INFO - Processing rows 3250 to 3275 for swaps, peptide RAKFKQLL, weight CDR2a
2024-11-13 19:41:32,155 - INFO - Processing rows 3275 to 3300 for swaps, peptide RAKFKQLL, weight CDR2a
2024-11-13 19:41:38,116 - INFO - Processing rows 3300 to 3325 for swaps, peptide RAKFKQLL, weight CDR2a
2024-11-13 19:41:43,941 - INFO - Processing rows 3325 to 3350 for swaps, peptide RAKFKQLL, weight CDR2a
2024-11-13 19:41:49,788 - INFO - Processing rows 3350 to 3375 for swaps, peptide RAKFKQLL, weight CDR2a
2024-11-13 19:41:55,636 - INFO - Processing rows 3375 to 3400 for swaps, peptide RAKFKQLL, weight CDR2a
2024-11-13 19:42:01,506 - INFO - Processing rows 3400 to 3425 for swaps, peptide RAKFKQLL, weight CDR2a
2024-11-13 19:42:07,405 - INFO - Processing rows 3425 to 3450 for swaps, peptide RAKFKQLL, weight CDR2a
2024-11-13 19:42:13,159 - INFO - Processing rows 3450 to 3475 for swaps, peptide RAKFKQLL, weight CDR2a
2024-11-13 19:42:18,880 - INFO - Processing rows 3475 to 3500 for swaps, peptide RAKFKQLL, weight CDR2a
2024-11-13 19:42:24,635 - INFO - Processing rows 3500 to 3525 for swaps, peptide RAKFKQLL, weight CDR2a
2024-11-13 19:42:30,308 - INFO - Processing rows 3525 to 3550 for swaps, peptide RAKFKQLL, weight CDR2a
2024-11-13 19:42:35,978 - INFO - Processing rows 3550 to 3575 for swaps, peptide RAKFKQLL, weight CDR2a
2024-11-13 19:42:41,654 - INFO - Processing rows 3575 to 3600 for swaps, peptide RAKFKQLL, weight CDR2a
2024-11-13 19:42:47,345 - INFO - Processing rows 3600 to 3625 for swaps, peptide RAKFKQLL, weight CDR2a
2024-11-13 19:42:53,069 - INFO - Processing rows 3625 to 3650 for swaps, peptide RAKFKQLL, weight CDR2a
2024-11-13 19:42:58,763 - INFO - Processing rows 3650 to 3675 for swaps, peptide RAKFKQLL, weight CDR2a
2024-11-13 19:43:04,460 - INFO - Processing rows 3675 to 3700 for swaps, peptide RAKFKQLL, weight CDR2a
2024-11-13 19:43:10,193 - INFO - Processing rows 3700 to 3725 for swaps, peptide RAKFKQLL, weight CDR2a
2024-11-13 19:43:15,869 - INFO - Processing rows 3725 to 3750 for swaps, peptide RAKFKQLL, weight CDR2a
2024-11-13 19:43:21,583 - INFO - Processing rows 3750 to 3775 for swaps, peptide RAKFKQLL, weight CDR2a
2024-11-13 19:43:27,265 - INFO - Processing rows 3775 to 3800 for swaps, peptide RAKFKQLL, weight CDR2a
2024-11-13 19:43:32,956 - INFO - Processing rows 3800 to 3825 for swaps, peptide RAKFKQLL, weight CDR2a
2024-11-13 19:43:38,616 - INFO - Processing rows 3825 to 3850 for swaps, peptide RAKFKQLL, weight CDR2a
2024-11-13 19:43:44,344 - INFO - Processing rows 3850 to 3875 for swaps, peptide RAKFKQLL, weight CDR2a
2024-11-13 19:43:50,108 - INFO - Processing rows 3875 to 3900 for swaps, peptide RAKFKQLL, weight CDR2a
2024-11-13 19:43:55,962 - INFO - Processing rows 3900 to 3925 for swaps, peptide RAKFKQLL, weight CDR2a
2024-11-13 19:44:01,769 - INFO - Processing rows 3925 to 3950 for swaps, peptide RAKFKQLL, weight CDR2a
2024-11-13 19:44:07,571 - INFO - Processing rows 3950 to 3975 for swaps, peptide RAKFKQLL, weight CDR2a
2024-11-13 19:44:13,337 - INFO - Processing rows 3975 to 4000 for swaps, peptide RAKFKQLL, weight CDR2a
2024-11-13 19:44:19,129 - INFO - Processing rows 4000 to 4025 for swaps, peptide RAKFKQLL, weight CDR2a
2024-11-13 19:44:24,929 - INFO - Processing rows 4025 to 4050 for swaps, peptide RAKFKQLL, weight CDR2a
2024-11-13 19:44:30,698 - INFO - Processing rows 4050 to 4075 for swaps, peptide RAKFKQLL, weight CDR2a
2024-11-13 19:44:36,434 - INFO - Processing rows 4075 to 4100 for swaps, peptide RAKFKQLL, weight CDR2a
2024-11-13 19:44:42,146 - INFO - Processing rows 4100 to 4125 for swaps, peptide RAKFKQLL, weight CDR2a
2024-11-13 19:44:47,957 - INFO - Processing rows 4125 to 4150 for swaps, peptide RAKFKQLL, weight CDR2a
2024-11-13 19:44:53,735 - INFO - Processing rows 4150 to 4175 for swaps, peptide RAKFKQLL, weight CDR2a
2024-11-13 19:44:59,486 - INFO - Processing rows 4175 to 4200 for swaps, peptide RAKFKQLL, weight CDR2a
2024-11-13 19:45:05,264 - INFO - Processing rows 4200 to 4225 for swaps, peptide RAKFKQLL, weight CDR2a
2024-11-13 19:45:11,048 - INFO - Processing rows 4225 to 4250 for swaps, peptide RAKFKQLL, weight CDR2a
2024-11-13 19:45:16,884 - INFO - Processing rows 4250 to 4275 for swaps, peptide RAKFKQLL, weight CDR2a
2024-11-13 19:45:22,614 - INFO - Processing rows 4275 to 4300 for swaps, peptide RAKFKQLL, weight CDR2a
2024-11-13 19:45:28,328 - INFO - Processing rows 4300 to 4325 for swaps, peptide RAKFKQLL, weight CDR2a
2024-11-13 19:45:34,098 - INFO - Processing rows 4325 to 4350 for swaps, peptide RAKFKQLL, weight CDR2a
2024-11-13 19:45:39,892 - INFO - Processing rows 4350 to 4375 for swaps, peptide RAKFKQLL, weight CDR2a
2024-11-13 19:45:45,646 - INFO - Processing rows 4375 to 4400 for swaps, peptide RAKFKQLL, weight CDR2a
2024-11-13 19:45:51,426 - INFO - Processing rows 4400 to 4425 for swaps, peptide RAKFKQLL, weight CDR2a
2024-11-13 19:45:57,115 - INFO - Processing rows 4425 to 4450 for swaps, peptide RAKFKQLL, weight CDR2a
2024-11-13 19:46:02,801 - INFO - Processing rows 4450 to 4475 for swaps, peptide RAKFKQLL, weight CDR2a
2024-11-13 19:46:08,458 - INFO - Processing rows 4475 to 4500 for swaps, peptide RAKFKQLL, weight CDR2a
2024-11-13 19:46:14,161 - INFO - Processing rows 4500 to 4525 for swaps, peptide RAKFKQLL, weight CDR2a
2024-11-13 19:46:19,861 - INFO - Processing rows 4525 to 4550 for swaps, peptide RAKFKQLL, weight CDR2a
2024-11-13 19:46:25,582 - INFO - Processing rows 4550 to 4575 for swaps, peptide RAKFKQLL, weight CDR2a
2024-11-13 19:46:31,268 - INFO - Processing rows 4575 to 4600 for swaps, peptide RAKFKQLL, weight CDR2a
2024-11-13 19:46:36,969 - INFO - Processing rows 4600 to 4625 for swaps, peptide RAKFKQLL, weight CDR2a
2024-11-13 19:46:42,627 - INFO - Processing rows 4625 to 4650 for swaps, peptide RAKFKQLL, weight CDR2a
2024-11-13 19:46:48,337 - INFO - Processing rows 4650 to 4675 for swaps, peptide RAKFKQLL, weight CDR2a
2024-11-13 19:46:54,093 - INFO - Processing rows 4675 to 4700 for swaps, peptide RAKFKQLL, weight CDR2a
2024-11-13 19:47:04,959 - INFO - Processing rows 4700 to 4725 for swaps, peptide RAKFKQLL, weight CDR2a
2024-11-13 19:47:10,589 - INFO - Processing rows 4725 to 4750 for swaps, peptide RAKFKQLL, weight CDR2a
2024-11-13 19:47:16,337 - INFO - Processing rows 4750 to 4775 for swaps, peptide RAKFKQLL, weight CDR2a
2024-11-13 19:47:22,069 - INFO - Processing rows 4775 to 4800 for swaps, peptide RAKFKQLL, weight CDR2a
2024-11-13 19:47:27,794 - INFO - Processing rows 4800 to 4825 for swaps, peptide RAKFKQLL, weight CDR2a
2024-11-13 19:47:33,609 - INFO - Processing rows 4825 to 4850 for swaps, peptide RAKFKQLL, weight CDR2a
2024-11-13 19:47:39,390 - INFO - Processing rows 4850 to 4875 for swaps, peptide RAKFKQLL, weight CDR2a
2024-11-13 19:47:45,108 - INFO - Processing rows 4875 to 4900 for swaps, peptide RAKFKQLL, weight CDR2a
2024-11-13 19:47:50,868 - INFO - Processing rows 4900 to 4925 for swaps, peptide RAKFKQLL, weight CDR2a
2024-11-13 19:47:56,639 - INFO - Processing rows 4925 to 4950 for swaps, peptide RAKFKQLL, weight CDR2a
2024-11-13 19:48:02,365 - INFO - Processing rows 4950 to 4975 for swaps, peptide RAKFKQLL, weight CDR2a
2024-11-13 19:48:08,100 - INFO - Processing rows 4975 to 4980 for swaps, peptide RAKFKQLL, weight CDR2a
Traceback (most recent call last):
  File "/net/mimer/mnt/tank/projects2/emison/language_model/27th_Oct_new_matrices/04.11_new_esm/12.11/run_esm_swaps.py", line 90, in <module>
    process_sequences(df_filtered, peptide, weight, "swaps")
  File "/net/mimer/mnt/tank/projects2/emison/language_model/27th_Oct_new_matrices/04.11_new_esm/12.11/run_esm_swaps.py", line 82, in process_sequences
    output_df.insert(0, "raw_index", raw_indexes)
  File "/home/projects2/emison/language_model/miniconda3/envs/esm2_emison/lib/python3.12/site-packages/pandas/core/frame.py", line 5171, in insert
    value, refs = self._sanitize_column(value)
                  ^^^^^^^^^^^^^^^^^^^^^^^^^^^^
  File "/home/projects2/emison/language_model/miniconda3/envs/esm2_emison/lib/python3.12/site-packages/pandas/core/frame.py", line 5266, in _sanitize_column
    com.require_length_match(value, self.index)
  File "/home/projects2/emison/language_model/miniconda3/envs/esm2_emison/lib/python3.12/site-packages/pandas/core/common.py", line 573, in require_length_match
    raise ValueError(
ValueError: Length of values (4980) does not match length of index (5)
