2024-11-14 08:34:47,175 - INFO - Loading and filtering dataset for peptide RAKFKQLL
2024-11-14 08:34:47,510 - INFO - Processing dataset for peptide RAKFKQLL with weight CDR2b
2024-11-14 08:34:47,512 - INFO - Processing rows 0 to 25 for swaps, peptide RAKFKQLL, weight CDR2b
2024-11-14 08:34:52,357 - INFO - Processing rows 25 to 50 for swaps, peptide RAKFKQLL, weight CDR2b
2024-11-14 08:34:57,218 - INFO - Processing rows 50 to 75 for swaps, peptide RAKFKQLL, weight CDR2b
2024-11-14 08:35:02,082 - INFO - Processing rows 75 to 100 for swaps, peptide RAKFKQLL, weight CDR2b
2024-11-14 08:35:06,956 - INFO - Processing rows 100 to 125 for swaps, peptide RAKFKQLL, weight CDR2b
2024-11-14 08:35:11,833 - INFO - Processing rows 125 to 150 for swaps, peptide RAKFKQLL, weight CDR2b
2024-11-14 08:35:16,931 - INFO - Processing rows 150 to 175 for swaps, peptide RAKFKQLL, weight CDR2b
2024-11-14 08:35:22,025 - INFO - Processing rows 175 to 200 for swaps, peptide RAKFKQLL, weight CDR2b
2024-11-14 08:35:27,167 - INFO - Processing rows 200 to 225 for swaps, peptide RAKFKQLL, weight CDR2b
2024-11-14 08:35:32,248 - INFO - Processing rows 225 to 250 for swaps, peptide RAKFKQLL, weight CDR2b
2024-11-14 08:35:37,327 - INFO - Processing rows 250 to 275 for swaps, peptide RAKFKQLL, weight CDR2b
2024-11-14 08:35:42,520 - INFO - Processing rows 275 to 300 for swaps, peptide RAKFKQLL, weight CDR2b
2024-11-14 08:35:47,661 - INFO - Processing rows 300 to 325 for swaps, peptide RAKFKQLL, weight CDR2b
2024-11-14 08:35:52,683 - INFO - Processing rows 325 to 350 for swaps, peptide RAKFKQLL, weight CDR2b
2024-11-14 08:35:57,657 - INFO - Processing rows 350 to 375 for swaps, peptide RAKFKQLL, weight CDR2b
2024-11-14 08:36:02,647 - INFO - Processing rows 375 to 400 for swaps, peptide RAKFKQLL, weight CDR2b
2024-11-14 08:36:07,683 - INFO - Processing rows 400 to 425 for swaps, peptide RAKFKQLL, weight CDR2b
2024-11-14 08:36:12,685 - INFO - Processing rows 425 to 450 for swaps, peptide RAKFKQLL, weight CDR2b
2024-11-14 08:36:17,661 - INFO - Processing rows 450 to 475 for swaps, peptide RAKFKQLL, weight CDR2b
2024-11-14 08:36:22,652 - INFO - Processing rows 475 to 500 for swaps, peptide RAKFKQLL, weight CDR2b
2024-11-14 08:36:27,705 - INFO - Processing rows 500 to 525 for swaps, peptide RAKFKQLL, weight CDR2b
2024-11-14 08:36:32,792 - INFO - Processing rows 525 to 550 for swaps, peptide RAKFKQLL, weight CDR2b
2024-11-14 08:36:37,857 - INFO - Processing rows 550 to 575 for swaps, peptide RAKFKQLL, weight CDR2b
2024-11-14 08:36:42,946 - INFO - Processing rows 575 to 600 for swaps, peptide RAKFKQLL, weight CDR2b
2024-11-14 08:36:48,047 - INFO - Processing rows 600 to 625 for swaps, peptide RAKFKQLL, weight CDR2b
2024-11-14 08:36:53,163 - INFO - Processing rows 625 to 650 for swaps, peptide RAKFKQLL, weight CDR2b
2024-11-14 08:36:58,243 - INFO - Processing rows 650 to 675 for swaps, peptide RAKFKQLL, weight CDR2b
2024-11-14 08:37:03,335 - INFO - Processing rows 675 to 700 for swaps, peptide RAKFKQLL, weight CDR2b
2024-11-14 08:37:08,410 - INFO - Processing rows 700 to 725 for swaps, peptide RAKFKQLL, weight CDR2b
2024-11-14 08:37:13,502 - INFO - Processing rows 725 to 750 for swaps, peptide RAKFKQLL, weight CDR2b
2024-11-14 08:37:18,512 - INFO - Processing rows 750 to 775 for swaps, peptide RAKFKQLL, weight CDR2b
2024-11-14 08:37:23,559 - INFO - Processing rows 775 to 800 for swaps, peptide RAKFKQLL, weight CDR2b
2024-11-14 08:37:28,641 - INFO - Processing rows 800 to 825 for swaps, peptide RAKFKQLL, weight CDR2b
2024-11-14 08:37:33,178 - INFO - Processing rows 825 to 850 for swaps, peptide RAKFKQLL, weight CDR2b
2024-11-14 08:37:38,339 - INFO - Processing rows 850 to 875 for swaps, peptide RAKFKQLL, weight CDR2b
2024-11-14 08:37:43,459 - INFO - Processing rows 875 to 900 for swaps, peptide RAKFKQLL, weight CDR2b
2024-11-14 08:37:47,982 - INFO - Processing rows 900 to 925 for swaps, peptide RAKFKQLL, weight CDR2b
2024-11-14 08:37:53,129 - INFO - Processing rows 925 to 950 for swaps, peptide RAKFKQLL, weight CDR2b
2024-11-14 08:37:58,134 - INFO - Processing rows 950 to 975 for swaps, peptide RAKFKQLL, weight CDR2b
2024-11-14 08:38:03,257 - INFO - Processing rows 975 to 1000 for swaps, peptide RAKFKQLL, weight CDR2b
2024-11-14 08:38:08,341 - INFO - Processing rows 1000 to 1025 for swaps, peptide RAKFKQLL, weight CDR2b
2024-11-14 08:38:13,440 - INFO - Processing rows 1025 to 1050 for swaps, peptide RAKFKQLL, weight CDR2b
2024-11-14 08:38:18,467 - INFO - Processing rows 1050 to 1075 for swaps, peptide RAKFKQLL, weight CDR2b
2024-11-14 08:38:23,491 - INFO - Processing rows 1075 to 1100 for swaps, peptide RAKFKQLL, weight CDR2b
2024-11-14 08:38:28,562 - INFO - Processing rows 1100 to 1125 for swaps, peptide RAKFKQLL, weight CDR2b
2024-11-14 08:38:33,639 - INFO - Processing rows 1125 to 1150 for swaps, peptide RAKFKQLL, weight CDR2b
2024-11-14 08:38:38,751 - INFO - Processing rows 1150 to 1175 for swaps, peptide RAKFKQLL, weight CDR2b
2024-11-14 08:38:43,830 - INFO - Processing rows 1175 to 1200 for swaps, peptide RAKFKQLL, weight CDR2b
2024-11-14 08:38:48,978 - INFO - Processing rows 1200 to 1225 for swaps, peptide RAKFKQLL, weight CDR2b
2024-11-14 08:38:54,125 - INFO - Processing rows 1225 to 1250 for swaps, peptide RAKFKQLL, weight CDR2b
2024-11-14 08:38:59,132 - INFO - Processing rows 1250 to 1275 for swaps, peptide RAKFKQLL, weight CDR2b
2024-11-14 08:39:04,262 - INFO - Processing rows 1275 to 1300 for swaps, peptide RAKFKQLL, weight CDR2b
2024-11-14 08:39:09,397 - INFO - Processing rows 1300 to 1325 for swaps, peptide RAKFKQLL, weight CDR2b
2024-11-14 08:39:14,498 - INFO - Processing rows 1325 to 1350 for swaps, peptide RAKFKQLL, weight CDR2b
2024-11-14 08:39:19,576 - INFO - Processing rows 1350 to 1375 for swaps, peptide RAKFKQLL, weight CDR2b
2024-11-14 08:39:24,639 - INFO - Processing rows 1375 to 1400 for swaps, peptide RAKFKQLL, weight CDR2b
2024-11-14 08:39:29,747 - INFO - Processing rows 1400 to 1425 for swaps, peptide RAKFKQLL, weight CDR2b
2024-11-14 08:39:34,789 - INFO - Processing rows 1425 to 1450 for swaps, peptide RAKFKQLL, weight CDR2b
2024-11-14 08:39:39,889 - INFO - Processing rows 1450 to 1475 for swaps, peptide RAKFKQLL, weight CDR2b
2024-11-14 08:39:44,932 - INFO - Processing rows 1475 to 1500 for swaps, peptide RAKFKQLL, weight CDR2b
2024-11-14 08:39:50,003 - INFO - Processing rows 1500 to 1525 for swaps, peptide RAKFKQLL, weight CDR2b
2024-11-14 08:39:55,048 - INFO - Processing rows 1525 to 1550 for swaps, peptide RAKFKQLL, weight CDR2b
2024-11-14 08:40:00,084 - INFO - Processing rows 1550 to 1575 for swaps, peptide RAKFKQLL, weight CDR2b
2024-11-14 08:40:05,119 - INFO - Processing rows 1575 to 1600 for swaps, peptide RAKFKQLL, weight CDR2b
2024-11-14 08:40:10,156 - INFO - Processing rows 1600 to 1625 for swaps, peptide RAKFKQLL, weight CDR2b
2024-11-14 08:40:14,685 - INFO - Processing rows 1625 to 1650 for swaps, peptide RAKFKQLL, weight CDR2b
2024-11-14 08:40:19,833 - INFO - Processing rows 1650 to 1675 for swaps, peptide RAKFKQLL, weight CDR2b
2024-11-14 08:40:24,974 - INFO - Processing rows 1675 to 1700 for swaps, peptide RAKFKQLL, weight CDR2b
2024-11-14 08:40:30,107 - INFO - Processing rows 1700 to 1725 for swaps, peptide RAKFKQLL, weight CDR2b
2024-11-14 08:40:35,242 - INFO - Processing rows 1725 to 1750 for swaps, peptide RAKFKQLL, weight CDR2b
2024-11-14 08:40:40,378 - INFO - Processing rows 1750 to 1775 for swaps, peptide RAKFKQLL, weight CDR2b
2024-11-14 08:40:45,513 - INFO - Processing rows 1775 to 1800 for swaps, peptide RAKFKQLL, weight CDR2b
2024-11-14 08:40:50,080 - INFO - Processing rows 1800 to 1825 for swaps, peptide RAKFKQLL, weight CDR2b
2024-11-14 08:40:55,145 - INFO - Processing rows 1825 to 1850 for swaps, peptide RAKFKQLL, weight CDR2b
2024-11-14 08:41:00,287 - INFO - Processing rows 1850 to 1875 for swaps, peptide RAKFKQLL, weight CDR2b
2024-11-14 08:41:05,425 - INFO - Processing rows 1875 to 1900 for swaps, peptide RAKFKQLL, weight CDR2b
2024-11-14 08:41:10,577 - INFO - Processing rows 1900 to 1925 for swaps, peptide RAKFKQLL, weight CDR2b
2024-11-14 08:41:15,101 - INFO - Processing rows 1925 to 1950 for swaps, peptide RAKFKQLL, weight CDR2b
2024-11-14 08:41:20,258 - INFO - Processing rows 1950 to 1975 for swaps, peptide RAKFKQLL, weight CDR2b
2024-11-14 08:41:25,445 - INFO - Processing rows 1975 to 2000 for swaps, peptide RAKFKQLL, weight CDR2b
2024-11-14 08:41:30,583 - INFO - Processing rows 2000 to 2025 for swaps, peptide RAKFKQLL, weight CDR2b
2024-11-14 08:41:35,726 - INFO - Processing rows 2025 to 2050 for swaps, peptide RAKFKQLL, weight CDR2b
2024-11-14 08:41:40,312 - INFO - Processing rows 2050 to 2075 for swaps, peptide RAKFKQLL, weight CDR2b
2024-11-14 08:41:45,451 - INFO - Processing rows 2075 to 2100 for swaps, peptide RAKFKQLL, weight CDR2b
2024-11-14 08:41:50,566 - INFO - Processing rows 2100 to 2125 for swaps, peptide RAKFKQLL, weight CDR2b
2024-11-14 08:41:55,700 - INFO - Processing rows 2125 to 2150 for swaps, peptide RAKFKQLL, weight CDR2b
2024-11-14 08:42:00,871 - INFO - Processing rows 2150 to 2175 for swaps, peptide RAKFKQLL, weight CDR2b
2024-11-14 08:42:06,009 - INFO - Processing rows 2175 to 2200 for swaps, peptide RAKFKQLL, weight CDR2b
2024-11-14 08:42:11,091 - INFO - Processing rows 2200 to 2225 for swaps, peptide RAKFKQLL, weight CDR2b
2024-11-14 08:42:15,607 - INFO - Processing rows 2225 to 2250 for swaps, peptide RAKFKQLL, weight CDR2b
2024-11-14 08:42:20,762 - INFO - Processing rows 2250 to 2275 for swaps, peptide RAKFKQLL, weight CDR2b
2024-11-14 08:42:25,894 - INFO - Processing rows 2275 to 2300 for swaps, peptide RAKFKQLL, weight CDR2b
2024-11-14 08:42:31,033 - INFO - Processing rows 2300 to 2325 for swaps, peptide RAKFKQLL, weight CDR2b
2024-11-14 08:42:36,171 - INFO - Processing rows 2325 to 2350 for swaps, peptide RAKFKQLL, weight CDR2b
2024-11-14 08:42:41,304 - INFO - Processing rows 2350 to 2375 for swaps, peptide RAKFKQLL, weight CDR2b
2024-11-14 08:42:46,427 - INFO - Processing rows 2375 to 2400 for swaps, peptide RAKFKQLL, weight CDR2b
2024-11-14 08:42:51,547 - INFO - Processing rows 2400 to 2425 for swaps, peptide RAKFKQLL, weight CDR2b
2024-11-14 08:42:56,686 - INFO - Processing rows 2425 to 2450 for swaps, peptide RAKFKQLL, weight CDR2b
2024-11-14 08:43:01,819 - INFO - Processing rows 2450 to 2475 for swaps, peptide RAKFKQLL, weight CDR2b
2024-11-14 08:43:06,953 - INFO - Processing rows 2475 to 2500 for swaps, peptide RAKFKQLL, weight CDR2b
2024-11-14 08:43:12,102 - INFO - Processing rows 2500 to 2525 for swaps, peptide RAKFKQLL, weight CDR2b
2024-11-14 08:43:17,177 - INFO - Processing rows 2525 to 2550 for swaps, peptide RAKFKQLL, weight CDR2b
2024-11-14 08:43:22,338 - INFO - Processing rows 2550 to 2575 for swaps, peptide RAKFKQLL, weight CDR2b
2024-11-14 08:43:27,475 - INFO - Processing rows 2575 to 2600 for swaps, peptide RAKFKQLL, weight CDR2b
2024-11-14 08:43:32,608 - INFO - Processing rows 2600 to 2625 for swaps, peptide RAKFKQLL, weight CDR2b
2024-11-14 08:43:37,187 - INFO - Processing rows 2625 to 2650 for swaps, peptide RAKFKQLL, weight CDR2b
2024-11-14 08:43:42,353 - INFO - Processing rows 2650 to 2675 for swaps, peptide RAKFKQLL, weight CDR2b
2024-11-14 08:43:47,420 - INFO - Processing rows 2675 to 2700 for swaps, peptide RAKFKQLL, weight CDR2b
2024-11-14 08:43:52,537 - INFO - Processing rows 2700 to 2725 for swaps, peptide RAKFKQLL, weight CDR2b
2024-11-14 08:43:57,672 - INFO - Processing rows 2725 to 2750 for swaps, peptide RAKFKQLL, weight CDR2b
2024-11-14 08:44:02,803 - INFO - Processing rows 2750 to 2775 for swaps, peptide RAKFKQLL, weight CDR2b
2024-11-14 08:44:07,945 - INFO - Processing rows 2775 to 2800 for swaps, peptide RAKFKQLL, weight CDR2b
2024-11-14 08:44:12,482 - INFO - Processing rows 2800 to 2825 for swaps, peptide RAKFKQLL, weight CDR2b
2024-11-14 08:44:17,621 - INFO - Processing rows 2825 to 2850 for swaps, peptide RAKFKQLL, weight CDR2b
2024-11-14 08:44:22,764 - INFO - Processing rows 2850 to 2875 for swaps, peptide RAKFKQLL, weight CDR2b
2024-11-14 08:44:27,904 - INFO - Processing rows 2875 to 2900 for swaps, peptide RAKFKQLL, weight CDR2b
2024-11-14 08:44:33,046 - INFO - Processing rows 2900 to 2925 for swaps, peptide RAKFKQLL, weight CDR2b
2024-11-14 08:44:38,183 - INFO - Processing rows 2925 to 2950 for swaps, peptide RAKFKQLL, weight CDR2b
2024-11-14 08:44:43,381 - INFO - Processing rows 2950 to 2975 for swaps, peptide RAKFKQLL, weight CDR2b
2024-11-14 08:44:48,471 - INFO - Processing rows 2975 to 3000 for swaps, peptide RAKFKQLL, weight CDR2b
2024-11-14 08:44:53,607 - INFO - Processing rows 3000 to 3025 for swaps, peptide RAKFKQLL, weight CDR2b
2024-11-14 08:44:58,191 - INFO - Processing rows 3025 to 3050 for swaps, peptide RAKFKQLL, weight CDR2b
2024-11-14 08:45:03,335 - INFO - Processing rows 3050 to 3075 for swaps, peptide RAKFKQLL, weight CDR2b
2024-11-14 08:45:08,536 - INFO - Processing rows 3075 to 3100 for swaps, peptide RAKFKQLL, weight CDR2b
2024-11-14 08:45:13,630 - INFO - Processing rows 3100 to 3125 for swaps, peptide RAKFKQLL, weight CDR2b
2024-11-14 08:45:18,670 - INFO - Processing rows 3125 to 3150 for swaps, peptide RAKFKQLL, weight CDR2b
2024-11-14 08:45:23,711 - INFO - Processing rows 3150 to 3175 for swaps, peptide RAKFKQLL, weight CDR2b
2024-11-14 08:45:28,752 - INFO - Processing rows 3175 to 3200 for swaps, peptide RAKFKQLL, weight CDR2b
2024-11-14 08:45:33,224 - INFO - Processing rows 3200 to 3225 for swaps, peptide RAKFKQLL, weight CDR2b
2024-11-14 08:45:38,267 - INFO - Processing rows 3225 to 3250 for swaps, peptide RAKFKQLL, weight CDR2b
2024-11-14 08:45:43,377 - INFO - Processing rows 3250 to 3275 for swaps, peptide RAKFKQLL, weight CDR2b
2024-11-14 08:45:47,850 - INFO - Processing rows 3275 to 3300 for swaps, peptide RAKFKQLL, weight CDR2b
2024-11-14 08:45:52,963 - INFO - Processing rows 3300 to 3325 for swaps, peptide RAKFKQLL, weight CDR2b
2024-11-14 08:45:58,006 - INFO - Processing rows 3325 to 3350 for swaps, peptide RAKFKQLL, weight CDR2b
2024-11-14 08:46:03,113 - INFO - Processing rows 3350 to 3375 for swaps, peptide RAKFKQLL, weight CDR2b
2024-11-14 08:46:07,587 - INFO - Processing rows 3375 to 3400 for swaps, peptide RAKFKQLL, weight CDR2b
2024-11-14 08:46:12,697 - INFO - Processing rows 3400 to 3425 for swaps, peptide RAKFKQLL, weight CDR2b
2024-11-14 08:46:17,745 - INFO - Processing rows 3425 to 3450 for swaps, peptide RAKFKQLL, weight CDR2b
2024-11-14 08:46:22,786 - INFO - Processing rows 3450 to 3475 for swaps, peptide RAKFKQLL, weight CDR2b
2024-11-14 08:46:27,268 - INFO - Processing rows 3475 to 3500 for swaps, peptide RAKFKQLL, weight CDR2b
2024-11-14 08:46:32,327 - INFO - Processing rows 3500 to 3525 for swaps, peptide RAKFKQLL, weight CDR2b
2024-11-14 08:46:37,396 - INFO - Processing rows 3525 to 3550 for swaps, peptide RAKFKQLL, weight CDR2b
2024-11-14 08:46:42,377 - INFO - Processing rows 3550 to 3575 for swaps, peptide RAKFKQLL, weight CDR2b
2024-11-14 08:46:47,447 - INFO - Processing rows 3575 to 3600 for swaps, peptide RAKFKQLL, weight CDR2b
2024-11-14 08:46:52,530 - INFO - Processing rows 3600 to 3625 for swaps, peptide RAKFKQLL, weight CDR2b
2024-11-14 08:46:57,596 - INFO - Processing rows 3625 to 3650 for swaps, peptide RAKFKQLL, weight CDR2b
2024-11-14 08:47:02,020 - INFO - Processing rows 3650 to 3675 for swaps, peptide RAKFKQLL, weight CDR2b
2024-11-14 08:47:07,098 - INFO - Processing rows 3675 to 3700 for swaps, peptide RAKFKQLL, weight CDR2b
2024-11-14 08:47:12,178 - INFO - Processing rows 3700 to 3725 for swaps, peptide RAKFKQLL, weight CDR2b
2024-11-14 08:47:17,248 - INFO - Processing rows 3725 to 3750 for swaps, peptide RAKFKQLL, weight CDR2b
2024-11-14 08:47:22,330 - INFO - Processing rows 3750 to 3775 for swaps, peptide RAKFKQLL, weight CDR2b
2024-11-14 08:47:27,401 - INFO - Processing rows 3775 to 3800 for swaps, peptide RAKFKQLL, weight CDR2b
2024-11-14 08:47:32,550 - INFO - Processing rows 3800 to 3825 for swaps, peptide RAKFKQLL, weight CDR2b
2024-11-14 08:47:37,619 - INFO - Processing rows 3825 to 3850 for swaps, peptide RAKFKQLL, weight CDR2b
2024-11-14 08:47:42,727 - INFO - Processing rows 3850 to 3875 for swaps, peptide RAKFKQLL, weight CDR2b
2024-11-14 08:47:47,715 - INFO - Processing rows 3875 to 3900 for swaps, peptide RAKFKQLL, weight CDR2b
2024-11-14 08:47:52,799 - INFO - Processing rows 3900 to 3925 for swaps, peptide RAKFKQLL, weight CDR2b
2024-11-14 08:47:57,780 - INFO - Processing rows 3925 to 3950 for swaps, peptide RAKFKQLL, weight CDR2b
2024-11-14 08:48:02,853 - INFO - Processing rows 3950 to 3975 for swaps, peptide RAKFKQLL, weight CDR2b
2024-11-14 08:48:07,371 - INFO - Processing rows 3975 to 4000 for swaps, peptide RAKFKQLL, weight CDR2b
2024-11-14 08:48:12,453 - INFO - Processing rows 4000 to 4025 for swaps, peptide RAKFKQLL, weight CDR2b
2024-11-14 08:48:17,578 - INFO - Processing rows 4025 to 4050 for swaps, peptide RAKFKQLL, weight CDR2b
2024-11-14 08:48:22,641 - INFO - Processing rows 4050 to 4075 for swaps, peptide RAKFKQLL, weight CDR2b
2024-11-14 08:48:27,726 - INFO - Processing rows 4075 to 4100 for swaps, peptide RAKFKQLL, weight CDR2b
2024-11-14 08:48:32,833 - INFO - Processing rows 4100 to 4125 for swaps, peptide RAKFKQLL, weight CDR2b
2024-11-14 08:48:37,914 - INFO - Processing rows 4125 to 4150 for swaps, peptide RAKFKQLL, weight CDR2b
2024-11-14 08:48:42,951 - INFO - Processing rows 4150 to 4175 for swaps, peptide RAKFKQLL, weight CDR2b
2024-11-14 08:48:47,943 - INFO - Processing rows 4175 to 4200 for swaps, peptide RAKFKQLL, weight CDR2b
2024-11-14 08:48:52,932 - INFO - Processing rows 4200 to 4225 for swaps, peptide RAKFKQLL, weight CDR2b
2024-11-14 08:48:58,004 - INFO - Processing rows 4225 to 4250 for swaps, peptide RAKFKQLL, weight CDR2b
2024-11-14 08:49:03,080 - INFO - Processing rows 4250 to 4275 for swaps, peptide RAKFKQLL, weight CDR2b
2024-11-14 08:49:08,160 - INFO - Processing rows 4275 to 4300 for swaps, peptide RAKFKQLL, weight CDR2b
2024-11-14 08:49:12,687 - INFO - Processing rows 4300 to 4325 for swaps, peptide RAKFKQLL, weight CDR2b
2024-11-14 08:49:17,760 - INFO - Processing rows 4325 to 4350 for swaps, peptide RAKFKQLL, weight CDR2b
2024-11-14 08:49:22,830 - INFO - Processing rows 4350 to 4375 for swaps, peptide RAKFKQLL, weight CDR2b
2024-11-14 08:49:27,907 - INFO - Processing rows 4375 to 4400 for swaps, peptide RAKFKQLL, weight CDR2b
2024-11-14 08:49:33,051 - INFO - Processing rows 4400 to 4425 for swaps, peptide RAKFKQLL, weight CDR2b
2024-11-14 08:49:38,048 - INFO - Processing rows 4425 to 4450 for swaps, peptide RAKFKQLL, weight CDR2b
2024-11-14 08:49:43,160 - INFO - Processing rows 4450 to 4475 for swaps, peptide RAKFKQLL, weight CDR2b
2024-11-14 08:49:48,205 - INFO - Processing rows 4475 to 4500 for swaps, peptide RAKFKQLL, weight CDR2b
2024-11-14 08:49:53,240 - INFO - Processing rows 4500 to 4525 for swaps, peptide RAKFKQLL, weight CDR2b
2024-11-14 08:49:58,294 - INFO - Processing rows 4525 to 4550 for swaps, peptide RAKFKQLL, weight CDR2b
2024-11-14 08:50:03,366 - INFO - Processing rows 4550 to 4575 for swaps, peptide RAKFKQLL, weight CDR2b
2024-11-14 08:50:08,433 - INFO - Processing rows 4575 to 4600 for swaps, peptide RAKFKQLL, weight CDR2b
2024-11-14 08:50:13,506 - INFO - Processing rows 4600 to 4625 for swaps, peptide RAKFKQLL, weight CDR2b
2024-11-14 08:50:18,630 - INFO - Processing rows 4625 to 4650 for swaps, peptide RAKFKQLL, weight CDR2b
2024-11-14 08:50:23,705 - INFO - Processing rows 4650 to 4675 for swaps, peptide RAKFKQLL, weight CDR2b
2024-11-14 08:50:28,771 - INFO - Processing rows 4675 to 4700 for swaps, peptide RAKFKQLL, weight CDR2b
2024-11-14 08:50:33,845 - INFO - Processing rows 4700 to 4725 for swaps, peptide RAKFKQLL, weight CDR2b
2024-11-14 08:50:38,825 - INFO - Processing rows 4725 to 4750 for swaps, peptide RAKFKQLL, weight CDR2b
2024-11-14 08:50:43,893 - INFO - Processing rows 4750 to 4775 for swaps, peptide RAKFKQLL, weight CDR2b
2024-11-14 08:50:48,947 - INFO - Processing rows 4775 to 4800 for swaps, peptide RAKFKQLL, weight CDR2b
2024-11-14 08:50:53,987 - INFO - Processing rows 4800 to 4825 for swaps, peptide RAKFKQLL, weight CDR2b
2024-11-14 08:50:58,404 - INFO - Processing rows 4825 to 4850 for swaps, peptide RAKFKQLL, weight CDR2b
2024-11-14 08:51:03,412 - INFO - Processing rows 4850 to 4875 for swaps, peptide RAKFKQLL, weight CDR2b
2024-11-14 08:51:08,416 - INFO - Processing rows 4875 to 4900 for swaps, peptide RAKFKQLL, weight CDR2b
2024-11-14 08:51:13,535 - INFO - Processing rows 4900 to 4925 for swaps, peptide RAKFKQLL, weight CDR2b
2024-11-14 08:51:18,621 - INFO - Processing rows 4925 to 4950 for swaps, peptide RAKFKQLL, weight CDR2b
2024-11-14 08:51:23,691 - INFO - Processing rows 4950 to 4975 for swaps, peptide RAKFKQLL, weight CDR2b
2024-11-14 08:51:28,777 - INFO - Processing rows 4975 to 4980 for swaps, peptide RAKFKQLL, weight CDR2b
2024-11-14 08:51:30,113 - INFO - ESM finished.. Saving file...
2024-11-14 09:17:01,232 - INFO - Saved to /net/mimer/mnt/tank/projects2/emison/language_model/27th_Oct_new_matrices/04.11_new_esm/12.11/sequence_summed_vectors_swaps_RAKFKQLL_CDR2b.csv
