2024-11-13 19:31:10,089 - INFO - Loading and filtering dataset for peptide RAKFKQLL
2024-11-13 19:31:10,452 - INFO - Processing dataset for peptide RAKFKQLL with weight TCRb
2024-11-13 19:31:10,453 - INFO - Processing rows 0 to 25 for swaps, peptide RAKFKQLL, weight TCRb
2024-11-13 19:33:48,513 - INFO - Processing rows 25 to 50 for swaps, peptide RAKFKQLL, weight TCRb
2024-11-13 19:36:01,320 - INFO - Processing rows 50 to 75 for swaps, peptide RAKFKQLL, weight TCRb
2024-11-13 19:38:17,123 - INFO - Processing rows 75 to 100 for swaps, peptide RAKFKQLL, weight TCRb
2024-11-13 19:40:29,468 - INFO - Processing rows 100 to 125 for swaps, peptide RAKFKQLL, weight TCRb
2024-11-13 19:42:48,453 - INFO - Processing rows 125 to 150 for swaps, peptide RAKFKQLL, weight TCRb
2024-11-13 19:45:38,311 - INFO - Processing rows 150 to 175 for swaps, peptide RAKFKQLL, weight TCRb
2024-11-13 19:47:57,997 - INFO - Processing rows 175 to 200 for swaps, peptide RAKFKQLL, weight TCRb
2024-11-13 19:49:58,903 - INFO - Processing rows 200 to 225 for swaps, peptide RAKFKQLL, weight TCRb
2024-11-13 19:52:12,193 - INFO - Processing rows 225 to 250 for swaps, peptide RAKFKQLL, weight TCRb
2024-11-13 19:54:21,577 - INFO - Processing rows 250 to 275 for swaps, peptide RAKFKQLL, weight TCRb
2024-11-13 19:56:28,877 - INFO - Processing rows 275 to 300 for swaps, peptide RAKFKQLL, weight TCRb
2024-11-13 19:58:34,505 - INFO - Processing rows 300 to 325 for swaps, peptide RAKFKQLL, weight TCRb
2024-11-13 20:00:45,580 - INFO - Processing rows 325 to 350 for swaps, peptide RAKFKQLL, weight TCRb
2024-11-13 20:02:55,996 - INFO - Processing rows 350 to 375 for swaps, peptide RAKFKQLL, weight TCRb
2024-11-13 20:05:09,536 - INFO - Processing rows 375 to 400 for swaps, peptide RAKFKQLL, weight TCRb
2024-11-13 20:07:56,908 - INFO - Processing rows 400 to 425 for swaps, peptide RAKFKQLL, weight TCRb
2024-11-13 20:10:05,721 - INFO - Processing rows 425 to 450 for swaps, peptide RAKFKQLL, weight TCRb
2024-11-13 20:12:17,885 - INFO - Processing rows 450 to 475 for swaps, peptide RAKFKQLL, weight TCRb
2024-11-13 20:14:27,399 - INFO - Processing rows 475 to 500 for swaps, peptide RAKFKQLL, weight TCRb
2024-11-13 20:17:05,299 - INFO - Processing rows 500 to 525 for swaps, peptide RAKFKQLL, weight TCRb
2024-11-13 20:19:57,701 - INFO - Processing rows 525 to 550 for swaps, peptide RAKFKQLL, weight TCRb
2024-11-13 20:22:52,693 - INFO - Processing rows 550 to 575 for swaps, peptide RAKFKQLL, weight TCRb
2024-11-13 20:24:59,560 - INFO - Processing rows 575 to 600 for swaps, peptide RAKFKQLL, weight TCRb
2024-11-13 20:27:12,272 - INFO - Processing rows 600 to 625 for swaps, peptide RAKFKQLL, weight TCRb
2024-11-13 20:29:14,671 - INFO - Processing rows 625 to 650 for swaps, peptide RAKFKQLL, weight TCRb
2024-11-13 20:31:24,579 - INFO - Processing rows 650 to 675 for swaps, peptide RAKFKQLL, weight TCRb
2024-11-13 20:33:31,224 - INFO - Processing rows 675 to 700 for swaps, peptide RAKFKQLL, weight TCRb
2024-11-13 20:35:38,451 - INFO - Processing rows 700 to 725 for swaps, peptide RAKFKQLL, weight TCRb
2024-11-13 20:37:51,534 - INFO - Processing rows 725 to 750 for swaps, peptide RAKFKQLL, weight TCRb
2024-11-13 20:40:04,357 - INFO - Processing rows 750 to 775 for swaps, peptide RAKFKQLL, weight TCRb
2024-11-13 20:42:26,581 - INFO - Processing rows 775 to 800 for swaps, peptide RAKFKQLL, weight TCRb
2024-11-13 20:44:32,325 - INFO - Processing rows 800 to 825 for swaps, peptide RAKFKQLL, weight TCRb
2024-11-13 20:46:40,880 - INFO - Processing rows 825 to 850 for swaps, peptide RAKFKQLL, weight TCRb
2024-11-13 20:48:52,685 - INFO - Processing rows 850 to 875 for swaps, peptide RAKFKQLL, weight TCRb
2024-11-13 20:51:03,585 - INFO - Processing rows 875 to 900 for swaps, peptide RAKFKQLL, weight TCRb
2024-11-13 20:53:08,043 - INFO - Processing rows 900 to 925 for swaps, peptide RAKFKQLL, weight TCRb
2024-11-13 20:55:19,434 - INFO - Processing rows 925 to 950 for swaps, peptide RAKFKQLL, weight TCRb
2024-11-13 20:57:23,645 - INFO - Processing rows 950 to 975 for swaps, peptide RAKFKQLL, weight TCRb
2024-11-13 20:59:31,408 - INFO - Processing rows 975 to 1000 for swaps, peptide RAKFKQLL, weight TCRb
2024-11-13 21:01:59,976 - INFO - Processing rows 1000 to 1025 for swaps, peptide RAKFKQLL, weight TCRb
2024-11-13 21:04:08,741 - INFO - Processing rows 1025 to 1050 for swaps, peptide RAKFKQLL, weight TCRb
2024-11-13 21:06:18,264 - INFO - Processing rows 1050 to 1075 for swaps, peptide RAKFKQLL, weight TCRb
2024-11-13 21:08:17,479 - INFO - Processing rows 1075 to 1100 for swaps, peptide RAKFKQLL, weight TCRb
2024-11-13 21:10:24,662 - INFO - Processing rows 1100 to 1125 for swaps, peptide RAKFKQLL, weight TCRb
2024-11-13 21:12:19,592 - INFO - Processing rows 1125 to 1150 for swaps, peptide RAKFKQLL, weight TCRb
2024-11-13 21:14:19,898 - INFO - Processing rows 1150 to 1175 for swaps, peptide RAKFKQLL, weight TCRb
2024-11-13 21:16:22,793 - INFO - Processing rows 1175 to 1200 for swaps, peptide RAKFKQLL, weight TCRb
2024-11-13 21:18:16,667 - INFO - Processing rows 1200 to 1225 for swaps, peptide RAKFKQLL, weight TCRb
2024-11-13 21:20:05,250 - INFO - Processing rows 1225 to 1250 for swaps, peptide RAKFKQLL, weight TCRb
2024-11-13 21:22:04,006 - INFO - Processing rows 1250 to 1275 for swaps, peptide RAKFKQLL, weight TCRb
2024-11-13 21:23:49,133 - INFO - Processing rows 1275 to 1300 for swaps, peptide RAKFKQLL, weight TCRb
2024-11-13 21:25:38,374 - INFO - Processing rows 1300 to 1325 for swaps, peptide RAKFKQLL, weight TCRb
2024-11-13 21:27:25,267 - INFO - Processing rows 1325 to 1350 for swaps, peptide RAKFKQLL, weight TCRb
2024-11-13 21:29:26,162 - INFO - Processing rows 1350 to 1375 for swaps, peptide RAKFKQLL, weight TCRb
2024-11-13 21:31:24,001 - INFO - Processing rows 1375 to 1400 for swaps, peptide RAKFKQLL, weight TCRb
2024-11-13 21:33:07,854 - INFO - Processing rows 1400 to 1425 for swaps, peptide RAKFKQLL, weight TCRb
2024-11-13 21:34:50,512 - INFO - Processing rows 1425 to 1450 for swaps, peptide RAKFKQLL, weight TCRb
2024-11-13 21:36:33,675 - INFO - Processing rows 1450 to 1475 for swaps, peptide RAKFKQLL, weight TCRb
2024-11-13 21:38:16,814 - INFO - Processing rows 1475 to 1500 for swaps, peptide RAKFKQLL, weight TCRb
2024-11-13 21:40:01,221 - INFO - Processing rows 1500 to 1525 for swaps, peptide RAKFKQLL, weight TCRb
2024-11-13 21:41:41,700 - INFO - Processing rows 1525 to 1550 for swaps, peptide RAKFKQLL, weight TCRb
2024-11-13 21:43:27,386 - INFO - Processing rows 1550 to 1575 for swaps, peptide RAKFKQLL, weight TCRb
2024-11-13 21:45:19,775 - INFO - Processing rows 1575 to 1600 for swaps, peptide RAKFKQLL, weight TCRb
2024-11-13 21:47:04,948 - INFO - Processing rows 1600 to 1625 for swaps, peptide RAKFKQLL, weight TCRb
2024-11-13 21:48:46,628 - INFO - Processing rows 1625 to 1650 for swaps, peptide RAKFKQLL, weight TCRb
2024-11-13 21:50:29,588 - INFO - Processing rows 1650 to 1675 for swaps, peptide RAKFKQLL, weight TCRb
2024-11-13 21:52:17,037 - INFO - Processing rows 1675 to 1700 for swaps, peptide RAKFKQLL, weight TCRb
2024-11-13 21:54:01,690 - INFO - Processing rows 1700 to 1725 for swaps, peptide RAKFKQLL, weight TCRb
2024-11-13 21:55:52,228 - INFO - Processing rows 1725 to 1750 for swaps, peptide RAKFKQLL, weight TCRb
2024-11-13 21:57:37,549 - INFO - Processing rows 1750 to 1775 for swaps, peptide RAKFKQLL, weight TCRb
2024-11-13 21:59:35,752 - INFO - Processing rows 1775 to 1800 for swaps, peptide RAKFKQLL, weight TCRb
2024-11-13 22:01:20,384 - INFO - Processing rows 1800 to 1825 for swaps, peptide RAKFKQLL, weight TCRb
2024-11-13 22:03:15,838 - INFO - Processing rows 1825 to 1850 for swaps, peptide RAKFKQLL, weight TCRb
2024-11-13 22:05:08,062 - INFO - Processing rows 1850 to 1875 for swaps, peptide RAKFKQLL, weight TCRb
2024-11-13 22:06:55,048 - INFO - Processing rows 1875 to 1900 for swaps, peptide RAKFKQLL, weight TCRb
2024-11-13 22:08:48,232 - INFO - Processing rows 1900 to 1925 for swaps, peptide RAKFKQLL, weight TCRb
2024-11-13 22:10:32,759 - INFO - Processing rows 1925 to 1950 for swaps, peptide RAKFKQLL, weight TCRb
2024-11-13 22:12:21,581 - INFO - Processing rows 1950 to 1975 for swaps, peptide RAKFKQLL, weight TCRb
2024-11-13 22:14:02,409 - INFO - Processing rows 1975 to 2000 for swaps, peptide RAKFKQLL, weight TCRb
2024-11-13 22:15:50,497 - INFO - Processing rows 2000 to 2025 for swaps, peptide RAKFKQLL, weight TCRb
2024-11-13 22:17:48,191 - INFO - Processing rows 2025 to 2050 for swaps, peptide RAKFKQLL, weight TCRb
2024-11-13 22:19:33,369 - INFO - Processing rows 2050 to 2075 for swaps, peptide RAKFKQLL, weight TCRb
2024-11-13 22:21:27,245 - INFO - Processing rows 2075 to 2100 for swaps, peptide RAKFKQLL, weight TCRb
2024-11-13 22:23:21,492 - INFO - Processing rows 2100 to 2125 for swaps, peptide RAKFKQLL, weight TCRb
2024-11-13 22:25:09,838 - INFO - Processing rows 2125 to 2150 for swaps, peptide RAKFKQLL, weight TCRb
2024-11-13 22:26:56,203 - INFO - Processing rows 2150 to 2175 for swaps, peptide RAKFKQLL, weight TCRb
2024-11-13 22:28:55,189 - INFO - Processing rows 2175 to 2200 for swaps, peptide RAKFKQLL, weight TCRb
2024-11-13 22:30:41,161 - INFO - Processing rows 2200 to 2225 for swaps, peptide RAKFKQLL, weight TCRb
2024-11-13 22:32:25,408 - INFO - Processing rows 2225 to 2250 for swaps, peptide RAKFKQLL, weight TCRb
2024-11-13 22:34:08,816 - INFO - Processing rows 2250 to 2275 for swaps, peptide RAKFKQLL, weight TCRb
2024-11-13 22:35:55,282 - INFO - Processing rows 2275 to 2300 for swaps, peptide RAKFKQLL, weight TCRb
2024-11-13 22:37:39,280 - INFO - Processing rows 2300 to 2325 for swaps, peptide RAKFKQLL, weight TCRb
2024-11-13 22:39:31,881 - INFO - Processing rows 2325 to 2350 for swaps, peptide RAKFKQLL, weight TCRb
2024-11-13 22:41:30,657 - INFO - Processing rows 2350 to 2375 for swaps, peptide RAKFKQLL, weight TCRb
2024-11-13 22:43:25,719 - INFO - Processing rows 2375 to 2400 for swaps, peptide RAKFKQLL, weight TCRb
2024-11-13 22:45:06,879 - INFO - Processing rows 2400 to 2425 for swaps, peptide RAKFKQLL, weight TCRb
2024-11-13 22:46:45,262 - INFO - Processing rows 2425 to 2450 for swaps, peptide RAKFKQLL, weight TCRb
2024-11-13 22:48:27,255 - INFO - Processing rows 2450 to 2475 for swaps, peptide RAKFKQLL, weight TCRb
2024-11-13 22:50:24,255 - INFO - Processing rows 2475 to 2500 for swaps, peptide RAKFKQLL, weight TCRb
2024-11-13 22:52:17,372 - INFO - Processing rows 2500 to 2525 for swaps, peptide RAKFKQLL, weight TCRb
2024-11-13 22:54:02,413 - INFO - Processing rows 2525 to 2550 for swaps, peptide RAKFKQLL, weight TCRb
2024-11-13 22:55:44,358 - INFO - Processing rows 2550 to 2575 for swaps, peptide RAKFKQLL, weight TCRb
2024-11-13 22:57:25,713 - INFO - Processing rows 2575 to 2600 for swaps, peptide RAKFKQLL, weight TCRb
2024-11-13 22:59:09,881 - INFO - Processing rows 2600 to 2625 for swaps, peptide RAKFKQLL, weight TCRb
2024-11-13 23:00:50,245 - INFO - Processing rows 2625 to 2650 for swaps, peptide RAKFKQLL, weight TCRb
2024-11-13 23:02:30,598 - INFO - Processing rows 2650 to 2675 for swaps, peptide RAKFKQLL, weight TCRb
2024-11-13 23:04:15,681 - INFO - Processing rows 2675 to 2700 for swaps, peptide RAKFKQLL, weight TCRb
2024-11-13 23:05:57,554 - INFO - Processing rows 2700 to 2725 for swaps, peptide RAKFKQLL, weight TCRb
2024-11-13 23:07:49,108 - INFO - Processing rows 2725 to 2750 for swaps, peptide RAKFKQLL, weight TCRb
2024-11-13 23:09:39,390 - INFO - Processing rows 2750 to 2775 for swaps, peptide RAKFKQLL, weight TCRb
2024-11-13 23:11:30,083 - INFO - Processing rows 2775 to 2800 for swaps, peptide RAKFKQLL, weight TCRb
2024-11-13 23:13:23,322 - INFO - Processing rows 2800 to 2825 for swaps, peptide RAKFKQLL, weight TCRb
2024-11-13 23:15:13,002 - INFO - Processing rows 2825 to 2850 for swaps, peptide RAKFKQLL, weight TCRb
2024-11-13 23:17:02,205 - INFO - Processing rows 2850 to 2875 for swaps, peptide RAKFKQLL, weight TCRb
2024-11-13 23:18:46,464 - INFO - Processing rows 2875 to 2900 for swaps, peptide RAKFKQLL, weight TCRb
2024-11-13 23:20:32,218 - INFO - Processing rows 2900 to 2925 for swaps, peptide RAKFKQLL, weight TCRb
2024-11-13 23:22:16,989 - INFO - Processing rows 2925 to 2950 for swaps, peptide RAKFKQLL, weight TCRb
2024-11-13 23:24:00,718 - INFO - Processing rows 2950 to 2975 for swaps, peptide RAKFKQLL, weight TCRb
2024-11-13 23:25:55,172 - INFO - Processing rows 2975 to 3000 for swaps, peptide RAKFKQLL, weight TCRb
2024-11-13 23:27:38,611 - INFO - Processing rows 3000 to 3025 for swaps, peptide RAKFKQLL, weight TCRb
2024-11-13 23:29:24,487 - INFO - Processing rows 3025 to 3050 for swaps, peptide RAKFKQLL, weight TCRb
2024-11-13 23:31:21,191 - INFO - Processing rows 3050 to 3075 for swaps, peptide RAKFKQLL, weight TCRb
2024-11-13 23:33:19,177 - INFO - Processing rows 3075 to 3100 for swaps, peptide RAKFKQLL, weight TCRb
2024-11-13 23:35:05,186 - INFO - Processing rows 3100 to 3125 for swaps, peptide RAKFKQLL, weight TCRb
2024-11-13 23:36:51,100 - INFO - Processing rows 3125 to 3150 for swaps, peptide RAKFKQLL, weight TCRb
2024-11-13 23:38:36,273 - INFO - Processing rows 3150 to 3175 for swaps, peptide RAKFKQLL, weight TCRb
2024-11-13 23:40:19,143 - INFO - Processing rows 3175 to 3200 for swaps, peptide RAKFKQLL, weight TCRb
2024-11-13 23:42:04,606 - INFO - Processing rows 3200 to 3225 for swaps, peptide RAKFKQLL, weight TCRb
2024-11-13 23:43:52,985 - INFO - Processing rows 3225 to 3250 for swaps, peptide RAKFKQLL, weight TCRb
2024-11-13 23:45:39,683 - INFO - Processing rows 3250 to 3275 for swaps, peptide RAKFKQLL, weight TCRb
2024-11-13 23:47:23,157 - INFO - Processing rows 3275 to 3300 for swaps, peptide RAKFKQLL, weight TCRb
2024-11-13 23:49:20,731 - INFO - Processing rows 3300 to 3325 for swaps, peptide RAKFKQLL, weight TCRb
2024-11-13 23:51:04,228 - INFO - Processing rows 3325 to 3350 for swaps, peptide RAKFKQLL, weight TCRb
2024-11-13 23:52:59,529 - INFO - Processing rows 3350 to 3375 for swaps, peptide RAKFKQLL, weight TCRb
2024-11-13 23:54:43,895 - INFO - Processing rows 3375 to 3400 for swaps, peptide RAKFKQLL, weight TCRb
2024-11-13 23:56:30,618 - INFO - Processing rows 3400 to 3425 for swaps, peptide RAKFKQLL, weight TCRb
2024-11-13 23:58:15,150 - INFO - Processing rows 3425 to 3450 for swaps, peptide RAKFKQLL, weight TCRb
2024-11-14 00:00:03,720 - INFO - Processing rows 3450 to 3475 for swaps, peptide RAKFKQLL, weight TCRb
2024-11-14 00:01:50,460 - INFO - Processing rows 3475 to 3500 for swaps, peptide RAKFKQLL, weight TCRb
2024-11-14 00:03:37,481 - INFO - Processing rows 3500 to 3525 for swaps, peptide RAKFKQLL, weight TCRb
2024-11-14 00:05:20,083 - INFO - Processing rows 3525 to 3550 for swaps, peptide RAKFKQLL, weight TCRb
2024-11-14 00:07:06,958 - INFO - Processing rows 3550 to 3575 for swaps, peptide RAKFKQLL, weight TCRb
2024-11-14 00:09:02,365 - INFO - Processing rows 3575 to 3600 for swaps, peptide RAKFKQLL, weight TCRb
2024-11-14 00:10:47,154 - INFO - Processing rows 3600 to 3625 for swaps, peptide RAKFKQLL, weight TCRb
2024-11-14 00:12:30,491 - INFO - Processing rows 3625 to 3650 for swaps, peptide RAKFKQLL, weight TCRb
2024-11-14 00:14:15,009 - INFO - Processing rows 3650 to 3675 for swaps, peptide RAKFKQLL, weight TCRb
2024-11-14 00:15:56,820 - INFO - Processing rows 3675 to 3700 for swaps, peptide RAKFKQLL, weight TCRb
2024-11-14 00:17:38,078 - INFO - Processing rows 3700 to 3725 for swaps, peptide RAKFKQLL, weight TCRb
2024-11-14 00:19:21,554 - INFO - Processing rows 3725 to 3750 for swaps, peptide RAKFKQLL, weight TCRb
2024-11-14 00:21:03,553 - INFO - Processing rows 3750 to 3775 for swaps, peptide RAKFKQLL, weight TCRb
2024-11-14 00:22:59,410 - INFO - Processing rows 3775 to 3800 for swaps, peptide RAKFKQLL, weight TCRb
2024-11-14 00:24:44,420 - INFO - Processing rows 3800 to 3825 for swaps, peptide RAKFKQLL, weight TCRb
2024-11-14 00:26:26,800 - INFO - Processing rows 3825 to 3850 for swaps, peptide RAKFKQLL, weight TCRb
2024-11-14 00:28:06,210 - INFO - Processing rows 3850 to 3875 for swaps, peptide RAKFKQLL, weight TCRb
2024-11-14 00:29:49,911 - INFO - Processing rows 3875 to 3900 for swaps, peptide RAKFKQLL, weight TCRb
2024-11-14 00:31:30,913 - INFO - Processing rows 3900 to 3925 for swaps, peptide RAKFKQLL, weight TCRb
2024-11-14 00:33:13,483 - INFO - Processing rows 3925 to 3950 for swaps, peptide RAKFKQLL, weight TCRb
2024-11-14 00:34:57,734 - INFO - Processing rows 3950 to 3975 for swaps, peptide RAKFKQLL, weight TCRb
2024-11-14 00:36:38,420 - INFO - Processing rows 3975 to 4000 for swaps, peptide RAKFKQLL, weight TCRb
2024-11-14 00:38:23,032 - INFO - Processing rows 4000 to 4025 for swaps, peptide RAKFKQLL, weight TCRb
2024-11-14 00:40:06,784 - INFO - Processing rows 4025 to 4050 for swaps, peptide RAKFKQLL, weight TCRb
2024-11-14 00:41:50,247 - INFO - Processing rows 4050 to 4075 for swaps, peptide RAKFKQLL, weight TCRb
2024-11-14 00:43:32,471 - INFO - Processing rows 4075 to 4100 for swaps, peptide RAKFKQLL, weight TCRb
2024-11-14 00:45:14,542 - INFO - Processing rows 4100 to 4125 for swaps, peptide RAKFKQLL, weight TCRb
2024-11-14 00:47:08,231 - INFO - Processing rows 4125 to 4150 for swaps, peptide RAKFKQLL, weight TCRb
2024-11-14 00:48:50,435 - INFO - Processing rows 4150 to 4175 for swaps, peptide RAKFKQLL, weight TCRb
2024-11-14 00:50:36,588 - INFO - Processing rows 4175 to 4200 for swaps, peptide RAKFKQLL, weight TCRb
2024-11-14 00:52:24,237 - INFO - Processing rows 4200 to 4225 for swaps, peptide RAKFKQLL, weight TCRb
2024-11-14 00:54:09,911 - INFO - Processing rows 4225 to 4250 for swaps, peptide RAKFKQLL, weight TCRb
2024-11-14 00:55:53,814 - INFO - Processing rows 4250 to 4275 for swaps, peptide RAKFKQLL, weight TCRb
2024-11-14 00:57:42,743 - INFO - Processing rows 4275 to 4300 for swaps, peptide RAKFKQLL, weight TCRb
2024-11-14 00:59:23,411 - INFO - Processing rows 4300 to 4325 for swaps, peptide RAKFKQLL, weight TCRb
2024-11-14 01:01:16,507 - INFO - Processing rows 4325 to 4350 for swaps, peptide RAKFKQLL, weight TCRb
2024-11-14 01:03:12,454 - INFO - Processing rows 4350 to 4375 for swaps, peptide RAKFKQLL, weight TCRb
2024-11-14 01:04:59,854 - INFO - Processing rows 4375 to 4400 for swaps, peptide RAKFKQLL, weight TCRb
2024-11-14 01:06:59,278 - INFO - Processing rows 4400 to 4425 for swaps, peptide RAKFKQLL, weight TCRb
2024-11-14 01:08:46,159 - INFO - Processing rows 4425 to 4450 for swaps, peptide RAKFKQLL, weight TCRb
2024-11-14 01:10:30,717 - INFO - Processing rows 4450 to 4475 for swaps, peptide RAKFKQLL, weight TCRb
2024-11-14 01:12:16,833 - INFO - Processing rows 4475 to 4500 for swaps, peptide RAKFKQLL, weight TCRb
2024-11-14 01:14:03,141 - INFO - Processing rows 4500 to 4525 for swaps, peptide RAKFKQLL, weight TCRb
2024-11-14 01:15:52,369 - INFO - Processing rows 4525 to 4550 for swaps, peptide RAKFKQLL, weight TCRb
2024-11-14 01:17:34,541 - INFO - Processing rows 4550 to 4575 for swaps, peptide RAKFKQLL, weight TCRb
2024-11-14 01:19:20,100 - INFO - Processing rows 4575 to 4600 for swaps, peptide RAKFKQLL, weight TCRb
2024-11-14 01:21:04,934 - INFO - Processing rows 4600 to 4625 for swaps, peptide RAKFKQLL, weight TCRb
2024-11-14 01:22:54,695 - INFO - Processing rows 4625 to 4650 for swaps, peptide RAKFKQLL, weight TCRb
2024-11-14 01:24:42,936 - INFO - Processing rows 4650 to 4675 for swaps, peptide RAKFKQLL, weight TCRb
2024-11-14 01:26:28,632 - INFO - Processing rows 4675 to 4700 for swaps, peptide RAKFKQLL, weight TCRb
2024-11-14 01:28:15,693 - INFO - Processing rows 4700 to 4725 for swaps, peptide RAKFKQLL, weight TCRb
2024-11-14 01:30:12,030 - INFO - Processing rows 4725 to 4750 for swaps, peptide RAKFKQLL, weight TCRb
2024-11-14 01:31:53,917 - INFO - Processing rows 4750 to 4775 for swaps, peptide RAKFKQLL, weight TCRb
2024-11-14 01:33:37,391 - INFO - Processing rows 4775 to 4800 for swaps, peptide RAKFKQLL, weight TCRb
2024-11-14 01:35:20,202 - INFO - Processing rows 4800 to 4825 for swaps, peptide RAKFKQLL, weight TCRb
2024-11-14 01:37:14,264 - INFO - Processing rows 4825 to 4850 for swaps, peptide RAKFKQLL, weight TCRb
2024-11-14 01:39:01,520 - INFO - Processing rows 4850 to 4875 for swaps, peptide RAKFKQLL, weight TCRb
2024-11-14 01:40:49,246 - INFO - Processing rows 4875 to 4900 for swaps, peptide RAKFKQLL, weight TCRb
2024-11-14 01:42:32,756 - INFO - Processing rows 4900 to 4925 for swaps, peptide RAKFKQLL, weight TCRb
2024-11-14 01:44:20,905 - INFO - Processing rows 4925 to 4950 for swaps, peptide RAKFKQLL, weight TCRb
2024-11-14 01:46:04,539 - INFO - Processing rows 4950 to 4975 for swaps, peptide RAKFKQLL, weight TCRb
2024-11-14 01:47:48,611 - INFO - Processing rows 4975 to 4980 for swaps, peptide RAKFKQLL, weight TCRb
Traceback (most recent call last):
  File "/net/mimer/mnt/tank/projects2/emison/language_model/27th_Oct_new_matrices/04.11_new_esm/12.11/run_esm_swaps.py", line 90, in <module>
    process_sequences(df_filtered, peptide, weight, "swaps")
  File "/net/mimer/mnt/tank/projects2/emison/language_model/27th_Oct_new_matrices/04.11_new_esm/12.11/run_esm_swaps.py", line 82, in process_sequences
    output_df.insert(0, "raw_index", raw_indexes)
  File "/home/projects2/emison/language_model/miniconda3/envs/esm2_emison/lib/python3.12/site-packages/pandas/core/frame.py", line 5171, in insert
    value, refs = self._sanitize_column(value)
                  ^^^^^^^^^^^^^^^^^^^^^^^^^^^^
  File "/home/projects2/emison/language_model/miniconda3/envs/esm2_emison/lib/python3.12/site-packages/pandas/core/frame.py", line 5266, in _sanitize_column
    com.require_length_match(value, self.index)
  File "/home/projects2/emison/language_model/miniconda3/envs/esm2_emison/lib/python3.12/site-packages/pandas/core/common.py", line 573, in require_length_match
    raise ValueError(
ValueError: Length of values (4980) does not match length of index (5)
