2024-11-14 08:34:14,746 - INFO - Loading and filtering dataset for peptide RAKFKQLL
2024-11-14 08:34:15,053 - INFO - Processing dataset for peptide RAKFKQLL with weight CDR2a
2024-11-14 08:34:15,055 - INFO - Processing rows 0 to 25 for swaps, peptide RAKFKQLL, weight CDR2a
2024-11-14 08:34:19,840 - INFO - Processing rows 25 to 50 for swaps, peptide RAKFKQLL, weight CDR2a
2024-11-14 08:34:24,551 - INFO - Processing rows 50 to 75 for swaps, peptide RAKFKQLL, weight CDR2a
2024-11-14 08:34:29,328 - INFO - Processing rows 75 to 100 for swaps, peptide RAKFKQLL, weight CDR2a
2024-11-14 08:34:34,038 - INFO - Processing rows 100 to 125 for swaps, peptide RAKFKQLL, weight CDR2a
2024-11-14 08:34:38,790 - INFO - Processing rows 125 to 150 for swaps, peptide RAKFKQLL, weight CDR2a
2024-11-14 08:34:43,976 - INFO - Processing rows 150 to 175 for swaps, peptide RAKFKQLL, weight CDR2a
2024-11-14 08:34:49,102 - INFO - Processing rows 175 to 200 for swaps, peptide RAKFKQLL, weight CDR2a
2024-11-14 08:34:54,250 - INFO - Processing rows 200 to 225 for swaps, peptide RAKFKQLL, weight CDR2a
2024-11-14 08:34:59,479 - INFO - Processing rows 225 to 250 for swaps, peptide RAKFKQLL, weight CDR2a
2024-11-14 08:35:04,633 - INFO - Processing rows 250 to 275 for swaps, peptide RAKFKQLL, weight CDR2a
2024-11-14 08:35:09,778 - INFO - Processing rows 275 to 300 for swaps, peptide RAKFKQLL, weight CDR2a
2024-11-14 08:35:15,011 - INFO - Processing rows 300 to 325 for swaps, peptide RAKFKQLL, weight CDR2a
2024-11-14 08:35:20,082 - INFO - Processing rows 325 to 350 for swaps, peptide RAKFKQLL, weight CDR2a
2024-11-14 08:35:25,136 - INFO - Processing rows 350 to 375 for swaps, peptide RAKFKQLL, weight CDR2a
2024-11-14 08:35:30,177 - INFO - Processing rows 375 to 400 for swaps, peptide RAKFKQLL, weight CDR2a
2024-11-14 08:35:35,233 - INFO - Processing rows 400 to 425 for swaps, peptide RAKFKQLL, weight CDR2a
2024-11-14 08:35:40,269 - INFO - Processing rows 425 to 450 for swaps, peptide RAKFKQLL, weight CDR2a
2024-11-14 08:35:45,327 - INFO - Processing rows 450 to 475 for swaps, peptide RAKFKQLL, weight CDR2a
2024-11-14 08:35:50,362 - INFO - Processing rows 475 to 500 for swaps, peptide RAKFKQLL, weight CDR2a
2024-11-14 08:35:55,460 - INFO - Processing rows 500 to 525 for swaps, peptide RAKFKQLL, weight CDR2a
2024-11-14 08:36:00,591 - INFO - Processing rows 525 to 550 for swaps, peptide RAKFKQLL, weight CDR2a
2024-11-14 08:36:05,735 - INFO - Processing rows 550 to 575 for swaps, peptide RAKFKQLL, weight CDR2a
2024-11-14 08:36:10,862 - INFO - Processing rows 575 to 600 for swaps, peptide RAKFKQLL, weight CDR2a
2024-11-14 08:36:16,013 - INFO - Processing rows 600 to 625 for swaps, peptide RAKFKQLL, weight CDR2a
2024-11-14 08:36:21,141 - INFO - Processing rows 625 to 650 for swaps, peptide RAKFKQLL, weight CDR2a
2024-11-14 08:36:26,288 - INFO - Processing rows 650 to 675 for swaps, peptide RAKFKQLL, weight CDR2a
2024-11-14 08:36:31,420 - INFO - Processing rows 675 to 700 for swaps, peptide RAKFKQLL, weight CDR2a
2024-11-14 08:36:36,568 - INFO - Processing rows 700 to 725 for swaps, peptide RAKFKQLL, weight CDR2a
2024-11-14 08:36:41,695 - INFO - Processing rows 725 to 750 for swaps, peptide RAKFKQLL, weight CDR2a
2024-11-14 08:36:46,784 - INFO - Processing rows 750 to 775 for swaps, peptide RAKFKQLL, weight CDR2a
2024-11-14 08:36:51,868 - INFO - Processing rows 775 to 800 for swaps, peptide RAKFKQLL, weight CDR2a
2024-11-14 08:36:57,026 - INFO - Processing rows 800 to 825 for swaps, peptide RAKFKQLL, weight CDR2a
2024-11-14 08:37:02,151 - INFO - Processing rows 825 to 850 for swaps, peptide RAKFKQLL, weight CDR2a
2024-11-14 08:37:07,294 - INFO - Processing rows 850 to 875 for swaps, peptide RAKFKQLL, weight CDR2a
2024-11-14 08:37:12,421 - INFO - Processing rows 875 to 900 for swaps, peptide RAKFKQLL, weight CDR2a
2024-11-14 08:37:17,569 - INFO - Processing rows 900 to 925 for swaps, peptide RAKFKQLL, weight CDR2a
2024-11-14 08:37:22,695 - INFO - Processing rows 925 to 950 for swaps, peptide RAKFKQLL, weight CDR2a
2024-11-14 08:37:27,839 - INFO - Processing rows 950 to 975 for swaps, peptide RAKFKQLL, weight CDR2a
2024-11-14 08:37:32,964 - INFO - Processing rows 975 to 1000 for swaps, peptide RAKFKQLL, weight CDR2a
2024-11-14 08:37:38,080 - INFO - Processing rows 1000 to 1025 for swaps, peptide RAKFKQLL, weight CDR2a
2024-11-14 08:37:43,150 - INFO - Processing rows 1025 to 1050 for swaps, peptide RAKFKQLL, weight CDR2a
2024-11-14 08:37:48,239 - INFO - Processing rows 1050 to 1075 for swaps, peptide RAKFKQLL, weight CDR2a
2024-11-14 08:37:53,276 - INFO - Processing rows 1075 to 1100 for swaps, peptide RAKFKQLL, weight CDR2a
2024-11-14 08:37:58,329 - INFO - Processing rows 1100 to 1125 for swaps, peptide RAKFKQLL, weight CDR2a
2024-11-14 08:38:03,368 - INFO - Processing rows 1125 to 1150 for swaps, peptide RAKFKQLL, weight CDR2a
2024-11-14 08:38:08,426 - INFO - Processing rows 1150 to 1175 for swaps, peptide RAKFKQLL, weight CDR2a
2024-11-14 08:38:13,464 - INFO - Processing rows 1175 to 1200 for swaps, peptide RAKFKQLL, weight CDR2a
2024-11-14 08:38:18,516 - INFO - Processing rows 1200 to 1225 for swaps, peptide RAKFKQLL, weight CDR2a
2024-11-14 08:38:23,570 - INFO - Processing rows 1225 to 1250 for swaps, peptide RAKFKQLL, weight CDR2a
2024-11-14 08:38:28,626 - INFO - Processing rows 1250 to 1275 for swaps, peptide RAKFKQLL, weight CDR2a
2024-11-14 08:38:33,663 - INFO - Processing rows 1275 to 1300 for swaps, peptide RAKFKQLL, weight CDR2a
2024-11-14 08:38:38,763 - INFO - Processing rows 1300 to 1325 for swaps, peptide RAKFKQLL, weight CDR2a
2024-11-14 08:38:43,827 - INFO - Processing rows 1325 to 1350 for swaps, peptide RAKFKQLL, weight CDR2a
2024-11-14 08:38:48,961 - INFO - Processing rows 1350 to 1375 for swaps, peptide RAKFKQLL, weight CDR2a
2024-11-14 08:38:54,092 - INFO - Processing rows 1375 to 1400 for swaps, peptide RAKFKQLL, weight CDR2a
2024-11-14 08:38:59,245 - INFO - Processing rows 1400 to 1425 for swaps, peptide RAKFKQLL, weight CDR2a
2024-11-14 08:39:04,393 - INFO - Processing rows 1425 to 1450 for swaps, peptide RAKFKQLL, weight CDR2a
2024-11-14 08:39:09,542 - INFO - Processing rows 1450 to 1475 for swaps, peptide RAKFKQLL, weight CDR2a
2024-11-14 08:39:14,673 - INFO - Processing rows 1475 to 1500 for swaps, peptide RAKFKQLL, weight CDR2a
2024-11-14 08:39:19,822 - INFO - Processing rows 1500 to 1525 for swaps, peptide RAKFKQLL, weight CDR2a
2024-11-14 08:39:24,951 - INFO - Processing rows 1525 to 1550 for swaps, peptide RAKFKQLL, weight CDR2a
2024-11-14 08:39:30,101 - INFO - Processing rows 1550 to 1575 for swaps, peptide RAKFKQLL, weight CDR2a
2024-11-14 08:39:35,170 - INFO - Processing rows 1575 to 1600 for swaps, peptide RAKFKQLL, weight CDR2a
2024-11-14 08:39:40,274 - INFO - Processing rows 1600 to 1625 for swaps, peptide RAKFKQLL, weight CDR2a
2024-11-14 08:39:45,411 - INFO - Processing rows 1625 to 1650 for swaps, peptide RAKFKQLL, weight CDR2a
2024-11-14 08:39:50,515 - INFO - Processing rows 1650 to 1675 for swaps, peptide RAKFKQLL, weight CDR2a
2024-11-14 08:39:55,596 - INFO - Processing rows 1675 to 1700 for swaps, peptide RAKFKQLL, weight CDR2a
2024-11-14 08:40:00,740 - INFO - Processing rows 1700 to 1725 for swaps, peptide RAKFKQLL, weight CDR2a
2024-11-14 08:40:05,903 - INFO - Processing rows 1725 to 1750 for swaps, peptide RAKFKQLL, weight CDR2a
2024-11-14 08:40:11,064 - INFO - Processing rows 1750 to 1775 for swaps, peptide RAKFKQLL, weight CDR2a
2024-11-14 08:40:16,232 - INFO - Processing rows 1775 to 1800 for swaps, peptide RAKFKQLL, weight CDR2a
2024-11-14 08:40:21,400 - INFO - Processing rows 1800 to 1825 for swaps, peptide RAKFKQLL, weight CDR2a
2024-11-14 08:40:26,523 - INFO - Processing rows 1825 to 1850 for swaps, peptide RAKFKQLL, weight CDR2a
2024-11-14 08:40:31,605 - INFO - Processing rows 1850 to 1875 for swaps, peptide RAKFKQLL, weight CDR2a
2024-11-14 08:40:36,645 - INFO - Processing rows 1875 to 1900 for swaps, peptide RAKFKQLL, weight CDR2a
2024-11-14 08:40:41,650 - INFO - Processing rows 1900 to 1925 for swaps, peptide RAKFKQLL, weight CDR2a
2024-11-14 08:40:46,656 - INFO - Processing rows 1925 to 1950 for swaps, peptide RAKFKQLL, weight CDR2a
2024-11-14 08:40:51,664 - INFO - Processing rows 1950 to 1975 for swaps, peptide RAKFKQLL, weight CDR2a
2024-11-14 08:40:56,674 - INFO - Processing rows 1975 to 2000 for swaps, peptide RAKFKQLL, weight CDR2a
2024-11-14 08:41:01,661 - INFO - Processing rows 2000 to 2025 for swaps, peptide RAKFKQLL, weight CDR2a
2024-11-14 08:41:06,662 - INFO - Processing rows 2025 to 2050 for swaps, peptide RAKFKQLL, weight CDR2a
2024-11-14 08:41:11,668 - INFO - Processing rows 2050 to 2075 for swaps, peptide RAKFKQLL, weight CDR2a
2024-11-14 08:41:16,674 - INFO - Processing rows 2075 to 2100 for swaps, peptide RAKFKQLL, weight CDR2a
2024-11-14 08:41:21,667 - INFO - Processing rows 2100 to 2125 for swaps, peptide RAKFKQLL, weight CDR2a
2024-11-14 08:41:26,670 - INFO - Processing rows 2125 to 2150 for swaps, peptide RAKFKQLL, weight CDR2a
2024-11-14 08:41:31,661 - INFO - Processing rows 2150 to 2175 for swaps, peptide RAKFKQLL, weight CDR2a
2024-11-14 08:41:36,672 - INFO - Processing rows 2175 to 2200 for swaps, peptide RAKFKQLL, weight CDR2a
2024-11-14 08:41:41,679 - INFO - Processing rows 2200 to 2225 for swaps, peptide RAKFKQLL, weight CDR2a
2024-11-14 08:41:46,669 - INFO - Processing rows 2225 to 2250 for swaps, peptide RAKFKQLL, weight CDR2a
2024-11-14 08:41:51,678 - INFO - Processing rows 2250 to 2275 for swaps, peptide RAKFKQLL, weight CDR2a
2024-11-14 08:41:56,670 - INFO - Processing rows 2275 to 2300 for swaps, peptide RAKFKQLL, weight CDR2a
2024-11-14 08:42:01,679 - INFO - Processing rows 2300 to 2325 for swaps, peptide RAKFKQLL, weight CDR2a
2024-11-14 08:42:06,672 - INFO - Processing rows 2325 to 2350 for swaps, peptide RAKFKQLL, weight CDR2a
2024-11-14 08:42:11,726 - INFO - Processing rows 2350 to 2375 for swaps, peptide RAKFKQLL, weight CDR2a
2024-11-14 08:42:16,823 - INFO - Processing rows 2375 to 2400 for swaps, peptide RAKFKQLL, weight CDR2a
2024-11-14 08:42:21,919 - INFO - Processing rows 2400 to 2425 for swaps, peptide RAKFKQLL, weight CDR2a
2024-11-14 08:42:26,973 - INFO - Processing rows 2425 to 2450 for swaps, peptide RAKFKQLL, weight CDR2a
2024-11-14 08:42:32,022 - INFO - Processing rows 2450 to 2475 for swaps, peptide RAKFKQLL, weight CDR2a
2024-11-14 08:42:37,109 - INFO - Processing rows 2475 to 2500 for swaps, peptide RAKFKQLL, weight CDR2a
2024-11-14 08:42:42,207 - INFO - Processing rows 2500 to 2525 for swaps, peptide RAKFKQLL, weight CDR2a
2024-11-14 08:42:47,292 - INFO - Processing rows 2525 to 2550 for swaps, peptide RAKFKQLL, weight CDR2a
2024-11-14 08:42:52,389 - INFO - Processing rows 2550 to 2575 for swaps, peptide RAKFKQLL, weight CDR2a
2024-11-14 08:42:57,475 - INFO - Processing rows 2575 to 2600 for swaps, peptide RAKFKQLL, weight CDR2a
2024-11-14 08:43:02,554 - INFO - Processing rows 2600 to 2625 for swaps, peptide RAKFKQLL, weight CDR2a
2024-11-14 08:43:07,597 - INFO - Processing rows 2625 to 2650 for swaps, peptide RAKFKQLL, weight CDR2a
2024-11-14 08:43:12,645 - INFO - Processing rows 2650 to 2675 for swaps, peptide RAKFKQLL, weight CDR2a
2024-11-14 08:43:17,740 - INFO - Processing rows 2675 to 2700 for swaps, peptide RAKFKQLL, weight CDR2a
2024-11-14 08:43:22,834 - INFO - Processing rows 2700 to 2725 for swaps, peptide RAKFKQLL, weight CDR2a
2024-11-14 08:43:27,913 - INFO - Processing rows 2725 to 2750 for swaps, peptide RAKFKQLL, weight CDR2a
2024-11-14 08:43:32,928 - INFO - Processing rows 2750 to 2775 for swaps, peptide RAKFKQLL, weight CDR2a
2024-11-14 08:43:38,021 - INFO - Processing rows 2775 to 2800 for swaps, peptide RAKFKQLL, weight CDR2a
2024-11-14 08:43:43,107 - INFO - Processing rows 2800 to 2825 for swaps, peptide RAKFKQLL, weight CDR2a
2024-11-14 08:43:48,210 - INFO - Processing rows 2825 to 2850 for swaps, peptide RAKFKQLL, weight CDR2a
2024-11-14 08:43:53,294 - INFO - Processing rows 2850 to 2875 for swaps, peptide RAKFKQLL, weight CDR2a
2024-11-14 08:43:58,396 - INFO - Processing rows 2875 to 2900 for swaps, peptide RAKFKQLL, weight CDR2a
2024-11-14 08:44:03,471 - INFO - Processing rows 2900 to 2925 for swaps, peptide RAKFKQLL, weight CDR2a
2024-11-14 08:44:08,510 - INFO - Processing rows 2925 to 2950 for swaps, peptide RAKFKQLL, weight CDR2a
2024-11-14 08:44:13,499 - INFO - Processing rows 2950 to 2975 for swaps, peptide RAKFKQLL, weight CDR2a
2024-11-14 08:44:18,508 - INFO - Processing rows 2975 to 3000 for swaps, peptide RAKFKQLL, weight CDR2a
2024-11-14 08:44:23,509 - INFO - Processing rows 3000 to 3025 for swaps, peptide RAKFKQLL, weight CDR2a
2024-11-14 08:44:28,515 - INFO - Processing rows 3025 to 3050 for swaps, peptide RAKFKQLL, weight CDR2a
2024-11-14 08:44:33,508 - INFO - Processing rows 3050 to 3075 for swaps, peptide RAKFKQLL, weight CDR2a
2024-11-14 08:44:38,513 - INFO - Processing rows 3075 to 3100 for swaps, peptide RAKFKQLL, weight CDR2a
2024-11-14 08:44:43,521 - INFO - Processing rows 3100 to 3125 for swaps, peptide RAKFKQLL, weight CDR2a
2024-11-14 08:44:48,529 - INFO - Processing rows 3125 to 3150 for swaps, peptide RAKFKQLL, weight CDR2a
2024-11-14 08:44:53,521 - INFO - Processing rows 3150 to 3175 for swaps, peptide RAKFKQLL, weight CDR2a
2024-11-14 08:44:58,528 - INFO - Processing rows 3175 to 3200 for swaps, peptide RAKFKQLL, weight CDR2a
2024-11-14 08:45:03,520 - INFO - Processing rows 3200 to 3225 for swaps, peptide RAKFKQLL, weight CDR2a
2024-11-14 08:45:08,516 - INFO - Processing rows 3225 to 3250 for swaps, peptide RAKFKQLL, weight CDR2a
2024-11-14 08:45:13,521 - INFO - Processing rows 3250 to 3275 for swaps, peptide RAKFKQLL, weight CDR2a
2024-11-14 08:45:18,516 - INFO - Processing rows 3275 to 3300 for swaps, peptide RAKFKQLL, weight CDR2a
2024-11-14 08:45:23,517 - INFO - Processing rows 3300 to 3325 for swaps, peptide RAKFKQLL, weight CDR2a
2024-11-14 08:45:28,507 - INFO - Processing rows 3325 to 3350 for swaps, peptide RAKFKQLL, weight CDR2a
2024-11-14 08:45:33,500 - INFO - Processing rows 3350 to 3375 for swaps, peptide RAKFKQLL, weight CDR2a
2024-11-14 08:45:38,509 - INFO - Processing rows 3375 to 3400 for swaps, peptide RAKFKQLL, weight CDR2a
2024-11-14 08:45:43,541 - INFO - Processing rows 3400 to 3425 for swaps, peptide RAKFKQLL, weight CDR2a
2024-11-14 08:45:48,638 - INFO - Processing rows 3425 to 3450 for swaps, peptide RAKFKQLL, weight CDR2a
2024-11-14 08:45:53,726 - INFO - Processing rows 3450 to 3475 for swaps, peptide RAKFKQLL, weight CDR2a
2024-11-14 08:45:58,794 - INFO - Processing rows 3475 to 3500 for swaps, peptide RAKFKQLL, weight CDR2a
2024-11-14 08:46:03,813 - INFO - Processing rows 3500 to 3525 for swaps, peptide RAKFKQLL, weight CDR2a
2024-11-14 08:46:08,891 - INFO - Processing rows 3525 to 3550 for swaps, peptide RAKFKQLL, weight CDR2a
2024-11-14 08:46:13,976 - INFO - Processing rows 3550 to 3575 for swaps, peptide RAKFKQLL, weight CDR2a
2024-11-14 08:46:19,076 - INFO - Processing rows 3575 to 3600 for swaps, peptide RAKFKQLL, weight CDR2a
2024-11-14 08:46:24,161 - INFO - Processing rows 3600 to 3625 for swaps, peptide RAKFKQLL, weight CDR2a
2024-11-14 08:46:29,244 - INFO - Processing rows 3625 to 3650 for swaps, peptide RAKFKQLL, weight CDR2a
2024-11-14 08:46:34,340 - INFO - Processing rows 3650 to 3675 for swaps, peptide RAKFKQLL, weight CDR2a
2024-11-14 08:46:39,371 - INFO - Processing rows 3675 to 3700 for swaps, peptide RAKFKQLL, weight CDR2a
2024-11-14 08:46:44,410 - INFO - Processing rows 3700 to 3725 for swaps, peptide RAKFKQLL, weight CDR2a
2024-11-14 08:46:49,498 - INFO - Processing rows 3725 to 3750 for swaps, peptide RAKFKQLL, weight CDR2a
2024-11-14 08:46:54,582 - INFO - Processing rows 3750 to 3775 for swaps, peptide RAKFKQLL, weight CDR2a
2024-11-14 08:46:59,665 - INFO - Processing rows 3775 to 3800 for swaps, peptide RAKFKQLL, weight CDR2a
2024-11-14 08:47:04,689 - INFO - Processing rows 3800 to 3825 for swaps, peptide RAKFKQLL, weight CDR2a
2024-11-14 08:47:09,773 - INFO - Processing rows 3825 to 3850 for swaps, peptide RAKFKQLL, weight CDR2a
2024-11-14 08:47:14,865 - INFO - Processing rows 3850 to 3875 for swaps, peptide RAKFKQLL, weight CDR2a
2024-11-14 08:47:19,952 - INFO - Processing rows 3875 to 3900 for swaps, peptide RAKFKQLL, weight CDR2a
2024-11-14 08:47:25,040 - INFO - Processing rows 3900 to 3925 for swaps, peptide RAKFKQLL, weight CDR2a
2024-11-14 08:47:30,136 - INFO - Processing rows 3925 to 3950 for swaps, peptide RAKFKQLL, weight CDR2a
2024-11-14 08:47:35,223 - INFO - Processing rows 3950 to 3975 for swaps, peptide RAKFKQLL, weight CDR2a
2024-11-14 08:47:40,254 - INFO - Processing rows 3975 to 4000 for swaps, peptide RAKFKQLL, weight CDR2a
2024-11-14 08:47:45,249 - INFO - Processing rows 4000 to 4025 for swaps, peptide RAKFKQLL, weight CDR2a
2024-11-14 08:47:50,258 - INFO - Processing rows 4025 to 4050 for swaps, peptide RAKFKQLL, weight CDR2a
2024-11-14 08:47:55,251 - INFO - Processing rows 4050 to 4075 for swaps, peptide RAKFKQLL, weight CDR2a
2024-11-14 08:48:00,258 - INFO - Processing rows 4075 to 4100 for swaps, peptide RAKFKQLL, weight CDR2a
2024-11-14 08:48:05,256 - INFO - Processing rows 4100 to 4125 for swaps, peptide RAKFKQLL, weight CDR2a
2024-11-14 08:48:10,256 - INFO - Processing rows 4125 to 4150 for swaps, peptide RAKFKQLL, weight CDR2a
2024-11-14 08:48:15,245 - INFO - Processing rows 4150 to 4175 for swaps, peptide RAKFKQLL, weight CDR2a
2024-11-14 08:48:20,246 - INFO - Processing rows 4175 to 4200 for swaps, peptide RAKFKQLL, weight CDR2a
2024-11-14 08:48:25,255 - INFO - Processing rows 4200 to 4225 for swaps, peptide RAKFKQLL, weight CDR2a
2024-11-14 08:48:30,243 - INFO - Processing rows 4225 to 4250 for swaps, peptide RAKFKQLL, weight CDR2a
2024-11-14 08:48:35,249 - INFO - Processing rows 4250 to 4275 for swaps, peptide RAKFKQLL, weight CDR2a
2024-11-14 08:48:40,240 - INFO - Processing rows 4275 to 4300 for swaps, peptide RAKFKQLL, weight CDR2a
2024-11-14 08:48:45,246 - INFO - Processing rows 4300 to 4325 for swaps, peptide RAKFKQLL, weight CDR2a
2024-11-14 08:48:50,239 - INFO - Processing rows 4325 to 4350 for swaps, peptide RAKFKQLL, weight CDR2a
2024-11-14 08:48:55,247 - INFO - Processing rows 4350 to 4375 for swaps, peptide RAKFKQLL, weight CDR2a
2024-11-14 08:49:00,244 - INFO - Processing rows 4375 to 4400 for swaps, peptide RAKFKQLL, weight CDR2a
2024-11-14 08:49:05,247 - INFO - Processing rows 4400 to 4425 for swaps, peptide RAKFKQLL, weight CDR2a
2024-11-14 08:49:10,253 - INFO - Processing rows 4425 to 4450 for swaps, peptide RAKFKQLL, weight CDR2a
2024-11-14 08:49:15,286 - INFO - Processing rows 4450 to 4475 for swaps, peptide RAKFKQLL, weight CDR2a
2024-11-14 08:49:20,387 - INFO - Processing rows 4475 to 4500 for swaps, peptide RAKFKQLL, weight CDR2a
2024-11-14 08:49:25,474 - INFO - Processing rows 4500 to 4525 for swaps, peptide RAKFKQLL, weight CDR2a
2024-11-14 08:49:30,549 - INFO - Processing rows 4525 to 4550 for swaps, peptide RAKFKQLL, weight CDR2a
2024-11-14 08:49:35,576 - INFO - Processing rows 4550 to 4575 for swaps, peptide RAKFKQLL, weight CDR2a
2024-11-14 08:49:40,659 - INFO - Processing rows 4575 to 4600 for swaps, peptide RAKFKQLL, weight CDR2a
2024-11-14 08:49:45,733 - INFO - Processing rows 4600 to 4625 for swaps, peptide RAKFKQLL, weight CDR2a
2024-11-14 08:49:50,830 - INFO - Processing rows 4625 to 4650 for swaps, peptide RAKFKQLL, weight CDR2a
2024-11-14 08:49:55,921 - INFO - Processing rows 4650 to 4675 for swaps, peptide RAKFKQLL, weight CDR2a
2024-11-14 08:50:01,018 - INFO - Processing rows 4675 to 4700 for swaps, peptide RAKFKQLL, weight CDR2a
2024-11-14 08:50:06,108 - INFO - Processing rows 4700 to 4725 for swaps, peptide RAKFKQLL, weight CDR2a
2024-11-14 08:50:11,150 - INFO - Processing rows 4725 to 4750 for swaps, peptide RAKFKQLL, weight CDR2a
2024-11-14 08:50:16,188 - INFO - Processing rows 4750 to 4775 for swaps, peptide RAKFKQLL, weight CDR2a
2024-11-14 08:50:21,287 - INFO - Processing rows 4775 to 4800 for swaps, peptide RAKFKQLL, weight CDR2a
2024-11-14 08:50:26,378 - INFO - Processing rows 4800 to 4825 for swaps, peptide RAKFKQLL, weight CDR2a
2024-11-14 08:50:31,460 - INFO - Processing rows 4825 to 4850 for swaps, peptide RAKFKQLL, weight CDR2a
2024-11-14 08:50:36,463 - INFO - Processing rows 4850 to 4875 for swaps, peptide RAKFKQLL, weight CDR2a
2024-11-14 08:50:41,550 - INFO - Processing rows 4875 to 4900 for swaps, peptide RAKFKQLL, weight CDR2a
2024-11-14 08:50:46,644 - INFO - Processing rows 4900 to 4925 for swaps, peptide RAKFKQLL, weight CDR2a
2024-11-14 08:50:51,732 - INFO - Processing rows 4925 to 4950 for swaps, peptide RAKFKQLL, weight CDR2a
2024-11-14 08:50:56,829 - INFO - Processing rows 4950 to 4975 for swaps, peptide RAKFKQLL, weight CDR2a
2024-11-14 08:51:01,914 - INFO - Processing rows 4975 to 4980 for swaps, peptide RAKFKQLL, weight CDR2a
2024-11-14 08:51:03,244 - INFO - ESM finished.. Saving file...
2024-11-14 09:14:06,583 - INFO - Saved to /net/mimer/mnt/tank/projects2/emison/language_model/27th_Oct_new_matrices/04.11_new_esm/12.11/sequence_summed_vectors_swaps_RAKFKQLL_CDR2a.csv
