2024-11-14 08:31:15,245 - INFO - Loading and filtering dataset for peptide RAKFKQLL
2024-11-14 08:31:15,562 - INFO - Processing dataset for peptide RAKFKQLL with weight CDR1b
2024-11-14 08:31:15,563 - INFO - Processing rows 0 to 25 for swaps, peptide RAKFKQLL, weight CDR1b
2024-11-14 08:31:18,302 - INFO - Processing rows 25 to 50 for swaps, peptide RAKFKQLL, weight CDR1b
2024-11-14 08:31:20,929 - INFO - Processing rows 50 to 75 for swaps, peptide RAKFKQLL, weight CDR1b
2024-11-14 08:31:23,627 - INFO - Processing rows 75 to 100 for swaps, peptide RAKFKQLL, weight CDR1b
2024-11-14 08:31:26,325 - INFO - Processing rows 100 to 125 for swaps, peptide RAKFKQLL, weight CDR1b
2024-11-14 08:31:28,904 - INFO - Processing rows 125 to 150 for swaps, peptide RAKFKQLL, weight CDR1b
2024-11-14 08:31:31,701 - INFO - Processing rows 150 to 175 for swaps, peptide RAKFKQLL, weight CDR1b
2024-11-14 08:31:34,220 - INFO - Processing rows 175 to 200 for swaps, peptide RAKFKQLL, weight CDR1b
2024-11-14 08:31:37,015 - INFO - Processing rows 200 to 225 for swaps, peptide RAKFKQLL, weight CDR1b
2024-11-14 08:31:39,571 - INFO - Processing rows 225 to 250 for swaps, peptide RAKFKQLL, weight CDR1b
2024-11-14 08:31:42,230 - INFO - Processing rows 250 to 275 for swaps, peptide RAKFKQLL, weight CDR1b
2024-11-14 08:31:44,785 - INFO - Processing rows 275 to 300 for swaps, peptide RAKFKQLL, weight CDR1b
2024-11-14 08:31:47,422 - INFO - Processing rows 300 to 325 for swaps, peptide RAKFKQLL, weight CDR1b
2024-11-14 08:31:49,979 - INFO - Processing rows 325 to 350 for swaps, peptide RAKFKQLL, weight CDR1b
2024-11-14 08:31:52,604 - INFO - Processing rows 350 to 375 for swaps, peptide RAKFKQLL, weight CDR1b
2024-11-14 08:31:55,271 - INFO - Processing rows 375 to 400 for swaps, peptide RAKFKQLL, weight CDR1b
2024-11-14 08:31:57,982 - INFO - Processing rows 400 to 425 for swaps, peptide RAKFKQLL, weight CDR1b
2024-11-14 08:32:00,609 - INFO - Processing rows 425 to 450 for swaps, peptide RAKFKQLL, weight CDR1b
2024-11-14 08:32:03,330 - INFO - Processing rows 450 to 475 for swaps, peptide RAKFKQLL, weight CDR1b
2024-11-14 08:32:05,968 - INFO - Processing rows 475 to 500 for swaps, peptide RAKFKQLL, weight CDR1b
2024-11-14 08:32:08,662 - INFO - Processing rows 500 to 525 for swaps, peptide RAKFKQLL, weight CDR1b
2024-11-14 08:32:11,020 - INFO - Processing rows 525 to 550 for swaps, peptide RAKFKQLL, weight CDR1b
2024-11-14 08:32:13,664 - INFO - Processing rows 550 to 575 for swaps, peptide RAKFKQLL, weight CDR1b
2024-11-14 08:32:16,233 - INFO - Processing rows 575 to 600 for swaps, peptide RAKFKQLL, weight CDR1b
2024-11-14 08:32:18,791 - INFO - Processing rows 600 to 625 for swaps, peptide RAKFKQLL, weight CDR1b
2024-11-14 08:32:21,389 - INFO - Processing rows 625 to 650 for swaps, peptide RAKFKQLL, weight CDR1b
2024-11-14 08:32:23,948 - INFO - Processing rows 650 to 675 for swaps, peptide RAKFKQLL, weight CDR1b
2024-11-14 08:32:26,515 - INFO - Processing rows 675 to 700 for swaps, peptide RAKFKQLL, weight CDR1b
2024-11-14 08:32:29,124 - INFO - Processing rows 700 to 725 for swaps, peptide RAKFKQLL, weight CDR1b
2024-11-14 08:32:31,732 - INFO - Processing rows 725 to 750 for swaps, peptide RAKFKQLL, weight CDR1b
2024-11-14 08:32:34,409 - INFO - Processing rows 750 to 775 for swaps, peptide RAKFKQLL, weight CDR1b
2024-11-14 08:32:37,061 - INFO - Processing rows 775 to 800 for swaps, peptide RAKFKQLL, weight CDR1b
2024-11-14 08:32:39,630 - INFO - Processing rows 800 to 825 for swaps, peptide RAKFKQLL, weight CDR1b
2024-11-14 08:32:41,999 - INFO - Processing rows 825 to 850 for swaps, peptide RAKFKQLL, weight CDR1b
2024-11-14 08:32:44,624 - INFO - Processing rows 850 to 875 for swaps, peptide RAKFKQLL, weight CDR1b
2024-11-14 08:32:47,179 - INFO - Processing rows 875 to 900 for swaps, peptide RAKFKQLL, weight CDR1b
2024-11-14 08:32:49,703 - INFO - Processing rows 900 to 925 for swaps, peptide RAKFKQLL, weight CDR1b
2024-11-14 08:32:52,158 - INFO - Processing rows 925 to 950 for swaps, peptide RAKFKQLL, weight CDR1b
2024-11-14 08:32:54,378 - INFO - Processing rows 950 to 975 for swaps, peptide RAKFKQLL, weight CDR1b
2024-11-14 08:32:56,828 - INFO - Processing rows 975 to 1000 for swaps, peptide RAKFKQLL, weight CDR1b
2024-11-14 08:32:59,250 - INFO - Processing rows 1000 to 1025 for swaps, peptide RAKFKQLL, weight CDR1b
2024-11-14 08:33:01,704 - INFO - Processing rows 1025 to 1050 for swaps, peptide RAKFKQLL, weight CDR1b
2024-11-14 08:33:04,177 - INFO - Processing rows 1050 to 1075 for swaps, peptide RAKFKQLL, weight CDR1b
2024-11-14 08:33:06,605 - INFO - Processing rows 1075 to 1100 for swaps, peptide RAKFKQLL, weight CDR1b
2024-11-14 08:33:09,054 - INFO - Processing rows 1100 to 1125 for swaps, peptide RAKFKQLL, weight CDR1b
2024-11-14 08:33:11,506 - INFO - Processing rows 1125 to 1150 for swaps, peptide RAKFKQLL, weight CDR1b
2024-11-14 08:33:13,686 - INFO - Processing rows 1150 to 1175 for swaps, peptide RAKFKQLL, weight CDR1b
2024-11-14 08:33:16,175 - INFO - Processing rows 1175 to 1200 for swaps, peptide RAKFKQLL, weight CDR1b
2024-11-14 08:33:18,621 - INFO - Processing rows 1200 to 1225 for swaps, peptide RAKFKQLL, weight CDR1b
2024-11-14 08:33:21,133 - INFO - Processing rows 1225 to 1250 for swaps, peptide RAKFKQLL, weight CDR1b
2024-11-14 08:33:23,683 - INFO - Processing rows 1250 to 1275 for swaps, peptide RAKFKQLL, weight CDR1b
2024-11-14 08:33:26,192 - INFO - Processing rows 1275 to 1300 for swaps, peptide RAKFKQLL, weight CDR1b
2024-11-14 08:33:30,345 - INFO - Processing rows 1300 to 1325 for swaps, peptide RAKFKQLL, weight CDR1b
2024-11-14 08:33:34,773 - INFO - Processing rows 1325 to 1350 for swaps, peptide RAKFKQLL, weight CDR1b
2024-11-14 08:33:39,189 - INFO - Processing rows 1350 to 1375 for swaps, peptide RAKFKQLL, weight CDR1b
2024-11-14 08:33:43,525 - INFO - Processing rows 1375 to 1400 for swaps, peptide RAKFKQLL, weight CDR1b
2024-11-14 08:33:46,454 - INFO - Processing rows 1400 to 1425 for swaps, peptide RAKFKQLL, weight CDR1b
2024-11-14 08:33:48,990 - INFO - Processing rows 1425 to 1450 for swaps, peptide RAKFKQLL, weight CDR1b
2024-11-14 08:33:51,466 - INFO - Processing rows 1450 to 1475 for swaps, peptide RAKFKQLL, weight CDR1b
2024-11-14 08:33:53,992 - INFO - Processing rows 1475 to 1500 for swaps, peptide RAKFKQLL, weight CDR1b
2024-11-14 08:33:56,465 - INFO - Processing rows 1500 to 1525 for swaps, peptide RAKFKQLL, weight CDR1b
2024-11-14 08:33:58,970 - INFO - Processing rows 1525 to 1550 for swaps, peptide RAKFKQLL, weight CDR1b
2024-11-14 08:34:01,503 - INFO - Processing rows 1550 to 1575 for swaps, peptide RAKFKQLL, weight CDR1b
2024-11-14 08:34:04,053 - INFO - Processing rows 1575 to 1600 for swaps, peptide RAKFKQLL, weight CDR1b
2024-11-14 08:34:06,547 - INFO - Processing rows 1600 to 1625 for swaps, peptide RAKFKQLL, weight CDR1b
2024-11-14 08:34:09,015 - INFO - Processing rows 1625 to 1650 for swaps, peptide RAKFKQLL, weight CDR1b
2024-11-14 08:34:11,308 - INFO - Processing rows 1650 to 1675 for swaps, peptide RAKFKQLL, weight CDR1b
2024-11-14 08:34:13,921 - INFO - Processing rows 1675 to 1700 for swaps, peptide RAKFKQLL, weight CDR1b
2024-11-14 08:34:16,499 - INFO - Processing rows 1700 to 1725 for swaps, peptide RAKFKQLL, weight CDR1b
2024-11-14 08:34:19,218 - INFO - Processing rows 1725 to 1750 for swaps, peptide RAKFKQLL, weight CDR1b
2024-11-14 08:34:21,886 - INFO - Processing rows 1750 to 1775 for swaps, peptide RAKFKQLL, weight CDR1b
2024-11-14 08:34:24,617 - INFO - Processing rows 1775 to 1800 for swaps, peptide RAKFKQLL, weight CDR1b
2024-11-14 08:34:26,984 - INFO - Processing rows 1800 to 1825 for swaps, peptide RAKFKQLL, weight CDR1b
2024-11-14 08:34:29,738 - INFO - Processing rows 1825 to 1850 for swaps, peptide RAKFKQLL, weight CDR1b
2024-11-14 08:34:32,392 - INFO - Processing rows 1850 to 1875 for swaps, peptide RAKFKQLL, weight CDR1b
2024-11-14 08:34:35,096 - INFO - Processing rows 1875 to 1900 for swaps, peptide RAKFKQLL, weight CDR1b
2024-11-14 08:34:37,792 - INFO - Processing rows 1900 to 1925 for swaps, peptide RAKFKQLL, weight CDR1b
2024-11-14 08:34:40,487 - INFO - Processing rows 1925 to 1950 for swaps, peptide RAKFKQLL, weight CDR1b
2024-11-14 08:34:43,076 - INFO - Processing rows 1950 to 1975 for swaps, peptide RAKFKQLL, weight CDR1b
2024-11-14 08:34:45,449 - INFO - Processing rows 1975 to 2000 for swaps, peptide RAKFKQLL, weight CDR1b
2024-11-14 08:34:48,006 - INFO - Processing rows 2000 to 2025 for swaps, peptide RAKFKQLL, weight CDR1b
2024-11-14 08:34:51,278 - INFO - Processing rows 2025 to 2050 for swaps, peptide RAKFKQLL, weight CDR1b
2024-11-14 08:34:54,127 - INFO - Processing rows 2050 to 2075 for swaps, peptide RAKFKQLL, weight CDR1b
2024-11-14 08:34:56,778 - INFO - Processing rows 2075 to 2100 for swaps, peptide RAKFKQLL, weight CDR1b
2024-11-14 08:34:59,405 - INFO - Processing rows 2100 to 2125 for swaps, peptide RAKFKQLL, weight CDR1b
2024-11-14 08:35:02,112 - INFO - Processing rows 2125 to 2150 for swaps, peptide RAKFKQLL, weight CDR1b
2024-11-14 08:35:04,741 - INFO - Processing rows 2150 to 2175 for swaps, peptide RAKFKQLL, weight CDR1b
2024-11-14 08:35:07,398 - INFO - Processing rows 2175 to 2200 for swaps, peptide RAKFKQLL, weight CDR1b
2024-11-14 08:35:10,000 - INFO - Processing rows 2200 to 2225 for swaps, peptide RAKFKQLL, weight CDR1b
2024-11-14 08:35:12,339 - INFO - Processing rows 2225 to 2250 for swaps, peptide RAKFKQLL, weight CDR1b
2024-11-14 08:35:14,946 - INFO - Processing rows 2250 to 2275 for swaps, peptide RAKFKQLL, weight CDR1b
2024-11-14 08:35:17,583 - INFO - Processing rows 2275 to 2300 for swaps, peptide RAKFKQLL, weight CDR1b
2024-11-14 08:35:20,240 - INFO - Processing rows 2300 to 2325 for swaps, peptide RAKFKQLL, weight CDR1b
2024-11-14 08:35:22,684 - INFO - Processing rows 2325 to 2350 for swaps, peptide RAKFKQLL, weight CDR1b
2024-11-14 08:35:25,375 - INFO - Processing rows 2350 to 2375 for swaps, peptide RAKFKQLL, weight CDR1b
2024-11-14 08:35:28,061 - INFO - Processing rows 2375 to 2400 for swaps, peptide RAKFKQLL, weight CDR1b
2024-11-14 08:35:30,739 - INFO - Processing rows 2400 to 2425 for swaps, peptide RAKFKQLL, weight CDR1b
2024-11-14 08:35:33,102 - INFO - Processing rows 2425 to 2450 for swaps, peptide RAKFKQLL, weight CDR1b
2024-11-14 08:35:35,712 - INFO - Processing rows 2450 to 2475 for swaps, peptide RAKFKQLL, weight CDR1b
2024-11-14 08:35:38,344 - INFO - Processing rows 2475 to 2500 for swaps, peptide RAKFKQLL, weight CDR1b
2024-11-14 08:35:41,019 - INFO - Processing rows 2500 to 2525 for swaps, peptide RAKFKQLL, weight CDR1b
2024-11-14 08:35:43,747 - INFO - Processing rows 2525 to 2550 for swaps, peptide RAKFKQLL, weight CDR1b
2024-11-14 08:35:46,440 - INFO - Processing rows 2550 to 2575 for swaps, peptide RAKFKQLL, weight CDR1b
2024-11-14 08:35:49,174 - INFO - Processing rows 2575 to 2600 for swaps, peptide RAKFKQLL, weight CDR1b
2024-11-14 08:35:51,839 - INFO - Processing rows 2600 to 2625 for swaps, peptide RAKFKQLL, weight CDR1b
2024-11-14 08:35:54,252 - INFO - Processing rows 2625 to 2650 for swaps, peptide RAKFKQLL, weight CDR1b
2024-11-14 08:35:56,958 - INFO - Processing rows 2650 to 2675 for swaps, peptide RAKFKQLL, weight CDR1b
2024-11-14 08:35:59,367 - INFO - Processing rows 2675 to 2700 for swaps, peptide RAKFKQLL, weight CDR1b
2024-11-14 08:36:01,801 - INFO - Processing rows 2700 to 2725 for swaps, peptide RAKFKQLL, weight CDR1b
2024-11-14 08:36:04,566 - INFO - Processing rows 2725 to 2750 for swaps, peptide RAKFKQLL, weight CDR1b
2024-11-14 08:36:07,348 - INFO - Processing rows 2750 to 2775 for swaps, peptide RAKFKQLL, weight CDR1b
2024-11-14 08:36:10,125 - INFO - Processing rows 2775 to 2800 for swaps, peptide RAKFKQLL, weight CDR1b
2024-11-14 08:36:12,903 - INFO - Processing rows 2800 to 2825 for swaps, peptide RAKFKQLL, weight CDR1b
2024-11-14 08:36:15,426 - INFO - Processing rows 2825 to 2850 for swaps, peptide RAKFKQLL, weight CDR1b
2024-11-14 08:36:18,241 - INFO - Processing rows 2850 to 2875 for swaps, peptide RAKFKQLL, weight CDR1b
2024-11-14 08:36:21,027 - INFO - Processing rows 2875 to 2900 for swaps, peptide RAKFKQLL, weight CDR1b
2024-11-14 08:36:23,794 - INFO - Processing rows 2900 to 2925 for swaps, peptide RAKFKQLL, weight CDR1b
2024-11-14 08:36:26,531 - INFO - Processing rows 2925 to 2950 for swaps, peptide RAKFKQLL, weight CDR1b
2024-11-14 08:36:29,370 - INFO - Processing rows 2950 to 2975 for swaps, peptide RAKFKQLL, weight CDR1b
2024-11-14 08:36:32,135 - INFO - Processing rows 2975 to 3000 for swaps, peptide RAKFKQLL, weight CDR1b
2024-11-14 08:36:34,891 - INFO - Processing rows 3000 to 3025 for swaps, peptide RAKFKQLL, weight CDR1b
2024-11-14 08:36:37,366 - INFO - Processing rows 3025 to 3050 for swaps, peptide RAKFKQLL, weight CDR1b
2024-11-14 08:36:40,071 - INFO - Processing rows 3050 to 3075 for swaps, peptide RAKFKQLL, weight CDR1b
2024-11-14 08:36:42,748 - INFO - Processing rows 3075 to 3100 for swaps, peptide RAKFKQLL, weight CDR1b
2024-11-14 08:36:45,432 - INFO - Processing rows 3100 to 3125 for swaps, peptide RAKFKQLL, weight CDR1b
2024-11-14 08:36:48,113 - INFO - Processing rows 3125 to 3150 for swaps, peptide RAKFKQLL, weight CDR1b
2024-11-14 08:36:50,848 - INFO - Processing rows 3150 to 3175 for swaps, peptide RAKFKQLL, weight CDR1b
2024-11-14 08:36:53,751 - INFO - Processing rows 3175 to 3200 for swaps, peptide RAKFKQLL, weight CDR1b
2024-11-14 08:36:56,371 - INFO - Processing rows 3200 to 3225 for swaps, peptide RAKFKQLL, weight CDR1b
2024-11-14 08:36:59,229 - INFO - Processing rows 3225 to 3250 for swaps, peptide RAKFKQLL, weight CDR1b
2024-11-14 08:37:01,929 - INFO - Processing rows 3250 to 3275 for swaps, peptide RAKFKQLL, weight CDR1b
2024-11-14 08:37:04,563 - INFO - Processing rows 3275 to 3300 for swaps, peptide RAKFKQLL, weight CDR1b
2024-11-14 08:37:07,225 - INFO - Processing rows 3300 to 3325 for swaps, peptide RAKFKQLL, weight CDR1b
2024-11-14 08:37:09,981 - INFO - Processing rows 3325 to 3350 for swaps, peptide RAKFKQLL, weight CDR1b
2024-11-14 08:37:12,693 - INFO - Processing rows 3350 to 3375 for swaps, peptide RAKFKQLL, weight CDR1b
2024-11-14 08:37:15,168 - INFO - Processing rows 3375 to 3400 for swaps, peptide RAKFKQLL, weight CDR1b
2024-11-14 08:37:17,897 - INFO - Processing rows 3400 to 3425 for swaps, peptide RAKFKQLL, weight CDR1b
2024-11-14 08:37:20,685 - INFO - Processing rows 3425 to 3450 for swaps, peptide RAKFKQLL, weight CDR1b
2024-11-14 08:37:23,439 - INFO - Processing rows 3450 to 3475 for swaps, peptide RAKFKQLL, weight CDR1b
2024-11-14 08:37:25,985 - INFO - Processing rows 3475 to 3500 for swaps, peptide RAKFKQLL, weight CDR1b
2024-11-14 08:37:28,717 - INFO - Processing rows 3500 to 3525 for swaps, peptide RAKFKQLL, weight CDR1b
2024-11-14 08:37:31,270 - INFO - Processing rows 3525 to 3550 for swaps, peptide RAKFKQLL, weight CDR1b
2024-11-14 08:37:34,011 - INFO - Processing rows 3550 to 3575 for swaps, peptide RAKFKQLL, weight CDR1b
2024-11-14 08:37:36,757 - INFO - Processing rows 3575 to 3600 for swaps, peptide RAKFKQLL, weight CDR1b
2024-11-14 08:37:39,475 - INFO - Processing rows 3600 to 3625 for swaps, peptide RAKFKQLL, weight CDR1b
2024-11-14 08:37:42,269 - INFO - Processing rows 3625 to 3650 for swaps, peptide RAKFKQLL, weight CDR1b
2024-11-14 08:37:44,679 - INFO - Processing rows 3650 to 3675 for swaps, peptide RAKFKQLL, weight CDR1b
2024-11-14 08:37:47,106 - INFO - Processing rows 3675 to 3700 for swaps, peptide RAKFKQLL, weight CDR1b
2024-11-14 08:37:49,763 - INFO - Processing rows 3700 to 3725 for swaps, peptide RAKFKQLL, weight CDR1b
2024-11-14 08:37:52,464 - INFO - Processing rows 3725 to 3750 for swaps, peptide RAKFKQLL, weight CDR1b
2024-11-14 08:37:54,865 - INFO - Processing rows 3750 to 3775 for swaps, peptide RAKFKQLL, weight CDR1b
2024-11-14 08:37:57,571 - INFO - Processing rows 3775 to 3800 for swaps, peptide RAKFKQLL, weight CDR1b
2024-11-14 08:38:00,339 - INFO - Processing rows 3800 to 3825 for swaps, peptide RAKFKQLL, weight CDR1b
2024-11-14 08:38:03,076 - INFO - Processing rows 3825 to 3850 for swaps, peptide RAKFKQLL, weight CDR1b
2024-11-14 08:38:05,918 - INFO - Processing rows 3850 to 3875 for swaps, peptide RAKFKQLL, weight CDR1b
2024-11-14 08:38:09,190 - INFO - Processing rows 3875 to 3900 for swaps, peptide RAKFKQLL, weight CDR1b
2024-11-14 08:38:12,494 - INFO - Processing rows 3900 to 3925 for swaps, peptide RAKFKQLL, weight CDR1b
2024-11-14 08:38:16,069 - INFO - Processing rows 3925 to 3950 for swaps, peptide RAKFKQLL, weight CDR1b
2024-11-14 08:38:19,706 - INFO - Processing rows 3950 to 3975 for swaps, peptide RAKFKQLL, weight CDR1b
2024-11-14 08:38:23,395 - INFO - Processing rows 3975 to 4000 for swaps, peptide RAKFKQLL, weight CDR1b
2024-11-14 08:38:26,881 - INFO - Processing rows 4000 to 4025 for swaps, peptide RAKFKQLL, weight CDR1b
2024-11-14 08:38:30,381 - INFO - Processing rows 4025 to 4050 for swaps, peptide RAKFKQLL, weight CDR1b
2024-11-14 08:38:33,230 - INFO - Processing rows 4050 to 4075 for swaps, peptide RAKFKQLL, weight CDR1b
2024-11-14 08:38:35,949 - INFO - Processing rows 4075 to 4100 for swaps, peptide RAKFKQLL, weight CDR1b
2024-11-14 08:38:38,633 - INFO - Processing rows 4100 to 4125 for swaps, peptide RAKFKQLL, weight CDR1b
2024-11-14 08:38:41,192 - INFO - Processing rows 4125 to 4150 for swaps, peptide RAKFKQLL, weight CDR1b
2024-11-14 08:38:43,822 - INFO - Processing rows 4150 to 4175 for swaps, peptide RAKFKQLL, weight CDR1b
2024-11-14 08:38:46,437 - INFO - Processing rows 4175 to 4200 for swaps, peptide RAKFKQLL, weight CDR1b
2024-11-14 08:38:49,130 - INFO - Processing rows 4200 to 4225 for swaps, peptide RAKFKQLL, weight CDR1b
2024-11-14 08:38:51,743 - INFO - Processing rows 4225 to 4250 for swaps, peptide RAKFKQLL, weight CDR1b
2024-11-14 08:38:54,358 - INFO - Processing rows 4250 to 4275 for swaps, peptide RAKFKQLL, weight CDR1b
2024-11-14 08:38:56,971 - INFO - Processing rows 4275 to 4300 for swaps, peptide RAKFKQLL, weight CDR1b
2024-11-14 08:38:59,557 - INFO - Processing rows 4300 to 4325 for swaps, peptide RAKFKQLL, weight CDR1b
2024-11-14 08:39:02,126 - INFO - Processing rows 4325 to 4350 for swaps, peptide RAKFKQLL, weight CDR1b
2024-11-14 08:39:04,717 - INFO - Processing rows 4350 to 4375 for swaps, peptide RAKFKQLL, weight CDR1b
2024-11-14 08:39:07,277 - INFO - Processing rows 4375 to 4400 for swaps, peptide RAKFKQLL, weight CDR1b
2024-11-14 08:39:09,839 - INFO - Processing rows 4400 to 4425 for swaps, peptide RAKFKQLL, weight CDR1b
2024-11-14 08:39:12,377 - INFO - Processing rows 4425 to 4450 for swaps, peptide RAKFKQLL, weight CDR1b
2024-11-14 08:39:14,983 - INFO - Processing rows 4450 to 4475 for swaps, peptide RAKFKQLL, weight CDR1b
2024-11-14 08:39:17,580 - INFO - Processing rows 4475 to 4500 for swaps, peptide RAKFKQLL, weight CDR1b
2024-11-14 08:39:20,144 - INFO - Processing rows 4500 to 4525 for swaps, peptide RAKFKQLL, weight CDR1b
2024-11-14 08:39:22,620 - INFO - Processing rows 4525 to 4550 for swaps, peptide RAKFKQLL, weight CDR1b
2024-11-14 08:39:25,106 - INFO - Processing rows 4550 to 4575 for swaps, peptide RAKFKQLL, weight CDR1b
2024-11-14 08:39:27,593 - INFO - Processing rows 4575 to 4600 for swaps, peptide RAKFKQLL, weight CDR1b
2024-11-14 08:39:30,097 - INFO - Processing rows 4600 to 4625 for swaps, peptide RAKFKQLL, weight CDR1b
2024-11-14 08:39:32,600 - INFO - Processing rows 4625 to 4650 for swaps, peptide RAKFKQLL, weight CDR1b
2024-11-14 08:39:35,133 - INFO - Processing rows 4650 to 4675 for swaps, peptide RAKFKQLL, weight CDR1b
2024-11-14 08:39:37,401 - INFO - Processing rows 4675 to 4700 for swaps, peptide RAKFKQLL, weight CDR1b
2024-11-14 08:39:39,954 - INFO - Processing rows 4700 to 4725 for swaps, peptide RAKFKQLL, weight CDR1b
2024-11-14 08:39:42,595 - INFO - Processing rows 4725 to 4750 for swaps, peptide RAKFKQLL, weight CDR1b
2024-11-14 08:39:44,927 - INFO - Processing rows 4750 to 4775 for swaps, peptide RAKFKQLL, weight CDR1b
2024-11-14 08:39:47,540 - INFO - Processing rows 4775 to 4800 for swaps, peptide RAKFKQLL, weight CDR1b
2024-11-14 08:39:50,181 - INFO - Processing rows 4800 to 4825 for swaps, peptide RAKFKQLL, weight CDR1b
2024-11-14 08:39:52,498 - INFO - Processing rows 4825 to 4850 for swaps, peptide RAKFKQLL, weight CDR1b
2024-11-14 08:39:55,065 - INFO - Processing rows 4850 to 4875 for swaps, peptide RAKFKQLL, weight CDR1b
2024-11-14 08:39:57,640 - INFO - Processing rows 4875 to 4900 for swaps, peptide RAKFKQLL, weight CDR1b
2024-11-14 08:40:00,200 - INFO - Processing rows 4900 to 4925 for swaps, peptide RAKFKQLL, weight CDR1b
2024-11-14 08:40:02,747 - INFO - Processing rows 4925 to 4950 for swaps, peptide RAKFKQLL, weight CDR1b
2024-11-14 08:40:05,272 - INFO - Processing rows 4950 to 4975 for swaps, peptide RAKFKQLL, weight CDR1b
2024-11-14 08:40:07,827 - INFO - Processing rows 4975 to 4980 for swaps, peptide RAKFKQLL, weight CDR1b
2024-11-14 08:40:08,620 - INFO - ESM finished.. Saving file...
2024-11-14 08:49:41,979 - INFO - Saved to /net/mimer/mnt/tank/projects2/emison/language_model/27th_Oct_new_matrices/04.11_new_esm/12.11/sequence_summed_vectors_swaps_RAKFKQLL_CDR1b.csv
