2024-11-14 08:50:56,236 - INFO - Loading and filtering dataset for peptide YLQPRTFLL
2024-11-14 08:50:56,863 - INFO - Processing dataset for peptide YLQPRTFLL with weight TCRb
2024-11-14 08:50:56,865 - INFO - Processing rows 0 to 25 for swaps, peptide YLQPRTFLL, weight TCRb
2024-11-14 08:58:09,442 - INFO - Processing rows 25 to 50 for swaps, peptide YLQPRTFLL, weight TCRb
2024-11-14 09:05:15,051 - INFO - Processing rows 50 to 75 for swaps, peptide YLQPRTFLL, weight TCRb
2024-11-14 09:12:03,394 - INFO - Processing rows 75 to 100 for swaps, peptide YLQPRTFLL, weight TCRb
2024-11-14 09:17:25,359 - INFO - Processing rows 100 to 125 for swaps, peptide YLQPRTFLL, weight TCRb
2024-11-14 09:24:00,485 - INFO - Processing rows 125 to 150 for swaps, peptide YLQPRTFLL, weight TCRb
2024-11-14 09:31:09,480 - INFO - Processing rows 150 to 175 for swaps, peptide YLQPRTFLL, weight TCRb
2024-11-14 09:38:11,457 - INFO - Processing rows 175 to 200 for swaps, peptide YLQPRTFLL, weight TCRb
2024-11-14 09:45:00,799 - INFO - Processing rows 200 to 225 for swaps, peptide YLQPRTFLL, weight TCRb
2024-11-14 09:51:06,443 - INFO - Processing rows 225 to 250 for swaps, peptide YLQPRTFLL, weight TCRb
2024-11-14 09:58:07,014 - INFO - Processing rows 250 to 275 for swaps, peptide YLQPRTFLL, weight TCRb
2024-11-14 10:05:20,086 - INFO - Processing rows 275 to 300 for swaps, peptide YLQPRTFLL, weight TCRb
2024-11-14 10:12:23,280 - INFO - Processing rows 300 to 325 for swaps, peptide YLQPRTFLL, weight TCRb
2024-11-14 10:18:44,476 - INFO - Processing rows 325 to 350 for swaps, peptide YLQPRTFLL, weight TCRb
2024-11-14 10:25:31,583 - INFO - Processing rows 350 to 375 for swaps, peptide YLQPRTFLL, weight TCRb
2024-11-14 10:32:26,711 - INFO - Processing rows 375 to 400 for swaps, peptide YLQPRTFLL, weight TCRb
2024-11-14 10:39:30,520 - INFO - Processing rows 400 to 425 for swaps, peptide YLQPRTFLL, weight TCRb
2024-11-14 10:46:06,397 - INFO - Processing rows 425 to 450 for swaps, peptide YLQPRTFLL, weight TCRb
2024-11-14 10:53:02,702 - INFO - Processing rows 450 to 475 for swaps, peptide YLQPRTFLL, weight TCRb
2024-11-14 10:59:36,474 - INFO - Processing rows 475 to 500 for swaps, peptide YLQPRTFLL, weight TCRb
2024-11-14 11:06:13,372 - INFO - Processing rows 500 to 525 for swaps, peptide YLQPRTFLL, weight TCRb
2024-11-14 11:13:00,040 - INFO - Processing rows 525 to 550 for swaps, peptide YLQPRTFLL, weight TCRb
2024-11-14 11:19:41,878 - INFO - Processing rows 550 to 575 for swaps, peptide YLQPRTFLL, weight TCRb
2024-11-14 11:26:27,483 - INFO - Processing rows 575 to 600 for swaps, peptide YLQPRTFLL, weight TCRb
2024-11-14 11:33:10,521 - INFO - Processing rows 600 to 625 for swaps, peptide YLQPRTFLL, weight TCRb
2024-11-14 11:40:01,460 - INFO - Processing rows 625 to 650 for swaps, peptide YLQPRTFLL, weight TCRb
2024-11-14 11:45:56,414 - INFO - Processing rows 650 to 675 for swaps, peptide YLQPRTFLL, weight TCRb
2024-11-14 11:52:27,312 - INFO - Processing rows 675 to 700 for swaps, peptide YLQPRTFLL, weight TCRb
2024-11-14 11:58:52,540 - INFO - Processing rows 700 to 725 for swaps, peptide YLQPRTFLL, weight TCRb
2024-11-14 12:05:34,124 - INFO - Processing rows 725 to 750 for swaps, peptide YLQPRTFLL, weight TCRb
2024-11-14 12:12:18,855 - INFO - Processing rows 750 to 775 for swaps, peptide YLQPRTFLL, weight TCRb
2024-11-14 12:18:59,993 - INFO - Processing rows 775 to 800 for swaps, peptide YLQPRTFLL, weight TCRb
2024-11-14 12:26:09,111 - INFO - Processing rows 800 to 825 for swaps, peptide YLQPRTFLL, weight TCRb
2024-11-14 12:32:48,712 - INFO - Processing rows 825 to 850 for swaps, peptide YLQPRTFLL, weight TCRb
2024-11-14 12:39:52,728 - INFO - Processing rows 850 to 875 for swaps, peptide YLQPRTFLL, weight TCRb
2024-11-14 12:46:23,328 - INFO - Processing rows 875 to 900 for swaps, peptide YLQPRTFLL, weight TCRb
2024-11-14 12:52:54,186 - INFO - Processing rows 900 to 925 for swaps, peptide YLQPRTFLL, weight TCRb
2024-11-14 12:59:37,601 - INFO - Processing rows 925 to 950 for swaps, peptide YLQPRTFLL, weight TCRb
2024-11-14 13:06:41,406 - INFO - Processing rows 950 to 975 for swaps, peptide YLQPRTFLL, weight TCRb
2024-11-14 13:13:40,920 - INFO - Processing rows 975 to 1000 for swaps, peptide YLQPRTFLL, weight TCRb
2024-11-14 13:19:50,741 - INFO - Processing rows 1000 to 1025 for swaps, peptide YLQPRTFLL, weight TCRb
2024-11-14 13:26:28,953 - INFO - Processing rows 1025 to 1050 for swaps, peptide YLQPRTFLL, weight TCRb
2024-11-14 13:33:18,074 - INFO - Processing rows 1050 to 1075 for swaps, peptide YLQPRTFLL, weight TCRb
2024-11-14 13:39:22,299 - INFO - Processing rows 1075 to 1100 for swaps, peptide YLQPRTFLL, weight TCRb
2024-11-14 13:45:26,759 - INFO - Processing rows 1100 to 1125 for swaps, peptide YLQPRTFLL, weight TCRb
2024-11-14 13:52:18,916 - INFO - Processing rows 1125 to 1150 for swaps, peptide YLQPRTFLL, weight TCRb
2024-11-14 13:57:07,763 - INFO - Processing rows 1150 to 1175 for swaps, peptide YLQPRTFLL, weight TCRb
2024-11-14 14:02:11,644 - INFO - Processing rows 1175 to 1200 for swaps, peptide YLQPRTFLL, weight TCRb
2024-11-14 14:08:56,317 - INFO - Processing rows 1200 to 1225 for swaps, peptide YLQPRTFLL, weight TCRb
2024-11-14 14:15:40,183 - INFO - Processing rows 1225 to 1250 for swaps, peptide YLQPRTFLL, weight TCRb
2024-11-14 14:22:29,765 - INFO - Processing rows 1250 to 1275 for swaps, peptide YLQPRTFLL, weight TCRb
2024-11-14 14:29:07,012 - INFO - Processing rows 1275 to 1300 for swaps, peptide YLQPRTFLL, weight TCRb
2024-11-14 14:35:22,889 - INFO - Processing rows 1300 to 1325 for swaps, peptide YLQPRTFLL, weight TCRb
2024-11-14 14:42:55,758 - INFO - Processing rows 1325 to 1350 for swaps, peptide YLQPRTFLL, weight TCRb
2024-11-14 14:48:19,814 - INFO - Processing rows 1350 to 1375 for swaps, peptide YLQPRTFLL, weight TCRb
2024-11-14 14:54:56,133 - INFO - Processing rows 1375 to 1400 for swaps, peptide YLQPRTFLL, weight TCRb
2024-11-14 15:01:42,700 - INFO - Processing rows 1400 to 1425 for swaps, peptide YLQPRTFLL, weight TCRb
2024-11-14 15:09:06,468 - INFO - Processing rows 1425 to 1450 for swaps, peptide YLQPRTFLL, weight TCRb
2024-11-14 15:14:45,149 - INFO - Processing rows 1450 to 1475 for swaps, peptide YLQPRTFLL, weight TCRb
2024-11-14 15:20:44,838 - INFO - Processing rows 1475 to 1500 for swaps, peptide YLQPRTFLL, weight TCRb
2024-11-14 15:27:34,141 - INFO - Processing rows 1500 to 1525 for swaps, peptide YLQPRTFLL, weight TCRb
2024-11-14 15:34:46,184 - INFO - Processing rows 1525 to 1550 for swaps, peptide YLQPRTFLL, weight TCRb
2024-11-14 15:41:32,727 - INFO - Processing rows 1550 to 1575 for swaps, peptide YLQPRTFLL, weight TCRb
2024-11-14 15:48:28,794 - INFO - Processing rows 1575 to 1600 for swaps, peptide YLQPRTFLL, weight TCRb
2024-11-14 15:55:45,295 - INFO - Processing rows 1600 to 1625 for swaps, peptide YLQPRTFLL, weight TCRb
2024-11-14 16:02:38,451 - INFO - Processing rows 1625 to 1650 for swaps, peptide YLQPRTFLL, weight TCRb
2024-11-14 16:08:46,233 - INFO - Processing rows 1650 to 1675 for swaps, peptide YLQPRTFLL, weight TCRb
2024-11-14 16:15:26,715 - INFO - Processing rows 1675 to 1700 for swaps, peptide YLQPRTFLL, weight TCRb
2024-11-14 16:22:53,249 - INFO - Processing rows 1700 to 1725 for swaps, peptide YLQPRTFLL, weight TCRb
2024-11-14 16:30:08,283 - INFO - Processing rows 1725 to 1750 for swaps, peptide YLQPRTFLL, weight TCRb
2024-11-14 16:37:04,030 - INFO - Processing rows 1750 to 1775 for swaps, peptide YLQPRTFLL, weight TCRb
2024-11-14 16:43:56,262 - INFO - Processing rows 1775 to 1800 for swaps, peptide YLQPRTFLL, weight TCRb
2024-11-14 16:50:45,440 - INFO - Processing rows 1800 to 1825 for swaps, peptide YLQPRTFLL, weight TCRb
2024-11-14 16:57:37,813 - INFO - Processing rows 1825 to 1850 for swaps, peptide YLQPRTFLL, weight TCRb
2024-11-14 17:02:12,957 - INFO - Processing rows 1850 to 1875 for swaps, peptide YLQPRTFLL, weight TCRb
2024-11-14 17:06:48,175 - INFO - Processing rows 1875 to 1900 for swaps, peptide YLQPRTFLL, weight TCRb
2024-11-14 17:13:32,765 - INFO - Processing rows 1900 to 1925 for swaps, peptide YLQPRTFLL, weight TCRb
2024-11-14 17:20:16,760 - INFO - Processing rows 1925 to 1950 for swaps, peptide YLQPRTFLL, weight TCRb
2024-11-14 17:26:30,955 - INFO - Processing rows 1950 to 1975 for swaps, peptide YLQPRTFLL, weight TCRb
2024-11-14 17:32:41,406 - INFO - Processing rows 1975 to 2000 for swaps, peptide YLQPRTFLL, weight TCRb
2024-11-14 17:38:41,201 - INFO - Processing rows 2000 to 2025 for swaps, peptide YLQPRTFLL, weight TCRb
2024-11-14 17:43:07,694 - INFO - Processing rows 2025 to 2050 for swaps, peptide YLQPRTFLL, weight TCRb
2024-11-14 17:47:36,375 - INFO - Processing rows 2050 to 2075 for swaps, peptide YLQPRTFLL, weight TCRb
2024-11-14 17:54:16,503 - INFO - Processing rows 2075 to 2100 for swaps, peptide YLQPRTFLL, weight TCRb
2024-11-14 18:01:12,078 - INFO - Processing rows 2100 to 2125 for swaps, peptide YLQPRTFLL, weight TCRb
2024-11-14 18:08:10,119 - INFO - Processing rows 2125 to 2150 for swaps, peptide YLQPRTFLL, weight TCRb
2024-11-14 18:15:20,519 - INFO - Processing rows 2150 to 2175 for swaps, peptide YLQPRTFLL, weight TCRb
2024-11-14 18:22:33,618 - INFO - Processing rows 2175 to 2200 for swaps, peptide YLQPRTFLL, weight TCRb
2024-11-14 18:29:41,669 - INFO - Processing rows 2200 to 2225 for swaps, peptide YLQPRTFLL, weight TCRb
2024-11-14 18:36:26,649 - INFO - Processing rows 2225 to 2250 for swaps, peptide YLQPRTFLL, weight TCRb
2024-11-14 18:43:07,871 - INFO - Processing rows 2250 to 2275 for swaps, peptide YLQPRTFLL, weight TCRb
2024-11-14 18:50:19,283 - INFO - Processing rows 2275 to 2300 for swaps, peptide YLQPRTFLL, weight TCRb
2024-11-14 18:57:16,477 - INFO - Processing rows 2300 to 2325 for swaps, peptide YLQPRTFLL, weight TCRb
2024-11-14 19:04:13,611 - INFO - Processing rows 2325 to 2350 for swaps, peptide YLQPRTFLL, weight TCRb
2024-11-14 19:10:59,491 - INFO - Processing rows 2350 to 2375 for swaps, peptide YLQPRTFLL, weight TCRb
2024-11-14 19:17:59,759 - INFO - Processing rows 2375 to 2394 for swaps, peptide YLQPRTFLL, weight TCRb
2024-11-14 19:23:20,213 - INFO - ESM finished.. Saving file...
2024-11-14 19:36:34,558 - INFO - Saved to /net/mimer/mnt/tank/projects2/emison/language_model/27th_Oct_new_matrices/04.11_new_esm/12.11/sequence_summed_vectors_swaps_YLQPRTFLL_TCRb.csv
