2024-11-13 19:31:52,127 - INFO - Loading and filtering dataset for peptide YLQPRTFLL
2024-11-13 19:31:52,497 - INFO - Processing dataset for peptide YLQPRTFLL with weight CDR1b
2024-11-13 19:31:52,499 - INFO - Processing rows 0 to 25 for swaps, peptide YLQPRTFLL, weight CDR1b
2024-11-13 19:31:56,927 - INFO - Processing rows 25 to 50 for swaps, peptide YLQPRTFLL, weight CDR1b
2024-11-13 19:32:01,468 - INFO - Processing rows 50 to 75 for swaps, peptide YLQPRTFLL, weight CDR1b
2024-11-13 19:32:05,956 - INFO - Processing rows 75 to 100 for swaps, peptide YLQPRTFLL, weight CDR1b
2024-11-13 19:32:10,857 - INFO - Processing rows 100 to 125 for swaps, peptide YLQPRTFLL, weight CDR1b
2024-11-13 19:32:15,600 - INFO - Processing rows 125 to 150 for swaps, peptide YLQPRTFLL, weight CDR1b
2024-11-13 19:32:20,259 - INFO - Processing rows 150 to 175 for swaps, peptide YLQPRTFLL, weight CDR1b
2024-11-13 19:32:24,486 - INFO - Processing rows 175 to 200 for swaps, peptide YLQPRTFLL, weight CDR1b
2024-11-13 19:32:29,029 - INFO - Processing rows 200 to 225 for swaps, peptide YLQPRTFLL, weight CDR1b
2024-11-13 19:32:33,244 - INFO - Processing rows 225 to 250 for swaps, peptide YLQPRTFLL, weight CDR1b
2024-11-13 19:32:37,873 - INFO - Processing rows 250 to 275 for swaps, peptide YLQPRTFLL, weight CDR1b
2024-11-13 19:32:42,504 - INFO - Processing rows 275 to 300 for swaps, peptide YLQPRTFLL, weight CDR1b
2024-11-13 19:32:47,103 - INFO - Processing rows 300 to 325 for swaps, peptide YLQPRTFLL, weight CDR1b
2024-11-13 19:32:51,852 - INFO - Processing rows 325 to 350 for swaps, peptide YLQPRTFLL, weight CDR1b
2024-11-13 19:32:56,844 - INFO - Processing rows 350 to 375 for swaps, peptide YLQPRTFLL, weight CDR1b
2024-11-13 19:33:01,861 - INFO - Processing rows 375 to 400 for swaps, peptide YLQPRTFLL, weight CDR1b
2024-11-13 19:33:06,845 - INFO - Processing rows 400 to 425 for swaps, peptide YLQPRTFLL, weight CDR1b
2024-11-13 19:33:11,751 - INFO - Processing rows 425 to 450 for swaps, peptide YLQPRTFLL, weight CDR1b
2024-11-13 19:33:16,417 - INFO - Processing rows 450 to 475 for swaps, peptide YLQPRTFLL, weight CDR1b
2024-11-13 19:33:21,079 - INFO - Processing rows 475 to 500 for swaps, peptide YLQPRTFLL, weight CDR1b
2024-11-13 19:33:25,745 - INFO - Processing rows 500 to 525 for swaps, peptide YLQPRTFLL, weight CDR1b
2024-11-13 19:33:30,358 - INFO - Processing rows 525 to 550 for swaps, peptide YLQPRTFLL, weight CDR1b
2024-11-13 19:33:34,981 - INFO - Processing rows 550 to 575 for swaps, peptide YLQPRTFLL, weight CDR1b
2024-11-13 19:33:39,689 - INFO - Processing rows 575 to 600 for swaps, peptide YLQPRTFLL, weight CDR1b
2024-11-13 19:33:44,376 - INFO - Processing rows 600 to 625 for swaps, peptide YLQPRTFLL, weight CDR1b
2024-11-13 19:33:49,018 - INFO - Processing rows 625 to 650 for swaps, peptide YLQPRTFLL, weight CDR1b
2024-11-13 19:33:53,638 - INFO - Processing rows 650 to 675 for swaps, peptide YLQPRTFLL, weight CDR1b
2024-11-13 19:33:58,364 - INFO - Processing rows 675 to 700 for swaps, peptide YLQPRTFLL, weight CDR1b
2024-11-13 19:34:03,136 - INFO - Processing rows 700 to 725 for swaps, peptide YLQPRTFLL, weight CDR1b
2024-11-13 19:34:07,970 - INFO - Processing rows 725 to 750 for swaps, peptide YLQPRTFLL, weight CDR1b
2024-11-13 19:34:12,627 - INFO - Processing rows 750 to 775 for swaps, peptide YLQPRTFLL, weight CDR1b
2024-11-13 19:34:17,355 - INFO - Processing rows 775 to 800 for swaps, peptide YLQPRTFLL, weight CDR1b
2024-11-13 19:34:22,176 - INFO - Processing rows 800 to 825 for swaps, peptide YLQPRTFLL, weight CDR1b
2024-11-13 19:34:26,864 - INFO - Processing rows 825 to 850 for swaps, peptide YLQPRTFLL, weight CDR1b
2024-11-13 19:34:31,141 - INFO - Processing rows 850 to 875 for swaps, peptide YLQPRTFLL, weight CDR1b
2024-11-13 19:34:35,814 - INFO - Processing rows 875 to 900 for swaps, peptide YLQPRTFLL, weight CDR1b
2024-11-13 19:34:40,591 - INFO - Processing rows 900 to 925 for swaps, peptide YLQPRTFLL, weight CDR1b
2024-11-13 19:34:45,239 - INFO - Processing rows 925 to 950 for swaps, peptide YLQPRTFLL, weight CDR1b
2024-11-13 19:34:49,625 - INFO - Processing rows 950 to 975 for swaps, peptide YLQPRTFLL, weight CDR1b
2024-11-13 19:34:54,242 - INFO - Processing rows 975 to 1000 for swaps, peptide YLQPRTFLL, weight CDR1b
2024-11-13 19:34:58,901 - INFO - Processing rows 1000 to 1025 for swaps, peptide YLQPRTFLL, weight CDR1b
2024-11-13 19:35:03,114 - INFO - Processing rows 1025 to 1050 for swaps, peptide YLQPRTFLL, weight CDR1b
2024-11-13 19:35:07,932 - INFO - Processing rows 1050 to 1075 for swaps, peptide YLQPRTFLL, weight CDR1b
2024-11-13 19:35:12,645 - INFO - Processing rows 1075 to 1100 for swaps, peptide YLQPRTFLL, weight CDR1b
2024-11-13 19:35:17,023 - INFO - Processing rows 1100 to 1125 for swaps, peptide YLQPRTFLL, weight CDR1b
2024-11-13 19:35:21,824 - INFO - Processing rows 1125 to 1150 for swaps, peptide YLQPRTFLL, weight CDR1b
2024-11-13 19:35:26,646 - INFO - Processing rows 1150 to 1175 for swaps, peptide YLQPRTFLL, weight CDR1b
2024-11-13 19:35:31,467 - INFO - Processing rows 1175 to 1200 for swaps, peptide YLQPRTFLL, weight CDR1b
2024-11-13 19:35:36,149 - INFO - Processing rows 1200 to 1225 for swaps, peptide YLQPRTFLL, weight CDR1b
2024-11-13 19:35:40,870 - INFO - Processing rows 1225 to 1250 for swaps, peptide YLQPRTFLL, weight CDR1b
2024-11-13 19:35:45,615 - INFO - Processing rows 1250 to 1275 for swaps, peptide YLQPRTFLL, weight CDR1b
2024-11-13 19:35:50,332 - INFO - Processing rows 1275 to 1300 for swaps, peptide YLQPRTFLL, weight CDR1b
2024-11-13 19:35:55,048 - INFO - Processing rows 1300 to 1325 for swaps, peptide YLQPRTFLL, weight CDR1b
2024-11-13 19:35:59,821 - INFO - Processing rows 1325 to 1350 for swaps, peptide YLQPRTFLL, weight CDR1b
2024-11-13 19:36:04,594 - INFO - Processing rows 1350 to 1375 for swaps, peptide YLQPRTFLL, weight CDR1b
2024-11-13 19:36:09,256 - INFO - Processing rows 1375 to 1400 for swaps, peptide YLQPRTFLL, weight CDR1b
2024-11-13 19:36:13,511 - INFO - Processing rows 1400 to 1425 for swaps, peptide YLQPRTFLL, weight CDR1b
2024-11-13 19:36:18,242 - INFO - Processing rows 1425 to 1450 for swaps, peptide YLQPRTFLL, weight CDR1b
2024-11-13 19:36:23,087 - INFO - Processing rows 1450 to 1475 for swaps, peptide YLQPRTFLL, weight CDR1b
2024-11-13 19:36:27,862 - INFO - Processing rows 1475 to 1500 for swaps, peptide YLQPRTFLL, weight CDR1b
2024-11-13 19:36:32,628 - INFO - Processing rows 1500 to 1525 for swaps, peptide YLQPRTFLL, weight CDR1b
2024-11-13 19:36:37,350 - INFO - Processing rows 1525 to 1550 for swaps, peptide YLQPRTFLL, weight CDR1b
2024-11-13 19:36:42,026 - INFO - Processing rows 1550 to 1575 for swaps, peptide YLQPRTFLL, weight CDR1b
2024-11-13 19:36:46,795 - INFO - Processing rows 1575 to 1600 for swaps, peptide YLQPRTFLL, weight CDR1b
2024-11-13 19:36:51,486 - INFO - Processing rows 1600 to 1625 for swaps, peptide YLQPRTFLL, weight CDR1b
2024-11-13 19:36:55,848 - INFO - Processing rows 1625 to 1650 for swaps, peptide YLQPRTFLL, weight CDR1b
2024-11-13 19:37:00,438 - INFO - Processing rows 1650 to 1675 for swaps, peptide YLQPRTFLL, weight CDR1b
2024-11-13 19:37:04,828 - INFO - Processing rows 1675 to 1700 for swaps, peptide YLQPRTFLL, weight CDR1b
2024-11-13 19:37:11,331 - INFO - Processing rows 1700 to 1725 for swaps, peptide YLQPRTFLL, weight CDR1b
2024-11-13 19:37:16,829 - INFO - Processing rows 1725 to 1750 for swaps, peptide YLQPRTFLL, weight CDR1b
2024-11-13 19:37:21,395 - INFO - Processing rows 1750 to 1775 for swaps, peptide YLQPRTFLL, weight CDR1b
2024-11-13 19:37:26,622 - INFO - Processing rows 1775 to 1800 for swaps, peptide YLQPRTFLL, weight CDR1b
2024-11-13 19:37:31,452 - INFO - Processing rows 1800 to 1825 for swaps, peptide YLQPRTFLL, weight CDR1b
2024-11-13 19:37:36,251 - INFO - Processing rows 1825 to 1850 for swaps, peptide YLQPRTFLL, weight CDR1b
2024-11-13 19:37:40,890 - INFO - Processing rows 1850 to 1875 for swaps, peptide YLQPRTFLL, weight CDR1b
2024-11-13 19:37:45,879 - INFO - Processing rows 1875 to 1900 for swaps, peptide YLQPRTFLL, weight CDR1b
2024-11-13 19:37:53,637 - INFO - Processing rows 1900 to 1925 for swaps, peptide YLQPRTFLL, weight CDR1b
2024-11-13 19:37:58,792 - INFO - Processing rows 1925 to 1950 for swaps, peptide YLQPRTFLL, weight CDR1b
2024-11-13 19:38:04,396 - INFO - Processing rows 1950 to 1975 for swaps, peptide YLQPRTFLL, weight CDR1b
2024-11-13 19:38:09,478 - INFO - Processing rows 1975 to 2000 for swaps, peptide YLQPRTFLL, weight CDR1b
2024-11-13 19:38:14,473 - INFO - Processing rows 2000 to 2025 for swaps, peptide YLQPRTFLL, weight CDR1b
2024-11-13 19:38:19,217 - INFO - Processing rows 2025 to 2050 for swaps, peptide YLQPRTFLL, weight CDR1b
2024-11-13 19:38:24,000 - INFO - Processing rows 2050 to 2075 for swaps, peptide YLQPRTFLL, weight CDR1b
2024-11-13 19:38:28,283 - INFO - Processing rows 2075 to 2100 for swaps, peptide YLQPRTFLL, weight CDR1b
2024-11-13 19:38:32,603 - INFO - Processing rows 2100 to 2125 for swaps, peptide YLQPRTFLL, weight CDR1b
2024-11-13 19:38:37,360 - INFO - Processing rows 2125 to 2150 for swaps, peptide YLQPRTFLL, weight CDR1b
2024-11-13 19:38:42,020 - INFO - Processing rows 2150 to 2175 for swaps, peptide YLQPRTFLL, weight CDR1b
2024-11-13 19:38:46,719 - INFO - Processing rows 2175 to 2200 for swaps, peptide YLQPRTFLL, weight CDR1b
2024-11-13 19:38:51,478 - INFO - Processing rows 2200 to 2225 for swaps, peptide YLQPRTFLL, weight CDR1b
2024-11-13 19:38:55,754 - INFO - Processing rows 2225 to 2250 for swaps, peptide YLQPRTFLL, weight CDR1b
2024-11-13 19:38:59,991 - INFO - Processing rows 2250 to 2275 for swaps, peptide YLQPRTFLL, weight CDR1b
2024-11-13 19:39:04,663 - INFO - Processing rows 2275 to 2300 for swaps, peptide YLQPRTFLL, weight CDR1b
2024-11-13 19:39:09,328 - INFO - Processing rows 2300 to 2325 for swaps, peptide YLQPRTFLL, weight CDR1b
2024-11-13 19:39:14,100 - INFO - Processing rows 2325 to 2350 for swaps, peptide YLQPRTFLL, weight CDR1b
2024-11-13 19:39:18,721 - INFO - Processing rows 2350 to 2375 for swaps, peptide YLQPRTFLL, weight CDR1b
2024-11-13 19:39:23,452 - INFO - Processing rows 2375 to 2394 for swaps, peptide YLQPRTFLL, weight CDR1b
Traceback (most recent call last):
  File "/net/mimer/mnt/tank/projects2/emison/language_model/27th_Oct_new_matrices/04.11_new_esm/12.11/run_esm_swaps.py", line 90, in <module>
    process_sequences(df_filtered, peptide, weight, "swaps")
  File "/net/mimer/mnt/tank/projects2/emison/language_model/27th_Oct_new_matrices/04.11_new_esm/12.11/run_esm_swaps.py", line 82, in process_sequences
    output_df.insert(0, "raw_index", raw_indexes)
  File "/home/projects2/emison/language_model/miniconda3/envs/esm2_emison/lib/python3.12/site-packages/pandas/core/frame.py", line 5171, in insert
    value, refs = self._sanitize_column(value)
                  ^^^^^^^^^^^^^^^^^^^^^^^^^^^^
  File "/home/projects2/emison/language_model/miniconda3/envs/esm2_emison/lib/python3.12/site-packages/pandas/core/frame.py", line 5266, in _sanitize_column
    com.require_length_match(value, self.index)
  File "/home/projects2/emison/language_model/miniconda3/envs/esm2_emison/lib/python3.12/site-packages/pandas/core/common.py", line 573, in require_length_match
    raise ValueError(
ValueError: Length of values (2394) does not match length of index (19)
