2024-11-13 19:34:20,438 - INFO - Loading and filtering dataset for peptide YLQPRTFLL
2024-11-13 19:34:21,197 - INFO - Processing dataset for peptide YLQPRTFLL with weight CDR3a
2024-11-13 19:34:21,200 - INFO - Processing rows 0 to 25 for swaps, peptide YLQPRTFLL, weight CDR3a
2024-11-13 19:34:51,710 - INFO - Processing rows 25 to 50 for swaps, peptide YLQPRTFLL, weight CDR3a
2024-11-13 19:35:24,721 - INFO - Processing rows 50 to 75 for swaps, peptide YLQPRTFLL, weight CDR3a
2024-11-13 19:36:01,642 - INFO - Processing rows 75 to 100 for swaps, peptide YLQPRTFLL, weight CDR3a
2024-11-13 19:36:36,309 - INFO - Processing rows 100 to 125 for swaps, peptide YLQPRTFLL, weight CDR3a
2024-11-13 19:37:10,625 - INFO - Processing rows 125 to 150 for swaps, peptide YLQPRTFLL, weight CDR3a
2024-11-13 19:37:45,155 - INFO - Processing rows 150 to 175 for swaps, peptide YLQPRTFLL, weight CDR3a
2024-11-13 19:38:19,828 - INFO - Processing rows 175 to 200 for swaps, peptide YLQPRTFLL, weight CDR3a
2024-11-13 19:38:54,618 - INFO - Processing rows 200 to 225 for swaps, peptide YLQPRTFLL, weight CDR3a
2024-11-13 19:39:23,807 - INFO - Processing rows 225 to 250 for swaps, peptide YLQPRTFLL, weight CDR3a
2024-11-13 19:39:56,720 - INFO - Processing rows 250 to 275 for swaps, peptide YLQPRTFLL, weight CDR3a
2024-11-13 19:40:31,515 - INFO - Processing rows 275 to 300 for swaps, peptide YLQPRTFLL, weight CDR3a
2024-11-13 19:41:14,049 - INFO - Processing rows 300 to 325 for swaps, peptide YLQPRTFLL, weight CDR3a
2024-11-13 19:41:44,981 - INFO - Processing rows 325 to 350 for swaps, peptide YLQPRTFLL, weight CDR3a
2024-11-13 19:42:25,503 - INFO - Processing rows 350 to 375 for swaps, peptide YLQPRTFLL, weight CDR3a
2024-11-13 19:42:56,940 - INFO - Processing rows 375 to 400 for swaps, peptide YLQPRTFLL, weight CDR3a
2024-11-13 19:43:28,208 - INFO - Processing rows 400 to 425 for swaps, peptide YLQPRTFLL, weight CDR3a
2024-11-13 19:44:02,781 - INFO - Processing rows 425 to 450 for swaps, peptide YLQPRTFLL, weight CDR3a
2024-11-13 19:44:33,732 - INFO - Processing rows 450 to 475 for swaps, peptide YLQPRTFLL, weight CDR3a
2024-11-13 19:45:11,819 - INFO - Processing rows 475 to 500 for swaps, peptide YLQPRTFLL, weight CDR3a
2024-11-13 19:45:42,568 - INFO - Processing rows 500 to 525 for swaps, peptide YLQPRTFLL, weight CDR3a
2024-11-13 19:46:11,662 - INFO - Processing rows 525 to 550 for swaps, peptide YLQPRTFLL, weight CDR3a
2024-11-13 19:46:55,302 - INFO - Processing rows 550 to 575 for swaps, peptide YLQPRTFLL, weight CDR3a
2024-11-13 19:47:23,000 - INFO - Processing rows 575 to 600 for swaps, peptide YLQPRTFLL, weight CDR3a
2024-11-13 19:48:01,518 - INFO - Processing rows 600 to 625 for swaps, peptide YLQPRTFLL, weight CDR3a
2024-11-13 19:48:34,332 - INFO - Processing rows 625 to 650 for swaps, peptide YLQPRTFLL, weight CDR3a
2024-11-13 19:49:14,608 - INFO - Processing rows 650 to 675 for swaps, peptide YLQPRTFLL, weight CDR3a
2024-11-13 19:49:43,830 - INFO - Processing rows 675 to 700 for swaps, peptide YLQPRTFLL, weight CDR3a
2024-11-13 19:50:12,989 - INFO - Processing rows 700 to 725 for swaps, peptide YLQPRTFLL, weight CDR3a
2024-11-13 19:50:51,552 - INFO - Processing rows 725 to 750 for swaps, peptide YLQPRTFLL, weight CDR3a
2024-11-13 19:51:22,678 - INFO - Processing rows 750 to 775 for swaps, peptide YLQPRTFLL, weight CDR3a
2024-11-13 19:51:53,935 - INFO - Processing rows 775 to 800 for swaps, peptide YLQPRTFLL, weight CDR3a
2024-11-13 19:52:23,000 - INFO - Processing rows 800 to 825 for swaps, peptide YLQPRTFLL, weight CDR3a
2024-11-13 19:52:54,247 - INFO - Processing rows 825 to 850 for swaps, peptide YLQPRTFLL, weight CDR3a
2024-11-13 19:53:32,659 - INFO - Processing rows 850 to 875 for swaps, peptide YLQPRTFLL, weight CDR3a
2024-11-13 19:54:03,918 - INFO - Processing rows 875 to 900 for swaps, peptide YLQPRTFLL, weight CDR3a
2024-11-13 19:54:38,706 - INFO - Processing rows 900 to 925 for swaps, peptide YLQPRTFLL, weight CDR3a
2024-11-13 19:55:13,298 - INFO - Processing rows 925 to 950 for swaps, peptide YLQPRTFLL, weight CDR3a
2024-11-13 19:55:44,616 - INFO - Processing rows 950 to 975 for swaps, peptide YLQPRTFLL, weight CDR3a
2024-11-13 19:56:15,677 - INFO - Processing rows 975 to 1000 for swaps, peptide YLQPRTFLL, weight CDR3a
2024-11-13 19:56:50,446 - INFO - Processing rows 1000 to 1025 for swaps, peptide YLQPRTFLL, weight CDR3a
2024-11-13 19:57:23,301 - INFO - Processing rows 1025 to 1050 for swaps, peptide YLQPRTFLL, weight CDR3a
2024-11-13 19:57:58,013 - INFO - Processing rows 1050 to 1075 for swaps, peptide YLQPRTFLL, weight CDR3a
2024-11-13 19:58:27,293 - INFO - Processing rows 1075 to 1100 for swaps, peptide YLQPRTFLL, weight CDR3a
2024-11-13 19:59:03,547 - INFO - Processing rows 1100 to 1125 for swaps, peptide YLQPRTFLL, weight CDR3a
2024-11-13 19:59:34,885 - INFO - Processing rows 1125 to 1150 for swaps, peptide YLQPRTFLL, weight CDR3a
2024-11-13 20:00:13,381 - INFO - Processing rows 1150 to 1175 for swaps, peptide YLQPRTFLL, weight CDR3a
2024-11-13 20:00:51,921 - INFO - Processing rows 1175 to 1200 for swaps, peptide YLQPRTFLL, weight CDR3a
2024-11-13 20:01:30,567 - INFO - Processing rows 1200 to 1225 for swaps, peptide YLQPRTFLL, weight CDR3a
2024-11-13 20:02:03,314 - INFO - Processing rows 1225 to 1250 for swaps, peptide YLQPRTFLL, weight CDR3a
2024-11-13 20:02:32,237 - INFO - Processing rows 1250 to 1275 for swaps, peptide YLQPRTFLL, weight CDR3a
2024-11-13 20:03:06,766 - INFO - Processing rows 1275 to 1300 for swaps, peptide YLQPRTFLL, weight CDR3a
2024-11-13 20:03:37,824 - INFO - Processing rows 1300 to 1325 for swaps, peptide YLQPRTFLL, weight CDR3a
2024-11-13 20:04:16,415 - INFO - Processing rows 1325 to 1350 for swaps, peptide YLQPRTFLL, weight CDR3a
2024-11-13 20:04:51,186 - INFO - Processing rows 1350 to 1375 for swaps, peptide YLQPRTFLL, weight CDR3a
2024-11-13 20:05:24,060 - INFO - Processing rows 1375 to 1400 for swaps, peptide YLQPRTFLL, weight CDR3a
2024-11-13 20:05:53,342 - INFO - Processing rows 1400 to 1425 for swaps, peptide YLQPRTFLL, weight CDR3a
2024-11-13 20:06:24,403 - INFO - Processing rows 1425 to 1450 for swaps, peptide YLQPRTFLL, weight CDR3a
2024-11-13 20:06:57,087 - INFO - Processing rows 1450 to 1475 for swaps, peptide YLQPRTFLL, weight CDR3a
2024-11-13 20:07:27,984 - INFO - Processing rows 1475 to 1500 for swaps, peptide YLQPRTFLL, weight CDR3a
2024-11-13 20:07:59,026 - INFO - Processing rows 1500 to 1525 for swaps, peptide YLQPRTFLL, weight CDR3a
2024-11-13 20:08:35,502 - INFO - Processing rows 1525 to 1550 for swaps, peptide YLQPRTFLL, weight CDR3a
2024-11-13 20:09:04,609 - INFO - Processing rows 1550 to 1575 for swaps, peptide YLQPRTFLL, weight CDR3a
2024-11-13 20:09:37,581 - INFO - Processing rows 1575 to 1600 for swaps, peptide YLQPRTFLL, weight CDR3a
2024-11-13 20:10:06,642 - INFO - Processing rows 1600 to 1625 for swaps, peptide YLQPRTFLL, weight CDR3a
2024-11-13 20:10:37,610 - INFO - Processing rows 1625 to 1650 for swaps, peptide YLQPRTFLL, weight CDR3a
2024-11-13 20:11:13,542 - INFO - Processing rows 1650 to 1675 for swaps, peptide YLQPRTFLL, weight CDR3a
2024-11-13 20:11:49,455 - INFO - Processing rows 1675 to 1700 for swaps, peptide YLQPRTFLL, weight CDR3a
2024-11-13 20:12:22,182 - INFO - Processing rows 1700 to 1725 for swaps, peptide YLQPRTFLL, weight CDR3a
2024-11-13 20:12:53,210 - INFO - Processing rows 1725 to 1750 for swaps, peptide YLQPRTFLL, weight CDR3a
2024-11-13 20:13:26,203 - INFO - Processing rows 1750 to 1775 for swaps, peptide YLQPRTFLL, weight CDR3a
2024-11-13 20:13:58,959 - INFO - Processing rows 1775 to 1800 for swaps, peptide YLQPRTFLL, weight CDR3a
2024-11-13 20:14:26,651 - INFO - Processing rows 1800 to 1825 for swaps, peptide YLQPRTFLL, weight CDR3a
2024-11-13 20:14:59,492 - INFO - Processing rows 1825 to 1850 for swaps, peptide YLQPRTFLL, weight CDR3a
2024-11-13 20:15:32,412 - INFO - Processing rows 1850 to 1875 for swaps, peptide YLQPRTFLL, weight CDR3a
2024-11-13 20:16:05,251 - INFO - Processing rows 1875 to 1900 for swaps, peptide YLQPRTFLL, weight CDR3a
2024-11-13 20:16:34,394 - INFO - Processing rows 1900 to 1925 for swaps, peptide YLQPRTFLL, weight CDR3a
2024-11-13 20:17:08,585 - INFO - Processing rows 1925 to 1950 for swaps, peptide YLQPRTFLL, weight CDR3a
2024-11-13 20:17:40,213 - INFO - Processing rows 1950 to 1975 for swaps, peptide YLQPRTFLL, weight CDR3a
2024-11-13 20:18:11,994 - INFO - Processing rows 1975 to 2000 for swaps, peptide YLQPRTFLL, weight CDR3a
2024-11-13 20:18:52,348 - INFO - Processing rows 2000 to 2025 for swaps, peptide YLQPRTFLL, weight CDR3a
2024-11-13 20:19:27,178 - INFO - Processing rows 2025 to 2050 for swaps, peptide YLQPRTFLL, weight CDR3a
2024-11-13 20:20:03,792 - INFO - Processing rows 2050 to 2075 for swaps, peptide YLQPRTFLL, weight CDR3a
2024-11-13 20:20:31,576 - INFO - Processing rows 2075 to 2100 for swaps, peptide YLQPRTFLL, weight CDR3a
2024-11-13 20:21:03,154 - INFO - Processing rows 2100 to 2125 for swaps, peptide YLQPRTFLL, weight CDR3a
2024-11-13 20:21:38,209 - INFO - Processing rows 2125 to 2150 for swaps, peptide YLQPRTFLL, weight CDR3a
2024-11-13 20:22:06,282 - INFO - Processing rows 2150 to 2175 for swaps, peptide YLQPRTFLL, weight CDR3a
2024-11-13 20:22:34,452 - INFO - Processing rows 2175 to 2200 for swaps, peptide YLQPRTFLL, weight CDR3a
2024-11-13 20:23:04,323 - INFO - Processing rows 2200 to 2225 for swaps, peptide YLQPRTFLL, weight CDR3a
2024-11-13 20:23:41,255 - INFO - Processing rows 2225 to 2250 for swaps, peptide YLQPRTFLL, weight CDR3a
2024-11-13 20:24:12,659 - INFO - Processing rows 2250 to 2275 for swaps, peptide YLQPRTFLL, weight CDR3a
2024-11-13 20:24:44,203 - INFO - Processing rows 2275 to 2300 for swaps, peptide YLQPRTFLL, weight CDR3a
2024-11-13 20:25:15,907 - INFO - Processing rows 2300 to 2325 for swaps, peptide YLQPRTFLL, weight CDR3a
2024-11-13 20:25:45,869 - INFO - Processing rows 2325 to 2350 for swaps, peptide YLQPRTFLL, weight CDR3a
2024-11-13 20:26:16,014 - INFO - Processing rows 2350 to 2375 for swaps, peptide YLQPRTFLL, weight CDR3a
2024-11-13 20:26:52,950 - INFO - Processing rows 2375 to 2394 for swaps, peptide YLQPRTFLL, weight CDR3a
Traceback (most recent call last):
  File "/net/mimer/mnt/tank/projects2/emison/language_model/27th_Oct_new_matrices/04.11_new_esm/12.11/run_esm_swaps.py", line 90, in <module>
    process_sequences(df_filtered, peptide, weight, "swaps")
  File "/net/mimer/mnt/tank/projects2/emison/language_model/27th_Oct_new_matrices/04.11_new_esm/12.11/run_esm_swaps.py", line 82, in process_sequences
    output_df.insert(0, "raw_index", raw_indexes)
  File "/home/projects2/emison/language_model/miniconda3/envs/esm2_emison/lib/python3.12/site-packages/pandas/core/frame.py", line 5171, in insert
    value, refs = self._sanitize_column(value)
                  ^^^^^^^^^^^^^^^^^^^^^^^^^^^^
  File "/home/projects2/emison/language_model/miniconda3/envs/esm2_emison/lib/python3.12/site-packages/pandas/core/frame.py", line 5266, in _sanitize_column
    com.require_length_match(value, self.index)
  File "/home/projects2/emison/language_model/miniconda3/envs/esm2_emison/lib/python3.12/site-packages/pandas/core/common.py", line 573, in require_length_match
    raise ValueError(
ValueError: Length of values (2394) does not match length of index (19)
