2024-11-14 08:39:18,071 - INFO - Loading and filtering dataset for peptide YLQPRTFLL
2024-11-14 08:39:18,425 - INFO - Processing dataset for peptide YLQPRTFLL with weight CDR1b
2024-11-14 08:39:18,427 - INFO - Processing rows 0 to 25 for swaps, peptide YLQPRTFLL, weight CDR1b
2024-11-14 08:39:22,803 - INFO - Processing rows 25 to 50 for swaps, peptide YLQPRTFLL, weight CDR1b
2024-11-14 08:39:27,188 - INFO - Processing rows 50 to 75 for swaps, peptide YLQPRTFLL, weight CDR1b
2024-11-14 08:39:31,659 - INFO - Processing rows 75 to 100 for swaps, peptide YLQPRTFLL, weight CDR1b
2024-11-14 08:39:36,094 - INFO - Processing rows 100 to 125 for swaps, peptide YLQPRTFLL, weight CDR1b
2024-11-14 08:39:40,729 - INFO - Processing rows 125 to 150 for swaps, peptide YLQPRTFLL, weight CDR1b
2024-11-14 08:39:45,330 - INFO - Processing rows 150 to 175 for swaps, peptide YLQPRTFLL, weight CDR1b
2024-11-14 08:39:49,520 - INFO - Processing rows 175 to 200 for swaps, peptide YLQPRTFLL, weight CDR1b
2024-11-14 08:39:54,122 - INFO - Processing rows 200 to 225 for swaps, peptide YLQPRTFLL, weight CDR1b
2024-11-14 08:39:58,419 - INFO - Processing rows 225 to 250 for swaps, peptide YLQPRTFLL, weight CDR1b
2024-11-14 08:40:03,073 - INFO - Processing rows 250 to 275 for swaps, peptide YLQPRTFLL, weight CDR1b
2024-11-14 08:40:07,719 - INFO - Processing rows 275 to 300 for swaps, peptide YLQPRTFLL, weight CDR1b
2024-11-14 08:40:12,205 - INFO - Processing rows 300 to 325 for swaps, peptide YLQPRTFLL, weight CDR1b
2024-11-14 08:40:16,819 - INFO - Processing rows 325 to 350 for swaps, peptide YLQPRTFLL, weight CDR1b
2024-11-14 08:40:21,403 - INFO - Processing rows 350 to 375 for swaps, peptide YLQPRTFLL, weight CDR1b
2024-11-14 08:40:25,992 - INFO - Processing rows 375 to 400 for swaps, peptide YLQPRTFLL, weight CDR1b
2024-11-14 08:40:30,569 - INFO - Processing rows 400 to 425 for swaps, peptide YLQPRTFLL, weight CDR1b
2024-11-14 08:40:35,169 - INFO - Processing rows 425 to 450 for swaps, peptide YLQPRTFLL, weight CDR1b
2024-11-14 08:40:39,747 - INFO - Processing rows 450 to 475 for swaps, peptide YLQPRTFLL, weight CDR1b
2024-11-14 08:40:44,344 - INFO - Processing rows 475 to 500 for swaps, peptide YLQPRTFLL, weight CDR1b
2024-11-14 08:40:48,922 - INFO - Processing rows 500 to 525 for swaps, peptide YLQPRTFLL, weight CDR1b
2024-11-14 08:40:53,517 - INFO - Processing rows 525 to 550 for swaps, peptide YLQPRTFLL, weight CDR1b
2024-11-14 08:40:58,093 - INFO - Processing rows 550 to 575 for swaps, peptide YLQPRTFLL, weight CDR1b
2024-11-14 08:41:02,631 - INFO - Processing rows 575 to 600 for swaps, peptide YLQPRTFLL, weight CDR1b
2024-11-14 08:41:07,109 - INFO - Processing rows 600 to 625 for swaps, peptide YLQPRTFLL, weight CDR1b
2024-11-14 08:41:11,613 - INFO - Processing rows 625 to 650 for swaps, peptide YLQPRTFLL, weight CDR1b
2024-11-14 08:41:16,089 - INFO - Processing rows 650 to 675 for swaps, peptide YLQPRTFLL, weight CDR1b
2024-11-14 08:41:20,584 - INFO - Processing rows 675 to 700 for swaps, peptide YLQPRTFLL, weight CDR1b
2024-11-14 08:41:25,057 - INFO - Processing rows 700 to 725 for swaps, peptide YLQPRTFLL, weight CDR1b
2024-11-14 08:41:29,622 - INFO - Processing rows 725 to 750 for swaps, peptide YLQPRTFLL, weight CDR1b
2024-11-14 08:41:34,102 - INFO - Processing rows 750 to 775 for swaps, peptide YLQPRTFLL, weight CDR1b
2024-11-14 08:41:38,606 - INFO - Processing rows 775 to 800 for swaps, peptide YLQPRTFLL, weight CDR1b
2024-11-14 08:41:43,085 - INFO - Processing rows 800 to 825 for swaps, peptide YLQPRTFLL, weight CDR1b
2024-11-14 08:41:47,586 - INFO - Processing rows 825 to 850 for swaps, peptide YLQPRTFLL, weight CDR1b
2024-11-14 08:41:51,674 - INFO - Processing rows 850 to 875 for swaps, peptide YLQPRTFLL, weight CDR1b
2024-11-14 08:41:56,177 - INFO - Processing rows 875 to 900 for swaps, peptide YLQPRTFLL, weight CDR1b
2024-11-14 08:42:00,732 - INFO - Processing rows 900 to 925 for swaps, peptide YLQPRTFLL, weight CDR1b
2024-11-14 08:42:05,377 - INFO - Processing rows 925 to 950 for swaps, peptide YLQPRTFLL, weight CDR1b
2024-11-14 08:42:09,473 - INFO - Processing rows 950 to 975 for swaps, peptide YLQPRTFLL, weight CDR1b
2024-11-14 08:42:14,139 - INFO - Processing rows 975 to 1000 for swaps, peptide YLQPRTFLL, weight CDR1b
2024-11-14 08:42:18,732 - INFO - Processing rows 1000 to 1025 for swaps, peptide YLQPRTFLL, weight CDR1b
2024-11-14 08:42:22,918 - INFO - Processing rows 1025 to 1050 for swaps, peptide YLQPRTFLL, weight CDR1b
2024-11-14 08:42:27,513 - INFO - Processing rows 1050 to 1075 for swaps, peptide YLQPRTFLL, weight CDR1b
2024-11-14 08:42:32,068 - INFO - Processing rows 1075 to 1100 for swaps, peptide YLQPRTFLL, weight CDR1b
2024-11-14 08:42:36,203 - INFO - Processing rows 1100 to 1125 for swaps, peptide YLQPRTFLL, weight CDR1b
2024-11-14 08:42:40,801 - INFO - Processing rows 1125 to 1150 for swaps, peptide YLQPRTFLL, weight CDR1b
2024-11-14 08:42:45,439 - INFO - Processing rows 1150 to 1175 for swaps, peptide YLQPRTFLL, weight CDR1b
2024-11-14 08:42:50,036 - INFO - Processing rows 1175 to 1200 for swaps, peptide YLQPRTFLL, weight CDR1b
2024-11-14 08:42:54,562 - INFO - Processing rows 1200 to 1225 for swaps, peptide YLQPRTFLL, weight CDR1b
2024-11-14 08:42:59,035 - INFO - Processing rows 1225 to 1250 for swaps, peptide YLQPRTFLL, weight CDR1b
2024-11-14 08:43:03,533 - INFO - Processing rows 1250 to 1275 for swaps, peptide YLQPRTFLL, weight CDR1b
2024-11-14 08:43:08,008 - INFO - Processing rows 1275 to 1300 for swaps, peptide YLQPRTFLL, weight CDR1b
2024-11-14 08:43:12,565 - INFO - Processing rows 1300 to 1325 for swaps, peptide YLQPRTFLL, weight CDR1b
2024-11-14 08:43:17,043 - INFO - Processing rows 1325 to 1350 for swaps, peptide YLQPRTFLL, weight CDR1b
2024-11-14 08:43:21,586 - INFO - Processing rows 1350 to 1375 for swaps, peptide YLQPRTFLL, weight CDR1b
2024-11-14 08:43:26,060 - INFO - Processing rows 1375 to 1400 for swaps, peptide YLQPRTFLL, weight CDR1b
2024-11-14 08:43:30,210 - INFO - Processing rows 1400 to 1425 for swaps, peptide YLQPRTFLL, weight CDR1b
2024-11-14 08:43:34,714 - INFO - Processing rows 1425 to 1450 for swaps, peptide YLQPRTFLL, weight CDR1b
2024-11-14 08:43:39,257 - INFO - Processing rows 1450 to 1475 for swaps, peptide YLQPRTFLL, weight CDR1b
2024-11-14 08:43:43,740 - INFO - Processing rows 1475 to 1500 for swaps, peptide YLQPRTFLL, weight CDR1b
2024-11-14 08:43:48,230 - INFO - Processing rows 1500 to 1525 for swaps, peptide YLQPRTFLL, weight CDR1b
2024-11-14 08:43:52,768 - INFO - Processing rows 1525 to 1550 for swaps, peptide YLQPRTFLL, weight CDR1b
2024-11-14 08:43:57,363 - INFO - Processing rows 1550 to 1575 for swaps, peptide YLQPRTFLL, weight CDR1b
2024-11-14 08:44:01,941 - INFO - Processing rows 1575 to 1600 for swaps, peptide YLQPRTFLL, weight CDR1b
2024-11-14 08:44:06,523 - INFO - Processing rows 1600 to 1625 for swaps, peptide YLQPRTFLL, weight CDR1b
2024-11-14 08:44:10,635 - INFO - Processing rows 1625 to 1650 for swaps, peptide YLQPRTFLL, weight CDR1b
2024-11-14 08:44:15,273 - INFO - Processing rows 1650 to 1675 for swaps, peptide YLQPRTFLL, weight CDR1b
2024-11-14 08:44:19,460 - INFO - Processing rows 1675 to 1700 for swaps, peptide YLQPRTFLL, weight CDR1b
2024-11-14 08:44:24,058 - INFO - Processing rows 1700 to 1725 for swaps, peptide YLQPRTFLL, weight CDR1b
2024-11-14 08:44:28,632 - INFO - Processing rows 1725 to 1750 for swaps, peptide YLQPRTFLL, weight CDR1b
2024-11-14 08:44:32,739 - INFO - Processing rows 1750 to 1775 for swaps, peptide YLQPRTFLL, weight CDR1b
2024-11-14 08:44:37,341 - INFO - Processing rows 1775 to 1800 for swaps, peptide YLQPRTFLL, weight CDR1b
2024-11-14 08:44:41,937 - INFO - Processing rows 1800 to 1825 for swaps, peptide YLQPRTFLL, weight CDR1b
2024-11-14 08:44:46,461 - INFO - Processing rows 1825 to 1850 for swaps, peptide YLQPRTFLL, weight CDR1b
2024-11-14 08:44:51,031 - INFO - Processing rows 1850 to 1875 for swaps, peptide YLQPRTFLL, weight CDR1b
2024-11-14 08:44:55,512 - INFO - Processing rows 1875 to 1900 for swaps, peptide YLQPRTFLL, weight CDR1b
2024-11-14 08:45:00,109 - INFO - Processing rows 1900 to 1925 for swaps, peptide YLQPRTFLL, weight CDR1b
2024-11-14 08:45:04,691 - INFO - Processing rows 1925 to 1950 for swaps, peptide YLQPRTFLL, weight CDR1b
2024-11-14 08:45:09,288 - INFO - Processing rows 1950 to 1975 for swaps, peptide YLQPRTFLL, weight CDR1b
2024-11-14 08:45:13,882 - INFO - Processing rows 1975 to 2000 for swaps, peptide YLQPRTFLL, weight CDR1b
2024-11-14 08:45:18,532 - INFO - Processing rows 2000 to 2025 for swaps, peptide YLQPRTFLL, weight CDR1b
2024-11-14 08:45:23,033 - INFO - Processing rows 2025 to 2050 for swaps, peptide YLQPRTFLL, weight CDR1b
2024-11-14 08:45:27,675 - INFO - Processing rows 2050 to 2075 for swaps, peptide YLQPRTFLL, weight CDR1b
2024-11-14 08:45:31,866 - INFO - Processing rows 2075 to 2100 for swaps, peptide YLQPRTFLL, weight CDR1b
2024-11-14 08:45:36,108 - INFO - Processing rows 2100 to 2125 for swaps, peptide YLQPRTFLL, weight CDR1b
2024-11-14 08:45:40,698 - INFO - Processing rows 2125 to 2150 for swaps, peptide YLQPRTFLL, weight CDR1b
2024-11-14 08:45:45,209 - INFO - Processing rows 2150 to 2175 for swaps, peptide YLQPRTFLL, weight CDR1b
2024-11-14 08:45:49,736 - INFO - Processing rows 2175 to 2200 for swaps, peptide YLQPRTFLL, weight CDR1b
2024-11-14 08:45:54,268 - INFO - Processing rows 2200 to 2225 for swaps, peptide YLQPRTFLL, weight CDR1b
2024-11-14 08:45:58,450 - INFO - Processing rows 2225 to 2250 for swaps, peptide YLQPRTFLL, weight CDR1b
2024-11-14 08:46:02,585 - INFO - Processing rows 2250 to 2275 for swaps, peptide YLQPRTFLL, weight CDR1b
2024-11-14 08:46:07,096 - INFO - Processing rows 2275 to 2300 for swaps, peptide YLQPRTFLL, weight CDR1b
2024-11-14 08:46:11,683 - INFO - Processing rows 2300 to 2325 for swaps, peptide YLQPRTFLL, weight CDR1b
2024-11-14 08:46:16,269 - INFO - Processing rows 2325 to 2350 for swaps, peptide YLQPRTFLL, weight CDR1b
2024-11-14 08:46:20,864 - INFO - Processing rows 2350 to 2375 for swaps, peptide YLQPRTFLL, weight CDR1b
2024-11-14 08:46:25,458 - INFO - Processing rows 2375 to 2394 for swaps, peptide YLQPRTFLL, weight CDR1b
2024-11-14 08:46:29,021 - INFO - ESM finished.. Saving file...
2024-11-14 08:58:37,889 - INFO - Saved to /net/mimer/mnt/tank/projects2/emison/language_model/27th_Oct_new_matrices/04.11_new_esm/12.11/sequence_summed_vectors_swaps_YLQPRTFLL_CDR1b.csv
