2024-11-14 08:40:20,444 - INFO - Loading and filtering dataset for peptide YLQPRTFLL
2024-11-14 08:40:21,066 - INFO - Processing dataset for peptide YLQPRTFLL with weight CDR2a
2024-11-14 08:40:21,070 - INFO - Processing rows 0 to 25 for swaps, peptide YLQPRTFLL, weight CDR2a
2024-11-14 08:40:38,523 - INFO - Processing rows 25 to 50 for swaps, peptide YLQPRTFLL, weight CDR2a
2024-11-14 08:40:56,065 - INFO - Processing rows 50 to 75 for swaps, peptide YLQPRTFLL, weight CDR2a
2024-11-14 08:41:13,377 - INFO - Processing rows 75 to 100 for swaps, peptide YLQPRTFLL, weight CDR2a
2024-11-14 08:41:30,752 - INFO - Processing rows 100 to 125 for swaps, peptide YLQPRTFLL, weight CDR2a
2024-11-14 08:41:47,964 - INFO - Processing rows 125 to 150 for swaps, peptide YLQPRTFLL, weight CDR2a
2024-11-14 08:42:05,226 - INFO - Processing rows 150 to 175 for swaps, peptide YLQPRTFLL, weight CDR2a
2024-11-14 08:42:22,610 - INFO - Processing rows 175 to 200 for swaps, peptide YLQPRTFLL, weight CDR2a
2024-11-14 08:42:39,802 - INFO - Processing rows 200 to 225 for swaps, peptide YLQPRTFLL, weight CDR2a
2024-11-14 08:42:57,035 - INFO - Processing rows 225 to 250 for swaps, peptide YLQPRTFLL, weight CDR2a
2024-11-14 08:43:14,230 - INFO - Processing rows 250 to 275 for swaps, peptide YLQPRTFLL, weight CDR2a
2024-11-14 08:43:31,231 - INFO - Processing rows 275 to 300 for swaps, peptide YLQPRTFLL, weight CDR2a
2024-11-14 08:43:48,255 - INFO - Processing rows 300 to 325 for swaps, peptide YLQPRTFLL, weight CDR2a
2024-11-14 08:44:05,375 - INFO - Processing rows 325 to 350 for swaps, peptide YLQPRTFLL, weight CDR2a
2024-11-14 08:44:22,610 - INFO - Processing rows 350 to 375 for swaps, peptide YLQPRTFLL, weight CDR2a
2024-11-14 08:44:39,798 - INFO - Processing rows 375 to 400 for swaps, peptide YLQPRTFLL, weight CDR2a
2024-11-14 08:44:57,064 - INFO - Processing rows 400 to 425 for swaps, peptide YLQPRTFLL, weight CDR2a
2024-11-14 08:45:14,250 - INFO - Processing rows 425 to 450 for swaps, peptide YLQPRTFLL, weight CDR2a
2024-11-14 08:45:31,504 - INFO - Processing rows 450 to 475 for swaps, peptide YLQPRTFLL, weight CDR2a
2024-11-14 08:45:48,667 - INFO - Processing rows 475 to 500 for swaps, peptide YLQPRTFLL, weight CDR2a
2024-11-14 08:46:05,900 - INFO - Processing rows 500 to 525 for swaps, peptide YLQPRTFLL, weight CDR2a
2024-11-14 08:46:23,136 - INFO - Processing rows 525 to 550 for swaps, peptide YLQPRTFLL, weight CDR2a
2024-11-14 08:46:40,314 - INFO - Processing rows 550 to 575 for swaps, peptide YLQPRTFLL, weight CDR2a
2024-11-14 08:46:57,528 - INFO - Processing rows 575 to 600 for swaps, peptide YLQPRTFLL, weight CDR2a
2024-11-14 08:47:14,773 - INFO - Processing rows 600 to 625 for swaps, peptide YLQPRTFLL, weight CDR2a
2024-11-14 08:47:32,009 - INFO - Processing rows 625 to 650 for swaps, peptide YLQPRTFLL, weight CDR2a
2024-11-14 08:47:49,192 - INFO - Processing rows 650 to 675 for swaps, peptide YLQPRTFLL, weight CDR2a
2024-11-14 08:48:06,413 - INFO - Processing rows 675 to 700 for swaps, peptide YLQPRTFLL, weight CDR2a
2024-11-14 08:48:23,464 - INFO - Processing rows 700 to 725 for swaps, peptide YLQPRTFLL, weight CDR2a
2024-11-14 08:48:40,491 - INFO - Processing rows 725 to 750 for swaps, peptide YLQPRTFLL, weight CDR2a
2024-11-14 08:48:57,564 - INFO - Processing rows 750 to 775 for swaps, peptide YLQPRTFLL, weight CDR2a
2024-11-14 08:49:14,789 - INFO - Processing rows 775 to 800 for swaps, peptide YLQPRTFLL, weight CDR2a
2024-11-14 08:49:31,980 - INFO - Processing rows 800 to 825 for swaps, peptide YLQPRTFLL, weight CDR2a
2024-11-14 08:49:49,197 - INFO - Processing rows 825 to 850 for swaps, peptide YLQPRTFLL, weight CDR2a
2024-11-14 08:50:06,451 - INFO - Processing rows 850 to 875 for swaps, peptide YLQPRTFLL, weight CDR2a
2024-11-14 08:50:23,679 - INFO - Processing rows 875 to 900 for swaps, peptide YLQPRTFLL, weight CDR2a
2024-11-14 08:50:40,868 - INFO - Processing rows 900 to 925 for swaps, peptide YLQPRTFLL, weight CDR2a
2024-11-14 08:50:58,087 - INFO - Processing rows 925 to 950 for swaps, peptide YLQPRTFLL, weight CDR2a
2024-11-14 08:51:15,138 - INFO - Processing rows 950 to 975 for swaps, peptide YLQPRTFLL, weight CDR2a
2024-11-14 08:51:32,142 - INFO - Processing rows 975 to 1000 for swaps, peptide YLQPRTFLL, weight CDR2a
2024-11-14 08:51:49,171 - INFO - Processing rows 1000 to 1025 for swaps, peptide YLQPRTFLL, weight CDR2a
2024-11-14 08:52:06,174 - INFO - Processing rows 1025 to 1050 for swaps, peptide YLQPRTFLL, weight CDR2a
2024-11-14 08:52:23,201 - INFO - Processing rows 1050 to 1075 for swaps, peptide YLQPRTFLL, weight CDR2a
2024-11-14 08:52:40,212 - INFO - Processing rows 1075 to 1100 for swaps, peptide YLQPRTFLL, weight CDR2a
2024-11-14 08:52:57,243 - INFO - Processing rows 1100 to 1125 for swaps, peptide YLQPRTFLL, weight CDR2a
2024-11-14 08:53:14,242 - INFO - Processing rows 1125 to 1150 for swaps, peptide YLQPRTFLL, weight CDR2a
2024-11-14 08:53:31,387 - INFO - Processing rows 1150 to 1175 for swaps, peptide YLQPRTFLL, weight CDR2a
2024-11-14 08:53:48,595 - INFO - Processing rows 1175 to 1200 for swaps, peptide YLQPRTFLL, weight CDR2a
2024-11-14 08:54:05,794 - INFO - Processing rows 1200 to 1225 for swaps, peptide YLQPRTFLL, weight CDR2a
2024-11-14 08:54:23,073 - INFO - Processing rows 1225 to 1250 for swaps, peptide YLQPRTFLL, weight CDR2a
2024-11-14 08:54:40,295 - INFO - Processing rows 1250 to 1275 for swaps, peptide YLQPRTFLL, weight CDR2a
2024-11-14 08:54:57,540 - INFO - Processing rows 1275 to 1300 for swaps, peptide YLQPRTFLL, weight CDR2a
2024-11-14 08:55:14,733 - INFO - Processing rows 1300 to 1325 for swaps, peptide YLQPRTFLL, weight CDR2a
2024-11-14 08:55:31,972 - INFO - Processing rows 1325 to 1350 for swaps, peptide YLQPRTFLL, weight CDR2a
2024-11-14 08:55:49,232 - INFO - Processing rows 1350 to 1375 for swaps, peptide YLQPRTFLL, weight CDR2a
2024-11-14 08:56:06,384 - INFO - Processing rows 1375 to 1400 for swaps, peptide YLQPRTFLL, weight CDR2a
2024-11-14 08:56:23,631 - INFO - Processing rows 1400 to 1425 for swaps, peptide YLQPRTFLL, weight CDR2a
2024-11-14 08:56:40,851 - INFO - Processing rows 1425 to 1450 for swaps, peptide YLQPRTFLL, weight CDR2a
2024-11-14 08:56:58,121 - INFO - Processing rows 1450 to 1475 for swaps, peptide YLQPRTFLL, weight CDR2a
2024-11-14 08:57:15,318 - INFO - Processing rows 1475 to 1500 for swaps, peptide YLQPRTFLL, weight CDR2a
2024-11-14 08:57:32,566 - INFO - Processing rows 1500 to 1525 for swaps, peptide YLQPRTFLL, weight CDR2a
2024-11-14 08:57:49,604 - INFO - Processing rows 1525 to 1550 for swaps, peptide YLQPRTFLL, weight CDR2a
2024-11-14 08:58:06,646 - INFO - Processing rows 1550 to 1575 for swaps, peptide YLQPRTFLL, weight CDR2a
2024-11-14 08:58:23,682 - INFO - Processing rows 1575 to 1600 for swaps, peptide YLQPRTFLL, weight CDR2a
2024-11-14 08:58:40,720 - INFO - Processing rows 1600 to 1625 for swaps, peptide YLQPRTFLL, weight CDR2a
2024-11-14 08:58:57,754 - INFO - Processing rows 1625 to 1650 for swaps, peptide YLQPRTFLL, weight CDR2a
2024-11-14 08:59:14,788 - INFO - Processing rows 1650 to 1675 for swaps, peptide YLQPRTFLL, weight CDR2a
2024-11-14 08:59:31,825 - INFO - Processing rows 1675 to 1700 for swaps, peptide YLQPRTFLL, weight CDR2a
2024-11-14 08:59:48,860 - INFO - Processing rows 1700 to 1725 for swaps, peptide YLQPRTFLL, weight CDR2a
2024-11-14 09:00:05,985 - INFO - Processing rows 1725 to 1750 for swaps, peptide YLQPRTFLL, weight CDR2a
2024-11-14 09:00:23,231 - INFO - Processing rows 1750 to 1775 for swaps, peptide YLQPRTFLL, weight CDR2a
2024-11-14 09:00:40,395 - INFO - Processing rows 1775 to 1800 for swaps, peptide YLQPRTFLL, weight CDR2a
2024-11-14 09:00:57,685 - INFO - Processing rows 1800 to 1825 for swaps, peptide YLQPRTFLL, weight CDR2a
2024-11-14 09:01:14,909 - INFO - Processing rows 1825 to 1850 for swaps, peptide YLQPRTFLL, weight CDR2a
2024-11-14 09:01:32,166 - INFO - Processing rows 1850 to 1875 for swaps, peptide YLQPRTFLL, weight CDR2a
2024-11-14 09:01:49,330 - INFO - Processing rows 1875 to 1900 for swaps, peptide YLQPRTFLL, weight CDR2a
2024-11-14 09:02:06,572 - INFO - Processing rows 1900 to 1925 for swaps, peptide YLQPRTFLL, weight CDR2a
2024-11-14 09:02:23,829 - INFO - Processing rows 1925 to 1950 for swaps, peptide YLQPRTFLL, weight CDR2a
2024-11-14 09:02:40,999 - INFO - Processing rows 1950 to 1975 for swaps, peptide YLQPRTFLL, weight CDR2a
2024-11-14 09:02:58,229 - INFO - Processing rows 1975 to 2000 for swaps, peptide YLQPRTFLL, weight CDR2a
2024-11-14 09:03:15,473 - INFO - Processing rows 2000 to 2025 for swaps, peptide YLQPRTFLL, weight CDR2a
2024-11-14 09:03:32,700 - INFO - Processing rows 2025 to 2050 for swaps, peptide YLQPRTFLL, weight CDR2a
2024-11-14 09:03:49,881 - INFO - Processing rows 2050 to 2075 for swaps, peptide YLQPRTFLL, weight CDR2a
2024-11-14 09:04:07,113 - INFO - Processing rows 2075 to 2100 for swaps, peptide YLQPRTFLL, weight CDR2a
2024-11-14 09:04:24,173 - INFO - Processing rows 2100 to 2125 for swaps, peptide YLQPRTFLL, weight CDR2a
2024-11-14 09:04:41,210 - INFO - Processing rows 2125 to 2150 for swaps, peptide YLQPRTFLL, weight CDR2a
2024-11-14 09:04:58,221 - INFO - Processing rows 2150 to 2175 for swaps, peptide YLQPRTFLL, weight CDR2a
2024-11-14 09:05:15,241 - INFO - Processing rows 2175 to 2200 for swaps, peptide YLQPRTFLL, weight CDR2a
2024-11-14 09:05:32,276 - INFO - Processing rows 2200 to 2225 for swaps, peptide YLQPRTFLL, weight CDR2a
2024-11-14 09:05:49,304 - INFO - Processing rows 2225 to 2250 for swaps, peptide YLQPRTFLL, weight CDR2a
2024-11-14 09:06:06,331 - INFO - Processing rows 2250 to 2275 for swaps, peptide YLQPRTFLL, weight CDR2a
2024-11-14 09:06:23,342 - INFO - Processing rows 2275 to 2300 for swaps, peptide YLQPRTFLL, weight CDR2a
2024-11-14 09:06:40,491 - INFO - Processing rows 2300 to 2325 for swaps, peptide YLQPRTFLL, weight CDR2a
2024-11-14 09:06:57,759 - INFO - Processing rows 2325 to 2350 for swaps, peptide YLQPRTFLL, weight CDR2a
2024-11-14 09:07:14,949 - INFO - Processing rows 2350 to 2375 for swaps, peptide YLQPRTFLL, weight CDR2a
2024-11-14 09:07:32,241 - INFO - Processing rows 2375 to 2394 for swaps, peptide YLQPRTFLL, weight CDR2a
2024-11-14 09:07:45,550 - INFO - ESM finished.. Saving file...
2024-11-14 09:26:46,879 - INFO - Saved to /net/mimer/mnt/tank/projects2/emison/language_model/27th_Oct_new_matrices/04.11_new_esm/12.11/sequence_summed_vectors_swaps_YLQPRTFLL_CDR2a.csv
