2024-11-13 19:15:18,724 - INFO - Loading and filtering dataset for peptide YLQPRTFLL
2024-11-13 19:15:18,787 - INFO - Processing dataset for peptide YLQPRTFLL with weight CDR1b
2024-11-13 19:15:18,789 - INFO - Processing rows 0 to 25 for binders, peptide YLQPRTFLL, weight CDR1b
2024-11-13 19:15:23,546 - INFO - Processing rows 25 to 50 for binders, peptide YLQPRTFLL, weight CDR1b
2024-11-13 19:15:28,227 - INFO - Processing rows 50 to 75 for binders, peptide YLQPRTFLL, weight CDR1b
2024-11-13 19:15:32,999 - INFO - Processing rows 75 to 100 for binders, peptide YLQPRTFLL, weight CDR1b
2024-11-13 19:15:37,676 - INFO - Processing rows 100 to 125 for binders, peptide YLQPRTFLL, weight CDR1b
2024-11-13 19:15:42,378 - INFO - Processing rows 125 to 150 for binders, peptide YLQPRTFLL, weight CDR1b
2024-11-13 19:15:47,151 - INFO - Processing rows 150 to 175 for binders, peptide YLQPRTFLL, weight CDR1b
2024-11-13 19:15:51,828 - INFO - Processing rows 175 to 200 for binders, peptide YLQPRTFLL, weight CDR1b
2024-11-13 19:15:56,507 - INFO - Processing rows 200 to 225 for binders, peptide YLQPRTFLL, weight CDR1b
2024-11-13 19:16:01,168 - INFO - Processing rows 225 to 250 for binders, peptide YLQPRTFLL, weight CDR1b
2024-11-13 19:16:05,847 - INFO - Processing rows 250 to 275 for binders, peptide YLQPRTFLL, weight CDR1b
2024-11-13 19:16:10,615 - INFO - Processing rows 275 to 300 for binders, peptide YLQPRTFLL, weight CDR1b
2024-11-13 19:16:15,291 - INFO - Processing rows 300 to 325 for binders, peptide YLQPRTFLL, weight CDR1b
2024-11-13 19:16:19,878 - INFO - Processing rows 325 to 350 for binders, peptide YLQPRTFLL, weight CDR1b
2024-11-13 19:16:24,520 - INFO - Processing rows 350 to 375 for binders, peptide YLQPRTFLL, weight CDR1b
2024-11-13 19:16:29,184 - INFO - Processing rows 375 to 399 for binders, peptide YLQPRTFLL, weight CDR1b
Traceback (most recent call last):
  File "/net/mimer/mnt/tank/projects2/emison/language_model/27th_Oct_new_matrices/04.11_new_esm/12.11/run_esm_binders.py", line 90, in <module>
    process_sequences(df_filtered, peptide, weight, "binders")
  File "/net/mimer/mnt/tank/projects2/emison/language_model/27th_Oct_new_matrices/04.11_new_esm/12.11/run_esm_binders.py", line 82, in process_sequences
    output_df.insert(0, "raw_index", raw_indexes)
  File "/home/projects2/emison/language_model/miniconda3/envs/esm2_emison/lib/python3.12/site-packages/pandas/core/frame.py", line 5171, in insert
    value, refs = self._sanitize_column(value)
                  ^^^^^^^^^^^^^^^^^^^^^^^^^^^^
  File "/home/projects2/emison/language_model/miniconda3/envs/esm2_emison/lib/python3.12/site-packages/pandas/core/frame.py", line 5266, in _sanitize_column
    com.require_length_match(value, self.index)
  File "/home/projects2/emison/language_model/miniconda3/envs/esm2_emison/lib/python3.12/site-packages/pandas/core/common.py", line 573, in require_length_match
    raise ValueError(
ValueError: Length of values (399) does not match length of index (24)
