2024-11-13 19:16:23,247 - INFO - Loading and filtering dataset for peptide YLQPRTFLL
2024-11-13 19:16:23,340 - INFO - Processing dataset for peptide YLQPRTFLL with weight CDR3b
2024-11-13 19:16:23,344 - INFO - Processing rows 0 to 25 for binders, peptide YLQPRTFLL, weight CDR3b
2024-11-13 19:16:55,835 - INFO - Processing rows 25 to 50 for binders, peptide YLQPRTFLL, weight CDR3b
2024-11-13 19:17:28,617 - INFO - Processing rows 50 to 75 for binders, peptide YLQPRTFLL, weight CDR3b
2024-11-13 19:17:59,443 - INFO - Processing rows 75 to 100 for binders, peptide YLQPRTFLL, weight CDR3b
2024-11-13 19:18:32,198 - INFO - Processing rows 100 to 125 for binders, peptide YLQPRTFLL, weight CDR3b
2024-11-13 19:19:06,614 - INFO - Processing rows 125 to 150 for binders, peptide YLQPRTFLL, weight CDR3b
2024-11-13 19:19:43,006 - INFO - Processing rows 150 to 175 for binders, peptide YLQPRTFLL, weight CDR3b
2024-11-13 19:20:19,118 - INFO - Processing rows 175 to 200 for binders, peptide YLQPRTFLL, weight CDR3b
2024-11-13 19:21:38,630 - INFO - Processing rows 200 to 225 for binders, peptide YLQPRTFLL, weight CDR3b
2024-11-13 19:22:38,758 - INFO - Processing rows 225 to 250 for binders, peptide YLQPRTFLL, weight CDR3b
2024-11-13 19:23:09,105 - INFO - Processing rows 250 to 275 for binders, peptide YLQPRTFLL, weight CDR3b
2024-11-13 19:23:41,835 - INFO - Processing rows 275 to 300 for binders, peptide YLQPRTFLL, weight CDR3b
2024-11-13 19:24:12,545 - INFO - Processing rows 300 to 325 for binders, peptide YLQPRTFLL, weight CDR3b
2024-11-13 19:24:48,997 - INFO - Processing rows 325 to 350 for binders, peptide YLQPRTFLL, weight CDR3b
2024-11-13 19:25:22,164 - INFO - Processing rows 350 to 375 for binders, peptide YLQPRTFLL, weight CDR3b
2024-11-13 19:25:56,625 - INFO - Processing rows 375 to 399 for binders, peptide YLQPRTFLL, weight CDR3b
Traceback (most recent call last):
  File "/net/mimer/mnt/tank/projects2/emison/language_model/27th_Oct_new_matrices/04.11_new_esm/12.11/run_esm_binders.py", line 90, in <module>
    process_sequences(df_filtered, peptide, weight, "binders")
  File "/net/mimer/mnt/tank/projects2/emison/language_model/27th_Oct_new_matrices/04.11_new_esm/12.11/run_esm_binders.py", line 82, in process_sequences
    output_df.insert(0, "raw_index", raw_indexes)
  File "/home/projects2/emison/language_model/miniconda3/envs/esm2_emison/lib/python3.12/site-packages/pandas/core/frame.py", line 5171, in insert
    value, refs = self._sanitize_column(value)
                  ^^^^^^^^^^^^^^^^^^^^^^^^^^^^
  File "/home/projects2/emison/language_model/miniconda3/envs/esm2_emison/lib/python3.12/site-packages/pandas/core/frame.py", line 5266, in _sanitize_column
    com.require_length_match(value, self.index)
  File "/home/projects2/emison/language_model/miniconda3/envs/esm2_emison/lib/python3.12/site-packages/pandas/core/common.py", line 573, in require_length_match
    raise ValueError(
ValueError: Length of values (399) does not match length of index (24)
