2024-11-14 08:47:56,939 - INFO - Loading and filtering dataset for peptide YLQPRTFLL
2024-11-14 08:47:57,591 - INFO - Processing dataset for peptide YLQPRTFLL with weight CDR3a
2024-11-14 08:47:57,594 - INFO - Processing rows 0 to 25 for swaps, peptide YLQPRTFLL, weight CDR3a
2024-11-14 08:48:10,889 - INFO - Processing rows 25 to 50 for swaps, peptide YLQPRTFLL, weight CDR3a
2024-11-14 08:48:19,668 - INFO - Processing rows 50 to 75 for swaps, peptide YLQPRTFLL, weight CDR3a
2024-11-14 08:48:28,707 - INFO - Processing rows 75 to 100 for swaps, peptide YLQPRTFLL, weight CDR3a
2024-11-14 08:48:44,471 - INFO - Processing rows 100 to 125 for swaps, peptide YLQPRTFLL, weight CDR3a
2024-11-14 08:49:00,978 - INFO - Processing rows 125 to 150 for swaps, peptide YLQPRTFLL, weight CDR3a
2024-11-14 08:49:17,039 - INFO - Processing rows 150 to 175 for swaps, peptide YLQPRTFLL, weight CDR3a
2024-11-14 08:49:32,100 - INFO - Processing rows 175 to 200 for swaps, peptide YLQPRTFLL, weight CDR3a
2024-11-14 08:49:47,742 - INFO - Processing rows 200 to 225 for swaps, peptide YLQPRTFLL, weight CDR3a
2024-11-14 08:50:00,634 - INFO - Processing rows 225 to 250 for swaps, peptide YLQPRTFLL, weight CDR3a
2024-11-14 08:50:15,484 - INFO - Processing rows 250 to 275 for swaps, peptide YLQPRTFLL, weight CDR3a
2024-11-14 08:50:31,007 - INFO - Processing rows 275 to 300 for swaps, peptide YLQPRTFLL, weight CDR3a
2024-11-14 08:50:50,127 - INFO - Processing rows 300 to 325 for swaps, peptide YLQPRTFLL, weight CDR3a
2024-11-14 08:51:04,656 - INFO - Processing rows 325 to 350 for swaps, peptide YLQPRTFLL, weight CDR3a
2024-11-14 08:51:23,239 - INFO - Processing rows 350 to 375 for swaps, peptide YLQPRTFLL, weight CDR3a
2024-11-14 08:51:38,621 - INFO - Processing rows 375 to 400 for swaps, peptide YLQPRTFLL, weight CDR3a
2024-11-14 08:51:52,725 - INFO - Processing rows 400 to 425 for swaps, peptide YLQPRTFLL, weight CDR3a
2024-11-14 08:52:08,948 - INFO - Processing rows 425 to 450 for swaps, peptide YLQPRTFLL, weight CDR3a
2024-11-14 08:52:23,607 - INFO - Processing rows 450 to 475 for swaps, peptide YLQPRTFLL, weight CDR3a
2024-11-14 08:52:41,375 - INFO - Processing rows 475 to 500 for swaps, peptide YLQPRTFLL, weight CDR3a
2024-11-14 08:52:55,987 - INFO - Processing rows 500 to 525 for swaps, peptide YLQPRTFLL, weight CDR3a
2024-11-14 08:53:09,871 - INFO - Processing rows 525 to 550 for swaps, peptide YLQPRTFLL, weight CDR3a
2024-11-14 08:53:29,740 - INFO - Processing rows 550 to 575 for swaps, peptide YLQPRTFLL, weight CDR3a
2024-11-14 08:53:42,296 - INFO - Processing rows 575 to 600 for swaps, peptide YLQPRTFLL, weight CDR3a
2024-11-14 08:53:59,577 - INFO - Processing rows 600 to 625 for swaps, peptide YLQPRTFLL, weight CDR3a
2024-11-14 08:54:14,680 - INFO - Processing rows 625 to 650 for swaps, peptide YLQPRTFLL, weight CDR3a
2024-11-14 08:54:33,408 - INFO - Processing rows 650 to 675 for swaps, peptide YLQPRTFLL, weight CDR3a
2024-11-14 08:54:47,584 - INFO - Processing rows 675 to 700 for swaps, peptide YLQPRTFLL, weight CDR3a
2024-11-14 08:55:01,408 - INFO - Processing rows 700 to 725 for swaps, peptide YLQPRTFLL, weight CDR3a
2024-11-14 08:55:18,479 - INFO - Processing rows 725 to 750 for swaps, peptide YLQPRTFLL, weight CDR3a
2024-11-14 08:55:33,112 - INFO - Processing rows 750 to 775 for swaps, peptide YLQPRTFLL, weight CDR3a
2024-11-14 08:55:47,665 - INFO - Processing rows 775 to 800 for swaps, peptide YLQPRTFLL, weight CDR3a
2024-11-14 08:56:01,540 - INFO - Processing rows 800 to 825 for swaps, peptide YLQPRTFLL, weight CDR3a
2024-11-14 08:56:12,410 - INFO - Processing rows 825 to 850 for swaps, peptide YLQPRTFLL, weight CDR3a
2024-11-14 08:56:24,139 - INFO - Processing rows 850 to 875 for swaps, peptide YLQPRTFLL, weight CDR3a
2024-11-14 08:56:33,791 - INFO - Processing rows 875 to 900 for swaps, peptide YLQPRTFLL, weight CDR3a
2024-11-14 08:56:44,258 - INFO - Processing rows 900 to 925 for swaps, peptide YLQPRTFLL, weight CDR3a
2024-11-14 08:56:54,145 - INFO - Processing rows 925 to 950 for swaps, peptide YLQPRTFLL, weight CDR3a
2024-11-14 08:57:03,086 - INFO - Processing rows 950 to 975 for swaps, peptide YLQPRTFLL, weight CDR3a
2024-11-14 08:57:11,945 - INFO - Processing rows 975 to 1000 for swaps, peptide YLQPRTFLL, weight CDR3a
2024-11-14 08:57:21,795 - INFO - Processing rows 1000 to 1025 for swaps, peptide YLQPRTFLL, weight CDR3a
2024-11-14 08:57:30,760 - INFO - Processing rows 1025 to 1050 for swaps, peptide YLQPRTFLL, weight CDR3a
2024-11-14 08:57:39,421 - INFO - Processing rows 1050 to 1075 for swaps, peptide YLQPRTFLL, weight CDR3a
2024-11-14 08:57:47,965 - INFO - Processing rows 1075 to 1100 for swaps, peptide YLQPRTFLL, weight CDR3a
2024-11-14 08:57:58,443 - INFO - Processing rows 1100 to 1125 for swaps, peptide YLQPRTFLL, weight CDR3a
2024-11-14 08:58:07,874 - INFO - Processing rows 1125 to 1150 for swaps, peptide YLQPRTFLL, weight CDR3a
2024-11-14 08:58:17,131 - INFO - Processing rows 1150 to 1175 for swaps, peptide YLQPRTFLL, weight CDR3a
2024-11-14 08:58:26,746 - INFO - Processing rows 1175 to 1200 for swaps, peptide YLQPRTFLL, weight CDR3a
2024-11-14 08:58:36,123 - INFO - Processing rows 1200 to 1225 for swaps, peptide YLQPRTFLL, weight CDR3a
2024-11-14 08:58:44,758 - INFO - Processing rows 1225 to 1250 for swaps, peptide YLQPRTFLL, weight CDR3a
2024-11-14 08:58:54,092 - INFO - Processing rows 1250 to 1275 for swaps, peptide YLQPRTFLL, weight CDR3a
2024-11-14 08:59:09,727 - INFO - Processing rows 1275 to 1300 for swaps, peptide YLQPRTFLL, weight CDR3a
2024-11-14 08:59:24,127 - INFO - Processing rows 1300 to 1325 for swaps, peptide YLQPRTFLL, weight CDR3a
2024-11-14 08:59:40,728 - INFO - Processing rows 1325 to 1350 for swaps, peptide YLQPRTFLL, weight CDR3a
2024-11-14 08:59:55,755 - INFO - Processing rows 1350 to 1375 for swaps, peptide YLQPRTFLL, weight CDR3a
2024-11-14 09:00:10,434 - INFO - Processing rows 1375 to 1400 for swaps, peptide YLQPRTFLL, weight CDR3a
2024-11-14 09:00:23,478 - INFO - Processing rows 1400 to 1425 for swaps, peptide YLQPRTFLL, weight CDR3a
2024-11-14 09:00:37,210 - INFO - Processing rows 1425 to 1450 for swaps, peptide YLQPRTFLL, weight CDR3a
2024-11-14 09:00:51,641 - INFO - Processing rows 1450 to 1475 for swaps, peptide YLQPRTFLL, weight CDR3a
2024-11-14 09:01:05,311 - INFO - Processing rows 1475 to 1500 for swaps, peptide YLQPRTFLL, weight CDR3a
2024-11-14 09:01:19,738 - INFO - Processing rows 1500 to 1525 for swaps, peptide YLQPRTFLL, weight CDR3a
2024-11-14 09:01:36,401 - INFO - Processing rows 1525 to 1550 for swaps, peptide YLQPRTFLL, weight CDR3a
2024-11-14 09:01:49,984 - INFO - Processing rows 1550 to 1575 for swaps, peptide YLQPRTFLL, weight CDR3a
2024-11-14 09:02:05,045 - INFO - Processing rows 1575 to 1600 for swaps, peptide YLQPRTFLL, weight CDR3a
2024-11-14 09:02:18,926 - INFO - Processing rows 1600 to 1625 for swaps, peptide YLQPRTFLL, weight CDR3a
2024-11-14 09:02:33,373 - INFO - Processing rows 1625 to 1650 for swaps, peptide YLQPRTFLL, weight CDR3a
2024-11-14 09:02:50,131 - INFO - Processing rows 1650 to 1675 for swaps, peptide YLQPRTFLL, weight CDR3a
2024-11-14 09:03:06,790 - INFO - Processing rows 1675 to 1700 for swaps, peptide YLQPRTFLL, weight CDR3a
2024-11-14 09:03:21,714 - INFO - Processing rows 1700 to 1725 for swaps, peptide YLQPRTFLL, weight CDR3a
2024-11-14 09:03:35,698 - INFO - Processing rows 1725 to 1750 for swaps, peptide YLQPRTFLL, weight CDR3a
2024-11-14 09:03:50,240 - INFO - Processing rows 1750 to 1775 for swaps, peptide YLQPRTFLL, weight CDR3a
2024-11-14 09:04:05,250 - INFO - Processing rows 1775 to 1800 for swaps, peptide YLQPRTFLL, weight CDR3a
2024-11-14 09:04:17,653 - INFO - Processing rows 1800 to 1825 for swaps, peptide YLQPRTFLL, weight CDR3a
2024-11-14 09:04:32,253 - INFO - Processing rows 1825 to 1850 for swaps, peptide YLQPRTFLL, weight CDR3a
2024-11-14 09:04:46,920 - INFO - Processing rows 1850 to 1875 for swaps, peptide YLQPRTFLL, weight CDR3a
2024-11-14 09:05:01,292 - INFO - Processing rows 1875 to 1900 for swaps, peptide YLQPRTFLL, weight CDR3a
2024-11-14 09:05:14,564 - INFO - Processing rows 1900 to 1925 for swaps, peptide YLQPRTFLL, weight CDR3a
2024-11-14 09:05:29,734 - INFO - Processing rows 1925 to 1950 for swaps, peptide YLQPRTFLL, weight CDR3a
2024-11-14 09:05:44,446 - INFO - Processing rows 1950 to 1975 for swaps, peptide YLQPRTFLL, weight CDR3a
2024-11-14 09:05:59,622 - INFO - Processing rows 1975 to 2000 for swaps, peptide YLQPRTFLL, weight CDR3a
2024-11-14 09:06:18,386 - INFO - Processing rows 2000 to 2025 for swaps, peptide YLQPRTFLL, weight CDR3a
2024-11-14 09:06:35,046 - INFO - Processing rows 2025 to 2050 for swaps, peptide YLQPRTFLL, weight CDR3a
2024-11-14 09:06:52,186 - INFO - Processing rows 2050 to 2075 for swaps, peptide YLQPRTFLL, weight CDR3a
2024-11-14 09:07:05,621 - INFO - Processing rows 2075 to 2100 for swaps, peptide YLQPRTFLL, weight CDR3a
2024-11-14 09:07:20,201 - INFO - Processing rows 2100 to 2125 for swaps, peptide YLQPRTFLL, weight CDR3a
2024-11-14 09:07:36,541 - INFO - Processing rows 2125 to 2150 for swaps, peptide YLQPRTFLL, weight CDR3a
2024-11-14 09:07:50,049 - INFO - Processing rows 2150 to 2175 for swaps, peptide YLQPRTFLL, weight CDR3a
2024-11-14 09:08:03,129 - INFO - Processing rows 2175 to 2200 for swaps, peptide YLQPRTFLL, weight CDR3a
2024-11-14 09:08:17,107 - INFO - Processing rows 2200 to 2225 for swaps, peptide YLQPRTFLL, weight CDR3a
2024-11-14 09:08:33,892 - INFO - Processing rows 2225 to 2250 for swaps, peptide YLQPRTFLL, weight CDR3a
2024-11-14 09:08:48,948 - INFO - Processing rows 2250 to 2275 for swaps, peptide YLQPRTFLL, weight CDR3a
2024-11-14 09:09:03,682 - INFO - Processing rows 2275 to 2300 for swaps, peptide YLQPRTFLL, weight CDR3a
2024-11-14 09:09:18,093 - INFO - Processing rows 2300 to 2325 for swaps, peptide YLQPRTFLL, weight CDR3a
2024-11-14 09:09:32,046 - INFO - Processing rows 2325 to 2350 for swaps, peptide YLQPRTFLL, weight CDR3a
2024-11-14 09:09:46,154 - INFO - Processing rows 2350 to 2375 for swaps, peptide YLQPRTFLL, weight CDR3a
2024-11-14 09:10:02,937 - INFO - Processing rows 2375 to 2394 for swaps, peptide YLQPRTFLL, weight CDR3a
2024-11-14 09:10:13,303 - INFO - ESM finished.. Saving file...
2024-11-14 09:23:55,623 - INFO - Saved to /net/mimer/mnt/tank/projects2/emison/language_model/27th_Oct_new_matrices/04.11_new_esm/12.11/sequence_summed_vectors_swaps_YLQPRTFLL_CDR3a.csv
