2024-11-13 19:32:48,700 - INFO - Loading and filtering dataset for peptide YLQPRTFLL
2024-11-13 19:32:49,449 - INFO - Processing dataset for peptide YLQPRTFLL with weight CDR2a
2024-11-13 19:32:49,452 - INFO - Processing rows 0 to 25 for swaps, peptide YLQPRTFLL, weight CDR2a
2024-11-13 19:32:55,274 - INFO - Processing rows 25 to 50 for swaps, peptide YLQPRTFLL, weight CDR2a
2024-11-13 19:33:01,059 - INFO - Processing rows 50 to 75 for swaps, peptide YLQPRTFLL, weight CDR2a
2024-11-13 19:33:06,902 - INFO - Processing rows 75 to 100 for swaps, peptide YLQPRTFLL, weight CDR2a
2024-11-13 19:33:12,748 - INFO - Processing rows 100 to 125 for swaps, peptide YLQPRTFLL, weight CDR2a
2024-11-13 19:33:18,650 - INFO - Processing rows 125 to 150 for swaps, peptide YLQPRTFLL, weight CDR2a
2024-11-13 19:33:24,560 - INFO - Processing rows 150 to 175 for swaps, peptide YLQPRTFLL, weight CDR2a
2024-11-13 19:33:30,474 - INFO - Processing rows 175 to 200 for swaps, peptide YLQPRTFLL, weight CDR2a
2024-11-13 19:33:36,516 - INFO - Processing rows 200 to 225 for swaps, peptide YLQPRTFLL, weight CDR2a
2024-11-13 19:33:42,633 - INFO - Processing rows 225 to 250 for swaps, peptide YLQPRTFLL, weight CDR2a
2024-11-13 19:33:48,740 - INFO - Processing rows 250 to 275 for swaps, peptide YLQPRTFLL, weight CDR2a
2024-11-13 19:33:54,742 - INFO - Processing rows 275 to 300 for swaps, peptide YLQPRTFLL, weight CDR2a
2024-11-13 19:34:00,823 - INFO - Processing rows 300 to 325 for swaps, peptide YLQPRTFLL, weight CDR2a
2024-11-13 19:34:06,741 - INFO - Processing rows 325 to 350 for swaps, peptide YLQPRTFLL, weight CDR2a
2024-11-13 19:34:12,564 - INFO - Processing rows 350 to 375 for swaps, peptide YLQPRTFLL, weight CDR2a
2024-11-13 19:34:18,493 - INFO - Processing rows 375 to 400 for swaps, peptide YLQPRTFLL, weight CDR2a
2024-11-13 19:34:24,534 - INFO - Processing rows 400 to 425 for swaps, peptide YLQPRTFLL, weight CDR2a
2024-11-13 19:34:30,338 - INFO - Processing rows 425 to 450 for swaps, peptide YLQPRTFLL, weight CDR2a
2024-11-13 19:34:36,138 - INFO - Processing rows 450 to 475 for swaps, peptide YLQPRTFLL, weight CDR2a
2024-11-13 19:34:42,052 - INFO - Processing rows 475 to 500 for swaps, peptide YLQPRTFLL, weight CDR2a
2024-11-13 19:34:47,959 - INFO - Processing rows 500 to 525 for swaps, peptide YLQPRTFLL, weight CDR2a
2024-11-13 19:34:53,772 - INFO - Processing rows 525 to 550 for swaps, peptide YLQPRTFLL, weight CDR2a
2024-11-13 19:34:59,601 - INFO - Processing rows 550 to 575 for swaps, peptide YLQPRTFLL, weight CDR2a
2024-11-13 19:35:05,391 - INFO - Processing rows 575 to 600 for swaps, peptide YLQPRTFLL, weight CDR2a
2024-11-13 19:35:11,266 - INFO - Processing rows 600 to 625 for swaps, peptide YLQPRTFLL, weight CDR2a
2024-11-13 19:35:17,046 - INFO - Processing rows 625 to 650 for swaps, peptide YLQPRTFLL, weight CDR2a
2024-11-13 19:35:22,818 - INFO - Processing rows 650 to 675 for swaps, peptide YLQPRTFLL, weight CDR2a
2024-11-13 19:35:28,579 - INFO - Processing rows 675 to 700 for swaps, peptide YLQPRTFLL, weight CDR2a
2024-11-13 19:35:34,403 - INFO - Processing rows 700 to 725 for swaps, peptide YLQPRTFLL, weight CDR2a
2024-11-13 19:35:40,138 - INFO - Processing rows 725 to 750 for swaps, peptide YLQPRTFLL, weight CDR2a
2024-11-13 19:35:45,853 - INFO - Processing rows 750 to 775 for swaps, peptide YLQPRTFLL, weight CDR2a
2024-11-13 19:35:51,558 - INFO - Processing rows 775 to 800 for swaps, peptide YLQPRTFLL, weight CDR2a
2024-11-13 19:35:57,307 - INFO - Processing rows 800 to 825 for swaps, peptide YLQPRTFLL, weight CDR2a
2024-11-13 19:36:03,141 - INFO - Processing rows 825 to 850 for swaps, peptide YLQPRTFLL, weight CDR2a
2024-11-13 19:36:08,869 - INFO - Processing rows 850 to 875 for swaps, peptide YLQPRTFLL, weight CDR2a
2024-11-13 19:36:14,597 - INFO - Processing rows 875 to 900 for swaps, peptide YLQPRTFLL, weight CDR2a
2024-11-13 19:36:20,418 - INFO - Processing rows 900 to 925 for swaps, peptide YLQPRTFLL, weight CDR2a
2024-11-13 19:36:26,255 - INFO - Processing rows 925 to 950 for swaps, peptide YLQPRTFLL, weight CDR2a
2024-11-13 19:36:31,971 - INFO - Processing rows 950 to 975 for swaps, peptide YLQPRTFLL, weight CDR2a
2024-11-13 19:36:37,708 - INFO - Processing rows 975 to 1000 for swaps, peptide YLQPRTFLL, weight CDR2a
2024-11-13 19:36:43,391 - INFO - Processing rows 1000 to 1025 for swaps, peptide YLQPRTFLL, weight CDR2a
2024-11-13 19:36:49,121 - INFO - Processing rows 1025 to 1050 for swaps, peptide YLQPRTFLL, weight CDR2a
2024-11-13 19:36:54,803 - INFO - Processing rows 1050 to 1075 for swaps, peptide YLQPRTFLL, weight CDR2a
2024-11-13 19:37:00,447 - INFO - Processing rows 1075 to 1100 for swaps, peptide YLQPRTFLL, weight CDR2a
2024-11-13 19:37:06,166 - INFO - Processing rows 1100 to 1125 for swaps, peptide YLQPRTFLL, weight CDR2a
2024-11-13 19:37:11,837 - INFO - Processing rows 1125 to 1150 for swaps, peptide YLQPRTFLL, weight CDR2a
2024-11-13 19:37:17,534 - INFO - Processing rows 1150 to 1175 for swaps, peptide YLQPRTFLL, weight CDR2a
2024-11-13 19:37:23,191 - INFO - Processing rows 1175 to 1200 for swaps, peptide YLQPRTFLL, weight CDR2a
2024-11-13 19:37:28,870 - INFO - Processing rows 1200 to 1225 for swaps, peptide YLQPRTFLL, weight CDR2a
2024-11-13 19:37:34,632 - INFO - Processing rows 1225 to 1250 for swaps, peptide YLQPRTFLL, weight CDR2a
2024-11-13 19:37:40,445 - INFO - Processing rows 1250 to 1275 for swaps, peptide YLQPRTFLL, weight CDR2a
2024-11-13 19:37:46,102 - INFO - Processing rows 1275 to 1300 for swaps, peptide YLQPRTFLL, weight CDR2a
2024-11-13 19:37:51,791 - INFO - Processing rows 1300 to 1325 for swaps, peptide YLQPRTFLL, weight CDR2a
2024-11-13 19:37:57,487 - INFO - Processing rows 1325 to 1350 for swaps, peptide YLQPRTFLL, weight CDR2a
2024-11-13 19:38:03,270 - INFO - Processing rows 1350 to 1375 for swaps, peptide YLQPRTFLL, weight CDR2a
2024-11-13 19:38:09,054 - INFO - Processing rows 1375 to 1400 for swaps, peptide YLQPRTFLL, weight CDR2a
2024-11-13 19:38:14,820 - INFO - Processing rows 1400 to 1425 for swaps, peptide YLQPRTFLL, weight CDR2a
2024-11-13 19:38:20,528 - INFO - Processing rows 1425 to 1450 for swaps, peptide YLQPRTFLL, weight CDR2a
2024-11-13 19:38:26,317 - INFO - Processing rows 1450 to 1475 for swaps, peptide YLQPRTFLL, weight CDR2a
2024-11-13 19:38:32,184 - INFO - Processing rows 1475 to 1500 for swaps, peptide YLQPRTFLL, weight CDR2a
2024-11-13 19:38:38,061 - INFO - Processing rows 1500 to 1525 for swaps, peptide YLQPRTFLL, weight CDR2a
2024-11-13 19:38:43,921 - INFO - Processing rows 1525 to 1550 for swaps, peptide YLQPRTFLL, weight CDR2a
2024-11-13 19:38:49,793 - INFO - Processing rows 1550 to 1575 for swaps, peptide YLQPRTFLL, weight CDR2a
2024-11-13 19:38:55,629 - INFO - Processing rows 1575 to 1600 for swaps, peptide YLQPRTFLL, weight CDR2a
2024-11-13 19:39:01,482 - INFO - Processing rows 1600 to 1625 for swaps, peptide YLQPRTFLL, weight CDR2a
2024-11-13 19:39:07,328 - INFO - Processing rows 1625 to 1650 for swaps, peptide YLQPRTFLL, weight CDR2a
2024-11-13 19:39:13,230 - INFO - Processing rows 1650 to 1675 for swaps, peptide YLQPRTFLL, weight CDR2a
2024-11-13 19:39:18,976 - INFO - Processing rows 1675 to 1700 for swaps, peptide YLQPRTFLL, weight CDR2a
2024-11-13 19:39:24,687 - INFO - Processing rows 1700 to 1725 for swaps, peptide YLQPRTFLL, weight CDR2a
2024-11-13 19:39:30,370 - INFO - Processing rows 1725 to 1750 for swaps, peptide YLQPRTFLL, weight CDR2a
2024-11-13 19:39:35,945 - INFO - Processing rows 1750 to 1775 for swaps, peptide YLQPRTFLL, weight CDR2a
2024-11-13 19:39:41,522 - INFO - Processing rows 1775 to 1800 for swaps, peptide YLQPRTFLL, weight CDR2a
2024-11-13 19:39:47,146 - INFO - Processing rows 1800 to 1825 for swaps, peptide YLQPRTFLL, weight CDR2a
2024-11-13 19:39:52,717 - INFO - Processing rows 1825 to 1850 for swaps, peptide YLQPRTFLL, weight CDR2a
2024-11-13 19:39:58,321 - INFO - Processing rows 1850 to 1875 for swaps, peptide YLQPRTFLL, weight CDR2a
2024-11-13 19:40:03,909 - INFO - Processing rows 1875 to 1900 for swaps, peptide YLQPRTFLL, weight CDR2a
2024-11-13 19:40:09,678 - INFO - Processing rows 1900 to 1925 for swaps, peptide YLQPRTFLL, weight CDR2a
2024-11-13 19:40:15,410 - INFO - Processing rows 1925 to 1950 for swaps, peptide YLQPRTFLL, weight CDR2a
2024-11-13 19:40:21,297 - INFO - Processing rows 1950 to 1975 for swaps, peptide YLQPRTFLL, weight CDR2a
2024-11-13 19:40:27,072 - INFO - Processing rows 1975 to 2000 for swaps, peptide YLQPRTFLL, weight CDR2a
2024-11-13 19:40:32,875 - INFO - Processing rows 2000 to 2025 for swaps, peptide YLQPRTFLL, weight CDR2a
2024-11-13 19:40:38,468 - INFO - Processing rows 2025 to 2050 for swaps, peptide YLQPRTFLL, weight CDR2a
2024-11-13 19:40:44,045 - INFO - Processing rows 2050 to 2075 for swaps, peptide YLQPRTFLL, weight CDR2a
2024-11-13 19:40:49,638 - INFO - Processing rows 2075 to 2100 for swaps, peptide YLQPRTFLL, weight CDR2a
2024-11-13 19:40:55,205 - INFO - Processing rows 2100 to 2125 for swaps, peptide YLQPRTFLL, weight CDR2a
2024-11-13 19:41:00,753 - INFO - Processing rows 2125 to 2150 for swaps, peptide YLQPRTFLL, weight CDR2a
2024-11-13 19:41:06,341 - INFO - Processing rows 2150 to 2175 for swaps, peptide YLQPRTFLL, weight CDR2a
2024-11-13 19:41:11,895 - INFO - Processing rows 2175 to 2200 for swaps, peptide YLQPRTFLL, weight CDR2a
2024-11-13 19:41:17,590 - INFO - Processing rows 2200 to 2225 for swaps, peptide YLQPRTFLL, weight CDR2a
2024-11-13 19:41:23,290 - INFO - Processing rows 2225 to 2250 for swaps, peptide YLQPRTFLL, weight CDR2a
2024-11-13 19:41:28,957 - INFO - Processing rows 2250 to 2275 for swaps, peptide YLQPRTFLL, weight CDR2a
2024-11-13 19:41:34,539 - INFO - Processing rows 2275 to 2300 for swaps, peptide YLQPRTFLL, weight CDR2a
2024-11-13 19:41:40,189 - INFO - Processing rows 2300 to 2325 for swaps, peptide YLQPRTFLL, weight CDR2a
2024-11-13 19:41:45,848 - INFO - Processing rows 2325 to 2350 for swaps, peptide YLQPRTFLL, weight CDR2a
2024-11-13 19:41:51,524 - INFO - Processing rows 2350 to 2375 for swaps, peptide YLQPRTFLL, weight CDR2a
2024-11-13 19:41:57,211 - INFO - Processing rows 2375 to 2394 for swaps, peptide YLQPRTFLL, weight CDR2a
Traceback (most recent call last):
  File "/net/mimer/mnt/tank/projects2/emison/language_model/27th_Oct_new_matrices/04.11_new_esm/12.11/run_esm_swaps.py", line 90, in <module>
    process_sequences(df_filtered, peptide, weight, "swaps")
  File "/net/mimer/mnt/tank/projects2/emison/language_model/27th_Oct_new_matrices/04.11_new_esm/12.11/run_esm_swaps.py", line 82, in process_sequences
    output_df.insert(0, "raw_index", raw_indexes)
  File "/home/projects2/emison/language_model/miniconda3/envs/esm2_emison/lib/python3.12/site-packages/pandas/core/frame.py", line 5171, in insert
    value, refs = self._sanitize_column(value)
                  ^^^^^^^^^^^^^^^^^^^^^^^^^^^^
  File "/home/projects2/emison/language_model/miniconda3/envs/esm2_emison/lib/python3.12/site-packages/pandas/core/frame.py", line 5266, in _sanitize_column
    com.require_length_match(value, self.index)
  File "/home/projects2/emison/language_model/miniconda3/envs/esm2_emison/lib/python3.12/site-packages/pandas/core/common.py", line 573, in require_length_match
    raise ValueError(
ValueError: Length of values (2394) does not match length of index (19)
