2024-11-14 07:59:10,314 - INFO - Loading and filtering dataset for peptide YLQPRTFLL
2024-11-14 07:59:10,359 - INFO - Processing dataset for peptide YLQPRTFLL with weight CDR3a
2024-11-14 07:59:10,360 - INFO - Processing rows 0 to 25 for binders, peptide YLQPRTFLL, weight CDR3a
2024-11-14 07:59:14,553 - INFO - Processing rows 25 to 50 for binders, peptide YLQPRTFLL, weight CDR3a
2024-11-14 07:59:18,545 - INFO - Processing rows 50 to 75 for binders, peptide YLQPRTFLL, weight CDR3a
2024-11-14 07:59:22,111 - INFO - Processing rows 75 to 100 for binders, peptide YLQPRTFLL, weight CDR3a
2024-11-14 07:59:25,117 - INFO - Processing rows 100 to 125 for binders, peptide YLQPRTFLL, weight CDR3a
2024-11-14 07:59:28,181 - INFO - Processing rows 125 to 150 for binders, peptide YLQPRTFLL, weight CDR3a
2024-11-14 07:59:31,511 - INFO - Processing rows 150 to 175 for binders, peptide YLQPRTFLL, weight CDR3a
2024-11-14 07:59:35,232 - INFO - Processing rows 175 to 200 for binders, peptide YLQPRTFLL, weight CDR3a
2024-11-14 07:59:39,080 - INFO - Processing rows 200 to 225 for binders, peptide YLQPRTFLL, weight CDR3a
2024-11-14 07:59:42,806 - INFO - Processing rows 225 to 250 for binders, peptide YLQPRTFLL, weight CDR3a
2024-11-14 07:59:45,872 - INFO - Processing rows 250 to 275 for binders, peptide YLQPRTFLL, weight CDR3a
2024-11-14 07:59:49,690 - INFO - Processing rows 275 to 300 for binders, peptide YLQPRTFLL, weight CDR3a
2024-11-14 07:59:53,165 - INFO - Processing rows 300 to 325 for binders, peptide YLQPRTFLL, weight CDR3a
2024-11-14 07:59:57,656 - INFO - Processing rows 325 to 350 for binders, peptide YLQPRTFLL, weight CDR3a
2024-11-14 08:00:01,095 - INFO - Processing rows 350 to 375 for binders, peptide YLQPRTFLL, weight CDR3a
2024-11-14 08:00:04,194 - INFO - Processing rows 375 to 399 for binders, peptide YLQPRTFLL, weight CDR3a
2024-11-14 08:00:07,397 - INFO - ESM finished - Saving file...
Traceback (most recent call last):
  File "/net/mimer/mnt/tank/projects2/emison/language_model/27th_Oct_new_matrices/04.11_new_esm/12.11/run_esm_binders.py", line 90, in <module>
    process_sequences(df_filtered, peptide, weight, "binders")
  File "/net/mimer/mnt/tank/projects2/emison/language_model/27th_Oct_new_matrices/04.11_new_esm/12.11/run_esm_binders.py", line 82, in process_sequences
    output_df.insert(0, "raw_index", raw_indexes)
  File "/home/projects2/emison/language_model/miniconda3/envs/esm2_emison/lib/python3.12/site-packages/pandas/core/frame.py", line 5171, in insert
    value, refs = self._sanitize_column(value)
                  ^^^^^^^^^^^^^^^^^^^^^^^^^^^^
  File "/home/projects2/emison/language_model/miniconda3/envs/esm2_emison/lib/python3.12/site-packages/pandas/core/frame.py", line 5266, in _sanitize_column
    com.require_length_match(value, self.index)
  File "/home/projects2/emison/language_model/miniconda3/envs/esm2_emison/lib/python3.12/site-packages/pandas/core/common.py", line 573, in require_length_match
    raise ValueError(
ValueError: Length of values (399) does not match length of index (24)
