2024-11-13 19:31:52,044 - INFO - Loading and filtering dataset for peptide YLQPRTFLL
2024-11-13 19:31:52,415 - INFO - Processing dataset for peptide YLQPRTFLL with weight CDR1a
2024-11-13 19:31:52,417 - INFO - Processing rows 0 to 25 for swaps, peptide YLQPRTFLL, weight CDR1a
2024-11-13 19:31:57,516 - INFO - Processing rows 25 to 50 for swaps, peptide YLQPRTFLL, weight CDR1a
2024-11-13 19:32:02,799 - INFO - Processing rows 50 to 75 for swaps, peptide YLQPRTFLL, weight CDR1a
2024-11-13 19:32:08,140 - INFO - Processing rows 75 to 100 for swaps, peptide YLQPRTFLL, weight CDR1a
2024-11-13 19:32:13,545 - INFO - Processing rows 100 to 125 for swaps, peptide YLQPRTFLL, weight CDR1a
2024-11-13 19:32:18,846 - INFO - Processing rows 125 to 150 for swaps, peptide YLQPRTFLL, weight CDR1a
2024-11-13 19:32:24,206 - INFO - Processing rows 150 to 175 for swaps, peptide YLQPRTFLL, weight CDR1a
2024-11-13 19:32:29,366 - INFO - Processing rows 175 to 200 for swaps, peptide YLQPRTFLL, weight CDR1a
2024-11-13 19:32:34,593 - INFO - Processing rows 200 to 225 for swaps, peptide YLQPRTFLL, weight CDR1a
2024-11-13 19:32:39,772 - INFO - Processing rows 225 to 250 for swaps, peptide YLQPRTFLL, weight CDR1a
2024-11-13 19:32:45,042 - INFO - Processing rows 250 to 275 for swaps, peptide YLQPRTFLL, weight CDR1a
2024-11-13 19:32:50,336 - INFO - Processing rows 275 to 300 for swaps, peptide YLQPRTFLL, weight CDR1a
2024-11-13 19:32:55,808 - INFO - Processing rows 300 to 325 for swaps, peptide YLQPRTFLL, weight CDR1a
2024-11-13 19:33:01,420 - INFO - Processing rows 325 to 350 for swaps, peptide YLQPRTFLL, weight CDR1a
2024-11-13 19:33:07,009 - INFO - Processing rows 350 to 375 for swaps, peptide YLQPRTFLL, weight CDR1a
2024-11-13 19:33:12,507 - INFO - Processing rows 375 to 400 for swaps, peptide YLQPRTFLL, weight CDR1a
2024-11-13 19:33:17,791 - INFO - Processing rows 400 to 425 for swaps, peptide YLQPRTFLL, weight CDR1a
2024-11-13 19:33:23,290 - INFO - Processing rows 425 to 450 for swaps, peptide YLQPRTFLL, weight CDR1a
2024-11-13 19:33:28,593 - INFO - Processing rows 450 to 475 for swaps, peptide YLQPRTFLL, weight CDR1a
2024-11-13 19:33:33,816 - INFO - Processing rows 475 to 500 for swaps, peptide YLQPRTFLL, weight CDR1a
2024-11-13 19:33:39,050 - INFO - Processing rows 500 to 525 for swaps, peptide YLQPRTFLL, weight CDR1a
2024-11-13 19:33:44,322 - INFO - Processing rows 525 to 550 for swaps, peptide YLQPRTFLL, weight CDR1a
2024-11-13 19:33:48,972 - INFO - Processing rows 550 to 575 for swaps, peptide YLQPRTFLL, weight CDR1a
2024-11-13 19:33:54,198 - INFO - Processing rows 575 to 600 for swaps, peptide YLQPRTFLL, weight CDR1a
2024-11-13 19:33:59,607 - INFO - Processing rows 600 to 625 for swaps, peptide YLQPRTFLL, weight CDR1a
2024-11-13 19:34:05,031 - INFO - Processing rows 625 to 650 for swaps, peptide YLQPRTFLL, weight CDR1a
2024-11-13 19:34:10,365 - INFO - Processing rows 650 to 675 for swaps, peptide YLQPRTFLL, weight CDR1a
2024-11-13 19:34:15,609 - INFO - Processing rows 675 to 700 for swaps, peptide YLQPRTFLL, weight CDR1a
2024-11-13 19:34:20,991 - INFO - Processing rows 700 to 725 for swaps, peptide YLQPRTFLL, weight CDR1a
2024-11-13 19:34:25,770 - INFO - Processing rows 725 to 750 for swaps, peptide YLQPRTFLL, weight CDR1a
2024-11-13 19:34:31,051 - INFO - Processing rows 750 to 775 for swaps, peptide YLQPRTFLL, weight CDR1a
2024-11-13 19:34:36,311 - INFO - Processing rows 775 to 800 for swaps, peptide YLQPRTFLL, weight CDR1a
2024-11-13 19:34:41,652 - INFO - Processing rows 800 to 825 for swaps, peptide YLQPRTFLL, weight CDR1a
2024-11-13 19:34:46,940 - INFO - Processing rows 825 to 850 for swaps, peptide YLQPRTFLL, weight CDR1a
2024-11-13 19:34:52,223 - INFO - Processing rows 850 to 875 for swaps, peptide YLQPRTFLL, weight CDR1a
2024-11-13 19:34:57,431 - INFO - Processing rows 875 to 900 for swaps, peptide YLQPRTFLL, weight CDR1a
2024-11-13 19:35:02,776 - INFO - Processing rows 900 to 925 for swaps, peptide YLQPRTFLL, weight CDR1a
2024-11-13 19:35:08,089 - INFO - Processing rows 925 to 950 for swaps, peptide YLQPRTFLL, weight CDR1a
2024-11-13 19:35:13,485 - INFO - Processing rows 950 to 975 for swaps, peptide YLQPRTFLL, weight CDR1a
2024-11-13 19:35:18,916 - INFO - Processing rows 975 to 1000 for swaps, peptide YLQPRTFLL, weight CDR1a
2024-11-13 19:35:24,257 - INFO - Processing rows 1000 to 1025 for swaps, peptide YLQPRTFLL, weight CDR1a
2024-11-13 19:35:29,629 - INFO - Processing rows 1025 to 1050 for swaps, peptide YLQPRTFLL, weight CDR1a
2024-11-13 19:35:35,104 - INFO - Processing rows 1050 to 1075 for swaps, peptide YLQPRTFLL, weight CDR1a
2024-11-13 19:35:40,435 - INFO - Processing rows 1075 to 1100 for swaps, peptide YLQPRTFLL, weight CDR1a
2024-11-13 19:35:45,778 - INFO - Processing rows 1100 to 1125 for swaps, peptide YLQPRTFLL, weight CDR1a
2024-11-13 19:35:51,006 - INFO - Processing rows 1125 to 1150 for swaps, peptide YLQPRTFLL, weight CDR1a
2024-11-13 19:35:56,360 - INFO - Processing rows 1150 to 1175 for swaps, peptide YLQPRTFLL, weight CDR1a
2024-11-13 19:36:01,746 - INFO - Processing rows 1175 to 1200 for swaps, peptide YLQPRTFLL, weight CDR1a
2024-11-13 19:36:07,049 - INFO - Processing rows 1200 to 1225 for swaps, peptide YLQPRTFLL, weight CDR1a
2024-11-13 19:36:12,321 - INFO - Processing rows 1225 to 1250 for swaps, peptide YLQPRTFLL, weight CDR1a
2024-11-13 19:36:17,706 - INFO - Processing rows 1250 to 1275 for swaps, peptide YLQPRTFLL, weight CDR1a
2024-11-13 19:36:23,138 - INFO - Processing rows 1275 to 1300 for swaps, peptide YLQPRTFLL, weight CDR1a
2024-11-13 19:36:28,511 - INFO - Processing rows 1300 to 1325 for swaps, peptide YLQPRTFLL, weight CDR1a
2024-11-13 19:36:33,879 - INFO - Processing rows 1325 to 1350 for swaps, peptide YLQPRTFLL, weight CDR1a
2024-11-13 19:36:39,120 - INFO - Processing rows 1350 to 1375 for swaps, peptide YLQPRTFLL, weight CDR1a
2024-11-13 19:36:44,405 - INFO - Processing rows 1375 to 1400 for swaps, peptide YLQPRTFLL, weight CDR1a
2024-11-13 19:36:49,693 - INFO - Processing rows 1400 to 1425 for swaps, peptide YLQPRTFLL, weight CDR1a
2024-11-13 19:36:54,981 - INFO - Processing rows 1425 to 1450 for swaps, peptide YLQPRTFLL, weight CDR1a
2024-11-13 19:37:00,259 - INFO - Processing rows 1450 to 1475 for swaps, peptide YLQPRTFLL, weight CDR1a
2024-11-13 19:37:05,577 - INFO - Processing rows 1475 to 1500 for swaps, peptide YLQPRTFLL, weight CDR1a
2024-11-13 19:37:11,503 - INFO - Processing rows 1500 to 1525 for swaps, peptide YLQPRTFLL, weight CDR1a
2024-11-13 19:37:17,621 - INFO - Processing rows 1525 to 1550 for swaps, peptide YLQPRTFLL, weight CDR1a
2024-11-13 19:37:23,266 - INFO - Processing rows 1550 to 1575 for swaps, peptide YLQPRTFLL, weight CDR1a
2024-11-13 19:37:29,447 - INFO - Processing rows 1575 to 1600 for swaps, peptide YLQPRTFLL, weight CDR1a
2024-11-13 19:37:34,795 - INFO - Processing rows 1600 to 1625 for swaps, peptide YLQPRTFLL, weight CDR1a
2024-11-13 19:37:40,891 - INFO - Processing rows 1625 to 1650 for swaps, peptide YLQPRTFLL, weight CDR1a
2024-11-13 19:37:50,677 - INFO - Processing rows 1650 to 1675 for swaps, peptide YLQPRTFLL, weight CDR1a
2024-11-13 19:37:56,378 - INFO - Processing rows 1675 to 1700 for swaps, peptide YLQPRTFLL, weight CDR1a
2024-11-13 19:38:04,237 - INFO - Processing rows 1700 to 1725 for swaps, peptide YLQPRTFLL, weight CDR1a
2024-11-13 19:38:09,869 - INFO - Processing rows 1725 to 1750 for swaps, peptide YLQPRTFLL, weight CDR1a
2024-11-13 19:38:15,263 - INFO - Processing rows 1750 to 1775 for swaps, peptide YLQPRTFLL, weight CDR1a
2024-11-13 19:38:20,519 - INFO - Processing rows 1775 to 1800 for swaps, peptide YLQPRTFLL, weight CDR1a
2024-11-13 19:38:25,812 - INFO - Processing rows 1800 to 1825 for swaps, peptide YLQPRTFLL, weight CDR1a
2024-11-13 19:38:31,267 - INFO - Processing rows 1825 to 1850 for swaps, peptide YLQPRTFLL, weight CDR1a
2024-11-13 19:38:36,672 - INFO - Processing rows 1850 to 1875 for swaps, peptide YLQPRTFLL, weight CDR1a
2024-11-13 19:38:42,026 - INFO - Processing rows 1875 to 1900 for swaps, peptide YLQPRTFLL, weight CDR1a
2024-11-13 19:38:47,472 - INFO - Processing rows 1900 to 1925 for swaps, peptide YLQPRTFLL, weight CDR1a
2024-11-13 19:38:52,869 - INFO - Processing rows 1925 to 1950 for swaps, peptide YLQPRTFLL, weight CDR1a
2024-11-13 19:38:58,223 - INFO - Processing rows 1950 to 1975 for swaps, peptide YLQPRTFLL, weight CDR1a
2024-11-13 19:39:03,586 - INFO - Processing rows 1975 to 2000 for swaps, peptide YLQPRTFLL, weight CDR1a
2024-11-13 19:39:08,986 - INFO - Processing rows 2000 to 2025 for swaps, peptide YLQPRTFLL, weight CDR1a
2024-11-13 19:39:14,353 - INFO - Processing rows 2025 to 2050 for swaps, peptide YLQPRTFLL, weight CDR1a
2024-11-13 19:39:19,702 - INFO - Processing rows 2050 to 2075 for swaps, peptide YLQPRTFLL, weight CDR1a
2024-11-13 19:39:24,967 - INFO - Processing rows 2075 to 2100 for swaps, peptide YLQPRTFLL, weight CDR1a
2024-11-13 19:39:30,184 - INFO - Processing rows 2100 to 2125 for swaps, peptide YLQPRTFLL, weight CDR1a
2024-11-13 19:39:35,382 - INFO - Processing rows 2125 to 2150 for swaps, peptide YLQPRTFLL, weight CDR1a
2024-11-13 19:39:40,507 - INFO - Processing rows 2150 to 2175 for swaps, peptide YLQPRTFLL, weight CDR1a
2024-11-13 19:39:45,759 - INFO - Processing rows 2175 to 2200 for swaps, peptide YLQPRTFLL, weight CDR1a
2024-11-13 19:39:51,003 - INFO - Processing rows 2200 to 2225 for swaps, peptide YLQPRTFLL, weight CDR1a
2024-11-13 19:39:56,230 - INFO - Processing rows 2225 to 2250 for swaps, peptide YLQPRTFLL, weight CDR1a
2024-11-13 19:40:01,500 - INFO - Processing rows 2250 to 2275 for swaps, peptide YLQPRTFLL, weight CDR1a
2024-11-13 19:40:06,780 - INFO - Processing rows 2275 to 2300 for swaps, peptide YLQPRTFLL, weight CDR1a
2024-11-13 19:40:12,209 - INFO - Processing rows 2300 to 2325 for swaps, peptide YLQPRTFLL, weight CDR1a
2024-11-13 19:40:17,615 - INFO - Processing rows 2325 to 2350 for swaps, peptide YLQPRTFLL, weight CDR1a
2024-11-13 19:40:23,046 - INFO - Processing rows 2350 to 2375 for swaps, peptide YLQPRTFLL, weight CDR1a
2024-11-13 19:40:28,424 - INFO - Processing rows 2375 to 2394 for swaps, peptide YLQPRTFLL, weight CDR1a
Traceback (most recent call last):
  File "/net/mimer/mnt/tank/projects2/emison/language_model/27th_Oct_new_matrices/04.11_new_esm/12.11/run_esm_swaps.py", line 90, in <module>
    process_sequences(df_filtered, peptide, weight, "swaps")
  File "/net/mimer/mnt/tank/projects2/emison/language_model/27th_Oct_new_matrices/04.11_new_esm/12.11/run_esm_swaps.py", line 82, in process_sequences
    output_df.insert(0, "raw_index", raw_indexes)
  File "/home/projects2/emison/language_model/miniconda3/envs/esm2_emison/lib/python3.12/site-packages/pandas/core/frame.py", line 5171, in insert
    value, refs = self._sanitize_column(value)
                  ^^^^^^^^^^^^^^^^^^^^^^^^^^^^
  File "/home/projects2/emison/language_model/miniconda3/envs/esm2_emison/lib/python3.12/site-packages/pandas/core/frame.py", line 5266, in _sanitize_column
    com.require_length_match(value, self.index)
  File "/home/projects2/emison/language_model/miniconda3/envs/esm2_emison/lib/python3.12/site-packages/pandas/core/common.py", line 573, in require_length_match
    raise ValueError(
ValueError: Length of values (2394) does not match length of index (19)
