2024-11-14 07:59:16,137 - INFO - Loading and filtering dataset for peptide YLQPRTFLL
2024-11-14 07:59:16,199 - INFO - Processing dataset for peptide YLQPRTFLL with weight CDR2b
2024-11-14 07:59:16,201 - INFO - Processing rows 0 to 25 for binders, peptide YLQPRTFLL, weight CDR2b
2024-11-14 07:59:19,317 - INFO - Processing rows 25 to 50 for binders, peptide YLQPRTFLL, weight CDR2b
2024-11-14 07:59:22,286 - INFO - Processing rows 50 to 75 for binders, peptide YLQPRTFLL, weight CDR2b
2024-11-14 07:59:25,325 - INFO - Processing rows 75 to 100 for binders, peptide YLQPRTFLL, weight CDR2b
2024-11-14 07:59:28,327 - INFO - Processing rows 100 to 125 for binders, peptide YLQPRTFLL, weight CDR2b
2024-11-14 07:59:31,358 - INFO - Processing rows 125 to 150 for binders, peptide YLQPRTFLL, weight CDR2b
2024-11-14 07:59:34,343 - INFO - Processing rows 150 to 175 for binders, peptide YLQPRTFLL, weight CDR2b
2024-11-14 07:59:37,223 - INFO - Processing rows 175 to 200 for binders, peptide YLQPRTFLL, weight CDR2b
2024-11-14 07:59:40,026 - INFO - Processing rows 200 to 225 for binders, peptide YLQPRTFLL, weight CDR2b
2024-11-14 07:59:42,903 - INFO - Processing rows 225 to 250 for binders, peptide YLQPRTFLL, weight CDR2b
2024-11-14 07:59:45,693 - INFO - Processing rows 250 to 275 for binders, peptide YLQPRTFLL, weight CDR2b
2024-11-14 07:59:48,572 - INFO - Processing rows 275 to 300 for binders, peptide YLQPRTFLL, weight CDR2b
2024-11-14 07:59:51,410 - INFO - Processing rows 300 to 325 for binders, peptide YLQPRTFLL, weight CDR2b
2024-11-14 07:59:54,285 - INFO - Processing rows 325 to 350 for binders, peptide YLQPRTFLL, weight CDR2b
2024-11-14 07:59:57,010 - INFO - Processing rows 350 to 375 for binders, peptide YLQPRTFLL, weight CDR2b
2024-11-14 07:59:59,910 - INFO - Processing rows 375 to 399 for binders, peptide YLQPRTFLL, weight CDR2b
2024-11-14 08:00:04,326 - INFO - ESM finished - Saving file...
Traceback (most recent call last):
  File "/net/mimer/mnt/tank/projects2/emison/language_model/27th_Oct_new_matrices/04.11_new_esm/12.11/run_esm_binders.py", line 90, in <module>
    process_sequences(df_filtered, peptide, weight, "binders")
  File "/net/mimer/mnt/tank/projects2/emison/language_model/27th_Oct_new_matrices/04.11_new_esm/12.11/run_esm_binders.py", line 82, in process_sequences
    output_df.insert(0, "raw_index", raw_indexes)
  File "/home/projects2/emison/language_model/miniconda3/envs/esm2_emison/lib/python3.12/site-packages/pandas/core/frame.py", line 5171, in insert
    value, refs = self._sanitize_column(value)
                  ^^^^^^^^^^^^^^^^^^^^^^^^^^^^
  File "/home/projects2/emison/language_model/miniconda3/envs/esm2_emison/lib/python3.12/site-packages/pandas/core/frame.py", line 5266, in _sanitize_column
    com.require_length_match(value, self.index)
  File "/home/projects2/emison/language_model/miniconda3/envs/esm2_emison/lib/python3.12/site-packages/pandas/core/common.py", line 573, in require_length_match
    raise ValueError(
ValueError: Length of values (399) does not match length of index (24)
