2024-11-13 19:40:07,262 - INFO - Loading and filtering dataset for peptide YLQPRTFLL
2024-11-13 19:40:07,667 - INFO - Processing dataset for peptide YLQPRTFLL with weight TCRb
2024-11-13 19:40:07,669 - INFO - Processing rows 0 to 25 for swaps, peptide YLQPRTFLL, weight TCRb
2024-11-13 19:44:42,254 - INFO - Processing rows 25 to 50 for swaps, peptide YLQPRTFLL, weight TCRb
2024-11-13 19:49:35,330 - INFO - Processing rows 50 to 75 for swaps, peptide YLQPRTFLL, weight TCRb
2024-11-13 19:54:12,872 - INFO - Processing rows 75 to 100 for swaps, peptide YLQPRTFLL, weight TCRb
2024-11-13 19:58:56,297 - INFO - Processing rows 100 to 125 for swaps, peptide YLQPRTFLL, weight TCRb
2024-11-13 20:03:39,671 - INFO - Processing rows 125 to 150 for swaps, peptide YLQPRTFLL, weight TCRb
2024-11-13 20:08:02,137 - INFO - Processing rows 150 to 175 for swaps, peptide YLQPRTFLL, weight TCRb
2024-11-13 20:12:20,753 - INFO - Processing rows 175 to 200 for swaps, peptide YLQPRTFLL, weight TCRb
2024-11-13 20:17:00,491 - INFO - Processing rows 200 to 225 for swaps, peptide YLQPRTFLL, weight TCRb
2024-11-13 20:21:17,989 - INFO - Processing rows 225 to 250 for swaps, peptide YLQPRTFLL, weight TCRb
2024-11-13 20:26:00,348 - INFO - Processing rows 250 to 275 for swaps, peptide YLQPRTFLL, weight TCRb
2024-11-13 20:30:26,372 - INFO - Processing rows 275 to 300 for swaps, peptide YLQPRTFLL, weight TCRb
2024-11-13 20:34:57,768 - INFO - Processing rows 300 to 325 for swaps, peptide YLQPRTFLL, weight TCRb
2024-11-13 20:39:35,355 - INFO - Processing rows 325 to 350 for swaps, peptide YLQPRTFLL, weight TCRb
2024-11-13 20:44:12,926 - INFO - Processing rows 350 to 375 for swaps, peptide YLQPRTFLL, weight TCRb
2024-11-13 20:48:51,832 - INFO - Processing rows 375 to 400 for swaps, peptide YLQPRTFLL, weight TCRb
2024-11-13 20:53:28,288 - INFO - Processing rows 400 to 425 for swaps, peptide YLQPRTFLL, weight TCRb
2024-11-13 20:57:51,275 - INFO - Processing rows 425 to 450 for swaps, peptide YLQPRTFLL, weight TCRb
2024-11-13 21:02:28,518 - INFO - Processing rows 450 to 475 for swaps, peptide YLQPRTFLL, weight TCRb
2024-11-13 21:07:04,346 - INFO - Processing rows 475 to 500 for swaps, peptide YLQPRTFLL, weight TCRb
2024-11-13 21:11:41,798 - INFO - Processing rows 500 to 525 for swaps, peptide YLQPRTFLL, weight TCRb
2024-11-13 21:16:09,074 - INFO - Processing rows 525 to 550 for swaps, peptide YLQPRTFLL, weight TCRb
2024-11-13 21:20:49,790 - INFO - Processing rows 550 to 575 for swaps, peptide YLQPRTFLL, weight TCRb
2024-11-13 21:25:14,816 - INFO - Processing rows 575 to 600 for swaps, peptide YLQPRTFLL, weight TCRb
2024-11-13 21:29:52,496 - INFO - Processing rows 600 to 625 for swaps, peptide YLQPRTFLL, weight TCRb
2024-11-13 21:34:19,607 - INFO - Processing rows 625 to 650 for swaps, peptide YLQPRTFLL, weight TCRb
2024-11-13 21:38:57,912 - INFO - Processing rows 650 to 675 for swaps, peptide YLQPRTFLL, weight TCRb
2024-11-13 21:43:25,666 - INFO - Processing rows 675 to 700 for swaps, peptide YLQPRTFLL, weight TCRb
2024-11-13 21:48:06,468 - INFO - Processing rows 700 to 725 for swaps, peptide YLQPRTFLL, weight TCRb
2024-11-13 21:52:37,803 - INFO - Processing rows 725 to 750 for swaps, peptide YLQPRTFLL, weight TCRb
2024-11-13 21:57:00,388 - INFO - Processing rows 750 to 775 for swaps, peptide YLQPRTFLL, weight TCRb
2024-11-13 22:01:36,167 - INFO - Processing rows 775 to 800 for swaps, peptide YLQPRTFLL, weight TCRb
2024-11-13 22:06:04,397 - INFO - Processing rows 800 to 825 for swaps, peptide YLQPRTFLL, weight TCRb
2024-11-13 22:10:41,602 - INFO - Processing rows 825 to 850 for swaps, peptide YLQPRTFLL, weight TCRb
2024-11-13 22:15:12,495 - INFO - Processing rows 850 to 875 for swaps, peptide YLQPRTFLL, weight TCRb
2024-11-13 22:19:48,987 - INFO - Processing rows 875 to 900 for swaps, peptide YLQPRTFLL, weight TCRb
2024-11-13 22:24:30,367 - INFO - Processing rows 900 to 925 for swaps, peptide YLQPRTFLL, weight TCRb
2024-11-13 22:29:12,777 - INFO - Processing rows 925 to 950 for swaps, peptide YLQPRTFLL, weight TCRb
2024-11-13 22:33:35,463 - INFO - Processing rows 950 to 975 for swaps, peptide YLQPRTFLL, weight TCRb
2024-11-13 22:38:10,838 - INFO - Processing rows 975 to 1000 for swaps, peptide YLQPRTFLL, weight TCRb
2024-11-13 22:42:53,902 - INFO - Processing rows 1000 to 1025 for swaps, peptide YLQPRTFLL, weight TCRb
2024-11-13 22:47:02,531 - INFO - Processing rows 1025 to 1050 for swaps, peptide YLQPRTFLL, weight TCRb
2024-11-13 22:51:42,204 - INFO - Processing rows 1050 to 1075 for swaps, peptide YLQPRTFLL, weight TCRb
2024-11-13 22:56:15,096 - INFO - Processing rows 1075 to 1100 for swaps, peptide YLQPRTFLL, weight TCRb
2024-11-13 23:00:26,755 - INFO - Processing rows 1100 to 1125 for swaps, peptide YLQPRTFLL, weight TCRb
2024-11-13 23:04:53,031 - INFO - Processing rows 1125 to 1150 for swaps, peptide YLQPRTFLL, weight TCRb
2024-11-13 23:09:31,868 - INFO - Processing rows 1150 to 1175 for swaps, peptide YLQPRTFLL, weight TCRb
2024-11-13 23:14:13,130 - INFO - Processing rows 1175 to 1200 for swaps, peptide YLQPRTFLL, weight TCRb
2024-11-13 23:18:39,863 - INFO - Processing rows 1200 to 1225 for swaps, peptide YLQPRTFLL, weight TCRb
2024-11-13 23:23:20,737 - INFO - Processing rows 1225 to 1250 for swaps, peptide YLQPRTFLL, weight TCRb
2024-11-13 23:28:02,050 - INFO - Processing rows 1250 to 1275 for swaps, peptide YLQPRTFLL, weight TCRb
2024-11-13 23:32:35,144 - INFO - Processing rows 1275 to 1300 for swaps, peptide YLQPRTFLL, weight TCRb
2024-11-13 23:37:12,133 - INFO - Processing rows 1300 to 1325 for swaps, peptide YLQPRTFLL, weight TCRb
2024-11-13 23:41:53,162 - INFO - Processing rows 1325 to 1350 for swaps, peptide YLQPRTFLL, weight TCRb
2024-11-13 23:46:24,355 - INFO - Processing rows 1350 to 1375 for swaps, peptide YLQPRTFLL, weight TCRb
2024-11-13 23:51:02,521 - INFO - Processing rows 1375 to 1400 for swaps, peptide YLQPRTFLL, weight TCRb
2024-11-13 23:55:29,155 - INFO - Processing rows 1400 to 1425 for swaps, peptide YLQPRTFLL, weight TCRb
2024-11-14 00:00:05,077 - INFO - Processing rows 1425 to 1450 for swaps, peptide YLQPRTFLL, weight TCRb
2024-11-14 00:04:31,774 - INFO - Processing rows 1450 to 1475 for swaps, peptide YLQPRTFLL, weight TCRb
2024-11-14 00:09:08,606 - INFO - Processing rows 1475 to 1500 for swaps, peptide YLQPRTFLL, weight TCRb
2024-11-14 00:13:44,152 - INFO - Processing rows 1500 to 1525 for swaps, peptide YLQPRTFLL, weight TCRb
2024-11-14 00:18:08,258 - INFO - Processing rows 1525 to 1550 for swaps, peptide YLQPRTFLL, weight TCRb
2024-11-14 00:22:30,728 - INFO - Processing rows 1550 to 1575 for swaps, peptide YLQPRTFLL, weight TCRb
2024-11-14 00:27:08,379 - INFO - Processing rows 1575 to 1600 for swaps, peptide YLQPRTFLL, weight TCRb
2024-11-14 00:31:47,128 - INFO - Processing rows 1600 to 1625 for swaps, peptide YLQPRTFLL, weight TCRb
2024-11-14 00:36:02,886 - INFO - Processing rows 1625 to 1650 for swaps, peptide YLQPRTFLL, weight TCRb
2024-11-14 00:40:40,545 - INFO - Processing rows 1650 to 1675 for swaps, peptide YLQPRTFLL, weight TCRb
2024-11-14 00:45:15,402 - INFO - Processing rows 1675 to 1700 for swaps, peptide YLQPRTFLL, weight TCRb
2024-11-14 00:49:53,770 - INFO - Processing rows 1700 to 1725 for swaps, peptide YLQPRTFLL, weight TCRb
2024-11-14 00:54:18,471 - INFO - Processing rows 1725 to 1750 for swaps, peptide YLQPRTFLL, weight TCRb
2024-11-14 00:58:32,931 - INFO - Processing rows 1750 to 1775 for swaps, peptide YLQPRTFLL, weight TCRb
2024-11-14 01:03:11,247 - INFO - Processing rows 1775 to 1800 for swaps, peptide YLQPRTFLL, weight TCRb
2024-11-14 01:07:48,644 - INFO - Processing rows 1800 to 1825 for swaps, peptide YLQPRTFLL, weight TCRb
2024-11-14 01:12:23,847 - INFO - Processing rows 1825 to 1850 for swaps, peptide YLQPRTFLL, weight TCRb
2024-11-14 01:17:00,982 - INFO - Processing rows 1850 to 1875 for swaps, peptide YLQPRTFLL, weight TCRb
2024-11-14 01:21:19,698 - INFO - Processing rows 1875 to 1900 for swaps, peptide YLQPRTFLL, weight TCRb
2024-11-14 01:25:42,894 - INFO - Processing rows 1900 to 1925 for swaps, peptide YLQPRTFLL, weight TCRb
2024-11-14 01:30:18,548 - INFO - Processing rows 1925 to 1950 for swaps, peptide YLQPRTFLL, weight TCRb
2024-11-14 01:34:45,896 - INFO - Processing rows 1950 to 1975 for swaps, peptide YLQPRTFLL, weight TCRb
2024-11-14 01:39:09,026 - INFO - Processing rows 1975 to 2000 for swaps, peptide YLQPRTFLL, weight TCRb
2024-11-14 01:43:35,953 - INFO - Processing rows 2000 to 2025 for swaps, peptide YLQPRTFLL, weight TCRb
2024-11-14 01:48:11,490 - INFO - Processing rows 2025 to 2050 for swaps, peptide YLQPRTFLL, weight TCRb
2024-11-14 01:52:57,596 - INFO - Processing rows 2050 to 2075 for swaps, peptide YLQPRTFLL, weight TCRb
2024-11-14 01:57:12,664 - INFO - Processing rows 2075 to 2100 for swaps, peptide YLQPRTFLL, weight TCRb
2024-11-14 02:01:49,666 - INFO - Processing rows 2100 to 2125 for swaps, peptide YLQPRTFLL, weight TCRb
2024-11-14 02:06:12,226 - INFO - Processing rows 2125 to 2150 for swaps, peptide YLQPRTFLL, weight TCRb
2024-11-14 02:10:37,927 - INFO - Processing rows 2150 to 2175 for swaps, peptide YLQPRTFLL, weight TCRb
2024-11-14 02:15:11,526 - INFO - Processing rows 2175 to 2200 for swaps, peptide YLQPRTFLL, weight TCRb
2024-11-14 02:19:47,969 - INFO - Processing rows 2200 to 2225 for swaps, peptide YLQPRTFLL, weight TCRb
2024-11-14 02:24:05,879 - INFO - Processing rows 2225 to 2250 for swaps, peptide YLQPRTFLL, weight TCRb
2024-11-14 02:28:17,239 - INFO - Processing rows 2250 to 2275 for swaps, peptide YLQPRTFLL, weight TCRb
2024-11-14 02:33:00,176 - INFO - Processing rows 2275 to 2300 for swaps, peptide YLQPRTFLL, weight TCRb
2024-11-14 02:37:42,128 - INFO - Processing rows 2300 to 2325 for swaps, peptide YLQPRTFLL, weight TCRb
2024-11-14 02:42:19,274 - INFO - Processing rows 2325 to 2350 for swaps, peptide YLQPRTFLL, weight TCRb
2024-11-14 02:46:58,954 - INFO - Processing rows 2350 to 2375 for swaps, peptide YLQPRTFLL, weight TCRb
2024-11-14 02:51:38,038 - INFO - Processing rows 2375 to 2394 for swaps, peptide YLQPRTFLL, weight TCRb
Traceback (most recent call last):
  File "/net/mimer/mnt/tank/projects2/emison/language_model/27th_Oct_new_matrices/04.11_new_esm/12.11/run_esm_swaps.py", line 90, in <module>
    process_sequences(df_filtered, peptide, weight, "swaps")
  File "/net/mimer/mnt/tank/projects2/emison/language_model/27th_Oct_new_matrices/04.11_new_esm/12.11/run_esm_swaps.py", line 82, in process_sequences
    output_df.insert(0, "raw_index", raw_indexes)
  File "/home/projects2/emison/language_model/miniconda3/envs/esm2_emison/lib/python3.12/site-packages/pandas/core/frame.py", line 5171, in insert
    value, refs = self._sanitize_column(value)
                  ^^^^^^^^^^^^^^^^^^^^^^^^^^^^
  File "/home/projects2/emison/language_model/miniconda3/envs/esm2_emison/lib/python3.12/site-packages/pandas/core/frame.py", line 5266, in _sanitize_column
    com.require_length_match(value, self.index)
  File "/home/projects2/emison/language_model/miniconda3/envs/esm2_emison/lib/python3.12/site-packages/pandas/core/common.py", line 573, in require_length_match
    raise ValueError(
ValueError: Length of values (2394) does not match length of index (19)
