2024-11-14 08:43:46,476 - INFO - Loading and filtering dataset for peptide YLQPRTFLL
2024-11-14 08:43:46,807 - INFO - Processing dataset for peptide YLQPRTFLL with weight CDR2b
2024-11-14 08:43:46,808 - INFO - Processing rows 0 to 25 for swaps, peptide YLQPRTFLL, weight CDR2b
2024-11-14 08:43:50,100 - INFO - Processing rows 25 to 50 for swaps, peptide YLQPRTFLL, weight CDR2b
2024-11-14 08:43:53,382 - INFO - Processing rows 50 to 75 for swaps, peptide YLQPRTFLL, weight CDR2b
2024-11-14 08:43:56,612 - INFO - Processing rows 75 to 100 for swaps, peptide YLQPRTFLL, weight CDR2b
2024-11-14 08:43:59,736 - INFO - Processing rows 100 to 125 for swaps, peptide YLQPRTFLL, weight CDR2b
2024-11-14 08:44:02,862 - INFO - Processing rows 125 to 150 for swaps, peptide YLQPRTFLL, weight CDR2b
2024-11-14 08:44:05,958 - INFO - Processing rows 150 to 175 for swaps, peptide YLQPRTFLL, weight CDR2b
2024-11-14 08:44:09,074 - INFO - Processing rows 175 to 200 for swaps, peptide YLQPRTFLL, weight CDR2b
2024-11-14 08:44:12,204 - INFO - Processing rows 200 to 225 for swaps, peptide YLQPRTFLL, weight CDR2b
2024-11-14 08:44:15,787 - INFO - Processing rows 225 to 250 for swaps, peptide YLQPRTFLL, weight CDR2b
2024-11-14 08:44:18,994 - INFO - Processing rows 250 to 275 for swaps, peptide YLQPRTFLL, weight CDR2b
2024-11-14 08:44:22,682 - INFO - Processing rows 275 to 300 for swaps, peptide YLQPRTFLL, weight CDR2b
2024-11-14 08:44:26,703 - INFO - Processing rows 300 to 325 for swaps, peptide YLQPRTFLL, weight CDR2b
2024-11-14 08:44:30,657 - INFO - Processing rows 325 to 350 for swaps, peptide YLQPRTFLL, weight CDR2b
2024-11-14 08:44:33,924 - INFO - Processing rows 350 to 375 for swaps, peptide YLQPRTFLL, weight CDR2b
2024-11-14 08:44:37,179 - INFO - Processing rows 375 to 400 for swaps, peptide YLQPRTFLL, weight CDR2b
2024-11-14 08:44:40,419 - INFO - Processing rows 400 to 425 for swaps, peptide YLQPRTFLL, weight CDR2b
2024-11-14 08:44:43,722 - INFO - Processing rows 425 to 450 for swaps, peptide YLQPRTFLL, weight CDR2b
2024-11-14 08:44:46,936 - INFO - Processing rows 450 to 475 for swaps, peptide YLQPRTFLL, weight CDR2b
2024-11-14 08:44:50,223 - INFO - Processing rows 475 to 500 for swaps, peptide YLQPRTFLL, weight CDR2b
2024-11-14 08:44:53,618 - INFO - Processing rows 500 to 525 for swaps, peptide YLQPRTFLL, weight CDR2b
2024-11-14 08:44:56,877 - INFO - Processing rows 525 to 550 for swaps, peptide YLQPRTFLL, weight CDR2b
2024-11-14 08:45:00,265 - INFO - Processing rows 550 to 575 for swaps, peptide YLQPRTFLL, weight CDR2b
2024-11-14 08:45:03,568 - INFO - Processing rows 575 to 600 for swaps, peptide YLQPRTFLL, weight CDR2b
2024-11-14 08:45:07,042 - INFO - Processing rows 600 to 625 for swaps, peptide YLQPRTFLL, weight CDR2b
2024-11-14 08:45:10,254 - INFO - Processing rows 625 to 650 for swaps, peptide YLQPRTFLL, weight CDR2b
2024-11-14 08:45:13,457 - INFO - Processing rows 650 to 675 for swaps, peptide YLQPRTFLL, weight CDR2b
2024-11-14 08:45:16,826 - INFO - Processing rows 675 to 700 for swaps, peptide YLQPRTFLL, weight CDR2b
2024-11-14 08:45:20,207 - INFO - Processing rows 700 to 725 for swaps, peptide YLQPRTFLL, weight CDR2b
2024-11-14 08:45:23,593 - INFO - Processing rows 725 to 750 for swaps, peptide YLQPRTFLL, weight CDR2b
2024-11-14 08:45:27,005 - INFO - Processing rows 750 to 775 for swaps, peptide YLQPRTFLL, weight CDR2b
2024-11-14 08:45:30,465 - INFO - Processing rows 775 to 800 for swaps, peptide YLQPRTFLL, weight CDR2b
2024-11-14 08:45:34,253 - INFO - Processing rows 800 to 825 for swaps, peptide YLQPRTFLL, weight CDR2b
2024-11-14 08:45:40,335 - INFO - Processing rows 825 to 850 for swaps, peptide YLQPRTFLL, weight CDR2b
2024-11-14 08:45:43,597 - INFO - Processing rows 850 to 875 for swaps, peptide YLQPRTFLL, weight CDR2b
2024-11-14 08:45:46,911 - INFO - Processing rows 875 to 900 for swaps, peptide YLQPRTFLL, weight CDR2b
2024-11-14 08:45:50,151 - INFO - Processing rows 900 to 925 for swaps, peptide YLQPRTFLL, weight CDR2b
2024-11-14 08:45:54,210 - INFO - Processing rows 925 to 950 for swaps, peptide YLQPRTFLL, weight CDR2b
2024-11-14 08:45:59,421 - INFO - Processing rows 950 to 975 for swaps, peptide YLQPRTFLL, weight CDR2b
2024-11-14 08:46:05,216 - INFO - Processing rows 975 to 1000 for swaps, peptide YLQPRTFLL, weight CDR2b
2024-11-14 08:46:10,756 - INFO - Processing rows 1000 to 1025 for swaps, peptide YLQPRTFLL, weight CDR2b
2024-11-14 08:46:13,664 - INFO - Processing rows 1025 to 1050 for swaps, peptide YLQPRTFLL, weight CDR2b
2024-11-14 08:46:16,993 - INFO - Processing rows 1050 to 1075 for swaps, peptide YLQPRTFLL, weight CDR2b
2024-11-14 08:46:20,368 - INFO - Processing rows 1075 to 1100 for swaps, peptide YLQPRTFLL, weight CDR2b
2024-11-14 08:46:23,402 - INFO - Processing rows 1100 to 1125 for swaps, peptide YLQPRTFLL, weight CDR2b
2024-11-14 08:46:26,725 - INFO - Processing rows 1125 to 1150 for swaps, peptide YLQPRTFLL, weight CDR2b
2024-11-14 08:46:30,237 - INFO - Processing rows 1150 to 1175 for swaps, peptide YLQPRTFLL, weight CDR2b
2024-11-14 08:46:33,750 - INFO - Processing rows 1175 to 1200 for swaps, peptide YLQPRTFLL, weight CDR2b
2024-11-14 08:46:37,124 - INFO - Processing rows 1200 to 1225 for swaps, peptide YLQPRTFLL, weight CDR2b
2024-11-14 08:46:41,182 - INFO - Processing rows 1225 to 1250 for swaps, peptide YLQPRTFLL, weight CDR2b
2024-11-14 08:46:44,640 - INFO - Processing rows 1250 to 1275 for swaps, peptide YLQPRTFLL, weight CDR2b
2024-11-14 08:46:47,998 - INFO - Processing rows 1275 to 1300 for swaps, peptide YLQPRTFLL, weight CDR2b
2024-11-14 08:46:51,458 - INFO - Processing rows 1300 to 1325 for swaps, peptide YLQPRTFLL, weight CDR2b
2024-11-14 08:46:54,860 - INFO - Processing rows 1325 to 1350 for swaps, peptide YLQPRTFLL, weight CDR2b
2024-11-14 08:46:58,345 - INFO - Processing rows 1350 to 1375 for swaps, peptide YLQPRTFLL, weight CDR2b
2024-11-14 08:47:01,835 - INFO - Processing rows 1375 to 1400 for swaps, peptide YLQPRTFLL, weight CDR2b
2024-11-14 08:47:05,242 - INFO - Processing rows 1400 to 1425 for swaps, peptide YLQPRTFLL, weight CDR2b
2024-11-14 08:47:09,583 - INFO - Processing rows 1425 to 1450 for swaps, peptide YLQPRTFLL, weight CDR2b
2024-11-14 08:47:15,665 - INFO - Processing rows 1450 to 1475 for swaps, peptide YLQPRTFLL, weight CDR2b
2024-11-14 08:47:21,586 - INFO - Processing rows 1475 to 1500 for swaps, peptide YLQPRTFLL, weight CDR2b
2024-11-14 08:47:26,171 - INFO - Processing rows 1500 to 1525 for swaps, peptide YLQPRTFLL, weight CDR2b
2024-11-14 08:47:29,505 - INFO - Processing rows 1525 to 1550 for swaps, peptide YLQPRTFLL, weight CDR2b
2024-11-14 08:47:32,943 - INFO - Processing rows 1550 to 1575 for swaps, peptide YLQPRTFLL, weight CDR2b
2024-11-14 08:47:36,365 - INFO - Processing rows 1575 to 1600 for swaps, peptide YLQPRTFLL, weight CDR2b
2024-11-14 08:47:39,679 - INFO - Processing rows 1600 to 1625 for swaps, peptide YLQPRTFLL, weight CDR2b
2024-11-14 08:47:42,761 - INFO - Processing rows 1625 to 1650 for swaps, peptide YLQPRTFLL, weight CDR2b
2024-11-14 08:47:46,104 - INFO - Processing rows 1650 to 1675 for swaps, peptide YLQPRTFLL, weight CDR2b
2024-11-14 08:47:49,355 - INFO - Processing rows 1675 to 1700 for swaps, peptide YLQPRTFLL, weight CDR2b
2024-11-14 08:47:52,998 - INFO - Processing rows 1700 to 1725 for swaps, peptide YLQPRTFLL, weight CDR2b
2024-11-14 08:47:56,363 - INFO - Processing rows 1725 to 1750 for swaps, peptide YLQPRTFLL, weight CDR2b
2024-11-14 08:47:59,898 - INFO - Processing rows 1750 to 1775 for swaps, peptide YLQPRTFLL, weight CDR2b
2024-11-14 08:48:03,381 - INFO - Processing rows 1775 to 1800 for swaps, peptide YLQPRTFLL, weight CDR2b
2024-11-14 08:48:06,878 - INFO - Processing rows 1800 to 1825 for swaps, peptide YLQPRTFLL, weight CDR2b
2024-11-14 08:48:10,433 - INFO - Processing rows 1825 to 1850 for swaps, peptide YLQPRTFLL, weight CDR2b
2024-11-14 08:48:13,941 - INFO - Processing rows 1850 to 1875 for swaps, peptide YLQPRTFLL, weight CDR2b
2024-11-14 08:48:17,513 - INFO - Processing rows 1875 to 1900 for swaps, peptide YLQPRTFLL, weight CDR2b
2024-11-14 08:48:21,901 - INFO - Processing rows 1900 to 1925 for swaps, peptide YLQPRTFLL, weight CDR2b
2024-11-14 08:48:25,571 - INFO - Processing rows 1925 to 1950 for swaps, peptide YLQPRTFLL, weight CDR2b
2024-11-14 08:48:28,984 - INFO - Processing rows 1950 to 1975 for swaps, peptide YLQPRTFLL, weight CDR2b
2024-11-14 08:48:32,329 - INFO - Processing rows 1975 to 2000 for swaps, peptide YLQPRTFLL, weight CDR2b
2024-11-14 08:48:35,717 - INFO - Processing rows 2000 to 2025 for swaps, peptide YLQPRTFLL, weight CDR2b
2024-11-14 08:48:39,126 - INFO - Processing rows 2025 to 2050 for swaps, peptide YLQPRTFLL, weight CDR2b
2024-11-14 08:48:42,491 - INFO - Processing rows 2050 to 2075 for swaps, peptide YLQPRTFLL, weight CDR2b
2024-11-14 08:48:45,833 - INFO - Processing rows 2075 to 2100 for swaps, peptide YLQPRTFLL, weight CDR2b
2024-11-14 08:48:48,866 - INFO - Processing rows 2100 to 2125 for swaps, peptide YLQPRTFLL, weight CDR2b
2024-11-14 08:48:52,181 - INFO - Processing rows 2125 to 2150 for swaps, peptide YLQPRTFLL, weight CDR2b
2024-11-14 08:48:55,418 - INFO - Processing rows 2150 to 2175 for swaps, peptide YLQPRTFLL, weight CDR2b
2024-11-14 08:48:58,622 - INFO - Processing rows 2175 to 2200 for swaps, peptide YLQPRTFLL, weight CDR2b
2024-11-14 08:49:01,804 - INFO - Processing rows 2200 to 2225 for swaps, peptide YLQPRTFLL, weight CDR2b
2024-11-14 08:49:05,422 - INFO - Processing rows 2225 to 2250 for swaps, peptide YLQPRTFLL, weight CDR2b
2024-11-14 08:49:08,857 - INFO - Processing rows 2250 to 2275 for swaps, peptide YLQPRTFLL, weight CDR2b
2024-11-14 08:49:12,002 - INFO - Processing rows 2275 to 2300 for swaps, peptide YLQPRTFLL, weight CDR2b
2024-11-14 08:49:15,201 - INFO - Processing rows 2300 to 2325 for swaps, peptide YLQPRTFLL, weight CDR2b
2024-11-14 08:49:18,492 - INFO - Processing rows 2325 to 2350 for swaps, peptide YLQPRTFLL, weight CDR2b
2024-11-14 08:49:22,271 - INFO - Processing rows 2350 to 2375 for swaps, peptide YLQPRTFLL, weight CDR2b
2024-11-14 08:49:27,098 - INFO - Processing rows 2375 to 2394 for swaps, peptide YLQPRTFLL, weight CDR2b
2024-11-14 08:49:30,010 - INFO - ESM finished.. Saving file...
2024-11-14 08:56:01,427 - INFO - Saved to /net/mimer/mnt/tank/projects2/emison/language_model/27th_Oct_new_matrices/04.11_new_esm/12.11/sequence_summed_vectors_swaps_YLQPRTFLL_CDR2b.csv
