2024-11-14 08:50:17,495 - INFO - Loading and filtering dataset for peptide YLQPRTFLL
2024-11-14 08:50:17,823 - INFO - Processing dataset for peptide YLQPRTFLL with weight TCRa
2024-11-14 08:50:17,825 - INFO - Processing rows 0 to 25 for swaps, peptide YLQPRTFLL, weight TCRa
2024-11-14 08:53:07,695 - INFO - Processing rows 25 to 50 for swaps, peptide YLQPRTFLL, weight TCRa
2024-11-14 08:55:51,867 - INFO - Processing rows 50 to 75 for swaps, peptide YLQPRTFLL, weight TCRa
2024-11-14 08:58:27,560 - INFO - Processing rows 75 to 100 for swaps, peptide YLQPRTFLL, weight TCRa
2024-11-14 09:01:00,482 - INFO - Processing rows 100 to 125 for swaps, peptide YLQPRTFLL, weight TCRa
2024-11-14 09:03:26,243 - INFO - Processing rows 125 to 150 for swaps, peptide YLQPRTFLL, weight TCRa
2024-11-14 09:05:46,965 - INFO - Processing rows 150 to 175 for swaps, peptide YLQPRTFLL, weight TCRa
2024-11-14 09:08:26,019 - INFO - Processing rows 175 to 200 for swaps, peptide YLQPRTFLL, weight TCRa
2024-11-14 09:11:12,017 - INFO - Processing rows 200 to 225 for swaps, peptide YLQPRTFLL, weight TCRa
2024-11-14 09:14:11,645 - INFO - Processing rows 225 to 250 for swaps, peptide YLQPRTFLL, weight TCRa
2024-11-14 09:18:46,686 - INFO - Processing rows 250 to 275 for swaps, peptide YLQPRTFLL, weight TCRa
2024-11-14 09:23:26,295 - INFO - Processing rows 275 to 300 for swaps, peptide YLQPRTFLL, weight TCRa
2024-11-14 09:26:34,557 - INFO - Processing rows 300 to 325 for swaps, peptide YLQPRTFLL, weight TCRa
2024-11-14 09:29:10,460 - INFO - Processing rows 325 to 350 for swaps, peptide YLQPRTFLL, weight TCRa
2024-11-14 09:32:07,890 - INFO - Processing rows 350 to 375 for swaps, peptide YLQPRTFLL, weight TCRa
2024-11-14 09:34:47,325 - INFO - Processing rows 375 to 400 for swaps, peptide YLQPRTFLL, weight TCRa
2024-11-14 09:37:37,881 - INFO - Processing rows 400 to 425 for swaps, peptide YLQPRTFLL, weight TCRa
2024-11-14 09:40:34,028 - INFO - Processing rows 425 to 450 for swaps, peptide YLQPRTFLL, weight TCRa
2024-11-14 09:43:43,263 - INFO - Processing rows 450 to 475 for swaps, peptide YLQPRTFLL, weight TCRa
2024-11-14 09:46:45,178 - INFO - Processing rows 475 to 500 for swaps, peptide YLQPRTFLL, weight TCRa
2024-11-14 09:49:47,168 - INFO - Processing rows 500 to 525 for swaps, peptide YLQPRTFLL, weight TCRa
2024-11-14 09:52:44,791 - INFO - Processing rows 525 to 550 for swaps, peptide YLQPRTFLL, weight TCRa
2024-11-14 09:55:47,703 - INFO - Processing rows 550 to 575 for swaps, peptide YLQPRTFLL, weight TCRa
2024-11-14 09:58:54,496 - INFO - Processing rows 575 to 600 for swaps, peptide YLQPRTFLL, weight TCRa
2024-11-14 10:02:07,760 - INFO - Processing rows 600 to 625 for swaps, peptide YLQPRTFLL, weight TCRa
2024-11-14 10:05:19,923 - INFO - Processing rows 625 to 650 for swaps, peptide YLQPRTFLL, weight TCRa
2024-11-14 10:08:49,210 - INFO - Processing rows 650 to 675 for swaps, peptide YLQPRTFLL, weight TCRa
2024-11-14 10:11:50,062 - INFO - Processing rows 675 to 700 for swaps, peptide YLQPRTFLL, weight TCRa
2024-11-14 10:14:42,219 - INFO - Processing rows 700 to 725 for swaps, peptide YLQPRTFLL, weight TCRa
2024-11-14 10:17:37,876 - INFO - Processing rows 725 to 750 for swaps, peptide YLQPRTFLL, weight TCRa
2024-11-14 10:20:23,096 - INFO - Processing rows 750 to 775 for swaps, peptide YLQPRTFLL, weight TCRa
2024-11-14 10:23:02,357 - INFO - Processing rows 775 to 800 for swaps, peptide YLQPRTFLL, weight TCRa
2024-11-14 10:25:24,476 - INFO - Processing rows 800 to 825 for swaps, peptide YLQPRTFLL, weight TCRa
2024-11-14 10:28:03,412 - INFO - Processing rows 825 to 850 for swaps, peptide YLQPRTFLL, weight TCRa
2024-11-14 10:30:57,741 - INFO - Processing rows 850 to 875 for swaps, peptide YLQPRTFLL, weight TCRa
2024-11-14 10:34:20,251 - INFO - Processing rows 875 to 900 for swaps, peptide YLQPRTFLL, weight TCRa
2024-11-14 10:37:29,017 - INFO - Processing rows 900 to 925 for swaps, peptide YLQPRTFLL, weight TCRa
2024-11-14 10:40:33,320 - INFO - Processing rows 925 to 950 for swaps, peptide YLQPRTFLL, weight TCRa
2024-11-14 10:43:34,375 - INFO - Processing rows 950 to 975 for swaps, peptide YLQPRTFLL, weight TCRa
2024-11-14 10:46:32,424 - INFO - Processing rows 975 to 1000 for swaps, peptide YLQPRTFLL, weight TCRa
2024-11-14 10:49:37,205 - INFO - Processing rows 1000 to 1025 for swaps, peptide YLQPRTFLL, weight TCRa
2024-11-14 10:52:29,643 - INFO - Processing rows 1025 to 1050 for swaps, peptide YLQPRTFLL, weight TCRa
2024-11-14 10:55:11,314 - INFO - Processing rows 1050 to 1075 for swaps, peptide YLQPRTFLL, weight TCRa
2024-11-14 10:57:50,552 - INFO - Processing rows 1075 to 1100 for swaps, peptide YLQPRTFLL, weight TCRa
2024-11-14 11:00:19,438 - INFO - Processing rows 1100 to 1125 for swaps, peptide YLQPRTFLL, weight TCRa
2024-11-14 11:02:46,702 - INFO - Processing rows 1125 to 1150 for swaps, peptide YLQPRTFLL, weight TCRa
2024-11-14 11:05:21,331 - INFO - Processing rows 1150 to 1175 for swaps, peptide YLQPRTFLL, weight TCRa
2024-11-14 11:08:01,080 - INFO - Processing rows 1175 to 1200 for swaps, peptide YLQPRTFLL, weight TCRa
2024-11-14 11:10:29,373 - INFO - Processing rows 1200 to 1225 for swaps, peptide YLQPRTFLL, weight TCRa
2024-11-14 11:13:02,921 - INFO - Processing rows 1225 to 1250 for swaps, peptide YLQPRTFLL, weight TCRa
2024-11-14 11:15:22,215 - INFO - Processing rows 1250 to 1275 for swaps, peptide YLQPRTFLL, weight TCRa
2024-11-14 11:17:51,081 - INFO - Processing rows 1275 to 1300 for swaps, peptide YLQPRTFLL, weight TCRa
2024-11-14 11:20:28,874 - INFO - Processing rows 1300 to 1325 for swaps, peptide YLQPRTFLL, weight TCRa
2024-11-14 11:22:57,004 - INFO - Processing rows 1325 to 1350 for swaps, peptide YLQPRTFLL, weight TCRa
2024-11-14 11:25:20,024 - INFO - Processing rows 1350 to 1375 for swaps, peptide YLQPRTFLL, weight TCRa
2024-11-14 11:27:55,810 - INFO - Processing rows 1375 to 1400 for swaps, peptide YLQPRTFLL, weight TCRa
2024-11-14 11:30:31,447 - INFO - Processing rows 1400 to 1425 for swaps, peptide YLQPRTFLL, weight TCRa
2024-11-14 11:32:56,136 - INFO - Processing rows 1425 to 1450 for swaps, peptide YLQPRTFLL, weight TCRa
2024-11-14 11:35:18,008 - INFO - Processing rows 1450 to 1475 for swaps, peptide YLQPRTFLL, weight TCRa
2024-11-14 11:37:39,157 - INFO - Processing rows 1475 to 1500 for swaps, peptide YLQPRTFLL, weight TCRa
2024-11-14 11:39:57,381 - INFO - Processing rows 1500 to 1525 for swaps, peptide YLQPRTFLL, weight TCRa
2024-11-14 11:42:16,233 - INFO - Processing rows 1525 to 1550 for swaps, peptide YLQPRTFLL, weight TCRa
2024-11-14 11:44:35,991 - INFO - Processing rows 1550 to 1575 for swaps, peptide YLQPRTFLL, weight TCRa
2024-11-14 11:46:55,730 - INFO - Processing rows 1575 to 1600 for swaps, peptide YLQPRTFLL, weight TCRa
2024-11-14 11:49:10,606 - INFO - Processing rows 1600 to 1625 for swaps, peptide YLQPRTFLL, weight TCRa
2024-11-14 11:51:25,145 - INFO - Processing rows 1625 to 1650 for swaps, peptide YLQPRTFLL, weight TCRa
2024-11-14 11:53:44,456 - INFO - Processing rows 1650 to 1675 for swaps, peptide YLQPRTFLL, weight TCRa
2024-11-14 11:56:03,123 - INFO - Processing rows 1675 to 1700 for swaps, peptide YLQPRTFLL, weight TCRa
2024-11-14 11:58:29,688 - INFO - Processing rows 1700 to 1725 for swaps, peptide YLQPRTFLL, weight TCRa
2024-11-14 12:00:50,947 - INFO - Processing rows 1725 to 1750 for swaps, peptide YLQPRTFLL, weight TCRa
2024-11-14 12:03:13,341 - INFO - Processing rows 1750 to 1775 for swaps, peptide YLQPRTFLL, weight TCRa
2024-11-14 12:05:34,472 - INFO - Processing rows 1775 to 1800 for swaps, peptide YLQPRTFLL, weight TCRa
2024-11-14 12:08:01,445 - INFO - Processing rows 1800 to 1825 for swaps, peptide YLQPRTFLL, weight TCRa
2024-11-14 12:10:25,942 - INFO - Processing rows 1825 to 1850 for swaps, peptide YLQPRTFLL, weight TCRa
2024-11-14 12:13:01,817 - INFO - Processing rows 1850 to 1875 for swaps, peptide YLQPRTFLL, weight TCRa
2024-11-14 12:15:41,858 - INFO - Processing rows 1875 to 1900 for swaps, peptide YLQPRTFLL, weight TCRa
2024-11-14 12:18:27,485 - INFO - Processing rows 1900 to 1925 for swaps, peptide YLQPRTFLL, weight TCRa
2024-11-14 12:21:04,845 - INFO - Processing rows 1925 to 1950 for swaps, peptide YLQPRTFLL, weight TCRa
2024-11-14 12:23:35,415 - INFO - Processing rows 1950 to 1975 for swaps, peptide YLQPRTFLL, weight TCRa
2024-11-14 12:25:59,146 - INFO - Processing rows 1975 to 2000 for swaps, peptide YLQPRTFLL, weight TCRa
2024-11-14 12:28:23,040 - INFO - Processing rows 2000 to 2025 for swaps, peptide YLQPRTFLL, weight TCRa
2024-11-14 12:30:42,987 - INFO - Processing rows 2025 to 2050 for swaps, peptide YLQPRTFLL, weight TCRa
2024-11-14 12:33:06,742 - INFO - Processing rows 2050 to 2075 for swaps, peptide YLQPRTFLL, weight TCRa
2024-11-14 12:35:27,786 - INFO - Processing rows 2075 to 2100 for swaps, peptide YLQPRTFLL, weight TCRa
2024-11-14 12:37:53,355 - INFO - Processing rows 2100 to 2125 for swaps, peptide YLQPRTFLL, weight TCRa
2024-11-14 12:40:07,726 - INFO - Processing rows 2125 to 2150 for swaps, peptide YLQPRTFLL, weight TCRa
2024-11-14 12:42:27,876 - INFO - Processing rows 2150 to 2175 for swaps, peptide YLQPRTFLL, weight TCRa
2024-11-14 12:44:31,323 - INFO - Processing rows 2175 to 2200 for swaps, peptide YLQPRTFLL, weight TCRa
2024-11-14 12:46:42,043 - INFO - Processing rows 2200 to 2225 for swaps, peptide YLQPRTFLL, weight TCRa
2024-11-14 12:48:59,805 - INFO - Processing rows 2225 to 2250 for swaps, peptide YLQPRTFLL, weight TCRa
2024-11-14 12:51:15,216 - INFO - Processing rows 2250 to 2275 for swaps, peptide YLQPRTFLL, weight TCRa
2024-11-14 12:53:41,457 - INFO - Processing rows 2275 to 2300 for swaps, peptide YLQPRTFLL, weight TCRa
2024-11-14 12:55:52,747 - INFO - Processing rows 2300 to 2325 for swaps, peptide YLQPRTFLL, weight TCRa
2024-11-14 12:57:59,858 - INFO - Processing rows 2325 to 2350 for swaps, peptide YLQPRTFLL, weight TCRa
2024-11-14 13:00:02,948 - INFO - Processing rows 2350 to 2375 for swaps, peptide YLQPRTFLL, weight TCRa
2024-11-14 13:02:14,320 - INFO - Processing rows 2375 to 2394 for swaps, peptide YLQPRTFLL, weight TCRa
2024-11-14 13:03:52,961 - INFO - ESM finished.. Saving file...
2024-11-14 13:07:34,525 - INFO - Saved to /net/mimer/mnt/tank/projects2/emison/language_model/27th_Oct_new_matrices/04.11_new_esm/12.11/sequence_summed_vectors_swaps_YLQPRTFLL_TCRa.csv
