2024-11-13 19:33:10,910 - INFO - Loading and filtering dataset for peptide YLQPRTFLL
2024-11-13 19:33:11,305 - INFO - Processing dataset for peptide YLQPRTFLL with weight CDR2b
2024-11-13 19:33:11,307 - INFO - Processing rows 0 to 25 for swaps, peptide YLQPRTFLL, weight CDR2b
2024-11-13 19:33:14,257 - INFO - Processing rows 25 to 50 for swaps, peptide YLQPRTFLL, weight CDR2b
2024-11-13 19:33:17,243 - INFO - Processing rows 50 to 75 for swaps, peptide YLQPRTFLL, weight CDR2b
2024-11-13 19:33:20,169 - INFO - Processing rows 75 to 100 for swaps, peptide YLQPRTFLL, weight CDR2b
2024-11-13 19:33:23,162 - INFO - Processing rows 100 to 125 for swaps, peptide YLQPRTFLL, weight CDR2b
2024-11-13 19:33:26,152 - INFO - Processing rows 125 to 150 for swaps, peptide YLQPRTFLL, weight CDR2b
2024-11-13 19:33:29,135 - INFO - Processing rows 150 to 175 for swaps, peptide YLQPRTFLL, weight CDR2b
2024-11-13 19:33:32,047 - INFO - Processing rows 175 to 200 for swaps, peptide YLQPRTFLL, weight CDR2b
2024-11-13 19:33:35,012 - INFO - Processing rows 200 to 225 for swaps, peptide YLQPRTFLL, weight CDR2b
2024-11-13 19:33:37,941 - INFO - Processing rows 225 to 250 for swaps, peptide YLQPRTFLL, weight CDR2b
2024-11-13 19:33:40,994 - INFO - Processing rows 250 to 275 for swaps, peptide YLQPRTFLL, weight CDR2b
2024-11-13 19:33:43,906 - INFO - Processing rows 275 to 300 for swaps, peptide YLQPRTFLL, weight CDR2b
2024-11-13 19:33:47,055 - INFO - Processing rows 300 to 325 for swaps, peptide YLQPRTFLL, weight CDR2b
2024-11-13 19:33:49,860 - INFO - Processing rows 325 to 350 for swaps, peptide YLQPRTFLL, weight CDR2b
2024-11-13 19:33:52,888 - INFO - Processing rows 350 to 375 for swaps, peptide YLQPRTFLL, weight CDR2b
2024-11-13 19:33:55,824 - INFO - Processing rows 375 to 400 for swaps, peptide YLQPRTFLL, weight CDR2b
2024-11-13 19:33:58,834 - INFO - Processing rows 400 to 425 for swaps, peptide YLQPRTFLL, weight CDR2b
2024-11-13 19:34:01,817 - INFO - Processing rows 425 to 450 for swaps, peptide YLQPRTFLL, weight CDR2b
2024-11-13 19:34:04,779 - INFO - Processing rows 450 to 475 for swaps, peptide YLQPRTFLL, weight CDR2b
2024-11-13 19:34:07,780 - INFO - Processing rows 475 to 500 for swaps, peptide YLQPRTFLL, weight CDR2b
2024-11-13 19:34:10,716 - INFO - Processing rows 500 to 525 for swaps, peptide YLQPRTFLL, weight CDR2b
2024-11-13 19:34:13,700 - INFO - Processing rows 525 to 550 for swaps, peptide YLQPRTFLL, weight CDR2b
2024-11-13 19:34:16,607 - INFO - Processing rows 550 to 575 for swaps, peptide YLQPRTFLL, weight CDR2b
2024-11-13 19:34:19,564 - INFO - Processing rows 575 to 600 for swaps, peptide YLQPRTFLL, weight CDR2b
2024-11-13 19:34:22,421 - INFO - Processing rows 600 to 625 for swaps, peptide YLQPRTFLL, weight CDR2b
2024-11-13 19:34:25,512 - INFO - Processing rows 625 to 650 for swaps, peptide YLQPRTFLL, weight CDR2b
2024-11-13 19:34:28,437 - INFO - Processing rows 650 to 675 for swaps, peptide YLQPRTFLL, weight CDR2b
2024-11-13 19:34:31,566 - INFO - Processing rows 675 to 700 for swaps, peptide YLQPRTFLL, weight CDR2b
2024-11-13 19:34:34,445 - INFO - Processing rows 700 to 725 for swaps, peptide YLQPRTFLL, weight CDR2b
2024-11-13 19:34:37,424 - INFO - Processing rows 725 to 750 for swaps, peptide YLQPRTFLL, weight CDR2b
2024-11-13 19:34:40,317 - INFO - Processing rows 750 to 775 for swaps, peptide YLQPRTFLL, weight CDR2b
2024-11-13 19:34:43,194 - INFO - Processing rows 775 to 800 for swaps, peptide YLQPRTFLL, weight CDR2b
2024-11-13 19:34:46,055 - INFO - Processing rows 800 to 825 for swaps, peptide YLQPRTFLL, weight CDR2b
2024-11-13 19:34:48,919 - INFO - Processing rows 825 to 850 for swaps, peptide YLQPRTFLL, weight CDR2b
2024-11-13 19:34:51,773 - INFO - Processing rows 850 to 875 for swaps, peptide YLQPRTFLL, weight CDR2b
2024-11-13 19:34:54,621 - INFO - Processing rows 875 to 900 for swaps, peptide YLQPRTFLL, weight CDR2b
2024-11-13 19:34:57,478 - INFO - Processing rows 900 to 925 for swaps, peptide YLQPRTFLL, weight CDR2b
2024-11-13 19:35:00,334 - INFO - Processing rows 925 to 950 for swaps, peptide YLQPRTFLL, weight CDR2b
2024-11-13 19:35:02,885 - INFO - Processing rows 950 to 975 for swaps, peptide YLQPRTFLL, weight CDR2b
2024-11-13 19:35:05,594 - INFO - Processing rows 975 to 1000 for swaps, peptide YLQPRTFLL, weight CDR2b
2024-11-13 19:35:08,416 - INFO - Processing rows 1000 to 1025 for swaps, peptide YLQPRTFLL, weight CDR2b
2024-11-13 19:35:10,979 - INFO - Processing rows 1025 to 1050 for swaps, peptide YLQPRTFLL, weight CDR2b
2024-11-13 19:35:13,835 - INFO - Processing rows 1050 to 1075 for swaps, peptide YLQPRTFLL, weight CDR2b
2024-11-13 19:35:16,678 - INFO - Processing rows 1075 to 1100 for swaps, peptide YLQPRTFLL, weight CDR2b
2024-11-13 19:35:19,219 - INFO - Processing rows 1100 to 1125 for swaps, peptide YLQPRTFLL, weight CDR2b
2024-11-13 19:35:22,059 - INFO - Processing rows 1125 to 1150 for swaps, peptide YLQPRTFLL, weight CDR2b
2024-11-13 19:35:24,917 - INFO - Processing rows 1150 to 1175 for swaps, peptide YLQPRTFLL, weight CDR2b
2024-11-13 19:35:27,755 - INFO - Processing rows 1175 to 1200 for swaps, peptide YLQPRTFLL, weight CDR2b
2024-11-13 19:35:30,579 - INFO - Processing rows 1200 to 1225 for swaps, peptide YLQPRTFLL, weight CDR2b
2024-11-13 19:35:33,428 - INFO - Processing rows 1225 to 1250 for swaps, peptide YLQPRTFLL, weight CDR2b
2024-11-13 19:35:36,280 - INFO - Processing rows 1250 to 1275 for swaps, peptide YLQPRTFLL, weight CDR2b
2024-11-13 19:35:39,138 - INFO - Processing rows 1275 to 1300 for swaps, peptide YLQPRTFLL, weight CDR2b
2024-11-13 19:35:41,978 - INFO - Processing rows 1300 to 1325 for swaps, peptide YLQPRTFLL, weight CDR2b
2024-11-13 19:35:44,881 - INFO - Processing rows 1325 to 1350 for swaps, peptide YLQPRTFLL, weight CDR2b
2024-11-13 19:35:47,775 - INFO - Processing rows 1350 to 1375 for swaps, peptide YLQPRTFLL, weight CDR2b
2024-11-13 19:35:50,642 - INFO - Processing rows 1375 to 1400 for swaps, peptide YLQPRTFLL, weight CDR2b
2024-11-13 19:35:53,557 - INFO - Processing rows 1400 to 1425 for swaps, peptide YLQPRTFLL, weight CDR2b
2024-11-13 19:35:56,411 - INFO - Processing rows 1425 to 1450 for swaps, peptide YLQPRTFLL, weight CDR2b
2024-11-13 19:35:59,295 - INFO - Processing rows 1450 to 1475 for swaps, peptide YLQPRTFLL, weight CDR2b
2024-11-13 19:36:02,149 - INFO - Processing rows 1475 to 1500 for swaps, peptide YLQPRTFLL, weight CDR2b
2024-11-13 19:36:05,059 - INFO - Processing rows 1500 to 1525 for swaps, peptide YLQPRTFLL, weight CDR2b
2024-11-13 19:36:07,905 - INFO - Processing rows 1525 to 1550 for swaps, peptide YLQPRTFLL, weight CDR2b
2024-11-13 19:36:10,834 - INFO - Processing rows 1550 to 1575 for swaps, peptide YLQPRTFLL, weight CDR2b
2024-11-13 19:36:13,721 - INFO - Processing rows 1575 to 1600 for swaps, peptide YLQPRTFLL, weight CDR2b
2024-11-13 19:36:16,648 - INFO - Processing rows 1600 to 1625 for swaps, peptide YLQPRTFLL, weight CDR2b
2024-11-13 19:36:19,234 - INFO - Processing rows 1625 to 1650 for swaps, peptide YLQPRTFLL, weight CDR2b
2024-11-13 19:36:22,183 - INFO - Processing rows 1650 to 1675 for swaps, peptide YLQPRTFLL, weight CDR2b
2024-11-13 19:36:24,760 - INFO - Processing rows 1675 to 1700 for swaps, peptide YLQPRTFLL, weight CDR2b
2024-11-13 19:36:27,714 - INFO - Processing rows 1700 to 1725 for swaps, peptide YLQPRTFLL, weight CDR2b
2024-11-13 19:36:30,585 - INFO - Processing rows 1725 to 1750 for swaps, peptide YLQPRTFLL, weight CDR2b
2024-11-13 19:36:33,471 - INFO - Processing rows 1750 to 1775 for swaps, peptide YLQPRTFLL, weight CDR2b
2024-11-13 19:36:36,328 - INFO - Processing rows 1775 to 1800 for swaps, peptide YLQPRTFLL, weight CDR2b
2024-11-13 19:36:39,232 - INFO - Processing rows 1800 to 1825 for swaps, peptide YLQPRTFLL, weight CDR2b
2024-11-13 19:36:42,082 - INFO - Processing rows 1825 to 1850 for swaps, peptide YLQPRTFLL, weight CDR2b
2024-11-13 19:36:45,013 - INFO - Processing rows 1850 to 1875 for swaps, peptide YLQPRTFLL, weight CDR2b
2024-11-13 19:36:48,531 - INFO - Processing rows 1875 to 1900 for swaps, peptide YLQPRTFLL, weight CDR2b
2024-11-13 19:36:51,495 - INFO - Processing rows 1900 to 1925 for swaps, peptide YLQPRTFLL, weight CDR2b
2024-11-13 19:36:54,285 - INFO - Processing rows 1925 to 1950 for swaps, peptide YLQPRTFLL, weight CDR2b
2024-11-13 19:36:57,231 - INFO - Processing rows 1950 to 1975 for swaps, peptide YLQPRTFLL, weight CDR2b
2024-11-13 19:37:00,131 - INFO - Processing rows 1975 to 2000 for swaps, peptide YLQPRTFLL, weight CDR2b
2024-11-13 19:37:03,075 - INFO - Processing rows 2000 to 2025 for swaps, peptide YLQPRTFLL, weight CDR2b
2024-11-13 19:37:05,952 - INFO - Processing rows 2025 to 2050 for swaps, peptide YLQPRTFLL, weight CDR2b
2024-11-13 19:37:08,862 - INFO - Processing rows 2050 to 2075 for swaps, peptide YLQPRTFLL, weight CDR2b
2024-11-13 19:37:11,696 - INFO - Processing rows 2075 to 2100 for swaps, peptide YLQPRTFLL, weight CDR2b
2024-11-13 19:37:14,241 - INFO - Processing rows 2100 to 2125 for swaps, peptide YLQPRTFLL, weight CDR2b
2024-11-13 19:37:17,137 - INFO - Processing rows 2125 to 2150 for swaps, peptide YLQPRTFLL, weight CDR2b
2024-11-13 19:37:19,976 - INFO - Processing rows 2150 to 2175 for swaps, peptide YLQPRTFLL, weight CDR2b
2024-11-13 19:37:22,897 - INFO - Processing rows 2175 to 2200 for swaps, peptide YLQPRTFLL, weight CDR2b
2024-11-13 19:37:25,775 - INFO - Processing rows 2200 to 2225 for swaps, peptide YLQPRTFLL, weight CDR2b
2024-11-13 19:37:28,680 - INFO - Processing rows 2225 to 2250 for swaps, peptide YLQPRTFLL, weight CDR2b
2024-11-13 19:37:31,238 - INFO - Processing rows 2250 to 2275 for swaps, peptide YLQPRTFLL, weight CDR2b
2024-11-13 19:37:34,141 - INFO - Processing rows 2275 to 2300 for swaps, peptide YLQPRTFLL, weight CDR2b
2024-11-13 19:37:36,983 - INFO - Processing rows 2300 to 2325 for swaps, peptide YLQPRTFLL, weight CDR2b
2024-11-13 19:37:39,837 - INFO - Processing rows 2325 to 2350 for swaps, peptide YLQPRTFLL, weight CDR2b
2024-11-13 19:37:42,676 - INFO - Processing rows 2350 to 2375 for swaps, peptide YLQPRTFLL, weight CDR2b
2024-11-13 19:37:45,522 - INFO - Processing rows 2375 to 2394 for swaps, peptide YLQPRTFLL, weight CDR2b
Traceback (most recent call last):
  File "/net/mimer/mnt/tank/projects2/emison/language_model/27th_Oct_new_matrices/04.11_new_esm/12.11/run_esm_swaps.py", line 90, in <module>
    process_sequences(df_filtered, peptide, weight, "swaps")
  File "/net/mimer/mnt/tank/projects2/emison/language_model/27th_Oct_new_matrices/04.11_new_esm/12.11/run_esm_swaps.py", line 82, in process_sequences
    output_df.insert(0, "raw_index", raw_indexes)
  File "/home/projects2/emison/language_model/miniconda3/envs/esm2_emison/lib/python3.12/site-packages/pandas/core/frame.py", line 5171, in insert
    value, refs = self._sanitize_column(value)
                  ^^^^^^^^^^^^^^^^^^^^^^^^^^^^
  File "/home/projects2/emison/language_model/miniconda3/envs/esm2_emison/lib/python3.12/site-packages/pandas/core/frame.py", line 5266, in _sanitize_column
    com.require_length_match(value, self.index)
  File "/home/projects2/emison/language_model/miniconda3/envs/esm2_emison/lib/python3.12/site-packages/pandas/core/common.py", line 573, in require_length_match
    raise ValueError(
ValueError: Length of values (2394) does not match length of index (19)
