2024-11-14 08:49:40,096 - INFO - Loading and filtering dataset for peptide YLQPRTFLL
2024-11-14 08:49:40,479 - INFO - Processing dataset for peptide YLQPRTFLL with weight CDR3b
2024-11-14 08:49:40,481 - INFO - Processing rows 0 to 25 for swaps, peptide YLQPRTFLL, weight CDR3b
2024-11-14 08:49:54,729 - INFO - Processing rows 25 to 50 for swaps, peptide YLQPRTFLL, weight CDR3b
2024-11-14 08:50:12,488 - INFO - Processing rows 50 to 75 for swaps, peptide YLQPRTFLL, weight CDR3b
2024-11-14 08:50:28,504 - INFO - Processing rows 75 to 100 for swaps, peptide YLQPRTFLL, weight CDR3b
2024-11-14 08:50:42,851 - INFO - Processing rows 100 to 125 for swaps, peptide YLQPRTFLL, weight CDR3b
2024-11-14 08:50:58,109 - INFO - Processing rows 125 to 150 for swaps, peptide YLQPRTFLL, weight CDR3b
2024-11-14 08:51:14,843 - INFO - Processing rows 150 to 175 for swaps, peptide YLQPRTFLL, weight CDR3b
2024-11-14 08:51:29,999 - INFO - Processing rows 175 to 200 for swaps, peptide YLQPRTFLL, weight CDR3b
2024-11-14 08:51:44,381 - INFO - Processing rows 200 to 225 for swaps, peptide YLQPRTFLL, weight CDR3b
2024-11-14 08:51:57,076 - INFO - Processing rows 225 to 250 for swaps, peptide YLQPRTFLL, weight CDR3b
2024-11-14 08:52:13,065 - INFO - Processing rows 250 to 275 for swaps, peptide YLQPRTFLL, weight CDR3b
2024-11-14 08:52:26,490 - INFO - Processing rows 275 to 300 for swaps, peptide YLQPRTFLL, weight CDR3b
2024-11-14 08:52:42,427 - INFO - Processing rows 300 to 325 for swaps, peptide YLQPRTFLL, weight CDR3b
2024-11-14 08:53:01,585 - INFO - Processing rows 325 to 350 for swaps, peptide YLQPRTFLL, weight CDR3b
2024-11-14 08:53:15,779 - INFO - Processing rows 350 to 375 for swaps, peptide YLQPRTFLL, weight CDR3b
2024-11-14 08:53:29,879 - INFO - Processing rows 375 to 400 for swaps, peptide YLQPRTFLL, weight CDR3b
2024-11-14 08:53:44,022 - INFO - Processing rows 400 to 425 for swaps, peptide YLQPRTFLL, weight CDR3b
2024-11-14 08:53:58,985 - INFO - Processing rows 425 to 450 for swaps, peptide YLQPRTFLL, weight CDR3b
2024-11-14 08:54:12,195 - INFO - Processing rows 450 to 475 for swaps, peptide YLQPRTFLL, weight CDR3b
2024-11-14 08:54:27,958 - INFO - Processing rows 475 to 500 for swaps, peptide YLQPRTFLL, weight CDR3b
2024-11-14 08:54:44,491 - INFO - Processing rows 500 to 525 for swaps, peptide YLQPRTFLL, weight CDR3b
2024-11-14 08:54:59,544 - INFO - Processing rows 525 to 550 for swaps, peptide YLQPRTFLL, weight CDR3b
2024-11-14 08:55:18,010 - INFO - Processing rows 550 to 575 for swaps, peptide YLQPRTFLL, weight CDR3b
2024-11-14 08:55:33,992 - INFO - Processing rows 575 to 600 for swaps, peptide YLQPRTFLL, weight CDR3b
2024-11-14 08:55:50,782 - INFO - Processing rows 600 to 625 for swaps, peptide YLQPRTFLL, weight CDR3b
2024-11-14 08:56:06,725 - INFO - Processing rows 625 to 650 for swaps, peptide YLQPRTFLL, weight CDR3b
2024-11-14 08:56:21,864 - INFO - Processing rows 650 to 675 for swaps, peptide YLQPRTFLL, weight CDR3b
2024-11-14 08:56:38,585 - INFO - Processing rows 675 to 700 for swaps, peptide YLQPRTFLL, weight CDR3b
2024-11-14 08:56:53,827 - INFO - Processing rows 700 to 725 for swaps, peptide YLQPRTFLL, weight CDR3b
2024-11-14 08:57:08,934 - INFO - Processing rows 725 to 750 for swaps, peptide YLQPRTFLL, weight CDR3b
2024-11-14 08:57:24,039 - INFO - Processing rows 750 to 775 for swaps, peptide YLQPRTFLL, weight CDR3b
2024-11-14 08:57:38,431 - INFO - Processing rows 775 to 800 for swaps, peptide YLQPRTFLL, weight CDR3b
2024-11-14 08:57:54,202 - INFO - Processing rows 800 to 825 for swaps, peptide YLQPRTFLL, weight CDR3b
2024-11-14 08:58:09,904 - INFO - Processing rows 825 to 850 for swaps, peptide YLQPRTFLL, weight CDR3b
2024-11-14 08:58:25,581 - INFO - Processing rows 850 to 875 for swaps, peptide YLQPRTFLL, weight CDR3b
2024-11-14 08:58:39,904 - INFO - Processing rows 875 to 900 for swaps, peptide YLQPRTFLL, weight CDR3b
2024-11-14 08:58:54,987 - INFO - Processing rows 900 to 925 for swaps, peptide YLQPRTFLL, weight CDR3b
2024-11-14 08:59:09,319 - INFO - Processing rows 925 to 950 for swaps, peptide YLQPRTFLL, weight CDR3b
2024-11-14 08:59:23,667 - INFO - Processing rows 950 to 975 for swaps, peptide YLQPRTFLL, weight CDR3b
2024-11-14 08:59:39,649 - INFO - Processing rows 975 to 1000 for swaps, peptide YLQPRTFLL, weight CDR3b
2024-11-14 08:59:55,550 - INFO - Processing rows 1000 to 1025 for swaps, peptide YLQPRTFLL, weight CDR3b
2024-11-14 09:00:10,709 - INFO - Processing rows 1025 to 1050 for swaps, peptide YLQPRTFLL, weight CDR3b
2024-11-14 09:00:25,069 - INFO - Processing rows 1050 to 1075 for swaps, peptide YLQPRTFLL, weight CDR3b
2024-11-14 09:00:41,792 - INFO - Processing rows 1075 to 1100 for swaps, peptide YLQPRTFLL, weight CDR3b
2024-11-14 09:00:56,107 - INFO - Processing rows 1100 to 1125 for swaps, peptide YLQPRTFLL, weight CDR3b
2024-11-14 09:01:12,049 - INFO - Processing rows 1125 to 1150 for swaps, peptide YLQPRTFLL, weight CDR3b
2024-11-14 09:01:25,474 - INFO - Processing rows 1150 to 1175 for swaps, peptide YLQPRTFLL, weight CDR3b
2024-11-14 09:01:41,228 - INFO - Processing rows 1175 to 1200 for swaps, peptide YLQPRTFLL, weight CDR3b
2024-11-14 09:01:56,137 - INFO - Processing rows 1200 to 1225 for swaps, peptide YLQPRTFLL, weight CDR3b
2024-11-14 09:02:10,250 - INFO - Processing rows 1225 to 1250 for swaps, peptide YLQPRTFLL, weight CDR3b
2024-11-14 09:02:26,112 - INFO - Processing rows 1250 to 1275 for swaps, peptide YLQPRTFLL, weight CDR3b
2024-11-14 09:02:41,187 - INFO - Processing rows 1275 to 1300 for swaps, peptide YLQPRTFLL, weight CDR3b
2024-11-14 09:02:57,817 - INFO - Processing rows 1300 to 1325 for swaps, peptide YLQPRTFLL, weight CDR3b
2024-11-14 09:03:12,190 - INFO - Processing rows 1325 to 1350 for swaps, peptide YLQPRTFLL, weight CDR3b
2024-11-14 09:03:27,324 - INFO - Processing rows 1350 to 1375 for swaps, peptide YLQPRTFLL, weight CDR3b
2024-11-14 09:03:41,649 - INFO - Processing rows 1375 to 1400 for swaps, peptide YLQPRTFLL, weight CDR3b
2024-11-14 09:03:55,945 - INFO - Processing rows 1400 to 1425 for swaps, peptide YLQPRTFLL, weight CDR3b
2024-11-14 09:04:10,292 - INFO - Processing rows 1425 to 1450 for swaps, peptide YLQPRTFLL, weight CDR3b
2024-11-14 09:04:31,272 - INFO - Processing rows 1450 to 1475 for swaps, peptide YLQPRTFLL, weight CDR3b
2024-11-14 09:04:46,393 - INFO - Processing rows 1475 to 1500 for swaps, peptide YLQPRTFLL, weight CDR3b
2024-11-14 09:05:01,481 - INFO - Processing rows 1500 to 1525 for swaps, peptide YLQPRTFLL, weight CDR3b
2024-11-14 09:05:16,577 - INFO - Processing rows 1525 to 1550 for swaps, peptide YLQPRTFLL, weight CDR3b
2024-11-14 09:05:33,172 - INFO - Processing rows 1550 to 1575 for swaps, peptide YLQPRTFLL, weight CDR3b
2024-11-14 09:05:48,886 - INFO - Processing rows 1575 to 1600 for swaps, peptide YLQPRTFLL, weight CDR3b
2024-11-14 09:06:03,800 - INFO - Processing rows 1600 to 1625 for swaps, peptide YLQPRTFLL, weight CDR3b
2024-11-14 09:06:19,517 - INFO - Processing rows 1625 to 1650 for swaps, peptide YLQPRTFLL, weight CDR3b
2024-11-14 09:06:34,426 - INFO - Processing rows 1650 to 1675 for swaps, peptide YLQPRTFLL, weight CDR3b
2024-11-14 09:06:50,136 - INFO - Processing rows 1675 to 1700 for swaps, peptide YLQPRTFLL, weight CDR3b
2024-11-14 09:07:05,840 - INFO - Processing rows 1700 to 1725 for swaps, peptide YLQPRTFLL, weight CDR3b
2024-11-14 09:07:21,532 - INFO - Processing rows 1725 to 1750 for swaps, peptide YLQPRTFLL, weight CDR3b
2024-11-14 09:07:37,335 - INFO - Processing rows 1750 to 1775 for swaps, peptide YLQPRTFLL, weight CDR3b
2024-11-14 09:07:53,209 - INFO - Processing rows 1775 to 1800 for swaps, peptide YLQPRTFLL, weight CDR3b
2024-11-14 09:08:08,359 - INFO - Processing rows 1800 to 1825 for swaps, peptide YLQPRTFLL, weight CDR3b
2024-11-14 09:08:22,660 - INFO - Processing rows 1825 to 1850 for swaps, peptide YLQPRTFLL, weight CDR3b
2024-11-14 09:08:37,749 - INFO - Processing rows 1850 to 1875 for swaps, peptide YLQPRTFLL, weight CDR3b
2024-11-14 09:08:52,055 - INFO - Processing rows 1875 to 1900 for swaps, peptide YLQPRTFLL, weight CDR3b
2024-11-14 09:09:08,036 - INFO - Processing rows 1900 to 1925 for swaps, peptide YLQPRTFLL, weight CDR3b
2024-11-14 09:09:24,688 - INFO - Processing rows 1925 to 1950 for swaps, peptide YLQPRTFLL, weight CDR3b
2024-11-14 09:09:40,577 - INFO - Processing rows 1950 to 1975 for swaps, peptide YLQPRTFLL, weight CDR3b
2024-11-14 09:09:54,857 - INFO - Processing rows 1975 to 2000 for swaps, peptide YLQPRTFLL, weight CDR3b
2024-11-14 09:10:10,018 - INFO - Processing rows 2000 to 2025 for swaps, peptide YLQPRTFLL, weight CDR3b
2024-11-14 09:10:23,384 - INFO - Processing rows 2025 to 2050 for swaps, peptide YLQPRTFLL, weight CDR3b
2024-11-14 09:10:38,436 - INFO - Processing rows 2050 to 2075 for swaps, peptide YLQPRTFLL, weight CDR3b
2024-11-14 09:10:53,636 - INFO - Processing rows 2075 to 2100 for swaps, peptide YLQPRTFLL, weight CDR3b
2024-11-14 09:11:07,984 - INFO - Processing rows 2100 to 2125 for swaps, peptide YLQPRTFLL, weight CDR3b
2024-11-14 09:11:24,638 - INFO - Processing rows 2125 to 2150 for swaps, peptide YLQPRTFLL, weight CDR3b
2024-11-14 09:11:38,972 - INFO - Processing rows 2150 to 2175 for swaps, peptide YLQPRTFLL, weight CDR3b
2024-11-14 09:11:54,762 - INFO - Processing rows 2175 to 2200 for swaps, peptide YLQPRTFLL, weight CDR3b
2024-11-14 09:12:10,478 - INFO - Processing rows 2200 to 2225 for swaps, peptide YLQPRTFLL, weight CDR3b
2024-11-14 09:12:25,410 - INFO - Processing rows 2225 to 2250 for swaps, peptide YLQPRTFLL, weight CDR3b
2024-11-14 09:12:39,572 - INFO - Processing rows 2250 to 2275 for swaps, peptide YLQPRTFLL, weight CDR3b
2024-11-14 09:12:55,496 - INFO - Processing rows 2275 to 2300 for swaps, peptide YLQPRTFLL, weight CDR3b
2024-11-14 09:13:13,145 - INFO - Processing rows 2300 to 2325 for swaps, peptide YLQPRTFLL, weight CDR3b
2024-11-14 09:13:29,151 - INFO - Processing rows 2325 to 2350 for swaps, peptide YLQPRTFLL, weight CDR3b
2024-11-14 09:13:45,061 - INFO - Processing rows 2350 to 2375 for swaps, peptide YLQPRTFLL, weight CDR3b
2024-11-14 09:14:01,854 - INFO - Processing rows 2375 to 2394 for swaps, peptide YLQPRTFLL, weight CDR3b
2024-11-14 09:14:11,704 - INFO - ESM finished.. Saving file...
2024-11-14 09:29:35,302 - INFO - Saved to /net/mimer/mnt/tank/projects2/emison/language_model/27th_Oct_new_matrices/04.11_new_esm/12.11/sequence_summed_vectors_swaps_YLQPRTFLL_CDR3b.csv
