Tmux script created: /net/mimer/mnt/tank/projects2/emison/language_model/27th_Oct_new_matrices/04.11_new_esm/batch_scripts/ELAGIGILTV_CDR1a_tmux.sh
Tmux script created: /net/mimer/mnt/tank/projects2/emison/language_model/27th_Oct_new_matrices/04.11_new_esm/batch_scripts/ELAGIGILTV_CDR1b_tmux.sh
Tmux script created: /net/mimer/mnt/tank/projects2/emison/language_model/27th_Oct_new_matrices/04.11_new_esm/batch_scripts/ELAGIGILTV_CDR2a_tmux.sh
Tmux script created: /net/mimer/mnt/tank/projects2/emison/language_model/27th_Oct_new_matrices/04.11_new_esm/batch_scripts/ELAGIGILTV_CDR2b_tmux.sh
Tmux script created: /net/mimer/mnt/tank/projects2/emison/language_model/27th_Oct_new_matrices/04.11_new_esm/batch_scripts/ELAGIGILTV_CDR3a_tmux.sh
Tmux script created: /net/mimer/mnt/tank/projects2/emison/language_model/27th_Oct_new_matrices/04.11_new_esm/batch_scripts/ELAGIGILTV_CDR3b_tmux.sh
Tmux script created: /net/mimer/mnt/tank/projects2/emison/language_model/27th_Oct_new_matrices/04.11_new_esm/batch_scripts/ELAGIGILTV_TCRa_tmux.sh
Tmux script created: /net/mimer/mnt/tank/projects2/emison/language_model/27th_Oct_new_matrices/04.11_new_esm/batch_scripts/ELAGIGILTV_TCRb_tmux.sh
Tmux script created: /net/mimer/mnt/tank/projects2/emison/language_model/27th_Oct_new_matrices/04.11_new_esm/batch_scripts/GILGFVFTL_CDR1a_tmux.sh
Tmux script created: /net/mimer/mnt/tank/projects2/emison/language_model/27th_Oct_new_matrices/04.11_new_esm/batch_scripts/GILGFVFTL_CDR1b_tmux.sh
Tmux script created: /net/mimer/mnt/tank/projects2/emison/language_model/27th_Oct_new_matrices/04.11_new_esm/batch_scripts/GILGFVFTL_CDR2a_tmux.sh
Tmux script created: /net/mimer/mnt/tank/projects2/emison/language_model/27th_Oct_new_matrices/04.11_new_esm/batch_scripts/GILGFVFTL_CDR2b_tmux.sh
Tmux script created: /net/mimer/mnt/tank/projects2/emison/language_model/27th_Oct_new_matrices/04.11_new_esm/batch_scripts/GILGFVFTL_CDR3a_tmux.sh
Tmux script created: /net/mimer/mnt/tank/projects2/emison/language_model/27th_Oct_new_matrices/04.11_new_esm/batch_scripts/GILGFVFTL_CDR3b_tmux.sh
Tmux script created: /net/mimer/mnt/tank/projects2/emison/language_model/27th_Oct_new_matrices/04.11_new_esm/batch_scripts/GILGFVFTL_TCRa_tmux.sh
Tmux script created: /net/mimer/mnt/tank/projects2/emison/language_model/27th_Oct_new_matrices/04.11_new_esm/batch_scripts/GILGFVFTL_TCRb_tmux.sh
Tmux script created: /net/mimer/mnt/tank/projects2/emison/language_model/27th_Oct_new_matrices/04.11_new_esm/batch_scripts/GLCTLVAML_CDR1a_tmux.sh
Tmux script created: /net/mimer/mnt/tank/projects2/emison/language_model/27th_Oct_new_matrices/04.11_new_esm/batch_scripts/GLCTLVAML_CDR1b_tmux.sh
Tmux script created: /net/mimer/mnt/tank/projects2/emison/language_model/27th_Oct_new_matrices/04.11_new_esm/batch_scripts/GLCTLVAML_CDR2a_tmux.sh
Tmux script created: /net/mimer/mnt/tank/projects2/emison/language_model/27th_Oct_new_matrices/04.11_new_esm/batch_scripts/GLCTLVAML_CDR2b_tmux.sh
Tmux script created: /net/mimer/mnt/tank/projects2/emison/language_model/27th_Oct_new_matrices/04.11_new_esm/batch_scripts/GLCTLVAML_CDR3a_tmux.sh
Tmux script created: /net/mimer/mnt/tank/projects2/emison/language_model/27th_Oct_new_matrices/04.11_new_esm/batch_scripts/GLCTLVAML_CDR3b_tmux.sh
Tmux script created: /net/mimer/mnt/tank/projects2/emison/language_model/27th_Oct_new_matrices/04.11_new_esm/batch_scripts/GLCTLVAML_TCRa_tmux.sh
Tmux script created: /net/mimer/mnt/tank/projects2/emison/language_model/27th_Oct_new_matrices/04.11_new_esm/batch_scripts/GLCTLVAML_TCRb_tmux.sh
Tmux script created: /net/mimer/mnt/tank/projects2/emison/language_model/27th_Oct_new_matrices/04.11_new_esm/batch_scripts/LLWNGPMAV_CDR1a_tmux.sh
Tmux script created: /net/mimer/mnt/tank/projects2/emison/language_model/27th_Oct_new_matrices/04.11_new_esm/batch_scripts/LLWNGPMAV_CDR1b_tmux.sh
Tmux script created: /net/mimer/mnt/tank/projects2/emison/language_model/27th_Oct_new_matrices/04.11_new_esm/batch_scripts/LLWNGPMAV_CDR2a_tmux.sh
Tmux script created: /net/mimer/mnt/tank/projects2/emison/language_model/27th_Oct_new_matrices/04.11_new_esm/batch_scripts/LLWNGPMAV_CDR2b_tmux.sh
Tmux script created: /net/mimer/mnt/tank/projects2/emison/language_model/27th_Oct_new_matrices/04.11_new_esm/batch_scripts/LLWNGPMAV_CDR3a_tmux.sh
Tmux script created: /net/mimer/mnt/tank/projects2/emison/language_model/27th_Oct_new_matrices/04.11_new_esm/batch_scripts/LLWNGPMAV_CDR3b_tmux.sh
Tmux script created: /net/mimer/mnt/tank/projects2/emison/language_model/27th_Oct_new_matrices/04.11_new_esm/batch_scripts/LLWNGPMAV_TCRa_tmux.sh
Tmux script created: /net/mimer/mnt/tank/projects2/emison/language_model/27th_Oct_new_matrices/04.11_new_esm/batch_scripts/LLWNGPMAV_TCRb_tmux.sh
Tmux script created: /net/mimer/mnt/tank/projects2/emison/language_model/27th_Oct_new_matrices/04.11_new_esm/batch_scripts/RAKFKQLL_CDR1a_tmux.sh
Tmux script created: /net/mimer/mnt/tank/projects2/emison/language_model/27th_Oct_new_matrices/04.11_new_esm/batch_scripts/RAKFKQLL_CDR1b_tmux.sh
Tmux script created: /net/mimer/mnt/tank/projects2/emison/language_model/27th_Oct_new_matrices/04.11_new_esm/batch_scripts/RAKFKQLL_CDR2a_tmux.sh
Tmux script created: /net/mimer/mnt/tank/projects2/emison/language_model/27th_Oct_new_matrices/04.11_new_esm/batch_scripts/RAKFKQLL_CDR2b_tmux.sh
Tmux script created: /net/mimer/mnt/tank/projects2/emison/language_model/27th_Oct_new_matrices/04.11_new_esm/batch_scripts/RAKFKQLL_CDR3a_tmux.sh
Tmux script created: /net/mimer/mnt/tank/projects2/emison/language_model/27th_Oct_new_matrices/04.11_new_esm/batch_scripts/RAKFKQLL_CDR3b_tmux.sh
Tmux script created: /net/mimer/mnt/tank/projects2/emison/language_model/27th_Oct_new_matrices/04.11_new_esm/batch_scripts/RAKFKQLL_TCRa_tmux.sh
Tmux script created: /net/mimer/mnt/tank/projects2/emison/language_model/27th_Oct_new_matrices/04.11_new_esm/batch_scripts/RAKFKQLL_TCRb_tmux.sh
Tmux script created: /net/mimer/mnt/tank/projects2/emison/language_model/27th_Oct_new_matrices/04.11_new_esm/batch_scripts/YLQPRTFLL_CDR1a_tmux.sh
Tmux script created: /net/mimer/mnt/tank/projects2/emison/language_model/27th_Oct_new_matrices/04.11_new_esm/batch_scripts/YLQPRTFLL_CDR1b_tmux.sh
Tmux script created: /net/mimer/mnt/tank/projects2/emison/language_model/27th_Oct_new_matrices/04.11_new_esm/batch_scripts/YLQPRTFLL_CDR2a_tmux.sh
Tmux script created: /net/mimer/mnt/tank/projects2/emison/language_model/27th_Oct_new_matrices/04.11_new_esm/batch_scripts/YLQPRTFLL_CDR2b_tmux.sh
Tmux script created: /net/mimer/mnt/tank/projects2/emison/language_model/27th_Oct_new_matrices/04.11_new_esm/batch_scripts/YLQPRTFLL_CDR3a_tmux.sh
Tmux script created: /net/mimer/mnt/tank/projects2/emison/language_model/27th_Oct_new_matrices/04.11_new_esm/batch_scripts/YLQPRTFLL_CDR3b_tmux.sh
Tmux script created: /net/mimer/mnt/tank/projects2/emison/language_model/27th_Oct_new_matrices/04.11_new_esm/batch_scripts/YLQPRTFLL_TCRa_tmux.sh
Tmux script created: /net/mimer/mnt/tank/projects2/emison/language_model/27th_Oct_new_matrices/04.11_new_esm/batch_scripts/YLQPRTFLL_TCRb_tmux.sh
All tmux scripts created in the batch_scripts directory.
