Batch script created: /net/mimer/mnt/tank/projects2/emison/language_model/27th_Oct_new_matrices/04.11_new_esm/batch_scripts/ELAGIGILTV_CDR1a_binders_batch.sh
Submitted batch job 2657
Submitted job: ELAGIGILTV_CDR1a_binders
Batch script created: /net/mimer/mnt/tank/projects2/emison/language_model/27th_Oct_new_matrices/04.11_new_esm/batch_scripts/ELAGIGILTV_CDR1b_binders_batch.sh
Submitted batch job 2658
Submitted job: ELAGIGILTV_CDR1b_binders
Batch script created: /net/mimer/mnt/tank/projects2/emison/language_model/27th_Oct_new_matrices/04.11_new_esm/batch_scripts/ELAGIGILTV_CDR2a_binders_batch.sh
Submitted batch job 2659
Submitted job: ELAGIGILTV_CDR2a_binders
Batch script created: /net/mimer/mnt/tank/projects2/emison/language_model/27th_Oct_new_matrices/04.11_new_esm/batch_scripts/ELAGIGILTV_CDR2b_binders_batch.sh
Submitted batch job 2660
Submitted job: ELAGIGILTV_CDR2b_binders
Batch script created: /net/mimer/mnt/tank/projects2/emison/language_model/27th_Oct_new_matrices/04.11_new_esm/batch_scripts/ELAGIGILTV_CDR3a_binders_batch.sh
Submitted batch job 2661
Submitted job: ELAGIGILTV_CDR3a_binders
Batch script created: /net/mimer/mnt/tank/projects2/emison/language_model/27th_Oct_new_matrices/04.11_new_esm/batch_scripts/ELAGIGILTV_CDR3b_binders_batch.sh
Submitted batch job 2662
Submitted job: ELAGIGILTV_CDR3b_binders
Batch script created: /net/mimer/mnt/tank/projects2/emison/language_model/27th_Oct_new_matrices/04.11_new_esm/batch_scripts/ELAGIGILTV_TCRa_binders_batch.sh
Submitted batch job 2663
Submitted job: ELAGIGILTV_TCRa_binders
Batch script created: /net/mimer/mnt/tank/projects2/emison/language_model/27th_Oct_new_matrices/04.11_new_esm/batch_scripts/ELAGIGILTV_TCRb_binders_batch.sh
Submitted batch job 2664
Submitted job: ELAGIGILTV_TCRb_binders
Batch script created: /net/mimer/mnt/tank/projects2/emison/language_model/27th_Oct_new_matrices/04.11_new_esm/batch_scripts/GILGFVFTL_CDR1a_binders_batch.sh
Submitted batch job 2665
Submitted job: GILGFVFTL_CDR1a_binders
Batch script created: /net/mimer/mnt/tank/projects2/emison/language_model/27th_Oct_new_matrices/04.11_new_esm/batch_scripts/GILGFVFTL_CDR1b_binders_batch.sh
Submitted batch job 2666
Submitted job: GILGFVFTL_CDR1b_binders
Batch script created: /net/mimer/mnt/tank/projects2/emison/language_model/27th_Oct_new_matrices/04.11_new_esm/batch_scripts/GILGFVFTL_CDR2a_binders_batch.sh
Submitted batch job 2667
Submitted job: GILGFVFTL_CDR2a_binders
Batch script created: /net/mimer/mnt/tank/projects2/emison/language_model/27th_Oct_new_matrices/04.11_new_esm/batch_scripts/GILGFVFTL_CDR2b_binders_batch.sh
Submitted batch job 2668
Submitted job: GILGFVFTL_CDR2b_binders
Batch script created: /net/mimer/mnt/tank/projects2/emison/language_model/27th_Oct_new_matrices/04.11_new_esm/batch_scripts/GILGFVFTL_CDR3a_binders_batch.sh
Submitted batch job 2669
Submitted job: GILGFVFTL_CDR3a_binders
Batch script created: /net/mimer/mnt/tank/projects2/emison/language_model/27th_Oct_new_matrices/04.11_new_esm/batch_scripts/GILGFVFTL_CDR3b_binders_batch.sh
Submitted batch job 2670
Submitted job: GILGFVFTL_CDR3b_binders
Batch script created: /net/mimer/mnt/tank/projects2/emison/language_model/27th_Oct_new_matrices/04.11_new_esm/batch_scripts/GILGFVFTL_TCRa_binders_batch.sh
Submitted batch job 2671
Submitted job: GILGFVFTL_TCRa_binders
Batch script created: /net/mimer/mnt/tank/projects2/emison/language_model/27th_Oct_new_matrices/04.11_new_esm/batch_scripts/GILGFVFTL_TCRb_binders_batch.sh
Submitted batch job 2672
Submitted job: GILGFVFTL_TCRb_binders
Batch script created: /net/mimer/mnt/tank/projects2/emison/language_model/27th_Oct_new_matrices/04.11_new_esm/batch_scripts/GLCTLVAML_CDR1a_binders_batch.sh
Submitted batch job 2673
Submitted job: GLCTLVAML_CDR1a_binders
Batch script created: /net/mimer/mnt/tank/projects2/emison/language_model/27th_Oct_new_matrices/04.11_new_esm/batch_scripts/GLCTLVAML_CDR1b_binders_batch.sh
Submitted batch job 2674
Submitted job: GLCTLVAML_CDR1b_binders
Batch script created: /net/mimer/mnt/tank/projects2/emison/language_model/27th_Oct_new_matrices/04.11_new_esm/batch_scripts/GLCTLVAML_CDR2a_binders_batch.sh
Submitted batch job 2675
Submitted job: GLCTLVAML_CDR2a_binders
Batch script created: /net/mimer/mnt/tank/projects2/emison/language_model/27th_Oct_new_matrices/04.11_new_esm/batch_scripts/GLCTLVAML_CDR2b_binders_batch.sh
Submitted batch job 2676
Submitted job: GLCTLVAML_CDR2b_binders
Batch script created: /net/mimer/mnt/tank/projects2/emison/language_model/27th_Oct_new_matrices/04.11_new_esm/batch_scripts/GLCTLVAML_CDR3a_binders_batch.sh
Submitted batch job 2677
Submitted job: GLCTLVAML_CDR3a_binders
Batch script created: /net/mimer/mnt/tank/projects2/emison/language_model/27th_Oct_new_matrices/04.11_new_esm/batch_scripts/GLCTLVAML_CDR3b_binders_batch.sh
Submitted batch job 2678
Submitted job: GLCTLVAML_CDR3b_binders
Batch script created: /net/mimer/mnt/tank/projects2/emison/language_model/27th_Oct_new_matrices/04.11_new_esm/batch_scripts/GLCTLVAML_TCRa_binders_batch.sh
Submitted batch job 2679
Submitted job: GLCTLVAML_TCRa_binders
Batch script created: /net/mimer/mnt/tank/projects2/emison/language_model/27th_Oct_new_matrices/04.11_new_esm/batch_scripts/GLCTLVAML_TCRb_binders_batch.sh
Submitted batch job 2680
Submitted job: GLCTLVAML_TCRb_binders
Batch script created: /net/mimer/mnt/tank/projects2/emison/language_model/27th_Oct_new_matrices/04.11_new_esm/batch_scripts/LLWNGPMAV_CDR1a_binders_batch.sh
Submitted batch job 2681
Submitted job: LLWNGPMAV_CDR1a_binders
Batch script created: /net/mimer/mnt/tank/projects2/emison/language_model/27th_Oct_new_matrices/04.11_new_esm/batch_scripts/LLWNGPMAV_CDR1b_binders_batch.sh
Submitted batch job 2682
Submitted job: LLWNGPMAV_CDR1b_binders
Batch script created: /net/mimer/mnt/tank/projects2/emison/language_model/27th_Oct_new_matrices/04.11_new_esm/batch_scripts/LLWNGPMAV_CDR2a_binders_batch.sh
Submitted batch job 2683
Submitted job: LLWNGPMAV_CDR2a_binders
Batch script created: /net/mimer/mnt/tank/projects2/emison/language_model/27th_Oct_new_matrices/04.11_new_esm/batch_scripts/LLWNGPMAV_CDR2b_binders_batch.sh
Submitted batch job 2684
Submitted job: LLWNGPMAV_CDR2b_binders
Batch script created: /net/mimer/mnt/tank/projects2/emison/language_model/27th_Oct_new_matrices/04.11_new_esm/batch_scripts/LLWNGPMAV_CDR3a_binders_batch.sh
Submitted batch job 2685
Submitted job: LLWNGPMAV_CDR3a_binders
Batch script created: /net/mimer/mnt/tank/projects2/emison/language_model/27th_Oct_new_matrices/04.11_new_esm/batch_scripts/LLWNGPMAV_CDR3b_binders_batch.sh
Submitted batch job 2686
Submitted job: LLWNGPMAV_CDR3b_binders
Batch script created: /net/mimer/mnt/tank/projects2/emison/language_model/27th_Oct_new_matrices/04.11_new_esm/batch_scripts/LLWNGPMAV_TCRa_binders_batch.sh
Submitted batch job 2687
Submitted job: LLWNGPMAV_TCRa_binders
Batch script created: /net/mimer/mnt/tank/projects2/emison/language_model/27th_Oct_new_matrices/04.11_new_esm/batch_scripts/LLWNGPMAV_TCRb_binders_batch.sh
Submitted batch job 2688
Submitted job: LLWNGPMAV_TCRb_binders
Batch script created: /net/mimer/mnt/tank/projects2/emison/language_model/27th_Oct_new_matrices/04.11_new_esm/batch_scripts/RAKFKQLL_CDR1a_binders_batch.sh
Submitted batch job 2689
Submitted job: RAKFKQLL_CDR1a_binders
Batch script created: /net/mimer/mnt/tank/projects2/emison/language_model/27th_Oct_new_matrices/04.11_new_esm/batch_scripts/RAKFKQLL_CDR1b_binders_batch.sh
Submitted batch job 2690
Submitted job: RAKFKQLL_CDR1b_binders
Batch script created: /net/mimer/mnt/tank/projects2/emison/language_model/27th_Oct_new_matrices/04.11_new_esm/batch_scripts/RAKFKQLL_CDR2a_binders_batch.sh
Submitted batch job 2691
Submitted job: RAKFKQLL_CDR2a_binders
Batch script created: /net/mimer/mnt/tank/projects2/emison/language_model/27th_Oct_new_matrices/04.11_new_esm/batch_scripts/RAKFKQLL_CDR2b_binders_batch.sh
Submitted batch job 2692
Submitted job: RAKFKQLL_CDR2b_binders
Batch script created: /net/mimer/mnt/tank/projects2/emison/language_model/27th_Oct_new_matrices/04.11_new_esm/batch_scripts/RAKFKQLL_CDR3a_binders_batch.sh
Submitted batch job 2693
Submitted job: RAKFKQLL_CDR3a_binders
Batch script created: /net/mimer/mnt/tank/projects2/emison/language_model/27th_Oct_new_matrices/04.11_new_esm/batch_scripts/RAKFKQLL_CDR3b_binders_batch.sh
Submitted batch job 2694
Submitted job: RAKFKQLL_CDR3b_binders
Batch script created: /net/mimer/mnt/tank/projects2/emison/language_model/27th_Oct_new_matrices/04.11_new_esm/batch_scripts/RAKFKQLL_TCRa_binders_batch.sh
Submitted batch job 2695
Submitted job: RAKFKQLL_TCRa_binders
Batch script created: /net/mimer/mnt/tank/projects2/emison/language_model/27th_Oct_new_matrices/04.11_new_esm/batch_scripts/RAKFKQLL_TCRb_binders_batch.sh
Submitted batch job 2696
Submitted job: RAKFKQLL_TCRb_binders
Batch script created: /net/mimer/mnt/tank/projects2/emison/language_model/27th_Oct_new_matrices/04.11_new_esm/batch_scripts/YLQPRTFLL_CDR1a_binders_batch.sh
Submitted batch job 2697
Submitted job: YLQPRTFLL_CDR1a_binders
Batch script created: /net/mimer/mnt/tank/projects2/emison/language_model/27th_Oct_new_matrices/04.11_new_esm/batch_scripts/YLQPRTFLL_CDR1b_binders_batch.sh
Submitted batch job 2698
Submitted job: YLQPRTFLL_CDR1b_binders
Batch script created: /net/mimer/mnt/tank/projects2/emison/language_model/27th_Oct_new_matrices/04.11_new_esm/batch_scripts/YLQPRTFLL_CDR2a_binders_batch.sh
Submitted batch job 2699
Submitted job: YLQPRTFLL_CDR2a_binders
Batch script created: /net/mimer/mnt/tank/projects2/emison/language_model/27th_Oct_new_matrices/04.11_new_esm/batch_scripts/YLQPRTFLL_CDR2b_binders_batch.sh
Submitted batch job 2700
Submitted job: YLQPRTFLL_CDR2b_binders
Batch script created: /net/mimer/mnt/tank/projects2/emison/language_model/27th_Oct_new_matrices/04.11_new_esm/batch_scripts/YLQPRTFLL_CDR3a_binders_batch.sh
Submitted batch job 2701
Submitted job: YLQPRTFLL_CDR3a_binders
Batch script created: /net/mimer/mnt/tank/projects2/emison/language_model/27th_Oct_new_matrices/04.11_new_esm/batch_scripts/YLQPRTFLL_CDR3b_binders_batch.sh
Submitted batch job 2702
Submitted job: YLQPRTFLL_CDR3b_binders
Batch script created: /net/mimer/mnt/tank/projects2/emison/language_model/27th_Oct_new_matrices/04.11_new_esm/batch_scripts/YLQPRTFLL_TCRa_binders_batch.sh
Submitted batch job 2703
Submitted job: YLQPRTFLL_TCRa_binders
Batch script created: /net/mimer/mnt/tank/projects2/emison/language_model/27th_Oct_new_matrices/04.11_new_esm/batch_scripts/YLQPRTFLL_TCRb_binders_batch.sh
Submitted batch job 2704
Submitted job: YLQPRTFLL_TCRb_binders
All jobs submitted.
