Tmux script created: /net/mimer/mnt/tank/projects2/emison/language_model/27th_Oct_new_matrices/04.11_new_esm/batch_scripts/ELAGIGILTV_CDR1a_tmux.sh
Submitted batch job 2756
Submitted job: 
Tmux script created: /net/mimer/mnt/tank/projects2/emison/language_model/27th_Oct_new_matrices/04.11_new_esm/batch_scripts/ELAGIGILTV_CDR1b_tmux.sh
Submitted batch job 2757
Submitted job: 
Tmux script created: /net/mimer/mnt/tank/projects2/emison/language_model/27th_Oct_new_matrices/04.11_new_esm/batch_scripts/ELAGIGILTV_CDR2a_tmux.sh
Submitted batch job 2758
Submitted job: 
Tmux script created: /net/mimer/mnt/tank/projects2/emison/language_model/27th_Oct_new_matrices/04.11_new_esm/batch_scripts/ELAGIGILTV_CDR2b_tmux.sh
Submitted batch job 2759
Submitted job: 
Tmux script created: /net/mimer/mnt/tank/projects2/emison/language_model/27th_Oct_new_matrices/04.11_new_esm/batch_scripts/ELAGIGILTV_CDR3a_tmux.sh
Submitted batch job 2760
Submitted job: 
Tmux script created: /net/mimer/mnt/tank/projects2/emison/language_model/27th_Oct_new_matrices/04.11_new_esm/batch_scripts/ELAGIGILTV_CDR3b_tmux.sh
Submitted batch job 2761
Submitted job: 
Tmux script created: /net/mimer/mnt/tank/projects2/emison/language_model/27th_Oct_new_matrices/04.11_new_esm/batch_scripts/ELAGIGILTV_TCRa_tmux.sh
Submitted batch job 2762
Submitted job: 
Tmux script created: /net/mimer/mnt/tank/projects2/emison/language_model/27th_Oct_new_matrices/04.11_new_esm/batch_scripts/ELAGIGILTV_TCRb_tmux.sh
Submitted batch job 2763
Submitted job: 
Tmux script created: /net/mimer/mnt/tank/projects2/emison/language_model/27th_Oct_new_matrices/04.11_new_esm/batch_scripts/GILGFVFTL_CDR1a_tmux.sh
Submitted batch job 2764
Submitted job: 
Tmux script created: /net/mimer/mnt/tank/projects2/emison/language_model/27th_Oct_new_matrices/04.11_new_esm/batch_scripts/GILGFVFTL_CDR1b_tmux.sh
Submitted batch job 2765
Submitted job: 
Tmux script created: /net/mimer/mnt/tank/projects2/emison/language_model/27th_Oct_new_matrices/04.11_new_esm/batch_scripts/GILGFVFTL_CDR2a_tmux.sh
Submitted batch job 2766
Submitted job: 
Tmux script created: /net/mimer/mnt/tank/projects2/emison/language_model/27th_Oct_new_matrices/04.11_new_esm/batch_scripts/GILGFVFTL_CDR2b_tmux.sh
Submitted batch job 2767
Submitted job: 
Tmux script created: /net/mimer/mnt/tank/projects2/emison/language_model/27th_Oct_new_matrices/04.11_new_esm/batch_scripts/GILGFVFTL_CDR3a_tmux.sh
Submitted batch job 2768
Submitted job: 
Tmux script created: /net/mimer/mnt/tank/projects2/emison/language_model/27th_Oct_new_matrices/04.11_new_esm/batch_scripts/GILGFVFTL_CDR3b_tmux.sh
Submitted batch job 2769
Submitted job: 
Tmux script created: /net/mimer/mnt/tank/projects2/emison/language_model/27th_Oct_new_matrices/04.11_new_esm/batch_scripts/GILGFVFTL_TCRa_tmux.sh
Submitted batch job 2770
Submitted job: 
Tmux script created: /net/mimer/mnt/tank/projects2/emison/language_model/27th_Oct_new_matrices/04.11_new_esm/batch_scripts/GILGFVFTL_TCRb_tmux.sh
Submitted batch job 2771
Submitted job: 
Tmux script created: /net/mimer/mnt/tank/projects2/emison/language_model/27th_Oct_new_matrices/04.11_new_esm/batch_scripts/GLCTLVAML_CDR1a_tmux.sh
Submitted batch job 2772
Submitted job: 
Tmux script created: /net/mimer/mnt/tank/projects2/emison/language_model/27th_Oct_new_matrices/04.11_new_esm/batch_scripts/GLCTLVAML_CDR1b_tmux.sh
Submitted batch job 2773
Submitted job: 
Tmux script created: /net/mimer/mnt/tank/projects2/emison/language_model/27th_Oct_new_matrices/04.11_new_esm/batch_scripts/GLCTLVAML_CDR2a_tmux.sh
Submitted batch job 2774
Submitted job: 
Tmux script created: /net/mimer/mnt/tank/projects2/emison/language_model/27th_Oct_new_matrices/04.11_new_esm/batch_scripts/GLCTLVAML_CDR2b_tmux.sh
Submitted batch job 2775
Submitted job: 
Tmux script created: /net/mimer/mnt/tank/projects2/emison/language_model/27th_Oct_new_matrices/04.11_new_esm/batch_scripts/GLCTLVAML_CDR3a_tmux.sh
Submitted batch job 2776
Submitted job: 
Tmux script created: /net/mimer/mnt/tank/projects2/emison/language_model/27th_Oct_new_matrices/04.11_new_esm/batch_scripts/GLCTLVAML_CDR3b_tmux.sh
Submitted batch job 2777
Submitted job: 
Tmux script created: /net/mimer/mnt/tank/projects2/emison/language_model/27th_Oct_new_matrices/04.11_new_esm/batch_scripts/GLCTLVAML_TCRa_tmux.sh
Submitted batch job 2778
Submitted job: 
Tmux script created: /net/mimer/mnt/tank/projects2/emison/language_model/27th_Oct_new_matrices/04.11_new_esm/batch_scripts/GLCTLVAML_TCRb_tmux.sh
Submitted batch job 2779
Submitted job: 
Tmux script created: /net/mimer/mnt/tank/projects2/emison/language_model/27th_Oct_new_matrices/04.11_new_esm/batch_scripts/LLWNGPMAV_CDR1a_tmux.sh
Submitted batch job 2780
Submitted job: 
Tmux script created: /net/mimer/mnt/tank/projects2/emison/language_model/27th_Oct_new_matrices/04.11_new_esm/batch_scripts/LLWNGPMAV_CDR1b_tmux.sh
Submitted batch job 2781
Submitted job: 
Tmux script created: /net/mimer/mnt/tank/projects2/emison/language_model/27th_Oct_new_matrices/04.11_new_esm/batch_scripts/LLWNGPMAV_CDR2a_tmux.sh
Submitted batch job 2782
Submitted job: 
Tmux script created: /net/mimer/mnt/tank/projects2/emison/language_model/27th_Oct_new_matrices/04.11_new_esm/batch_scripts/LLWNGPMAV_CDR2b_tmux.sh
Submitted batch job 2783
Submitted job: 
Tmux script created: /net/mimer/mnt/tank/projects2/emison/language_model/27th_Oct_new_matrices/04.11_new_esm/batch_scripts/LLWNGPMAV_CDR3a_tmux.sh
Submitted batch job 2784
Submitted job: 
Tmux script created: /net/mimer/mnt/tank/projects2/emison/language_model/27th_Oct_new_matrices/04.11_new_esm/batch_scripts/LLWNGPMAV_CDR3b_tmux.sh
Submitted batch job 2785
Submitted job: 
Tmux script created: /net/mimer/mnt/tank/projects2/emison/language_model/27th_Oct_new_matrices/04.11_new_esm/batch_scripts/LLWNGPMAV_TCRa_tmux.sh
Submitted batch job 2786
Submitted job: 
Tmux script created: /net/mimer/mnt/tank/projects2/emison/language_model/27th_Oct_new_matrices/04.11_new_esm/batch_scripts/LLWNGPMAV_TCRb_tmux.sh
Submitted batch job 2787
Submitted job: 
Tmux script created: /net/mimer/mnt/tank/projects2/emison/language_model/27th_Oct_new_matrices/04.11_new_esm/batch_scripts/RAKFKQLL_CDR1a_tmux.sh
Submitted batch job 2788
Submitted job: 
Tmux script created: /net/mimer/mnt/tank/projects2/emison/language_model/27th_Oct_new_matrices/04.11_new_esm/batch_scripts/RAKFKQLL_CDR1b_tmux.sh
Submitted batch job 2789
Submitted job: 
Tmux script created: /net/mimer/mnt/tank/projects2/emison/language_model/27th_Oct_new_matrices/04.11_new_esm/batch_scripts/RAKFKQLL_CDR2a_tmux.sh
Submitted batch job 2790
Submitted job: 
Tmux script created: /net/mimer/mnt/tank/projects2/emison/language_model/27th_Oct_new_matrices/04.11_new_esm/batch_scripts/RAKFKQLL_CDR2b_tmux.sh
Submitted batch job 2791
Submitted job: 
Tmux script created: /net/mimer/mnt/tank/projects2/emison/language_model/27th_Oct_new_matrices/04.11_new_esm/batch_scripts/RAKFKQLL_CDR3a_tmux.sh
Submitted batch job 2792
Submitted job: 
Tmux script created: /net/mimer/mnt/tank/projects2/emison/language_model/27th_Oct_new_matrices/04.11_new_esm/batch_scripts/RAKFKQLL_CDR3b_tmux.sh
Submitted batch job 2793
Submitted job: 
Tmux script created: /net/mimer/mnt/tank/projects2/emison/language_model/27th_Oct_new_matrices/04.11_new_esm/batch_scripts/RAKFKQLL_TCRa_tmux.sh
Submitted batch job 2794
Submitted job: 
Tmux script created: /net/mimer/mnt/tank/projects2/emison/language_model/27th_Oct_new_matrices/04.11_new_esm/batch_scripts/RAKFKQLL_TCRb_tmux.sh
Submitted batch job 2795
Submitted job: 
Tmux script created: /net/mimer/mnt/tank/projects2/emison/language_model/27th_Oct_new_matrices/04.11_new_esm/batch_scripts/YLQPRTFLL_CDR1a_tmux.sh
Submitted batch job 2796
Submitted job: 
Tmux script created: /net/mimer/mnt/tank/projects2/emison/language_model/27th_Oct_new_matrices/04.11_new_esm/batch_scripts/YLQPRTFLL_CDR1b_tmux.sh
Submitted batch job 2797
Submitted job: 
Tmux script created: /net/mimer/mnt/tank/projects2/emison/language_model/27th_Oct_new_matrices/04.11_new_esm/batch_scripts/YLQPRTFLL_CDR2a_tmux.sh
Submitted batch job 2798
Submitted job: 
Tmux script created: /net/mimer/mnt/tank/projects2/emison/language_model/27th_Oct_new_matrices/04.11_new_esm/batch_scripts/YLQPRTFLL_CDR2b_tmux.sh
Submitted batch job 2799
Submitted job: 
Tmux script created: /net/mimer/mnt/tank/projects2/emison/language_model/27th_Oct_new_matrices/04.11_new_esm/batch_scripts/YLQPRTFLL_CDR3a_tmux.sh
Submitted batch job 2800
Submitted job: 
Tmux script created: /net/mimer/mnt/tank/projects2/emison/language_model/27th_Oct_new_matrices/04.11_new_esm/batch_scripts/YLQPRTFLL_CDR3b_tmux.sh
Submitted batch job 2801
Submitted job: 
Tmux script created: /net/mimer/mnt/tank/projects2/emison/language_model/27th_Oct_new_matrices/04.11_new_esm/batch_scripts/YLQPRTFLL_TCRa_tmux.sh
Submitted batch job 2802
Submitted job: 
Tmux script created: /net/mimer/mnt/tank/projects2/emison/language_model/27th_Oct_new_matrices/04.11_new_esm/batch_scripts/YLQPRTFLL_TCRb_tmux.sh
Submitted batch job 2803
Submitted job: 
All tmux scripts created in the batch_scripts directory.
