Tmux script created: /net/mimer/mnt/tank/projects2/emison/language_model/27th_Oct_new_matrices/04.11_new_esm/batch_scripts/ELAGIGILTV_CDR1a_tmux.sh
Submitted batch job 2707
Submitted job: 
Tmux script created: /net/mimer/mnt/tank/projects2/emison/language_model/27th_Oct_new_matrices/04.11_new_esm/batch_scripts/ELAGIGILTV_CDR1b_tmux.sh
Submitted batch job 2708
Submitted job: 
Tmux script created: /net/mimer/mnt/tank/projects2/emison/language_model/27th_Oct_new_matrices/04.11_new_esm/batch_scripts/ELAGIGILTV_CDR2a_tmux.sh
Submitted batch job 2709
Submitted job: 
Tmux script created: /net/mimer/mnt/tank/projects2/emison/language_model/27th_Oct_new_matrices/04.11_new_esm/batch_scripts/ELAGIGILTV_CDR2b_tmux.sh
Submitted batch job 2710
Submitted job: 
Tmux script created: /net/mimer/mnt/tank/projects2/emison/language_model/27th_Oct_new_matrices/04.11_new_esm/batch_scripts/ELAGIGILTV_CDR3a_tmux.sh
Submitted batch job 2711
Submitted job: 
Tmux script created: /net/mimer/mnt/tank/projects2/emison/language_model/27th_Oct_new_matrices/04.11_new_esm/batch_scripts/ELAGIGILTV_CDR3b_tmux.sh
Submitted batch job 2712
Submitted job: 
Tmux script created: /net/mimer/mnt/tank/projects2/emison/language_model/27th_Oct_new_matrices/04.11_new_esm/batch_scripts/ELAGIGILTV_TCRa_tmux.sh
Submitted batch job 2713
Submitted job: 
Tmux script created: /net/mimer/mnt/tank/projects2/emison/language_model/27th_Oct_new_matrices/04.11_new_esm/batch_scripts/ELAGIGILTV_TCRb_tmux.sh
Submitted batch job 2714
Submitted job: 
Tmux script created: /net/mimer/mnt/tank/projects2/emison/language_model/27th_Oct_new_matrices/04.11_new_esm/batch_scripts/GILGFVFTL_CDR1a_tmux.sh
Submitted batch job 2715
Submitted job: 
Tmux script created: /net/mimer/mnt/tank/projects2/emison/language_model/27th_Oct_new_matrices/04.11_new_esm/batch_scripts/GILGFVFTL_CDR1b_tmux.sh
Submitted batch job 2716
Submitted job: 
Tmux script created: /net/mimer/mnt/tank/projects2/emison/language_model/27th_Oct_new_matrices/04.11_new_esm/batch_scripts/GILGFVFTL_CDR2a_tmux.sh
Submitted batch job 2717
Submitted job: 
Tmux script created: /net/mimer/mnt/tank/projects2/emison/language_model/27th_Oct_new_matrices/04.11_new_esm/batch_scripts/GILGFVFTL_CDR2b_tmux.sh
Submitted batch job 2718
Submitted job: 
Tmux script created: /net/mimer/mnt/tank/projects2/emison/language_model/27th_Oct_new_matrices/04.11_new_esm/batch_scripts/GILGFVFTL_CDR3a_tmux.sh
Submitted batch job 2719
Submitted job: 
Tmux script created: /net/mimer/mnt/tank/projects2/emison/language_model/27th_Oct_new_matrices/04.11_new_esm/batch_scripts/GILGFVFTL_CDR3b_tmux.sh
Submitted batch job 2720
Submitted job: 
Tmux script created: /net/mimer/mnt/tank/projects2/emison/language_model/27th_Oct_new_matrices/04.11_new_esm/batch_scripts/GILGFVFTL_TCRa_tmux.sh
Submitted batch job 2721
Submitted job: 
Tmux script created: /net/mimer/mnt/tank/projects2/emison/language_model/27th_Oct_new_matrices/04.11_new_esm/batch_scripts/GILGFVFTL_TCRb_tmux.sh
Submitted batch job 2722
Submitted job: 
Tmux script created: /net/mimer/mnt/tank/projects2/emison/language_model/27th_Oct_new_matrices/04.11_new_esm/batch_scripts/GLCTLVAML_CDR1a_tmux.sh
Submitted batch job 2723
Submitted job: 
Tmux script created: /net/mimer/mnt/tank/projects2/emison/language_model/27th_Oct_new_matrices/04.11_new_esm/batch_scripts/GLCTLVAML_CDR1b_tmux.sh
Submitted batch job 2724
Submitted job: 
Tmux script created: /net/mimer/mnt/tank/projects2/emison/language_model/27th_Oct_new_matrices/04.11_new_esm/batch_scripts/GLCTLVAML_CDR2a_tmux.sh
Submitted batch job 2725
Submitted job: 
Tmux script created: /net/mimer/mnt/tank/projects2/emison/language_model/27th_Oct_new_matrices/04.11_new_esm/batch_scripts/GLCTLVAML_CDR2b_tmux.sh
Submitted batch job 2726
Submitted job: 
Tmux script created: /net/mimer/mnt/tank/projects2/emison/language_model/27th_Oct_new_matrices/04.11_new_esm/batch_scripts/GLCTLVAML_CDR3a_tmux.sh
Submitted batch job 2727
Submitted job: 
Tmux script created: /net/mimer/mnt/tank/projects2/emison/language_model/27th_Oct_new_matrices/04.11_new_esm/batch_scripts/GLCTLVAML_CDR3b_tmux.sh
Submitted batch job 2728
Submitted job: 
Tmux script created: /net/mimer/mnt/tank/projects2/emison/language_model/27th_Oct_new_matrices/04.11_new_esm/batch_scripts/GLCTLVAML_TCRa_tmux.sh
Submitted batch job 2729
Submitted job: 
Tmux script created: /net/mimer/mnt/tank/projects2/emison/language_model/27th_Oct_new_matrices/04.11_new_esm/batch_scripts/GLCTLVAML_TCRb_tmux.sh
Submitted batch job 2730
Submitted job: 
Tmux script created: /net/mimer/mnt/tank/projects2/emison/language_model/27th_Oct_new_matrices/04.11_new_esm/batch_scripts/LLWNGPMAV_CDR1a_tmux.sh
Submitted batch job 2731
Submitted job: 
Tmux script created: /net/mimer/mnt/tank/projects2/emison/language_model/27th_Oct_new_matrices/04.11_new_esm/batch_scripts/LLWNGPMAV_CDR1b_tmux.sh
Submitted batch job 2732
Submitted job: 
Tmux script created: /net/mimer/mnt/tank/projects2/emison/language_model/27th_Oct_new_matrices/04.11_new_esm/batch_scripts/LLWNGPMAV_CDR2a_tmux.sh
Submitted batch job 2733
Submitted job: 
Tmux script created: /net/mimer/mnt/tank/projects2/emison/language_model/27th_Oct_new_matrices/04.11_new_esm/batch_scripts/LLWNGPMAV_CDR2b_tmux.sh
Submitted batch job 2734
Submitted job: 
Tmux script created: /net/mimer/mnt/tank/projects2/emison/language_model/27th_Oct_new_matrices/04.11_new_esm/batch_scripts/LLWNGPMAV_CDR3a_tmux.sh
Submitted batch job 2735
Submitted job: 
Tmux script created: /net/mimer/mnt/tank/projects2/emison/language_model/27th_Oct_new_matrices/04.11_new_esm/batch_scripts/LLWNGPMAV_CDR3b_tmux.sh
Submitted batch job 2736
Submitted job: 
Tmux script created: /net/mimer/mnt/tank/projects2/emison/language_model/27th_Oct_new_matrices/04.11_new_esm/batch_scripts/LLWNGPMAV_TCRa_tmux.sh
Submitted batch job 2737
Submitted job: 
Tmux script created: /net/mimer/mnt/tank/projects2/emison/language_model/27th_Oct_new_matrices/04.11_new_esm/batch_scripts/LLWNGPMAV_TCRb_tmux.sh
Submitted batch job 2738
Submitted job: 
Tmux script created: /net/mimer/mnt/tank/projects2/emison/language_model/27th_Oct_new_matrices/04.11_new_esm/batch_scripts/RAKFKQLL_CDR1a_tmux.sh
Submitted batch job 2739
Submitted job: 
Tmux script created: /net/mimer/mnt/tank/projects2/emison/language_model/27th_Oct_new_matrices/04.11_new_esm/batch_scripts/RAKFKQLL_CDR1b_tmux.sh
Submitted batch job 2740
Submitted job: 
Tmux script created: /net/mimer/mnt/tank/projects2/emison/language_model/27th_Oct_new_matrices/04.11_new_esm/batch_scripts/RAKFKQLL_CDR2a_tmux.sh
Submitted batch job 2741
Submitted job: 
Tmux script created: /net/mimer/mnt/tank/projects2/emison/language_model/27th_Oct_new_matrices/04.11_new_esm/batch_scripts/RAKFKQLL_CDR2b_tmux.sh
Submitted batch job 2742
Submitted job: 
Tmux script created: /net/mimer/mnt/tank/projects2/emison/language_model/27th_Oct_new_matrices/04.11_new_esm/batch_scripts/RAKFKQLL_CDR3a_tmux.sh
Submitted batch job 2743
Submitted job: 
Tmux script created: /net/mimer/mnt/tank/projects2/emison/language_model/27th_Oct_new_matrices/04.11_new_esm/batch_scripts/RAKFKQLL_CDR3b_tmux.sh
Submitted batch job 2744
Submitted job: 
Tmux script created: /net/mimer/mnt/tank/projects2/emison/language_model/27th_Oct_new_matrices/04.11_new_esm/batch_scripts/RAKFKQLL_TCRa_tmux.sh
Submitted batch job 2745
Submitted job: 
Tmux script created: /net/mimer/mnt/tank/projects2/emison/language_model/27th_Oct_new_matrices/04.11_new_esm/batch_scripts/RAKFKQLL_TCRb_tmux.sh
Submitted batch job 2746
Submitted job: 
Tmux script created: /net/mimer/mnt/tank/projects2/emison/language_model/27th_Oct_new_matrices/04.11_new_esm/batch_scripts/YLQPRTFLL_CDR1a_tmux.sh
Submitted batch job 2747
Submitted job: 
Tmux script created: /net/mimer/mnt/tank/projects2/emison/language_model/27th_Oct_new_matrices/04.11_new_esm/batch_scripts/YLQPRTFLL_CDR1b_tmux.sh
Submitted batch job 2748
Submitted job: 
Tmux script created: /net/mimer/mnt/tank/projects2/emison/language_model/27th_Oct_new_matrices/04.11_new_esm/batch_scripts/YLQPRTFLL_CDR2a_tmux.sh
Submitted batch job 2749
Submitted job: 
Tmux script created: /net/mimer/mnt/tank/projects2/emison/language_model/27th_Oct_new_matrices/04.11_new_esm/batch_scripts/YLQPRTFLL_CDR2b_tmux.sh
Submitted batch job 2750
Submitted job: 
Tmux script created: /net/mimer/mnt/tank/projects2/emison/language_model/27th_Oct_new_matrices/04.11_new_esm/batch_scripts/YLQPRTFLL_CDR3a_tmux.sh
Submitted batch job 2751
Submitted job: 
Tmux script created: /net/mimer/mnt/tank/projects2/emison/language_model/27th_Oct_new_matrices/04.11_new_esm/batch_scripts/YLQPRTFLL_CDR3b_tmux.sh
Submitted batch job 2752
Submitted job: 
Tmux script created: /net/mimer/mnt/tank/projects2/emison/language_model/27th_Oct_new_matrices/04.11_new_esm/batch_scripts/YLQPRTFLL_TCRa_tmux.sh
Submitted batch job 2753
Submitted job: 
Tmux script created: /net/mimer/mnt/tank/projects2/emison/language_model/27th_Oct_new_matrices/04.11_new_esm/batch_scripts/YLQPRTFLL_TCRb_tmux.sh
Submitted batch job 2754
Submitted job: 
All tmux scripts created in the batch_scripts directory.
