Dataset has been processed and saved to /net/mimer/mnt/tank/projects2/emison/language_model/27th_Oct_new_matrices/04.11_new_esm/12.11/cdr1a/sequence_summed_vectors_binders_ELAGIGILTV_CDR1a_np.csv
Dataset has been processed and saved to /net/mimer/mnt/tank/projects2/emison/language_model/27th_Oct_new_matrices/04.11_new_esm/12.11/cdr1a/sequence_summed_vectors_swaps_ELAGIGILTV_CDR1a_np.csv
Dataset has been processed and saved to /net/mimer/mnt/tank/projects2/emison/language_model/27th_Oct_new_matrices/04.11_new_esm/12.11/cdr1b/sequence_summed_vectors_binders_ELAGIGILTV_CDR1b_np.csv
Dataset has been processed and saved to /net/mimer/mnt/tank/projects2/emison/language_model/27th_Oct_new_matrices/04.11_new_esm/12.11/cdr1b/sequence_summed_vectors_swaps_ELAGIGILTV_CDR1b_np.csv
Dataset has been processed and saved to /net/mimer/mnt/tank/projects2/emison/language_model/27th_Oct_new_matrices/04.11_new_esm/12.11/cdr2a/sequence_summed_vectors_binders_ELAGIGILTV_CDR2a_np.csv
Dataset has been processed and saved to /net/mimer/mnt/tank/projects2/emison/language_model/27th_Oct_new_matrices/04.11_new_esm/12.11/cdr2a/sequence_summed_vectors_swaps_ELAGIGILTV_CDR2a_np.csv
Dataset has been processed and saved to /net/mimer/mnt/tank/projects2/emison/language_model/27th_Oct_new_matrices/04.11_new_esm/12.11/cdr2b/sequence_summed_vectors_binders_ELAGIGILTV_CDR2b_np.csv
Dataset has been processed and saved to /net/mimer/mnt/tank/projects2/emison/language_model/27th_Oct_new_matrices/04.11_new_esm/12.11/cdr2b/sequence_summed_vectors_swaps_ELAGIGILTV_CDR2b_np.csv
Dataset has been processed and saved to /net/mimer/mnt/tank/projects2/emison/language_model/27th_Oct_new_matrices/04.11_new_esm/12.11/cdr3a/sequence_summed_vectors_binders_ELAGIGILTV_CDR3a_np.csv
Dataset has been processed and saved to /net/mimer/mnt/tank/projects2/emison/language_model/27th_Oct_new_matrices/04.11_new_esm/12.11/cdr3a/sequence_summed_vectors_swaps_ELAGIGILTV_CDR3a_np.csv
Dataset has been processed and saved to /net/mimer/mnt/tank/projects2/emison/language_model/27th_Oct_new_matrices/04.11_new_esm/12.11/cdr3b/sequence_summed_vectors_binders_ELAGIGILTV_CDR3b_np.csv
Dataset has been processed and saved to /net/mimer/mnt/tank/projects2/emison/language_model/27th_Oct_new_matrices/04.11_new_esm/12.11/cdr3b/sequence_summed_vectors_swaps_ELAGIGILTV_CDR3b_np.csv
Dataset has been processed and saved to /net/mimer/mnt/tank/projects2/emison/language_model/27th_Oct_new_matrices/04.11_new_esm/12.11/tcra/sequence_summed_vectors_binders_ELAGIGILTV_TCRa_np.csv
Dataset has been processed and saved to /net/mimer/mnt/tank/projects2/emison/language_model/27th_Oct_new_matrices/04.11_new_esm/12.11/tcra/sequence_summed_vectors_swaps_ELAGIGILTV_TCRa_np.csv
Dataset has been processed and saved to /net/mimer/mnt/tank/projects2/emison/language_model/27th_Oct_new_matrices/04.11_new_esm/12.11/tcrb/sequence_summed_vectors_binders_ELAGIGILTV_TCRb_np.csv
Dataset has been processed and saved to /net/mimer/mnt/tank/projects2/emison/language_model/27th_Oct_new_matrices/04.11_new_esm/12.11/tcrb/sequence_summed_vectors_swaps_ELAGIGILTV_TCRb_np.csv
Dataset has been processed and saved to /net/mimer/mnt/tank/projects2/emison/language_model/27th_Oct_new_matrices/04.11_new_esm/12.11/cdr1a/sequence_summed_vectors_binders_GILGFVFTL_CDR1a_np.csv
Dataset has been processed and saved to /net/mimer/mnt/tank/projects2/emison/language_model/27th_Oct_new_matrices/04.11_new_esm/12.11/cdr1a/sequence_summed_vectors_swaps_GILGFVFTL_CDR1a_np.csv
Dataset has been processed and saved to /net/mimer/mnt/tank/projects2/emison/language_model/27th_Oct_new_matrices/04.11_new_esm/12.11/cdr1b/sequence_summed_vectors_binders_GILGFVFTL_CDR1b_np.csv
Dataset has been processed and saved to /net/mimer/mnt/tank/projects2/emison/language_model/27th_Oct_new_matrices/04.11_new_esm/12.11/cdr1b/sequence_summed_vectors_swaps_GILGFVFTL_CDR1b_np.csv
Dataset has been processed and saved to /net/mimer/mnt/tank/projects2/emison/language_model/27th_Oct_new_matrices/04.11_new_esm/12.11/cdr2a/sequence_summed_vectors_binders_GILGFVFTL_CDR2a_np.csv
Dataset has been processed and saved to /net/mimer/mnt/tank/projects2/emison/language_model/27th_Oct_new_matrices/04.11_new_esm/12.11/cdr2a/sequence_summed_vectors_swaps_GILGFVFTL_CDR2a_np.csv
Dataset has been processed and saved to /net/mimer/mnt/tank/projects2/emison/language_model/27th_Oct_new_matrices/04.11_new_esm/12.11/cdr2b/sequence_summed_vectors_binders_GILGFVFTL_CDR2b_np.csv
Dataset has been processed and saved to /net/mimer/mnt/tank/projects2/emison/language_model/27th_Oct_new_matrices/04.11_new_esm/12.11/cdr2b/sequence_summed_vectors_swaps_GILGFVFTL_CDR2b_np.csv
Dataset has been processed and saved to /net/mimer/mnt/tank/projects2/emison/language_model/27th_Oct_new_matrices/04.11_new_esm/12.11/cdr3a/sequence_summed_vectors_binders_GILGFVFTL_CDR3a_np.csv
Dataset has been processed and saved to /net/mimer/mnt/tank/projects2/emison/language_model/27th_Oct_new_matrices/04.11_new_esm/12.11/cdr3a/sequence_summed_vectors_swaps_GILGFVFTL_CDR3a_np.csv
Dataset has been processed and saved to /net/mimer/mnt/tank/projects2/emison/language_model/27th_Oct_new_matrices/04.11_new_esm/12.11/cdr3b/sequence_summed_vectors_binders_GILGFVFTL_CDR3b_np.csv
Dataset has been processed and saved to /net/mimer/mnt/tank/projects2/emison/language_model/27th_Oct_new_matrices/04.11_new_esm/12.11/cdr3b/sequence_summed_vectors_swaps_GILGFVFTL_CDR3b_np.csv
Dataset has been processed and saved to /net/mimer/mnt/tank/projects2/emison/language_model/27th_Oct_new_matrices/04.11_new_esm/12.11/tcra/sequence_summed_vectors_binders_GILGFVFTL_TCRa_np.csv
Dataset has been processed and saved to /net/mimer/mnt/tank/projects2/emison/language_model/27th_Oct_new_matrices/04.11_new_esm/12.11/tcra/sequence_summed_vectors_swaps_GILGFVFTL_TCRa_np.csv
Dataset has been processed and saved to /net/mimer/mnt/tank/projects2/emison/language_model/27th_Oct_new_matrices/04.11_new_esm/12.11/tcrb/sequence_summed_vectors_binders_GILGFVFTL_TCRb_np.csv
Dataset has been processed and saved to /net/mimer/mnt/tank/projects2/emison/language_model/27th_Oct_new_matrices/04.11_new_esm/12.11/tcrb/sequence_summed_vectors_swaps_GILGFVFTL_TCRb_np.csv
Dataset has been processed and saved to /net/mimer/mnt/tank/projects2/emison/language_model/27th_Oct_new_matrices/04.11_new_esm/12.11/cdr1a/sequence_summed_vectors_binders_GLCTLVAML_CDR1a_np.csv
Dataset has been processed and saved to /net/mimer/mnt/tank/projects2/emison/language_model/27th_Oct_new_matrices/04.11_new_esm/12.11/cdr1a/sequence_summed_vectors_swaps_GLCTLVAML_CDR1a_np.csv
Dataset has been processed and saved to /net/mimer/mnt/tank/projects2/emison/language_model/27th_Oct_new_matrices/04.11_new_esm/12.11/cdr1b/sequence_summed_vectors_binders_GLCTLVAML_CDR1b_np.csv
Dataset has been processed and saved to /net/mimer/mnt/tank/projects2/emison/language_model/27th_Oct_new_matrices/04.11_new_esm/12.11/cdr1b/sequence_summed_vectors_swaps_GLCTLVAML_CDR1b_np.csv
Dataset has been processed and saved to /net/mimer/mnt/tank/projects2/emison/language_model/27th_Oct_new_matrices/04.11_new_esm/12.11/cdr2a/sequence_summed_vectors_binders_GLCTLVAML_CDR2a_np.csv
Dataset has been processed and saved to /net/mimer/mnt/tank/projects2/emison/language_model/27th_Oct_new_matrices/04.11_new_esm/12.11/cdr2a/sequence_summed_vectors_swaps_GLCTLVAML_CDR2a_np.csv
Dataset has been processed and saved to /net/mimer/mnt/tank/projects2/emison/language_model/27th_Oct_new_matrices/04.11_new_esm/12.11/cdr2b/sequence_summed_vectors_binders_GLCTLVAML_CDR2b_np.csv
Dataset has been processed and saved to /net/mimer/mnt/tank/projects2/emison/language_model/27th_Oct_new_matrices/04.11_new_esm/12.11/cdr2b/sequence_summed_vectors_swaps_GLCTLVAML_CDR2b_np.csv
Dataset has been processed and saved to /net/mimer/mnt/tank/projects2/emison/language_model/27th_Oct_new_matrices/04.11_new_esm/12.11/cdr3a/sequence_summed_vectors_binders_GLCTLVAML_CDR3a_np.csv
Dataset has been processed and saved to /net/mimer/mnt/tank/projects2/emison/language_model/27th_Oct_new_matrices/04.11_new_esm/12.11/cdr3a/sequence_summed_vectors_swaps_GLCTLVAML_CDR3a_np.csv
Dataset has been processed and saved to /net/mimer/mnt/tank/projects2/emison/language_model/27th_Oct_new_matrices/04.11_new_esm/12.11/cdr3b/sequence_summed_vectors_binders_GLCTLVAML_CDR3b_np.csv
Dataset has been processed and saved to /net/mimer/mnt/tank/projects2/emison/language_model/27th_Oct_new_matrices/04.11_new_esm/12.11/cdr3b/sequence_summed_vectors_swaps_GLCTLVAML_CDR3b_np.csv
Dataset has been processed and saved to /net/mimer/mnt/tank/projects2/emison/language_model/27th_Oct_new_matrices/04.11_new_esm/12.11/tcra/sequence_summed_vectors_binders_GLCTLVAML_TCRa_np.csv
Dataset has been processed and saved to /net/mimer/mnt/tank/projects2/emison/language_model/27th_Oct_new_matrices/04.11_new_esm/12.11/tcra/sequence_summed_vectors_swaps_GLCTLVAML_TCRa_np.csv
Dataset has been processed and saved to /net/mimer/mnt/tank/projects2/emison/language_model/27th_Oct_new_matrices/04.11_new_esm/12.11/tcrb/sequence_summed_vectors_binders_GLCTLVAML_TCRb_np.csv
Dataset has been processed and saved to /net/mimer/mnt/tank/projects2/emison/language_model/27th_Oct_new_matrices/04.11_new_esm/12.11/tcrb/sequence_summed_vectors_swaps_GLCTLVAML_TCRb_np.csv
Dataset has been processed and saved to /net/mimer/mnt/tank/projects2/emison/language_model/27th_Oct_new_matrices/04.11_new_esm/12.11/cdr1a/sequence_summed_vectors_binders_LLWNGPMAV_CDR1a_np.csv
Dataset has been processed and saved to /net/mimer/mnt/tank/projects2/emison/language_model/27th_Oct_new_matrices/04.11_new_esm/12.11/cdr1a/sequence_summed_vectors_swaps_LLWNGPMAV_CDR1a_np.csv
Dataset has been processed and saved to /net/mimer/mnt/tank/projects2/emison/language_model/27th_Oct_new_matrices/04.11_new_esm/12.11/cdr1b/sequence_summed_vectors_binders_LLWNGPMAV_CDR1b_np.csv
Dataset has been processed and saved to /net/mimer/mnt/tank/projects2/emison/language_model/27th_Oct_new_matrices/04.11_new_esm/12.11/cdr1b/sequence_summed_vectors_swaps_LLWNGPMAV_CDR1b_np.csv
Dataset has been processed and saved to /net/mimer/mnt/tank/projects2/emison/language_model/27th_Oct_new_matrices/04.11_new_esm/12.11/cdr2a/sequence_summed_vectors_binders_LLWNGPMAV_CDR2a_np.csv
Dataset has been processed and saved to /net/mimer/mnt/tank/projects2/emison/language_model/27th_Oct_new_matrices/04.11_new_esm/12.11/cdr2a/sequence_summed_vectors_swaps_LLWNGPMAV_CDR2a_np.csv
Dataset has been processed and saved to /net/mimer/mnt/tank/projects2/emison/language_model/27th_Oct_new_matrices/04.11_new_esm/12.11/cdr2b/sequence_summed_vectors_binders_LLWNGPMAV_CDR2b_np.csv
Dataset has been processed and saved to /net/mimer/mnt/tank/projects2/emison/language_model/27th_Oct_new_matrices/04.11_new_esm/12.11/cdr2b/sequence_summed_vectors_swaps_LLWNGPMAV_CDR2b_np.csv
Dataset has been processed and saved to /net/mimer/mnt/tank/projects2/emison/language_model/27th_Oct_new_matrices/04.11_new_esm/12.11/cdr3a/sequence_summed_vectors_binders_LLWNGPMAV_CDR3a_np.csv
Dataset has been processed and saved to /net/mimer/mnt/tank/projects2/emison/language_model/27th_Oct_new_matrices/04.11_new_esm/12.11/cdr3a/sequence_summed_vectors_swaps_LLWNGPMAV_CDR3a_np.csv
Dataset has been processed and saved to /net/mimer/mnt/tank/projects2/emison/language_model/27th_Oct_new_matrices/04.11_new_esm/12.11/cdr3b/sequence_summed_vectors_binders_LLWNGPMAV_CDR3b_np.csv
Dataset has been processed and saved to /net/mimer/mnt/tank/projects2/emison/language_model/27th_Oct_new_matrices/04.11_new_esm/12.11/cdr3b/sequence_summed_vectors_swaps_LLWNGPMAV_CDR3b_np.csv
Dataset has been processed and saved to /net/mimer/mnt/tank/projects2/emison/language_model/27th_Oct_new_matrices/04.11_new_esm/12.11/tcra/sequence_summed_vectors_binders_LLWNGPMAV_TCRa_np.csv
Dataset has been processed and saved to /net/mimer/mnt/tank/projects2/emison/language_model/27th_Oct_new_matrices/04.11_new_esm/12.11/tcra/sequence_summed_vectors_swaps_LLWNGPMAV_TCRa_np.csv
Dataset has been processed and saved to /net/mimer/mnt/tank/projects2/emison/language_model/27th_Oct_new_matrices/04.11_new_esm/12.11/tcrb/sequence_summed_vectors_binders_LLWNGPMAV_TCRb_np.csv
Dataset has been processed and saved to /net/mimer/mnt/tank/projects2/emison/language_model/27th_Oct_new_matrices/04.11_new_esm/12.11/tcrb/sequence_summed_vectors_swaps_LLWNGPMAV_TCRb_np.csv
Dataset has been processed and saved to /net/mimer/mnt/tank/projects2/emison/language_model/27th_Oct_new_matrices/04.11_new_esm/12.11/cdr1a/sequence_summed_vectors_binders_RAKFKQLL_CDR1a_np.csv
Dataset has been processed and saved to /net/mimer/mnt/tank/projects2/emison/language_model/27th_Oct_new_matrices/04.11_new_esm/12.11/cdr1a/sequence_summed_vectors_swaps_RAKFKQLL_CDR1a_np.csv
Dataset has been processed and saved to /net/mimer/mnt/tank/projects2/emison/language_model/27th_Oct_new_matrices/04.11_new_esm/12.11/cdr1b/sequence_summed_vectors_binders_RAKFKQLL_CDR1b_np.csv
Dataset has been processed and saved to /net/mimer/mnt/tank/projects2/emison/language_model/27th_Oct_new_matrices/04.11_new_esm/12.11/cdr1b/sequence_summed_vectors_swaps_RAKFKQLL_CDR1b_np.csv
Dataset has been processed and saved to /net/mimer/mnt/tank/projects2/emison/language_model/27th_Oct_new_matrices/04.11_new_esm/12.11/cdr2a/sequence_summed_vectors_binders_RAKFKQLL_CDR2a_np.csv
Dataset has been processed and saved to /net/mimer/mnt/tank/projects2/emison/language_model/27th_Oct_new_matrices/04.11_new_esm/12.11/cdr2a/sequence_summed_vectors_swaps_RAKFKQLL_CDR2a_np.csv
Dataset has been processed and saved to /net/mimer/mnt/tank/projects2/emison/language_model/27th_Oct_new_matrices/04.11_new_esm/12.11/cdr2b/sequence_summed_vectors_binders_RAKFKQLL_CDR2b_np.csv
Dataset has been processed and saved to /net/mimer/mnt/tank/projects2/emison/language_model/27th_Oct_new_matrices/04.11_new_esm/12.11/cdr2b/sequence_summed_vectors_swaps_RAKFKQLL_CDR2b_np.csv
Dataset has been processed and saved to /net/mimer/mnt/tank/projects2/emison/language_model/27th_Oct_new_matrices/04.11_new_esm/12.11/cdr3a/sequence_summed_vectors_binders_RAKFKQLL_CDR3a_np.csv
Dataset has been processed and saved to /net/mimer/mnt/tank/projects2/emison/language_model/27th_Oct_new_matrices/04.11_new_esm/12.11/cdr3a/sequence_summed_vectors_swaps_RAKFKQLL_CDR3a_np.csv
Dataset has been processed and saved to /net/mimer/mnt/tank/projects2/emison/language_model/27th_Oct_new_matrices/04.11_new_esm/12.11/cdr3b/sequence_summed_vectors_binders_RAKFKQLL_CDR3b_np.csv
Dataset has been processed and saved to /net/mimer/mnt/tank/projects2/emison/language_model/27th_Oct_new_matrices/04.11_new_esm/12.11/cdr3b/sequence_summed_vectors_swaps_RAKFKQLL_CDR3b_np.csv
Dataset has been processed and saved to /net/mimer/mnt/tank/projects2/emison/language_model/27th_Oct_new_matrices/04.11_new_esm/12.11/tcra/sequence_summed_vectors_binders_RAKFKQLL_TCRa_np.csv
Dataset has been processed and saved to /net/mimer/mnt/tank/projects2/emison/language_model/27th_Oct_new_matrices/04.11_new_esm/12.11/tcra/sequence_summed_vectors_swaps_RAKFKQLL_TCRa_np.csv
Dataset has been processed and saved to /net/mimer/mnt/tank/projects2/emison/language_model/27th_Oct_new_matrices/04.11_new_esm/12.11/tcrb/sequence_summed_vectors_binders_RAKFKQLL_TCRb_np.csv
An error occurred while processing /net/mimer/mnt/tank/projects2/emison/language_model/27th_Oct_new_matrices/04.11_new_esm/12.11/sequence_summed_vectors_swaps_RAKFKQLL_TCRb.csv: [Errno 2] No such file or directory: '/net/mimer/mnt/tank/projects2/emison/language_model/27th_Oct_new_matrices/04.11_new_esm/12.11/sequence_summed_vectors_swaps_RAKFKQLL_TCRb.csv'
Dataset has been processed and saved to /net/mimer/mnt/tank/projects2/emison/language_model/27th_Oct_new_matrices/04.11_new_esm/12.11/cdr1a/sequence_summed_vectors_binders_YLQPRTFLL_CDR1a_np.csv
Dataset has been processed and saved to /net/mimer/mnt/tank/projects2/emison/language_model/27th_Oct_new_matrices/04.11_new_esm/12.11/cdr1a/sequence_summed_vectors_swaps_YLQPRTFLL_CDR1a_np.csv
Dataset has been processed and saved to /net/mimer/mnt/tank/projects2/emison/language_model/27th_Oct_new_matrices/04.11_new_esm/12.11/cdr1b/sequence_summed_vectors_binders_YLQPRTFLL_CDR1b_np.csv
Dataset has been processed and saved to /net/mimer/mnt/tank/projects2/emison/language_model/27th_Oct_new_matrices/04.11_new_esm/12.11/cdr1b/sequence_summed_vectors_swaps_YLQPRTFLL_CDR1b_np.csv
Dataset has been processed and saved to /net/mimer/mnt/tank/projects2/emison/language_model/27th_Oct_new_matrices/04.11_new_esm/12.11/cdr2a/sequence_summed_vectors_binders_YLQPRTFLL_CDR2a_np.csv
Dataset has been processed and saved to /net/mimer/mnt/tank/projects2/emison/language_model/27th_Oct_new_matrices/04.11_new_esm/12.11/cdr2a/sequence_summed_vectors_swaps_YLQPRTFLL_CDR2a_np.csv
Dataset has been processed and saved to /net/mimer/mnt/tank/projects2/emison/language_model/27th_Oct_new_matrices/04.11_new_esm/12.11/cdr2b/sequence_summed_vectors_binders_YLQPRTFLL_CDR2b_np.csv
Dataset has been processed and saved to /net/mimer/mnt/tank/projects2/emison/language_model/27th_Oct_new_matrices/04.11_new_esm/12.11/cdr2b/sequence_summed_vectors_swaps_YLQPRTFLL_CDR2b_np.csv
Dataset has been processed and saved to /net/mimer/mnt/tank/projects2/emison/language_model/27th_Oct_new_matrices/04.11_new_esm/12.11/cdr3a/sequence_summed_vectors_binders_YLQPRTFLL_CDR3a_np.csv
Dataset has been processed and saved to /net/mimer/mnt/tank/projects2/emison/language_model/27th_Oct_new_matrices/04.11_new_esm/12.11/cdr3a/sequence_summed_vectors_swaps_YLQPRTFLL_CDR3a_np.csv
Dataset has been processed and saved to /net/mimer/mnt/tank/projects2/emison/language_model/27th_Oct_new_matrices/04.11_new_esm/12.11/cdr3b/sequence_summed_vectors_binders_YLQPRTFLL_CDR3b_np.csv
Dataset has been processed and saved to /net/mimer/mnt/tank/projects2/emison/language_model/27th_Oct_new_matrices/04.11_new_esm/12.11/cdr3b/sequence_summed_vectors_swaps_YLQPRTFLL_CDR3b_np.csv
Dataset has been processed and saved to /net/mimer/mnt/tank/projects2/emison/language_model/27th_Oct_new_matrices/04.11_new_esm/12.11/tcra/sequence_summed_vectors_binders_YLQPRTFLL_TCRa_np.csv
Dataset has been processed and saved to /net/mimer/mnt/tank/projects2/emison/language_model/27th_Oct_new_matrices/04.11_new_esm/12.11/tcra/sequence_summed_vectors_swaps_YLQPRTFLL_TCRa_np.csv
Dataset has been processed and saved to /net/mimer/mnt/tank/projects2/emison/language_model/27th_Oct_new_matrices/04.11_new_esm/12.11/tcrb/sequence_summed_vectors_binders_YLQPRTFLL_TCRb_np.csv
Dataset has been processed and saved to /net/mimer/mnt/tank/projects2/emison/language_model/27th_Oct_new_matrices/04.11_new_esm/12.11/tcrb/sequence_summed_vectors_swaps_YLQPRTFLL_TCRb_np.csv
